====================================================================================================
Experiment: single_resnet50_bs256_gpu1_nw2_chunks0
Parameters: {
  "mode": "single",
  "model": "resnet50",
  "batch_size": 256,
  "epochs": 100,
  "dataset": "cifar100",
  "gpu_ids": [
    1
  ],
  "num_workers": 2,
  "prefetch_factor": 1,
  "chunks": 0,
  "num_gpus": 1
}
Command: python -u main.py --mode single --model resnet50 --batch-size 256 --epochs 100 --dataset cifar100 --gpu-ids 1 --num-workers 2 --prefetch-factor 1 --chunks 0 --final-checkpoint-path ./experiments/group_4_batch_size_impact_across_training_modes_and_hardware/checkpoints/single_resnet50_bs256_gpu1_nw2_chunks0.pth
Start Time: 2025-12-10T11:31:09.826956
====================================================================================================

================================================================================
训练配置:
================================================================================
  mode                     : single
  gpu_ids                  : [1]
  num_gpus                 : 1
  num_workers              : 2
  prefetch_factor          : 1
  pin_memory               : True
  persistent_workers       : True
  batch_size               : 256
  epochs                   : 100
  lr                       : 0.1
  momentum                 : 0.9
  weight_decay             : 0.0005
  lr_schedule              : step
  lr_step_size             : 50
  lr_gamma                 : 0.1
  dataset                  : cifar100
  data_root                : ./data
  num_classes              : 100
  model                    : resnet50
  save_dir                 : ./checkpoints
  log_interval             : 100
  save_interval            : 10
  final_checkpoint_path    : ./experiments/group_4_batch_size_impact_across_training_modes_and_hardware/checkpoints/single_resnet50_bs256_gpu1_nw2_chunks0.pth
  seed                     : 42
  resume                   : None
  evaluate                 : False
  dist_backend             : nccl
  dist_url                 : env://
  effective_batch_size     : 256
  chunks                   : 0
================================================================================

可用GPU数量: 7
  GPU 1: NVIDIA GeForce RTX 4090

使用训练模式: SINGLE

初始化单GPU训练器...
使用设备: cuda:1

开始训练 100 个epochs...
Batch size: 256
学习率: 0.1

============================================================
Epoch 1/100
============================================================
Epoch: 0 [0/196] Loss: 4.8295 | Acc: 0.00% | Time: 0.5629s | GPU Mem: 0.29GB/6.93GB
Epoch: 0 [100/196] Loss: 4.5773 | Acc: 1.28% | Time: 0.0224s | GPU Mem: 0.29GB/6.93GB

训练 - Loss: 4.8713, Acc: 1.74%
测试 - Loss: 4.4718, Acc: 2.82%
学习率: 0.100000, 时间: 21.20s
GPU内存使用:
  GPU 1 - 已分配: 0.29GB, 已保留: 6.93GB
最佳准确率更新: 0.00% -> 2.82%
保存最佳模型到: ./checkpoints/best_model.pth

============================================================
Epoch 2/100
============================================================
Epoch: 1 [0/196] Loss: 4.4641 | Acc: 4.30% | Time: 0.0357s | GPU Mem: 0.29GB/6.93GB
Epoch: 1 [100/196] Loss: 4.3083 | Acc: 3.32% | Time: 0.0204s | GPU Mem: 0.29GB/6.93GB

训练 - Loss: 4.3075, Acc: 3.91%
测试 - Loss: 4.0757, Acc: 5.93%
学习率: 0.100000, 时间: 20.55s
GPU内存使用:
  GPU 1 - 已分配: 0.29GB, 已保留: 6.93GB
最佳准确率更新: 2.82% -> 5.93%
保存最佳模型到: ./checkpoints/best_model.pth

============================================================
Epoch 3/100
============================================================
Epoch: 2 [0/196] Loss: 4.0663 | Acc: 7.03% | Time: 0.0337s | GPU Mem: 0.29GB/6.93GB
Epoch: 2 [100/196] Loss: 3.9378 | Acc: 6.55% | Time: 0.0210s | GPU Mem: 0.29GB/6.93GB

训练 - Loss: 3.9595, Acc: 7.23%
测试 - Loss: 3.8215, Acc: 9.63%
学习率: 0.100000, 时间: 20.59s
GPU内存使用:
  GPU 1 - 已分配: 0.29GB, 已保留: 6.93GB
最佳准确率更新: 5.93% -> 9.63%
保存最佳模型到: ./checkpoints/best_model.pth

============================================================
Epoch 4/100
============================================================
Epoch: 3 [0/196] Loss: 3.6938 | Acc: 8.20% | Time: 0.0307s | GPU Mem: 0.29GB/6.93GB
Epoch: 3 [100/196] Loss: 3.8351 | Acc: 9.41% | Time: 0.0244s | GPU Mem: 0.29GB/6.93GB

训练 - Loss: 3.7716, Acc: 10.34%
测试 - Loss: 3.6362, Acc: 12.42%
学习率: 0.100000, 时间: 20.59s
GPU内存使用:
  GPU 1 - 已分配: 0.29GB, 已保留: 6.93GB
最佳准确率更新: 9.63% -> 12.42%
保存最佳模型到: ./checkpoints/best_model.pth

============================================================
Epoch 5/100
============================================================
Epoch: 4 [0/196] Loss: 3.4684 | Acc: 16.02% | Time: 0.0298s | GPU Mem: 0.29GB/6.93GB
Epoch: 4 [100/196] Loss: 3.4175 | Acc: 13.04% | Time: 0.0251s | GPU Mem: 0.29GB/6.93GB

训练 - Loss: 3.5662, Acc: 13.93%
测试 - Loss: 3.4506, Acc: 16.79%
学习率: 0.100000, 时间: 20.58s
GPU内存使用:
  GPU 1 - 已分配: 0.29GB, 已保留: 6.93GB
最佳准确率更新: 12.42% -> 16.79%
保存最佳模型到: ./checkpoints/best_model.pth

============================================================
Epoch 6/100
============================================================
Epoch: 5 [0/196] Loss: 3.3958 | Acc: 19.92% | Time: 0.0251s | GPU Mem: 0.29GB/6.93GB
Epoch: 5 [100/196] Loss: 3.3498 | Acc: 16.96% | Time: 0.0213s | GPU Mem: 0.29GB/6.93GB

训练 - Loss: 3.3636, Acc: 17.81%
测试 - Loss: 3.2764, Acc: 19.65%
学习率: 0.100000, 时间: 20.58s
GPU内存使用:
  GPU 1 - 已分配: 0.29GB, 已保留: 6.93GB
最佳准确率更新: 16.79% -> 19.65%
保存最佳模型到: ./checkpoints/best_model.pth

============================================================
Epoch 7/100
============================================================
Epoch: 6 [0/196] Loss: 3.1835 | Acc: 21.48% | Time: 0.0338s | GPU Mem: 0.29GB/6.93GB
Epoch: 6 [100/196] Loss: 3.2231 | Acc: 20.82% | Time: 0.0272s | GPU Mem: 0.29GB/6.93GB

训练 - Loss: 3.1592, Acc: 21.61%
测试 - Loss: 3.1481, Acc: 22.01%
学习率: 0.100000, 时间: 20.56s
GPU内存使用:
  GPU 1 - 已分配: 0.29GB, 已保留: 6.93GB
最佳准确率更新: 19.65% -> 22.01%
保存最佳模型到: ./checkpoints/best_model.pth

============================================================
Epoch 8/100
============================================================
Epoch: 7 [0/196] Loss: 2.9956 | Acc: 23.83% | Time: 0.0246s | GPU Mem: 0.29GB/6.93GB
Epoch: 7 [100/196] Loss: 2.9530 | Acc: 24.84% | Time: 0.0206s | GPU Mem: 0.29GB/6.93GB

训练 - Loss: 2.9755, Acc: 25.38%
测试 - Loss: 2.9375, Acc: 26.35%
学习率: 0.100000, 时间: 20.57s
GPU内存使用:
  GPU 1 - 已分配: 0.29GB, 已保留: 6.93GB
最佳准确率更新: 22.01% -> 26.35%
保存最佳模型到: ./checkpoints/best_model.pth

============================================================
Epoch 9/100
============================================================
Epoch: 8 [0/196] Loss: 2.9028 | Acc: 27.73% | Time: 0.0356s | GPU Mem: 0.29GB/6.93GB
Epoch: 8 [100/196] Loss: 2.7655 | Acc: 28.25% | Time: 0.0202s | GPU Mem: 0.29GB/6.93GB

训练 - Loss: 2.8021, Acc: 28.79%
测试 - Loss: 2.7763, Acc: 29.57%
学习率: 0.100000, 时间: 20.58s
GPU内存使用:
  GPU 1 - 已分配: 0.29GB, 已保留: 6.93GB
最佳准确率更新: 26.35% -> 29.57%
保存最佳模型到: ./checkpoints/best_model.pth

============================================================
Epoch 10/100
============================================================
Epoch: 9 [0/196] Loss: 2.6732 | Acc: 33.98% | Time: 0.0274s | GPU Mem: 0.29GB/6.93GB
Epoch: 9 [100/196] Loss: 2.5668 | Acc: 31.72% | Time: 0.0200s | GPU Mem: 0.29GB/6.93GB

训练 - Loss: 2.6200, Acc: 32.14%
测试 - Loss: 2.6581, Acc: 32.59%
学习率: 0.100000, 时间: 20.57s
GPU内存使用:
  GPU 1 - 已分配: 0.29GB, 已保留: 6.93GB
最佳准确率更新: 29.57% -> 32.59%
保存最佳模型到: ./checkpoints/best_model.pth
保存checkpoint到: ./checkpoints/checkpoint_epoch_10.pth

============================================================
Epoch 11/100
============================================================
Epoch: 10 [0/196] Loss: 2.3911 | Acc: 38.28% | Time: 0.0343s | GPU Mem: 0.29GB/6.93GB
Epoch: 10 [100/196] Loss: 2.2244 | Acc: 35.50% | Time: 0.0192s | GPU Mem: 0.29GB/6.93GB

训练 - Loss: 2.4243, Acc: 36.11%
测试 - Loss: 2.4103, Acc: 36.71%
学习率: 0.100000, 时间: 20.58s
GPU内存使用:
  GPU 1 - 已分配: 0.29GB, 已保留: 6.93GB
最佳准确率更新: 32.59% -> 36.71%
保存最佳模型到: ./checkpoints/best_model.pth

============================================================
Epoch 12/100
============================================================
Epoch: 11 [0/196] Loss: 2.1466 | Acc: 40.23% | Time: 0.0338s | GPU Mem: 0.29GB/6.93GB
Epoch: 11 [100/196] Loss: 2.2092 | Acc: 38.56% | Time: 0.0209s | GPU Mem: 0.29GB/6.93GB

训练 - Loss: 2.2533, Acc: 39.63%
测试 - Loss: 2.3086, Acc: 38.49%
学习率: 0.100000, 时间: 20.57s
GPU内存使用:
  GPU 1 - 已分配: 0.29GB, 已保留: 6.93GB
最佳准确率更新: 36.71% -> 38.49%
保存最佳模型到: ./checkpoints/best_model.pth

============================================================
Epoch 13/100
============================================================
Epoch: 12 [0/196] Loss: 2.1851 | Acc: 41.41% | Time: 0.0277s | GPU Mem: 0.29GB/6.93GB
Epoch: 12 [100/196] Loss: 2.0326 | Acc: 42.84% | Time: 0.0204s | GPU Mem: 0.29GB/6.93GB

训练 - Loss: 2.1058, Acc: 43.04%
测试 - Loss: 2.1925, Acc: 41.77%
学习率: 0.100000, 时间: 20.57s
GPU内存使用:
  GPU 1 - 已分配: 0.29GB, 已保留: 6.93GB
最佳准确率更新: 38.49% -> 41.77%
保存最佳模型到: ./checkpoints/best_model.pth

============================================================
Epoch 14/100
============================================================
Epoch: 13 [0/196] Loss: 2.0698 | Acc: 40.23% | Time: 0.0328s | GPU Mem: 0.29GB/6.93GB
Epoch: 13 [100/196] Loss: 2.0607 | Acc: 45.86% | Time: 0.0208s | GPU Mem: 0.29GB/6.93GB

训练 - Loss: 1.9736, Acc: 46.30%
测试 - Loss: 2.0873, Acc: 43.79%
学习率: 0.100000, 时间: 20.58s
GPU内存使用:
  GPU 1 - 已分配: 0.29GB, 已保留: 6.93GB
最佳准确率更新: 41.77% -> 43.79%
保存最佳模型到: ./checkpoints/best_model.pth

============================================================
Epoch 15/100
============================================================
Epoch: 14 [0/196] Loss: 1.8372 | Acc: 46.09% | Time: 0.0333s | GPU Mem: 0.29GB/6.93GB
Epoch: 14 [100/196] Loss: 1.9173 | Acc: 47.96% | Time: 0.0217s | GPU Mem: 0.29GB/6.93GB

训练 - Loss: 1.8704, Acc: 48.28%
测试 - Loss: 2.2909, Acc: 40.12%
学习率: 0.100000, 时间: 20.57s
GPU内存使用:
  GPU 1 - 已分配: 0.29GB, 已保留: 6.93GB

============================================================
Epoch 16/100
============================================================
Epoch: 15 [0/196] Loss: 1.7214 | Acc: 49.61% | Time: 0.0313s | GPU Mem: 0.29GB/6.93GB
Epoch: 15 [100/196] Loss: 1.6860 | Acc: 50.34% | Time: 0.0269s | GPU Mem: 0.29GB/6.93GB

训练 - Loss: 1.7804, Acc: 50.79%
测试 - Loss: 2.0347, Acc: 45.82%
学习率: 0.100000, 时间: 20.57s
GPU内存使用:
  GPU 1 - 已分配: 0.29GB, 已保留: 6.93GB
最佳准确率更新: 43.79% -> 45.82%
保存最佳模型到: ./checkpoints/best_model.pth

============================================================
Epoch 17/100
============================================================
Epoch: 16 [0/196] Loss: 1.6806 | Acc: 50.78% | Time: 0.0269s | GPU Mem: 0.29GB/6.93GB
Epoch: 16 [100/196] Loss: 1.5557 | Acc: 52.84% | Time: 0.0261s | GPU Mem: 0.29GB/6.93GB

训练 - Loss: 1.6912, Acc: 52.34%
测试 - Loss: 1.9249, Acc: 48.33%
学习率: 0.100000, 时间: 20.58s
GPU内存使用:
  GPU 1 - 已分配: 0.29GB, 已保留: 6.93GB
最佳准确率更新: 45.82% -> 48.33%
保存最佳模型到: ./checkpoints/best_model.pth

============================================================
Epoch 18/100
============================================================
Epoch: 17 [0/196] Loss: 1.7931 | Acc: 47.27% | Time: 0.0309s | GPU Mem: 0.29GB/6.93GB
Epoch: 17 [100/196] Loss: 1.4959 | Acc: 54.25% | Time: 0.0200s | GPU Mem: 0.29GB/6.93GB

训练 - Loss: 1.6188, Acc: 54.47%
测试 - Loss: 2.0926, Acc: 45.08%
学习率: 0.100000, 时间: 20.55s
GPU内存使用:
  GPU 1 - 已分配: 0.29GB, 已保留: 6.93GB

============================================================
Epoch 19/100
============================================================
Epoch: 18 [0/196] Loss: 1.4699 | Acc: 58.98% | Time: 0.0277s | GPU Mem: 0.29GB/6.93GB
Epoch: 18 [100/196] Loss: 1.7618 | Acc: 56.25% | Time: 0.0219s | GPU Mem: 0.29GB/6.93GB

训练 - Loss: 1.5440, Acc: 56.37%
测试 - Loss: 2.0019, Acc: 46.74%
学习率: 0.100000, 时间: 20.57s
GPU内存使用:
  GPU 1 - 已分配: 0.29GB, 已保留: 6.93GB

============================================================
Epoch 20/100
============================================================
Epoch: 19 [0/196] Loss: 1.5522 | Acc: 55.08% | Time: 0.0333s | GPU Mem: 0.29GB/6.93GB
Epoch: 19 [100/196] Loss: 1.5332 | Acc: 57.87% | Time: 0.0201s | GPU Mem: 0.29GB/6.93GB

训练 - Loss: 1.4876, Acc: 57.58%
测试 - Loss: 1.9131, Acc: 48.80%
学习率: 0.100000, 时间: 20.57s
GPU内存使用:
  GPU 1 - 已分配: 0.29GB, 已保留: 6.93GB
最佳准确率更新: 48.33% -> 48.80%
保存最佳模型到: ./checkpoints/best_model.pth
保存checkpoint到: ./checkpoints/checkpoint_epoch_20.pth

============================================================
Epoch 21/100
============================================================
Epoch: 20 [0/196] Loss: 1.2924 | Acc: 64.45% | Time: 0.0296s | GPU Mem: 0.29GB/6.93GB
Epoch: 20 [100/196] Loss: 1.3758 | Acc: 59.63% | Time: 0.0218s | GPU Mem: 0.29GB/6.93GB

训练 - Loss: 1.4192, Acc: 59.17%
测试 - Loss: 1.7995, Acc: 51.56%
学习率: 0.100000, 时间: 20.56s
GPU内存使用:
  GPU 1 - 已分配: 0.29GB, 已保留: 6.93GB
最佳准确率更新: 48.80% -> 51.56%
保存最佳模型到: ./checkpoints/best_model.pth

============================================================
Epoch 22/100
============================================================
Epoch: 21 [0/196] Loss: 1.4779 | Acc: 57.42% | Time: 0.0274s | GPU Mem: 0.29GB/6.93GB
Epoch: 21 [100/196] Loss: 1.4686 | Acc: 60.55% | Time: 0.0276s | GPU Mem: 0.29GB/6.93GB

训练 - Loss: 1.3931, Acc: 59.98%
测试 - Loss: 1.7865, Acc: 52.26%
学习率: 0.100000, 时间: 20.55s
GPU内存使用:
  GPU 1 - 已分配: 0.29GB, 已保留: 6.93GB
最佳准确率更新: 51.56% -> 52.26%
保存最佳模型到: ./checkpoints/best_model.pth

============================================================
Epoch 23/100
============================================================
Epoch: 22 [0/196] Loss: 1.1920 | Acc: 67.19% | Time: 0.0295s | GPU Mem: 0.29GB/6.93GB
Epoch: 22 [100/196] Loss: 1.3756 | Acc: 61.51% | Time: 0.0248s | GPU Mem: 0.29GB/6.93GB

训练 - Loss: 1.3487, Acc: 61.04%
测试 - Loss: 1.8283, Acc: 52.11%
学习率: 0.100000, 时间: 20.57s
GPU内存使用:
  GPU 1 - 已分配: 0.29GB, 已保留: 6.93GB

============================================================
Epoch 24/100
============================================================
Epoch: 23 [0/196] Loss: 1.1449 | Acc: 67.97% | Time: 0.0313s | GPU Mem: 0.29GB/6.93GB
Epoch: 23 [100/196] Loss: 1.3048 | Acc: 62.33% | Time: 0.0200s | GPU Mem: 0.29GB/6.93GB

训练 - Loss: 1.3132, Acc: 62.07%
测试 - Loss: 1.8265, Acc: 51.74%
学习率: 0.100000, 时间: 20.54s
GPU内存使用:
  GPU 1 - 已分配: 0.29GB, 已保留: 6.93GB

============================================================
Epoch 25/100
============================================================
Epoch: 24 [0/196] Loss: 1.1768 | Acc: 64.84% | Time: 0.0329s | GPU Mem: 0.29GB/6.93GB
Epoch: 24 [100/196] Loss: 1.1708 | Acc: 63.77% | Time: 0.0202s | GPU Mem: 0.29GB/6.93GB

训练 - Loss: 1.2521, Acc: 63.50%
测试 - Loss: 1.7462, Acc: 53.66%
学习率: 0.100000, 时间: 20.56s
GPU内存使用:
  GPU 1 - 已分配: 0.29GB, 已保留: 6.93GB
最佳准确率更新: 52.26% -> 53.66%
保存最佳模型到: ./checkpoints/best_model.pth

============================================================
Epoch 26/100
============================================================
Epoch: 25 [0/196] Loss: 1.1303 | Acc: 66.80% | Time: 0.0328s | GPU Mem: 0.29GB/6.93GB
Epoch: 25 [100/196] Loss: 1.2296 | Acc: 64.54% | Time: 0.0226s | GPU Mem: 0.29GB/6.93GB

训练 - Loss: 1.2215, Acc: 63.97%
测试 - Loss: 1.6899, Acc: 54.94%
学习率: 0.100000, 时间: 20.58s
GPU内存使用:
  GPU 1 - 已分配: 0.29GB, 已保留: 6.93GB
最佳准确率更新: 53.66% -> 54.94%
保存最佳模型到: ./checkpoints/best_model.pth

============================================================
Epoch 27/100
============================================================
Epoch: 26 [0/196] Loss: 1.0983 | Acc: 68.75% | Time: 0.0326s | GPU Mem: 0.29GB/6.93GB
Epoch: 26 [100/196] Loss: 1.2445 | Acc: 65.31% | Time: 0.0268s | GPU Mem: 0.29GB/6.93GB

训练 - Loss: 1.1921, Acc: 65.08%
测试 - Loss: 1.6970, Acc: 54.61%
学习率: 0.100000, 时间: 20.54s
GPU内存使用:
  GPU 1 - 已分配: 0.29GB, 已保留: 6.93GB

============================================================
Epoch 28/100
============================================================
Epoch: 27 [0/196] Loss: 1.0176 | Acc: 69.53% | Time: 0.0350s | GPU Mem: 0.29GB/6.93GB
Epoch: 27 [100/196] Loss: 0.9890 | Acc: 66.21% | Time: 0.0263s | GPU Mem: 0.29GB/6.93GB

训练 - Loss: 1.1712, Acc: 65.65%
测试 - Loss: 1.6455, Acc: 56.23%
学习率: 0.100000, 时间: 20.55s
GPU内存使用:
  GPU 1 - 已分配: 0.29GB, 已保留: 6.93GB
最佳准确率更新: 54.94% -> 56.23%
保存最佳模型到: ./checkpoints/best_model.pth

============================================================
Epoch 29/100
============================================================
Epoch: 28 [0/196] Loss: 1.0895 | Acc: 67.97% | Time: 0.0304s | GPU Mem: 0.29GB/6.93GB
Epoch: 28 [100/196] Loss: 1.2514 | Acc: 67.56% | Time: 0.0254s | GPU Mem: 0.29GB/6.93GB

训练 - Loss: 1.1407, Acc: 66.52%
测试 - Loss: 1.8560, Acc: 52.92%
学习率: 0.100000, 时间: 20.57s
GPU内存使用:
  GPU 1 - 已分配: 0.29GB, 已保留: 6.93GB

============================================================
Epoch 30/100
============================================================
Epoch: 29 [0/196] Loss: 1.0946 | Acc: 68.75% | Time: 0.0270s | GPU Mem: 0.29GB/6.93GB
Epoch: 29 [100/196] Loss: 1.1923 | Acc: 68.18% | Time: 0.0223s | GPU Mem: 0.29GB/6.93GB

训练 - Loss: 1.1231, Acc: 67.13%
测试 - Loss: 1.6058, Acc: 56.75%
学习率: 0.100000, 时间: 20.52s
GPU内存使用:
  GPU 1 - 已分配: 0.29GB, 已保留: 6.93GB
最佳准确率更新: 56.23% -> 56.75%
保存最佳模型到: ./checkpoints/best_model.pth
保存checkpoint到: ./checkpoints/checkpoint_epoch_30.pth

============================================================
Epoch 31/100
============================================================
Epoch: 30 [0/196] Loss: 0.8479 | Acc: 73.83% | Time: 0.0261s | GPU Mem: 0.29GB/6.93GB
Epoch: 30 [100/196] Loss: 1.0252 | Acc: 68.32% | Time: 0.0201s | GPU Mem: 0.29GB/6.93GB

训练 - Loss: 1.0938, Acc: 67.73%
测试 - Loss: 1.9185, Acc: 52.04%
学习率: 0.100000, 时间: 20.55s
GPU内存使用:
  GPU 1 - 已分配: 0.29GB, 已保留: 6.93GB

============================================================
Epoch 32/100
============================================================
Epoch: 31 [0/196] Loss: 1.0439 | Acc: 67.97% | Time: 0.0241s | GPU Mem: 0.29GB/6.93GB
Epoch: 31 [100/196] Loss: 1.1167 | Acc: 68.48% | Time: 0.0244s | GPU Mem: 0.29GB/6.93GB

训练 - Loss: 1.0837, Acc: 67.96%
测试 - Loss: 1.6697, Acc: 55.93%
学习率: 0.100000, 时间: 20.54s
GPU内存使用:
  GPU 1 - 已分配: 0.29GB, 已保留: 6.93GB

============================================================
Epoch 33/100
============================================================
Epoch: 32 [0/196] Loss: 0.8996 | Acc: 73.05% | Time: 0.0260s | GPU Mem: 0.29GB/6.93GB
Epoch: 32 [100/196] Loss: 1.0695 | Acc: 69.51% | Time: 0.0201s | GPU Mem: 0.29GB/6.93GB

训练 - Loss: 1.0482, Acc: 68.85%
测试 - Loss: 1.5123, Acc: 58.27%
学习率: 0.100000, 时间: 20.55s
GPU内存使用:
  GPU 1 - 已分配: 0.29GB, 已保留: 6.93GB
最佳准确率更新: 56.75% -> 58.27%
保存最佳模型到: ./checkpoints/best_model.pth

============================================================
Epoch 34/100
============================================================
Epoch: 33 [0/196] Loss: 1.0052 | Acc: 68.75% | Time: 0.0265s | GPU Mem: 0.29GB/6.93GB
Epoch: 33 [100/196] Loss: 1.0525 | Acc: 69.83% | Time: 0.0200s | GPU Mem: 0.29GB/6.93GB

训练 - Loss: 1.0384, Acc: 69.29%
测试 - Loss: 1.5621, Acc: 57.97%
学习率: 0.100000, 时间: 20.55s
GPU内存使用:
  GPU 1 - 已分配: 0.29GB, 已保留: 6.93GB

============================================================
Epoch 35/100
============================================================
Epoch: 34 [0/196] Loss: 1.0153 | Acc: 65.62% | Time: 0.0280s | GPU Mem: 0.29GB/6.93GB
Epoch: 34 [100/196] Loss: 1.0668 | Acc: 70.49% | Time: 0.0202s | GPU Mem: 0.29GB/6.93GB

训练 - Loss: 1.0183, Acc: 69.62%
测试 - Loss: 1.9984, Acc: 51.02%
学习率: 0.100000, 时间: 20.56s
GPU内存使用:
  GPU 1 - 已分配: 0.29GB, 已保留: 6.93GB

============================================================
Epoch 36/100
============================================================
Epoch: 35 [0/196] Loss: 0.9879 | Acc: 71.09% | Time: 0.0237s | GPU Mem: 0.29GB/6.93GB
Epoch: 35 [100/196] Loss: 0.9499 | Acc: 71.16% | Time: 0.0217s | GPU Mem: 0.29GB/6.93GB

训练 - Loss: 0.9920, Acc: 70.20%
测试 - Loss: 1.5549, Acc: 58.56%
学习率: 0.100000, 时间: 20.55s
GPU内存使用:
  GPU 1 - 已分配: 0.29GB, 已保留: 6.93GB
最佳准确率更新: 58.27% -> 58.56%
保存最佳模型到: ./checkpoints/best_model.pth

============================================================
Epoch 37/100
============================================================
Epoch: 36 [0/196] Loss: 0.9800 | Acc: 72.66% | Time: 0.0319s | GPU Mem: 0.29GB/6.93GB
Epoch: 36 [100/196] Loss: 1.0519 | Acc: 71.77% | Time: 0.0243s | GPU Mem: 0.29GB/6.93GB

训练 - Loss: 0.9760, Acc: 70.97%
测试 - Loss: 1.7061, Acc: 55.86%
学习率: 0.100000, 时间: 20.53s
GPU内存使用:
  GPU 1 - 已分配: 0.29GB, 已保留: 6.93GB

============================================================
Epoch 38/100
============================================================
Epoch: 37 [0/196] Loss: 0.9646 | Acc: 69.92% | Time: 0.0350s | GPU Mem: 0.29GB/6.93GB
Epoch: 37 [100/196] Loss: 0.9991 | Acc: 71.48% | Time: 0.0203s | GPU Mem: 0.29GB/6.93GB

训练 - Loss: 0.9790, Acc: 70.77%
测试 - Loss: 1.6466, Acc: 56.77%
学习率: 0.100000, 时间: 20.62s
GPU内存使用:
  GPU 1 - 已分配: 0.29GB, 已保留: 6.93GB

============================================================
Epoch 39/100
============================================================
Epoch: 38 [0/196] Loss: 0.9229 | Acc: 71.09% | Time: 0.0284s | GPU Mem: 0.29GB/6.93GB
Epoch: 38 [100/196] Loss: 0.9834 | Acc: 72.44% | Time: 0.0250s | GPU Mem: 0.29GB/6.93GB

训练 - Loss: 0.9534, Acc: 71.55%
测试 - Loss: 1.5611, Acc: 59.01%
学习率: 0.100000, 时间: 20.56s
GPU内存使用:
  GPU 1 - 已分配: 0.29GB, 已保留: 6.93GB
最佳准确率更新: 58.56% -> 59.01%
保存最佳模型到: ./checkpoints/best_model.pth

============================================================
Epoch 40/100
============================================================
Epoch: 39 [0/196] Loss: 0.9001 | Acc: 73.44% | Time: 0.0246s | GPU Mem: 0.29GB/6.93GB
Epoch: 39 [100/196] Loss: 0.9121 | Acc: 72.59% | Time: 0.0201s | GPU Mem: 0.29GB/6.93GB

训练 - Loss: 0.9427, Acc: 71.96%
测试 - Loss: 1.7830, Acc: 54.17%
学习率: 0.100000, 时间: 20.55s
GPU内存使用:
  GPU 1 - 已分配: 0.29GB, 已保留: 6.93GB
保存checkpoint到: ./checkpoints/checkpoint_epoch_40.pth

============================================================
Epoch 41/100
============================================================
Epoch: 40 [0/196] Loss: 0.8321 | Acc: 74.61% | Time: 0.0339s | GPU Mem: 0.29GB/6.93GB
Epoch: 40 [100/196] Loss: 1.0366 | Acc: 72.77% | Time: 0.0185s | GPU Mem: 0.29GB/6.93GB

训练 - Loss: 0.9244, Acc: 72.14%
测试 - Loss: 1.5247, Acc: 59.33%
学习率: 0.100000, 时间: 20.57s
GPU内存使用:
  GPU 1 - 已分配: 0.29GB, 已保留: 6.93GB
最佳准确率更新: 59.01% -> 59.33%
保存最佳模型到: ./checkpoints/best_model.pth

============================================================
Epoch 42/100
============================================================
Epoch: 41 [0/196] Loss: 0.8006 | Acc: 78.12% | Time: 0.0270s | GPU Mem: 0.29GB/6.93GB
Epoch: 41 [100/196] Loss: 0.9019 | Acc: 73.82% | Time: 0.0202s | GPU Mem: 0.29GB/6.93GB

训练 - Loss: 0.9105, Acc: 72.70%
测试 - Loss: 2.1214, Acc: 50.12%
学习率: 0.100000, 时间: 20.53s
GPU内存使用:
  GPU 1 - 已分配: 0.29GB, 已保留: 6.93GB

============================================================
Epoch 43/100
============================================================
Epoch: 42 [0/196] Loss: 0.8768 | Acc: 69.53% | Time: 0.0261s | GPU Mem: 0.29GB/6.93GB
Epoch: 42 [100/196] Loss: 0.8754 | Acc: 74.45% | Time: 0.0200s | GPU Mem: 0.29GB/6.93GB

训练 - Loss: 0.8929, Acc: 73.19%
测试 - Loss: 1.5953, Acc: 58.69%
学习率: 0.100000, 时间: 20.56s
GPU内存使用:
  GPU 1 - 已分配: 0.29GB, 已保留: 6.93GB

============================================================
Epoch 44/100
============================================================
Epoch: 43 [0/196] Loss: 0.8097 | Acc: 75.00% | Time: 0.0273s | GPU Mem: 0.29GB/6.93GB
Epoch: 43 [100/196] Loss: 1.0443 | Acc: 73.86% | Time: 0.0200s | GPU Mem: 0.29GB/6.93GB

训练 - Loss: 0.8884, Acc: 73.28%
测试 - Loss: 1.5864, Acc: 58.96%
学习率: 0.100000, 时间: 20.52s
GPU内存使用:
  GPU 1 - 已分配: 0.29GB, 已保留: 6.93GB

============================================================
Epoch 45/100
============================================================
Epoch: 44 [0/196] Loss: 0.8175 | Acc: 76.17% | Time: 0.0260s | GPU Mem: 0.29GB/6.93GB
Epoch: 44 [100/196] Loss: 0.8386 | Acc: 74.57% | Time: 0.0229s | GPU Mem: 0.29GB/6.93GB

训练 - Loss: 0.8759, Acc: 73.58%
测试 - Loss: 1.6142, Acc: 57.94%
学习率: 0.100000, 时间: 20.55s
GPU内存使用:
  GPU 1 - 已分配: 0.29GB, 已保留: 6.93GB

============================================================
Epoch 46/100
============================================================
Epoch: 45 [0/196] Loss: 0.8024 | Acc: 76.17% | Time: 0.0247s | GPU Mem: 0.29GB/6.93GB
Epoch: 45 [100/196] Loss: 0.9321 | Acc: 74.45% | Time: 0.0252s | GPU Mem: 0.29GB/6.93GB

训练 - Loss: 0.8760, Acc: 73.69%
测试 - Loss: 1.7877, Acc: 55.59%
学习率: 0.100000, 时间: 20.55s
GPU内存使用:
  GPU 1 - 已分配: 0.29GB, 已保留: 6.93GB

============================================================
Epoch 47/100
============================================================
Epoch: 46 [0/196] Loss: 0.9094 | Acc: 68.75% | Time: 0.0271s | GPU Mem: 0.29GB/6.93GB
Epoch: 46 [100/196] Loss: 0.8433 | Acc: 74.86% | Time: 0.0280s | GPU Mem: 0.29GB/6.93GB

训练 - Loss: 0.8519, Acc: 74.33%
测试 - Loss: 1.6439, Acc: 57.48%
学习率: 0.100000, 时间: 20.56s
GPU内存使用:
  GPU 1 - 已分配: 0.29GB, 已保留: 6.93GB

============================================================
Epoch 48/100
============================================================
Epoch: 47 [0/196] Loss: 0.7631 | Acc: 77.34% | Time: 0.0340s | GPU Mem: 0.29GB/6.93GB
Epoch: 47 [100/196] Loss: 0.8201 | Acc: 75.19% | Time: 0.0200s | GPU Mem: 0.29GB/6.93GB

训练 - Loss: 0.8511, Acc: 74.39%
测试 - Loss: 1.7355, Acc: 56.08%
学习率: 0.100000, 时间: 20.54s
GPU内存使用:
  GPU 1 - 已分配: 0.29GB, 已保留: 6.93GB

============================================================
Epoch 49/100
============================================================
Epoch: 48 [0/196] Loss: 0.7946 | Acc: 75.39% | Time: 0.0281s | GPU Mem: 0.29GB/6.93GB
Epoch: 48 [100/196] Loss: 0.7887 | Acc: 75.74% | Time: 0.0268s | GPU Mem: 0.29GB/6.93GB

训练 - Loss: 0.8499, Acc: 74.41%
测试 - Loss: 1.6079, Acc: 58.54%
学习率: 0.100000, 时间: 20.54s
GPU内存使用:
  GPU 1 - 已分配: 0.29GB, 已保留: 6.93GB

============================================================
Epoch 50/100
============================================================
Epoch: 49 [0/196] Loss: 0.7512 | Acc: 76.95% | Time: 0.0222s | GPU Mem: 0.29GB/6.93GB
Epoch: 49 [100/196] Loss: 0.6408 | Acc: 76.19% | Time: 0.0181s | GPU Mem: 0.29GB/6.93GB

训练 - Loss: 0.8285, Acc: 74.86%
测试 - Loss: 1.5156, Acc: 59.79%
学习率: 0.010000, 时间: 20.54s
GPU内存使用:
  GPU 1 - 已分配: 0.29GB, 已保留: 6.93GB
最佳准确率更新: 59.33% -> 59.79%
保存最佳模型到: ./checkpoints/best_model.pth
保存checkpoint到: ./checkpoints/checkpoint_epoch_50.pth

============================================================
Epoch 51/100
============================================================
Epoch: 50 [0/196] Loss: 0.6473 | Acc: 79.30% | Time: 0.0264s | GPU Mem: 0.29GB/6.93GB
Epoch: 50 [100/196] Loss: 0.4029 | Acc: 84.31% | Time: 0.0203s | GPU Mem: 0.29GB/6.93GB

训练 - Loss: 0.4658, Acc: 86.30%
测试 - Loss: 0.9674, Acc: 72.95%
学习率: 0.010000, 时间: 20.57s
GPU内存使用:
  GPU 1 - 已分配: 0.29GB, 已保留: 6.93GB
最佳准确率更新: 59.79% -> 72.95%
保存最佳模型到: ./checkpoints/best_model.pth

============================================================
Epoch 52/100
============================================================
Epoch: 51 [0/196] Loss: 0.2994 | Acc: 91.80% | Time: 0.0334s | GPU Mem: 0.29GB/6.93GB
Epoch: 51 [100/196] Loss: 0.2965 | Acc: 90.33% | Time: 0.0261s | GPU Mem: 0.29GB/6.93GB

训练 - Loss: 0.3335, Acc: 90.41%
测试 - Loss: 0.9573, Acc: 73.82%
学习率: 0.010000, 时间: 20.57s
GPU内存使用:
  GPU 1 - 已分配: 0.29GB, 已保留: 6.93GB
最佳准确率更新: 72.95% -> 73.82%
保存最佳模型到: ./checkpoints/best_model.pth

============================================================
Epoch 53/100
============================================================
Epoch: 52 [0/196] Loss: 0.2930 | Acc: 91.02% | Time: 0.0341s | GPU Mem: 0.29GB/6.93GB
Epoch: 52 [100/196] Loss: 0.2481 | Acc: 92.18% | Time: 0.0204s | GPU Mem: 0.29GB/6.93GB

训练 - Loss: 0.2830, Acc: 92.05%
测试 - Loss: 0.9620, Acc: 73.58%
学习率: 0.010000, 时间: 20.55s
GPU内存使用:
  GPU 1 - 已分配: 0.29GB, 已保留: 6.93GB

============================================================
Epoch 54/100
============================================================
Epoch: 53 [0/196] Loss: 0.2769 | Acc: 92.97% | Time: 0.0235s | GPU Mem: 0.29GB/6.93GB
Epoch: 53 [100/196] Loss: 0.2099 | Acc: 93.12% | Time: 0.0281s | GPU Mem: 0.29GB/6.93GB

训练 - Loss: 0.2488, Acc: 92.99%
测试 - Loss: 0.9616, Acc: 73.83%
学习率: 0.010000, 时间: 20.53s
GPU内存使用:
  GPU 1 - 已分配: 0.29GB, 已保留: 6.93GB
最佳准确率更新: 73.82% -> 73.83%
保存最佳模型到: ./checkpoints/best_model.pth

============================================================
Epoch 55/100
============================================================
Epoch: 54 [0/196] Loss: 0.2316 | Acc: 93.75% | Time: 0.0336s | GPU Mem: 0.29GB/6.93GB
Epoch: 54 [100/196] Loss: 0.2283 | Acc: 94.12% | Time: 0.0209s | GPU Mem: 0.29GB/6.93GB

训练 - Loss: 0.2211, Acc: 93.96%
测试 - Loss: 0.9797, Acc: 74.21%
学习率: 0.010000, 时间: 20.58s
GPU内存使用:
  GPU 1 - 已分配: 0.29GB, 已保留: 6.93GB
最佳准确率更新: 73.83% -> 74.21%
保存最佳模型到: ./checkpoints/best_model.pth

============================================================
Epoch 56/100
============================================================
Epoch: 55 [0/196] Loss: 0.2148 | Acc: 94.92% | Time: 0.0280s | GPU Mem: 0.29GB/6.93GB
Epoch: 55 [100/196] Loss: 0.1766 | Acc: 94.59% | Time: 0.0289s | GPU Mem: 0.29GB/6.93GB

训练 - Loss: 0.2015, Acc: 94.47%
测试 - Loss: 0.9898, Acc: 73.95%
学习率: 0.010000, 时间: 20.56s
GPU内存使用:
  GPU 1 - 已分配: 0.29GB, 已保留: 6.93GB

============================================================
Epoch 57/100
============================================================
Epoch: 56 [0/196] Loss: 0.1672 | Acc: 94.92% | Time: 0.0278s | GPU Mem: 0.29GB/6.93GB
Epoch: 56 [100/196] Loss: 0.1357 | Acc: 95.22% | Time: 0.0240s | GPU Mem: 0.29GB/6.93GB

训练 - Loss: 0.1791, Acc: 95.18%
测试 - Loss: 0.9883, Acc: 73.86%
学习率: 0.010000, 时间: 20.52s
GPU内存使用:
  GPU 1 - 已分配: 0.29GB, 已保留: 6.93GB

============================================================
Epoch 58/100
============================================================
Epoch: 57 [0/196] Loss: 0.1554 | Acc: 96.09% | Time: 0.0274s | GPU Mem: 0.29GB/6.93GB
Epoch: 57 [100/196] Loss: 0.1516 | Acc: 96.06% | Time: 0.0207s | GPU Mem: 0.29GB/6.93GB

训练 - Loss: 0.1606, Acc: 95.92%
测试 - Loss: 1.0018, Acc: 74.33%
学习率: 0.010000, 时间: 20.53s
GPU内存使用:
  GPU 1 - 已分配: 0.29GB, 已保留: 6.93GB
最佳准确率更新: 74.21% -> 74.33%
保存最佳模型到: ./checkpoints/best_model.pth

============================================================
Epoch 59/100
============================================================
Epoch: 58 [0/196] Loss: 0.1081 | Acc: 98.44% | Time: 0.0242s | GPU Mem: 0.29GB/6.93GB
Epoch: 58 [100/196] Loss: 0.2050 | Acc: 96.47% | Time: 0.0277s | GPU Mem: 0.29GB/6.93GB

训练 - Loss: 0.1458, Acc: 96.29%
测试 - Loss: 1.0123, Acc: 73.84%
学习率: 0.010000, 时间: 20.55s
GPU内存使用:
  GPU 1 - 已分配: 0.29GB, 已保留: 6.93GB

============================================================
Epoch 60/100
============================================================
Epoch: 59 [0/196] Loss: 0.1254 | Acc: 98.44% | Time: 0.0214s | GPU Mem: 0.29GB/6.93GB
Epoch: 59 [100/196] Loss: 0.1151 | Acc: 96.89% | Time: 0.0200s | GPU Mem: 0.29GB/6.93GB

训练 - Loss: 0.1321, Acc: 96.69%
测试 - Loss: 1.0164, Acc: 74.09%
学习率: 0.010000, 时间: 20.58s
GPU内存使用:
  GPU 1 - 已分配: 0.29GB, 已保留: 6.93GB
保存checkpoint到: ./checkpoints/checkpoint_epoch_60.pth

============================================================
Epoch 61/100
============================================================
Epoch: 60 [0/196] Loss: 0.0998 | Acc: 97.27% | Time: 0.0354s | GPU Mem: 0.29GB/6.93GB
Epoch: 60 [100/196] Loss: 0.1346 | Acc: 97.08% | Time: 0.0200s | GPU Mem: 0.29GB/6.93GB

训练 - Loss: 0.1211, Acc: 97.07%
测试 - Loss: 1.0350, Acc: 73.95%
学习率: 0.010000, 时间: 20.57s
GPU内存使用:
  GPU 1 - 已分配: 0.29GB, 已保留: 6.93GB

============================================================
Epoch 62/100
============================================================
Epoch: 61 [0/196] Loss: 0.0992 | Acc: 97.66% | Time: 0.0282s | GPU Mem: 0.29GB/6.93GB
Epoch: 61 [100/196] Loss: 0.1045 | Acc: 97.56% | Time: 0.0200s | GPU Mem: 0.29GB/6.93GB

训练 - Loss: 0.1074, Acc: 97.51%
测试 - Loss: 1.0332, Acc: 73.92%
学习率: 0.010000, 时间: 20.55s
GPU内存使用:
  GPU 1 - 已分配: 0.29GB, 已保留: 6.93GB

============================================================
Epoch 63/100
============================================================
Epoch: 62 [0/196] Loss: 0.1026 | Acc: 97.66% | Time: 0.0235s | GPU Mem: 0.29GB/6.93GB
Epoch: 62 [100/196] Loss: 0.0938 | Acc: 97.85% | Time: 0.0200s | GPU Mem: 0.29GB/6.93GB

训练 - Loss: 0.0995, Acc: 97.82%
测试 - Loss: 1.0455, Acc: 74.12%
学习率: 0.010000, 时间: 20.55s
GPU内存使用:
  GPU 1 - 已分配: 0.29GB, 已保留: 6.93GB

============================================================
Epoch 64/100
============================================================
Epoch: 63 [0/196] Loss: 0.0675 | Acc: 99.22% | Time: 0.0285s | GPU Mem: 0.29GB/6.93GB
Epoch: 63 [100/196] Loss: 0.0993 | Acc: 98.27% | Time: 0.0201s | GPU Mem: 0.29GB/6.93GB

训练 - Loss: 0.0887, Acc: 98.17%
测试 - Loss: 1.0584, Acc: 73.93%
学习率: 0.010000, 时间: 20.56s
GPU内存使用:
  GPU 1 - 已分配: 0.29GB, 已保留: 6.93GB

============================================================
Epoch 65/100
============================================================
Epoch: 64 [0/196] Loss: 0.0789 | Acc: 98.44% | Time: 0.0257s | GPU Mem: 0.29GB/6.93GB
Epoch: 64 [100/196] Loss: 0.0847 | Acc: 98.46% | Time: 0.0243s | GPU Mem: 0.29GB/6.93GB

训练 - Loss: 0.0817, Acc: 98.39%
测试 - Loss: 1.0695, Acc: 73.70%
学习率: 0.010000, 时间: 20.55s
GPU内存使用:
  GPU 1 - 已分配: 0.29GB, 已保留: 6.93GB

============================================================
Epoch 66/100
============================================================
Epoch: 65 [0/196] Loss: 0.0959 | Acc: 97.66% | Time: 0.0275s | GPU Mem: 0.29GB/6.93GB
Epoch: 65 [100/196] Loss: 0.0631 | Acc: 98.56% | Time: 0.0251s | GPU Mem: 0.29GB/6.93GB

训练 - Loss: 0.0756, Acc: 98.51%
测试 - Loss: 1.0628, Acc: 74.00%
学习率: 0.010000, 时间: 20.52s
GPU内存使用:
  GPU 1 - 已分配: 0.29GB, 已保留: 6.93GB

============================================================
Epoch 67/100
============================================================
Epoch: 66 [0/196] Loss: 0.0687 | Acc: 98.44% | Time: 0.0251s | GPU Mem: 0.29GB/6.93GB
Epoch: 66 [100/196] Loss: 0.0533 | Acc: 98.80% | Time: 0.0218s | GPU Mem: 0.29GB/6.93GB

训练 - Loss: 0.0697, Acc: 98.68%
测试 - Loss: 1.0668, Acc: 74.46%
学习率: 0.010000, 时间: 20.54s
GPU内存使用:
  GPU 1 - 已分配: 0.29GB, 已保留: 6.93GB
最佳准确率更新: 74.33% -> 74.46%
保存最佳模型到: ./checkpoints/best_model.pth

============================================================
Epoch 68/100
============================================================
Epoch: 67 [0/196] Loss: 0.0584 | Acc: 98.83% | Time: 0.0297s | GPU Mem: 0.29GB/6.93GB
Epoch: 67 [100/196] Loss: 0.0891 | Acc: 98.94% | Time: 0.0259s | GPU Mem: 0.29GB/6.93GB

训练 - Loss: 0.0638, Acc: 98.81%
测试 - Loss: 1.0726, Acc: 73.88%
学习率: 0.010000, 时间: 20.55s
GPU内存使用:
  GPU 1 - 已分配: 0.29GB, 已保留: 6.93GB

============================================================
Epoch 69/100
============================================================
Epoch: 68 [0/196] Loss: 0.0539 | Acc: 98.83% | Time: 0.0254s | GPU Mem: 0.29GB/6.93GB
Epoch: 68 [100/196] Loss: 0.0545 | Acc: 98.98% | Time: 0.0204s | GPU Mem: 0.29GB/6.93GB

训练 - Loss: 0.0601, Acc: 98.88%
测试 - Loss: 1.0822, Acc: 73.99%
学习率: 0.010000, 时间: 20.54s
GPU内存使用:
  GPU 1 - 已分配: 0.29GB, 已保留: 6.93GB

============================================================
Epoch 70/100
============================================================
Epoch: 69 [0/196] Loss: 0.0674 | Acc: 98.83% | Time: 0.0290s | GPU Mem: 0.29GB/6.93GB
Epoch: 69 [100/196] Loss: 0.0537 | Acc: 99.15% | Time: 0.0202s | GPU Mem: 0.29GB/6.93GB

训练 - Loss: 0.0564, Acc: 99.10%
测试 - Loss: 1.0858, Acc: 74.52%
学习率: 0.010000, 时间: 20.55s
GPU内存使用:
  GPU 1 - 已分配: 0.29GB, 已保留: 6.93GB
最佳准确率更新: 74.46% -> 74.52%
保存最佳模型到: ./checkpoints/best_model.pth
保存checkpoint到: ./checkpoints/checkpoint_epoch_70.pth

============================================================
Epoch 71/100
============================================================
Epoch: 70 [0/196] Loss: 0.0366 | Acc: 99.61% | Time: 0.0266s | GPU Mem: 0.29GB/6.93GB
Epoch: 70 [100/196] Loss: 0.0844 | Acc: 99.24% | Time: 0.0276s | GPU Mem: 0.29GB/6.93GB

训练 - Loss: 0.0509, Acc: 99.16%
测试 - Loss: 1.0970, Acc: 74.23%
学习率: 0.010000, 时间: 20.55s
GPU内存使用:
  GPU 1 - 已分配: 0.29GB, 已保留: 6.93GB

============================================================
Epoch 72/100
============================================================
Epoch: 71 [0/196] Loss: 0.0416 | Acc: 99.22% | Time: 0.0279s | GPU Mem: 0.29GB/6.93GB
Epoch: 71 [100/196] Loss: 0.0465 | Acc: 99.29% | Time: 0.0289s | GPU Mem: 0.29GB/6.93GB

训练 - Loss: 0.0493, Acc: 99.19%
测试 - Loss: 1.0956, Acc: 74.46%
学习率: 0.010000, 时间: 20.56s
GPU内存使用:
  GPU 1 - 已分配: 0.29GB, 已保留: 6.93GB

============================================================
Epoch 73/100
============================================================
Epoch: 72 [0/196] Loss: 0.0486 | Acc: 99.61% | Time: 0.0297s | GPU Mem: 0.29GB/6.93GB
Epoch: 72 [100/196] Loss: 0.0511 | Acc: 99.26% | Time: 0.0237s | GPU Mem: 0.29GB/6.93GB

训练 - Loss: 0.0471, Acc: 99.27%
测试 - Loss: 1.1069, Acc: 74.19%
学习率: 0.010000, 时间: 20.57s
GPU内存使用:
  GPU 1 - 已分配: 0.29GB, 已保留: 6.93GB

============================================================
Epoch 74/100
============================================================
Epoch: 73 [0/196] Loss: 0.0440 | Acc: 98.83% | Time: 0.0260s | GPU Mem: 0.29GB/6.93GB
Epoch: 73 [100/196] Loss: 0.0491 | Acc: 99.31% | Time: 0.0215s | GPU Mem: 0.29GB/6.93GB

训练 - Loss: 0.0447, Acc: 99.31%
测试 - Loss: 1.1042, Acc: 74.22%
学习率: 0.010000, 时间: 20.57s
GPU内存使用:
  GPU 1 - 已分配: 0.29GB, 已保留: 6.93GB

============================================================
Epoch 75/100
============================================================
Epoch: 74 [0/196] Loss: 0.0315 | Acc: 100.00% | Time: 0.0286s | GPU Mem: 0.29GB/6.93GB
Epoch: 74 [100/196] Loss: 0.0430 | Acc: 99.49% | Time: 0.0262s | GPU Mem: 0.29GB/6.93GB

训练 - Loss: 0.0401, Acc: 99.46%
测试 - Loss: 1.1052, Acc: 74.01%
学习率: 0.010000, 时间: 20.56s
GPU内存使用:
  GPU 1 - 已分配: 0.29GB, 已保留: 6.93GB

============================================================
Epoch 76/100
============================================================
Epoch: 75 [0/196] Loss: 0.0384 | Acc: 98.83% | Time: 0.0349s | GPU Mem: 0.29GB/6.93GB
Epoch: 75 [100/196] Loss: 0.0318 | Acc: 99.56% | Time: 0.0201s | GPU Mem: 0.29GB/6.93GB

训练 - Loss: 0.0392, Acc: 99.45%
测试 - Loss: 1.1102, Acc: 74.02%
学习率: 0.010000, 时间: 20.57s
GPU内存使用:
  GPU 1 - 已分配: 0.29GB, 已保留: 6.93GB

============================================================
Epoch 77/100
============================================================
Epoch: 76 [0/196] Loss: 0.0341 | Acc: 99.61% | Time: 0.0288s | GPU Mem: 0.29GB/6.93GB
Epoch: 76 [100/196] Loss: 0.0307 | Acc: 99.47% | Time: 0.0172s | GPU Mem: 0.29GB/6.93GB

训练 - Loss: 0.0373, Acc: 99.50%
测试 - Loss: 1.1189, Acc: 73.95%
学习率: 0.010000, 时间: 20.56s
GPU内存使用:
  GPU 1 - 已分配: 0.29GB, 已保留: 6.93GB

============================================================
Epoch 78/100
============================================================
Epoch: 77 [0/196] Loss: 0.0244 | Acc: 100.00% | Time: 0.0311s | GPU Mem: 0.29GB/6.93GB
Epoch: 77 [100/196] Loss: 0.0346 | Acc: 99.57% | Time: 0.0250s | GPU Mem: 0.29GB/6.93GB

训练 - Loss: 0.0359, Acc: 99.51%
测试 - Loss: 1.1083, Acc: 74.48%
学习率: 0.010000, 时间: 20.57s
GPU内存使用:
  GPU 1 - 已分配: 0.29GB, 已保留: 6.93GB

============================================================
Epoch 79/100
============================================================
Epoch: 78 [0/196] Loss: 0.0234 | Acc: 99.61% | Time: 0.0293s | GPU Mem: 0.29GB/6.93GB
Epoch: 78 [100/196] Loss: 0.0478 | Acc: 99.50% | Time: 0.0258s | GPU Mem: 0.29GB/6.93GB

训练 - Loss: 0.0344, Acc: 99.57%
测试 - Loss: 1.1092, Acc: 74.45%
学习率: 0.010000, 时间: 20.54s
GPU内存使用:
  GPU 1 - 已分配: 0.29GB, 已保留: 6.93GB

============================================================
Epoch 80/100
============================================================
Epoch: 79 [0/196] Loss: 0.0277 | Acc: 100.00% | Time: 0.0270s | GPU Mem: 0.29GB/6.93GB
Epoch: 79 [100/196] Loss: 0.0297 | Acc: 99.66% | Time: 0.0268s | GPU Mem: 0.29GB/6.93GB

训练 - Loss: 0.0326, Acc: 99.58%
测试 - Loss: 1.1173, Acc: 74.46%
学习率: 0.010000, 时间: 20.56s
GPU内存使用:
  GPU 1 - 已分配: 0.29GB, 已保留: 6.93GB
保存checkpoint到: ./checkpoints/checkpoint_epoch_80.pth

============================================================
Epoch 81/100
============================================================
Epoch: 80 [0/196] Loss: 0.0335 | Acc: 99.61% | Time: 0.0244s | GPU Mem: 0.29GB/6.93GB
Epoch: 80 [100/196] Loss: 0.0502 | Acc: 99.63% | Time: 0.0229s | GPU Mem: 0.29GB/6.93GB

训练 - Loss: 0.0311, Acc: 99.63%
测试 - Loss: 1.1120, Acc: 74.13%
学习率: 0.010000, 时间: 20.57s
GPU内存使用:
  GPU 1 - 已分配: 0.29GB, 已保留: 6.93GB

============================================================
Epoch 82/100
============================================================
Epoch: 81 [0/196] Loss: 0.0226 | Acc: 100.00% | Time: 0.0257s | GPU Mem: 0.29GB/6.93GB
Epoch: 81 [100/196] Loss: 0.0310 | Acc: 99.59% | Time: 0.0280s | GPU Mem: 0.29GB/6.93GB

训练 - Loss: 0.0305, Acc: 99.60%
测试 - Loss: 1.1101, Acc: 74.23%
学习率: 0.010000, 时间: 20.57s
GPU内存使用:
  GPU 1 - 已分配: 0.29GB, 已保留: 6.93GB

============================================================
Epoch 83/100
============================================================
Epoch: 82 [0/196] Loss: 0.0171 | Acc: 100.00% | Time: 0.0287s | GPU Mem: 0.29GB/6.93GB
Epoch: 82 [100/196] Loss: 0.0225 | Acc: 99.61% | Time: 0.0259s | GPU Mem: 0.29GB/6.93GB

训练 - Loss: 0.0304, Acc: 99.62%
测试 - Loss: 1.1136, Acc: 74.29%
学习率: 0.010000, 时间: 20.55s
GPU内存使用:
  GPU 1 - 已分配: 0.29GB, 已保留: 6.93GB

============================================================
Epoch 84/100
============================================================
Epoch: 83 [0/196] Loss: 0.0141 | Acc: 100.00% | Time: 0.0264s | GPU Mem: 0.29GB/6.93GB
Epoch: 83 [100/196] Loss: 0.0276 | Acc: 99.65% | Time: 0.0261s | GPU Mem: 0.29GB/6.93GB

训练 - Loss: 0.0301, Acc: 99.62%
测试 - Loss: 1.1141, Acc: 73.96%
学习率: 0.010000, 时间: 20.55s
GPU内存使用:
  GPU 1 - 已分配: 0.29GB, 已保留: 6.93GB

============================================================
Epoch 85/100
============================================================
Epoch: 84 [0/196] Loss: 0.0259 | Acc: 99.61% | Time: 0.0287s | GPU Mem: 0.29GB/6.93GB
Epoch: 84 [100/196] Loss: 0.0374 | Acc: 99.69% | Time: 0.0189s | GPU Mem: 0.29GB/6.93GB

训练 - Loss: 0.0289, Acc: 99.65%
测试 - Loss: 1.1054, Acc: 74.17%
学习率: 0.010000, 时间: 20.57s
GPU内存使用:
  GPU 1 - 已分配: 0.29GB, 已保留: 6.93GB

============================================================
Epoch 86/100
============================================================
Epoch: 85 [0/196] Loss: 0.0245 | Acc: 99.61% | Time: 0.0281s | GPU Mem: 0.29GB/6.93GB
Epoch: 85 [100/196] Loss: 0.0243 | Acc: 99.72% | Time: 0.0274s | GPU Mem: 0.29GB/6.93GB

训练 - Loss: 0.0279, Acc: 99.70%
测试 - Loss: 1.1087, Acc: 74.20%
学习率: 0.010000, 时间: 20.55s
GPU内存使用:
  GPU 1 - 已分配: 0.29GB, 已保留: 6.93GB

============================================================
Epoch 87/100
============================================================
Epoch: 86 [0/196] Loss: 0.0202 | Acc: 100.00% | Time: 0.0280s | GPU Mem: 0.29GB/6.93GB
Epoch: 86 [100/196] Loss: 0.0216 | Acc: 99.71% | Time: 0.0260s | GPU Mem: 0.29GB/6.93GB

训练 - Loss: 0.0279, Acc: 99.69%
测试 - Loss: 1.1023, Acc: 74.47%
学习率: 0.010000, 时间: 20.56s
GPU内存使用:
  GPU 1 - 已分配: 0.29GB, 已保留: 6.93GB

============================================================
Epoch 88/100
============================================================
Epoch: 87 [0/196] Loss: 0.0205 | Acc: 100.00% | Time: 0.0306s | GPU Mem: 0.29GB/6.93GB
Epoch: 87 [100/196] Loss: 0.0248 | Acc: 99.73% | Time: 0.0201s | GPU Mem: 0.29GB/6.93GB

训练 - Loss: 0.0272, Acc: 99.68%
测试 - Loss: 1.1163, Acc: 74.39%
学习率: 0.010000, 时间: 20.56s
GPU内存使用:
  GPU 1 - 已分配: 0.29GB, 已保留: 6.93GB

============================================================
Epoch 89/100
============================================================
Epoch: 88 [0/196] Loss: 0.0202 | Acc: 100.00% | Time: 0.0277s | GPU Mem: 0.29GB/6.93GB
Epoch: 88 [100/196] Loss: 0.0205 | Acc: 99.76% | Time: 0.0202s | GPU Mem: 0.29GB/6.93GB

训练 - Loss: 0.0256, Acc: 99.72%
测试 - Loss: 1.1187, Acc: 74.02%
学习率: 0.010000, 时间: 20.58s
GPU内存使用:
  GPU 1 - 已分配: 0.29GB, 已保留: 6.93GB

============================================================
Epoch 90/100
============================================================
Epoch: 89 [0/196] Loss: 0.0329 | Acc: 100.00% | Time: 0.0223s | GPU Mem: 0.29GB/6.93GB
Epoch: 89 [100/196] Loss: 0.0212 | Acc: 99.69% | Time: 0.0161s | GPU Mem: 0.29GB/6.93GB

训练 - Loss: 0.0262, Acc: 99.69%
测试 - Loss: 1.1157, Acc: 74.16%
学习率: 0.010000, 时间: 20.57s
GPU内存使用:
  GPU 1 - 已分配: 0.29GB, 已保留: 6.93GB
保存checkpoint到: ./checkpoints/checkpoint_epoch_90.pth

============================================================
Epoch 91/100
============================================================
Epoch: 90 [0/196] Loss: 0.0227 | Acc: 100.00% | Time: 0.0270s | GPU Mem: 0.29GB/6.93GB
Epoch: 90 [100/196] Loss: 0.0307 | Acc: 99.64% | Time: 0.0261s | GPU Mem: 0.29GB/6.93GB

训练 - Loss: 0.0279, Acc: 99.66%
测试 - Loss: 1.1183, Acc: 74.18%
学习率: 0.010000, 时间: 20.57s
GPU内存使用:
  GPU 1 - 已分配: 0.29GB, 已保留: 6.93GB

============================================================
Epoch 92/100
============================================================
Epoch: 91 [0/196] Loss: 0.0325 | Acc: 99.22% | Time: 0.0283s | GPU Mem: 0.29GB/6.93GB
Epoch: 91 [100/196] Loss: 0.0209 | Acc: 99.73% | Time: 0.0201s | GPU Mem: 0.29GB/6.93GB

训练 - Loss: 0.0259, Acc: 99.68%
测试 - Loss: 1.1234, Acc: 74.14%
学习率: 0.010000, 时间: 20.55s
GPU内存使用:
  GPU 1 - 已分配: 0.29GB, 已保留: 6.93GB

============================================================
Epoch 93/100
============================================================
Epoch: 92 [0/196] Loss: 0.0238 | Acc: 99.61% | Time: 0.0325s | GPU Mem: 0.29GB/6.93GB
Epoch: 92 [100/196] Loss: 0.0205 | Acc: 99.71% | Time: 0.0201s | GPU Mem: 0.29GB/6.93GB

训练 - Loss: 0.0266, Acc: 99.66%
测试 - Loss: 1.1168, Acc: 73.92%
学习率: 0.010000, 时间: 20.56s
GPU内存使用:
  GPU 1 - 已分配: 0.29GB, 已保留: 6.93GB

============================================================
Epoch 94/100
============================================================
Epoch: 93 [0/196] Loss: 0.0281 | Acc: 99.61% | Time: 0.0288s | GPU Mem: 0.29GB/6.93GB
Epoch: 93 [100/196] Loss: 0.0178 | Acc: 99.80% | Time: 0.0211s | GPU Mem: 0.29GB/6.93GB

训练 - Loss: 0.0247, Acc: 99.72%
测试 - Loss: 1.1141, Acc: 74.31%
学习率: 0.010000, 时间: 20.54s
GPU内存使用:
  GPU 1 - 已分配: 0.29GB, 已保留: 6.93GB

============================================================
Epoch 95/100
============================================================
Epoch: 94 [0/196] Loss: 0.0182 | Acc: 100.00% | Time: 0.0311s | GPU Mem: 0.29GB/6.93GB
Epoch: 94 [100/196] Loss: 0.0308 | Acc: 99.72% | Time: 0.0271s | GPU Mem: 0.29GB/6.93GB

训练 - Loss: 0.0256, Acc: 99.68%
测试 - Loss: 1.0975, Acc: 74.51%
学习率: 0.010000, 时间: 20.54s
GPU内存使用:
  GPU 1 - 已分配: 0.29GB, 已保留: 6.93GB

============================================================
Epoch 96/100
============================================================
Epoch: 95 [0/196] Loss: 0.0165 | Acc: 100.00% | Time: 0.0292s | GPU Mem: 0.29GB/6.93GB
Epoch: 95 [100/196] Loss: 0.0260 | Acc: 99.70% | Time: 0.0255s | GPU Mem: 0.29GB/6.93GB

训练 - Loss: 0.0249, Acc: 99.70%
测试 - Loss: 1.1170, Acc: 74.16%
学习率: 0.010000, 时间: 20.57s
GPU内存使用:
  GPU 1 - 已分配: 0.29GB, 已保留: 6.93GB

============================================================
Epoch 97/100
============================================================
Epoch: 96 [0/196] Loss: 0.0257 | Acc: 99.61% | Time: 0.0265s | GPU Mem: 0.29GB/6.93GB
Epoch: 96 [100/196] Loss: 0.0252 | Acc: 99.66% | Time: 0.0274s | GPU Mem: 0.29GB/6.93GB

训练 - Loss: 0.0273, Acc: 99.64%
测试 - Loss: 1.1157, Acc: 74.54%
学习率: 0.010000, 时间: 20.57s
GPU内存使用:
  GPU 1 - 已分配: 0.29GB, 已保留: 6.93GB
最佳准确率更新: 74.52% -> 74.54%
保存最佳模型到: ./checkpoints/best_model.pth

============================================================
Epoch 98/100
============================================================
Epoch: 97 [0/196] Loss: 0.0205 | Acc: 99.61% | Time: 0.0352s | GPU Mem: 0.29GB/6.93GB
Epoch: 97 [100/196] Loss: 0.0259 | Acc: 99.73% | Time: 0.0247s | GPU Mem: 0.29GB/6.93GB

训练 - Loss: 0.0255, Acc: 99.71%
测试 - Loss: 1.1069, Acc: 74.02%
学习率: 0.010000, 时间: 20.53s
GPU内存使用:
  GPU 1 - 已分配: 0.29GB, 已保留: 6.93GB

============================================================
Epoch 99/100
============================================================
Epoch: 98 [0/196] Loss: 0.0227 | Acc: 100.00% | Time: 0.0283s | GPU Mem: 0.29GB/6.93GB
Epoch: 98 [100/196] Loss: 0.0236 | Acc: 99.73% | Time: 0.0257s | GPU Mem: 0.29GB/6.93GB

训练 - Loss: 0.0256, Acc: 99.68%
测试 - Loss: 1.1077, Acc: 74.30%
学习率: 0.010000, 时间: 20.56s
GPU内存使用:
  GPU 1 - 已分配: 0.29GB, 已保留: 6.93GB

============================================================
Epoch 100/100
============================================================
Epoch: 99 [0/196] Loss: 0.0160 | Acc: 100.00% | Time: 0.0265s | GPU Mem: 0.29GB/6.93GB
Epoch: 99 [100/196] Loss: 0.0242 | Acc: 99.61% | Time: 0.0283s | GPU Mem: 0.29GB/6.93GB

训练 - Loss: 0.0268, Acc: 99.64%
测试 - Loss: 1.1088, Acc: 73.94%
学习率: 0.001000, 时间: 20.53s
GPU内存使用:
  GPU 1 - 已分配: 0.29GB, 已保留: 6.93GB
保存checkpoint到: ./checkpoints/checkpoint_epoch_100.pth

============================================================
训练完成!
============================================================
总时间: 2277.19秒 (37.95分钟)
平均每epoch: 22.77秒
最佳测试准确率: 74.54%
保存最终模型到: ./experiments/group_4_batch_size_impact_across_training_modes_and_hardware/checkpoints/single_resnet50_bs256_gpu1_nw2_chunks0.pth

训练完成!
