====================================================================================================
Experiment: single_resnet50_bs128_gpu1_nw2_chunks0
Parameters: {
  "mode": "single",
  "model": "resnet50",
  "batch_size": 128,
  "epochs": 100,
  "dataset": "cifar100",
  "gpu_ids": [
    1
  ],
  "num_workers": 2,
  "prefetch_factor": 1,
  "chunks": 0,
  "num_gpus": 1
}
Command: python -u main.py --mode single --model resnet50 --batch-size 128 --epochs 100 --dataset cifar100 --gpu-ids 1 --num-workers 2 --prefetch-factor 1 --chunks 0 --final-checkpoint-path ./experiments/group_4_batch_size_impact_across_training_modes_and_hardware/checkpoints/single_resnet50_bs128_gpu1_nw2_chunks0.pth
Start Time: 2025-12-10T10:55:31.106548
====================================================================================================

================================================================================
训练配置:
================================================================================
  mode                     : single
  gpu_ids                  : [1]
  num_gpus                 : 1
  num_workers              : 2
  prefetch_factor          : 1
  pin_memory               : True
  persistent_workers       : True
  batch_size               : 128
  epochs                   : 100
  lr                       : 0.1
  momentum                 : 0.9
  weight_decay             : 0.0005
  lr_schedule              : step
  lr_step_size             : 50
  lr_gamma                 : 0.1
  dataset                  : cifar100
  data_root                : ./data
  num_classes              : 100
  model                    : resnet50
  save_dir                 : ./checkpoints
  log_interval             : 100
  save_interval            : 10
  final_checkpoint_path    : ./experiments/group_4_batch_size_impact_across_training_modes_and_hardware/checkpoints/single_resnet50_bs128_gpu1_nw2_chunks0.pth
  seed                     : 42
  resume                   : None
  evaluate                 : False
  dist_backend             : nccl
  dist_url                 : env://
  effective_batch_size     : 128
  chunks                   : 0
================================================================================

可用GPU数量: 7
  GPU 1: NVIDIA GeForce RTX 4090

使用训练模式: SINGLE

初始化单GPU训练器...
使用设备: cuda:1

开始训练 100 个epochs...
Batch size: 128
学习率: 0.1

============================================================
Epoch 1/100
============================================================
Epoch: 0 [0/391] Loss: 4.8530 | Acc: 0.00% | Time: 0.6512s | GPU Mem: 0.29GB/3.70GB
Epoch: 0 [100/391] Loss: 4.6275 | Acc: 1.25% | Time: 0.0225s | GPU Mem: 0.29GB/3.70GB
Epoch: 0 [200/391] Loss: 4.6228 | Acc: 1.37% | Time: 0.0265s | GPU Mem: 0.29GB/3.70GB
Epoch: 0 [300/391] Loss: 4.4735 | Acc: 1.46% | Time: 0.0215s | GPU Mem: 0.29GB/3.70GB

训练 - Loss: 4.7910, Acc: 1.66%
测试 - Loss: 4.4270, Acc: 2.68%
学习率: 0.100000, 时间: 20.30s
GPU内存使用:
  GPU 1 - 已分配: 0.29GB, 已保留: 3.70GB
最佳准确率更新: 0.00% -> 2.68%
保存最佳模型到: ./checkpoints/best_model.pth

============================================================
Epoch 2/100
============================================================
Epoch: 1 [0/391] Loss: 4.3900 | Acc: 1.56% | Time: 0.0291s | GPU Mem: 0.29GB/3.70GB
Epoch: 1 [100/391] Loss: 4.3357 | Acc: 3.24% | Time: 0.0218s | GPU Mem: 0.29GB/3.70GB
Epoch: 1 [200/391] Loss: 4.2331 | Acc: 3.58% | Time: 0.0263s | GPU Mem: 0.29GB/3.70GB
Epoch: 1 [300/391] Loss: 4.0809 | Acc: 4.01% | Time: 0.0235s | GPU Mem: 0.29GB/3.70GB

训练 - Loss: 4.2202, Acc: 4.33%
测试 - Loss: 4.0674, Acc: 5.77%
学习率: 0.100000, 时间: 19.44s
GPU内存使用:
  GPU 1 - 已分配: 0.29GB, 已保留: 3.70GB
最佳准确率更新: 2.68% -> 5.77%
保存最佳模型到: ./checkpoints/best_model.pth

============================================================
Epoch 3/100
============================================================
Epoch: 2 [0/391] Loss: 4.0363 | Acc: 3.12% | Time: 0.0339s | GPU Mem: 0.29GB/3.70GB
Epoch: 2 [100/391] Loss: 4.0141 | Acc: 6.40% | Time: 0.0245s | GPU Mem: 0.29GB/3.70GB
Epoch: 2 [200/391] Loss: 3.8399 | Acc: 6.97% | Time: 0.0277s | GPU Mem: 0.29GB/3.70GB
Epoch: 2 [300/391] Loss: 3.7761 | Acc: 7.36% | Time: 0.0214s | GPU Mem: 0.29GB/3.70GB

训练 - Loss: 3.9414, Acc: 7.69%
测试 - Loss: 3.8569, Acc: 9.22%
学习率: 0.100000, 时间: 19.43s
GPU内存使用:
  GPU 1 - 已分配: 0.29GB, 已保留: 3.70GB
最佳准确率更新: 5.77% -> 9.22%
保存最佳模型到: ./checkpoints/best_model.pth

============================================================
Epoch 4/100
============================================================
Epoch: 3 [0/391] Loss: 3.6750 | Acc: 14.06% | Time: 0.0354s | GPU Mem: 0.29GB/3.70GB
Epoch: 3 [100/391] Loss: 3.7433 | Acc: 10.09% | Time: 0.0210s | GPU Mem: 0.29GB/3.70GB
Epoch: 3 [200/391] Loss: 3.9458 | Acc: 10.40% | Time: 0.0237s | GPU Mem: 0.29GB/3.70GB
Epoch: 3 [300/391] Loss: 3.7271 | Acc: 10.92% | Time: 0.0229s | GPU Mem: 0.29GB/3.70GB

训练 - Loss: 3.7258, Acc: 11.37%
测试 - Loss: 3.6634, Acc: 12.73%
学习率: 0.100000, 时间: 19.47s
GPU内存使用:
  GPU 1 - 已分配: 0.29GB, 已保留: 3.70GB
最佳准确率更新: 9.22% -> 12.73%
保存最佳模型到: ./checkpoints/best_model.pth

============================================================
Epoch 5/100
============================================================
Epoch: 4 [0/391] Loss: 3.4021 | Acc: 14.84% | Time: 0.0250s | GPU Mem: 0.29GB/3.70GB
Epoch: 4 [100/391] Loss: 3.4647 | Acc: 13.78% | Time: 0.0214s | GPU Mem: 0.29GB/3.70GB
Epoch: 4 [200/391] Loss: 3.2640 | Acc: 14.42% | Time: 0.0259s | GPU Mem: 0.29GB/3.70GB
Epoch: 4 [300/391] Loss: 3.2210 | Acc: 15.26% | Time: 0.0210s | GPU Mem: 0.29GB/3.70GB

训练 - Loss: 3.4632, Acc: 15.75%
测试 - Loss: 3.4430, Acc: 16.02%
学习率: 0.100000, 时间: 19.45s
GPU内存使用:
  GPU 1 - 已分配: 0.29GB, 已保留: 3.70GB
最佳准确率更新: 12.73% -> 16.02%
保存最佳模型到: ./checkpoints/best_model.pth

============================================================
Epoch 6/100
============================================================
Epoch: 5 [0/391] Loss: 3.3291 | Acc: 21.09% | Time: 0.0341s | GPU Mem: 0.29GB/3.70GB
Epoch: 5 [100/391] Loss: 3.1330 | Acc: 19.11% | Time: 0.0218s | GPU Mem: 0.29GB/3.70GB
Epoch: 5 [200/391] Loss: 3.2321 | Acc: 20.02% | Time: 0.0288s | GPU Mem: 0.29GB/3.70GB
Epoch: 5 [300/391] Loss: 3.0988 | Acc: 20.46% | Time: 0.0272s | GPU Mem: 0.29GB/3.70GB

训练 - Loss: 3.1645, Acc: 21.02%
测试 - Loss: 2.9816, Acc: 24.37%
学习率: 0.100000, 时间: 19.42s
GPU内存使用:
  GPU 1 - 已分配: 0.29GB, 已保留: 3.70GB
最佳准确率更新: 16.02% -> 24.37%
保存最佳模型到: ./checkpoints/best_model.pth

============================================================
Epoch 7/100
============================================================
Epoch: 6 [0/391] Loss: 2.8846 | Acc: 26.56% | Time: 0.0327s | GPU Mem: 0.29GB/3.70GB
Epoch: 6 [100/391] Loss: 2.9167 | Acc: 25.06% | Time: 0.0214s | GPU Mem: 0.29GB/3.70GB
Epoch: 6 [200/391] Loss: 2.7011 | Acc: 25.87% | Time: 0.0216s | GPU Mem: 0.29GB/3.70GB
Epoch: 6 [300/391] Loss: 2.7791 | Acc: 26.79% | Time: 0.0205s | GPU Mem: 0.29GB/3.70GB

训练 - Loss: 2.8406, Acc: 27.34%
测试 - Loss: 3.0448, Acc: 25.16%
学习率: 0.100000, 时间: 19.42s
GPU内存使用:
  GPU 1 - 已分配: 0.29GB, 已保留: 3.70GB
最佳准确率更新: 24.37% -> 25.16%
保存最佳模型到: ./checkpoints/best_model.pth

============================================================
Epoch 8/100
============================================================
Epoch: 7 [0/391] Loss: 2.7276 | Acc: 28.12% | Time: 0.0326s | GPU Mem: 0.29GB/3.70GB
Epoch: 7 [100/391] Loss: 2.3675 | Acc: 31.11% | Time: 0.0258s | GPU Mem: 0.29GB/3.70GB
Epoch: 7 [200/391] Loss: 2.6527 | Acc: 31.47% | Time: 0.0203s | GPU Mem: 0.29GB/3.70GB
Epoch: 7 [300/391] Loss: 2.6329 | Acc: 32.11% | Time: 0.0206s | GPU Mem: 0.29GB/3.70GB

训练 - Loss: 2.5688, Acc: 32.76%
测试 - Loss: 2.5314, Acc: 33.95%
学习率: 0.100000, 时间: 19.41s
GPU内存使用:
  GPU 1 - 已分配: 0.29GB, 已保留: 3.70GB
最佳准确率更新: 25.16% -> 33.95%
保存最佳模型到: ./checkpoints/best_model.pth

============================================================
Epoch 9/100
============================================================
Epoch: 8 [0/391] Loss: 2.6135 | Acc: 34.38% | Time: 0.0336s | GPU Mem: 0.29GB/3.70GB
Epoch: 8 [100/391] Loss: 2.4027 | Acc: 36.14% | Time: 0.0243s | GPU Mem: 0.29GB/3.70GB
Epoch: 8 [200/391] Loss: 2.4191 | Acc: 36.87% | Time: 0.0228s | GPU Mem: 0.29GB/3.70GB
Epoch: 8 [300/391] Loss: 2.2044 | Acc: 37.22% | Time: 0.0254s | GPU Mem: 0.29GB/3.70GB

训练 - Loss: 2.3465, Acc: 37.58%
测试 - Loss: 2.4570, Acc: 35.92%
学习率: 0.100000, 时间: 19.43s
GPU内存使用:
  GPU 1 - 已分配: 0.29GB, 已保留: 3.70GB
最佳准确率更新: 33.95% -> 35.92%
保存最佳模型到: ./checkpoints/best_model.pth

============================================================
Epoch 10/100
============================================================
Epoch: 9 [0/391] Loss: 2.3088 | Acc: 35.94% | Time: 0.0326s | GPU Mem: 0.29GB/3.70GB
Epoch: 9 [100/391] Loss: 2.2037 | Acc: 41.10% | Time: 0.0216s | GPU Mem: 0.29GB/3.70GB
Epoch: 9 [200/391] Loss: 2.2145 | Acc: 41.11% | Time: 0.0339s | GPU Mem: 0.29GB/3.70GB
Epoch: 9 [300/391] Loss: 2.1886 | Acc: 41.33% | Time: 0.0208s | GPU Mem: 0.29GB/3.70GB

训练 - Loss: 2.1788, Acc: 41.31%
测试 - Loss: 2.2451, Acc: 40.60%
学习率: 0.100000, 时间: 19.46s
GPU内存使用:
  GPU 1 - 已分配: 0.29GB, 已保留: 3.70GB
最佳准确率更新: 35.92% -> 40.60%
保存最佳模型到: ./checkpoints/best_model.pth
保存checkpoint到: ./checkpoints/checkpoint_epoch_10.pth

============================================================
Epoch 11/100
============================================================
Epoch: 10 [0/391] Loss: 1.8894 | Acc: 50.78% | Time: 0.0297s | GPU Mem: 0.29GB/3.70GB
Epoch: 10 [100/391] Loss: 2.0060 | Acc: 43.42% | Time: 0.0288s | GPU Mem: 0.29GB/3.70GB
Epoch: 10 [200/391] Loss: 1.8290 | Acc: 43.74% | Time: 0.0238s | GPU Mem: 0.29GB/3.70GB
Epoch: 10 [300/391] Loss: 2.0355 | Acc: 44.00% | Time: 0.0191s | GPU Mem: 0.29GB/3.70GB

训练 - Loss: 2.0506, Acc: 44.07%
测试 - Loss: 2.1527, Acc: 42.79%
学习率: 0.100000, 时间: 19.44s
GPU内存使用:
  GPU 1 - 已分配: 0.29GB, 已保留: 3.70GB
最佳准确率更新: 40.60% -> 42.79%
保存最佳模型到: ./checkpoints/best_model.pth

============================================================
Epoch 12/100
============================================================
Epoch: 11 [0/391] Loss: 1.8654 | Acc: 50.00% | Time: 0.0283s | GPU Mem: 0.29GB/3.70GB
Epoch: 11 [100/391] Loss: 1.8986 | Acc: 46.77% | Time: 0.0209s | GPU Mem: 0.29GB/3.70GB
Epoch: 11 [200/391] Loss: 1.8949 | Acc: 46.37% | Time: 0.0279s | GPU Mem: 0.29GB/3.70GB
Epoch: 11 [300/391] Loss: 1.9994 | Acc: 46.28% | Time: 0.0270s | GPU Mem: 0.29GB/3.70GB

训练 - Loss: 1.9627, Acc: 46.19%
测试 - Loss: 2.1821, Acc: 41.53%
学习率: 0.100000, 时间: 19.45s
GPU内存使用:
  GPU 1 - 已分配: 0.29GB, 已保留: 3.70GB

============================================================
Epoch 13/100
============================================================
Epoch: 12 [0/391] Loss: 1.9951 | Acc: 46.88% | Time: 0.0321s | GPU Mem: 0.29GB/3.70GB
Epoch: 12 [100/391] Loss: 1.8543 | Acc: 48.86% | Time: 0.0275s | GPU Mem: 0.29GB/3.70GB
Epoch: 12 [200/391] Loss: 1.6409 | Acc: 48.46% | Time: 0.0266s | GPU Mem: 0.29GB/3.70GB
Epoch: 12 [300/391] Loss: 1.8158 | Acc: 48.31% | Time: 0.0214s | GPU Mem: 0.29GB/3.70GB

训练 - Loss: 1.8756, Acc: 48.20%
测试 - Loss: 2.2368, Acc: 41.18%
学习率: 0.100000, 时间: 19.40s
GPU内存使用:
  GPU 1 - 已分配: 0.29GB, 已保留: 3.70GB

============================================================
Epoch 14/100
============================================================
Epoch: 13 [0/391] Loss: 1.7914 | Acc: 49.22% | Time: 0.0338s | GPU Mem: 0.29GB/3.70GB
Epoch: 13 [100/391] Loss: 1.7906 | Acc: 50.55% | Time: 0.0213s | GPU Mem: 0.29GB/3.70GB
Epoch: 13 [200/391] Loss: 1.9280 | Acc: 49.44% | Time: 0.0225s | GPU Mem: 0.29GB/3.70GB
Epoch: 13 [300/391] Loss: 1.6212 | Acc: 49.43% | Time: 0.0390s | GPU Mem: 0.29GB/3.70GB

训练 - Loss: 1.8129, Acc: 49.80%
测试 - Loss: 2.0244, Acc: 46.17%
学习率: 0.100000, 时间: 19.47s
GPU内存使用:
  GPU 1 - 已分配: 0.29GB, 已保留: 3.70GB
最佳准确率更新: 42.79% -> 46.17%
保存最佳模型到: ./checkpoints/best_model.pth

============================================================
Epoch 15/100
============================================================
Epoch: 14 [0/391] Loss: 1.8738 | Acc: 48.44% | Time: 0.0325s | GPU Mem: 0.29GB/3.70GB
Epoch: 14 [100/391] Loss: 1.7006 | Acc: 51.21% | Time: 0.0276s | GPU Mem: 0.29GB/3.70GB
Epoch: 14 [200/391] Loss: 1.9540 | Acc: 51.15% | Time: 0.0285s | GPU Mem: 0.29GB/3.70GB
Epoch: 14 [300/391] Loss: 1.9917 | Acc: 50.88% | Time: 0.0224s | GPU Mem: 0.29GB/3.70GB

训练 - Loss: 1.7494, Acc: 50.91%
测试 - Loss: 2.0264, Acc: 46.90%
学习率: 0.100000, 时间: 19.43s
GPU内存使用:
  GPU 1 - 已分配: 0.29GB, 已保留: 3.70GB
最佳准确率更新: 46.17% -> 46.90%
保存最佳模型到: ./checkpoints/best_model.pth

============================================================
Epoch 16/100
============================================================
Epoch: 15 [0/391] Loss: 1.5271 | Acc: 52.34% | Time: 0.0330s | GPU Mem: 0.29GB/3.70GB
Epoch: 15 [100/391] Loss: 1.9869 | Acc: 52.35% | Time: 0.0215s | GPU Mem: 0.29GB/3.70GB
Epoch: 15 [200/391] Loss: 1.5660 | Acc: 52.11% | Time: 0.0204s | GPU Mem: 0.29GB/3.70GB
Epoch: 15 [300/391] Loss: 1.5802 | Acc: 52.37% | Time: 0.0297s | GPU Mem: 0.29GB/3.70GB

训练 - Loss: 1.6930, Acc: 52.46%
测试 - Loss: 1.9904, Acc: 46.26%
学习率: 0.100000, 时间: 19.45s
GPU内存使用:
  GPU 1 - 已分配: 0.29GB, 已保留: 3.70GB

============================================================
Epoch 17/100
============================================================
Epoch: 16 [0/391] Loss: 1.5435 | Acc: 53.91% | Time: 0.0288s | GPU Mem: 0.29GB/3.70GB
Epoch: 16 [100/391] Loss: 1.6713 | Acc: 54.33% | Time: 0.0231s | GPU Mem: 0.29GB/3.70GB
Epoch: 16 [200/391] Loss: 1.6690 | Acc: 54.20% | Time: 0.0212s | GPU Mem: 0.29GB/3.70GB
Epoch: 16 [300/391] Loss: 1.8090 | Acc: 53.99% | Time: 0.0228s | GPU Mem: 0.29GB/3.70GB

训练 - Loss: 1.6323, Acc: 54.11%
测试 - Loss: 2.1454, Acc: 44.54%
学习率: 0.100000, 时间: 19.39s
GPU内存使用:
  GPU 1 - 已分配: 0.29GB, 已保留: 3.70GB

============================================================
Epoch 18/100
============================================================
Epoch: 17 [0/391] Loss: 1.7511 | Acc: 52.34% | Time: 0.0287s | GPU Mem: 0.29GB/3.70GB
Epoch: 17 [100/391] Loss: 1.6627 | Acc: 55.18% | Time: 0.0276s | GPU Mem: 0.29GB/3.70GB
Epoch: 17 [200/391] Loss: 1.5711 | Acc: 54.87% | Time: 0.0276s | GPU Mem: 0.29GB/3.70GB
Epoch: 17 [300/391] Loss: 1.5323 | Acc: 54.84% | Time: 0.0270s | GPU Mem: 0.29GB/3.70GB

训练 - Loss: 1.5964, Acc: 54.87%
测试 - Loss: 1.8478, Acc: 50.01%
学习率: 0.100000, 时间: 19.40s
GPU内存使用:
  GPU 1 - 已分配: 0.29GB, 已保留: 3.70GB
最佳准确率更新: 46.90% -> 50.01%
保存最佳模型到: ./checkpoints/best_model.pth

============================================================
Epoch 19/100
============================================================
Epoch: 18 [0/391] Loss: 1.6398 | Acc: 61.72% | Time: 0.0319s | GPU Mem: 0.29GB/3.70GB
Epoch: 18 [100/391] Loss: 1.4562 | Acc: 56.27% | Time: 0.0218s | GPU Mem: 0.29GB/3.70GB
Epoch: 18 [200/391] Loss: 1.6285 | Acc: 56.01% | Time: 0.0216s | GPU Mem: 0.29GB/3.70GB
Epoch: 18 [300/391] Loss: 1.5455 | Acc: 56.14% | Time: 0.0191s | GPU Mem: 0.29GB/3.70GB

训练 - Loss: 1.5492, Acc: 56.19%
测试 - Loss: 1.8531, Acc: 50.17%
学习率: 0.100000, 时间: 19.46s
GPU内存使用:
  GPU 1 - 已分配: 0.29GB, 已保留: 3.70GB
最佳准确率更新: 50.01% -> 50.17%
保存最佳模型到: ./checkpoints/best_model.pth

============================================================
Epoch 20/100
============================================================
Epoch: 19 [0/391] Loss: 1.3876 | Acc: 60.94% | Time: 0.0297s | GPU Mem: 0.29GB/3.70GB
Epoch: 19 [100/391] Loss: 1.2050 | Acc: 58.62% | Time: 0.0277s | GPU Mem: 0.29GB/3.70GB
Epoch: 19 [200/391] Loss: 1.4762 | Acc: 57.87% | Time: 0.0252s | GPU Mem: 0.29GB/3.70GB
Epoch: 19 [300/391] Loss: 1.6523 | Acc: 57.55% | Time: 0.0223s | GPU Mem: 0.29GB/3.70GB

训练 - Loss: 1.5083, Acc: 57.47%
测试 - Loss: 2.0047, Acc: 47.83%
学习率: 0.100000, 时间: 19.38s
GPU内存使用:
  GPU 1 - 已分配: 0.29GB, 已保留: 3.70GB
保存checkpoint到: ./checkpoints/checkpoint_epoch_20.pth

============================================================
Epoch 21/100
============================================================
Epoch: 20 [0/391] Loss: 1.6169 | Acc: 56.25% | Time: 0.0184s | GPU Mem: 0.29GB/3.70GB
Epoch: 20 [100/391] Loss: 1.4911 | Acc: 58.32% | Time: 0.0186s | GPU Mem: 0.29GB/3.70GB
Epoch: 20 [200/391] Loss: 1.3597 | Acc: 58.06% | Time: 0.0244s | GPU Mem: 0.29GB/3.70GB
Epoch: 20 [300/391] Loss: 1.3275 | Acc: 57.87% | Time: 0.0211s | GPU Mem: 0.29GB/3.70GB

训练 - Loss: 1.4810, Acc: 57.73%
测试 - Loss: 1.9852, Acc: 48.64%
学习率: 0.100000, 时间: 19.41s
GPU内存使用:
  GPU 1 - 已分配: 0.29GB, 已保留: 3.70GB

============================================================
Epoch 22/100
============================================================
Epoch: 21 [0/391] Loss: 1.5409 | Acc: 57.03% | Time: 0.0313s | GPU Mem: 0.29GB/3.70GB
Epoch: 21 [100/391] Loss: 1.5009 | Acc: 58.91% | Time: 0.0309s | GPU Mem: 0.29GB/3.70GB
Epoch: 21 [200/391] Loss: 1.4138 | Acc: 58.66% | Time: 0.0215s | GPU Mem: 0.29GB/3.70GB
Epoch: 21 [300/391] Loss: 1.5379 | Acc: 58.34% | Time: 0.0217s | GPU Mem: 0.29GB/3.70GB

训练 - Loss: 1.4521, Acc: 58.45%
测试 - Loss: 2.0095, Acc: 48.98%
学习率: 0.100000, 时间: 19.45s
GPU内存使用:
  GPU 1 - 已分配: 0.29GB, 已保留: 3.70GB

============================================================
Epoch 23/100
============================================================
Epoch: 22 [0/391] Loss: 1.4301 | Acc: 61.72% | Time: 0.0256s | GPU Mem: 0.29GB/3.70GB
Epoch: 22 [100/391] Loss: 1.5160 | Acc: 60.54% | Time: 0.0254s | GPU Mem: 0.29GB/3.70GB
Epoch: 22 [200/391] Loss: 1.4786 | Acc: 59.83% | Time: 0.0269s | GPU Mem: 0.29GB/3.70GB
Epoch: 22 [300/391] Loss: 1.3775 | Acc: 59.52% | Time: 0.0221s | GPU Mem: 0.29GB/3.70GB

训练 - Loss: 1.4261, Acc: 59.42%
测试 - Loss: 1.9059, Acc: 50.02%
学习率: 0.100000, 时间: 19.42s
GPU内存使用:
  GPU 1 - 已分配: 0.29GB, 已保留: 3.70GB

============================================================
Epoch 24/100
============================================================
Epoch: 23 [0/391] Loss: 1.2799 | Acc: 60.16% | Time: 0.0328s | GPU Mem: 0.29GB/3.70GB
Epoch: 23 [100/391] Loss: 1.5255 | Acc: 60.28% | Time: 0.0228s | GPU Mem: 0.29GB/3.70GB
Epoch: 23 [200/391] Loss: 1.4083 | Acc: 60.28% | Time: 0.0193s | GPU Mem: 0.29GB/3.70GB
Epoch: 23 [300/391] Loss: 1.4078 | Acc: 60.16% | Time: 0.0247s | GPU Mem: 0.29GB/3.70GB

训练 - Loss: 1.3971, Acc: 60.06%
测试 - Loss: 1.9795, Acc: 49.12%
学习率: 0.100000, 时间: 19.36s
GPU内存使用:
  GPU 1 - 已分配: 0.29GB, 已保留: 3.70GB

============================================================
Epoch 25/100
============================================================
Epoch: 24 [0/391] Loss: 1.2057 | Acc: 62.50% | Time: 0.0270s | GPU Mem: 0.29GB/3.70GB
Epoch: 24 [100/391] Loss: 1.4991 | Acc: 61.01% | Time: 0.0231s | GPU Mem: 0.29GB/3.70GB
Epoch: 24 [200/391] Loss: 1.4583 | Acc: 61.00% | Time: 0.0276s | GPU Mem: 0.29GB/3.70GB
Epoch: 24 [300/391] Loss: 1.2921 | Acc: 60.75% | Time: 0.0316s | GPU Mem: 0.29GB/3.70GB

训练 - Loss: 1.3774, Acc: 60.62%
测试 - Loss: 1.8477, Acc: 52.12%
学习率: 0.100000, 时间: 19.45s
GPU内存使用:
  GPU 1 - 已分配: 0.29GB, 已保留: 3.70GB
最佳准确率更新: 50.17% -> 52.12%
保存最佳模型到: ./checkpoints/best_model.pth

============================================================
Epoch 26/100
============================================================
Epoch: 25 [0/391] Loss: 1.4168 | Acc: 59.38% | Time: 0.0340s | GPU Mem: 0.29GB/3.70GB
Epoch: 25 [100/391] Loss: 1.2311 | Acc: 62.45% | Time: 0.0203s | GPU Mem: 0.29GB/3.70GB
Epoch: 25 [200/391] Loss: 1.3609 | Acc: 61.51% | Time: 0.0209s | GPU Mem: 0.29GB/3.70GB
Epoch: 25 [300/391] Loss: 1.5631 | Acc: 61.16% | Time: 0.0232s | GPU Mem: 0.29GB/3.70GB

训练 - Loss: 1.3599, Acc: 60.91%
测试 - Loss: 1.6950, Acc: 53.73%
学习率: 0.100000, 时间: 19.43s
GPU内存使用:
  GPU 1 - 已分配: 0.29GB, 已保留: 3.70GB
最佳准确率更新: 52.12% -> 53.73%
保存最佳模型到: ./checkpoints/best_model.pth

============================================================
Epoch 27/100
============================================================
Epoch: 26 [0/391] Loss: 1.2454 | Acc: 62.50% | Time: 0.0238s | GPU Mem: 0.29GB/3.70GB
Epoch: 26 [100/391] Loss: 1.2952 | Acc: 63.00% | Time: 0.0213s | GPU Mem: 0.29GB/3.70GB
Epoch: 26 [200/391] Loss: 1.4710 | Acc: 62.45% | Time: 0.0205s | GPU Mem: 0.29GB/3.70GB
Epoch: 26 [300/391] Loss: 1.4482 | Acc: 61.89% | Time: 0.0276s | GPU Mem: 0.29GB/3.70GB

训练 - Loss: 1.3397, Acc: 61.46%
测试 - Loss: 1.6877, Acc: 53.92%
学习率: 0.100000, 时间: 19.38s
GPU内存使用:
  GPU 1 - 已分配: 0.29GB, 已保留: 3.70GB
最佳准确率更新: 53.73% -> 53.92%
保存最佳模型到: ./checkpoints/best_model.pth

============================================================
Epoch 28/100
============================================================
Epoch: 27 [0/391] Loss: 1.0087 | Acc: 75.00% | Time: 0.0393s | GPU Mem: 0.29GB/3.70GB
Epoch: 27 [100/391] Loss: 1.2707 | Acc: 63.67% | Time: 0.0214s | GPU Mem: 0.29GB/3.70GB
Epoch: 27 [200/391] Loss: 1.1115 | Acc: 62.85% | Time: 0.0269s | GPU Mem: 0.29GB/3.70GB
Epoch: 27 [300/391] Loss: 1.3286 | Acc: 62.51% | Time: 0.0213s | GPU Mem: 0.29GB/3.70GB

训练 - Loss: 1.3212, Acc: 62.08%
测试 - Loss: 1.8248, Acc: 52.37%
学习率: 0.100000, 时间: 19.48s
GPU内存使用:
  GPU 1 - 已分配: 0.29GB, 已保留: 3.70GB

============================================================
Epoch 29/100
============================================================
Epoch: 28 [0/391] Loss: 1.2657 | Acc: 64.84% | Time: 0.0283s | GPU Mem: 0.29GB/3.70GB
Epoch: 28 [100/391] Loss: 1.2779 | Acc: 63.39% | Time: 0.0189s | GPU Mem: 0.29GB/3.70GB
Epoch: 28 [200/391] Loss: 1.3351 | Acc: 62.69% | Time: 0.0250s | GPU Mem: 0.29GB/3.70GB
Epoch: 28 [300/391] Loss: 1.3194 | Acc: 62.25% | Time: 0.0208s | GPU Mem: 0.29GB/3.70GB

训练 - Loss: 1.3094, Acc: 62.11%
测试 - Loss: 2.0741, Acc: 49.01%
学习率: 0.100000, 时间: 19.38s
GPU内存使用:
  GPU 1 - 已分配: 0.29GB, 已保留: 3.70GB

============================================================
Epoch 30/100
============================================================
Epoch: 29 [0/391] Loss: 1.0515 | Acc: 67.19% | Time: 0.0298s | GPU Mem: 0.29GB/3.70GB
Epoch: 29 [100/391] Loss: 1.1640 | Acc: 63.54% | Time: 0.0197s | GPU Mem: 0.29GB/3.70GB
Epoch: 29 [200/391] Loss: 1.4081 | Acc: 63.13% | Time: 0.0190s | GPU Mem: 0.29GB/3.70GB
Epoch: 29 [300/391] Loss: 1.4487 | Acc: 62.68% | Time: 0.0202s | GPU Mem: 0.29GB/3.70GB

训练 - Loss: 1.2992, Acc: 62.53%
测试 - Loss: 1.8131, Acc: 52.09%
学习率: 0.100000, 时间: 19.38s
GPU内存使用:
  GPU 1 - 已分配: 0.29GB, 已保留: 3.70GB
保存checkpoint到: ./checkpoints/checkpoint_epoch_30.pth

============================================================
Epoch 31/100
============================================================
Epoch: 30 [0/391] Loss: 1.1043 | Acc: 65.62% | Time: 0.0283s | GPU Mem: 0.29GB/3.70GB
Epoch: 30 [100/391] Loss: 1.3786 | Acc: 64.33% | Time: 0.0212s | GPU Mem: 0.29GB/3.70GB
Epoch: 30 [200/391] Loss: 1.3977 | Acc: 63.72% | Time: 0.0274s | GPU Mem: 0.29GB/3.70GB
Epoch: 30 [300/391] Loss: 1.4233 | Acc: 63.40% | Time: 0.0258s | GPU Mem: 0.29GB/3.70GB

训练 - Loss: 1.2818, Acc: 63.20%
测试 - Loss: 1.7189, Acc: 54.80%
学习率: 0.100000, 时间: 19.45s
GPU内存使用:
  GPU 1 - 已分配: 0.29GB, 已保留: 3.70GB
最佳准确率更新: 53.92% -> 54.80%
保存最佳模型到: ./checkpoints/best_model.pth

============================================================
Epoch 32/100
============================================================
Epoch: 31 [0/391] Loss: 1.3244 | Acc: 59.38% | Time: 0.0350s | GPU Mem: 0.29GB/3.70GB
Epoch: 31 [100/391] Loss: 1.3742 | Acc: 64.31% | Time: 0.0277s | GPU Mem: 0.29GB/3.70GB
Epoch: 31 [200/391] Loss: 1.3100 | Acc: 63.66% | Time: 0.0218s | GPU Mem: 0.29GB/3.70GB
Epoch: 31 [300/391] Loss: 1.2639 | Acc: 63.40% | Time: 0.0211s | GPU Mem: 0.29GB/3.70GB

训练 - Loss: 1.2660, Acc: 63.09%
测试 - Loss: 1.6082, Acc: 55.94%
学习率: 0.100000, 时间: 19.44s
GPU内存使用:
  GPU 1 - 已分配: 0.29GB, 已保留: 3.70GB
最佳准确率更新: 54.80% -> 55.94%
保存最佳模型到: ./checkpoints/best_model.pth

============================================================
Epoch 33/100
============================================================
Epoch: 32 [0/391] Loss: 1.2768 | Acc: 62.50% | Time: 0.0323s | GPU Mem: 0.29GB/3.70GB
Epoch: 32 [100/391] Loss: 1.3055 | Acc: 64.26% | Time: 0.0209s | GPU Mem: 0.29GB/3.70GB
Epoch: 32 [200/391] Loss: 1.3094 | Acc: 64.13% | Time: 0.0208s | GPU Mem: 0.29GB/3.70GB
Epoch: 32 [300/391] Loss: 1.1678 | Acc: 63.81% | Time: 0.0220s | GPU Mem: 0.29GB/3.70GB

训练 - Loss: 1.2679, Acc: 63.50%
测试 - Loss: 1.6728, Acc: 55.41%
学习率: 0.100000, 时间: 19.38s
GPU内存使用:
  GPU 1 - 已分配: 0.29GB, 已保留: 3.70GB

============================================================
Epoch 34/100
============================================================
Epoch: 33 [0/391] Loss: 1.1835 | Acc: 63.28% | Time: 0.0322s | GPU Mem: 0.29GB/3.70GB
Epoch: 33 [100/391] Loss: 1.3349 | Acc: 65.12% | Time: 0.0212s | GPU Mem: 0.29GB/3.70GB
Epoch: 33 [200/391] Loss: 1.1301 | Acc: 65.01% | Time: 0.0266s | GPU Mem: 0.29GB/3.70GB
Epoch: 33 [300/391] Loss: 1.5912 | Acc: 64.24% | Time: 0.0240s | GPU Mem: 0.29GB/3.70GB

训练 - Loss: 1.2455, Acc: 64.16%
测试 - Loss: 1.8908, Acc: 50.14%
学习率: 0.100000, 时间: 19.41s
GPU内存使用:
  GPU 1 - 已分配: 0.29GB, 已保留: 3.70GB

============================================================
Epoch 35/100
============================================================
Epoch: 34 [0/391] Loss: 1.2946 | Acc: 64.06% | Time: 0.0287s | GPU Mem: 0.29GB/3.70GB
Epoch: 34 [100/391] Loss: 1.3684 | Acc: 65.35% | Time: 0.0216s | GPU Mem: 0.29GB/3.70GB
Epoch: 34 [200/391] Loss: 1.2059 | Acc: 64.67% | Time: 0.0209s | GPU Mem: 0.29GB/3.70GB
Epoch: 34 [300/391] Loss: 1.2484 | Acc: 64.43% | Time: 0.0284s | GPU Mem: 0.29GB/3.70GB

训练 - Loss: 1.2360, Acc: 64.22%
测试 - Loss: 2.0072, Acc: 50.40%
学习率: 0.100000, 时间: 19.41s
GPU内存使用:
  GPU 1 - 已分配: 0.29GB, 已保留: 3.70GB

============================================================
Epoch 36/100
============================================================
Epoch: 35 [0/391] Loss: 1.0497 | Acc: 67.97% | Time: 0.0281s | GPU Mem: 0.29GB/3.70GB
Epoch: 35 [100/391] Loss: 1.1108 | Acc: 65.76% | Time: 0.0213s | GPU Mem: 0.29GB/3.70GB
Epoch: 35 [200/391] Loss: 1.2036 | Acc: 64.95% | Time: 0.0369s | GPU Mem: 0.29GB/3.70GB
Epoch: 35 [300/391] Loss: 1.3170 | Acc: 64.50% | Time: 0.0210s | GPU Mem: 0.29GB/3.70GB

训练 - Loss: 1.2296, Acc: 64.14%
测试 - Loss: 1.7846, Acc: 53.21%
学习率: 0.100000, 时间: 19.41s
GPU内存使用:
  GPU 1 - 已分配: 0.29GB, 已保留: 3.70GB

============================================================
Epoch 37/100
============================================================
Epoch: 36 [0/391] Loss: 1.1844 | Acc: 65.62% | Time: 0.0292s | GPU Mem: 0.29GB/3.70GB
Epoch: 36 [100/391] Loss: 1.1312 | Acc: 66.05% | Time: 0.0211s | GPU Mem: 0.29GB/3.70GB
Epoch: 36 [200/391] Loss: 1.3753 | Acc: 65.42% | Time: 0.0266s | GPU Mem: 0.29GB/3.70GB
Epoch: 36 [300/391] Loss: 1.3089 | Acc: 64.97% | Time: 0.0205s | GPU Mem: 0.29GB/3.70GB

训练 - Loss: 1.2222, Acc: 64.49%
测试 - Loss: 1.6862, Acc: 55.05%
学习率: 0.100000, 时间: 19.40s
GPU内存使用:
  GPU 1 - 已分配: 0.29GB, 已保留: 3.70GB

============================================================
Epoch 38/100
============================================================
Epoch: 37 [0/391] Loss: 1.2709 | Acc: 64.84% | Time: 0.0283s | GPU Mem: 0.29GB/3.70GB
Epoch: 37 [100/391] Loss: 1.0890 | Acc: 66.14% | Time: 0.0260s | GPU Mem: 0.29GB/3.70GB
Epoch: 37 [200/391] Loss: 1.2255 | Acc: 65.53% | Time: 0.0185s | GPU Mem: 0.29GB/3.70GB
Epoch: 37 [300/391] Loss: 1.2896 | Acc: 64.89% | Time: 0.0210s | GPU Mem: 0.29GB/3.70GB

训练 - Loss: 1.2169, Acc: 64.72%
测试 - Loss: 1.6185, Acc: 56.08%
学习率: 0.100000, 时间: 19.38s
GPU内存使用:
  GPU 1 - 已分配: 0.29GB, 已保留: 3.70GB
最佳准确率更新: 55.94% -> 56.08%
保存最佳模型到: ./checkpoints/best_model.pth

============================================================
Epoch 39/100
============================================================
Epoch: 38 [0/391] Loss: 0.9658 | Acc: 68.75% | Time: 0.0325s | GPU Mem: 0.29GB/3.70GB
Epoch: 38 [100/391] Loss: 1.3790 | Acc: 66.10% | Time: 0.0223s | GPU Mem: 0.29GB/3.70GB
Epoch: 38 [200/391] Loss: 1.0656 | Acc: 65.42% | Time: 0.0224s | GPU Mem: 0.29GB/3.70GB
Epoch: 38 [300/391] Loss: 1.3566 | Acc: 65.10% | Time: 0.0272s | GPU Mem: 0.29GB/3.70GB

训练 - Loss: 1.2093, Acc: 64.85%
测试 - Loss: 1.6799, Acc: 55.46%
学习率: 0.100000, 时间: 19.43s
GPU内存使用:
  GPU 1 - 已分配: 0.29GB, 已保留: 3.70GB

============================================================
Epoch 40/100
============================================================
Epoch: 39 [0/391] Loss: 1.2400 | Acc: 65.62% | Time: 0.0287s | GPU Mem: 0.29GB/3.70GB
Epoch: 39 [100/391] Loss: 1.2185 | Acc: 66.65% | Time: 0.0282s | GPU Mem: 0.29GB/3.70GB
Epoch: 39 [200/391] Loss: 1.1290 | Acc: 65.93% | Time: 0.0216s | GPU Mem: 0.29GB/3.70GB
Epoch: 39 [300/391] Loss: 1.0781 | Acc: 65.42% | Time: 0.0257s | GPU Mem: 0.29GB/3.70GB

训练 - Loss: 1.2037, Acc: 65.15%
测试 - Loss: 1.6642, Acc: 55.70%
学习率: 0.100000, 时间: 19.43s
GPU内存使用:
  GPU 1 - 已分配: 0.29GB, 已保留: 3.70GB
保存checkpoint到: ./checkpoints/checkpoint_epoch_40.pth

============================================================
Epoch 41/100
============================================================
Epoch: 40 [0/391] Loss: 0.9951 | Acc: 70.31% | Time: 0.0335s | GPU Mem: 0.29GB/3.70GB
Epoch: 40 [100/391] Loss: 1.1011 | Acc: 66.61% | Time: 0.0285s | GPU Mem: 0.29GB/3.70GB
Epoch: 40 [200/391] Loss: 1.2487 | Acc: 65.99% | Time: 0.0241s | GPU Mem: 0.29GB/3.70GB
Epoch: 40 [300/391] Loss: 0.9840 | Acc: 65.44% | Time: 0.0267s | GPU Mem: 0.29GB/3.70GB

训练 - Loss: 1.1904, Acc: 65.28%
测试 - Loss: 1.6654, Acc: 55.64%
学习率: 0.100000, 时间: 19.37s
GPU内存使用:
  GPU 1 - 已分配: 0.29GB, 已保留: 3.70GB

============================================================
Epoch 42/100
============================================================
Epoch: 41 [0/391] Loss: 0.9784 | Acc: 71.88% | Time: 0.0306s | GPU Mem: 0.29GB/3.70GB
Epoch: 41 [100/391] Loss: 1.1138 | Acc: 67.44% | Time: 0.0244s | GPU Mem: 0.29GB/3.70GB
Epoch: 41 [200/391] Loss: 1.0678 | Acc: 66.24% | Time: 0.0256s | GPU Mem: 0.29GB/3.70GB
Epoch: 41 [300/391] Loss: 1.2957 | Acc: 65.89% | Time: 0.0235s | GPU Mem: 0.29GB/3.70GB

训练 - Loss: 1.1822, Acc: 65.56%
测试 - Loss: 1.7880, Acc: 52.81%
学习率: 0.100000, 时间: 19.41s
GPU内存使用:
  GPU 1 - 已分配: 0.29GB, 已保留: 3.70GB

============================================================
Epoch 43/100
============================================================
Epoch: 42 [0/391] Loss: 0.9721 | Acc: 71.88% | Time: 0.0228s | GPU Mem: 0.29GB/3.70GB
Epoch: 42 [100/391] Loss: 1.0340 | Acc: 67.05% | Time: 0.0275s | GPU Mem: 0.29GB/3.70GB
Epoch: 42 [200/391] Loss: 1.1530 | Acc: 66.62% | Time: 0.0248s | GPU Mem: 0.29GB/3.70GB
Epoch: 42 [300/391] Loss: 1.4106 | Acc: 66.18% | Time: 0.0241s | GPU Mem: 0.29GB/3.70GB

训练 - Loss: 1.1761, Acc: 65.80%
测试 - Loss: 1.7515, Acc: 53.03%
学习率: 0.100000, 时间: 19.43s
GPU内存使用:
  GPU 1 - 已分配: 0.29GB, 已保留: 3.70GB

============================================================
Epoch 44/100
============================================================
Epoch: 43 [0/391] Loss: 1.3162 | Acc: 57.81% | Time: 0.0243s | GPU Mem: 0.29GB/3.70GB
Epoch: 43 [100/391] Loss: 1.3020 | Acc: 67.11% | Time: 0.0215s | GPU Mem: 0.29GB/3.70GB
Epoch: 43 [200/391] Loss: 1.4498 | Acc: 66.38% | Time: 0.0364s | GPU Mem: 0.29GB/3.70GB
Epoch: 43 [300/391] Loss: 1.2432 | Acc: 66.31% | Time: 0.0281s | GPU Mem: 0.29GB/3.70GB

训练 - Loss: 1.1799, Acc: 65.79%
测试 - Loss: 1.7131, Acc: 55.45%
学习率: 0.100000, 时间: 19.37s
GPU内存使用:
  GPU 1 - 已分配: 0.29GB, 已保留: 3.70GB

============================================================
Epoch 45/100
============================================================
Epoch: 44 [0/391] Loss: 1.1472 | Acc: 68.75% | Time: 0.0207s | GPU Mem: 0.29GB/3.70GB
Epoch: 44 [100/391] Loss: 1.3070 | Acc: 66.93% | Time: 0.0275s | GPU Mem: 0.29GB/3.70GB
Epoch: 44 [200/391] Loss: 1.1498 | Acc: 66.57% | Time: 0.0219s | GPU Mem: 0.29GB/3.70GB
Epoch: 44 [300/391] Loss: 1.1192 | Acc: 66.33% | Time: 0.0216s | GPU Mem: 0.29GB/3.70GB

训练 - Loss: 1.1645, Acc: 66.13%
测试 - Loss: 1.7962, Acc: 52.84%
学习率: 0.100000, 时间: 19.39s
GPU内存使用:
  GPU 1 - 已分配: 0.29GB, 已保留: 3.70GB

============================================================
Epoch 46/100
============================================================
Epoch: 45 [0/391] Loss: 1.1825 | Acc: 69.53% | Time: 0.0341s | GPU Mem: 0.29GB/3.70GB
Epoch: 45 [100/391] Loss: 1.1139 | Acc: 68.08% | Time: 0.0239s | GPU Mem: 0.29GB/3.70GB
Epoch: 45 [200/391] Loss: 1.0436 | Acc: 66.98% | Time: 0.0277s | GPU Mem: 0.29GB/3.70GB
Epoch: 45 [300/391] Loss: 1.0656 | Acc: 66.43% | Time: 0.0219s | GPU Mem: 0.29GB/3.70GB

训练 - Loss: 1.1619, Acc: 66.34%
测试 - Loss: 1.8576, Acc: 52.51%
学习率: 0.100000, 时间: 19.38s
GPU内存使用:
  GPU 1 - 已分配: 0.29GB, 已保留: 3.70GB

============================================================
Epoch 47/100
============================================================
Epoch: 46 [0/391] Loss: 1.2734 | Acc: 67.19% | Time: 0.0272s | GPU Mem: 0.29GB/3.70GB
Epoch: 46 [100/391] Loss: 1.3284 | Acc: 67.06% | Time: 0.0266s | GPU Mem: 0.29GB/3.70GB
Epoch: 46 [200/391] Loss: 1.2613 | Acc: 66.36% | Time: 0.0223s | GPU Mem: 0.29GB/3.70GB
Epoch: 46 [300/391] Loss: 0.9666 | Acc: 66.40% | Time: 0.0231s | GPU Mem: 0.29GB/3.70GB

训练 - Loss: 1.1630, Acc: 65.93%
测试 - Loss: 1.7766, Acc: 53.00%
学习率: 0.100000, 时间: 19.38s
GPU内存使用:
  GPU 1 - 已分配: 0.29GB, 已保留: 3.70GB

============================================================
Epoch 48/100
============================================================
Epoch: 47 [0/391] Loss: 1.0228 | Acc: 68.75% | Time: 0.0228s | GPU Mem: 0.29GB/3.70GB
Epoch: 47 [100/391] Loss: 0.9598 | Acc: 68.08% | Time: 0.0285s | GPU Mem: 0.29GB/3.70GB
Epoch: 47 [200/391] Loss: 0.9952 | Acc: 67.33% | Time: 0.0228s | GPU Mem: 0.29GB/3.70GB
Epoch: 47 [300/391] Loss: 1.2388 | Acc: 66.69% | Time: 0.0245s | GPU Mem: 0.29GB/3.70GB

训练 - Loss: 1.1473, Acc: 66.65%
测试 - Loss: 1.8696, Acc: 52.16%
学习率: 0.100000, 时间: 19.37s
GPU内存使用:
  GPU 1 - 已分配: 0.29GB, 已保留: 3.70GB

============================================================
Epoch 49/100
============================================================
Epoch: 48 [0/391] Loss: 1.1476 | Acc: 67.97% | Time: 0.0321s | GPU Mem: 0.29GB/3.70GB
Epoch: 48 [100/391] Loss: 1.1308 | Acc: 67.91% | Time: 0.0220s | GPU Mem: 0.29GB/3.70GB
Epoch: 48 [200/391] Loss: 1.0083 | Acc: 67.70% | Time: 0.0209s | GPU Mem: 0.29GB/3.70GB
Epoch: 48 [300/391] Loss: 0.9590 | Acc: 67.18% | Time: 0.0280s | GPU Mem: 0.29GB/3.70GB

训练 - Loss: 1.1374, Acc: 66.83%
测试 - Loss: 1.7856, Acc: 53.09%
学习率: 0.100000, 时间: 19.36s
GPU内存使用:
  GPU 1 - 已分配: 0.29GB, 已保留: 3.70GB

============================================================
Epoch 50/100
============================================================
Epoch: 49 [0/391] Loss: 0.9563 | Acc: 71.09% | Time: 0.0294s | GPU Mem: 0.29GB/3.70GB
Epoch: 49 [100/391] Loss: 1.1885 | Acc: 67.50% | Time: 0.0301s | GPU Mem: 0.29GB/3.70GB
Epoch: 49 [200/391] Loss: 0.8445 | Acc: 67.28% | Time: 0.0196s | GPU Mem: 0.29GB/3.70GB
Epoch: 49 [300/391] Loss: 1.3408 | Acc: 67.07% | Time: 0.0245s | GPU Mem: 0.29GB/3.70GB

训练 - Loss: 1.1480, Acc: 66.47%
测试 - Loss: 1.6994, Acc: 55.93%
学习率: 0.010000, 时间: 19.42s
GPU内存使用:
  GPU 1 - 已分配: 0.29GB, 已保留: 3.70GB
保存checkpoint到: ./checkpoints/checkpoint_epoch_50.pth

============================================================
Epoch 51/100
============================================================
Epoch: 50 [0/391] Loss: 0.9934 | Acc: 68.75% | Time: 0.0319s | GPU Mem: 0.29GB/3.70GB
Epoch: 50 [100/391] Loss: 0.5866 | Acc: 75.43% | Time: 0.0276s | GPU Mem: 0.29GB/3.70GB
Epoch: 50 [200/391] Loss: 0.7260 | Acc: 77.08% | Time: 0.0225s | GPU Mem: 0.29GB/3.70GB
Epoch: 50 [300/391] Loss: 0.5391 | Acc: 78.49% | Time: 0.0251s | GPU Mem: 0.29GB/3.70GB

训练 - Loss: 0.7033, Acc: 79.28%
测试 - Loss: 0.9065, Acc: 73.63%
学习率: 0.010000, 时间: 19.41s
GPU内存使用:
  GPU 1 - 已分配: 0.29GB, 已保留: 3.70GB
最佳准确率更新: 56.08% -> 73.63%
保存最佳模型到: ./checkpoints/best_model.pth

============================================================
Epoch 52/100
============================================================
Epoch: 51 [0/391] Loss: 0.5319 | Acc: 84.38% | Time: 0.0322s | GPU Mem: 0.29GB/3.70GB
Epoch: 51 [100/391] Loss: 0.5566 | Acc: 83.73% | Time: 0.0231s | GPU Mem: 0.29GB/3.70GB
Epoch: 51 [200/391] Loss: 0.6382 | Acc: 83.54% | Time: 0.0206s | GPU Mem: 0.29GB/3.70GB
Epoch: 51 [300/391] Loss: 0.5227 | Acc: 83.48% | Time: 0.0270s | GPU Mem: 0.29GB/3.70GB

训练 - Loss: 0.5443, Acc: 83.64%
测试 - Loss: 0.8991, Acc: 74.12%
学习率: 0.010000, 时间: 19.37s
GPU内存使用:
  GPU 1 - 已分配: 0.29GB, 已保留: 3.70GB
最佳准确率更新: 73.63% -> 74.12%
保存最佳模型到: ./checkpoints/best_model.pth

============================================================
Epoch 53/100
============================================================
Epoch: 52 [0/391] Loss: 0.4230 | Acc: 88.28% | Time: 0.0268s | GPU Mem: 0.29GB/3.70GB
Epoch: 52 [100/391] Loss: 0.6036 | Acc: 85.54% | Time: 0.0218s | GPU Mem: 0.29GB/3.70GB
Epoch: 52 [200/391] Loss: 0.4169 | Acc: 85.36% | Time: 0.0219s | GPU Mem: 0.29GB/3.70GB
Epoch: 52 [300/391] Loss: 0.4286 | Acc: 85.30% | Time: 0.0219s | GPU Mem: 0.29GB/3.70GB

训练 - Loss: 0.4853, Acc: 85.20%
测试 - Loss: 0.8785, Acc: 74.95%
学习率: 0.010000, 时间: 19.46s
GPU内存使用:
  GPU 1 - 已分配: 0.29GB, 已保留: 3.70GB
最佳准确率更新: 74.12% -> 74.95%
保存最佳模型到: ./checkpoints/best_model.pth

============================================================
Epoch 54/100
============================================================
Epoch: 53 [0/391] Loss: 0.4313 | Acc: 85.94% | Time: 0.0282s | GPU Mem: 0.29GB/3.70GB
Epoch: 53 [100/391] Loss: 0.4193 | Acc: 87.40% | Time: 0.0223s | GPU Mem: 0.29GB/3.70GB
Epoch: 53 [200/391] Loss: 0.3890 | Acc: 87.38% | Time: 0.0326s | GPU Mem: 0.29GB/3.70GB
Epoch: 53 [300/391] Loss: 0.4527 | Acc: 87.05% | Time: 0.0208s | GPU Mem: 0.29GB/3.70GB

训练 - Loss: 0.4363, Acc: 86.83%
测试 - Loss: 0.8904, Acc: 75.12%
学习率: 0.010000, 时间: 19.37s
GPU内存使用:
  GPU 1 - 已分配: 0.29GB, 已保留: 3.70GB
最佳准确率更新: 74.95% -> 75.12%
保存最佳模型到: ./checkpoints/best_model.pth

============================================================
Epoch 55/100
============================================================
Epoch: 54 [0/391] Loss: 0.4078 | Acc: 85.94% | Time: 0.0348s | GPU Mem: 0.29GB/3.70GB
Epoch: 54 [100/391] Loss: 0.4016 | Acc: 88.82% | Time: 0.0212s | GPU Mem: 0.29GB/3.70GB
Epoch: 54 [200/391] Loss: 0.2959 | Acc: 88.44% | Time: 0.0276s | GPU Mem: 0.29GB/3.70GB
Epoch: 54 [300/391] Loss: 0.5259 | Acc: 88.02% | Time: 0.0225s | GPU Mem: 0.29GB/3.70GB

训练 - Loss: 0.3955, Acc: 87.89%
测试 - Loss: 0.9083, Acc: 74.96%
学习率: 0.010000, 时间: 19.33s
GPU内存使用:
  GPU 1 - 已分配: 0.29GB, 已保留: 3.70GB

============================================================
Epoch 56/100
============================================================
Epoch: 55 [0/391] Loss: 0.3238 | Acc: 90.62% | Time: 0.0389s | GPU Mem: 0.29GB/3.70GB
Epoch: 55 [100/391] Loss: 0.4059 | Acc: 89.46% | Time: 0.0230s | GPU Mem: 0.29GB/3.70GB
Epoch: 55 [200/391] Loss: 0.3020 | Acc: 89.28% | Time: 0.0209s | GPU Mem: 0.29GB/3.70GB
Epoch: 55 [300/391] Loss: 0.4951 | Acc: 89.17% | Time: 0.0204s | GPU Mem: 0.29GB/3.70GB

训练 - Loss: 0.3645, Acc: 88.90%
测试 - Loss: 0.9214, Acc: 74.69%
学习率: 0.010000, 时间: 19.37s
GPU内存使用:
  GPU 1 - 已分配: 0.29GB, 已保留: 3.70GB

============================================================
Epoch 57/100
============================================================
Epoch: 56 [0/391] Loss: 0.2674 | Acc: 91.41% | Time: 0.0269s | GPU Mem: 0.29GB/3.70GB
Epoch: 56 [100/391] Loss: 0.3232 | Acc: 90.30% | Time: 0.0221s | GPU Mem: 0.29GB/3.70GB
Epoch: 56 [200/391] Loss: 0.2899 | Acc: 90.31% | Time: 0.0250s | GPU Mem: 0.29GB/3.70GB
Epoch: 56 [300/391] Loss: 0.3153 | Acc: 90.20% | Time: 0.0265s | GPU Mem: 0.29GB/3.70GB

训练 - Loss: 0.3295, Acc: 89.92%
测试 - Loss: 0.9120, Acc: 75.03%
学习率: 0.010000, 时间: 19.33s
GPU内存使用:
  GPU 1 - 已分配: 0.29GB, 已保留: 3.70GB

============================================================
Epoch 58/100
============================================================
Epoch: 57 [0/391] Loss: 0.2080 | Acc: 94.53% | Time: 0.0225s | GPU Mem: 0.29GB/3.70GB
Epoch: 57 [100/391] Loss: 0.3660 | Acc: 91.67% | Time: 0.0215s | GPU Mem: 0.29GB/3.70GB
Epoch: 57 [200/391] Loss: 0.2626 | Acc: 91.13% | Time: 0.0204s | GPU Mem: 0.29GB/3.70GB
Epoch: 57 [300/391] Loss: 0.2380 | Acc: 90.82% | Time: 0.0204s | GPU Mem: 0.29GB/3.70GB

训练 - Loss: 0.3037, Acc: 90.67%
测试 - Loss: 0.9299, Acc: 75.17%
学习率: 0.010000, 时间: 19.30s
GPU内存使用:
  GPU 1 - 已分配: 0.29GB, 已保留: 3.70GB
最佳准确率更新: 75.12% -> 75.17%
保存最佳模型到: ./checkpoints/best_model.pth

============================================================
Epoch 59/100
============================================================
Epoch: 58 [0/391] Loss: 0.3086 | Acc: 90.62% | Time: 0.0302s | GPU Mem: 0.29GB/3.70GB
Epoch: 58 [100/391] Loss: 0.3567 | Acc: 92.13% | Time: 0.0190s | GPU Mem: 0.29GB/3.70GB
Epoch: 58 [200/391] Loss: 0.2943 | Acc: 91.83% | Time: 0.0254s | GPU Mem: 0.29GB/3.70GB
Epoch: 58 [300/391] Loss: 0.2237 | Acc: 91.64% | Time: 0.0211s | GPU Mem: 0.29GB/3.70GB

训练 - Loss: 0.2802, Acc: 91.42%
测试 - Loss: 0.9925, Acc: 74.02%
学习率: 0.010000, 时间: 19.39s
GPU内存使用:
  GPU 1 - 已分配: 0.29GB, 已保留: 3.70GB

============================================================
Epoch 60/100
============================================================
Epoch: 59 [0/391] Loss: 0.3511 | Acc: 86.72% | Time: 0.0296s | GPU Mem: 0.29GB/3.70GB
Epoch: 59 [100/391] Loss: 0.2157 | Acc: 92.88% | Time: 0.0204s | GPU Mem: 0.29GB/3.70GB
Epoch: 59 [200/391] Loss: 0.2444 | Acc: 92.44% | Time: 0.0210s | GPU Mem: 0.29GB/3.70GB
Epoch: 59 [300/391] Loss: 0.2295 | Acc: 92.27% | Time: 0.0298s | GPU Mem: 0.29GB/3.70GB

训练 - Loss: 0.2578, Acc: 92.09%
测试 - Loss: 0.9858, Acc: 74.04%
学习率: 0.010000, 时间: 19.34s
GPU内存使用:
  GPU 1 - 已分配: 0.29GB, 已保留: 3.70GB
保存checkpoint到: ./checkpoints/checkpoint_epoch_60.pth

============================================================
Epoch 61/100
============================================================
Epoch: 60 [0/391] Loss: 0.2454 | Acc: 91.41% | Time: 0.0326s | GPU Mem: 0.29GB/3.70GB
Epoch: 60 [100/391] Loss: 0.2545 | Acc: 93.55% | Time: 0.0200s | GPU Mem: 0.29GB/3.70GB
Epoch: 60 [200/391] Loss: 0.3283 | Acc: 93.17% | Time: 0.0345s | GPU Mem: 0.29GB/3.70GB
Epoch: 60 [300/391] Loss: 0.1906 | Acc: 92.93% | Time: 0.0256s | GPU Mem: 0.29GB/3.70GB

训练 - Loss: 0.2415, Acc: 92.73%
测试 - Loss: 0.9900, Acc: 74.47%
学习率: 0.010000, 时间: 19.35s
GPU内存使用:
  GPU 1 - 已分配: 0.29GB, 已保留: 3.70GB

============================================================
Epoch 62/100
============================================================
Epoch: 61 [0/391] Loss: 0.1477 | Acc: 99.22% | Time: 0.0223s | GPU Mem: 0.29GB/3.70GB
Epoch: 61 [100/391] Loss: 0.2244 | Acc: 94.11% | Time: 0.0253s | GPU Mem: 0.29GB/3.70GB
Epoch: 61 [200/391] Loss: 0.2225 | Acc: 93.73% | Time: 0.0263s | GPU Mem: 0.29GB/3.70GB
Epoch: 61 [300/391] Loss: 0.2199 | Acc: 93.44% | Time: 0.0205s | GPU Mem: 0.29GB/3.70GB

训练 - Loss: 0.2250, Acc: 93.22%
测试 - Loss: 1.0119, Acc: 74.26%
学习率: 0.010000, 时间: 19.36s
GPU内存使用:
  GPU 1 - 已分配: 0.29GB, 已保留: 3.70GB

============================================================
Epoch 63/100
============================================================
Epoch: 62 [0/391] Loss: 0.1961 | Acc: 92.97% | Time: 0.0277s | GPU Mem: 0.29GB/3.70GB
Epoch: 62 [100/391] Loss: 0.1304 | Acc: 94.07% | Time: 0.0239s | GPU Mem: 0.29GB/3.70GB
Epoch: 62 [200/391] Loss: 0.2127 | Acc: 93.84% | Time: 0.0248s | GPU Mem: 0.29GB/3.70GB
Epoch: 62 [300/391] Loss: 0.2263 | Acc: 93.72% | Time: 0.0307s | GPU Mem: 0.29GB/3.70GB

训练 - Loss: 0.2117, Acc: 93.56%
测试 - Loss: 1.0403, Acc: 74.00%
学习率: 0.010000, 时间: 19.32s
GPU内存使用:
  GPU 1 - 已分配: 0.29GB, 已保留: 3.70GB

============================================================
Epoch 64/100
============================================================
Epoch: 63 [0/391] Loss: 0.1165 | Acc: 97.66% | Time: 0.0216s | GPU Mem: 0.29GB/3.70GB
Epoch: 63 [100/391] Loss: 0.1789 | Acc: 94.56% | Time: 0.0227s | GPU Mem: 0.29GB/3.70GB
Epoch: 63 [200/391] Loss: 0.3103 | Acc: 94.36% | Time: 0.0219s | GPU Mem: 0.29GB/3.70GB
Epoch: 63 [300/391] Loss: 0.2578 | Acc: 94.14% | Time: 0.0208s | GPU Mem: 0.29GB/3.70GB

训练 - Loss: 0.2015, Acc: 93.95%
测试 - Loss: 1.0328, Acc: 74.34%
学习率: 0.010000, 时间: 19.31s
GPU内存使用:
  GPU 1 - 已分配: 0.29GB, 已保留: 3.70GB

============================================================
Epoch 65/100
============================================================
Epoch: 64 [0/391] Loss: 0.0964 | Acc: 96.88% | Time: 0.0223s | GPU Mem: 0.29GB/3.70GB
Epoch: 64 [100/391] Loss: 0.2795 | Acc: 94.96% | Time: 0.0185s | GPU Mem: 0.29GB/3.70GB
Epoch: 64 [200/391] Loss: 0.1592 | Acc: 94.68% | Time: 0.0257s | GPU Mem: 0.29GB/3.70GB
Epoch: 64 [300/391] Loss: 0.1777 | Acc: 94.37% | Time: 0.0203s | GPU Mem: 0.29GB/3.70GB

训练 - Loss: 0.1900, Acc: 94.23%
测试 - Loss: 1.0777, Acc: 73.98%
学习率: 0.010000, 时间: 19.33s
GPU内存使用:
  GPU 1 - 已分配: 0.29GB, 已保留: 3.70GB

============================================================
Epoch 66/100
============================================================
Epoch: 65 [0/391] Loss: 0.1328 | Acc: 98.44% | Time: 0.0224s | GPU Mem: 0.29GB/3.70GB
Epoch: 65 [100/391] Loss: 0.2378 | Acc: 95.12% | Time: 0.0246s | GPU Mem: 0.29GB/3.70GB
Epoch: 65 [200/391] Loss: 0.1667 | Acc: 94.87% | Time: 0.0210s | GPU Mem: 0.29GB/3.70GB
Epoch: 65 [300/391] Loss: 0.1798 | Acc: 94.58% | Time: 0.0233s | GPU Mem: 0.29GB/3.70GB

训练 - Loss: 0.1856, Acc: 94.40%
测试 - Loss: 1.0619, Acc: 73.92%
学习率: 0.010000, 时间: 19.34s
GPU内存使用:
  GPU 1 - 已分配: 0.29GB, 已保留: 3.70GB

============================================================
Epoch 67/100
============================================================
Epoch: 66 [0/391] Loss: 0.1564 | Acc: 97.66% | Time: 0.0309s | GPU Mem: 0.29GB/3.70GB
Epoch: 66 [100/391] Loss: 0.1448 | Acc: 95.41% | Time: 0.0242s | GPU Mem: 0.29GB/3.70GB
Epoch: 66 [200/391] Loss: 0.1458 | Acc: 95.20% | Time: 0.0192s | GPU Mem: 0.29GB/3.70GB
Epoch: 66 [300/391] Loss: 0.1741 | Acc: 94.96% | Time: 0.0205s | GPU Mem: 0.29GB/3.70GB

训练 - Loss: 0.1752, Acc: 94.69%
测试 - Loss: 1.0815, Acc: 73.93%
学习率: 0.010000, 时间: 19.33s
GPU内存使用:
  GPU 1 - 已分配: 0.29GB, 已保留: 3.70GB

============================================================
Epoch 68/100
============================================================
Epoch: 67 [0/391] Loss: 0.2161 | Acc: 92.97% | Time: 0.0247s | GPU Mem: 0.29GB/3.70GB
Epoch: 67 [100/391] Loss: 0.1537 | Acc: 95.39% | Time: 0.0267s | GPU Mem: 0.29GB/3.70GB
Epoch: 67 [200/391] Loss: 0.1117 | Acc: 95.15% | Time: 0.0391s | GPU Mem: 0.29GB/3.70GB
Epoch: 67 [300/391] Loss: 0.1913 | Acc: 94.92% | Time: 0.0263s | GPU Mem: 0.29GB/3.70GB

训练 - Loss: 0.1767, Acc: 94.70%
测试 - Loss: 1.0789, Acc: 73.93%
学习率: 0.010000, 时间: 19.33s
GPU内存使用:
  GPU 1 - 已分配: 0.29GB, 已保留: 3.70GB

============================================================
Epoch 69/100
============================================================
Epoch: 68 [0/391] Loss: 0.1746 | Acc: 95.31% | Time: 0.0304s | GPU Mem: 0.29GB/3.70GB
Epoch: 68 [100/391] Loss: 0.1792 | Acc: 95.81% | Time: 0.0257s | GPU Mem: 0.29GB/3.70GB
Epoch: 68 [200/391] Loss: 0.2063 | Acc: 95.50% | Time: 0.0242s | GPU Mem: 0.29GB/3.70GB
Epoch: 68 [300/391] Loss: 0.1436 | Acc: 95.20% | Time: 0.0303s | GPU Mem: 0.29GB/3.70GB

训练 - Loss: 0.1662, Acc: 95.00%
测试 - Loss: 1.0941, Acc: 73.61%
学习率: 0.010000, 时间: 19.33s
GPU内存使用:
  GPU 1 - 已分配: 0.29GB, 已保留: 3.70GB

============================================================
Epoch 70/100
============================================================
Epoch: 69 [0/391] Loss: 0.1661 | Acc: 94.53% | Time: 0.0272s | GPU Mem: 0.29GB/3.70GB
Epoch: 69 [100/391] Loss: 0.1417 | Acc: 95.61% | Time: 0.0266s | GPU Mem: 0.29GB/3.70GB
Epoch: 69 [200/391] Loss: 0.1452 | Acc: 95.25% | Time: 0.0217s | GPU Mem: 0.29GB/3.70GB
Epoch: 69 [300/391] Loss: 0.1999 | Acc: 94.94% | Time: 0.0219s | GPU Mem: 0.29GB/3.70GB

训练 - Loss: 0.1684, Acc: 94.87%
测试 - Loss: 1.1261, Acc: 73.40%
学习率: 0.010000, 时间: 19.36s
GPU内存使用:
  GPU 1 - 已分配: 0.29GB, 已保留: 3.70GB
保存checkpoint到: ./checkpoints/checkpoint_epoch_70.pth

============================================================
Epoch 71/100
============================================================
Epoch: 70 [0/391] Loss: 0.1215 | Acc: 97.66% | Time: 0.0321s | GPU Mem: 0.29GB/3.70GB
Epoch: 70 [100/391] Loss: 0.1537 | Acc: 95.37% | Time: 0.0204s | GPU Mem: 0.29GB/3.70GB
Epoch: 70 [200/391] Loss: 0.2806 | Acc: 95.41% | Time: 0.0231s | GPU Mem: 0.29GB/3.70GB
Epoch: 70 [300/391] Loss: 0.2601 | Acc: 95.26% | Time: 0.0273s | GPU Mem: 0.29GB/3.70GB

训练 - Loss: 0.1641, Acc: 95.07%
测试 - Loss: 1.1476, Acc: 73.23%
学习率: 0.010000, 时间: 19.32s
GPU内存使用:
  GPU 1 - 已分配: 0.29GB, 已保留: 3.70GB

============================================================
Epoch 72/100
============================================================
Epoch: 71 [0/391] Loss: 0.1165 | Acc: 97.66% | Time: 0.0305s | GPU Mem: 0.29GB/3.70GB
Epoch: 71 [100/391] Loss: 0.1352 | Acc: 96.23% | Time: 0.0221s | GPU Mem: 0.29GB/3.70GB
Epoch: 71 [200/391] Loss: 0.1902 | Acc: 95.83% | Time: 0.0212s | GPU Mem: 0.29GB/3.70GB
Epoch: 71 [300/391] Loss: 0.1710 | Acc: 95.53% | Time: 0.0221s | GPU Mem: 0.29GB/3.70GB

训练 - Loss: 0.1588, Acc: 95.32%
测试 - Loss: 1.1396, Acc: 73.49%
学习率: 0.010000, 时间: 19.31s
GPU内存使用:
  GPU 1 - 已分配: 0.29GB, 已保留: 3.70GB

============================================================
Epoch 73/100
============================================================
Epoch: 72 [0/391] Loss: 0.1317 | Acc: 95.31% | Time: 0.0234s | GPU Mem: 0.29GB/3.70GB
Epoch: 72 [100/391] Loss: 0.1554 | Acc: 96.02% | Time: 0.0283s | GPU Mem: 0.29GB/3.70GB
Epoch: 72 [200/391] Loss: 0.1481 | Acc: 95.49% | Time: 0.0248s | GPU Mem: 0.29GB/3.70GB
Epoch: 72 [300/391] Loss: 0.1703 | Acc: 95.23% | Time: 0.0209s | GPU Mem: 0.29GB/3.70GB

训练 - Loss: 0.1631, Acc: 95.03%
测试 - Loss: 1.1646, Acc: 72.64%
学习率: 0.010000, 时间: 19.32s
GPU内存使用:
  GPU 1 - 已分配: 0.29GB, 已保留: 3.70GB

============================================================
Epoch 74/100
============================================================
Epoch: 73 [0/391] Loss: 0.1182 | Acc: 96.09% | Time: 0.0276s | GPU Mem: 0.29GB/3.70GB
Epoch: 73 [100/391] Loss: 0.1298 | Acc: 96.02% | Time: 0.0218s | GPU Mem: 0.29GB/3.70GB
Epoch: 73 [200/391] Loss: 0.1941 | Acc: 95.85% | Time: 0.0218s | GPU Mem: 0.29GB/3.70GB
Epoch: 73 [300/391] Loss: 0.1213 | Acc: 95.58% | Time: 0.0208s | GPU Mem: 0.29GB/3.70GB

训练 - Loss: 0.1554, Acc: 95.36%
测试 - Loss: 1.1651, Acc: 72.86%
学习率: 0.010000, 时间: 19.34s
GPU内存使用:
  GPU 1 - 已分配: 0.29GB, 已保留: 3.70GB

============================================================
Epoch 75/100
============================================================
Epoch: 74 [0/391] Loss: 0.0833 | Acc: 99.22% | Time: 0.0333s | GPU Mem: 0.29GB/3.70GB
Epoch: 74 [100/391] Loss: 0.1132 | Acc: 96.24% | Time: 0.0224s | GPU Mem: 0.29GB/3.70GB
Epoch: 74 [200/391] Loss: 0.1452 | Acc: 95.95% | Time: 0.0275s | GPU Mem: 0.29GB/3.70GB
Epoch: 74 [300/391] Loss: 0.2091 | Acc: 95.54% | Time: 0.0278s | GPU Mem: 0.29GB/3.70GB

训练 - Loss: 0.1577, Acc: 95.30%
测试 - Loss: 1.2350, Acc: 71.46%
学习率: 0.010000, 时间: 19.36s
GPU内存使用:
  GPU 1 - 已分配: 0.29GB, 已保留: 3.70GB

============================================================
Epoch 76/100
============================================================
Epoch: 75 [0/391] Loss: 0.0871 | Acc: 98.44% | Time: 0.0263s | GPU Mem: 0.29GB/3.70GB
Epoch: 75 [100/391] Loss: 0.1669 | Acc: 95.27% | Time: 0.0257s | GPU Mem: 0.29GB/3.70GB
Epoch: 75 [200/391] Loss: 0.1952 | Acc: 95.20% | Time: 0.0248s | GPU Mem: 0.29GB/3.70GB
Epoch: 75 [300/391] Loss: 0.2093 | Acc: 94.88% | Time: 0.0274s | GPU Mem: 0.29GB/3.70GB

训练 - Loss: 0.1686, Acc: 94.85%
测试 - Loss: 1.1612, Acc: 73.15%
学习率: 0.010000, 时间: 19.29s
GPU内存使用:
  GPU 1 - 已分配: 0.29GB, 已保留: 3.70GB

============================================================
Epoch 77/100
============================================================
Epoch: 76 [0/391] Loss: 0.0942 | Acc: 98.44% | Time: 0.0251s | GPU Mem: 0.29GB/3.70GB
Epoch: 76 [100/391] Loss: 0.1789 | Acc: 95.65% | Time: 0.0203s | GPU Mem: 0.29GB/3.70GB
Epoch: 76 [200/391] Loss: 0.1373 | Acc: 95.63% | Time: 0.0202s | GPU Mem: 0.29GB/3.70GB
Epoch: 76 [300/391] Loss: 0.1169 | Acc: 95.46% | Time: 0.0275s | GPU Mem: 0.29GB/3.70GB

训练 - Loss: 0.1581, Acc: 95.31%
测试 - Loss: 1.1993, Acc: 72.26%
学习率: 0.010000, 时间: 19.32s
GPU内存使用:
  GPU 1 - 已分配: 0.29GB, 已保留: 3.70GB

============================================================
Epoch 78/100
============================================================
Epoch: 77 [0/391] Loss: 0.1576 | Acc: 95.31% | Time: 0.0294s | GPU Mem: 0.29GB/3.70GB
Epoch: 77 [100/391] Loss: 0.1768 | Acc: 95.89% | Time: 0.0228s | GPU Mem: 0.29GB/3.70GB
Epoch: 77 [200/391] Loss: 0.1725 | Acc: 95.63% | Time: 0.0203s | GPU Mem: 0.29GB/3.70GB
Epoch: 77 [300/391] Loss: 0.2122 | Acc: 95.36% | Time: 0.0210s | GPU Mem: 0.29GB/3.70GB

训练 - Loss: 0.1614, Acc: 95.06%
测试 - Loss: 1.1689, Acc: 72.50%
学习率: 0.010000, 时间: 19.37s
GPU内存使用:
  GPU 1 - 已分配: 0.29GB, 已保留: 3.70GB

============================================================
Epoch 79/100
============================================================
Epoch: 78 [0/391] Loss: 0.1058 | Acc: 96.88% | Time: 0.0291s | GPU Mem: 0.29GB/3.70GB
Epoch: 78 [100/391] Loss: 0.1478 | Acc: 95.86% | Time: 0.0256s | GPU Mem: 0.29GB/3.70GB
Epoch: 78 [200/391] Loss: 0.1384 | Acc: 95.37% | Time: 0.0263s | GPU Mem: 0.29GB/3.70GB
Epoch: 78 [300/391] Loss: 0.3216 | Acc: 95.14% | Time: 0.0267s | GPU Mem: 0.29GB/3.70GB

训练 - Loss: 0.1656, Acc: 94.98%
测试 - Loss: 1.2185, Acc: 71.70%
学习率: 0.010000, 时间: 19.31s
GPU内存使用:
  GPU 1 - 已分配: 0.29GB, 已保留: 3.70GB

============================================================
Epoch 80/100
============================================================
Epoch: 79 [0/391] Loss: 0.1978 | Acc: 92.97% | Time: 0.0211s | GPU Mem: 0.29GB/3.70GB
Epoch: 79 [100/391] Loss: 0.1919 | Acc: 95.60% | Time: 0.0243s | GPU Mem: 0.29GB/3.70GB
Epoch: 79 [200/391] Loss: 0.1099 | Acc: 95.15% | Time: 0.0205s | GPU Mem: 0.29GB/3.70GB
Epoch: 79 [300/391] Loss: 0.2231 | Acc: 94.89% | Time: 0.0256s | GPU Mem: 0.29GB/3.70GB

训练 - Loss: 0.1727, Acc: 94.71%
测试 - Loss: 1.2869, Acc: 70.89%
学习率: 0.010000, 时间: 19.31s
GPU内存使用:
  GPU 1 - 已分配: 0.29GB, 已保留: 3.70GB
保存checkpoint到: ./checkpoints/checkpoint_epoch_80.pth

============================================================
Epoch 81/100
============================================================
Epoch: 80 [0/391] Loss: 0.1234 | Acc: 96.09% | Time: 0.0341s | GPU Mem: 0.29GB/3.70GB
Epoch: 80 [100/391] Loss: 0.0884 | Acc: 95.95% | Time: 0.0211s | GPU Mem: 0.29GB/3.70GB
Epoch: 80 [200/391] Loss: 0.1648 | Acc: 95.78% | Time: 0.0232s | GPU Mem: 0.29GB/3.70GB
Epoch: 80 [300/391] Loss: 0.1352 | Acc: 95.44% | Time: 0.0201s | GPU Mem: 0.29GB/3.70GB

训练 - Loss: 0.1609, Acc: 95.13%
测试 - Loss: 1.2434, Acc: 71.12%
学习率: 0.010000, 时间: 19.37s
GPU内存使用:
  GPU 1 - 已分配: 0.29GB, 已保留: 3.70GB

============================================================
Epoch 82/100
============================================================
Epoch: 81 [0/391] Loss: 0.1590 | Acc: 93.75% | Time: 0.0273s | GPU Mem: 0.29GB/3.70GB
Epoch: 81 [100/391] Loss: 0.1104 | Acc: 95.30% | Time: 0.0211s | GPU Mem: 0.29GB/3.70GB
Epoch: 81 [200/391] Loss: 0.1760 | Acc: 95.24% | Time: 0.0281s | GPU Mem: 0.29GB/3.70GB
Epoch: 81 [300/391] Loss: 0.1965 | Acc: 95.07% | Time: 0.0227s | GPU Mem: 0.29GB/3.70GB

训练 - Loss: 0.1704, Acc: 94.89%
测试 - Loss: 1.2027, Acc: 72.39%
学习率: 0.010000, 时间: 19.36s
GPU内存使用:
  GPU 1 - 已分配: 0.29GB, 已保留: 3.70GB

============================================================
Epoch 83/100
============================================================
Epoch: 82 [0/391] Loss: 0.1146 | Acc: 97.66% | Time: 0.0219s | GPU Mem: 0.29GB/3.70GB
Epoch: 82 [100/391] Loss: 0.1407 | Acc: 96.06% | Time: 0.0256s | GPU Mem: 0.29GB/3.70GB
Epoch: 82 [200/391] Loss: 0.0932 | Acc: 95.65% | Time: 0.0205s | GPU Mem: 0.29GB/3.70GB
Epoch: 82 [300/391] Loss: 0.1354 | Acc: 95.31% | Time: 0.0183s | GPU Mem: 0.29GB/3.70GB

训练 - Loss: 0.1606, Acc: 95.14%
测试 - Loss: 1.2048, Acc: 71.35%
学习率: 0.010000, 时间: 19.29s
GPU内存使用:
  GPU 1 - 已分配: 0.29GB, 已保留: 3.70GB

============================================================
Epoch 84/100
============================================================
Epoch: 83 [0/391] Loss: 0.0906 | Acc: 99.22% | Time: 0.0270s | GPU Mem: 0.29GB/3.70GB
Epoch: 83 [100/391] Loss: 0.1195 | Acc: 95.71% | Time: 0.0256s | GPU Mem: 0.29GB/3.70GB
Epoch: 83 [200/391] Loss: 0.2871 | Acc: 95.46% | Time: 0.0207s | GPU Mem: 0.29GB/3.70GB
Epoch: 83 [300/391] Loss: 0.1893 | Acc: 95.24% | Time: 0.0208s | GPU Mem: 0.29GB/3.70GB

训练 - Loss: 0.1634, Acc: 95.08%
测试 - Loss: 1.1896, Acc: 72.21%
学习率: 0.010000, 时间: 19.32s
GPU内存使用:
  GPU 1 - 已分配: 0.29GB, 已保留: 3.70GB

============================================================
Epoch 85/100
============================================================
Epoch: 84 [0/391] Loss: 0.0638 | Acc: 99.22% | Time: 0.0286s | GPU Mem: 0.29GB/3.70GB
Epoch: 84 [100/391] Loss: 0.1492 | Acc: 95.44% | Time: 0.0208s | GPU Mem: 0.29GB/3.70GB
Epoch: 84 [200/391] Loss: 0.1468 | Acc: 95.58% | Time: 0.0204s | GPU Mem: 0.29GB/3.70GB
Epoch: 84 [300/391] Loss: 0.2474 | Acc: 95.29% | Time: 0.0221s | GPU Mem: 0.29GB/3.70GB

训练 - Loss: 0.1620, Acc: 95.07%
测试 - Loss: 1.2377, Acc: 71.69%
学习率: 0.010000, 时间: 19.40s
GPU内存使用:
  GPU 1 - 已分配: 0.29GB, 已保留: 3.70GB

============================================================
Epoch 86/100
============================================================
Epoch: 85 [0/391] Loss: 0.1527 | Acc: 96.88% | Time: 0.0187s | GPU Mem: 0.29GB/3.70GB
Epoch: 85 [100/391] Loss: 0.1686 | Acc: 95.74% | Time: 0.0204s | GPU Mem: 0.29GB/3.70GB
Epoch: 85 [200/391] Loss: 0.1711 | Acc: 95.50% | Time: 0.0227s | GPU Mem: 0.29GB/3.70GB
Epoch: 85 [300/391] Loss: 0.1669 | Acc: 95.44% | Time: 0.0205s | GPU Mem: 0.29GB/3.70GB

训练 - Loss: 0.1597, Acc: 95.17%
测试 - Loss: 1.2373, Acc: 71.23%
学习率: 0.010000, 时间: 19.32s
GPU内存使用:
  GPU 1 - 已分配: 0.29GB, 已保留: 3.70GB

============================================================
Epoch 87/100
============================================================
Epoch: 86 [0/391] Loss: 0.1762 | Acc: 96.09% | Time: 0.0315s | GPU Mem: 0.29GB/3.70GB
Epoch: 86 [100/391] Loss: 0.2170 | Acc: 95.50% | Time: 0.0224s | GPU Mem: 0.29GB/3.70GB
Epoch: 86 [200/391] Loss: 0.1647 | Acc: 95.40% | Time: 0.0239s | GPU Mem: 0.29GB/3.70GB
Epoch: 86 [300/391] Loss: 0.1173 | Acc: 95.09% | Time: 0.0207s | GPU Mem: 0.29GB/3.70GB

训练 - Loss: 0.1719, Acc: 94.82%
测试 - Loss: 1.2876, Acc: 70.65%
学习率: 0.010000, 时间: 19.33s
GPU内存使用:
  GPU 1 - 已分配: 0.29GB, 已保留: 3.70GB

============================================================
Epoch 88/100
============================================================
Epoch: 87 [0/391] Loss: 0.1820 | Acc: 93.75% | Time: 0.0303s | GPU Mem: 0.29GB/3.70GB
Epoch: 87 [100/391] Loss: 0.1502 | Acc: 95.71% | Time: 0.0207s | GPU Mem: 0.29GB/3.70GB
Epoch: 87 [200/391] Loss: 0.2609 | Acc: 95.74% | Time: 0.0239s | GPU Mem: 0.29GB/3.70GB
Epoch: 87 [300/391] Loss: 0.1705 | Acc: 95.45% | Time: 0.0223s | GPU Mem: 0.29GB/3.70GB

训练 - Loss: 0.1603, Acc: 95.28%
测试 - Loss: 1.2042, Acc: 71.74%
学习率: 0.010000, 时间: 19.34s
GPU内存使用:
  GPU 1 - 已分配: 0.29GB, 已保留: 3.70GB

============================================================
Epoch 89/100
============================================================
Epoch: 88 [0/391] Loss: 0.1401 | Acc: 95.31% | Time: 0.0231s | GPU Mem: 0.29GB/3.70GB
Epoch: 88 [100/391] Loss: 0.1394 | Acc: 95.98% | Time: 0.0222s | GPU Mem: 0.29GB/3.70GB
Epoch: 88 [200/391] Loss: 0.1928 | Acc: 95.75% | Time: 0.0283s | GPU Mem: 0.29GB/3.70GB
Epoch: 88 [300/391] Loss: 0.2183 | Acc: 95.45% | Time: 0.0218s | GPU Mem: 0.29GB/3.70GB

训练 - Loss: 0.1623, Acc: 95.22%
测试 - Loss: 1.2330, Acc: 71.24%
学习率: 0.010000, 时间: 19.35s
GPU内存使用:
  GPU 1 - 已分配: 0.29GB, 已保留: 3.70GB

============================================================
Epoch 90/100
============================================================
Epoch: 89 [0/391] Loss: 0.1697 | Acc: 93.75% | Time: 0.0293s | GPU Mem: 0.29GB/3.70GB
Epoch: 89 [100/391] Loss: 0.1127 | Acc: 96.23% | Time: 0.0220s | GPU Mem: 0.29GB/3.70GB
Epoch: 89 [200/391] Loss: 0.2597 | Acc: 95.88% | Time: 0.0212s | GPU Mem: 0.29GB/3.70GB
Epoch: 89 [300/391] Loss: 0.1650 | Acc: 95.55% | Time: 0.0225s | GPU Mem: 0.29GB/3.70GB

训练 - Loss: 0.1599, Acc: 95.20%
测试 - Loss: 1.2641, Acc: 71.62%
学习率: 0.010000, 时间: 19.35s
GPU内存使用:
  GPU 1 - 已分配: 0.29GB, 已保留: 3.70GB
保存checkpoint到: ./checkpoints/checkpoint_epoch_90.pth

============================================================
Epoch 91/100
============================================================
Epoch: 90 [0/391] Loss: 0.0636 | Acc: 99.22% | Time: 0.0327s | GPU Mem: 0.29GB/3.70GB
Epoch: 90 [100/391] Loss: 0.1676 | Acc: 95.45% | Time: 0.0230s | GPU Mem: 0.29GB/3.70GB
Epoch: 90 [200/391] Loss: 0.1478 | Acc: 95.04% | Time: 0.0244s | GPU Mem: 0.29GB/3.70GB
Epoch: 90 [300/391] Loss: 0.1822 | Acc: 95.02% | Time: 0.0208s | GPU Mem: 0.29GB/3.70GB

训练 - Loss: 0.1712, Acc: 94.82%
测试 - Loss: 1.2255, Acc: 71.33%
学习率: 0.010000, 时间: 19.36s
GPU内存使用:
  GPU 1 - 已分配: 0.29GB, 已保留: 3.70GB

============================================================
Epoch 92/100
============================================================
Epoch: 91 [0/391] Loss: 0.1232 | Acc: 97.66% | Time: 0.0338s | GPU Mem: 0.29GB/3.70GB
Epoch: 91 [100/391] Loss: 0.1064 | Acc: 95.75% | Time: 0.0224s | GPU Mem: 0.29GB/3.70GB
Epoch: 91 [200/391] Loss: 0.1566 | Acc: 95.69% | Time: 0.0213s | GPU Mem: 0.29GB/3.70GB
Epoch: 91 [300/391] Loss: 0.2320 | Acc: 95.27% | Time: 0.0210s | GPU Mem: 0.29GB/3.70GB

训练 - Loss: 0.1682, Acc: 94.94%
测试 - Loss: 1.2196, Acc: 71.61%
学习率: 0.010000, 时间: 19.31s
GPU内存使用:
  GPU 1 - 已分配: 0.29GB, 已保留: 3.70GB

============================================================
Epoch 93/100
============================================================
Epoch: 92 [0/391] Loss: 0.1162 | Acc: 96.88% | Time: 0.0286s | GPU Mem: 0.29GB/3.70GB
Epoch: 92 [100/391] Loss: 0.1364 | Acc: 95.58% | Time: 0.0270s | GPU Mem: 0.29GB/3.70GB
Epoch: 92 [200/391] Loss: 0.1684 | Acc: 95.70% | Time: 0.0202s | GPU Mem: 0.29GB/3.70GB
Epoch: 92 [300/391] Loss: 0.1403 | Acc: 95.50% | Time: 0.0182s | GPU Mem: 0.29GB/3.70GB

训练 - Loss: 0.1591, Acc: 95.31%
测试 - Loss: 1.2797, Acc: 71.08%
学习率: 0.010000, 时间: 19.34s
GPU内存使用:
  GPU 1 - 已分配: 0.29GB, 已保留: 3.70GB

============================================================
Epoch 94/100
============================================================
Epoch: 93 [0/391] Loss: 0.1443 | Acc: 96.09% | Time: 0.0290s | GPU Mem: 0.29GB/3.70GB
Epoch: 93 [100/391] Loss: 0.1350 | Acc: 95.92% | Time: 0.0227s | GPU Mem: 0.29GB/3.70GB
Epoch: 93 [200/391] Loss: 0.1339 | Acc: 95.66% | Time: 0.0205s | GPU Mem: 0.29GB/3.70GB
Epoch: 93 [300/391] Loss: 0.1979 | Acc: 95.47% | Time: 0.0209s | GPU Mem: 0.29GB/3.70GB

训练 - Loss: 0.1586, Acc: 95.22%
测试 - Loss: 1.2681, Acc: 70.98%
学习率: 0.010000, 时间: 19.33s
GPU内存使用:
  GPU 1 - 已分配: 0.29GB, 已保留: 3.70GB

============================================================
Epoch 95/100
============================================================
Epoch: 94 [0/391] Loss: 0.2198 | Acc: 94.53% | Time: 0.0253s | GPU Mem: 0.29GB/3.70GB
Epoch: 94 [100/391] Loss: 0.1518 | Acc: 95.63% | Time: 0.0254s | GPU Mem: 0.29GB/3.70GB
Epoch: 94 [200/391] Loss: 0.0961 | Acc: 95.35% | Time: 0.0270s | GPU Mem: 0.29GB/3.70GB
Epoch: 94 [300/391] Loss: 0.1013 | Acc: 95.27% | Time: 0.0182s | GPU Mem: 0.29GB/3.70GB

训练 - Loss: 0.1654, Acc: 95.04%
测试 - Loss: 1.2349, Acc: 71.22%
学习率: 0.010000, 时间: 19.36s
GPU内存使用:
  GPU 1 - 已分配: 0.29GB, 已保留: 3.70GB

============================================================
Epoch 96/100
============================================================
Epoch: 95 [0/391] Loss: 0.1779 | Acc: 94.53% | Time: 0.0295s | GPU Mem: 0.29GB/3.70GB
Epoch: 95 [100/391] Loss: 0.2041 | Acc: 95.30% | Time: 0.0279s | GPU Mem: 0.29GB/3.70GB
Epoch: 95 [200/391] Loss: 0.1363 | Acc: 94.94% | Time: 0.0237s | GPU Mem: 0.29GB/3.70GB
Epoch: 95 [300/391] Loss: 0.0916 | Acc: 94.96% | Time: 0.0200s | GPU Mem: 0.29GB/3.70GB

训练 - Loss: 0.1678, Acc: 94.90%
测试 - Loss: 1.2212, Acc: 71.81%
学习率: 0.010000, 时间: 19.32s
GPU内存使用:
  GPU 1 - 已分配: 0.29GB, 已保留: 3.70GB

============================================================
Epoch 97/100
============================================================
Epoch: 96 [0/391] Loss: 0.1817 | Acc: 93.75% | Time: 0.0218s | GPU Mem: 0.29GB/3.70GB
Epoch: 96 [100/391] Loss: 0.1608 | Acc: 95.78% | Time: 0.0205s | GPU Mem: 0.29GB/3.70GB
Epoch: 96 [200/391] Loss: 0.1171 | Acc: 95.83% | Time: 0.0281s | GPU Mem: 0.29GB/3.70GB
Epoch: 96 [300/391] Loss: 0.1923 | Acc: 95.47% | Time: 0.0239s | GPU Mem: 0.29GB/3.70GB

训练 - Loss: 0.1620, Acc: 95.19%
测试 - Loss: 1.3359, Acc: 69.86%
学习率: 0.010000, 时间: 19.35s
GPU内存使用:
  GPU 1 - 已分配: 0.29GB, 已保留: 3.70GB

============================================================
Epoch 98/100
============================================================
Epoch: 97 [0/391] Loss: 0.1217 | Acc: 94.53% | Time: 0.0300s | GPU Mem: 0.29GB/3.70GB
Epoch: 97 [100/391] Loss: 0.0759 | Acc: 95.27% | Time: 0.0216s | GPU Mem: 0.29GB/3.70GB
Epoch: 97 [200/391] Loss: 0.2055 | Acc: 95.16% | Time: 0.0270s | GPU Mem: 0.29GB/3.70GB
Epoch: 97 [300/391] Loss: 0.2279 | Acc: 95.04% | Time: 0.0262s | GPU Mem: 0.29GB/3.70GB

训练 - Loss: 0.1682, Acc: 94.87%
测试 - Loss: 1.2431, Acc: 70.96%
学习率: 0.010000, 时间: 19.35s
GPU内存使用:
  GPU 1 - 已分配: 0.29GB, 已保留: 3.70GB

============================================================
Epoch 99/100
============================================================
Epoch: 98 [0/391] Loss: 0.2450 | Acc: 92.19% | Time: 0.0302s | GPU Mem: 0.29GB/3.70GB
Epoch: 98 [100/391] Loss: 0.1072 | Acc: 95.95% | Time: 0.0263s | GPU Mem: 0.29GB/3.70GB
Epoch: 98 [200/391] Loss: 0.1869 | Acc: 95.82% | Time: 0.0202s | GPU Mem: 0.29GB/3.70GB
Epoch: 98 [300/391] Loss: 0.2038 | Acc: 95.57% | Time: 0.0215s | GPU Mem: 0.29GB/3.70GB

训练 - Loss: 0.1532, Acc: 95.50%
测试 - Loss: 1.2719, Acc: 71.13%
学习率: 0.010000, 时间: 19.31s
GPU内存使用:
  GPU 1 - 已分配: 0.29GB, 已保留: 3.70GB

============================================================
Epoch 100/100
============================================================
Epoch: 99 [0/391] Loss: 0.1187 | Acc: 97.66% | Time: 0.0269s | GPU Mem: 0.29GB/3.70GB
Epoch: 99 [100/391] Loss: 0.1630 | Acc: 95.75% | Time: 0.0220s | GPU Mem: 0.29GB/3.70GB
Epoch: 99 [200/391] Loss: 0.1274 | Acc: 95.86% | Time: 0.0313s | GPU Mem: 0.29GB/3.70GB
Epoch: 99 [300/391] Loss: 0.1433 | Acc: 95.69% | Time: 0.0266s | GPU Mem: 0.29GB/3.70GB

训练 - Loss: 0.1511, Acc: 95.45%
测试 - Loss: 1.2584, Acc: 71.31%
学习率: 0.001000, 时间: 19.33s
GPU内存使用:
  GPU 1 - 已分配: 0.29GB, 已保留: 3.70GB
保存checkpoint到: ./checkpoints/checkpoint_epoch_100.pth

============================================================
训练完成!
============================================================
总时间: 2131.93秒 (35.53分钟)
平均每epoch: 21.32秒
最佳测试准确率: 75.17%
保存最终模型到: ./experiments/group_4_batch_size_impact_across_training_modes_and_hardware/checkpoints/single_resnet50_bs128_gpu1_nw2_chunks0.pth

训练完成!
