====================================================================================================
Experiment: single_resnet50_bs128_gpu1_nw2_chunks0
Parameters: {
  "mode": "single",
  "model": "resnet50",
  "batch_size": 128,
  "epochs": 100,
  "dataset": "cifar100",
  "gpu_ids": [
    1
  ],
  "num_workers": 2,
  "prefetch_factor": 1,
  "chunks": 0,
  "num_gpus": 1
}
Command: python -u main.py --mode single --model resnet50 --batch-size 128 --epochs 100 --dataset cifar100 --gpu-ids 1 --num-workers 2 --prefetch-factor 1 --chunks 0 --final-checkpoint-path ./experiments/group_2_model_complexity_impact_across_training_modes/checkpoints/single_resnet50_bs128_gpu1_nw2_chunks0.pth
Start Time: 2025-12-10T02:09:53.217691
====================================================================================================

================================================================================
训练配置:
================================================================================
  mode                     : single
  gpu_ids                  : [1]
  num_gpus                 : 1
  num_workers              : 2
  prefetch_factor          : 1
  pin_memory               : True
  persistent_workers       : True
  batch_size               : 128
  epochs                   : 100
  lr                       : 0.1
  momentum                 : 0.9
  weight_decay             : 0.0005
  lr_schedule              : step
  lr_step_size             : 50
  lr_gamma                 : 0.1
  dataset                  : cifar100
  data_root                : ./data
  num_classes              : 100
  model                    : resnet50
  save_dir                 : ./checkpoints
  log_interval             : 100
  save_interval            : 10
  final_checkpoint_path    : ./experiments/group_2_model_complexity_impact_across_training_modes/checkpoints/single_resnet50_bs128_gpu1_nw2_chunks0.pth
  seed                     : 42
  resume                   : None
  evaluate                 : False
  dist_backend             : nccl
  dist_url                 : env://
  effective_batch_size     : 128
  chunks                   : 0
================================================================================

可用GPU数量: 7
  GPU 1: NVIDIA GeForce RTX 4090

使用训练模式: SINGLE

初始化单GPU训练器...
使用设备: cuda:1

开始训练 100 个epochs...
Batch size: 128
学习率: 0.1

============================================================
Epoch 1/100
============================================================
Epoch: 0 [0/391] Loss: 4.8530 | Acc: 0.00% | Time: 0.5425s | GPU Mem: 0.29GB/3.70GB
Epoch: 0 [100/391] Loss: 4.6717 | Acc: 1.11% | Time: 0.0214s | GPU Mem: 0.29GB/3.70GB
Epoch: 0 [200/391] Loss: 4.6176 | Acc: 1.27% | Time: 0.0208s | GPU Mem: 0.29GB/3.70GB
Epoch: 0 [300/391] Loss: 4.3925 | Acc: 1.48% | Time: 0.0262s | GPU Mem: 0.29GB/3.70GB

训练 - Loss: 4.7818, Acc: 1.80%
测试 - Loss: 4.3298, Acc: 3.30%
学习率: 0.100000, 时间: 20.09s
GPU内存使用:
  GPU 1 - 已分配: 0.29GB, 已保留: 3.70GB
最佳准确率更新: 0.00% -> 3.30%
保存最佳模型到: ./checkpoints/best_model.pth

============================================================
Epoch 2/100
============================================================
Epoch: 1 [0/391] Loss: 4.2570 | Acc: 1.56% | Time: 0.0380s | GPU Mem: 0.29GB/3.70GB
Epoch: 1 [100/391] Loss: 4.2531 | Acc: 4.04% | Time: 0.0243s | GPU Mem: 0.29GB/3.70GB
Epoch: 1 [200/391] Loss: 4.1032 | Acc: 4.43% | Time: 0.0239s | GPU Mem: 0.29GB/3.70GB
Epoch: 1 [300/391] Loss: 3.9215 | Acc: 4.84% | Time: 0.0286s | GPU Mem: 0.29GB/3.70GB

训练 - Loss: 4.1364, Acc: 5.21%
测试 - Loss: 3.9617, Acc: 6.89%
学习率: 0.100000, 时间: 19.46s
GPU内存使用:
  GPU 1 - 已分配: 0.29GB, 已保留: 3.70GB
最佳准确率更新: 3.30% -> 6.89%
保存最佳模型到: ./checkpoints/best_model.pth

============================================================
Epoch 3/100
============================================================
Epoch: 2 [0/391] Loss: 3.9338 | Acc: 7.81% | Time: 0.0250s | GPU Mem: 0.29GB/3.70GB
Epoch: 2 [100/391] Loss: 4.0048 | Acc: 7.24% | Time: 0.0198s | GPU Mem: 0.29GB/3.70GB
Epoch: 2 [200/391] Loss: 3.8638 | Acc: 7.73% | Time: 0.0224s | GPU Mem: 0.29GB/3.70GB
Epoch: 2 [300/391] Loss: 3.6386 | Acc: 8.18% | Time: 0.0212s | GPU Mem: 0.29GB/3.70GB

训练 - Loss: 3.8661, Acc: 8.62%
测试 - Loss: 3.7191, Acc: 10.93%
学习率: 0.100000, 时间: 19.45s
GPU内存使用:
  GPU 1 - 已分配: 0.29GB, 已保留: 3.70GB
最佳准确率更新: 6.89% -> 10.93%
保存最佳模型到: ./checkpoints/best_model.pth

============================================================
Epoch 4/100
============================================================
Epoch: 3 [0/391] Loss: 3.5765 | Acc: 10.94% | Time: 0.0333s | GPU Mem: 0.29GB/3.70GB
Epoch: 3 [100/391] Loss: 3.5637 | Acc: 11.56% | Time: 0.0296s | GPU Mem: 0.29GB/3.70GB
Epoch: 3 [200/391] Loss: 3.8378 | Acc: 12.17% | Time: 0.0241s | GPU Mem: 0.29GB/3.70GB
Epoch: 3 [300/391] Loss: 3.5266 | Acc: 12.64% | Time: 0.0279s | GPU Mem: 0.29GB/3.70GB

训练 - Loss: 3.5995, Acc: 13.22%
测试 - Loss: 3.4799, Acc: 16.27%
学习率: 0.100000, 时间: 19.43s
GPU内存使用:
  GPU 1 - 已分配: 0.29GB, 已保留: 3.70GB
最佳准确率更新: 10.93% -> 16.27%
保存最佳模型到: ./checkpoints/best_model.pth

============================================================
Epoch 5/100
============================================================
Epoch: 4 [0/391] Loss: 3.2288 | Acc: 14.06% | Time: 0.0296s | GPU Mem: 0.29GB/3.70GB
Epoch: 4 [100/391] Loss: 3.2930 | Acc: 17.30% | Time: 0.0253s | GPU Mem: 0.29GB/3.70GB
Epoch: 4 [200/391] Loss: 3.1277 | Acc: 17.62% | Time: 0.0285s | GPU Mem: 0.29GB/3.70GB
Epoch: 4 [300/391] Loss: 3.0960 | Acc: 18.43% | Time: 0.0285s | GPU Mem: 0.29GB/3.70GB

训练 - Loss: 3.3068, Acc: 18.82%
测试 - Loss: 3.1498, Acc: 21.61%
学习率: 0.100000, 时间: 19.42s
GPU内存使用:
  GPU 1 - 已分配: 0.29GB, 已保留: 3.70GB
最佳准确率更新: 16.27% -> 21.61%
保存最佳模型到: ./checkpoints/best_model.pth

============================================================
Epoch 6/100
============================================================
Epoch: 5 [0/391] Loss: 3.0126 | Acc: 23.44% | Time: 0.0331s | GPU Mem: 0.29GB/3.70GB
Epoch: 5 [100/391] Loss: 2.8686 | Acc: 22.68% | Time: 0.0221s | GPU Mem: 0.29GB/3.70GB
Epoch: 5 [200/391] Loss: 3.1529 | Acc: 23.17% | Time: 0.0306s | GPU Mem: 0.29GB/3.70GB
Epoch: 5 [300/391] Loss: 2.9035 | Acc: 23.58% | Time: 0.0254s | GPU Mem: 0.29GB/3.70GB

训练 - Loss: 3.0044, Acc: 24.19%
测试 - Loss: 2.8726, Acc: 26.52%
学习率: 0.100000, 时间: 19.40s
GPU内存使用:
  GPU 1 - 已分配: 0.29GB, 已保留: 3.70GB
最佳准确率更新: 21.61% -> 26.52%
保存最佳模型到: ./checkpoints/best_model.pth

============================================================
Epoch 7/100
============================================================
Epoch: 6 [0/391] Loss: 2.7985 | Acc: 26.56% | Time: 0.0320s | GPU Mem: 0.29GB/3.70GB
Epoch: 6 [100/391] Loss: 2.8082 | Acc: 27.97% | Time: 0.0205s | GPU Mem: 0.29GB/3.70GB
Epoch: 6 [200/391] Loss: 2.6924 | Acc: 28.95% | Time: 0.0203s | GPU Mem: 0.29GB/3.70GB
Epoch: 6 [300/391] Loss: 2.6040 | Acc: 29.73% | Time: 0.0265s | GPU Mem: 0.29GB/3.70GB

训练 - Loss: 2.7129, Acc: 30.23%
测试 - Loss: 2.7656, Acc: 29.63%
学习率: 0.100000, 时间: 19.41s
GPU内存使用:
  GPU 1 - 已分配: 0.29GB, 已保留: 3.70GB
最佳准确率更新: 26.52% -> 29.63%
保存最佳模型到: ./checkpoints/best_model.pth

============================================================
Epoch 8/100
============================================================
Epoch: 7 [0/391] Loss: 2.4795 | Acc: 32.03% | Time: 0.0350s | GPU Mem: 0.29GB/3.70GB
Epoch: 7 [100/391] Loss: 2.3715 | Acc: 33.13% | Time: 0.0308s | GPU Mem: 0.29GB/3.70GB
Epoch: 7 [200/391] Loss: 2.5839 | Acc: 33.54% | Time: 0.0299s | GPU Mem: 0.29GB/3.70GB
Epoch: 7 [300/391] Loss: 2.5531 | Acc: 34.06% | Time: 0.0210s | GPU Mem: 0.29GB/3.70GB

训练 - Loss: 2.4978, Acc: 34.50%
测试 - Loss: 2.5265, Acc: 34.73%
学习率: 0.100000, 时间: 19.40s
GPU内存使用:
  GPU 1 - 已分配: 0.29GB, 已保留: 3.70GB
最佳准确率更新: 29.63% -> 34.73%
保存最佳模型到: ./checkpoints/best_model.pth

============================================================
Epoch 9/100
============================================================
Epoch: 8 [0/391] Loss: 2.4968 | Acc: 38.28% | Time: 0.0335s | GPU Mem: 0.29GB/3.70GB
Epoch: 8 [100/391] Loss: 2.0997 | Acc: 37.56% | Time: 0.0212s | GPU Mem: 0.29GB/3.70GB
Epoch: 8 [200/391] Loss: 2.3564 | Acc: 38.11% | Time: 0.0224s | GPU Mem: 0.29GB/3.70GB
Epoch: 8 [300/391] Loss: 2.0962 | Acc: 38.45% | Time: 0.0232s | GPU Mem: 0.29GB/3.70GB

训练 - Loss: 2.3010, Acc: 38.75%
测试 - Loss: 2.3748, Acc: 37.99%
学习率: 0.100000, 时间: 19.46s
GPU内存使用:
  GPU 1 - 已分配: 0.29GB, 已保留: 3.70GB
最佳准确率更新: 34.73% -> 37.99%
保存最佳模型到: ./checkpoints/best_model.pth

============================================================
Epoch 10/100
============================================================
Epoch: 9 [0/391] Loss: 2.1994 | Acc: 41.41% | Time: 0.0256s | GPU Mem: 0.29GB/3.70GB
Epoch: 9 [100/391] Loss: 2.0556 | Acc: 41.66% | Time: 0.0251s | GPU Mem: 0.29GB/3.70GB
Epoch: 9 [200/391] Loss: 2.1970 | Acc: 42.17% | Time: 0.0207s | GPU Mem: 0.29GB/3.70GB
Epoch: 9 [300/391] Loss: 2.2849 | Acc: 42.35% | Time: 0.0211s | GPU Mem: 0.29GB/3.70GB

训练 - Loss: 2.1389, Acc: 42.34%
测试 - Loss: 2.2510, Acc: 41.11%
学习率: 0.100000, 时间: 19.41s
GPU内存使用:
  GPU 1 - 已分配: 0.29GB, 已保留: 3.70GB
最佳准确率更新: 37.99% -> 41.11%
保存最佳模型到: ./checkpoints/best_model.pth
保存checkpoint到: ./checkpoints/checkpoint_epoch_10.pth

============================================================
Epoch 11/100
============================================================
Epoch: 10 [0/391] Loss: 1.9088 | Acc: 50.00% | Time: 0.0288s | GPU Mem: 0.29GB/3.70GB
Epoch: 10 [100/391] Loss: 1.9263 | Acc: 45.47% | Time: 0.0360s | GPU Mem: 0.29GB/3.70GB
Epoch: 10 [200/391] Loss: 1.8647 | Acc: 45.25% | Time: 0.0216s | GPU Mem: 0.29GB/3.70GB
Epoch: 10 [300/391] Loss: 1.9781 | Acc: 45.19% | Time: 0.0262s | GPU Mem: 0.29GB/3.70GB

训练 - Loss: 2.0071, Acc: 45.27%
测试 - Loss: 2.3437, Acc: 40.00%
学习率: 0.100000, 时间: 19.40s
GPU内存使用:
  GPU 1 - 已分配: 0.29GB, 已保留: 3.70GB

============================================================
Epoch 12/100
============================================================
Epoch: 11 [0/391] Loss: 1.7379 | Acc: 52.34% | Time: 0.0290s | GPU Mem: 0.29GB/3.70GB
Epoch: 11 [100/391] Loss: 1.8974 | Acc: 48.14% | Time: 0.0286s | GPU Mem: 0.29GB/3.70GB
Epoch: 11 [200/391] Loss: 1.9019 | Acc: 47.78% | Time: 0.0270s | GPU Mem: 0.29GB/3.70GB
Epoch: 11 [300/391] Loss: 2.0278 | Acc: 47.90% | Time: 0.0208s | GPU Mem: 0.29GB/3.70GB

训练 - Loss: 1.8923, Acc: 47.92%
测试 - Loss: 2.1306, Acc: 43.54%
学习率: 0.100000, 时间: 19.39s
GPU内存使用:
  GPU 1 - 已分配: 0.29GB, 已保留: 3.70GB
最佳准确率更新: 41.11% -> 43.54%
保存最佳模型到: ./checkpoints/best_model.pth

============================================================
Epoch 13/100
============================================================
Epoch: 12 [0/391] Loss: 1.7925 | Acc: 49.22% | Time: 0.0341s | GPU Mem: 0.29GB/3.70GB
Epoch: 12 [100/391] Loss: 1.7137 | Acc: 50.88% | Time: 0.0209s | GPU Mem: 0.29GB/3.70GB
Epoch: 12 [200/391] Loss: 1.7873 | Acc: 50.55% | Time: 0.0282s | GPU Mem: 0.29GB/3.70GB
Epoch: 12 [300/391] Loss: 1.6779 | Acc: 50.30% | Time: 0.0271s | GPU Mem: 0.29GB/3.70GB

训练 - Loss: 1.7928, Acc: 50.15%
测试 - Loss: 2.2582, Acc: 42.18%
学习率: 0.100000, 时间: 19.37s
GPU内存使用:
  GPU 1 - 已分配: 0.29GB, 已保留: 3.70GB

============================================================
Epoch 14/100
============================================================
Epoch: 13 [0/391] Loss: 1.6719 | Acc: 55.47% | Time: 0.0242s | GPU Mem: 0.29GB/3.70GB
Epoch: 13 [100/391] Loss: 1.7006 | Acc: 52.92% | Time: 0.0328s | GPU Mem: 0.29GB/3.70GB
Epoch: 13 [200/391] Loss: 1.8108 | Acc: 52.13% | Time: 0.0219s | GPU Mem: 0.29GB/3.70GB
Epoch: 13 [300/391] Loss: 1.6056 | Acc: 52.01% | Time: 0.0231s | GPU Mem: 0.29GB/3.70GB

训练 - Loss: 1.7165, Acc: 52.26%
测试 - Loss: 2.0973, Acc: 44.82%
学习率: 0.100000, 时间: 19.47s
GPU内存使用:
  GPU 1 - 已分配: 0.29GB, 已保留: 3.70GB
最佳准确率更新: 43.54% -> 44.82%
保存最佳模型到: ./checkpoints/best_model.pth

============================================================
Epoch 15/100
============================================================
Epoch: 14 [0/391] Loss: 1.6424 | Acc: 52.34% | Time: 0.0332s | GPU Mem: 0.29GB/3.70GB
Epoch: 14 [100/391] Loss: 1.7121 | Acc: 53.64% | Time: 0.0251s | GPU Mem: 0.29GB/3.70GB
Epoch: 14 [200/391] Loss: 1.8734 | Acc: 53.84% | Time: 0.0266s | GPU Mem: 0.29GB/3.70GB
Epoch: 14 [300/391] Loss: 1.8716 | Acc: 53.54% | Time: 0.0222s | GPU Mem: 0.29GB/3.70GB

训练 - Loss: 1.6476, Acc: 53.65%
测试 - Loss: 1.9623, Acc: 46.98%
学习率: 0.100000, 时间: 19.53s
GPU内存使用:
  GPU 1 - 已分配: 0.29GB, 已保留: 3.70GB
最佳准确率更新: 44.82% -> 46.98%
保存最佳模型到: ./checkpoints/best_model.pth

============================================================
Epoch 16/100
============================================================
Epoch: 15 [0/391] Loss: 1.5241 | Acc: 54.69% | Time: 0.0347s | GPU Mem: 0.29GB/3.70GB
Epoch: 15 [100/391] Loss: 1.7828 | Acc: 54.61% | Time: 0.0221s | GPU Mem: 0.29GB/3.70GB
Epoch: 15 [200/391] Loss: 1.4007 | Acc: 54.48% | Time: 0.0375s | GPU Mem: 0.29GB/3.70GB
Epoch: 15 [300/391] Loss: 1.3922 | Acc: 54.63% | Time: 0.0220s | GPU Mem: 0.29GB/3.70GB

训练 - Loss: 1.6008, Acc: 54.73%
测试 - Loss: 2.3179, Acc: 43.60%
学习率: 0.100000, 时间: 19.58s
GPU内存使用:
  GPU 1 - 已分配: 0.29GB, 已保留: 3.70GB

============================================================
Epoch 17/100
============================================================
Epoch: 16 [0/391] Loss: 1.3196 | Acc: 58.59% | Time: 0.0290s | GPU Mem: 0.29GB/3.70GB
Epoch: 16 [100/391] Loss: 1.4588 | Acc: 56.64% | Time: 0.0219s | GPU Mem: 0.29GB/3.70GB
Epoch: 16 [200/391] Loss: 1.5844 | Acc: 56.15% | Time: 0.0275s | GPU Mem: 0.29GB/3.70GB
Epoch: 16 [300/391] Loss: 1.6822 | Acc: 56.02% | Time: 0.0230s | GPU Mem: 0.29GB/3.70GB

训练 - Loss: 1.5548, Acc: 56.02%
测试 - Loss: 1.9546, Acc: 48.96%
学习率: 0.100000, 时间: 19.44s
GPU内存使用:
  GPU 1 - 已分配: 0.29GB, 已保留: 3.70GB
最佳准确率更新: 46.98% -> 48.96%
保存最佳模型到: ./checkpoints/best_model.pth

============================================================
Epoch 18/100
============================================================
Epoch: 17 [0/391] Loss: 1.5360 | Acc: 57.03% | Time: 0.0238s | GPU Mem: 0.29GB/3.70GB
Epoch: 17 [100/391] Loss: 1.5590 | Acc: 57.51% | Time: 0.0224s | GPU Mem: 0.29GB/3.70GB
Epoch: 17 [200/391] Loss: 1.6117 | Acc: 56.92% | Time: 0.0273s | GPU Mem: 0.29GB/3.70GB
Epoch: 17 [300/391] Loss: 1.5324 | Acc: 56.74% | Time: 0.0261s | GPU Mem: 0.29GB/3.70GB

训练 - Loss: 1.5227, Acc: 56.91%
测试 - Loss: 1.9791, Acc: 48.66%
学习率: 0.100000, 时间: 19.48s
GPU内存使用:
  GPU 1 - 已分配: 0.29GB, 已保留: 3.70GB

============================================================
Epoch 19/100
============================================================
Epoch: 18 [0/391] Loss: 1.6771 | Acc: 57.03% | Time: 0.0290s | GPU Mem: 0.29GB/3.70GB
Epoch: 18 [100/391] Loss: 1.5061 | Acc: 58.83% | Time: 0.0210s | GPU Mem: 0.29GB/3.70GB
Epoch: 18 [200/391] Loss: 1.6952 | Acc: 58.22% | Time: 0.0215s | GPU Mem: 0.29GB/3.70GB
Epoch: 18 [300/391] Loss: 1.4600 | Acc: 58.20% | Time: 0.0267s | GPU Mem: 0.29GB/3.70GB

训练 - Loss: 1.4840, Acc: 58.01%
测试 - Loss: 1.8376, Acc: 50.32%
学习率: 0.100000, 时间: 19.39s
GPU内存使用:
  GPU 1 - 已分配: 0.29GB, 已保留: 3.70GB
最佳准确率更新: 48.96% -> 50.32%
保存最佳模型到: ./checkpoints/best_model.pth

============================================================
Epoch 20/100
============================================================
Epoch: 19 [0/391] Loss: 1.4221 | Acc: 63.28% | Time: 0.0328s | GPU Mem: 0.29GB/3.70GB
Epoch: 19 [100/391] Loss: 1.1667 | Acc: 59.42% | Time: 0.0259s | GPU Mem: 0.29GB/3.70GB
Epoch: 19 [200/391] Loss: 1.7070 | Acc: 59.12% | Time: 0.0245s | GPU Mem: 0.29GB/3.70GB
Epoch: 19 [300/391] Loss: 1.7017 | Acc: 58.71% | Time: 0.0253s | GPU Mem: 0.29GB/3.70GB

训练 - Loss: 1.4559, Acc: 58.63%
测试 - Loss: 2.2726, Acc: 44.47%
学习率: 0.100000, 时间: 19.60s
GPU内存使用:
  GPU 1 - 已分配: 0.29GB, 已保留: 3.70GB
保存checkpoint到: ./checkpoints/checkpoint_epoch_20.pth

============================================================
Epoch 21/100
============================================================
Epoch: 20 [0/391] Loss: 1.5039 | Acc: 57.03% | Time: 0.0349s | GPU Mem: 0.29GB/3.70GB
Epoch: 20 [100/391] Loss: 1.4128 | Acc: 59.68% | Time: 0.0214s | GPU Mem: 0.29GB/3.70GB
Epoch: 20 [200/391] Loss: 1.2648 | Acc: 59.58% | Time: 0.0306s | GPU Mem: 0.29GB/3.70GB
Epoch: 20 [300/391] Loss: 1.2261 | Acc: 59.55% | Time: 0.0361s | GPU Mem: 0.29GB/3.70GB

训练 - Loss: 1.4130, Acc: 59.47%
测试 - Loss: 2.0174, Acc: 48.17%
学习率: 0.100000, 时间: 19.56s
GPU内存使用:
  GPU 1 - 已分配: 0.29GB, 已保留: 3.70GB

============================================================
Epoch 22/100
============================================================
Epoch: 21 [0/391] Loss: 1.5014 | Acc: 53.91% | Time: 0.0315s | GPU Mem: 0.29GB/3.70GB
Epoch: 21 [100/391] Loss: 1.6415 | Acc: 60.61% | Time: 0.0228s | GPU Mem: 0.29GB/3.70GB
Epoch: 21 [200/391] Loss: 1.5429 | Acc: 60.16% | Time: 0.0213s | GPU Mem: 0.29GB/3.70GB
Epoch: 21 [300/391] Loss: 1.4800 | Acc: 59.99% | Time: 0.0275s | GPU Mem: 0.29GB/3.70GB

训练 - Loss: 1.3988, Acc: 60.12%
测试 - Loss: 2.0546, Acc: 47.86%
学习率: 0.100000, 时间: 19.65s
GPU内存使用:
  GPU 1 - 已分配: 0.29GB, 已保留: 3.70GB

============================================================
Epoch 23/100
============================================================
Epoch: 22 [0/391] Loss: 1.2443 | Acc: 65.62% | Time: 0.0350s | GPU Mem: 0.29GB/3.70GB
Epoch: 22 [100/391] Loss: 1.4962 | Acc: 60.91% | Time: 0.0318s | GPU Mem: 0.29GB/3.70GB
Epoch: 22 [200/391] Loss: 1.4141 | Acc: 60.66% | Time: 0.0223s | GPU Mem: 0.29GB/3.70GB
Epoch: 22 [300/391] Loss: 1.2459 | Acc: 60.37% | Time: 0.0324s | GPU Mem: 0.29GB/3.70GB

训练 - Loss: 1.3810, Acc: 60.33%
测试 - Loss: 1.8577, Acc: 50.86%
学习率: 0.100000, 时间: 19.57s
GPU内存使用:
  GPU 1 - 已分配: 0.29GB, 已保留: 3.70GB
最佳准确率更新: 50.32% -> 50.86%
保存最佳模型到: ./checkpoints/best_model.pth

============================================================
Epoch 24/100
============================================================
Epoch: 23 [0/391] Loss: 1.2817 | Acc: 59.38% | Time: 0.0374s | GPU Mem: 0.29GB/3.70GB
Epoch: 23 [100/391] Loss: 1.4486 | Acc: 60.88% | Time: 0.0270s | GPU Mem: 0.29GB/3.70GB
Epoch: 23 [200/391] Loss: 1.4621 | Acc: 61.49% | Time: 0.0257s | GPU Mem: 0.29GB/3.70GB
Epoch: 23 [300/391] Loss: 1.3759 | Acc: 61.33% | Time: 0.0241s | GPU Mem: 0.29GB/3.70GB

训练 - Loss: 1.3530, Acc: 61.21%
测试 - Loss: 1.8633, Acc: 50.81%
学习率: 0.100000, 时间: 19.51s
GPU内存使用:
  GPU 1 - 已分配: 0.29GB, 已保留: 3.70GB

============================================================
Epoch 25/100
============================================================
Epoch: 24 [0/391] Loss: 1.2111 | Acc: 62.50% | Time: 0.0279s | GPU Mem: 0.29GB/3.70GB
Epoch: 24 [100/391] Loss: 1.3222 | Acc: 62.81% | Time: 0.0295s | GPU Mem: 0.29GB/3.70GB
Epoch: 24 [200/391] Loss: 1.4292 | Acc: 62.49% | Time: 0.0224s | GPU Mem: 0.29GB/3.70GB
Epoch: 24 [300/391] Loss: 1.2234 | Acc: 62.16% | Time: 0.0286s | GPU Mem: 0.29GB/3.70GB

训练 - Loss: 1.3345, Acc: 61.81%
测试 - Loss: 1.9125, Acc: 51.66%
学习率: 0.100000, 时间: 19.49s
GPU内存使用:
  GPU 1 - 已分配: 0.29GB, 已保留: 3.70GB
最佳准确率更新: 50.86% -> 51.66%
保存最佳模型到: ./checkpoints/best_model.pth

============================================================
Epoch 26/100
============================================================
Epoch: 25 [0/391] Loss: 1.3126 | Acc: 63.28% | Time: 0.0355s | GPU Mem: 0.29GB/3.70GB
Epoch: 25 [100/391] Loss: 1.2260 | Acc: 63.54% | Time: 0.0232s | GPU Mem: 0.29GB/3.70GB
Epoch: 25 [200/391] Loss: 1.1848 | Acc: 62.66% | Time: 0.0285s | GPU Mem: 0.29GB/3.70GB
Epoch: 25 [300/391] Loss: 1.4064 | Acc: 62.47% | Time: 0.0241s | GPU Mem: 0.29GB/3.70GB

训练 - Loss: 1.3164, Acc: 62.06%
测试 - Loss: 1.6777, Acc: 54.38%
学习率: 0.100000, 时间: 19.48s
GPU内存使用:
  GPU 1 - 已分配: 0.29GB, 已保留: 3.70GB
最佳准确率更新: 51.66% -> 54.38%
保存最佳模型到: ./checkpoints/best_model.pth

============================================================
Epoch 27/100
============================================================
Epoch: 26 [0/391] Loss: 1.1724 | Acc: 64.06% | Time: 0.0374s | GPU Mem: 0.29GB/3.70GB
Epoch: 26 [100/391] Loss: 1.1946 | Acc: 64.10% | Time: 0.0262s | GPU Mem: 0.29GB/3.70GB
Epoch: 26 [200/391] Loss: 1.4774 | Acc: 63.34% | Time: 0.0246s | GPU Mem: 0.29GB/3.70GB
Epoch: 26 [300/391] Loss: 1.3119 | Acc: 63.05% | Time: 0.0241s | GPU Mem: 0.29GB/3.70GB

训练 - Loss: 1.3043, Acc: 62.49%
测试 - Loss: 1.6521, Acc: 54.76%
学习率: 0.100000, 时间: 19.54s
GPU内存使用:
  GPU 1 - 已分配: 0.29GB, 已保留: 3.70GB
最佳准确率更新: 54.38% -> 54.76%
保存最佳模型到: ./checkpoints/best_model.pth

============================================================
Epoch 28/100
============================================================
Epoch: 27 [0/391] Loss: 1.0852 | Acc: 71.88% | Time: 0.0284s | GPU Mem: 0.29GB/3.70GB
Epoch: 27 [100/391] Loss: 1.2553 | Acc: 64.77% | Time: 0.0285s | GPU Mem: 0.29GB/3.70GB
Epoch: 27 [200/391] Loss: 1.0075 | Acc: 63.87% | Time: 0.0273s | GPU Mem: 0.29GB/3.70GB
Epoch: 27 [300/391] Loss: 1.3060 | Acc: 63.24% | Time: 0.0234s | GPU Mem: 0.29GB/3.70GB

训练 - Loss: 1.2883, Acc: 63.00%
测试 - Loss: 1.7103, Acc: 53.57%
学习率: 0.100000, 时间: 19.55s
GPU内存使用:
  GPU 1 - 已分配: 0.29GB, 已保留: 3.70GB

============================================================
Epoch 29/100
============================================================
Epoch: 28 [0/391] Loss: 1.2674 | Acc: 66.41% | Time: 0.0256s | GPU Mem: 0.29GB/3.70GB
Epoch: 28 [100/391] Loss: 1.2098 | Acc: 64.94% | Time: 0.0237s | GPU Mem: 0.29GB/3.70GB
Epoch: 28 [200/391] Loss: 1.2210 | Acc: 64.33% | Time: 0.0230s | GPU Mem: 0.29GB/3.70GB
Epoch: 28 [300/391] Loss: 1.3631 | Acc: 63.82% | Time: 0.0240s | GPU Mem: 0.29GB/3.70GB

训练 - Loss: 1.2719, Acc: 63.46%
测试 - Loss: 1.6875, Acc: 55.34%
学习率: 0.100000, 时间: 19.51s
GPU内存使用:
  GPU 1 - 已分配: 0.29GB, 已保留: 3.70GB
最佳准确率更新: 54.76% -> 55.34%
保存最佳模型到: ./checkpoints/best_model.pth

============================================================
Epoch 30/100
============================================================
Epoch: 29 [0/391] Loss: 0.9989 | Acc: 67.97% | Time: 0.0346s | GPU Mem: 0.29GB/3.70GB
Epoch: 29 [100/391] Loss: 1.0838 | Acc: 64.29% | Time: 0.0239s | GPU Mem: 0.29GB/3.70GB
Epoch: 29 [200/391] Loss: 1.4829 | Acc: 63.97% | Time: 0.0267s | GPU Mem: 0.29GB/3.70GB
Epoch: 29 [300/391] Loss: 1.3157 | Acc: 63.64% | Time: 0.0287s | GPU Mem: 0.29GB/3.70GB

训练 - Loss: 1.2653, Acc: 63.54%
测试 - Loss: 1.7553, Acc: 53.43%
学习率: 0.100000, 时间: 19.49s
GPU内存使用:
  GPU 1 - 已分配: 0.29GB, 已保留: 3.70GB
保存checkpoint到: ./checkpoints/checkpoint_epoch_30.pth

============================================================
Epoch 31/100
============================================================
Epoch: 30 [0/391] Loss: 1.0451 | Acc: 74.22% | Time: 0.0335s | GPU Mem: 0.29GB/3.70GB
Epoch: 30 [100/391] Loss: 1.4457 | Acc: 65.18% | Time: 0.0278s | GPU Mem: 0.29GB/3.70GB
Epoch: 30 [200/391] Loss: 1.3827 | Acc: 64.54% | Time: 0.0201s | GPU Mem: 0.29GB/3.70GB
Epoch: 30 [300/391] Loss: 1.4633 | Acc: 64.09% | Time: 0.0228s | GPU Mem: 0.29GB/3.70GB

训练 - Loss: 1.2589, Acc: 63.66%
测试 - Loss: 1.9341, Acc: 49.73%
学习率: 0.100000, 时间: 19.43s
GPU内存使用:
  GPU 1 - 已分配: 0.29GB, 已保留: 3.70GB

============================================================
Epoch 32/100
============================================================
Epoch: 31 [0/391] Loss: 1.2433 | Acc: 61.72% | Time: 0.0385s | GPU Mem: 0.29GB/3.70GB
Epoch: 31 [100/391] Loss: 1.1840 | Acc: 65.71% | Time: 0.0215s | GPU Mem: 0.29GB/3.70GB
Epoch: 31 [200/391] Loss: 1.1671 | Acc: 65.07% | Time: 0.0207s | GPU Mem: 0.29GB/3.70GB
Epoch: 31 [300/391] Loss: 1.2742 | Acc: 64.58% | Time: 0.0240s | GPU Mem: 0.29GB/3.70GB

训练 - Loss: 1.2345, Acc: 64.28%
测试 - Loss: 1.7105, Acc: 54.94%
学习率: 0.100000, 时间: 19.51s
GPU内存使用:
  GPU 1 - 已分配: 0.29GB, 已保留: 3.70GB

============================================================
Epoch 33/100
============================================================
Epoch: 32 [0/391] Loss: 1.2402 | Acc: 65.62% | Time: 0.0289s | GPU Mem: 0.29GB/3.70GB
Epoch: 32 [100/391] Loss: 1.4345 | Acc: 65.15% | Time: 0.0225s | GPU Mem: 0.29GB/3.70GB
Epoch: 32 [200/391] Loss: 1.3873 | Acc: 64.97% | Time: 0.0225s | GPU Mem: 0.29GB/3.70GB
Epoch: 32 [300/391] Loss: 1.2256 | Acc: 64.58% | Time: 0.0215s | GPU Mem: 0.29GB/3.70GB

训练 - Loss: 1.2386, Acc: 64.34%
测试 - Loss: 1.6896, Acc: 54.86%
学习率: 0.100000, 时间: 19.43s
GPU内存使用:
  GPU 1 - 已分配: 0.29GB, 已保留: 3.70GB

============================================================
Epoch 34/100
============================================================
Epoch: 33 [0/391] Loss: 1.1898 | Acc: 65.62% | Time: 0.0349s | GPU Mem: 0.29GB/3.70GB
Epoch: 33 [100/391] Loss: 1.1532 | Acc: 65.88% | Time: 0.0231s | GPU Mem: 0.29GB/3.70GB
Epoch: 33 [200/391] Loss: 1.1860 | Acc: 65.26% | Time: 0.0235s | GPU Mem: 0.29GB/3.70GB
Epoch: 33 [300/391] Loss: 1.5164 | Acc: 64.77% | Time: 0.0280s | GPU Mem: 0.29GB/3.70GB

训练 - Loss: 1.2180, Acc: 64.69%
测试 - Loss: 1.6822, Acc: 55.35%
学习率: 0.100000, 时间: 19.51s
GPU内存使用:
  GPU 1 - 已分配: 0.29GB, 已保留: 3.70GB
最佳准确率更新: 55.34% -> 55.35%
保存最佳模型到: ./checkpoints/best_model.pth

============================================================
Epoch 35/100
============================================================
Epoch: 34 [0/391] Loss: 1.1760 | Acc: 60.94% | Time: 0.0326s | GPU Mem: 0.29GB/3.70GB
Epoch: 34 [100/391] Loss: 1.2876 | Acc: 66.13% | Time: 0.0229s | GPU Mem: 0.29GB/3.70GB
Epoch: 34 [200/391] Loss: 1.1973 | Acc: 65.26% | Time: 0.0223s | GPU Mem: 0.29GB/3.70GB
Epoch: 34 [300/391] Loss: 1.1280 | Acc: 64.79% | Time: 0.0296s | GPU Mem: 0.29GB/3.70GB

训练 - Loss: 1.2196, Acc: 64.71%
测试 - Loss: 1.5503, Acc: 57.45%
学习率: 0.100000, 时间: 19.50s
GPU内存使用:
  GPU 1 - 已分配: 0.29GB, 已保留: 3.70GB
最佳准确率更新: 55.35% -> 57.45%
保存最佳模型到: ./checkpoints/best_model.pth

============================================================
Epoch 36/100
============================================================
Epoch: 35 [0/391] Loss: 1.0388 | Acc: 71.88% | Time: 0.0295s | GPU Mem: 0.29GB/3.70GB
Epoch: 35 [100/391] Loss: 1.2371 | Acc: 66.65% | Time: 0.0227s | GPU Mem: 0.29GB/3.70GB
Epoch: 35 [200/391] Loss: 1.0862 | Acc: 66.09% | Time: 0.0285s | GPU Mem: 0.29GB/3.70GB
Epoch: 35 [300/391] Loss: 1.2809 | Acc: 65.45% | Time: 0.0283s | GPU Mem: 0.29GB/3.70GB

训练 - Loss: 1.2066, Acc: 65.12%
测试 - Loss: 1.8641, Acc: 52.67%
学习率: 0.100000, 时间: 19.47s
GPU内存使用:
  GPU 1 - 已分配: 0.29GB, 已保留: 3.70GB

============================================================
Epoch 37/100
============================================================
Epoch: 36 [0/391] Loss: 1.1236 | Acc: 69.53% | Time: 0.0292s | GPU Mem: 0.29GB/3.70GB
Epoch: 36 [100/391] Loss: 1.0145 | Acc: 66.47% | Time: 0.0221s | GPU Mem: 0.29GB/3.70GB
Epoch: 36 [200/391] Loss: 1.3864 | Acc: 65.71% | Time: 0.0216s | GPU Mem: 0.29GB/3.70GB
Epoch: 36 [300/391] Loss: 1.4693 | Acc: 65.25% | Time: 0.0272s | GPU Mem: 0.29GB/3.70GB

训练 - Loss: 1.2007, Acc: 64.98%
测试 - Loss: 1.6160, Acc: 56.95%
学习率: 0.100000, 时间: 19.46s
GPU内存使用:
  GPU 1 - 已分配: 0.29GB, 已保留: 3.70GB

============================================================
Epoch 38/100
============================================================
Epoch: 37 [0/391] Loss: 1.1330 | Acc: 67.19% | Time: 0.0203s | GPU Mem: 0.29GB/3.70GB
Epoch: 37 [100/391] Loss: 1.1299 | Acc: 66.45% | Time: 0.0203s | GPU Mem: 0.29GB/3.70GB
Epoch: 37 [200/391] Loss: 1.1830 | Acc: 66.03% | Time: 0.0276s | GPU Mem: 0.29GB/3.70GB
Epoch: 37 [300/391] Loss: 1.2212 | Acc: 65.34% | Time: 0.0222s | GPU Mem: 0.29GB/3.70GB

训练 - Loss: 1.1932, Acc: 65.24%
测试 - Loss: 1.6824, Acc: 56.05%
学习率: 0.100000, 时间: 19.38s
GPU内存使用:
  GPU 1 - 已分配: 0.29GB, 已保留: 3.70GB

============================================================
Epoch 39/100
============================================================
Epoch: 38 [0/391] Loss: 0.9571 | Acc: 75.00% | Time: 0.0259s | GPU Mem: 0.29GB/3.70GB
Epoch: 38 [100/391] Loss: 1.4982 | Acc: 66.74% | Time: 0.0230s | GPU Mem: 0.29GB/3.70GB
Epoch: 38 [200/391] Loss: 1.0074 | Acc: 66.44% | Time: 0.0267s | GPU Mem: 0.29GB/3.70GB
Epoch: 38 [300/391] Loss: 1.2292 | Acc: 66.25% | Time: 0.0226s | GPU Mem: 0.29GB/3.70GB

训练 - Loss: 1.1791, Acc: 65.75%
测试 - Loss: 1.6557, Acc: 55.48%
学习率: 0.100000, 时间: 19.45s
GPU内存使用:
  GPU 1 - 已分配: 0.29GB, 已保留: 3.70GB

============================================================
Epoch 40/100
============================================================
Epoch: 39 [0/391] Loss: 1.1540 | Acc: 70.31% | Time: 0.0282s | GPU Mem: 0.29GB/3.70GB
Epoch: 39 [100/391] Loss: 1.4195 | Acc: 67.33% | Time: 0.0287s | GPU Mem: 0.29GB/3.70GB
Epoch: 39 [200/391] Loss: 1.2406 | Acc: 66.20% | Time: 0.0202s | GPU Mem: 0.29GB/3.70GB
Epoch: 39 [300/391] Loss: 0.9605 | Acc: 65.95% | Time: 0.0277s | GPU Mem: 0.29GB/3.70GB

训练 - Loss: 1.1856, Acc: 65.55%
测试 - Loss: 1.5227, Acc: 58.47%
学习率: 0.100000, 时间: 19.48s
GPU内存使用:
  GPU 1 - 已分配: 0.29GB, 已保留: 3.70GB
最佳准确率更新: 57.45% -> 58.47%
保存最佳模型到: ./checkpoints/best_model.pth
保存checkpoint到: ./checkpoints/checkpoint_epoch_40.pth

============================================================
Epoch 41/100
============================================================
Epoch: 40 [0/391] Loss: 0.8860 | Acc: 72.66% | Time: 0.0350s | GPU Mem: 0.29GB/3.70GB
Epoch: 40 [100/391] Loss: 1.1857 | Acc: 67.26% | Time: 0.0221s | GPU Mem: 0.29GB/3.70GB
Epoch: 40 [200/391] Loss: 1.2408 | Acc: 66.67% | Time: 0.0287s | GPU Mem: 0.29GB/3.70GB
Epoch: 40 [300/391] Loss: 1.1177 | Acc: 66.15% | Time: 0.0230s | GPU Mem: 0.29GB/3.70GB

训练 - Loss: 1.1730, Acc: 65.92%
测试 - Loss: 1.5350, Acc: 58.46%
学习率: 0.100000, 时间: 19.45s
GPU内存使用:
  GPU 1 - 已分配: 0.29GB, 已保留: 3.70GB

============================================================
Epoch 42/100
============================================================
Epoch: 41 [0/391] Loss: 1.0103 | Acc: 74.22% | Time: 0.0292s | GPU Mem: 0.29GB/3.70GB
Epoch: 41 [100/391] Loss: 1.2236 | Acc: 68.36% | Time: 0.0213s | GPU Mem: 0.29GB/3.70GB
Epoch: 41 [200/391] Loss: 1.0695 | Acc: 67.32% | Time: 0.0282s | GPU Mem: 0.29GB/3.70GB
Epoch: 41 [300/391] Loss: 1.1404 | Acc: 66.66% | Time: 0.0222s | GPU Mem: 0.29GB/3.70GB

训练 - Loss: 1.1622, Acc: 66.32%
测试 - Loss: 1.5750, Acc: 57.93%
学习率: 0.100000, 时间: 19.43s
GPU内存使用:
  GPU 1 - 已分配: 0.29GB, 已保留: 3.70GB

============================================================
Epoch 43/100
============================================================
Epoch: 42 [0/391] Loss: 0.8561 | Acc: 69.53% | Time: 0.0267s | GPU Mem: 0.29GB/3.70GB
Epoch: 42 [100/391] Loss: 0.9452 | Acc: 68.13% | Time: 0.0265s | GPU Mem: 0.29GB/3.70GB
Epoch: 42 [200/391] Loss: 1.1447 | Acc: 67.30% | Time: 0.0241s | GPU Mem: 0.29GB/3.70GB
Epoch: 42 [300/391] Loss: 1.2592 | Acc: 66.81% | Time: 0.0281s | GPU Mem: 0.29GB/3.70GB

训练 - Loss: 1.1551, Acc: 66.56%
测试 - Loss: 1.8496, Acc: 52.86%
学习率: 0.100000, 时间: 19.40s
GPU内存使用:
  GPU 1 - 已分配: 0.29GB, 已保留: 3.70GB

============================================================
Epoch 44/100
============================================================
Epoch: 43 [0/391] Loss: 1.2298 | Acc: 57.81% | Time: 0.0220s | GPU Mem: 0.29GB/3.70GB
Epoch: 43 [100/391] Loss: 1.4508 | Acc: 67.66% | Time: 0.0265s | GPU Mem: 0.29GB/3.70GB
Epoch: 43 [200/391] Loss: 1.4695 | Acc: 67.05% | Time: 0.0216s | GPU Mem: 0.29GB/3.70GB
Epoch: 43 [300/391] Loss: 1.2974 | Acc: 66.57% | Time: 0.0253s | GPU Mem: 0.29GB/3.70GB

训练 - Loss: 1.1583, Acc: 66.19%
测试 - Loss: 1.5709, Acc: 57.90%
学习率: 0.100000, 时间: 19.44s
GPU内存使用:
  GPU 1 - 已分配: 0.29GB, 已保留: 3.70GB

============================================================
Epoch 45/100
============================================================
Epoch: 44 [0/391] Loss: 1.1523 | Acc: 64.84% | Time: 0.0283s | GPU Mem: 0.29GB/3.70GB
Epoch: 44 [100/391] Loss: 1.1511 | Acc: 67.46% | Time: 0.0260s | GPU Mem: 0.29GB/3.70GB
Epoch: 44 [200/391] Loss: 1.0787 | Acc: 66.81% | Time: 0.0276s | GPU Mem: 0.29GB/3.70GB
Epoch: 44 [300/391] Loss: 1.1582 | Acc: 66.50% | Time: 0.0259s | GPU Mem: 0.29GB/3.70GB

训练 - Loss: 1.1561, Acc: 66.39%
测试 - Loss: 1.8215, Acc: 53.60%
学习率: 0.100000, 时间: 19.38s
GPU内存使用:
  GPU 1 - 已分配: 0.29GB, 已保留: 3.70GB

============================================================
Epoch 46/100
============================================================
Epoch: 45 [0/391] Loss: 1.0294 | Acc: 69.53% | Time: 0.0253s | GPU Mem: 0.29GB/3.70GB
Epoch: 45 [100/391] Loss: 1.1836 | Acc: 68.19% | Time: 0.0253s | GPU Mem: 0.29GB/3.70GB
Epoch: 45 [200/391] Loss: 0.9326 | Acc: 67.50% | Time: 0.0305s | GPU Mem: 0.29GB/3.70GB
Epoch: 45 [300/391] Loss: 1.1964 | Acc: 66.73% | Time: 0.0218s | GPU Mem: 0.29GB/3.70GB

训练 - Loss: 1.1502, Acc: 66.58%
测试 - Loss: 1.8384, Acc: 53.36%
学习率: 0.100000, 时间: 19.49s
GPU内存使用:
  GPU 1 - 已分配: 0.29GB, 已保留: 3.70GB

============================================================
Epoch 47/100
============================================================
Epoch: 46 [0/391] Loss: 1.2537 | Acc: 63.28% | Time: 0.0284s | GPU Mem: 0.29GB/3.70GB
Epoch: 46 [100/391] Loss: 1.1978 | Acc: 67.40% | Time: 0.0234s | GPU Mem: 0.29GB/3.70GB
Epoch: 46 [200/391] Loss: 1.3087 | Acc: 66.94% | Time: 0.0273s | GPU Mem: 0.29GB/3.70GB
Epoch: 46 [300/391] Loss: 1.0524 | Acc: 66.80% | Time: 0.0215s | GPU Mem: 0.29GB/3.70GB

训练 - Loss: 1.1487, Acc: 66.26%
测试 - Loss: 1.7115, Acc: 55.05%
学习率: 0.100000, 时间: 19.48s
GPU内存使用:
  GPU 1 - 已分配: 0.29GB, 已保留: 3.70GB

============================================================
Epoch 48/100
============================================================
Epoch: 47 [0/391] Loss: 0.9456 | Acc: 75.00% | Time: 0.0269s | GPU Mem: 0.29GB/3.70GB
Epoch: 47 [100/391] Loss: 1.0634 | Acc: 67.58% | Time: 0.0206s | GPU Mem: 0.29GB/3.70GB
Epoch: 47 [200/391] Loss: 1.1264 | Acc: 67.33% | Time: 0.0222s | GPU Mem: 0.29GB/3.70GB
Epoch: 47 [300/391] Loss: 1.2002 | Acc: 66.84% | Time: 0.0263s | GPU Mem: 0.29GB/3.70GB

训练 - Loss: 1.1396, Acc: 66.83%
测试 - Loss: 2.0164, Acc: 51.33%
学习率: 0.100000, 时间: 19.41s
GPU内存使用:
  GPU 1 - 已分配: 0.29GB, 已保留: 3.70GB

============================================================
Epoch 49/100
============================================================
Epoch: 48 [0/391] Loss: 1.1578 | Acc: 66.41% | Time: 0.0293s | GPU Mem: 0.29GB/3.70GB
Epoch: 48 [100/391] Loss: 0.9328 | Acc: 68.53% | Time: 0.0230s | GPU Mem: 0.29GB/3.70GB
Epoch: 48 [200/391] Loss: 1.0733 | Acc: 67.81% | Time: 0.0230s | GPU Mem: 0.29GB/3.70GB
Epoch: 48 [300/391] Loss: 0.9955 | Acc: 67.42% | Time: 0.0208s | GPU Mem: 0.29GB/3.70GB

训练 - Loss: 1.1277, Acc: 67.14%
测试 - Loss: 1.7504, Acc: 54.32%
学习率: 0.100000, 时间: 19.44s
GPU内存使用:
  GPU 1 - 已分配: 0.29GB, 已保留: 3.70GB

============================================================
Epoch 50/100
============================================================
Epoch: 49 [0/391] Loss: 0.9254 | Acc: 71.88% | Time: 0.0261s | GPU Mem: 0.29GB/3.70GB
Epoch: 49 [100/391] Loss: 1.0816 | Acc: 68.43% | Time: 0.0206s | GPU Mem: 0.29GB/3.70GB
Epoch: 49 [200/391] Loss: 1.0152 | Acc: 67.88% | Time: 0.0210s | GPU Mem: 0.29GB/3.70GB
Epoch: 49 [300/391] Loss: 1.2198 | Acc: 67.24% | Time: 0.0207s | GPU Mem: 0.29GB/3.70GB

训练 - Loss: 1.1325, Acc: 66.66%
测试 - Loss: 1.6999, Acc: 55.15%
学习率: 0.010000, 时间: 19.39s
GPU内存使用:
  GPU 1 - 已分配: 0.29GB, 已保留: 3.70GB
保存checkpoint到: ./checkpoints/checkpoint_epoch_50.pth

============================================================
Epoch 51/100
============================================================
Epoch: 50 [0/391] Loss: 1.0027 | Acc: 64.84% | Time: 0.0321s | GPU Mem: 0.29GB/3.70GB
Epoch: 50 [100/391] Loss: 0.5529 | Acc: 76.25% | Time: 0.0301s | GPU Mem: 0.29GB/3.70GB
Epoch: 50 [200/391] Loss: 0.6886 | Acc: 77.69% | Time: 0.0218s | GPU Mem: 0.29GB/3.70GB
Epoch: 50 [300/391] Loss: 0.4978 | Acc: 78.95% | Time: 0.0241s | GPU Mem: 0.29GB/3.70GB

训练 - Loss: 0.6891, Acc: 79.62%
测试 - Loss: 0.9200, Acc: 73.22%
学习率: 0.010000, 时间: 19.44s
GPU内存使用:
  GPU 1 - 已分配: 0.29GB, 已保留: 3.70GB
最佳准确率更新: 58.47% -> 73.22%
保存最佳模型到: ./checkpoints/best_model.pth

============================================================
Epoch 52/100
============================================================
Epoch: 51 [0/391] Loss: 0.4973 | Acc: 88.28% | Time: 0.0364s | GPU Mem: 0.29GB/3.70GB
Epoch: 51 [100/391] Loss: 0.5399 | Acc: 84.27% | Time: 0.0206s | GPU Mem: 0.29GB/3.70GB
Epoch: 51 [200/391] Loss: 0.5313 | Acc: 83.95% | Time: 0.0228s | GPU Mem: 0.29GB/3.70GB
Epoch: 51 [300/391] Loss: 0.5317 | Acc: 83.90% | Time: 0.0211s | GPU Mem: 0.29GB/3.70GB

训练 - Loss: 0.5333, Acc: 83.94%
测试 - Loss: 0.9079, Acc: 73.92%
学习率: 0.010000, 时间: 19.42s
GPU内存使用:
  GPU 1 - 已分配: 0.29GB, 已保留: 3.70GB
最佳准确率更新: 73.22% -> 73.92%
保存最佳模型到: ./checkpoints/best_model.pth

============================================================
Epoch 53/100
============================================================
Epoch: 52 [0/391] Loss: 0.3439 | Acc: 87.50% | Time: 0.0304s | GPU Mem: 0.29GB/3.70GB
Epoch: 52 [100/391] Loss: 0.5428 | Acc: 85.48% | Time: 0.0242s | GPU Mem: 0.29GB/3.70GB
Epoch: 52 [200/391] Loss: 0.4183 | Acc: 85.57% | Time: 0.0288s | GPU Mem: 0.29GB/3.70GB
Epoch: 52 [300/391] Loss: 0.4108 | Acc: 85.61% | Time: 0.0221s | GPU Mem: 0.29GB/3.70GB

训练 - Loss: 0.4734, Acc: 85.49%
测试 - Loss: 0.8863, Acc: 74.93%
学习率: 0.010000, 时间: 19.56s
GPU内存使用:
  GPU 1 - 已分配: 0.29GB, 已保留: 3.70GB
最佳准确率更新: 73.92% -> 74.93%
保存最佳模型到: ./checkpoints/best_model.pth

============================================================
Epoch 54/100
============================================================
Epoch: 53 [0/391] Loss: 0.4832 | Acc: 82.03% | Time: 0.0281s | GPU Mem: 0.29GB/3.70GB
Epoch: 53 [100/391] Loss: 0.4101 | Acc: 87.63% | Time: 0.0226s | GPU Mem: 0.29GB/3.70GB
Epoch: 53 [200/391] Loss: 0.3890 | Acc: 87.41% | Time: 0.0254s | GPU Mem: 0.29GB/3.70GB
Epoch: 53 [300/391] Loss: 0.3928 | Acc: 87.37% | Time: 0.0268s | GPU Mem: 0.29GB/3.70GB

训练 - Loss: 0.4280, Acc: 87.14%
测试 - Loss: 0.8976, Acc: 74.29%
学习率: 0.010000, 时间: 19.59s
GPU内存使用:
  GPU 1 - 已分配: 0.29GB, 已保留: 3.70GB

============================================================
Epoch 55/100
============================================================
Epoch: 54 [0/391] Loss: 0.4235 | Acc: 86.72% | Time: 0.0254s | GPU Mem: 0.29GB/3.70GB
Epoch: 54 [100/391] Loss: 0.3364 | Acc: 89.09% | Time: 0.0234s | GPU Mem: 0.29GB/3.70GB
Epoch: 54 [200/391] Loss: 0.3563 | Acc: 88.70% | Time: 0.0304s | GPU Mem: 0.29GB/3.70GB
Epoch: 54 [300/391] Loss: 0.4785 | Acc: 88.47% | Time: 0.0332s | GPU Mem: 0.29GB/3.70GB

训练 - Loss: 0.3880, Acc: 88.28%
测试 - Loss: 0.9074, Acc: 74.70%
学习率: 0.010000, 时间: 19.49s
GPU内存使用:
  GPU 1 - 已分配: 0.29GB, 已保留: 3.70GB

============================================================
Epoch 56/100
============================================================
Epoch: 55 [0/391] Loss: 0.3231 | Acc: 90.62% | Time: 0.0283s | GPU Mem: 0.29GB/3.70GB
Epoch: 55 [100/391] Loss: 0.3937 | Acc: 89.77% | Time: 0.0240s | GPU Mem: 0.29GB/3.70GB
Epoch: 55 [200/391] Loss: 0.3039 | Acc: 89.55% | Time: 0.0217s | GPU Mem: 0.29GB/3.70GB
Epoch: 55 [300/391] Loss: 0.4043 | Acc: 89.31% | Time: 0.0271s | GPU Mem: 0.29GB/3.70GB

训练 - Loss: 0.3551, Acc: 89.07%
测试 - Loss: 0.9165, Acc: 74.83%
学习率: 0.010000, 时间: 19.48s
GPU内存使用:
  GPU 1 - 已分配: 0.29GB, 已保留: 3.70GB

============================================================
Epoch 57/100
============================================================
Epoch: 56 [0/391] Loss: 0.2268 | Acc: 92.19% | Time: 0.0234s | GPU Mem: 0.29GB/3.70GB
Epoch: 56 [100/391] Loss: 0.3462 | Acc: 90.52% | Time: 0.0229s | GPU Mem: 0.29GB/3.70GB
Epoch: 56 [200/391] Loss: 0.2971 | Acc: 90.36% | Time: 0.0284s | GPU Mem: 0.29GB/3.70GB
Epoch: 56 [300/391] Loss: 0.3555 | Acc: 90.21% | Time: 0.0237s | GPU Mem: 0.29GB/3.70GB

训练 - Loss: 0.3252, Acc: 90.00%
测试 - Loss: 0.9134, Acc: 75.04%
学习率: 0.010000, 时间: 19.50s
GPU内存使用:
  GPU 1 - 已分配: 0.29GB, 已保留: 3.70GB
最佳准确率更新: 74.93% -> 75.04%
保存最佳模型到: ./checkpoints/best_model.pth

============================================================
Epoch 58/100
============================================================
Epoch: 57 [0/391] Loss: 0.2262 | Acc: 92.97% | Time: 0.0333s | GPU Mem: 0.29GB/3.70GB
Epoch: 57 [100/391] Loss: 0.3052 | Acc: 91.57% | Time: 0.0285s | GPU Mem: 0.29GB/3.70GB
Epoch: 57 [200/391] Loss: 0.2313 | Acc: 91.18% | Time: 0.0271s | GPU Mem: 0.29GB/3.70GB
Epoch: 57 [300/391] Loss: 0.2022 | Acc: 90.99% | Time: 0.0218s | GPU Mem: 0.29GB/3.70GB

训练 - Loss: 0.3016, Acc: 90.85%
测试 - Loss: 0.9474, Acc: 74.85%
学习率: 0.010000, 时间: 19.49s
GPU内存使用:
  GPU 1 - 已分配: 0.29GB, 已保留: 3.70GB

============================================================
Epoch 59/100
============================================================
Epoch: 58 [0/391] Loss: 0.3391 | Acc: 89.06% | Time: 0.0281s | GPU Mem: 0.29GB/3.70GB
Epoch: 58 [100/391] Loss: 0.2890 | Acc: 92.35% | Time: 0.0271s | GPU Mem: 0.29GB/3.70GB
Epoch: 58 [200/391] Loss: 0.2967 | Acc: 92.21% | Time: 0.0243s | GPU Mem: 0.29GB/3.70GB
Epoch: 58 [300/391] Loss: 0.2125 | Acc: 91.79% | Time: 0.0221s | GPU Mem: 0.29GB/3.70GB

训练 - Loss: 0.2753, Acc: 91.69%
测试 - Loss: 0.9914, Acc: 74.28%
学习率: 0.010000, 时间: 19.48s
GPU内存使用:
  GPU 1 - 已分配: 0.29GB, 已保留: 3.70GB

============================================================
Epoch 60/100
============================================================
Epoch: 59 [0/391] Loss: 0.3083 | Acc: 92.19% | Time: 0.0285s | GPU Mem: 0.29GB/3.70GB
Epoch: 59 [100/391] Loss: 0.1977 | Acc: 92.92% | Time: 0.0219s | GPU Mem: 0.29GB/3.70GB
Epoch: 59 [200/391] Loss: 0.2492 | Acc: 92.48% | Time: 0.0224s | GPU Mem: 0.29GB/3.70GB
Epoch: 59 [300/391] Loss: 0.2861 | Acc: 92.24% | Time: 0.0284s | GPU Mem: 0.29GB/3.70GB

训练 - Loss: 0.2552, Acc: 92.17%
测试 - Loss: 0.9932, Acc: 74.49%
学习率: 0.010000, 时间: 19.50s
GPU内存使用:
  GPU 1 - 已分配: 0.29GB, 已保留: 3.70GB
保存checkpoint到: ./checkpoints/checkpoint_epoch_60.pth

============================================================
Epoch 61/100
============================================================
Epoch: 60 [0/391] Loss: 0.2722 | Acc: 91.41% | Time: 0.0277s | GPU Mem: 0.29GB/3.70GB
Epoch: 60 [100/391] Loss: 0.2804 | Acc: 93.29% | Time: 0.0225s | GPU Mem: 0.29GB/3.70GB
Epoch: 60 [200/391] Loss: 0.3270 | Acc: 92.92% | Time: 0.0239s | GPU Mem: 0.29GB/3.70GB
Epoch: 60 [300/391] Loss: 0.2272 | Acc: 92.82% | Time: 0.0284s | GPU Mem: 0.29GB/3.70GB

训练 - Loss: 0.2398, Acc: 92.71%
测试 - Loss: 1.0003, Acc: 74.83%
学习率: 0.010000, 时间: 19.51s
GPU内存使用:
  GPU 1 - 已分配: 0.29GB, 已保留: 3.70GB

============================================================
Epoch 62/100
============================================================
Epoch: 61 [0/391] Loss: 0.1944 | Acc: 95.31% | Time: 0.0287s | GPU Mem: 0.29GB/3.70GB
Epoch: 61 [100/391] Loss: 0.2461 | Acc: 94.11% | Time: 0.0230s | GPU Mem: 0.29GB/3.70GB
Epoch: 61 [200/391] Loss: 0.2735 | Acc: 93.63% | Time: 0.0290s | GPU Mem: 0.29GB/3.70GB
Epoch: 61 [300/391] Loss: 0.2151 | Acc: 93.31% | Time: 0.0228s | GPU Mem: 0.29GB/3.70GB

训练 - Loss: 0.2229, Acc: 93.17%
测试 - Loss: 1.0147, Acc: 74.02%
学习率: 0.010000, 时间: 19.55s
GPU内存使用:
  GPU 1 - 已分配: 0.29GB, 已保留: 3.70GB

============================================================
Epoch 63/100
============================================================
Epoch: 62 [0/391] Loss: 0.2161 | Acc: 92.19% | Time: 0.0357s | GPU Mem: 0.29GB/3.70GB
Epoch: 62 [100/391] Loss: 0.1427 | Acc: 94.13% | Time: 0.0244s | GPU Mem: 0.29GB/3.70GB
Epoch: 62 [200/391] Loss: 0.2063 | Acc: 93.88% | Time: 0.0231s | GPU Mem: 0.29GB/3.70GB
Epoch: 62 [300/391] Loss: 0.1625 | Acc: 93.65% | Time: 0.0251s | GPU Mem: 0.29GB/3.70GB

训练 - Loss: 0.2098, Acc: 93.57%
测试 - Loss: 1.0572, Acc: 73.35%
学习率: 0.010000, 时间: 19.49s
GPU内存使用:
  GPU 1 - 已分配: 0.29GB, 已保留: 3.70GB

============================================================
Epoch 64/100
============================================================
Epoch: 63 [0/391] Loss: 0.1599 | Acc: 95.31% | Time: 0.0253s | GPU Mem: 0.29GB/3.70GB
Epoch: 63 [100/391] Loss: 0.1918 | Acc: 94.48% | Time: 0.0258s | GPU Mem: 0.29GB/3.70GB
Epoch: 63 [200/391] Loss: 0.2651 | Acc: 94.22% | Time: 0.0227s | GPU Mem: 0.29GB/3.70GB
Epoch: 63 [300/391] Loss: 0.2339 | Acc: 94.04% | Time: 0.0217s | GPU Mem: 0.29GB/3.70GB

训练 - Loss: 0.2032, Acc: 93.82%
测试 - Loss: 1.0742, Acc: 73.81%
学习率: 0.010000, 时间: 19.50s
GPU内存使用:
  GPU 1 - 已分配: 0.29GB, 已保留: 3.70GB

============================================================
Epoch 65/100
============================================================
Epoch: 64 [0/391] Loss: 0.1429 | Acc: 94.53% | Time: 0.0311s | GPU Mem: 0.29GB/3.70GB
Epoch: 64 [100/391] Loss: 0.1969 | Acc: 94.92% | Time: 0.0225s | GPU Mem: 0.29GB/3.70GB
Epoch: 64 [200/391] Loss: 0.2154 | Acc: 94.62% | Time: 0.0281s | GPU Mem: 0.29GB/3.70GB
Epoch: 64 [300/391] Loss: 0.1732 | Acc: 94.29% | Time: 0.0195s | GPU Mem: 0.29GB/3.70GB

训练 - Loss: 0.1916, Acc: 94.03%
测试 - Loss: 1.1040, Acc: 73.34%
学习率: 0.010000, 时间: 19.45s
GPU内存使用:
  GPU 1 - 已分配: 0.29GB, 已保留: 3.70GB

============================================================
Epoch 66/100
============================================================
Epoch: 65 [0/391] Loss: 0.1341 | Acc: 95.31% | Time: 0.0267s | GPU Mem: 0.29GB/3.70GB
Epoch: 65 [100/391] Loss: 0.2293 | Acc: 95.27% | Time: 0.0306s | GPU Mem: 0.29GB/3.70GB
Epoch: 65 [200/391] Loss: 0.1823 | Acc: 94.99% | Time: 0.0225s | GPU Mem: 0.29GB/3.70GB
Epoch: 65 [300/391] Loss: 0.2680 | Acc: 94.76% | Time: 0.0224s | GPU Mem: 0.29GB/3.70GB

训练 - Loss: 0.1802, Acc: 94.65%
测试 - Loss: 1.0938, Acc: 73.47%
学习率: 0.010000, 时间: 19.51s
GPU内存使用:
  GPU 1 - 已分配: 0.29GB, 已保留: 3.70GB

============================================================
Epoch 67/100
============================================================
Epoch: 66 [0/391] Loss: 0.1785 | Acc: 94.53% | Time: 0.0290s | GPU Mem: 0.29GB/3.70GB
Epoch: 66 [100/391] Loss: 0.1611 | Acc: 95.75% | Time: 0.0244s | GPU Mem: 0.29GB/3.70GB
Epoch: 66 [200/391] Loss: 0.1733 | Acc: 95.46% | Time: 0.0231s | GPU Mem: 0.29GB/3.70GB
Epoch: 66 [300/391] Loss: 0.1427 | Acc: 95.03% | Time: 0.0278s | GPU Mem: 0.29GB/3.70GB

训练 - Loss: 0.1704, Acc: 94.86%
测试 - Loss: 1.1380, Acc: 73.10%
学习率: 0.010000, 时间: 19.52s
GPU内存使用:
  GPU 1 - 已分配: 0.29GB, 已保留: 3.70GB

============================================================
Epoch 68/100
============================================================
Epoch: 67 [0/391] Loss: 0.1781 | Acc: 94.53% | Time: 0.0258s | GPU Mem: 0.29GB/3.70GB
Epoch: 67 [100/391] Loss: 0.1292 | Acc: 95.45% | Time: 0.0220s | GPU Mem: 0.29GB/3.70GB
Epoch: 67 [200/391] Loss: 0.2315 | Acc: 95.22% | Time: 0.0218s | GPU Mem: 0.29GB/3.70GB
Epoch: 67 [300/391] Loss: 0.1842 | Acc: 95.09% | Time: 0.0198s | GPU Mem: 0.29GB/3.70GB

训练 - Loss: 0.1730, Acc: 94.82%
测试 - Loss: 1.1459, Acc: 72.89%
学习率: 0.010000, 时间: 19.46s
GPU内存使用:
  GPU 1 - 已分配: 0.29GB, 已保留: 3.70GB

============================================================
Epoch 69/100
============================================================
Epoch: 68 [0/391] Loss: 0.1432 | Acc: 95.31% | Time: 0.0289s | GPU Mem: 0.29GB/3.70GB
Epoch: 68 [100/391] Loss: 0.1640 | Acc: 95.61% | Time: 0.0251s | GPU Mem: 0.29GB/3.70GB
Epoch: 68 [200/391] Loss: 0.1978 | Acc: 95.36% | Time: 0.0303s | GPU Mem: 0.29GB/3.70GB
Epoch: 68 [300/391] Loss: 0.1896 | Acc: 95.13% | Time: 0.0216s | GPU Mem: 0.29GB/3.70GB

训练 - Loss: 0.1657, Acc: 94.96%
测试 - Loss: 1.1481, Acc: 72.76%
学习率: 0.010000, 时间: 19.48s
GPU内存使用:
  GPU 1 - 已分配: 0.29GB, 已保留: 3.70GB

============================================================
Epoch 70/100
============================================================
Epoch: 69 [0/391] Loss: 0.1867 | Acc: 93.75% | Time: 0.0321s | GPU Mem: 0.29GB/3.70GB
Epoch: 69 [100/391] Loss: 0.1190 | Acc: 95.66% | Time: 0.0220s | GPU Mem: 0.29GB/3.70GB
Epoch: 69 [200/391] Loss: 0.1245 | Acc: 95.38% | Time: 0.0243s | GPU Mem: 0.29GB/3.70GB
Epoch: 69 [300/391] Loss: 0.2194 | Acc: 95.11% | Time: 0.0228s | GPU Mem: 0.29GB/3.70GB

训练 - Loss: 0.1690, Acc: 94.84%
测试 - Loss: 1.1441, Acc: 72.99%
学习率: 0.010000, 时间: 19.51s
GPU内存使用:
  GPU 1 - 已分配: 0.29GB, 已保留: 3.70GB
保存checkpoint到: ./checkpoints/checkpoint_epoch_70.pth

============================================================
Epoch 71/100
============================================================
Epoch: 70 [0/391] Loss: 0.1096 | Acc: 98.44% | Time: 0.0325s | GPU Mem: 0.29GB/3.70GB
Epoch: 70 [100/391] Loss: 0.1641 | Acc: 95.30% | Time: 0.0221s | GPU Mem: 0.29GB/3.70GB
Epoch: 70 [200/391] Loss: 0.1639 | Acc: 95.27% | Time: 0.0290s | GPU Mem: 0.29GB/3.70GB
Epoch: 70 [300/391] Loss: 0.2004 | Acc: 95.09% | Time: 0.0230s | GPU Mem: 0.29GB/3.70GB

训练 - Loss: 0.1675, Acc: 94.83%
测试 - Loss: 1.1872, Acc: 72.08%
学习率: 0.010000, 时间: 19.53s
GPU内存使用:
  GPU 1 - 已分配: 0.29GB, 已保留: 3.70GB

============================================================
Epoch 72/100
============================================================
Epoch: 71 [0/391] Loss: 0.1169 | Acc: 96.09% | Time: 0.0353s | GPU Mem: 0.29GB/3.70GB
Epoch: 71 [100/391] Loss: 0.1919 | Acc: 95.47% | Time: 0.0215s | GPU Mem: 0.29GB/3.70GB
Epoch: 71 [200/391] Loss: 0.1377 | Acc: 95.29% | Time: 0.0234s | GPU Mem: 0.29GB/3.70GB
Epoch: 71 [300/391] Loss: 0.1701 | Acc: 95.01% | Time: 0.0239s | GPU Mem: 0.29GB/3.70GB

训练 - Loss: 0.1701, Acc: 94.81%
测试 - Loss: 1.1902, Acc: 72.04%
学习率: 0.010000, 时间: 19.49s
GPU内存使用:
  GPU 1 - 已分配: 0.29GB, 已保留: 3.70GB

============================================================
Epoch 73/100
============================================================
Epoch: 72 [0/391] Loss: 0.1535 | Acc: 92.97% | Time: 0.0311s | GPU Mem: 0.29GB/3.70GB
Epoch: 72 [100/391] Loss: 0.1494 | Acc: 95.83% | Time: 0.0244s | GPU Mem: 0.29GB/3.70GB
Epoch: 72 [200/391] Loss: 0.1733 | Acc: 95.52% | Time: 0.0303s | GPU Mem: 0.29GB/3.70GB
Epoch: 72 [300/391] Loss: 0.1516 | Acc: 95.26% | Time: 0.0217s | GPU Mem: 0.29GB/3.70GB

训练 - Loss: 0.1594, Acc: 95.11%
测试 - Loss: 1.1982, Acc: 72.48%
学习率: 0.010000, 时间: 19.54s
GPU内存使用:
  GPU 1 - 已分配: 0.29GB, 已保留: 3.70GB

============================================================
Epoch 74/100
============================================================
Epoch: 73 [0/391] Loss: 0.0966 | Acc: 96.88% | Time: 0.0265s | GPU Mem: 0.29GB/3.70GB
Epoch: 73 [100/391] Loss: 0.1180 | Acc: 95.60% | Time: 0.0241s | GPU Mem: 0.29GB/3.70GB
Epoch: 73 [200/391] Loss: 0.1390 | Acc: 95.47% | Time: 0.0289s | GPU Mem: 0.29GB/3.70GB
Epoch: 73 [300/391] Loss: 0.2024 | Acc: 95.30% | Time: 0.0227s | GPU Mem: 0.29GB/3.70GB

训练 - Loss: 0.1630, Acc: 95.14%
测试 - Loss: 1.1551, Acc: 72.72%
学习率: 0.010000, 时间: 19.51s
GPU内存使用:
  GPU 1 - 已分配: 0.29GB, 已保留: 3.70GB

============================================================
Epoch 75/100
============================================================
Epoch: 74 [0/391] Loss: 0.1899 | Acc: 93.75% | Time: 0.0311s | GPU Mem: 0.29GB/3.70GB
Epoch: 74 [100/391] Loss: 0.1542 | Acc: 95.80% | Time: 0.0268s | GPU Mem: 0.29GB/3.70GB
Epoch: 74 [200/391] Loss: 0.1834 | Acc: 95.63% | Time: 0.0284s | GPU Mem: 0.29GB/3.70GB
Epoch: 74 [300/391] Loss: 0.2133 | Acc: 95.32% | Time: 0.0293s | GPU Mem: 0.29GB/3.70GB

训练 - Loss: 0.1595, Acc: 95.11%
测试 - Loss: 1.2430, Acc: 71.88%
学习率: 0.010000, 时间: 19.51s
GPU内存使用:
  GPU 1 - 已分配: 0.29GB, 已保留: 3.70GB

============================================================
Epoch 76/100
============================================================
Epoch: 75 [0/391] Loss: 0.1392 | Acc: 94.53% | Time: 0.0300s | GPU Mem: 0.29GB/3.70GB
Epoch: 75 [100/391] Loss: 0.1695 | Acc: 95.54% | Time: 0.0220s | GPU Mem: 0.29GB/3.70GB
Epoch: 75 [200/391] Loss: 0.1686 | Acc: 95.41% | Time: 0.0255s | GPU Mem: 0.29GB/3.70GB
Epoch: 75 [300/391] Loss: 0.1301 | Acc: 95.29% | Time: 0.0236s | GPU Mem: 0.29GB/3.70GB

训练 - Loss: 0.1623, Acc: 95.08%
测试 - Loss: 1.2093, Acc: 72.36%
学习率: 0.010000, 时间: 19.49s
GPU内存使用:
  GPU 1 - 已分配: 0.29GB, 已保留: 3.70GB

============================================================
Epoch 77/100
============================================================
Epoch: 76 [0/391] Loss: 0.0931 | Acc: 97.66% | Time: 0.0296s | GPU Mem: 0.29GB/3.70GB
Epoch: 76 [100/391] Loss: 0.1858 | Acc: 95.41% | Time: 0.0246s | GPU Mem: 0.29GB/3.70GB
Epoch: 76 [200/391] Loss: 0.1649 | Acc: 95.32% | Time: 0.0285s | GPU Mem: 0.29GB/3.70GB
Epoch: 76 [300/391] Loss: 0.1654 | Acc: 95.03% | Time: 0.0283s | GPU Mem: 0.29GB/3.70GB

训练 - Loss: 0.1689, Acc: 94.77%
测试 - Loss: 1.1844, Acc: 72.59%
学习率: 0.010000, 时间: 19.55s
GPU内存使用:
  GPU 1 - 已分配: 0.29GB, 已保留: 3.70GB

============================================================
Epoch 78/100
============================================================
Epoch: 77 [0/391] Loss: 0.1281 | Acc: 96.09% | Time: 0.0288s | GPU Mem: 0.29GB/3.70GB
Epoch: 77 [100/391] Loss: 0.1628 | Acc: 95.18% | Time: 0.0303s | GPU Mem: 0.29GB/3.70GB
Epoch: 77 [200/391] Loss: 0.1721 | Acc: 94.99% | Time: 0.0216s | GPU Mem: 0.29GB/3.70GB
Epoch: 77 [300/391] Loss: 0.1639 | Acc: 95.00% | Time: 0.0241s | GPU Mem: 0.29GB/3.70GB

训练 - Loss: 0.1725, Acc: 94.76%
测试 - Loss: 1.2444, Acc: 71.43%
学习率: 0.010000, 时间: 19.50s
GPU内存使用:
  GPU 1 - 已分配: 0.29GB, 已保留: 3.70GB

============================================================
Epoch 79/100
============================================================
Epoch: 78 [0/391] Loss: 0.1104 | Acc: 96.88% | Time: 0.0329s | GPU Mem: 0.29GB/3.70GB
Epoch: 78 [100/391] Loss: 0.1664 | Acc: 95.57% | Time: 0.0241s | GPU Mem: 0.29GB/3.70GB
Epoch: 78 [200/391] Loss: 0.2088 | Acc: 95.34% | Time: 0.0219s | GPU Mem: 0.29GB/3.70GB
Epoch: 78 [300/391] Loss: 0.2624 | Acc: 94.97% | Time: 0.0292s | GPU Mem: 0.29GB/3.70GB

训练 - Loss: 0.1721, Acc: 94.84%
测试 - Loss: 1.2029, Acc: 71.82%
学习率: 0.010000, 时间: 19.51s
GPU内存使用:
  GPU 1 - 已分配: 0.29GB, 已保留: 3.70GB

============================================================
Epoch 80/100
============================================================
Epoch: 79 [0/391] Loss: 0.1588 | Acc: 94.53% | Time: 0.0248s | GPU Mem: 0.29GB/3.70GB
Epoch: 79 [100/391] Loss: 0.1920 | Acc: 95.30% | Time: 0.0273s | GPU Mem: 0.29GB/3.70GB
Epoch: 79 [200/391] Loss: 0.1960 | Acc: 95.09% | Time: 0.0228s | GPU Mem: 0.29GB/3.70GB
Epoch: 79 [300/391] Loss: 0.1523 | Acc: 94.88% | Time: 0.0240s | GPU Mem: 0.29GB/3.70GB

训练 - Loss: 0.1699, Acc: 94.82%
测试 - Loss: 1.2708, Acc: 70.99%
学习率: 0.010000, 时间: 19.49s
GPU内存使用:
  GPU 1 - 已分配: 0.29GB, 已保留: 3.70GB
保存checkpoint到: ./checkpoints/checkpoint_epoch_80.pth

============================================================
Epoch 81/100
============================================================
Epoch: 80 [0/391] Loss: 0.1154 | Acc: 96.09% | Time: 0.0352s | GPU Mem: 0.29GB/3.70GB
Epoch: 80 [100/391] Loss: 0.0840 | Acc: 95.62% | Time: 0.0222s | GPU Mem: 0.29GB/3.70GB
Epoch: 80 [200/391] Loss: 0.2400 | Acc: 95.43% | Time: 0.0276s | GPU Mem: 0.29GB/3.70GB
Epoch: 80 [300/391] Loss: 0.2012 | Acc: 95.28% | Time: 0.0216s | GPU Mem: 0.29GB/3.70GB

训练 - Loss: 0.1613, Acc: 95.04%
测试 - Loss: 1.2770, Acc: 70.66%
学习率: 0.010000, 时间: 19.50s
GPU内存使用:
  GPU 1 - 已分配: 0.29GB, 已保留: 3.70GB

============================================================
Epoch 82/100
============================================================
Epoch: 81 [0/391] Loss: 0.1139 | Acc: 96.88% | Time: 0.0299s | GPU Mem: 0.29GB/3.70GB
Epoch: 81 [100/391] Loss: 0.0864 | Acc: 95.66% | Time: 0.0236s | GPU Mem: 0.29GB/3.70GB
Epoch: 81 [200/391] Loss: 0.1506 | Acc: 95.67% | Time: 0.0220s | GPU Mem: 0.29GB/3.70GB
Epoch: 81 [300/391] Loss: 0.1585 | Acc: 95.32% | Time: 0.0227s | GPU Mem: 0.29GB/3.70GB

训练 - Loss: 0.1627, Acc: 95.00%
测试 - Loss: 1.2451, Acc: 71.95%
学习率: 0.010000, 时间: 19.48s
GPU内存使用:
  GPU 1 - 已分配: 0.29GB, 已保留: 3.70GB

============================================================
Epoch 83/100
============================================================
Epoch: 82 [0/391] Loss: 0.1312 | Acc: 96.09% | Time: 0.0236s | GPU Mem: 0.29GB/3.70GB
Epoch: 82 [100/391] Loss: 0.1557 | Acc: 95.41% | Time: 0.0228s | GPU Mem: 0.29GB/3.70GB
Epoch: 82 [200/391] Loss: 0.1023 | Acc: 95.42% | Time: 0.0199s | GPU Mem: 0.29GB/3.70GB
Epoch: 82 [300/391] Loss: 0.2429 | Acc: 95.16% | Time: 0.0233s | GPU Mem: 0.29GB/3.70GB

训练 - Loss: 0.1665, Acc: 94.93%
测试 - Loss: 1.2202, Acc: 71.96%
学习率: 0.010000, 时间: 19.54s
GPU内存使用:
  GPU 1 - 已分配: 0.29GB, 已保留: 3.70GB

============================================================
Epoch 84/100
============================================================
Epoch: 83 [0/391] Loss: 0.1308 | Acc: 96.88% | Time: 0.0257s | GPU Mem: 0.29GB/3.70GB
Epoch: 83 [100/391] Loss: 0.1408 | Acc: 95.50% | Time: 0.0271s | GPU Mem: 0.29GB/3.70GB
Epoch: 83 [200/391] Loss: 0.2042 | Acc: 95.08% | Time: 0.0284s | GPU Mem: 0.29GB/3.70GB
Epoch: 83 [300/391] Loss: 0.2069 | Acc: 94.94% | Time: 0.0231s | GPU Mem: 0.29GB/3.70GB

训练 - Loss: 0.1706, Acc: 94.80%
测试 - Loss: 1.2161, Acc: 71.48%
学习率: 0.010000, 时间: 19.53s
GPU内存使用:
  GPU 1 - 已分配: 0.29GB, 已保留: 3.70GB

============================================================
Epoch 85/100
============================================================
Epoch: 84 [0/391] Loss: 0.1189 | Acc: 97.66% | Time: 0.0233s | GPU Mem: 0.29GB/3.70GB
Epoch: 84 [100/391] Loss: 0.1756 | Acc: 95.21% | Time: 0.0246s | GPU Mem: 0.29GB/3.70GB
Epoch: 84 [200/391] Loss: 0.1167 | Acc: 95.40% | Time: 0.0235s | GPU Mem: 0.29GB/3.70GB
Epoch: 84 [300/391] Loss: 0.1901 | Acc: 95.16% | Time: 0.0218s | GPU Mem: 0.29GB/3.70GB

训练 - Loss: 0.1678, Acc: 94.87%
测试 - Loss: 1.2822, Acc: 70.56%
学习率: 0.010000, 时间: 19.49s
GPU内存使用:
  GPU 1 - 已分配: 0.29GB, 已保留: 3.70GB

============================================================
Epoch 86/100
============================================================
Epoch: 85 [0/391] Loss: 0.1810 | Acc: 95.31% | Time: 0.0301s | GPU Mem: 0.29GB/3.70GB
Epoch: 85 [100/391] Loss: 0.2356 | Acc: 95.56% | Time: 0.0300s | GPU Mem: 0.29GB/3.70GB
Epoch: 85 [200/391] Loss: 0.1799 | Acc: 95.25% | Time: 0.0260s | GPU Mem: 0.29GB/3.70GB
Epoch: 85 [300/391] Loss: 0.1837 | Acc: 94.92% | Time: 0.0232s | GPU Mem: 0.29GB/3.70GB

训练 - Loss: 0.1734, Acc: 94.67%
测试 - Loss: 1.2456, Acc: 71.65%
学习率: 0.010000, 时间: 19.51s
GPU内存使用:
  GPU 1 - 已分配: 0.29GB, 已保留: 3.70GB

============================================================
Epoch 87/100
============================================================
Epoch: 86 [0/391] Loss: 0.1747 | Acc: 96.88% | Time: 0.0309s | GPU Mem: 0.29GB/3.70GB
Epoch: 86 [100/391] Loss: 0.1414 | Acc: 95.68% | Time: 0.0226s | GPU Mem: 0.29GB/3.70GB
Epoch: 86 [200/391] Loss: 0.1264 | Acc: 95.36% | Time: 0.0249s | GPU Mem: 0.29GB/3.70GB
Epoch: 86 [300/391] Loss: 0.1542 | Acc: 95.08% | Time: 0.0250s | GPU Mem: 0.29GB/3.70GB

训练 - Loss: 0.1720, Acc: 94.86%
测试 - Loss: 1.3266, Acc: 69.76%
学习率: 0.010000, 时间: 19.51s
GPU内存使用:
  GPU 1 - 已分配: 0.29GB, 已保留: 3.70GB

============================================================
Epoch 88/100
============================================================
Epoch: 87 [0/391] Loss: 0.1348 | Acc: 93.75% | Time: 0.0378s | GPU Mem: 0.29GB/3.70GB
Epoch: 87 [100/391] Loss: 0.1696 | Acc: 95.56% | Time: 0.0248s | GPU Mem: 0.29GB/3.70GB
Epoch: 87 [200/391] Loss: 0.1419 | Acc: 95.41% | Time: 0.0325s | GPU Mem: 0.29GB/3.70GB
Epoch: 87 [300/391] Loss: 0.1731 | Acc: 95.30% | Time: 0.0230s | GPU Mem: 0.29GB/3.70GB

训练 - Loss: 0.1634, Acc: 95.06%
测试 - Loss: 1.2444, Acc: 71.23%
学习率: 0.010000, 时间: 19.52s
GPU内存使用:
  GPU 1 - 已分配: 0.29GB, 已保留: 3.70GB

============================================================
Epoch 89/100
============================================================
Epoch: 88 [0/391] Loss: 0.1954 | Acc: 95.31% | Time: 0.0290s | GPU Mem: 0.29GB/3.70GB
Epoch: 88 [100/391] Loss: 0.0917 | Acc: 95.51% | Time: 0.0279s | GPU Mem: 0.29GB/3.70GB
Epoch: 88 [200/391] Loss: 0.0962 | Acc: 95.36% | Time: 0.0321s | GPU Mem: 0.29GB/3.70GB
Epoch: 88 [300/391] Loss: 0.2266 | Acc: 94.95% | Time: 0.0248s | GPU Mem: 0.29GB/3.70GB

训练 - Loss: 0.1723, Acc: 94.73%
测试 - Loss: 1.2497, Acc: 71.03%
学习率: 0.010000, 时间: 19.57s
GPU内存使用:
  GPU 1 - 已分配: 0.29GB, 已保留: 3.70GB

============================================================
Epoch 90/100
============================================================
Epoch: 89 [0/391] Loss: 0.2259 | Acc: 91.41% | Time: 0.0282s | GPU Mem: 0.29GB/3.70GB
Epoch: 89 [100/391] Loss: 0.0895 | Acc: 95.34% | Time: 0.0221s | GPU Mem: 0.29GB/3.70GB
Epoch: 89 [200/391] Loss: 0.2337 | Acc: 95.01% | Time: 0.0222s | GPU Mem: 0.29GB/3.70GB
Epoch: 89 [300/391] Loss: 0.1847 | Acc: 94.84% | Time: 0.0249s | GPU Mem: 0.29GB/3.70GB

训练 - Loss: 0.1771, Acc: 94.56%
测试 - Loss: 1.2891, Acc: 70.48%
学习率: 0.010000, 时间: 19.48s
GPU内存使用:
  GPU 1 - 已分配: 0.29GB, 已保留: 3.70GB
保存checkpoint到: ./checkpoints/checkpoint_epoch_90.pth

============================================================
Epoch 91/100
============================================================
Epoch: 90 [0/391] Loss: 0.1414 | Acc: 96.88% | Time: 0.0282s | GPU Mem: 0.29GB/3.70GB
Epoch: 90 [100/391] Loss: 0.2699 | Acc: 94.97% | Time: 0.0313s | GPU Mem: 0.29GB/3.70GB
Epoch: 90 [200/391] Loss: 0.1402 | Acc: 94.86% | Time: 0.0237s | GPU Mem: 0.29GB/3.70GB
Epoch: 90 [300/391] Loss: 0.1863 | Acc: 94.72% | Time: 0.0197s | GPU Mem: 0.29GB/3.70GB

训练 - Loss: 0.1752, Acc: 94.49%
测试 - Loss: 1.3154, Acc: 70.44%
学习率: 0.010000, 时间: 19.50s
GPU内存使用:
  GPU 1 - 已分配: 0.29GB, 已保留: 3.70GB

============================================================
Epoch 92/100
============================================================
Epoch: 91 [0/391] Loss: 0.1579 | Acc: 96.88% | Time: 0.0294s | GPU Mem: 0.29GB/3.70GB
Epoch: 91 [100/391] Loss: 0.1461 | Acc: 95.93% | Time: 0.0225s | GPU Mem: 0.29GB/3.70GB
Epoch: 91 [200/391] Loss: 0.1749 | Acc: 95.46% | Time: 0.0382s | GPU Mem: 0.29GB/3.70GB
Epoch: 91 [300/391] Loss: 0.1928 | Acc: 95.19% | Time: 0.0291s | GPU Mem: 0.29GB/3.70GB

训练 - Loss: 0.1611, Acc: 95.17%
测试 - Loss: 1.2449, Acc: 71.18%
学习率: 0.010000, 时间: 19.51s
GPU内存使用:
  GPU 1 - 已分配: 0.29GB, 已保留: 3.70GB

============================================================
Epoch 93/100
============================================================
Epoch: 92 [0/391] Loss: 0.2843 | Acc: 92.19% | Time: 0.0280s | GPU Mem: 0.29GB/3.70GB
Epoch: 92 [100/391] Loss: 0.1908 | Acc: 95.81% | Time: 0.0257s | GPU Mem: 0.29GB/3.70GB
Epoch: 92 [200/391] Loss: 0.2340 | Acc: 95.63% | Time: 0.0232s | GPU Mem: 0.29GB/3.70GB
Epoch: 92 [300/391] Loss: 0.1712 | Acc: 95.33% | Time: 0.0235s | GPU Mem: 0.29GB/3.70GB

训练 - Loss: 0.1659, Acc: 94.98%
测试 - Loss: 1.3072, Acc: 69.98%
学习率: 0.010000, 时间: 19.47s
GPU内存使用:
  GPU 1 - 已分配: 0.29GB, 已保留: 3.70GB

============================================================
Epoch 94/100
============================================================
Epoch: 93 [0/391] Loss: 0.1507 | Acc: 95.31% | Time: 0.0343s | GPU Mem: 0.29GB/3.70GB
Epoch: 93 [100/391] Loss: 0.2906 | Acc: 95.20% | Time: 0.0220s | GPU Mem: 0.29GB/3.70GB
Epoch: 93 [200/391] Loss: 0.1358 | Acc: 95.16% | Time: 0.0223s | GPU Mem: 0.29GB/3.70GB
Epoch: 93 [300/391] Loss: 0.1473 | Acc: 95.02% | Time: 0.0222s | GPU Mem: 0.29GB/3.70GB

训练 - Loss: 0.1739, Acc: 94.74%
测试 - Loss: 1.2922, Acc: 70.74%
学习率: 0.010000, 时间: 19.51s
GPU内存使用:
  GPU 1 - 已分配: 0.29GB, 已保留: 3.70GB

============================================================
Epoch 95/100
============================================================
Epoch: 94 [0/391] Loss: 0.1920 | Acc: 93.75% | Time: 0.0369s | GPU Mem: 0.29GB/3.70GB
Epoch: 94 [100/391] Loss: 0.1770 | Acc: 95.45% | Time: 0.0391s | GPU Mem: 0.29GB/3.70GB
Epoch: 94 [200/391] Loss: 0.1297 | Acc: 95.35% | Time: 0.0246s | GPU Mem: 0.29GB/3.70GB
Epoch: 94 [300/391] Loss: 0.1981 | Acc: 95.23% | Time: 0.0222s | GPU Mem: 0.29GB/3.70GB

训练 - Loss: 0.1631, Acc: 95.01%
测试 - Loss: 1.3148, Acc: 70.39%
学习率: 0.010000, 时间: 19.56s
GPU内存使用:
  GPU 1 - 已分配: 0.29GB, 已保留: 3.70GB

============================================================
Epoch 96/100
============================================================
Epoch: 95 [0/391] Loss: 0.2145 | Acc: 94.53% | Time: 0.0302s | GPU Mem: 0.29GB/3.70GB
Epoch: 95 [100/391] Loss: 0.1885 | Acc: 94.93% | Time: 0.0236s | GPU Mem: 0.29GB/3.70GB
Epoch: 95 [200/391] Loss: 0.1045 | Acc: 95.18% | Time: 0.0219s | GPU Mem: 0.29GB/3.70GB
Epoch: 95 [300/391] Loss: 0.1844 | Acc: 95.01% | Time: 0.0228s | GPU Mem: 0.29GB/3.70GB

训练 - Loss: 0.1717, Acc: 94.79%
测试 - Loss: 1.2986, Acc: 70.39%
学习率: 0.010000, 时间: 19.50s
GPU内存使用:
  GPU 1 - 已分配: 0.29GB, 已保留: 3.70GB

============================================================
Epoch 97/100
============================================================
Epoch: 96 [0/391] Loss: 0.1767 | Acc: 92.97% | Time: 0.0259s | GPU Mem: 0.29GB/3.70GB
Epoch: 96 [100/391] Loss: 0.1969 | Acc: 95.56% | Time: 0.0299s | GPU Mem: 0.29GB/3.70GB
Epoch: 96 [200/391] Loss: 0.1723 | Acc: 95.52% | Time: 0.0249s | GPU Mem: 0.29GB/3.70GB
Epoch: 96 [300/391] Loss: 0.1707 | Acc: 95.29% | Time: 0.0202s | GPU Mem: 0.29GB/3.70GB

训练 - Loss: 0.1680, Acc: 94.92%
测试 - Loss: 1.3313, Acc: 69.73%
学习率: 0.010000, 时间: 19.48s
GPU内存使用:
  GPU 1 - 已分配: 0.29GB, 已保留: 3.70GB

============================================================
Epoch 98/100
============================================================
Epoch: 97 [0/391] Loss: 0.1825 | Acc: 93.75% | Time: 0.0264s | GPU Mem: 0.29GB/3.70GB
Epoch: 97 [100/391] Loss: 0.1882 | Acc: 94.99% | Time: 0.0219s | GPU Mem: 0.29GB/3.70GB
Epoch: 97 [200/391] Loss: 0.1661 | Acc: 94.89% | Time: 0.0226s | GPU Mem: 0.29GB/3.70GB
Epoch: 97 [300/391] Loss: 0.2411 | Acc: 94.68% | Time: 0.0231s | GPU Mem: 0.29GB/3.70GB

训练 - Loss: 0.1771, Acc: 94.51%
测试 - Loss: 1.3105, Acc: 70.83%
学习率: 0.010000, 时间: 19.56s
GPU内存使用:
  GPU 1 - 已分配: 0.29GB, 已保留: 3.70GB

============================================================
Epoch 99/100
============================================================
Epoch: 98 [0/391] Loss: 0.1842 | Acc: 92.97% | Time: 0.0339s | GPU Mem: 0.29GB/3.70GB
Epoch: 98 [100/391] Loss: 0.1698 | Acc: 95.06% | Time: 0.0239s | GPU Mem: 0.29GB/3.70GB
Epoch: 98 [200/391] Loss: 0.1629 | Acc: 94.99% | Time: 0.0269s | GPU Mem: 0.29GB/3.70GB
Epoch: 98 [300/391] Loss: 0.1231 | Acc: 94.91% | Time: 0.0285s | GPU Mem: 0.29GB/3.70GB

训练 - Loss: 0.1687, Acc: 94.80%
测试 - Loss: 1.2907, Acc: 69.73%
学习率: 0.010000, 时间: 19.51s
GPU内存使用:
  GPU 1 - 已分配: 0.29GB, 已保留: 3.70GB

============================================================
Epoch 100/100
============================================================
Epoch: 99 [0/391] Loss: 0.1275 | Acc: 96.09% | Time: 0.0326s | GPU Mem: 0.29GB/3.70GB
Epoch: 99 [100/391] Loss: 0.1101 | Acc: 95.28% | Time: 0.0220s | GPU Mem: 0.29GB/3.70GB
Epoch: 99 [200/391] Loss: 0.1330 | Acc: 95.30% | Time: 0.0260s | GPU Mem: 0.29GB/3.70GB
Epoch: 99 [300/391] Loss: 0.1529 | Acc: 95.25% | Time: 0.0226s | GPU Mem: 0.29GB/3.70GB

训练 - Loss: 0.1644, Acc: 95.06%
测试 - Loss: 1.2979, Acc: 70.65%
学习率: 0.001000, 时间: 19.51s
GPU内存使用:
  GPU 1 - 已分配: 0.29GB, 已保留: 3.70GB
保存checkpoint到: ./checkpoints/checkpoint_epoch_100.pth

============================================================
训练完成!
============================================================
总时间: 2159.88秒 (36.00分钟)
平均每epoch: 21.60秒
最佳测试准确率: 75.04%
保存最终模型到: ./experiments/group_2_model_complexity_impact_across_training_modes/checkpoints/single_resnet50_bs128_gpu1_nw2_chunks0.pth

训练完成!
