====================================================================================================
Experiment: single_resnet18_bs128_gpu1_nw2_chunks0
Parameters: {
  "mode": "single",
  "model": "resnet18",
  "batch_size": 128,
  "epochs": 100,
  "dataset": "cifar100",
  "gpu_ids": [
    1
  ],
  "num_workers": 2,
  "prefetch_factor": 1,
  "chunks": 0,
  "num_gpus": 1
}
Command: python -u main.py --mode single --model resnet18 --batch-size 128 --epochs 100 --dataset cifar100 --gpu-ids 1 --num-workers 2 --prefetch-factor 1 --chunks 0 --final-checkpoint-path ./experiments/group_2_model_complexity_impact_across_training_modes/checkpoints/single_resnet18_bs128_gpu1_nw2_chunks0.pth
Start Time: 2025-12-10T01:29:28.141348
====================================================================================================

================================================================================
训练配置:
================================================================================
  mode                     : single
  gpu_ids                  : [1]
  num_gpus                 : 1
  num_workers              : 2
  prefetch_factor          : 1
  pin_memory               : True
  persistent_workers       : True
  batch_size               : 128
  epochs                   : 100
  lr                       : 0.1
  momentum                 : 0.9
  weight_decay             : 0.0005
  lr_schedule              : step
  lr_step_size             : 50
  lr_gamma                 : 0.1
  dataset                  : cifar100
  data_root                : ./data
  num_classes              : 100
  model                    : resnet18
  save_dir                 : ./checkpoints
  log_interval             : 100
  save_interval            : 10
  final_checkpoint_path    : ./experiments/group_2_model_complexity_impact_across_training_modes/checkpoints/single_resnet18_bs128_gpu1_nw2_chunks0.pth
  seed                     : 42
  resume                   : None
  evaluate                 : False
  dist_backend             : nccl
  dist_url                 : env://
  effective_batch_size     : 128
  chunks                   : 0
================================================================================

可用GPU数量: 7
  GPU 1: NVIDIA GeForce RTX 4090

使用训练模式: SINGLE

初始化单GPU训练器...
使用设备: cuda:1

开始训练 100 个epochs...
Batch size: 128
学习率: 0.1

============================================================
Epoch 1/100
============================================================
Epoch: 0 [0/391] Loss: 4.7733 | Acc: 2.34% | Time: 0.5500s | GPU Mem: 0.15GB/1.09GB
Epoch: 0 [100/391] Loss: 4.1503 | Acc: 3.50% | Time: 0.0105s | GPU Mem: 0.15GB/1.09GB
Epoch: 0 [200/391] Loss: 4.0672 | Acc: 5.13% | Time: 0.0112s | GPU Mem: 0.15GB/1.09GB
Epoch: 0 [300/391] Loss: 3.7781 | Acc: 6.38% | Time: 0.0193s | GPU Mem: 0.15GB/1.09GB

训练 - Loss: 4.0824, Acc: 7.33%
测试 - Loss: 3.7633, Acc: 10.87%
学习率: 0.100000, 时间: 10.52s
GPU内存使用:
  GPU 1 - 已分配: 0.14GB, 已保留: 1.09GB
最佳准确率更新: 0.00% -> 10.87%
保存最佳模型到: ./checkpoints/best_model.pth

============================================================
Epoch 2/100
============================================================
Epoch: 1 [0/391] Loss: 3.6409 | Acc: 14.84% | Time: 0.0162s | GPU Mem: 0.15GB/1.09GB
Epoch: 1 [100/391] Loss: 3.9699 | Acc: 12.31% | Time: 0.0105s | GPU Mem: 0.15GB/1.09GB
Epoch: 1 [200/391] Loss: 3.4860 | Acc: 12.94% | Time: 0.0106s | GPU Mem: 0.15GB/1.09GB
Epoch: 1 [300/391] Loss: 3.0807 | Acc: 13.92% | Time: 0.0103s | GPU Mem: 0.15GB/1.09GB

训练 - Loss: 3.5390, Acc: 14.97%
测试 - Loss: 3.3813, Acc: 18.09%
学习率: 0.100000, 时间: 9.81s
GPU内存使用:
  GPU 1 - 已分配: 0.14GB, 已保留: 1.09GB
最佳准确率更新: 10.87% -> 18.09%
保存最佳模型到: ./checkpoints/best_model.pth

============================================================
Epoch 3/100
============================================================
Epoch: 2 [0/391] Loss: 3.2115 | Acc: 21.88% | Time: 0.0140s | GPU Mem: 0.15GB/1.09GB
Epoch: 2 [100/391] Loss: 3.2710 | Acc: 20.22% | Time: 0.0133s | GPU Mem: 0.15GB/1.09GB
Epoch: 2 [200/391] Loss: 2.8763 | Acc: 21.01% | Time: 0.0156s | GPU Mem: 0.15GB/1.09GB
Epoch: 2 [300/391] Loss: 3.2076 | Acc: 21.80% | Time: 0.0121s | GPU Mem: 0.15GB/1.09GB

训练 - Loss: 3.1068, Acc: 22.58%
测试 - Loss: 3.0913, Acc: 23.71%
学习率: 0.100000, 时间: 9.85s
GPU内存使用:
  GPU 1 - 已分配: 0.15GB, 已保留: 1.09GB
最佳准确率更新: 18.09% -> 23.71%
保存最佳模型到: ./checkpoints/best_model.pth

============================================================
Epoch 4/100
============================================================
Epoch: 3 [0/391] Loss: 3.0507 | Acc: 22.66% | Time: 0.0103s | GPU Mem: 0.15GB/1.09GB
Epoch: 3 [100/391] Loss: 2.9172 | Acc: 27.70% | Time: 0.0134s | GPU Mem: 0.15GB/1.09GB
Epoch: 3 [200/391] Loss: 2.8225 | Acc: 28.42% | Time: 0.0100s | GPU Mem: 0.15GB/1.09GB
Epoch: 3 [300/391] Loss: 2.6037 | Acc: 28.98% | Time: 0.0140s | GPU Mem: 0.15GB/1.09GB

训练 - Loss: 2.7473, Acc: 29.49%
测试 - Loss: 2.6936, Acc: 31.27%
学习率: 0.100000, 时间: 10.12s
GPU内存使用:
  GPU 1 - 已分配: 0.14GB, 已保留: 1.09GB
最佳准确率更新: 23.71% -> 31.27%
保存最佳模型到: ./checkpoints/best_model.pth

============================================================
Epoch 5/100
============================================================
Epoch: 4 [0/391] Loss: 2.4435 | Acc: 36.72% | Time: 0.0208s | GPU Mem: 0.15GB/1.09GB
Epoch: 4 [100/391] Loss: 2.5835 | Acc: 33.73% | Time: 0.0093s | GPU Mem: 0.15GB/1.09GB
Epoch: 4 [200/391] Loss: 2.5235 | Acc: 34.77% | Time: 0.0120s | GPU Mem: 0.15GB/1.09GB
Epoch: 4 [300/391] Loss: 2.4677 | Acc: 35.42% | Time: 0.0099s | GPU Mem: 0.15GB/1.09GB

训练 - Loss: 2.4652, Acc: 35.86%
测试 - Loss: 2.5683, Acc: 34.12%
学习率: 0.100000, 时间: 10.00s
GPU内存使用:
  GPU 1 - 已分配: 0.14GB, 已保留: 1.09GB
最佳准确率更新: 31.27% -> 34.12%
保存最佳模型到: ./checkpoints/best_model.pth

============================================================
Epoch 6/100
============================================================
Epoch: 5 [0/391] Loss: 2.3633 | Acc: 35.16% | Time: 0.0161s | GPU Mem: 0.15GB/1.09GB
Epoch: 5 [100/391] Loss: 2.5041 | Acc: 39.94% | Time: 0.0131s | GPU Mem: 0.15GB/1.09GB
Epoch: 5 [200/391] Loss: 2.2696 | Acc: 39.72% | Time: 0.0106s | GPU Mem: 0.15GB/1.09GB
Epoch: 5 [300/391] Loss: 1.9313 | Acc: 40.12% | Time: 0.0134s | GPU Mem: 0.15GB/1.09GB

训练 - Loss: 2.2236, Acc: 40.51%
测试 - Loss: 2.6394, Acc: 34.25%
学习率: 0.100000, 时间: 10.13s
GPU内存使用:
  GPU 1 - 已分配: 0.14GB, 已保留: 1.09GB
最佳准确率更新: 34.12% -> 34.25%
保存最佳模型到: ./checkpoints/best_model.pth

============================================================
Epoch 7/100
============================================================
Epoch: 6 [0/391] Loss: 1.9687 | Acc: 46.09% | Time: 0.0223s | GPU Mem: 0.15GB/1.09GB
Epoch: 6 [100/391] Loss: 1.9723 | Acc: 44.83% | Time: 0.0102s | GPU Mem: 0.15GB/1.09GB
Epoch: 6 [200/391] Loss: 1.8981 | Acc: 44.96% | Time: 0.0145s | GPU Mem: 0.15GB/1.09GB
Epoch: 6 [300/391] Loss: 1.7942 | Acc: 45.03% | Time: 0.0131s | GPU Mem: 0.15GB/1.09GB

训练 - Loss: 2.0190, Acc: 45.12%
测试 - Loss: 2.2905, Acc: 40.70%
学习率: 0.100000, 时间: 9.93s
GPU内存使用:
  GPU 1 - 已分配: 0.14GB, 已保留: 1.09GB
最佳准确率更新: 34.25% -> 40.70%
保存最佳模型到: ./checkpoints/best_model.pth

============================================================
Epoch 8/100
============================================================
Epoch: 7 [0/391] Loss: 2.0950 | Acc: 42.97% | Time: 0.0200s | GPU Mem: 0.15GB/1.09GB
Epoch: 7 [100/391] Loss: 1.8996 | Acc: 47.97% | Time: 0.0107s | GPU Mem: 0.15GB/1.09GB
Epoch: 7 [200/391] Loss: 1.8692 | Acc: 47.87% | Time: 0.0131s | GPU Mem: 0.15GB/1.09GB
Epoch: 7 [300/391] Loss: 1.9325 | Acc: 48.19% | Time: 0.0130s | GPU Mem: 0.15GB/1.09GB

训练 - Loss: 1.8807, Acc: 48.39%
测试 - Loss: 2.1360, Acc: 43.87%
学习率: 0.100000, 时间: 9.93s
GPU内存使用:
  GPU 1 - 已分配: 0.14GB, 已保留: 1.09GB
最佳准确率更新: 40.70% -> 43.87%
保存最佳模型到: ./checkpoints/best_model.pth

============================================================
Epoch 9/100
============================================================
Epoch: 8 [0/391] Loss: 1.7277 | Acc: 48.44% | Time: 0.0196s | GPU Mem: 0.15GB/1.09GB
Epoch: 8 [100/391] Loss: 2.1395 | Acc: 51.26% | Time: 0.0090s | GPU Mem: 0.15GB/1.09GB
Epoch: 8 [200/391] Loss: 1.4979 | Acc: 51.03% | Time: 0.0086s | GPU Mem: 0.15GB/1.09GB
Epoch: 8 [300/391] Loss: 1.6033 | Acc: 50.71% | Time: 0.0231s | GPU Mem: 0.15GB/1.09GB

训练 - Loss: 1.7634, Acc: 50.99%
测试 - Loss: 1.9212, Acc: 49.42%
学习率: 0.100000, 时间: 9.68s
GPU内存使用:
  GPU 1 - 已分配: 0.14GB, 已保留: 1.09GB
最佳准确率更新: 43.87% -> 49.42%
保存最佳模型到: ./checkpoints/best_model.pth

============================================================
Epoch 10/100
============================================================
Epoch: 9 [0/391] Loss: 1.5289 | Acc: 53.91% | Time: 0.0186s | GPU Mem: 0.15GB/1.09GB
Epoch: 9 [100/391] Loss: 1.5872 | Acc: 53.16% | Time: 0.0100s | GPU Mem: 0.15GB/1.09GB
Epoch: 9 [200/391] Loss: 1.7366 | Acc: 53.46% | Time: 0.0103s | GPU Mem: 0.15GB/1.09GB
Epoch: 9 [300/391] Loss: 1.8114 | Acc: 53.58% | Time: 0.0095s | GPU Mem: 0.15GB/1.09GB

训练 - Loss: 1.6657, Acc: 53.48%
测试 - Loss: 1.8832, Acc: 49.76%
学习率: 0.100000, 时间: 9.86s
GPU内存使用:
  GPU 1 - 已分配: 0.14GB, 已保留: 1.09GB
最佳准确率更新: 49.42% -> 49.76%
保存最佳模型到: ./checkpoints/best_model.pth
保存checkpoint到: ./checkpoints/checkpoint_epoch_10.pth

============================================================
Epoch 11/100
============================================================
Epoch: 10 [0/391] Loss: 1.6888 | Acc: 53.12% | Time: 0.0154s | GPU Mem: 0.15GB/1.09GB
Epoch: 10 [100/391] Loss: 1.7298 | Acc: 55.60% | Time: 0.0141s | GPU Mem: 0.15GB/1.09GB
Epoch: 10 [200/391] Loss: 1.4281 | Acc: 55.64% | Time: 0.0103s | GPU Mem: 0.15GB/1.09GB
Epoch: 10 [300/391] Loss: 1.7279 | Acc: 55.63% | Time: 0.0119s | GPU Mem: 0.15GB/1.09GB

训练 - Loss: 1.5835, Acc: 55.62%
测试 - Loss: 1.8585, Acc: 49.40%
学习率: 0.100000, 时间: 9.75s
GPU内存使用:
  GPU 1 - 已分配: 0.14GB, 已保留: 1.09GB

============================================================
Epoch 12/100
============================================================
Epoch: 11 [0/391] Loss: 1.5040 | Acc: 54.69% | Time: 0.0151s | GPU Mem: 0.15GB/1.09GB
Epoch: 11 [100/391] Loss: 1.5213 | Acc: 58.02% | Time: 0.0150s | GPU Mem: 0.15GB/1.09GB
Epoch: 11 [200/391] Loss: 1.5044 | Acc: 57.15% | Time: 0.0103s | GPU Mem: 0.15GB/1.09GB
Epoch: 11 [300/391] Loss: 1.4203 | Acc: 56.91% | Time: 0.0089s | GPU Mem: 0.15GB/1.09GB

训练 - Loss: 1.5237, Acc: 56.86%
测试 - Loss: 1.7893, Acc: 51.37%
学习率: 0.100000, 时间: 9.84s
GPU内存使用:
  GPU 1 - 已分配: 0.14GB, 已保留: 1.09GB
最佳准确率更新: 49.76% -> 51.37%
保存最佳模型到: ./checkpoints/best_model.pth

============================================================
Epoch 13/100
============================================================
Epoch: 12 [0/391] Loss: 1.3867 | Acc: 60.16% | Time: 0.0193s | GPU Mem: 0.15GB/1.09GB
Epoch: 12 [100/391] Loss: 1.7372 | Acc: 59.53% | Time: 0.0120s | GPU Mem: 0.15GB/1.09GB
Epoch: 12 [200/391] Loss: 1.2703 | Acc: 58.40% | Time: 0.0173s | GPU Mem: 0.15GB/1.09GB
Epoch: 12 [300/391] Loss: 1.3761 | Acc: 58.32% | Time: 0.0098s | GPU Mem: 0.15GB/1.09GB

训练 - Loss: 1.4705, Acc: 58.30%
测试 - Loss: 1.8201, Acc: 52.09%
学习率: 0.100000, 时间: 10.01s
GPU内存使用:
  GPU 1 - 已分配: 0.14GB, 已保留: 1.09GB
最佳准确率更新: 51.37% -> 52.09%
保存最佳模型到: ./checkpoints/best_model.pth

============================================================
Epoch 14/100
============================================================
Epoch: 13 [0/391] Loss: 1.4376 | Acc: 59.38% | Time: 0.0179s | GPU Mem: 0.15GB/1.09GB
Epoch: 13 [100/391] Loss: 1.2001 | Acc: 60.84% | Time: 0.0098s | GPU Mem: 0.15GB/1.09GB
Epoch: 13 [200/391] Loss: 1.5498 | Acc: 59.49% | Time: 0.0096s | GPU Mem: 0.15GB/1.09GB
Epoch: 13 [300/391] Loss: 1.4193 | Acc: 59.28% | Time: 0.0115s | GPU Mem: 0.15GB/1.09GB

训练 - Loss: 1.4308, Acc: 59.35%
测试 - Loss: 1.7358, Acc: 53.20%
学习率: 0.100000, 时间: 9.78s
GPU内存使用:
  GPU 1 - 已分配: 0.14GB, 已保留: 1.09GB
最佳准确率更新: 52.09% -> 53.20%
保存最佳模型到: ./checkpoints/best_model.pth

============================================================
Epoch 15/100
============================================================
Epoch: 14 [0/391] Loss: 1.3502 | Acc: 56.25% | Time: 0.0161s | GPU Mem: 0.15GB/1.09GB
Epoch: 14 [100/391] Loss: 1.4026 | Acc: 61.05% | Time: 0.0151s | GPU Mem: 0.15GB/1.09GB
Epoch: 14 [200/391] Loss: 1.5013 | Acc: 60.94% | Time: 0.0116s | GPU Mem: 0.15GB/1.09GB
Epoch: 14 [300/391] Loss: 1.1864 | Acc: 60.63% | Time: 0.0154s | GPU Mem: 0.15GB/1.09GB

训练 - Loss: 1.3868, Acc: 60.49%
测试 - Loss: 1.7495, Acc: 52.72%
学习率: 0.100000, 时间: 9.66s
GPU内存使用:
  GPU 1 - 已分配: 0.14GB, 已保留: 1.09GB

============================================================
Epoch 16/100
============================================================
Epoch: 15 [0/391] Loss: 1.4289 | Acc: 56.25% | Time: 0.0151s | GPU Mem: 0.15GB/1.09GB
Epoch: 15 [100/391] Loss: 1.5137 | Acc: 63.08% | Time: 0.0116s | GPU Mem: 0.15GB/1.09GB
Epoch: 15 [200/391] Loss: 1.5030 | Acc: 62.30% | Time: 0.0133s | GPU Mem: 0.15GB/1.09GB
Epoch: 15 [300/391] Loss: 1.2195 | Acc: 61.52% | Time: 0.0122s | GPU Mem: 0.15GB/1.09GB

训练 - Loss: 1.3600, Acc: 61.21%
测试 - Loss: 1.9966, Acc: 48.68%
学习率: 0.100000, 时间: 9.94s
GPU内存使用:
  GPU 1 - 已分配: 0.14GB, 已保留: 1.09GB

============================================================
Epoch 17/100
============================================================
Epoch: 16 [0/391] Loss: 1.2112 | Acc: 65.62% | Time: 0.0161s | GPU Mem: 0.15GB/1.09GB
Epoch: 16 [100/391] Loss: 1.3585 | Acc: 62.81% | Time: 0.0101s | GPU Mem: 0.15GB/1.09GB
Epoch: 16 [200/391] Loss: 1.3444 | Acc: 62.58% | Time: 0.0154s | GPU Mem: 0.15GB/1.09GB
Epoch: 16 [300/391] Loss: 1.4034 | Acc: 62.37% | Time: 0.0110s | GPU Mem: 0.15GB/1.09GB

训练 - Loss: 1.3267, Acc: 62.08%
测试 - Loss: 1.8358, Acc: 51.61%
学习率: 0.100000, 时间: 9.90s
GPU内存使用:
  GPU 1 - 已分配: 0.14GB, 已保留: 1.09GB

============================================================
Epoch 18/100
============================================================
Epoch: 17 [0/391] Loss: 1.2680 | Acc: 57.03% | Time: 0.0152s | GPU Mem: 0.15GB/1.09GB
Epoch: 17 [100/391] Loss: 1.1248 | Acc: 63.58% | Time: 0.0130s | GPU Mem: 0.15GB/1.09GB
Epoch: 17 [200/391] Loss: 1.1842 | Acc: 63.16% | Time: 0.0091s | GPU Mem: 0.15GB/1.09GB
Epoch: 17 [300/391] Loss: 1.3612 | Acc: 62.77% | Time: 0.0107s | GPU Mem: 0.15GB/1.09GB

训练 - Loss: 1.3010, Acc: 62.52%
测试 - Loss: 1.6811, Acc: 54.70%
学习率: 0.100000, 时间: 10.09s
GPU内存使用:
  GPU 1 - 已分配: 0.14GB, 已保留: 1.09GB
最佳准确率更新: 53.20% -> 54.70%
保存最佳模型到: ./checkpoints/best_model.pth

============================================================
Epoch 19/100
============================================================
Epoch: 18 [0/391] Loss: 1.3085 | Acc: 60.16% | Time: 0.0146s | GPU Mem: 0.15GB/1.09GB
Epoch: 18 [100/391] Loss: 1.3116 | Acc: 64.10% | Time: 0.0097s | GPU Mem: 0.15GB/1.09GB
Epoch: 18 [200/391] Loss: 1.4872 | Acc: 63.62% | Time: 0.0109s | GPU Mem: 0.15GB/1.09GB
Epoch: 18 [300/391] Loss: 1.4301 | Acc: 63.04% | Time: 0.0089s | GPU Mem: 0.15GB/1.09GB

训练 - Loss: 1.2815, Acc: 63.04%
测试 - Loss: 1.9346, Acc: 49.93%
学习率: 0.100000, 时间: 9.81s
GPU内存使用:
  GPU 1 - 已分配: 0.14GB, 已保留: 1.09GB

============================================================
Epoch 20/100
============================================================
Epoch: 19 [0/391] Loss: 1.5111 | Acc: 55.47% | Time: 0.0159s | GPU Mem: 0.15GB/1.09GB
Epoch: 19 [100/391] Loss: 1.5124 | Acc: 64.74% | Time: 0.0101s | GPU Mem: 0.15GB/1.09GB
Epoch: 19 [200/391] Loss: 1.3876 | Acc: 63.95% | Time: 0.0096s | GPU Mem: 0.15GB/1.09GB
Epoch: 19 [300/391] Loss: 1.3890 | Acc: 63.45% | Time: 0.0107s | GPU Mem: 0.15GB/1.09GB

训练 - Loss: 1.2707, Acc: 63.30%
测试 - Loss: 1.6180, Acc: 56.13%
学习率: 0.100000, 时间: 9.87s
GPU内存使用:
  GPU 1 - 已分配: 0.14GB, 已保留: 1.09GB
最佳准确率更新: 54.70% -> 56.13%
保存最佳模型到: ./checkpoints/best_model.pth
保存checkpoint到: ./checkpoints/checkpoint_epoch_20.pth

============================================================
Epoch 21/100
============================================================
Epoch: 20 [0/391] Loss: 1.2516 | Acc: 60.16% | Time: 0.0198s | GPU Mem: 0.15GB/1.09GB
Epoch: 20 [100/391] Loss: 1.3289 | Acc: 65.69% | Time: 0.0104s | GPU Mem: 0.15GB/1.09GB
Epoch: 20 [200/391] Loss: 1.3547 | Acc: 65.21% | Time: 0.0100s | GPU Mem: 0.15GB/1.09GB
Epoch: 20 [300/391] Loss: 1.3219 | Acc: 64.45% | Time: 0.0099s | GPU Mem: 0.15GB/1.09GB

训练 - Loss: 1.2492, Acc: 64.04%
测试 - Loss: 1.6144, Acc: 56.56%
学习率: 0.100000, 时间: 9.69s
GPU内存使用:
  GPU 1 - 已分配: 0.14GB, 已保留: 1.09GB
最佳准确率更新: 56.13% -> 56.56%
保存最佳模型到: ./checkpoints/best_model.pth

============================================================
Epoch 22/100
============================================================
Epoch: 21 [0/391] Loss: 1.2338 | Acc: 61.72% | Time: 0.0098s | GPU Mem: 0.15GB/1.09GB
Epoch: 21 [100/391] Loss: 1.2727 | Acc: 66.81% | Time: 0.0099s | GPU Mem: 0.15GB/1.09GB
Epoch: 21 [200/391] Loss: 1.1412 | Acc: 65.47% | Time: 0.0137s | GPU Mem: 0.15GB/1.09GB
Epoch: 21 [300/391] Loss: 1.3826 | Acc: 64.83% | Time: 0.0127s | GPU Mem: 0.15GB/1.09GB

训练 - Loss: 1.2313, Acc: 64.47%
测试 - Loss: 1.6184, Acc: 57.11%
学习率: 0.100000, 时间: 9.82s
GPU内存使用:
  GPU 1 - 已分配: 0.14GB, 已保留: 1.09GB
最佳准确率更新: 56.56% -> 57.11%
保存最佳模型到: ./checkpoints/best_model.pth

============================================================
Epoch 23/100
============================================================
Epoch: 22 [0/391] Loss: 1.2873 | Acc: 62.50% | Time: 0.0178s | GPU Mem: 0.15GB/1.09GB
Epoch: 22 [100/391] Loss: 1.0029 | Acc: 67.71% | Time: 0.0127s | GPU Mem: 0.15GB/1.09GB
Epoch: 22 [200/391] Loss: 1.2411 | Acc: 66.45% | Time: 0.0122s | GPU Mem: 0.15GB/1.09GB
Epoch: 22 [300/391] Loss: 1.2493 | Acc: 65.72% | Time: 0.0092s | GPU Mem: 0.15GB/1.09GB

训练 - Loss: 1.2148, Acc: 64.91%
测试 - Loss: 1.6301, Acc: 56.10%
学习率: 0.100000, 时间: 9.74s
GPU内存使用:
  GPU 1 - 已分配: 0.14GB, 已保留: 1.09GB

============================================================
Epoch 24/100
============================================================
Epoch: 23 [0/391] Loss: 1.0620 | Acc: 70.31% | Time: 0.0174s | GPU Mem: 0.15GB/1.09GB
Epoch: 23 [100/391] Loss: 1.1312 | Acc: 66.68% | Time: 0.0143s | GPU Mem: 0.15GB/1.09GB
Epoch: 23 [200/391] Loss: 1.2378 | Acc: 66.25% | Time: 0.0097s | GPU Mem: 0.15GB/1.09GB
Epoch: 23 [300/391] Loss: 1.2400 | Acc: 65.72% | Time: 0.0105s | GPU Mem: 0.15GB/1.09GB

训练 - Loss: 1.1996, Acc: 65.28%
测试 - Loss: 1.6421, Acc: 56.07%
学习率: 0.100000, 时间: 9.91s
GPU内存使用:
  GPU 1 - 已分配: 0.14GB, 已保留: 1.09GB

============================================================
Epoch 25/100
============================================================
Epoch: 24 [0/391] Loss: 1.0723 | Acc: 68.75% | Time: 0.0100s | GPU Mem: 0.15GB/1.09GB
Epoch: 24 [100/391] Loss: 1.4089 | Acc: 67.87% | Time: 0.0148s | GPU Mem: 0.15GB/1.09GB
Epoch: 24 [200/391] Loss: 1.0269 | Acc: 66.62% | Time: 0.0100s | GPU Mem: 0.15GB/1.09GB
Epoch: 24 [300/391] Loss: 1.1789 | Acc: 65.99% | Time: 0.0101s | GPU Mem: 0.15GB/1.09GB

训练 - Loss: 1.1843, Acc: 65.73%
测试 - Loss: 1.6659, Acc: 56.03%
学习率: 0.100000, 时间: 9.87s
GPU内存使用:
  GPU 1 - 已分配: 0.14GB, 已保留: 1.09GB

============================================================
Epoch 26/100
============================================================
Epoch: 25 [0/391] Loss: 1.0031 | Acc: 71.88% | Time: 0.0178s | GPU Mem: 0.15GB/1.09GB
Epoch: 25 [100/391] Loss: 1.1909 | Acc: 67.83% | Time: 0.0144s | GPU Mem: 0.15GB/1.09GB
Epoch: 25 [200/391] Loss: 1.1971 | Acc: 66.86% | Time: 0.0087s | GPU Mem: 0.15GB/1.09GB
Epoch: 25 [300/391] Loss: 1.2589 | Acc: 66.30% | Time: 0.0145s | GPU Mem: 0.15GB/1.09GB

训练 - Loss: 1.1703, Acc: 65.92%
测试 - Loss: 1.8829, Acc: 53.31%
学习率: 0.100000, 时间: 9.71s
GPU内存使用:
  GPU 1 - 已分配: 0.14GB, 已保留: 1.09GB

============================================================
Epoch 27/100
============================================================
Epoch: 26 [0/391] Loss: 1.4123 | Acc: 64.84% | Time: 0.0095s | GPU Mem: 0.15GB/1.09GB
Epoch: 26 [100/391] Loss: 1.6898 | Acc: 68.76% | Time: 0.0098s | GPU Mem: 0.15GB/1.09GB
Epoch: 26 [200/391] Loss: 1.3632 | Acc: 67.15% | Time: 0.0092s | GPU Mem: 0.15GB/1.09GB
Epoch: 26 [300/391] Loss: 1.1862 | Acc: 66.28% | Time: 0.0102s | GPU Mem: 0.15GB/1.09GB

训练 - Loss: 1.1701, Acc: 66.08%
测试 - Loss: 1.8236, Acc: 54.73%
学习率: 0.100000, 时间: 9.76s
GPU内存使用:
  GPU 1 - 已分配: 0.14GB, 已保留: 1.09GB

============================================================
Epoch 28/100
============================================================
Epoch: 27 [0/391] Loss: 1.1798 | Acc: 64.84% | Time: 0.0120s | GPU Mem: 0.15GB/1.09GB
Epoch: 27 [100/391] Loss: 1.1843 | Acc: 68.62% | Time: 0.0111s | GPU Mem: 0.15GB/1.09GB
Epoch: 27 [200/391] Loss: 1.0425 | Acc: 67.84% | Time: 0.0101s | GPU Mem: 0.15GB/1.09GB
Epoch: 27 [300/391] Loss: 1.2133 | Acc: 67.09% | Time: 0.0106s | GPU Mem: 0.15GB/1.09GB

训练 - Loss: 1.1502, Acc: 66.47%
测试 - Loss: 1.7980, Acc: 54.71%
学习率: 0.100000, 时间: 9.69s
GPU内存使用:
  GPU 1 - 已分配: 0.14GB, 已保留: 1.09GB

============================================================
Epoch 29/100
============================================================
Epoch: 28 [0/391] Loss: 1.0043 | Acc: 69.53% | Time: 0.0123s | GPU Mem: 0.15GB/1.09GB
Epoch: 28 [100/391] Loss: 1.0257 | Acc: 69.70% | Time: 0.0111s | GPU Mem: 0.15GB/1.09GB
Epoch: 28 [200/391] Loss: 1.2145 | Acc: 68.35% | Time: 0.0189s | GPU Mem: 0.15GB/1.09GB
Epoch: 28 [300/391] Loss: 1.0039 | Acc: 67.45% | Time: 0.0146s | GPU Mem: 0.15GB/1.09GB

训练 - Loss: 1.1379, Acc: 67.09%
测试 - Loss: 1.7288, Acc: 54.15%
学习率: 0.100000, 时间: 9.86s
GPU内存使用:
  GPU 1 - 已分配: 0.14GB, 已保留: 1.09GB

============================================================
Epoch 30/100
============================================================
Epoch: 29 [0/391] Loss: 1.3253 | Acc: 62.50% | Time: 0.0197s | GPU Mem: 0.15GB/1.09GB
Epoch: 29 [100/391] Loss: 1.2470 | Acc: 68.67% | Time: 0.0102s | GPU Mem: 0.15GB/1.09GB
Epoch: 29 [200/391] Loss: 1.0684 | Acc: 67.54% | Time: 0.0105s | GPU Mem: 0.15GB/1.09GB
Epoch: 29 [300/391] Loss: 1.2095 | Acc: 67.05% | Time: 0.0093s | GPU Mem: 0.15GB/1.09GB

训练 - Loss: 1.1419, Acc: 66.68%
测试 - Loss: 1.7194, Acc: 55.93%
学习率: 0.100000, 时间: 9.94s
GPU内存使用:
  GPU 1 - 已分配: 0.14GB, 已保留: 1.09GB
保存checkpoint到: ./checkpoints/checkpoint_epoch_30.pth

============================================================
Epoch 31/100
============================================================
Epoch: 30 [0/391] Loss: 0.9648 | Acc: 68.75% | Time: 0.0169s | GPU Mem: 0.15GB/1.09GB
Epoch: 30 [100/391] Loss: 1.2242 | Acc: 68.97% | Time: 0.0121s | GPU Mem: 0.15GB/1.09GB
Epoch: 30 [200/391] Loss: 0.9646 | Acc: 67.60% | Time: 0.0133s | GPU Mem: 0.15GB/1.09GB
Epoch: 30 [300/391] Loss: 1.0076 | Acc: 67.48% | Time: 0.0100s | GPU Mem: 0.15GB/1.09GB

训练 - Loss: 1.1225, Acc: 67.24%
测试 - Loss: 1.7455, Acc: 55.23%
学习率: 0.100000, 时间: 9.97s
GPU内存使用:
  GPU 1 - 已分配: 0.14GB, 已保留: 1.09GB

============================================================
Epoch 32/100
============================================================
Epoch: 31 [0/391] Loss: 1.2307 | Acc: 64.84% | Time: 0.0151s | GPU Mem: 0.15GB/1.09GB
Epoch: 31 [100/391] Loss: 1.1158 | Acc: 68.99% | Time: 0.0086s | GPU Mem: 0.15GB/1.09GB
Epoch: 31 [200/391] Loss: 0.8515 | Acc: 68.12% | Time: 0.0156s | GPU Mem: 0.15GB/1.09GB
Epoch: 31 [300/391] Loss: 1.1404 | Acc: 67.76% | Time: 0.0111s | GPU Mem: 0.15GB/1.09GB

训练 - Loss: 1.1222, Acc: 67.24%
测试 - Loss: 1.6078, Acc: 57.91%
学习率: 0.100000, 时间: 9.88s
GPU内存使用:
  GPU 1 - 已分配: 0.14GB, 已保留: 1.09GB
最佳准确率更新: 57.11% -> 57.91%
保存最佳模型到: ./checkpoints/best_model.pth

============================================================
Epoch 33/100
============================================================
Epoch: 32 [0/391] Loss: 1.0705 | Acc: 71.09% | Time: 0.0165s | GPU Mem: 0.15GB/1.09GB
Epoch: 32 [100/391] Loss: 1.0952 | Acc: 70.05% | Time: 0.0101s | GPU Mem: 0.15GB/1.09GB
Epoch: 32 [200/391] Loss: 0.9879 | Acc: 68.45% | Time: 0.0087s | GPU Mem: 0.15GB/1.09GB
Epoch: 32 [300/391] Loss: 1.1361 | Acc: 67.75% | Time: 0.0120s | GPU Mem: 0.15GB/1.09GB

训练 - Loss: 1.1204, Acc: 67.28%
测试 - Loss: 1.6398, Acc: 55.69%
学习率: 0.100000, 时间: 9.98s
GPU内存使用:
  GPU 1 - 已分配: 0.14GB, 已保留: 1.09GB

============================================================
Epoch 34/100
============================================================
Epoch: 33 [0/391] Loss: 1.0619 | Acc: 71.88% | Time: 0.0097s | GPU Mem: 0.15GB/1.09GB
Epoch: 33 [100/391] Loss: 1.1813 | Acc: 70.16% | Time: 0.0100s | GPU Mem: 0.15GB/1.09GB
Epoch: 33 [200/391] Loss: 1.0861 | Acc: 68.56% | Time: 0.0116s | GPU Mem: 0.15GB/1.09GB
Epoch: 33 [300/391] Loss: 1.2399 | Acc: 67.92% | Time: 0.0125s | GPU Mem: 0.15GB/1.09GB

训练 - Loss: 1.1135, Acc: 67.44%
测试 - Loss: 1.5732, Acc: 57.79%
学习率: 0.100000, 时间: 9.85s
GPU内存使用:
  GPU 1 - 已分配: 0.14GB, 已保留: 1.09GB

============================================================
Epoch 35/100
============================================================
Epoch: 34 [0/391] Loss: 0.9725 | Acc: 73.44% | Time: 0.0193s | GPU Mem: 0.15GB/1.09GB
Epoch: 34 [100/391] Loss: 1.0519 | Acc: 70.30% | Time: 0.0145s | GPU Mem: 0.15GB/1.09GB
Epoch: 34 [200/391] Loss: 0.8717 | Acc: 69.02% | Time: 0.0114s | GPU Mem: 0.15GB/1.09GB
Epoch: 34 [300/391] Loss: 1.0046 | Acc: 68.27% | Time: 0.0127s | GPU Mem: 0.15GB/1.09GB

训练 - Loss: 1.1073, Acc: 67.84%
测试 - Loss: 1.5721, Acc: 59.33%
学习率: 0.100000, 时间: 9.85s
GPU内存使用:
  GPU 1 - 已分配: 0.14GB, 已保留: 1.09GB
最佳准确率更新: 57.91% -> 59.33%
保存最佳模型到: ./checkpoints/best_model.pth

============================================================
Epoch 36/100
============================================================
Epoch: 35 [0/391] Loss: 0.9157 | Acc: 71.09% | Time: 0.0203s | GPU Mem: 0.15GB/1.09GB
Epoch: 35 [100/391] Loss: 0.9500 | Acc: 70.30% | Time: 0.0125s | GPU Mem: 0.15GB/1.09GB
Epoch: 35 [200/391] Loss: 1.0960 | Acc: 68.85% | Time: 0.0125s | GPU Mem: 0.15GB/1.09GB
Epoch: 35 [300/391] Loss: 1.0473 | Acc: 68.46% | Time: 0.0098s | GPU Mem: 0.15GB/1.09GB

训练 - Loss: 1.1047, Acc: 67.78%
测试 - Loss: 1.6448, Acc: 56.53%
学习率: 0.100000, 时间: 10.03s
GPU内存使用:
  GPU 1 - 已分配: 0.14GB, 已保留: 1.09GB

============================================================
Epoch 37/100
============================================================
Epoch: 36 [0/391] Loss: 0.9330 | Acc: 70.31% | Time: 0.0176s | GPU Mem: 0.15GB/1.09GB
Epoch: 36 [100/391] Loss: 1.1641 | Acc: 70.41% | Time: 0.0109s | GPU Mem: 0.15GB/1.09GB
Epoch: 36 [200/391] Loss: 1.0143 | Acc: 69.48% | Time: 0.0167s | GPU Mem: 0.15GB/1.09GB
Epoch: 36 [300/391] Loss: 1.0818 | Acc: 68.71% | Time: 0.0148s | GPU Mem: 0.15GB/1.09GB

训练 - Loss: 1.0904, Acc: 68.27%
测试 - Loss: 1.4714, Acc: 59.68%
学习率: 0.100000, 时间: 9.88s
GPU内存使用:
  GPU 1 - 已分配: 0.14GB, 已保留: 1.09GB
最佳准确率更新: 59.33% -> 59.68%
保存最佳模型到: ./checkpoints/best_model.pth

============================================================
Epoch 38/100
============================================================
Epoch: 37 [0/391] Loss: 1.1054 | Acc: 66.41% | Time: 0.0119s | GPU Mem: 0.15GB/1.09GB
Epoch: 37 [100/391] Loss: 1.1612 | Acc: 69.37% | Time: 0.0120s | GPU Mem: 0.15GB/1.09GB
Epoch: 37 [200/391] Loss: 1.2883 | Acc: 68.84% | Time: 0.0122s | GPU Mem: 0.15GB/1.09GB
Epoch: 37 [300/391] Loss: 0.9065 | Acc: 68.45% | Time: 0.0096s | GPU Mem: 0.15GB/1.09GB

训练 - Loss: 1.0901, Acc: 68.12%
测试 - Loss: 1.7567, Acc: 54.94%
学习率: 0.100000, 时间: 10.04s
GPU内存使用:
  GPU 1 - 已分配: 0.14GB, 已保留: 1.09GB

============================================================
Epoch 39/100
============================================================
Epoch: 38 [0/391] Loss: 1.0178 | Acc: 73.44% | Time: 0.0157s | GPU Mem: 0.15GB/1.09GB
Epoch: 38 [100/391] Loss: 1.0249 | Acc: 69.95% | Time: 0.0145s | GPU Mem: 0.15GB/1.09GB
Epoch: 38 [200/391] Loss: 1.0678 | Acc: 69.33% | Time: 0.0107s | GPU Mem: 0.15GB/1.09GB
Epoch: 38 [300/391] Loss: 1.0208 | Acc: 68.81% | Time: 0.0138s | GPU Mem: 0.15GB/1.09GB

训练 - Loss: 1.0837, Acc: 68.46%
测试 - Loss: 1.7460, Acc: 55.62%
学习率: 0.100000, 时间: 9.99s
GPU内存使用:
  GPU 1 - 已分配: 0.14GB, 已保留: 1.09GB

============================================================
Epoch 40/100
============================================================
Epoch: 39 [0/391] Loss: 0.8149 | Acc: 78.12% | Time: 0.0158s | GPU Mem: 0.15GB/1.09GB
Epoch: 39 [100/391] Loss: 1.0194 | Acc: 70.92% | Time: 0.0141s | GPU Mem: 0.15GB/1.09GB
Epoch: 39 [200/391] Loss: 1.0886 | Acc: 69.54% | Time: 0.0100s | GPU Mem: 0.15GB/1.09GB
Epoch: 39 [300/391] Loss: 1.2804 | Acc: 68.76% | Time: 0.0135s | GPU Mem: 0.15GB/1.09GB

训练 - Loss: 1.0830, Acc: 68.49%
测试 - Loss: 1.6452, Acc: 56.93%
学习率: 0.100000, 时间: 9.97s
GPU内存使用:
  GPU 1 - 已分配: 0.14GB, 已保留: 1.09GB
保存checkpoint到: ./checkpoints/checkpoint_epoch_40.pth

============================================================
Epoch 41/100
============================================================
Epoch: 40 [0/391] Loss: 0.9115 | Acc: 68.75% | Time: 0.0154s | GPU Mem: 0.15GB/1.09GB
Epoch: 40 [100/391] Loss: 0.8613 | Acc: 70.17% | Time: 0.0105s | GPU Mem: 0.15GB/1.09GB
Epoch: 40 [200/391] Loss: 0.8663 | Acc: 69.97% | Time: 0.0107s | GPU Mem: 0.15GB/1.09GB
Epoch: 40 [300/391] Loss: 1.1972 | Acc: 69.32% | Time: 0.0081s | GPU Mem: 0.15GB/1.09GB

训练 - Loss: 1.0688, Acc: 68.87%
测试 - Loss: 1.6158, Acc: 57.77%
学习率: 0.100000, 时间: 9.55s
GPU内存使用:
  GPU 1 - 已分配: 0.14GB, 已保留: 1.09GB

============================================================
Epoch 42/100
============================================================
Epoch: 41 [0/391] Loss: 1.0091 | Acc: 67.97% | Time: 0.0121s | GPU Mem: 0.15GB/1.09GB
Epoch: 41 [100/391] Loss: 0.9729 | Acc: 70.74% | Time: 0.0152s | GPU Mem: 0.15GB/1.09GB
Epoch: 41 [200/391] Loss: 1.0136 | Acc: 69.79% | Time: 0.0106s | GPU Mem: 0.15GB/1.09GB
Epoch: 41 [300/391] Loss: 1.3547 | Acc: 68.95% | Time: 0.0106s | GPU Mem: 0.15GB/1.09GB

训练 - Loss: 1.0698, Acc: 68.72%
测试 - Loss: 1.5761, Acc: 58.55%
学习率: 0.100000, 时间: 10.13s
GPU内存使用:
  GPU 1 - 已分配: 0.14GB, 已保留: 1.09GB

============================================================
Epoch 43/100
============================================================
Epoch: 42 [0/391] Loss: 0.6650 | Acc: 78.91% | Time: 0.0177s | GPU Mem: 0.15GB/1.09GB
Epoch: 42 [100/391] Loss: 0.9425 | Acc: 70.49% | Time: 0.0127s | GPU Mem: 0.15GB/1.09GB
Epoch: 42 [200/391] Loss: 1.3534 | Acc: 69.69% | Time: 0.0092s | GPU Mem: 0.15GB/1.09GB
Epoch: 42 [300/391] Loss: 1.1201 | Acc: 69.19% | Time: 0.0097s | GPU Mem: 0.15GB/1.09GB

训练 - Loss: 1.0758, Acc: 68.65%
测试 - Loss: 1.6829, Acc: 55.90%
学习率: 0.100000, 时间: 9.97s
GPU内存使用:
  GPU 1 - 已分配: 0.14GB, 已保留: 1.09GB

============================================================
Epoch 44/100
============================================================
Epoch: 43 [0/391] Loss: 0.9318 | Acc: 70.31% | Time: 0.0154s | GPU Mem: 0.15GB/1.09GB
Epoch: 43 [100/391] Loss: 1.0219 | Acc: 71.02% | Time: 0.0245s | GPU Mem: 0.15GB/1.09GB
Epoch: 43 [200/391] Loss: 1.0763 | Acc: 69.70% | Time: 0.0115s | GPU Mem: 0.15GB/1.09GB
Epoch: 43 [300/391] Loss: 1.1874 | Acc: 69.42% | Time: 0.0164s | GPU Mem: 0.15GB/1.09GB

训练 - Loss: 1.0629, Acc: 68.97%
测试 - Loss: 1.6701, Acc: 57.13%
学习率: 0.100000, 时间: 10.16s
GPU内存使用:
  GPU 1 - 已分配: 0.14GB, 已保留: 1.09GB

============================================================
Epoch 45/100
============================================================
Epoch: 44 [0/391] Loss: 0.9328 | Acc: 72.66% | Time: 0.0154s | GPU Mem: 0.15GB/1.09GB
Epoch: 44 [100/391] Loss: 0.9913 | Acc: 70.49% | Time: 0.0117s | GPU Mem: 0.15GB/1.09GB
Epoch: 44 [200/391] Loss: 1.2055 | Acc: 69.75% | Time: 0.0140s | GPU Mem: 0.15GB/1.09GB
Epoch: 44 [300/391] Loss: 1.1836 | Acc: 69.28% | Time: 0.0185s | GPU Mem: 0.15GB/1.09GB

训练 - Loss: 1.0626, Acc: 68.87%
测试 - Loss: 1.6936, Acc: 55.49%
学习率: 0.100000, 时间: 9.99s
GPU内存使用:
  GPU 1 - 已分配: 0.14GB, 已保留: 1.09GB

============================================================
Epoch 46/100
============================================================
Epoch: 45 [0/391] Loss: 1.1555 | Acc: 71.09% | Time: 0.0101s | GPU Mem: 0.15GB/1.09GB
Epoch: 45 [100/391] Loss: 1.2903 | Acc: 70.88% | Time: 0.0107s | GPU Mem: 0.15GB/1.09GB
Epoch: 45 [200/391] Loss: 1.4341 | Acc: 69.98% | Time: 0.0134s | GPU Mem: 0.15GB/1.09GB
Epoch: 45 [300/391] Loss: 0.9842 | Acc: 69.45% | Time: 0.0103s | GPU Mem: 0.15GB/1.09GB

训练 - Loss: 1.0683, Acc: 69.08%
测试 - Loss: 1.5877, Acc: 58.50%
学习率: 0.100000, 时间: 10.52s
GPU内存使用:
  GPU 1 - 已分配: 0.14GB, 已保留: 1.09GB

============================================================
Epoch 47/100
============================================================
Epoch: 46 [0/391] Loss: 0.9341 | Acc: 73.44% | Time: 0.0202s | GPU Mem: 0.15GB/1.09GB
Epoch: 46 [100/391] Loss: 0.9095 | Acc: 71.19% | Time: 0.0098s | GPU Mem: 0.15GB/1.09GB
Epoch: 46 [200/391] Loss: 1.2519 | Acc: 70.27% | Time: 0.0133s | GPU Mem: 0.15GB/1.09GB
Epoch: 46 [300/391] Loss: 0.8931 | Acc: 69.68% | Time: 0.0112s | GPU Mem: 0.15GB/1.09GB

训练 - Loss: 1.0572, Acc: 69.17%
测试 - Loss: 1.5598, Acc: 58.97%
学习率: 0.100000, 时间: 10.46s
GPU内存使用:
  GPU 1 - 已分配: 0.14GB, 已保留: 1.09GB

============================================================
Epoch 48/100
============================================================
Epoch: 47 [0/391] Loss: 0.9306 | Acc: 68.75% | Time: 0.0182s | GPU Mem: 0.15GB/1.09GB
Epoch: 47 [100/391] Loss: 1.1293 | Acc: 71.02% | Time: 0.0107s | GPU Mem: 0.15GB/1.09GB
Epoch: 47 [200/391] Loss: 1.0539 | Acc: 69.86% | Time: 0.0108s | GPU Mem: 0.15GB/1.09GB
Epoch: 47 [300/391] Loss: 0.7487 | Acc: 69.72% | Time: 0.0099s | GPU Mem: 0.15GB/1.09GB

训练 - Loss: 1.0563, Acc: 69.22%
测试 - Loss: 1.5759, Acc: 59.26%
学习率: 0.100000, 时间: 10.88s
GPU内存使用:
  GPU 1 - 已分配: 0.14GB, 已保留: 1.09GB

============================================================
Epoch 49/100
============================================================
Epoch: 48 [0/391] Loss: 0.9349 | Acc: 67.97% | Time: 0.0130s | GPU Mem: 0.15GB/1.09GB
Epoch: 48 [100/391] Loss: 1.3399 | Acc: 71.44% | Time: 0.0189s | GPU Mem: 0.15GB/1.09GB
Epoch: 48 [200/391] Loss: 0.9487 | Acc: 70.98% | Time: 0.0102s | GPU Mem: 0.15GB/1.09GB
Epoch: 48 [300/391] Loss: 1.1942 | Acc: 69.91% | Time: 0.0111s | GPU Mem: 0.15GB/1.09GB

训练 - Loss: 1.0425, Acc: 69.49%
测试 - Loss: 1.6697, Acc: 56.70%
学习率: 0.100000, 时间: 10.78s
GPU内存使用:
  GPU 1 - 已分配: 0.14GB, 已保留: 1.09GB

============================================================
Epoch 50/100
============================================================
Epoch: 49 [0/391] Loss: 0.9204 | Acc: 72.66% | Time: 0.0166s | GPU Mem: 0.15GB/1.09GB
Epoch: 49 [100/391] Loss: 0.9570 | Acc: 71.22% | Time: 0.0132s | GPU Mem: 0.15GB/1.09GB
Epoch: 49 [200/391] Loss: 0.9219 | Acc: 70.53% | Time: 0.0128s | GPU Mem: 0.15GB/1.09GB
Epoch: 49 [300/391] Loss: 1.2200 | Acc: 69.34% | Time: 0.0115s | GPU Mem: 0.15GB/1.09GB

训练 - Loss: 1.0532, Acc: 69.15%
测试 - Loss: 1.6464, Acc: 57.44%
学习率: 0.010000, 时间: 10.69s
GPU内存使用:
  GPU 1 - 已分配: 0.14GB, 已保留: 1.09GB
保存checkpoint到: ./checkpoints/checkpoint_epoch_50.pth

============================================================
Epoch 51/100
============================================================
Epoch: 50 [0/391] Loss: 0.8703 | Acc: 72.66% | Time: 0.0141s | GPU Mem: 0.15GB/1.09GB
Epoch: 50 [100/391] Loss: 0.5803 | Acc: 78.84% | Time: 0.0097s | GPU Mem: 0.15GB/1.09GB
Epoch: 50 [200/391] Loss: 0.7050 | Acc: 80.75% | Time: 0.0128s | GPU Mem: 0.15GB/1.09GB
Epoch: 50 [300/391] Loss: 0.6154 | Acc: 81.49% | Time: 0.0127s | GPU Mem: 0.15GB/1.09GB

训练 - Loss: 0.6123, Acc: 82.23%
测试 - Loss: 0.9588, Acc: 73.16%
学习率: 0.010000, 时间: 10.65s
GPU内存使用:
  GPU 1 - 已分配: 0.14GB, 已保留: 1.09GB
最佳准确率更新: 59.68% -> 73.16%
保存最佳模型到: ./checkpoints/best_model.pth

============================================================
Epoch 52/100
============================================================
Epoch: 51 [0/391] Loss: 0.5931 | Acc: 78.91% | Time: 0.0144s | GPU Mem: 0.15GB/1.09GB
Epoch: 51 [100/391] Loss: 0.4660 | Acc: 86.00% | Time: 0.0118s | GPU Mem: 0.15GB/1.09GB
Epoch: 51 [200/391] Loss: 0.4890 | Acc: 86.34% | Time: 0.0135s | GPU Mem: 0.15GB/1.09GB
Epoch: 51 [300/391] Loss: 0.3051 | Acc: 86.47% | Time: 0.0161s | GPU Mem: 0.15GB/1.09GB

训练 - Loss: 0.4564, Acc: 86.56%
测试 - Loss: 0.9433, Acc: 73.57%
学习率: 0.010000, 时间: 10.82s
GPU内存使用:
  GPU 1 - 已分配: 0.14GB, 已保留: 1.09GB
最佳准确率更新: 73.16% -> 73.57%
保存最佳模型到: ./checkpoints/best_model.pth

============================================================
Epoch 53/100
============================================================
Epoch: 52 [0/391] Loss: 0.3131 | Acc: 92.19% | Time: 0.0118s | GPU Mem: 0.15GB/1.09GB
Epoch: 52 [100/391] Loss: 0.4428 | Acc: 88.58% | Time: 0.0171s | GPU Mem: 0.15GB/1.09GB
Epoch: 52 [200/391] Loss: 0.4494 | Acc: 88.74% | Time: 0.0107s | GPU Mem: 0.15GB/1.09GB
Epoch: 52 [300/391] Loss: 0.3114 | Acc: 88.70% | Time: 0.0173s | GPU Mem: 0.15GB/1.09GB

训练 - Loss: 0.3907, Acc: 88.62%
测试 - Loss: 0.9338, Acc: 73.83%
学习率: 0.010000, 时间: 10.88s
GPU内存使用:
  GPU 1 - 已分配: 0.14GB, 已保留: 1.09GB
最佳准确率更新: 73.57% -> 73.83%
保存最佳模型到: ./checkpoints/best_model.pth

============================================================
Epoch 54/100
============================================================
Epoch: 53 [0/391] Loss: 0.3460 | Acc: 90.62% | Time: 0.0243s | GPU Mem: 0.15GB/1.09GB
Epoch: 53 [100/391] Loss: 0.3484 | Acc: 90.47% | Time: 0.0164s | GPU Mem: 0.15GB/1.09GB
Epoch: 53 [200/391] Loss: 0.2872 | Acc: 90.17% | Time: 0.0143s | GPU Mem: 0.15GB/1.09GB
Epoch: 53 [300/391] Loss: 0.2937 | Acc: 90.02% | Time: 0.0104s | GPU Mem: 0.15GB/1.09GB

训练 - Loss: 0.3426, Acc: 89.97%
测试 - Loss: 0.9404, Acc: 73.86%
学习率: 0.010000, 时间: 10.61s
GPU内存使用:
  GPU 1 - 已分配: 0.14GB, 已保留: 1.09GB
最佳准确率更新: 73.83% -> 73.86%
保存最佳模型到: ./checkpoints/best_model.pth

============================================================
Epoch 55/100
============================================================
Epoch: 54 [0/391] Loss: 0.3819 | Acc: 92.97% | Time: 0.0220s | GPU Mem: 0.15GB/1.09GB
Epoch: 54 [100/391] Loss: 0.2301 | Acc: 91.90% | Time: 0.0148s | GPU Mem: 0.15GB/1.09GB
Epoch: 54 [200/391] Loss: 0.2700 | Acc: 91.76% | Time: 0.0096s | GPU Mem: 0.15GB/1.09GB
Epoch: 54 [300/391] Loss: 0.3454 | Acc: 91.58% | Time: 0.0186s | GPU Mem: 0.15GB/1.09GB

训练 - Loss: 0.3007, Acc: 91.49%
测试 - Loss: 0.9431, Acc: 73.92%
学习率: 0.010000, 时间: 10.78s
GPU内存使用:
  GPU 1 - 已分配: 0.14GB, 已保留: 1.09GB
最佳准确率更新: 73.86% -> 73.92%
保存最佳模型到: ./checkpoints/best_model.pth

============================================================
Epoch 56/100
============================================================
Epoch: 55 [0/391] Loss: 0.2260 | Acc: 94.53% | Time: 0.0202s | GPU Mem: 0.15GB/1.09GB
Epoch: 55 [100/391] Loss: 0.2612 | Acc: 92.67% | Time: 0.0162s | GPU Mem: 0.15GB/1.09GB
Epoch: 55 [200/391] Loss: 0.2586 | Acc: 92.72% | Time: 0.0127s | GPU Mem: 0.15GB/1.09GB
Epoch: 55 [300/391] Loss: 0.3293 | Acc: 92.60% | Time: 0.0115s | GPU Mem: 0.15GB/1.09GB

训练 - Loss: 0.2708, Acc: 92.37%
测试 - Loss: 0.9717, Acc: 73.57%
学习率: 0.010000, 时间: 10.65s
GPU内存使用:
  GPU 1 - 已分配: 0.14GB, 已保留: 1.09GB

============================================================
Epoch 57/100
============================================================
Epoch: 56 [0/391] Loss: 0.1737 | Acc: 95.31% | Time: 0.0161s | GPU Mem: 0.15GB/1.09GB
Epoch: 56 [100/391] Loss: 0.3180 | Acc: 93.74% | Time: 0.0115s | GPU Mem: 0.15GB/1.09GB
Epoch: 56 [200/391] Loss: 0.2787 | Acc: 93.46% | Time: 0.0153s | GPU Mem: 0.15GB/1.09GB
Epoch: 56 [300/391] Loss: 0.2044 | Acc: 93.21% | Time: 0.0102s | GPU Mem: 0.15GB/1.09GB

训练 - Loss: 0.2424, Acc: 93.13%
测试 - Loss: 0.9736, Acc: 74.20%
学习率: 0.010000, 时间: 10.62s
GPU内存使用:
  GPU 1 - 已分配: 0.14GB, 已保留: 1.09GB
最佳准确率更新: 73.92% -> 74.20%
保存最佳模型到: ./checkpoints/best_model.pth

============================================================
Epoch 58/100
============================================================
Epoch: 57 [0/391] Loss: 0.2353 | Acc: 96.09% | Time: 0.0178s | GPU Mem: 0.15GB/1.09GB
Epoch: 57 [100/391] Loss: 0.3232 | Acc: 94.21% | Time: 0.0123s | GPU Mem: 0.15GB/1.09GB
Epoch: 57 [200/391] Loss: 0.2341 | Acc: 94.24% | Time: 0.0135s | GPU Mem: 0.15GB/1.09GB
Epoch: 57 [300/391] Loss: 0.2548 | Acc: 94.07% | Time: 0.0124s | GPU Mem: 0.15GB/1.09GB

训练 - Loss: 0.2159, Acc: 93.97%
测试 - Loss: 0.9893, Acc: 73.64%
学习率: 0.010000, 时间: 11.12s
GPU内存使用:
  GPU 1 - 已分配: 0.14GB, 已保留: 1.09GB

============================================================
Epoch 59/100
============================================================
Epoch: 58 [0/391] Loss: 0.1553 | Acc: 97.66% | Time: 0.0179s | GPU Mem: 0.15GB/1.09GB
Epoch: 58 [100/391] Loss: 0.1942 | Acc: 95.15% | Time: 0.0168s | GPU Mem: 0.15GB/1.09GB
Epoch: 58 [200/391] Loss: 0.2003 | Acc: 94.90% | Time: 0.0123s | GPU Mem: 0.15GB/1.09GB
Epoch: 58 [300/391] Loss: 0.2316 | Acc: 94.90% | Time: 0.0111s | GPU Mem: 0.15GB/1.09GB

训练 - Loss: 0.1937, Acc: 94.79%
测试 - Loss: 0.9836, Acc: 74.30%
学习率: 0.010000, 时间: 10.98s
GPU内存使用:
  GPU 1 - 已分配: 0.14GB, 已保留: 1.09GB
最佳准确率更新: 74.20% -> 74.30%
保存最佳模型到: ./checkpoints/best_model.pth

============================================================
Epoch 60/100
============================================================
Epoch: 59 [0/391] Loss: 0.1757 | Acc: 95.31% | Time: 0.0233s | GPU Mem: 0.15GB/1.09GB
Epoch: 59 [100/391] Loss: 0.1345 | Acc: 95.97% | Time: 0.0134s | GPU Mem: 0.15GB/1.09GB
Epoch: 59 [200/391] Loss: 0.1991 | Acc: 95.74% | Time: 0.0107s | GPU Mem: 0.15GB/1.09GB
Epoch: 59 [300/391] Loss: 0.1430 | Acc: 95.68% | Time: 0.0133s | GPU Mem: 0.15GB/1.09GB

训练 - Loss: 0.1707, Acc: 95.59%
测试 - Loss: 0.9918, Acc: 74.24%
学习率: 0.010000, 时间: 10.78s
GPU内存使用:
  GPU 1 - 已分配: 0.14GB, 已保留: 1.09GB
保存checkpoint到: ./checkpoints/checkpoint_epoch_60.pth

============================================================
Epoch 61/100
============================================================
Epoch: 60 [0/391] Loss: 0.1404 | Acc: 96.09% | Time: 0.0189s | GPU Mem: 0.15GB/1.09GB
Epoch: 60 [100/391] Loss: 0.1364 | Acc: 96.56% | Time: 0.0106s | GPU Mem: 0.15GB/1.09GB
Epoch: 60 [200/391] Loss: 0.2138 | Acc: 96.37% | Time: 0.0139s | GPU Mem: 0.15GB/1.09GB
Epoch: 60 [300/391] Loss: 0.1811 | Acc: 96.17% | Time: 0.0140s | GPU Mem: 0.15GB/1.09GB

训练 - Loss: 0.1540, Acc: 96.07%
测试 - Loss: 1.0024, Acc: 73.68%
学习率: 0.010000, 时间: 10.91s
GPU内存使用:
  GPU 1 - 已分配: 0.14GB, 已保留: 1.09GB

============================================================
Epoch 62/100
============================================================
Epoch: 61 [0/391] Loss: 0.1303 | Acc: 97.66% | Time: 0.0259s | GPU Mem: 0.15GB/1.09GB
Epoch: 61 [100/391] Loss: 0.1783 | Acc: 96.88% | Time: 0.0149s | GPU Mem: 0.15GB/1.09GB
Epoch: 61 [200/391] Loss: 0.1023 | Acc: 96.82% | Time: 0.0113s | GPU Mem: 0.15GB/1.09GB
Epoch: 61 [300/391] Loss: 0.1075 | Acc: 96.65% | Time: 0.0161s | GPU Mem: 0.15GB/1.09GB

训练 - Loss: 0.1383, Acc: 96.56%
测试 - Loss: 1.0169, Acc: 73.69%
学习率: 0.010000, 时间: 10.78s
GPU内存使用:
  GPU 1 - 已分配: 0.14GB, 已保留: 1.09GB

============================================================
Epoch 63/100
============================================================
Epoch: 62 [0/391] Loss: 0.1062 | Acc: 97.66% | Time: 0.0144s | GPU Mem: 0.15GB/1.09GB
Epoch: 62 [100/391] Loss: 0.0939 | Acc: 97.32% | Time: 0.0155s | GPU Mem: 0.15GB/1.09GB
Epoch: 62 [200/391] Loss: 0.1080 | Acc: 97.07% | Time: 0.0113s | GPU Mem: 0.15GB/1.09GB
Epoch: 62 [300/391] Loss: 0.1783 | Acc: 96.99% | Time: 0.0161s | GPU Mem: 0.15GB/1.09GB

训练 - Loss: 0.1262, Acc: 96.93%
测试 - Loss: 1.0277, Acc: 73.79%
学习率: 0.010000, 时间: 11.09s
GPU内存使用:
  GPU 1 - 已分配: 0.14GB, 已保留: 1.09GB

============================================================
Epoch 64/100
============================================================
Epoch: 63 [0/391] Loss: 0.1229 | Acc: 97.66% | Time: 0.0151s | GPU Mem: 0.15GB/1.09GB
Epoch: 63 [100/391] Loss: 0.1432 | Acc: 97.65% | Time: 0.0139s | GPU Mem: 0.15GB/1.09GB
Epoch: 63 [200/391] Loss: 0.0748 | Acc: 97.49% | Time: 0.0100s | GPU Mem: 0.15GB/1.09GB
Epoch: 63 [300/391] Loss: 0.0810 | Acc: 97.46% | Time: 0.0168s | GPU Mem: 0.15GB/1.09GB

训练 - Loss: 0.1135, Acc: 97.33%
测试 - Loss: 1.0471, Acc: 73.72%
学习率: 0.010000, 时间: 10.72s
GPU内存使用:
  GPU 1 - 已分配: 0.14GB, 已保留: 1.09GB

============================================================
Epoch 65/100
============================================================
Epoch: 64 [0/391] Loss: 0.1030 | Acc: 97.66% | Time: 0.0170s | GPU Mem: 0.15GB/1.09GB
Epoch: 64 [100/391] Loss: 0.1108 | Acc: 98.10% | Time: 0.0114s | GPU Mem: 0.15GB/1.09GB
Epoch: 64 [200/391] Loss: 0.0710 | Acc: 97.93% | Time: 0.0141s | GPU Mem: 0.15GB/1.09GB
Epoch: 64 [300/391] Loss: 0.0847 | Acc: 97.84% | Time: 0.0113s | GPU Mem: 0.15GB/1.09GB

训练 - Loss: 0.1031, Acc: 97.71%
测试 - Loss: 1.0423, Acc: 74.00%
学习率: 0.010000, 时间: 10.78s
GPU内存使用:
  GPU 1 - 已分配: 0.14GB, 已保留: 1.09GB

============================================================
Epoch 66/100
============================================================
Epoch: 65 [0/391] Loss: 0.0838 | Acc: 97.66% | Time: 0.0234s | GPU Mem: 0.15GB/1.09GB
Epoch: 65 [100/391] Loss: 0.1089 | Acc: 98.03% | Time: 0.0194s | GPU Mem: 0.15GB/1.09GB
Epoch: 65 [200/391] Loss: 0.0838 | Acc: 97.97% | Time: 0.0107s | GPU Mem: 0.15GB/1.09GB
Epoch: 65 [300/391] Loss: 0.1056 | Acc: 97.96% | Time: 0.0141s | GPU Mem: 0.15GB/1.09GB

训练 - Loss: 0.0976, Acc: 97.89%
测试 - Loss: 1.0370, Acc: 74.10%
学习率: 0.010000, 时间: 10.89s
GPU内存使用:
  GPU 1 - 已分配: 0.14GB, 已保留: 1.09GB

============================================================
Epoch 67/100
============================================================
Epoch: 66 [0/391] Loss: 0.0811 | Acc: 98.44% | Time: 0.0198s | GPU Mem: 0.15GB/1.09GB
Epoch: 66 [100/391] Loss: 0.0648 | Acc: 98.34% | Time: 0.0146s | GPU Mem: 0.15GB/1.09GB
Epoch: 66 [200/391] Loss: 0.1002 | Acc: 98.41% | Time: 0.0169s | GPU Mem: 0.15GB/1.09GB
Epoch: 66 [300/391] Loss: 0.0734 | Acc: 98.41% | Time: 0.0127s | GPU Mem: 0.15GB/1.09GB

训练 - Loss: 0.0831, Acc: 98.35%
测试 - Loss: 1.0608, Acc: 73.76%
学习率: 0.010000, 时间: 10.92s
GPU内存使用:
  GPU 1 - 已分配: 0.14GB, 已保留: 1.09GB

============================================================
Epoch 68/100
============================================================
Epoch: 67 [0/391] Loss: 0.0484 | Acc: 100.00% | Time: 0.0218s | GPU Mem: 0.15GB/1.09GB
Epoch: 67 [100/391] Loss: 0.0817 | Acc: 98.64% | Time: 0.0134s | GPU Mem: 0.15GB/1.09GB
Epoch: 67 [200/391] Loss: 0.0805 | Acc: 98.58% | Time: 0.0095s | GPU Mem: 0.15GB/1.09GB
Epoch: 67 [300/391] Loss: 0.0930 | Acc: 98.49% | Time: 0.0167s | GPU Mem: 0.15GB/1.09GB

训练 - Loss: 0.0805, Acc: 98.39%
测试 - Loss: 1.0620, Acc: 73.91%
学习率: 0.010000, 时间: 10.83s
GPU内存使用:
  GPU 1 - 已分配: 0.14GB, 已保留: 1.09GB

============================================================
Epoch 69/100
============================================================
Epoch: 68 [0/391] Loss: 0.0532 | Acc: 100.00% | Time: 0.0140s | GPU Mem: 0.15GB/1.09GB
Epoch: 68 [100/391] Loss: 0.0480 | Acc: 98.61% | Time: 0.0112s | GPU Mem: 0.15GB/1.09GB
Epoch: 68 [200/391] Loss: 0.0874 | Acc: 98.58% | Time: 0.0100s | GPU Mem: 0.15GB/1.09GB
Epoch: 68 [300/391] Loss: 0.0643 | Acc: 98.52% | Time: 0.0110s | GPU Mem: 0.15GB/1.09GB

训练 - Loss: 0.0779, Acc: 98.44%
测试 - Loss: 1.0707, Acc: 73.91%
学习率: 0.010000, 时间: 10.69s
GPU内存使用:
  GPU 1 - 已分配: 0.14GB, 已保留: 1.09GB

============================================================
Epoch 70/100
============================================================
Epoch: 69 [0/391] Loss: 0.0542 | Acc: 100.00% | Time: 0.0230s | GPU Mem: 0.15GB/1.09GB
Epoch: 69 [100/391] Loss: 0.0846 | Acc: 98.76% | Time: 0.0099s | GPU Mem: 0.15GB/1.09GB
Epoch: 69 [200/391] Loss: 0.0421 | Acc: 98.68% | Time: 0.0140s | GPU Mem: 0.15GB/1.09GB
Epoch: 69 [300/391] Loss: 0.0616 | Acc: 98.64% | Time: 0.0101s | GPU Mem: 0.15GB/1.09GB

训练 - Loss: 0.0731, Acc: 98.62%
测试 - Loss: 1.0740, Acc: 73.67%
学习率: 0.010000, 时间: 10.99s
GPU内存使用:
  GPU 1 - 已分配: 0.14GB, 已保留: 1.09GB
保存checkpoint到: ./checkpoints/checkpoint_epoch_70.pth

============================================================
Epoch 71/100
============================================================
Epoch: 70 [0/391] Loss: 0.0840 | Acc: 97.66% | Time: 0.0194s | GPU Mem: 0.15GB/1.09GB
Epoch: 70 [100/391] Loss: 0.0751 | Acc: 98.73% | Time: 0.0168s | GPU Mem: 0.15GB/1.09GB
Epoch: 70 [200/391] Loss: 0.0674 | Acc: 98.81% | Time: 0.0138s | GPU Mem: 0.15GB/1.09GB
Epoch: 70 [300/391] Loss: 0.0861 | Acc: 98.76% | Time: 0.0120s | GPU Mem: 0.15GB/1.09GB

训练 - Loss: 0.0696, Acc: 98.65%
测试 - Loss: 1.0912, Acc: 73.27%
学习率: 0.010000, 时间: 11.19s
GPU内存使用:
  GPU 1 - 已分配: 0.14GB, 已保留: 1.09GB

============================================================
Epoch 72/100
============================================================
Epoch: 71 [0/391] Loss: 0.0542 | Acc: 100.00% | Time: 0.0129s | GPU Mem: 0.15GB/1.09GB
Epoch: 71 [100/391] Loss: 0.0584 | Acc: 99.02% | Time: 0.0150s | GPU Mem: 0.15GB/1.09GB
Epoch: 71 [200/391] Loss: 0.0388 | Acc: 98.95% | Time: 0.0155s | GPU Mem: 0.15GB/1.09GB
Epoch: 71 [300/391] Loss: 0.0701 | Acc: 98.91% | Time: 0.0099s | GPU Mem: 0.15GB/1.09GB

训练 - Loss: 0.0656, Acc: 98.80%
测试 - Loss: 1.0834, Acc: 73.66%
学习率: 0.010000, 时间: 10.91s
GPU内存使用:
  GPU 1 - 已分配: 0.14GB, 已保留: 1.09GB

============================================================
Epoch 73/100
============================================================
Epoch: 72 [0/391] Loss: 0.0664 | Acc: 100.00% | Time: 0.0154s | GPU Mem: 0.15GB/1.09GB
Epoch: 72 [100/391] Loss: 0.0788 | Acc: 99.03% | Time: 0.0092s | GPU Mem: 0.15GB/1.09GB
Epoch: 72 [200/391] Loss: 0.0578 | Acc: 99.02% | Time: 0.0110s | GPU Mem: 0.15GB/1.09GB
Epoch: 72 [300/391] Loss: 0.0393 | Acc: 98.95% | Time: 0.0120s | GPU Mem: 0.15GB/1.09GB

训练 - Loss: 0.0603, Acc: 98.91%
测试 - Loss: 1.0910, Acc: 73.65%
学习率: 0.010000, 时间: 10.76s
GPU内存使用:
  GPU 1 - 已分配: 0.14GB, 已保留: 1.09GB

============================================================
Epoch 74/100
============================================================
Epoch: 73 [0/391] Loss: 0.0846 | Acc: 96.88% | Time: 0.0124s | GPU Mem: 0.15GB/1.09GB
Epoch: 73 [100/391] Loss: 0.0542 | Acc: 98.84% | Time: 0.0137s | GPU Mem: 0.15GB/1.09GB
Epoch: 73 [200/391] Loss: 0.0651 | Acc: 98.84% | Time: 0.0098s | GPU Mem: 0.15GB/1.09GB
Epoch: 73 [300/391] Loss: 0.0437 | Acc: 98.82% | Time: 0.0104s | GPU Mem: 0.15GB/1.09GB

训练 - Loss: 0.0646, Acc: 98.83%
测试 - Loss: 1.0795, Acc: 74.16%
学习率: 0.010000, 时间: 10.93s
GPU内存使用:
  GPU 1 - 已分配: 0.14GB, 已保留: 1.09GB

============================================================
Epoch 75/100
============================================================
Epoch: 74 [0/391] Loss: 0.0267 | Acc: 100.00% | Time: 0.0197s | GPU Mem: 0.15GB/1.09GB
Epoch: 74 [100/391] Loss: 0.0704 | Acc: 98.99% | Time: 0.0109s | GPU Mem: 0.15GB/1.09GB
Epoch: 74 [200/391] Loss: 0.0416 | Acc: 99.01% | Time: 0.0110s | GPU Mem: 0.15GB/1.09GB
Epoch: 74 [300/391] Loss: 0.0553 | Acc: 98.99% | Time: 0.0102s | GPU Mem: 0.15GB/1.09GB

训练 - Loss: 0.0596, Acc: 98.95%
测试 - Loss: 1.0919, Acc: 74.18%
学习率: 0.010000, 时间: 10.75s
GPU内存使用:
  GPU 1 - 已分配: 0.14GB, 已保留: 1.09GB

============================================================
Epoch 76/100
============================================================
Epoch: 75 [0/391] Loss: 0.0485 | Acc: 99.22% | Time: 0.0205s | GPU Mem: 0.15GB/1.09GB
Epoch: 75 [100/391] Loss: 0.0391 | Acc: 99.30% | Time: 0.0113s | GPU Mem: 0.15GB/1.09GB
Epoch: 75 [200/391] Loss: 0.0706 | Acc: 99.11% | Time: 0.0135s | GPU Mem: 0.15GB/1.09GB
Epoch: 75 [300/391] Loss: 0.1203 | Acc: 98.99% | Time: 0.0124s | GPU Mem: 0.15GB/1.09GB

训练 - Loss: 0.0586, Acc: 98.96%
测试 - Loss: 1.1046, Acc: 74.16%
学习率: 0.010000, 时间: 10.77s
GPU内存使用:
  GPU 1 - 已分配: 0.14GB, 已保留: 1.09GB

============================================================
Epoch 77/100
============================================================
Epoch: 76 [0/391] Loss: 0.0896 | Acc: 97.66% | Time: 0.0187s | GPU Mem: 0.15GB/1.09GB
Epoch: 76 [100/391] Loss: 0.0334 | Acc: 99.07% | Time: 0.0099s | GPU Mem: 0.15GB/1.09GB
Epoch: 76 [200/391] Loss: 0.0771 | Acc: 99.09% | Time: 0.0161s | GPU Mem: 0.15GB/1.09GB
Epoch: 76 [300/391] Loss: 0.0582 | Acc: 99.04% | Time: 0.0159s | GPU Mem: 0.15GB/1.09GB

训练 - Loss: 0.0575, Acc: 98.99%
测试 - Loss: 1.1141, Acc: 73.07%
学习率: 0.010000, 时间: 10.79s
GPU内存使用:
  GPU 1 - 已分配: 0.14GB, 已保留: 1.09GB

============================================================
Epoch 78/100
============================================================
Epoch: 77 [0/391] Loss: 0.0444 | Acc: 100.00% | Time: 0.0196s | GPU Mem: 0.15GB/1.09GB
Epoch: 77 [100/391] Loss: 0.0322 | Acc: 99.10% | Time: 0.0102s | GPU Mem: 0.15GB/1.09GB
Epoch: 77 [200/391] Loss: 0.0391 | Acc: 99.09% | Time: 0.0149s | GPU Mem: 0.15GB/1.09GB
Epoch: 77 [300/391] Loss: 0.0464 | Acc: 99.08% | Time: 0.0116s | GPU Mem: 0.15GB/1.09GB

训练 - Loss: 0.0565, Acc: 98.99%
测试 - Loss: 1.1203, Acc: 73.51%
学习率: 0.010000, 时间: 10.87s
GPU内存使用:
  GPU 1 - 已分配: 0.14GB, 已保留: 1.09GB

============================================================
Epoch 79/100
============================================================
Epoch: 78 [0/391] Loss: 0.0365 | Acc: 100.00% | Time: 0.0196s | GPU Mem: 0.15GB/1.09GB
Epoch: 78 [100/391] Loss: 0.0560 | Acc: 98.98% | Time: 0.0180s | GPU Mem: 0.15GB/1.09GB
Epoch: 78 [200/391] Loss: 0.0922 | Acc: 98.95% | Time: 0.0155s | GPU Mem: 0.15GB/1.09GB
Epoch: 78 [300/391] Loss: 0.0555 | Acc: 98.95% | Time: 0.0129s | GPU Mem: 0.15GB/1.09GB

训练 - Loss: 0.0605, Acc: 98.91%
测试 - Loss: 1.1261, Acc: 73.26%
学习率: 0.010000, 时间: 10.80s
GPU内存使用:
  GPU 1 - 已分配: 0.14GB, 已保留: 1.09GB

============================================================
Epoch 80/100
============================================================
Epoch: 79 [0/391] Loss: 0.0316 | Acc: 100.00% | Time: 0.0120s | GPU Mem: 0.15GB/1.09GB
Epoch: 79 [100/391] Loss: 0.0733 | Acc: 99.08% | Time: 0.0156s | GPU Mem: 0.15GB/1.09GB
Epoch: 79 [200/391] Loss: 0.0749 | Acc: 99.04% | Time: 0.0148s | GPU Mem: 0.15GB/1.09GB
Epoch: 79 [300/391] Loss: 0.0437 | Acc: 98.96% | Time: 0.0099s | GPU Mem: 0.15GB/1.09GB

训练 - Loss: 0.0605, Acc: 98.90%
测试 - Loss: 1.1051, Acc: 73.86%
学习率: 0.010000, 时间: 10.46s
GPU内存使用:
  GPU 1 - 已分配: 0.14GB, 已保留: 1.09GB
保存checkpoint到: ./checkpoints/checkpoint_epoch_80.pth

============================================================
Epoch 81/100
============================================================
Epoch: 80 [0/391] Loss: 0.0667 | Acc: 97.66% | Time: 0.0233s | GPU Mem: 0.15GB/1.09GB
Epoch: 80 [100/391] Loss: 0.0480 | Acc: 98.98% | Time: 0.0109s | GPU Mem: 0.15GB/1.09GB
Epoch: 80 [200/391] Loss: 0.0326 | Acc: 99.02% | Time: 0.0158s | GPU Mem: 0.15GB/1.09GB
Epoch: 80 [300/391] Loss: 0.0547 | Acc: 98.96% | Time: 0.0140s | GPU Mem: 0.15GB/1.09GB

训练 - Loss: 0.0591, Acc: 98.93%
测试 - Loss: 1.1260, Acc: 72.83%
学习率: 0.010000, 时间: 10.49s
GPU内存使用:
  GPU 1 - 已分配: 0.14GB, 已保留: 1.09GB

============================================================
Epoch 82/100
============================================================
Epoch: 81 [0/391] Loss: 0.0618 | Acc: 100.00% | Time: 0.0190s | GPU Mem: 0.15GB/1.09GB
Epoch: 81 [100/391] Loss: 0.0512 | Acc: 99.26% | Time: 0.0130s | GPU Mem: 0.15GB/1.09GB
Epoch: 81 [200/391] Loss: 0.0250 | Acc: 99.15% | Time: 0.0108s | GPU Mem: 0.15GB/1.09GB
Epoch: 81 [300/391] Loss: 0.0483 | Acc: 99.09% | Time: 0.0098s | GPU Mem: 0.15GB/1.09GB

训练 - Loss: 0.0559, Acc: 99.04%
测试 - Loss: 1.1456, Acc: 73.00%
学习率: 0.010000, 时间: 10.29s
GPU内存使用:
  GPU 1 - 已分配: 0.14GB, 已保留: 1.09GB

============================================================
Epoch 83/100
============================================================
Epoch: 82 [0/391] Loss: 0.0405 | Acc: 100.00% | Time: 0.0204s | GPU Mem: 0.15GB/1.09GB
Epoch: 82 [100/391] Loss: 0.0647 | Acc: 98.94% | Time: 0.0127s | GPU Mem: 0.15GB/1.09GB
Epoch: 82 [200/391] Loss: 0.0923 | Acc: 98.93% | Time: 0.0128s | GPU Mem: 0.15GB/1.09GB
Epoch: 82 [300/391] Loss: 0.0740 | Acc: 98.83% | Time: 0.0103s | GPU Mem: 0.15GB/1.09GB

训练 - Loss: 0.0650, Acc: 98.72%
测试 - Loss: 1.1364, Acc: 72.99%
学习率: 0.010000, 时间: 10.01s
GPU内存使用:
  GPU 1 - 已分配: 0.14GB, 已保留: 1.09GB

============================================================
Epoch 84/100
============================================================
Epoch: 83 [0/391] Loss: 0.0593 | Acc: 99.22% | Time: 0.0105s | GPU Mem: 0.15GB/1.09GB
Epoch: 83 [100/391] Loss: 0.0265 | Acc: 98.88% | Time: 0.0158s | GPU Mem: 0.15GB/1.09GB
Epoch: 83 [200/391] Loss: 0.0643 | Acc: 98.91% | Time: 0.0099s | GPU Mem: 0.15GB/1.09GB
Epoch: 83 [300/391] Loss: 0.1216 | Acc: 98.88% | Time: 0.0103s | GPU Mem: 0.15GB/1.09GB

训练 - Loss: 0.0612, Acc: 98.84%
测试 - Loss: 1.1368, Acc: 73.13%
学习率: 0.010000, 时间: 10.02s
GPU内存使用:
  GPU 1 - 已分配: 0.14GB, 已保留: 1.09GB

============================================================
Epoch 85/100
============================================================
Epoch: 84 [0/391] Loss: 0.0405 | Acc: 99.22% | Time: 0.0190s | GPU Mem: 0.15GB/1.09GB
Epoch: 84 [100/391] Loss: 0.0506 | Acc: 98.90% | Time: 0.0124s | GPU Mem: 0.15GB/1.09GB
Epoch: 84 [200/391] Loss: 0.0851 | Acc: 98.86% | Time: 0.0162s | GPU Mem: 0.15GB/1.09GB
Epoch: 84 [300/391] Loss: 0.1064 | Acc: 98.69% | Time: 0.0135s | GPU Mem: 0.15GB/1.09GB

训练 - Loss: 0.0690, Acc: 98.59%
测试 - Loss: 1.1412, Acc: 73.07%
学习率: 0.010000, 时间: 10.00s
GPU内存使用:
  GPU 1 - 已分配: 0.14GB, 已保留: 1.09GB

============================================================
Epoch 86/100
============================================================
Epoch: 85 [0/391] Loss: 0.0841 | Acc: 96.09% | Time: 0.0154s | GPU Mem: 0.15GB/1.09GB
Epoch: 85 [100/391] Loss: 0.0479 | Acc: 98.90% | Time: 0.0098s | GPU Mem: 0.15GB/1.09GB
Epoch: 85 [200/391] Loss: 0.0710 | Acc: 98.74% | Time: 0.0140s | GPU Mem: 0.15GB/1.09GB
Epoch: 85 [300/391] Loss: 0.1200 | Acc: 98.66% | Time: 0.0099s | GPU Mem: 0.15GB/1.09GB

训练 - Loss: 0.0759, Acc: 98.43%
测试 - Loss: 1.1822, Acc: 71.71%
学习率: 0.010000, 时间: 9.99s
GPU内存使用:
  GPU 1 - 已分配: 0.14GB, 已保留: 1.09GB

============================================================
Epoch 87/100
============================================================
Epoch: 86 [0/391] Loss: 0.0689 | Acc: 96.88% | Time: 0.0132s | GPU Mem: 0.15GB/1.09GB
Epoch: 86 [100/391] Loss: 0.0819 | Acc: 98.41% | Time: 0.0107s | GPU Mem: 0.15GB/1.09GB
Epoch: 86 [200/391] Loss: 0.0843 | Acc: 98.39% | Time: 0.0190s | GPU Mem: 0.15GB/1.09GB
Epoch: 86 [300/391] Loss: 0.1061 | Acc: 98.34% | Time: 0.0132s | GPU Mem: 0.15GB/1.09GB

训练 - Loss: 0.0816, Acc: 98.19%
测试 - Loss: 1.1913, Acc: 72.26%
学习率: 0.010000, 时间: 10.16s
GPU内存使用:
  GPU 1 - 已分配: 0.14GB, 已保留: 1.09GB

============================================================
Epoch 88/100
============================================================
Epoch: 87 [0/391] Loss: 0.0596 | Acc: 99.22% | Time: 0.0113s | GPU Mem: 0.15GB/1.09GB
Epoch: 87 [100/391] Loss: 0.0484 | Acc: 98.41% | Time: 0.0146s | GPU Mem: 0.15GB/1.09GB
Epoch: 87 [200/391] Loss: 0.0807 | Acc: 98.38% | Time: 0.0088s | GPU Mem: 0.15GB/1.09GB
Epoch: 87 [300/391] Loss: 0.1150 | Acc: 98.29% | Time: 0.0129s | GPU Mem: 0.15GB/1.09GB

训练 - Loss: 0.0849, Acc: 98.10%
测试 - Loss: 1.1896, Acc: 72.08%
学习率: 0.010000, 时间: 10.07s
GPU内存使用:
  GPU 1 - 已分配: 0.14GB, 已保留: 1.09GB

============================================================
Epoch 89/100
============================================================
Epoch: 88 [0/391] Loss: 0.0592 | Acc: 99.22% | Time: 0.0135s | GPU Mem: 0.15GB/1.09GB
Epoch: 88 [100/391] Loss: 0.0561 | Acc: 98.38% | Time: 0.0123s | GPU Mem: 0.15GB/1.09GB
Epoch: 88 [200/391] Loss: 0.0547 | Acc: 98.27% | Time: 0.0196s | GPU Mem: 0.15GB/1.09GB
Epoch: 88 [300/391] Loss: 0.0554 | Acc: 98.26% | Time: 0.0089s | GPU Mem: 0.15GB/1.09GB

训练 - Loss: 0.0822, Acc: 98.16%
测试 - Loss: 1.2387, Acc: 71.02%
学习率: 0.010000, 时间: 9.89s
GPU内存使用:
  GPU 1 - 已分配: 0.14GB, 已保留: 1.09GB

============================================================
Epoch 90/100
============================================================
Epoch: 89 [0/391] Loss: 0.0920 | Acc: 96.09% | Time: 0.0152s | GPU Mem: 0.15GB/1.09GB
Epoch: 89 [100/391] Loss: 0.1357 | Acc: 98.12% | Time: 0.0118s | GPU Mem: 0.15GB/1.09GB
Epoch: 89 [200/391] Loss: 0.0743 | Acc: 97.94% | Time: 0.0118s | GPU Mem: 0.15GB/1.09GB
Epoch: 89 [300/391] Loss: 0.0936 | Acc: 97.97% | Time: 0.0105s | GPU Mem: 0.15GB/1.09GB

训练 - Loss: 0.0907, Acc: 97.92%
测试 - Loss: 1.2002, Acc: 71.69%
学习率: 0.010000, 时间: 9.97s
GPU内存使用:
  GPU 1 - 已分配: 0.14GB, 已保留: 1.09GB
保存checkpoint到: ./checkpoints/checkpoint_epoch_90.pth

============================================================
Epoch 91/100
============================================================
Epoch: 90 [0/391] Loss: 0.1160 | Acc: 96.09% | Time: 0.0143s | GPU Mem: 0.15GB/1.09GB
Epoch: 90 [100/391] Loss: 0.1198 | Acc: 98.06% | Time: 0.0143s | GPU Mem: 0.15GB/1.09GB
Epoch: 90 [200/391] Loss: 0.1158 | Acc: 97.91% | Time: 0.0108s | GPU Mem: 0.15GB/1.09GB
Epoch: 90 [300/391] Loss: 0.1077 | Acc: 97.76% | Time: 0.0097s | GPU Mem: 0.15GB/1.09GB

训练 - Loss: 0.1015, Acc: 97.60%
测试 - Loss: 1.2413, Acc: 71.53%
学习率: 0.010000, 时间: 10.08s
GPU内存使用:
  GPU 1 - 已分配: 0.14GB, 已保留: 1.09GB

============================================================
Epoch 92/100
============================================================
Epoch: 91 [0/391] Loss: 0.1398 | Acc: 94.53% | Time: 0.0100s | GPU Mem: 0.15GB/1.09GB
Epoch: 91 [100/391] Loss: 0.0910 | Acc: 97.75% | Time: 0.0141s | GPU Mem: 0.15GB/1.09GB
Epoch: 91 [200/391] Loss: 0.1086 | Acc: 97.66% | Time: 0.0094s | GPU Mem: 0.15GB/1.09GB
Epoch: 91 [300/391] Loss: 0.1278 | Acc: 97.66% | Time: 0.0122s | GPU Mem: 0.15GB/1.09GB

训练 - Loss: 0.1010, Acc: 97.56%
测试 - Loss: 1.2412, Acc: 71.14%
学习率: 0.010000, 时间: 9.91s
GPU内存使用:
  GPU 1 - 已分配: 0.14GB, 已保留: 1.09GB

============================================================
Epoch 93/100
============================================================
Epoch: 92 [0/391] Loss: 0.0463 | Acc: 100.00% | Time: 0.0164s | GPU Mem: 0.15GB/1.09GB
Epoch: 92 [100/391] Loss: 0.1314 | Acc: 97.89% | Time: 0.0095s | GPU Mem: 0.15GB/1.09GB
Epoch: 92 [200/391] Loss: 0.0766 | Acc: 97.68% | Time: 0.0125s | GPU Mem: 0.15GB/1.09GB
Epoch: 92 [300/391] Loss: 0.0856 | Acc: 97.53% | Time: 0.0095s | GPU Mem: 0.15GB/1.09GB

训练 - Loss: 0.1091, Acc: 97.34%
测试 - Loss: 1.2689, Acc: 70.59%
学习率: 0.010000, 时间: 9.95s
GPU内存使用:
  GPU 1 - 已分配: 0.14GB, 已保留: 1.09GB

============================================================
Epoch 94/100
============================================================
Epoch: 93 [0/391] Loss: 0.1036 | Acc: 97.66% | Time: 0.0131s | GPU Mem: 0.15GB/1.09GB
Epoch: 93 [100/391] Loss: 0.0859 | Acc: 97.37% | Time: 0.0167s | GPU Mem: 0.15GB/1.09GB
Epoch: 93 [200/391] Loss: 0.0736 | Acc: 97.56% | Time: 0.0127s | GPU Mem: 0.15GB/1.09GB
Epoch: 93 [300/391] Loss: 0.1146 | Acc: 97.30% | Time: 0.0171s | GPU Mem: 0.15GB/1.09GB

训练 - Loss: 0.1164, Acc: 97.09%
测试 - Loss: 1.2586, Acc: 70.43%
学习率: 0.010000, 时间: 10.16s
GPU内存使用:
  GPU 1 - 已分配: 0.14GB, 已保留: 1.09GB

============================================================
Epoch 95/100
============================================================
Epoch: 94 [0/391] Loss: 0.1302 | Acc: 97.66% | Time: 0.0095s | GPU Mem: 0.15GB/1.09GB
Epoch: 94 [100/391] Loss: 0.0950 | Acc: 97.39% | Time: 0.0122s | GPU Mem: 0.15GB/1.09GB
Epoch: 94 [200/391] Loss: 0.1076 | Acc: 97.26% | Time: 0.0136s | GPU Mem: 0.15GB/1.09GB
Epoch: 94 [300/391] Loss: 0.1416 | Acc: 97.08% | Time: 0.0097s | GPU Mem: 0.15GB/1.09GB

训练 - Loss: 0.1151, Acc: 97.05%
测试 - Loss: 1.2383, Acc: 71.29%
学习率: 0.010000, 时间: 9.85s
GPU内存使用:
  GPU 1 - 已分配: 0.14GB, 已保留: 1.09GB

============================================================
Epoch 96/100
============================================================
Epoch: 95 [0/391] Loss: 0.1370 | Acc: 96.09% | Time: 0.0182s | GPU Mem: 0.15GB/1.09GB
Epoch: 95 [100/391] Loss: 0.0740 | Acc: 97.56% | Time: 0.0107s | GPU Mem: 0.15GB/1.09GB
Epoch: 95 [200/391] Loss: 0.1216 | Acc: 97.47% | Time: 0.0100s | GPU Mem: 0.15GB/1.09GB
Epoch: 95 [300/391] Loss: 0.1437 | Acc: 97.24% | Time: 0.0142s | GPU Mem: 0.15GB/1.09GB

训练 - Loss: 0.1173, Acc: 97.00%
测试 - Loss: 1.2614, Acc: 70.57%
学习率: 0.010000, 时间: 9.82s
GPU内存使用:
  GPU 1 - 已分配: 0.14GB, 已保留: 1.09GB

============================================================
Epoch 97/100
============================================================
Epoch: 96 [0/391] Loss: 0.0695 | Acc: 98.44% | Time: 0.0178s | GPU Mem: 0.15GB/1.09GB
Epoch: 96 [100/391] Loss: 0.1215 | Acc: 97.01% | Time: 0.0120s | GPU Mem: 0.15GB/1.09GB
Epoch: 96 [200/391] Loss: 0.1377 | Acc: 97.10% | Time: 0.0166s | GPU Mem: 0.15GB/1.09GB
Epoch: 96 [300/391] Loss: 0.0975 | Acc: 97.03% | Time: 0.0135s | GPU Mem: 0.15GB/1.09GB

训练 - Loss: 0.1194, Acc: 96.90%
测试 - Loss: 1.2952, Acc: 69.88%
学习率: 0.010000, 时间: 9.99s
GPU内存使用:
  GPU 1 - 已分配: 0.14GB, 已保留: 1.09GB

============================================================
Epoch 98/100
============================================================
Epoch: 97 [0/391] Loss: 0.0668 | Acc: 98.44% | Time: 0.0149s | GPU Mem: 0.15GB/1.09GB
Epoch: 97 [100/391] Loss: 0.0943 | Acc: 97.37% | Time: 0.0157s | GPU Mem: 0.15GB/1.09GB
Epoch: 97 [200/391] Loss: 0.0524 | Acc: 97.39% | Time: 0.0092s | GPU Mem: 0.15GB/1.09GB
Epoch: 97 [300/391] Loss: 0.1208 | Acc: 97.31% | Time: 0.0148s | GPU Mem: 0.15GB/1.09GB

训练 - Loss: 0.1132, Acc: 97.12%
测试 - Loss: 1.2759, Acc: 70.23%
学习率: 0.010000, 时间: 9.83s
GPU内存使用:
  GPU 1 - 已分配: 0.14GB, 已保留: 1.09GB

============================================================
Epoch 99/100
============================================================
Epoch: 98 [0/391] Loss: 0.1036 | Acc: 97.66% | Time: 0.0150s | GPU Mem: 0.15GB/1.09GB
Epoch: 98 [100/391] Loss: 0.1722 | Acc: 97.19% | Time: 0.0105s | GPU Mem: 0.15GB/1.09GB
Epoch: 98 [200/391] Loss: 0.0794 | Acc: 97.16% | Time: 0.0177s | GPU Mem: 0.15GB/1.09GB
Epoch: 98 [300/391] Loss: 0.1113 | Acc: 97.25% | Time: 0.0108s | GPU Mem: 0.15GB/1.09GB

训练 - Loss: 0.1110, Acc: 97.12%
测试 - Loss: 1.2902, Acc: 70.17%
学习率: 0.010000, 时间: 9.99s
GPU内存使用:
  GPU 1 - 已分配: 0.14GB, 已保留: 1.09GB

============================================================
Epoch 100/100
============================================================
Epoch: 99 [0/391] Loss: 0.0637 | Acc: 98.44% | Time: 0.0106s | GPU Mem: 0.15GB/1.09GB
Epoch: 99 [100/391] Loss: 0.0623 | Acc: 97.55% | Time: 0.0103s | GPU Mem: 0.15GB/1.09GB
Epoch: 99 [200/391] Loss: 0.1371 | Acc: 97.49% | Time: 0.0140s | GPU Mem: 0.15GB/1.09GB
Epoch: 99 [300/391] Loss: 0.1293 | Acc: 97.24% | Time: 0.0099s | GPU Mem: 0.15GB/1.09GB

训练 - Loss: 0.1117, Acc: 97.12%
测试 - Loss: 1.2318, Acc: 71.20%
学习率: 0.001000, 时间: 9.81s
GPU内存使用:
  GPU 1 - 已分配: 0.14GB, 已保留: 1.09GB
保存checkpoint到: ./checkpoints/checkpoint_epoch_100.pth

============================================================
训练完成!
============================================================
总时间: 1182.50秒 (19.71分钟)
平均每epoch: 11.82秒
最佳测试准确率: 74.30%
保存最终模型到: ./experiments/group_2_model_complexity_impact_across_training_modes/checkpoints/single_resnet18_bs128_gpu1_nw2_chunks0.pth

训练完成!
