====================================================================================================
Experiment: single_resnet34_bs128_gpu1_nw2_chunks0
Parameters: {
  "mode": "single",
  "model": "resnet34",
  "batch_size": 128,
  "epochs": 100,
  "dataset": "cifar100",
  "gpu_ids": [
    1
  ],
  "num_workers": 2,
  "prefetch_factor": 1,
  "chunks": 0,
  "num_gpus": 1
}
Command: python -u main.py --mode single --model resnet34 --batch-size 128 --epochs 100 --dataset cifar100 --gpu-ids 1 --num-workers 2 --prefetch-factor 1 --chunks 0 --final-checkpoint-path ./experiments/group_2_model_complexity_impact_across_training_modes/checkpoints/single_resnet34_bs128_gpu1_nw2_chunks0.pth
Start Time: 2025-12-10T01:49:16.613441
====================================================================================================

================================================================================
训练配置:
================================================================================
  mode                     : single
  gpu_ids                  : [1]
  num_gpus                 : 1
  num_workers              : 2
  prefetch_factor          : 1
  pin_memory               : True
  persistent_workers       : True
  batch_size               : 128
  epochs                   : 100
  lr                       : 0.1
  momentum                 : 0.9
  weight_decay             : 0.0005
  lr_schedule              : step
  lr_step_size             : 50
  lr_gamma                 : 0.1
  dataset                  : cifar100
  data_root                : ./data
  num_classes              : 100
  model                    : resnet34
  save_dir                 : ./checkpoints
  log_interval             : 100
  save_interval            : 10
  final_checkpoint_path    : ./experiments/group_2_model_complexity_impact_across_training_modes/checkpoints/single_resnet34_bs128_gpu1_nw2_chunks0.pth
  seed                     : 42
  resume                   : None
  evaluate                 : False
  dist_backend             : nccl
  dist_url                 : env://
  effective_batch_size     : 128
  chunks                   : 0
================================================================================

可用GPU数量: 7
  GPU 1: NVIDIA GeForce RTX 4090

使用训练模式: SINGLE

初始化单GPU训练器...
使用设备: cuda:1

开始训练 100 个epochs...
Batch size: 128
学习率: 0.1

============================================================
Epoch 1/100
============================================================
Epoch: 0 [0/391] Loss: 4.7917 | Acc: 1.56% | Time: 0.5503s | GPU Mem: 0.26GB/1.57GB
Epoch: 0 [100/391] Loss: 4.3577 | Acc: 2.24% | Time: 0.0168s | GPU Mem: 0.26GB/1.57GB
Epoch: 0 [200/391] Loss: 3.9472 | Acc: 3.74% | Time: 0.0191s | GPU Mem: 0.26GB/1.57GB
Epoch: 0 [300/391] Loss: 3.8583 | Acc: 5.06% | Time: 0.0163s | GPU Mem: 0.26GB/1.57GB

训练 - Loss: 4.1926, Acc: 5.94%
测试 - Loss: 3.8042, Acc: 10.30%
学习率: 0.100000, 时间: 11.22s
GPU内存使用:
  GPU 1 - 已分配: 0.26GB, 已保留: 1.57GB
最佳准确率更新: 0.00% -> 10.30%
保存最佳模型到: ./checkpoints/best_model.pth

============================================================
Epoch 2/100
============================================================
Epoch: 1 [0/391] Loss: 3.7933 | Acc: 7.81% | Time: 0.0237s | GPU Mem: 0.26GB/1.57GB
Epoch: 1 [100/391] Loss: 3.8908 | Acc: 10.17% | Time: 0.0171s | GPU Mem: 0.26GB/1.57GB
Epoch: 1 [200/391] Loss: 3.5859 | Acc: 11.29% | Time: 0.0196s | GPU Mem: 0.26GB/1.57GB
Epoch: 1 [300/391] Loss: 3.5054 | Acc: 12.21% | Time: 0.0158s | GPU Mem: 0.26GB/1.57GB

训练 - Loss: 3.6303, Acc: 13.08%
测试 - Loss: 3.3696, Acc: 18.23%
学习率: 0.100000, 时间: 10.77s
GPU内存使用:
  GPU 1 - 已分配: 0.26GB, 已保留: 1.57GB
最佳准确率更新: 10.30% -> 18.23%
保存最佳模型到: ./checkpoints/best_model.pth

============================================================
Epoch 3/100
============================================================
Epoch: 2 [0/391] Loss: 3.4670 | Acc: 9.38% | Time: 0.0205s | GPU Mem: 0.26GB/1.57GB
Epoch: 2 [100/391] Loss: 3.1275 | Acc: 18.09% | Time: 0.0209s | GPU Mem: 0.26GB/1.57GB
Epoch: 2 [200/391] Loss: 3.2433 | Acc: 19.07% | Time: 0.0166s | GPU Mem: 0.26GB/1.57GB
Epoch: 2 [300/391] Loss: 3.1502 | Acc: 19.83% | Time: 0.0153s | GPU Mem: 0.26GB/1.57GB

训练 - Loss: 3.2351, Acc: 20.31%
测试 - Loss: 3.2097, Acc: 22.12%
学习率: 0.100000, 时间: 10.48s
GPU内存使用:
  GPU 1 - 已分配: 0.26GB, 已保留: 1.57GB
最佳准确率更新: 18.23% -> 22.12%
保存最佳模型到: ./checkpoints/best_model.pth

============================================================
Epoch 4/100
============================================================
Epoch: 3 [0/391] Loss: 2.9501 | Acc: 21.88% | Time: 0.0225s | GPU Mem: 0.26GB/1.57GB
Epoch: 3 [100/391] Loss: 3.0323 | Acc: 24.10% | Time: 0.0149s | GPU Mem: 0.26GB/1.57GB
Epoch: 3 [200/391] Loss: 2.9767 | Acc: 24.96% | Time: 0.0195s | GPU Mem: 0.26GB/1.57GB
Epoch: 3 [300/391] Loss: 2.7698 | Acc: 25.69% | Time: 0.0172s | GPU Mem: 0.26GB/1.57GB

训练 - Loss: 2.9120, Acc: 26.39%
测试 - Loss: 2.8319, Acc: 27.97%
学习率: 0.100000, 时间: 10.54s
GPU内存使用:
  GPU 1 - 已分配: 0.26GB, 已保留: 1.57GB
最佳准确率更新: 22.12% -> 27.97%
保存最佳模型到: ./checkpoints/best_model.pth

============================================================
Epoch 5/100
============================================================
Epoch: 4 [0/391] Loss: 2.5226 | Acc: 36.72% | Time: 0.0211s | GPU Mem: 0.26GB/1.57GB
Epoch: 4 [100/391] Loss: 2.8712 | Acc: 30.46% | Time: 0.0205s | GPU Mem: 0.26GB/1.57GB
Epoch: 4 [200/391] Loss: 2.6408 | Acc: 31.23% | Time: 0.0172s | GPU Mem: 0.26GB/1.57GB
Epoch: 4 [300/391] Loss: 2.6107 | Acc: 31.67% | Time: 0.0256s | GPU Mem: 0.26GB/1.57GB

训练 - Loss: 2.5931, Acc: 32.46%
测试 - Loss: 2.7727, Acc: 30.54%
学习率: 0.100000, 时间: 10.42s
GPU内存使用:
  GPU 1 - 已分配: 0.26GB, 已保留: 1.57GB
最佳准确率更新: 27.97% -> 30.54%
保存最佳模型到: ./checkpoints/best_model.pth

============================================================
Epoch 6/100
============================================================
Epoch: 5 [0/391] Loss: 2.3552 | Acc: 42.19% | Time: 0.0292s | GPU Mem: 0.26GB/1.57GB
Epoch: 5 [100/391] Loss: 2.5475 | Acc: 37.62% | Time: 0.0228s | GPU Mem: 0.26GB/1.57GB
Epoch: 5 [200/391] Loss: 2.3239 | Acc: 38.24% | Time: 0.0190s | GPU Mem: 0.26GB/1.57GB
Epoch: 5 [300/391] Loss: 2.4518 | Acc: 38.37% | Time: 0.0149s | GPU Mem: 0.26GB/1.57GB

训练 - Loss: 2.3204, Acc: 38.75%
测试 - Loss: 2.3509, Acc: 38.79%
学习率: 0.100000, 时间: 10.49s
GPU内存使用:
  GPU 1 - 已分配: 0.26GB, 已保留: 1.57GB
最佳准确率更新: 30.54% -> 38.79%
保存最佳模型到: ./checkpoints/best_model.pth

============================================================
Epoch 7/100
============================================================
Epoch: 6 [0/391] Loss: 2.0064 | Acc: 46.09% | Time: 0.0286s | GPU Mem: 0.26GB/1.57GB
Epoch: 6 [100/391] Loss: 2.4666 | Acc: 42.19% | Time: 0.0158s | GPU Mem: 0.26GB/1.57GB
Epoch: 6 [200/391] Loss: 2.0703 | Acc: 43.09% | Time: 0.0230s | GPU Mem: 0.26GB/1.57GB
Epoch: 6 [300/391] Loss: 2.0260 | Acc: 43.33% | Time: 0.0173s | GPU Mem: 0.26GB/1.57GB

训练 - Loss: 2.0937, Acc: 43.46%
测试 - Loss: 2.1246, Acc: 43.97%
学习率: 0.100000, 时间: 10.79s
GPU内存使用:
  GPU 1 - 已分配: 0.26GB, 已保留: 1.57GB
最佳准确率更新: 38.79% -> 43.97%
保存最佳模型到: ./checkpoints/best_model.pth

============================================================
Epoch 8/100
============================================================
Epoch: 7 [0/391] Loss: 2.1555 | Acc: 39.06% | Time: 0.0245s | GPU Mem: 0.26GB/1.57GB
Epoch: 7 [100/391] Loss: 1.9341 | Acc: 47.27% | Time: 0.0159s | GPU Mem: 0.26GB/1.57GB
Epoch: 7 [200/391] Loss: 1.9908 | Acc: 47.28% | Time: 0.0195s | GPU Mem: 0.26GB/1.57GB
Epoch: 7 [300/391] Loss: 1.7730 | Acc: 47.38% | Time: 0.0163s | GPU Mem: 0.26GB/1.57GB

训练 - Loss: 1.9034, Acc: 47.74%
测试 - Loss: 2.0205, Acc: 45.90%
学习率: 0.100000, 时间: 10.54s
GPU内存使用:
  GPU 1 - 已分配: 0.26GB, 已保留: 1.57GB
最佳准确率更新: 43.97% -> 45.90%
保存最佳模型到: ./checkpoints/best_model.pth

============================================================
Epoch 9/100
============================================================
Epoch: 8 [0/391] Loss: 1.7425 | Acc: 49.22% | Time: 0.0301s | GPU Mem: 0.26GB/1.57GB
Epoch: 8 [100/391] Loss: 1.7274 | Acc: 50.87% | Time: 0.0203s | GPU Mem: 0.26GB/1.57GB
Epoch: 8 [200/391] Loss: 1.6450 | Acc: 51.07% | Time: 0.0186s | GPU Mem: 0.26GB/1.57GB
Epoch: 8 [300/391] Loss: 1.6735 | Acc: 51.21% | Time: 0.0191s | GPU Mem: 0.26GB/1.57GB

训练 - Loss: 1.7551, Acc: 51.24%
测试 - Loss: 1.8989, Acc: 48.74%
学习率: 0.100000, 时间: 10.57s
GPU内存使用:
  GPU 1 - 已分配: 0.26GB, 已保留: 1.57GB
最佳准确率更新: 45.90% -> 48.74%
保存最佳模型到: ./checkpoints/best_model.pth

============================================================
Epoch 10/100
============================================================
Epoch: 9 [0/391] Loss: 1.5003 | Acc: 51.56% | Time: 0.0219s | GPU Mem: 0.26GB/1.57GB
Epoch: 9 [100/391] Loss: 1.6484 | Acc: 54.12% | Time: 0.0211s | GPU Mem: 0.26GB/1.57GB
Epoch: 9 [200/391] Loss: 1.5727 | Acc: 53.45% | Time: 0.0147s | GPU Mem: 0.26GB/1.57GB
Epoch: 9 [300/391] Loss: 1.7122 | Acc: 53.38% | Time: 0.0166s | GPU Mem: 0.26GB/1.57GB

训练 - Loss: 1.6576, Acc: 53.47%
测试 - Loss: 2.0117, Acc: 46.54%
学习率: 0.100000, 时间: 10.33s
GPU内存使用:
  GPU 1 - 已分配: 0.26GB, 已保留: 1.57GB
保存checkpoint到: ./checkpoints/checkpoint_epoch_10.pth

============================================================
Epoch 11/100
============================================================
Epoch: 10 [0/391] Loss: 1.7599 | Acc: 45.31% | Time: 0.0248s | GPU Mem: 0.26GB/1.57GB
Epoch: 10 [100/391] Loss: 1.6995 | Acc: 55.18% | Time: 0.0158s | GPU Mem: 0.26GB/1.57GB
Epoch: 10 [200/391] Loss: 1.8447 | Acc: 55.14% | Time: 0.0156s | GPU Mem: 0.26GB/1.57GB
Epoch: 10 [300/391] Loss: 1.4632 | Acc: 55.34% | Time: 0.0168s | GPU Mem: 0.26GB/1.57GB

训练 - Loss: 1.5823, Acc: 55.44%
测试 - Loss: 1.9800, Acc: 47.80%
学习率: 0.100000, 时间: 10.80s
GPU内存使用:
  GPU 1 - 已分配: 0.26GB, 已保留: 1.57GB

============================================================
Epoch 12/100
============================================================
Epoch: 11 [0/391] Loss: 1.5303 | Acc: 58.59% | Time: 0.0167s | GPU Mem: 0.26GB/1.57GB
Epoch: 11 [100/391] Loss: 1.6221 | Acc: 57.95% | Time: 0.0232s | GPU Mem: 0.26GB/1.57GB
Epoch: 11 [200/391] Loss: 1.3326 | Acc: 57.65% | Time: 0.0205s | GPU Mem: 0.26GB/1.57GB
Epoch: 11 [300/391] Loss: 1.5901 | Acc: 57.24% | Time: 0.0173s | GPU Mem: 0.26GB/1.57GB

训练 - Loss: 1.5138, Acc: 57.13%
测试 - Loss: 1.8591, Acc: 49.73%
学习率: 0.100000, 时间: 10.57s
GPU内存使用:
  GPU 1 - 已分配: 0.26GB, 已保留: 1.57GB
最佳准确率更新: 48.74% -> 49.73%
保存最佳模型到: ./checkpoints/best_model.pth

============================================================
Epoch 13/100
============================================================
Epoch: 12 [0/391] Loss: 1.2686 | Acc: 63.28% | Time: 0.0277s | GPU Mem: 0.26GB/1.57GB
Epoch: 12 [100/391] Loss: 1.5345 | Acc: 60.18% | Time: 0.0159s | GPU Mem: 0.26GB/1.57GB
Epoch: 12 [200/391] Loss: 1.2925 | Acc: 59.26% | Time: 0.0194s | GPU Mem: 0.26GB/1.57GB
Epoch: 12 [300/391] Loss: 1.3546 | Acc: 59.00% | Time: 0.0154s | GPU Mem: 0.26GB/1.57GB

训练 - Loss: 1.4415, Acc: 58.86%
测试 - Loss: 1.9032, Acc: 49.34%
学习率: 0.100000, 时间: 10.43s
GPU内存使用:
  GPU 1 - 已分配: 0.26GB, 已保留: 1.57GB

============================================================
Epoch 14/100
============================================================
Epoch: 13 [0/391] Loss: 1.3959 | Acc: 58.59% | Time: 0.0196s | GPU Mem: 0.26GB/1.57GB
Epoch: 13 [100/391] Loss: 1.4821 | Acc: 60.83% | Time: 0.0217s | GPU Mem: 0.26GB/1.57GB
Epoch: 13 [200/391] Loss: 1.2408 | Acc: 60.09% | Time: 0.0199s | GPU Mem: 0.26GB/1.57GB
Epoch: 13 [300/391] Loss: 1.4308 | Acc: 59.62% | Time: 0.0208s | GPU Mem: 0.26GB/1.57GB

训练 - Loss: 1.4223, Acc: 59.36%
测试 - Loss: 1.7473, Acc: 53.51%
学习率: 0.100000, 时间: 10.51s
GPU内存使用:
  GPU 1 - 已分配: 0.26GB, 已保留: 1.57GB
最佳准确率更新: 49.73% -> 53.51%
保存最佳模型到: ./checkpoints/best_model.pth

============================================================
Epoch 15/100
============================================================
Epoch: 14 [0/391] Loss: 1.2343 | Acc: 61.72% | Time: 0.0256s | GPU Mem: 0.26GB/1.57GB
Epoch: 14 [100/391] Loss: 1.4451 | Acc: 61.52% | Time: 0.0186s | GPU Mem: 0.26GB/1.57GB
Epoch: 14 [200/391] Loss: 1.4490 | Acc: 60.79% | Time: 0.0189s | GPU Mem: 0.26GB/1.57GB
Epoch: 14 [300/391] Loss: 1.0086 | Acc: 60.70% | Time: 0.0149s | GPU Mem: 0.26GB/1.57GB

训练 - Loss: 1.3705, Acc: 60.51%
测试 - Loss: 1.7746, Acc: 52.74%
学习率: 0.100000, 时间: 10.54s
GPU内存使用:
  GPU 1 - 已分配: 0.26GB, 已保留: 1.57GB

============================================================
Epoch 16/100
============================================================
Epoch: 15 [0/391] Loss: 1.2220 | Acc: 60.94% | Time: 0.0221s | GPU Mem: 0.26GB/1.57GB
Epoch: 15 [100/391] Loss: 1.4490 | Acc: 62.69% | Time: 0.0150s | GPU Mem: 0.26GB/1.57GB
Epoch: 15 [200/391] Loss: 1.2502 | Acc: 62.21% | Time: 0.0167s | GPU Mem: 0.26GB/1.57GB
Epoch: 15 [300/391] Loss: 1.1181 | Acc: 61.92% | Time: 0.0150s | GPU Mem: 0.26GB/1.57GB

训练 - Loss: 1.3363, Acc: 61.57%
测试 - Loss: 1.7583, Acc: 53.33%
学习率: 0.100000, 时间: 10.32s
GPU内存使用:
  GPU 1 - 已分配: 0.26GB, 已保留: 1.57GB

============================================================
Epoch 17/100
============================================================
Epoch: 16 [0/391] Loss: 1.4393 | Acc: 60.94% | Time: 0.0158s | GPU Mem: 0.26GB/1.57GB
Epoch: 16 [100/391] Loss: 1.1894 | Acc: 63.27% | Time: 0.0203s | GPU Mem: 0.26GB/1.57GB
Epoch: 16 [200/391] Loss: 1.4769 | Acc: 62.75% | Time: 0.0173s | GPU Mem: 0.26GB/1.57GB
Epoch: 16 [300/391] Loss: 1.3916 | Acc: 62.56% | Time: 0.0172s | GPU Mem: 0.26GB/1.57GB

训练 - Loss: 1.3085, Acc: 62.26%
测试 - Loss: 1.6726, Acc: 55.04%
学习率: 0.100000, 时间: 10.72s
GPU内存使用:
  GPU 1 - 已分配: 0.26GB, 已保留: 1.57GB
最佳准确率更新: 53.51% -> 55.04%
保存最佳模型到: ./checkpoints/best_model.pth

============================================================
Epoch 18/100
============================================================
Epoch: 17 [0/391] Loss: 1.1486 | Acc: 65.62% | Time: 0.0262s | GPU Mem: 0.26GB/1.57GB
Epoch: 17 [100/391] Loss: 1.2019 | Acc: 64.66% | Time: 0.0181s | GPU Mem: 0.26GB/1.57GB
Epoch: 17 [200/391] Loss: 1.4450 | Acc: 63.95% | Time: 0.0202s | GPU Mem: 0.26GB/1.57GB
Epoch: 17 [300/391] Loss: 1.0870 | Acc: 63.70% | Time: 0.0170s | GPU Mem: 0.26GB/1.57GB

训练 - Loss: 1.2826, Acc: 63.40%
测试 - Loss: 1.6989, Acc: 54.08%
学习率: 0.100000, 时间: 10.31s
GPU内存使用:
  GPU 1 - 已分配: 0.26GB, 已保留: 1.57GB

============================================================
Epoch 19/100
============================================================
Epoch: 18 [0/391] Loss: 1.1837 | Acc: 64.84% | Time: 0.0162s | GPU Mem: 0.26GB/1.57GB
Epoch: 18 [100/391] Loss: 1.1520 | Acc: 65.34% | Time: 0.0184s | GPU Mem: 0.26GB/1.57GB
Epoch: 18 [200/391] Loss: 1.3065 | Acc: 64.36% | Time: 0.0200s | GPU Mem: 0.26GB/1.57GB
Epoch: 18 [300/391] Loss: 1.3960 | Acc: 63.89% | Time: 0.0174s | GPU Mem: 0.26GB/1.57GB

训练 - Loss: 1.2601, Acc: 63.50%
测试 - Loss: 1.6380, Acc: 56.25%
学习率: 0.100000, 时间: 10.70s
GPU内存使用:
  GPU 1 - 已分配: 0.26GB, 已保留: 1.57GB
最佳准确率更新: 55.04% -> 56.25%
保存最佳模型到: ./checkpoints/best_model.pth

============================================================
Epoch 20/100
============================================================
Epoch: 19 [0/391] Loss: 1.2063 | Acc: 59.38% | Time: 0.0282s | GPU Mem: 0.26GB/1.57GB
Epoch: 19 [100/391] Loss: 1.2676 | Acc: 65.93% | Time: 0.0267s | GPU Mem: 0.26GB/1.57GB
Epoch: 19 [200/391] Loss: 1.2251 | Acc: 65.18% | Time: 0.0185s | GPU Mem: 0.26GB/1.57GB
Epoch: 19 [300/391] Loss: 1.0779 | Acc: 64.56% | Time: 0.0150s | GPU Mem: 0.26GB/1.57GB

训练 - Loss: 1.2268, Acc: 64.42%
测试 - Loss: 1.5846, Acc: 56.55%
学习率: 0.100000, 时间: 10.72s
GPU内存使用:
  GPU 1 - 已分配: 0.26GB, 已保留: 1.57GB
最佳准确率更新: 56.25% -> 56.55%
保存最佳模型到: ./checkpoints/best_model.pth
保存checkpoint到: ./checkpoints/checkpoint_epoch_20.pth

============================================================
Epoch 21/100
============================================================
Epoch: 20 [0/391] Loss: 1.2490 | Acc: 64.06% | Time: 0.0208s | GPU Mem: 0.26GB/1.57GB
Epoch: 20 [100/391] Loss: 0.9749 | Acc: 66.31% | Time: 0.0185s | GPU Mem: 0.26GB/1.57GB
Epoch: 20 [200/391] Loss: 1.2549 | Acc: 65.01% | Time: 0.0167s | GPU Mem: 0.26GB/1.57GB
Epoch: 20 [300/391] Loss: 1.3945 | Acc: 64.56% | Time: 0.0245s | GPU Mem: 0.26GB/1.57GB

训练 - Loss: 1.2216, Acc: 64.51%
测试 - Loss: 1.9537, Acc: 50.69%
学习率: 0.100000, 时间: 10.81s
GPU内存使用:
  GPU 1 - 已分配: 0.26GB, 已保留: 1.57GB

============================================================
Epoch 22/100
============================================================
Epoch: 21 [0/391] Loss: 1.1519 | Acc: 69.53% | Time: 0.0225s | GPU Mem: 0.26GB/1.57GB
Epoch: 21 [100/391] Loss: 1.2198 | Acc: 65.89% | Time: 0.0171s | GPU Mem: 0.26GB/1.57GB
Epoch: 21 [200/391] Loss: 1.2189 | Acc: 65.72% | Time: 0.0209s | GPU Mem: 0.26GB/1.57GB
Epoch: 21 [300/391] Loss: 1.5506 | Acc: 65.38% | Time: 0.0202s | GPU Mem: 0.26GB/1.57GB

训练 - Loss: 1.2048, Acc: 65.06%
测试 - Loss: 1.6987, Acc: 55.13%
学习率: 0.100000, 时间: 10.63s
GPU内存使用:
  GPU 1 - 已分配: 0.26GB, 已保留: 1.57GB

============================================================
Epoch 23/100
============================================================
Epoch: 22 [0/391] Loss: 1.0969 | Acc: 66.41% | Time: 0.0281s | GPU Mem: 0.26GB/1.57GB
Epoch: 22 [100/391] Loss: 1.2955 | Acc: 67.38% | Time: 0.0147s | GPU Mem: 0.26GB/1.57GB
Epoch: 22 [200/391] Loss: 1.1626 | Acc: 66.47% | Time: 0.0149s | GPU Mem: 0.26GB/1.57GB
Epoch: 22 [300/391] Loss: 1.2282 | Acc: 66.09% | Time: 0.0176s | GPU Mem: 0.26GB/1.57GB

训练 - Loss: 1.1831, Acc: 65.66%
测试 - Loss: 1.7239, Acc: 54.74%
学习率: 0.100000, 时间: 10.35s
GPU内存使用:
  GPU 1 - 已分配: 0.26GB, 已保留: 1.57GB

============================================================
Epoch 24/100
============================================================
Epoch: 23 [0/391] Loss: 1.1530 | Acc: 67.97% | Time: 0.0214s | GPU Mem: 0.26GB/1.57GB
Epoch: 23 [100/391] Loss: 1.1358 | Acc: 67.43% | Time: 0.0157s | GPU Mem: 0.26GB/1.57GB
Epoch: 23 [200/391] Loss: 1.2580 | Acc: 66.62% | Time: 0.0148s | GPU Mem: 0.26GB/1.57GB
Epoch: 23 [300/391] Loss: 1.0947 | Acc: 65.87% | Time: 0.0168s | GPU Mem: 0.26GB/1.57GB

训练 - Loss: 1.1736, Acc: 65.61%
测试 - Loss: 1.6322, Acc: 56.06%
学习率: 0.100000, 时间: 10.67s
GPU内存使用:
  GPU 1 - 已分配: 0.26GB, 已保留: 1.57GB

============================================================
Epoch 25/100
============================================================
Epoch: 24 [0/391] Loss: 1.1786 | Acc: 64.06% | Time: 0.0283s | GPU Mem: 0.26GB/1.57GB
Epoch: 24 [100/391] Loss: 1.0920 | Acc: 67.74% | Time: 0.0214s | GPU Mem: 0.26GB/1.57GB
Epoch: 24 [200/391] Loss: 1.2659 | Acc: 67.46% | Time: 0.0183s | GPU Mem: 0.26GB/1.57GB
Epoch: 24 [300/391] Loss: 1.3752 | Acc: 66.69% | Time: 0.0184s | GPU Mem: 0.26GB/1.57GB

训练 - Loss: 1.1649, Acc: 66.18%
测试 - Loss: 1.5444, Acc: 58.69%
学习率: 0.100000, 时间: 10.74s
GPU内存使用:
  GPU 1 - 已分配: 0.26GB, 已保留: 1.57GB
最佳准确率更新: 56.55% -> 58.69%
保存最佳模型到: ./checkpoints/best_model.pth

============================================================
Epoch 26/100
============================================================
Epoch: 25 [0/391] Loss: 1.0232 | Acc: 74.22% | Time: 0.0229s | GPU Mem: 0.26GB/1.57GB
Epoch: 25 [100/391] Loss: 1.5014 | Acc: 68.29% | Time: 0.0203s | GPU Mem: 0.26GB/1.57GB
Epoch: 25 [200/391] Loss: 0.9908 | Acc: 67.63% | Time: 0.0178s | GPU Mem: 0.26GB/1.57GB
Epoch: 25 [300/391] Loss: 1.2053 | Acc: 67.00% | Time: 0.0167s | GPU Mem: 0.26GB/1.57GB

训练 - Loss: 1.1416, Acc: 66.72%
测试 - Loss: 1.5929, Acc: 57.23%
学习率: 0.100000, 时间: 10.33s
GPU内存使用:
  GPU 1 - 已分配: 0.26GB, 已保留: 1.57GB

============================================================
Epoch 27/100
============================================================
Epoch: 26 [0/391] Loss: 1.0366 | Acc: 73.44% | Time: 0.0207s | GPU Mem: 0.26GB/1.57GB
Epoch: 26 [100/391] Loss: 1.2565 | Acc: 67.97% | Time: 0.0218s | GPU Mem: 0.26GB/1.57GB
Epoch: 26 [200/391] Loss: 1.2920 | Acc: 67.35% | Time: 0.0162s | GPU Mem: 0.26GB/1.57GB
Epoch: 26 [300/391] Loss: 0.9122 | Acc: 66.82% | Time: 0.0145s | GPU Mem: 0.26GB/1.57GB

训练 - Loss: 1.1446, Acc: 66.65%
测试 - Loss: 1.7211, Acc: 54.98%
学习率: 0.100000, 时间: 10.95s
GPU内存使用:
  GPU 1 - 已分配: 0.26GB, 已保留: 1.57GB

============================================================
Epoch 28/100
============================================================
Epoch: 27 [0/391] Loss: 1.0475 | Acc: 71.09% | Time: 0.0197s | GPU Mem: 0.26GB/1.57GB
Epoch: 27 [100/391] Loss: 0.8962 | Acc: 68.90% | Time: 0.0159s | GPU Mem: 0.26GB/1.57GB
Epoch: 27 [200/391] Loss: 1.2004 | Acc: 68.28% | Time: 0.0290s | GPU Mem: 0.26GB/1.57GB
Epoch: 27 [300/391] Loss: 1.1916 | Acc: 67.75% | Time: 0.0182s | GPU Mem: 0.26GB/1.57GB

训练 - Loss: 1.1158, Acc: 67.49%
测试 - Loss: 1.7576, Acc: 54.43%
学习率: 0.100000, 时间: 10.89s
GPU内存使用:
  GPU 1 - 已分配: 0.26GB, 已保留: 1.57GB

============================================================
Epoch 29/100
============================================================
Epoch: 28 [0/391] Loss: 1.2340 | Acc: 64.84% | Time: 0.0274s | GPU Mem: 0.26GB/1.57GB
Epoch: 28 [100/391] Loss: 0.8858 | Acc: 70.01% | Time: 0.0174s | GPU Mem: 0.26GB/1.57GB
Epoch: 28 [200/391] Loss: 1.0391 | Acc: 68.70% | Time: 0.0156s | GPU Mem: 0.26GB/1.57GB
Epoch: 28 [300/391] Loss: 1.0932 | Acc: 67.97% | Time: 0.0161s | GPU Mem: 0.26GB/1.57GB

训练 - Loss: 1.1137, Acc: 67.67%
测试 - Loss: 1.6701, Acc: 55.86%
学习率: 0.100000, 时间: 10.72s
GPU内存使用:
  GPU 1 - 已分配: 0.26GB, 已保留: 1.57GB

============================================================
Epoch 30/100
============================================================
Epoch: 29 [0/391] Loss: 1.0081 | Acc: 68.75% | Time: 0.0174s | GPU Mem: 0.26GB/1.57GB
Epoch: 29 [100/391] Loss: 1.2338 | Acc: 68.77% | Time: 0.0156s | GPU Mem: 0.26GB/1.57GB
Epoch: 29 [200/391] Loss: 1.2817 | Acc: 68.35% | Time: 0.0195s | GPU Mem: 0.26GB/1.57GB
Epoch: 29 [300/391] Loss: 1.1507 | Acc: 68.06% | Time: 0.0159s | GPU Mem: 0.26GB/1.57GB

训练 - Loss: 1.1096, Acc: 67.61%
测试 - Loss: 1.6539, Acc: 56.22%
学习率: 0.100000, 时间: 10.49s
GPU内存使用:
  GPU 1 - 已分配: 0.26GB, 已保留: 1.57GB
保存checkpoint到: ./checkpoints/checkpoint_epoch_30.pth

============================================================
Epoch 31/100
============================================================
Epoch: 30 [0/391] Loss: 1.0196 | Acc: 67.19% | Time: 0.0262s | GPU Mem: 0.26GB/1.57GB
Epoch: 30 [100/391] Loss: 0.9623 | Acc: 69.78% | Time: 0.0148s | GPU Mem: 0.26GB/1.57GB
Epoch: 30 [200/391] Loss: 1.1111 | Acc: 69.19% | Time: 0.0194s | GPU Mem: 0.26GB/1.57GB
Epoch: 30 [300/391] Loss: 1.1874 | Acc: 68.77% | Time: 0.0157s | GPU Mem: 0.26GB/1.57GB

训练 - Loss: 1.0911, Acc: 68.19%
测试 - Loss: 1.6127, Acc: 56.97%
学习率: 0.100000, 时间: 10.56s
GPU内存使用:
  GPU 1 - 已分配: 0.26GB, 已保留: 1.57GB

============================================================
Epoch 32/100
============================================================
Epoch: 31 [0/391] Loss: 0.9521 | Acc: 72.66% | Time: 0.0229s | GPU Mem: 0.26GB/1.57GB
Epoch: 31 [100/391] Loss: 1.0266 | Acc: 70.03% | Time: 0.0222s | GPU Mem: 0.26GB/1.57GB
Epoch: 31 [200/391] Loss: 1.1544 | Acc: 69.00% | Time: 0.0176s | GPU Mem: 0.26GB/1.57GB
Epoch: 31 [300/391] Loss: 1.2331 | Acc: 68.67% | Time: 0.0194s | GPU Mem: 0.26GB/1.57GB

训练 - Loss: 1.0847, Acc: 68.28%
测试 - Loss: 1.7582, Acc: 54.30%
学习率: 0.100000, 时间: 10.64s
GPU内存使用:
  GPU 1 - 已分配: 0.26GB, 已保留: 1.57GB

============================================================
Epoch 33/100
============================================================
Epoch: 32 [0/391] Loss: 0.9952 | Acc: 71.88% | Time: 0.0230s | GPU Mem: 0.26GB/1.57GB
Epoch: 32 [100/391] Loss: 1.1682 | Acc: 70.51% | Time: 0.0164s | GPU Mem: 0.26GB/1.57GB
Epoch: 32 [200/391] Loss: 1.0385 | Acc: 69.32% | Time: 0.0210s | GPU Mem: 0.26GB/1.57GB
Epoch: 32 [300/391] Loss: 1.2030 | Acc: 68.69% | Time: 0.0223s | GPU Mem: 0.26GB/1.57GB

训练 - Loss: 1.0792, Acc: 68.32%
测试 - Loss: 1.5625, Acc: 57.76%
学习率: 0.100000, 时间: 10.49s
GPU内存使用:
  GPU 1 - 已分配: 0.26GB, 已保留: 1.57GB

============================================================
Epoch 34/100
============================================================
Epoch: 33 [0/391] Loss: 0.8417 | Acc: 75.00% | Time: 0.0236s | GPU Mem: 0.26GB/1.57GB
Epoch: 33 [100/391] Loss: 1.0982 | Acc: 70.75% | Time: 0.0154s | GPU Mem: 0.26GB/1.57GB
Epoch: 33 [200/391] Loss: 1.3716 | Acc: 69.80% | Time: 0.0201s | GPU Mem: 0.26GB/1.57GB
Epoch: 33 [300/391] Loss: 1.2372 | Acc: 69.28% | Time: 0.0153s | GPU Mem: 0.26GB/1.57GB

训练 - Loss: 1.0758, Acc: 68.76%
测试 - Loss: 1.7262, Acc: 54.83%
学习率: 0.100000, 时间: 10.46s
GPU内存使用:
  GPU 1 - 已分配: 0.26GB, 已保留: 1.57GB

============================================================
Epoch 35/100
============================================================
Epoch: 34 [0/391] Loss: 1.0643 | Acc: 71.09% | Time: 0.0233s | GPU Mem: 0.26GB/1.57GB
Epoch: 34 [100/391] Loss: 1.0462 | Acc: 70.98% | Time: 0.0257s | GPU Mem: 0.26GB/1.57GB
Epoch: 34 [200/391] Loss: 0.9874 | Acc: 69.81% | Time: 0.0156s | GPU Mem: 0.26GB/1.57GB
Epoch: 34 [300/391] Loss: 1.4596 | Acc: 69.33% | Time: 0.0214s | GPU Mem: 0.26GB/1.57GB

训练 - Loss: 1.0653, Acc: 68.78%
测试 - Loss: 1.6208, Acc: 56.72%
学习率: 0.100000, 时间: 10.73s
GPU内存使用:
  GPU 1 - 已分配: 0.26GB, 已保留: 1.57GB

============================================================
Epoch 36/100
============================================================
Epoch: 35 [0/391] Loss: 0.7035 | Acc: 82.03% | Time: 0.0173s | GPU Mem: 0.26GB/1.57GB
Epoch: 35 [100/391] Loss: 1.2240 | Acc: 70.68% | Time: 0.0193s | GPU Mem: 0.26GB/1.57GB
Epoch: 35 [200/391] Loss: 0.7972 | Acc: 69.91% | Time: 0.0148s | GPU Mem: 0.26GB/1.57GB
Epoch: 35 [300/391] Loss: 1.0995 | Acc: 69.13% | Time: 0.0176s | GPU Mem: 0.26GB/1.57GB

训练 - Loss: 1.0685, Acc: 68.84%
测试 - Loss: 1.8212, Acc: 54.42%
学习率: 0.100000, 时间: 10.33s
GPU内存使用:
  GPU 1 - 已分配: 0.26GB, 已保留: 1.57GB

============================================================
Epoch 37/100
============================================================
Epoch: 36 [0/391] Loss: 0.9363 | Acc: 71.88% | Time: 0.0233s | GPU Mem: 0.26GB/1.57GB
Epoch: 36 [100/391] Loss: 1.1823 | Acc: 71.02% | Time: 0.0151s | GPU Mem: 0.26GB/1.57GB
Epoch: 36 [200/391] Loss: 0.9991 | Acc: 70.67% | Time: 0.0185s | GPU Mem: 0.26GB/1.57GB
Epoch: 36 [300/391] Loss: 1.1659 | Acc: 69.87% | Time: 0.0248s | GPU Mem: 0.26GB/1.57GB

训练 - Loss: 1.0505, Acc: 69.34%
测试 - Loss: 1.5595, Acc: 58.13%
学习率: 0.100000, 时间: 10.62s
GPU内存使用:
  GPU 1 - 已分配: 0.26GB, 已保留: 1.57GB

============================================================
Epoch 38/100
============================================================
Epoch: 37 [0/391] Loss: 0.9609 | Acc: 74.22% | Time: 0.0229s | GPU Mem: 0.26GB/1.57GB
Epoch: 37 [100/391] Loss: 1.0109 | Acc: 70.72% | Time: 0.0152s | GPU Mem: 0.26GB/1.57GB
Epoch: 37 [200/391] Loss: 1.0492 | Acc: 69.73% | Time: 0.0190s | GPU Mem: 0.26GB/1.57GB
Epoch: 37 [300/391] Loss: 1.1100 | Acc: 69.29% | Time: 0.0180s | GPU Mem: 0.26GB/1.57GB

训练 - Loss: 1.0547, Acc: 68.92%
测试 - Loss: 1.7565, Acc: 54.33%
学习率: 0.100000, 时间: 10.66s
GPU内存使用:
  GPU 1 - 已分配: 0.26GB, 已保留: 1.57GB

============================================================
Epoch 39/100
============================================================
Epoch: 38 [0/391] Loss: 0.9109 | Acc: 73.44% | Time: 0.0248s | GPU Mem: 0.26GB/1.57GB
Epoch: 38 [100/391] Loss: 0.8666 | Acc: 70.78% | Time: 0.0150s | GPU Mem: 0.26GB/1.57GB
Epoch: 38 [200/391] Loss: 1.1501 | Acc: 70.18% | Time: 0.0217s | GPU Mem: 0.26GB/1.57GB
Epoch: 38 [300/391] Loss: 1.1251 | Acc: 69.41% | Time: 0.0179s | GPU Mem: 0.26GB/1.57GB

训练 - Loss: 1.0531, Acc: 69.09%
测试 - Loss: 1.5958, Acc: 58.51%
学习率: 0.100000, 时间: 10.57s
GPU内存使用:
  GPU 1 - 已分配: 0.26GB, 已保留: 1.57GB

============================================================
Epoch 40/100
============================================================
Epoch: 39 [0/391] Loss: 0.8549 | Acc: 72.66% | Time: 0.0173s | GPU Mem: 0.26GB/1.57GB
Epoch: 39 [100/391] Loss: 0.9417 | Acc: 71.20% | Time: 0.0173s | GPU Mem: 0.26GB/1.57GB
Epoch: 39 [200/391] Loss: 0.9183 | Acc: 70.47% | Time: 0.0196s | GPU Mem: 0.26GB/1.57GB
Epoch: 39 [300/391] Loss: 1.0645 | Acc: 69.72% | Time: 0.0197s | GPU Mem: 0.26GB/1.57GB

训练 - Loss: 1.0515, Acc: 69.16%
测试 - Loss: 1.5885, Acc: 57.45%
学习率: 0.100000, 时间: 10.32s
GPU内存使用:
  GPU 1 - 已分配: 0.26GB, 已保留: 1.57GB
保存checkpoint到: ./checkpoints/checkpoint_epoch_40.pth

============================================================
Epoch 41/100
============================================================
Epoch: 40 [0/391] Loss: 1.0712 | Acc: 66.41% | Time: 0.0286s | GPU Mem: 0.26GB/1.57GB
Epoch: 40 [100/391] Loss: 1.0101 | Acc: 71.96% | Time: 0.0191s | GPU Mem: 0.26GB/1.57GB
Epoch: 40 [200/391] Loss: 0.9861 | Acc: 70.87% | Time: 0.0171s | GPU Mem: 0.26GB/1.57GB
Epoch: 40 [300/391] Loss: 0.9477 | Acc: 70.11% | Time: 0.0216s | GPU Mem: 0.26GB/1.57GB

训练 - Loss: 1.0338, Acc: 69.69%
测试 - Loss: 1.3889, Acc: 61.76%
学习率: 0.100000, 时间: 10.32s
GPU内存使用:
  GPU 1 - 已分配: 0.26GB, 已保留: 1.57GB
最佳准确率更新: 58.69% -> 61.76%
保存最佳模型到: ./checkpoints/best_model.pth

============================================================
Epoch 42/100
============================================================
Epoch: 41 [0/391] Loss: 0.9904 | Acc: 67.97% | Time: 0.0222s | GPU Mem: 0.26GB/1.57GB
Epoch: 41 [100/391] Loss: 1.1487 | Acc: 71.32% | Time: 0.0148s | GPU Mem: 0.26GB/1.57GB
Epoch: 41 [200/391] Loss: 1.1278 | Acc: 70.65% | Time: 0.0193s | GPU Mem: 0.26GB/1.57GB
Epoch: 41 [300/391] Loss: 1.0388 | Acc: 69.94% | Time: 0.0251s | GPU Mem: 0.26GB/1.57GB

训练 - Loss: 1.0341, Acc: 69.62%
测试 - Loss: 1.9298, Acc: 52.08%
学习率: 0.100000, 时间: 10.29s
GPU内存使用:
  GPU 1 - 已分配: 0.26GB, 已保留: 1.57GB

============================================================
Epoch 43/100
============================================================
Epoch: 42 [0/391] Loss: 1.0605 | Acc: 67.19% | Time: 0.0251s | GPU Mem: 0.26GB/1.57GB
Epoch: 42 [100/391] Loss: 0.8253 | Acc: 71.40% | Time: 0.0173s | GPU Mem: 0.26GB/1.57GB
Epoch: 42 [200/391] Loss: 0.9184 | Acc: 70.79% | Time: 0.0154s | GPU Mem: 0.26GB/1.57GB
Epoch: 42 [300/391] Loss: 1.1894 | Acc: 70.10% | Time: 0.0204s | GPU Mem: 0.26GB/1.57GB

训练 - Loss: 1.0357, Acc: 69.68%
测试 - Loss: 1.4006, Acc: 61.52%
学习率: 0.100000, 时间: 10.60s
GPU内存使用:
  GPU 1 - 已分配: 0.26GB, 已保留: 1.57GB

============================================================
Epoch 44/100
============================================================
Epoch: 43 [0/391] Loss: 0.9884 | Acc: 67.19% | Time: 0.0161s | GPU Mem: 0.26GB/1.57GB
Epoch: 43 [100/391] Loss: 0.8048 | Acc: 71.85% | Time: 0.0183s | GPU Mem: 0.26GB/1.57GB
Epoch: 43 [200/391] Loss: 1.1839 | Acc: 71.20% | Time: 0.0183s | GPU Mem: 0.26GB/1.57GB
Epoch: 43 [300/391] Loss: 1.1728 | Acc: 70.50% | Time: 0.0204s | GPU Mem: 0.26GB/1.57GB

训练 - Loss: 1.0223, Acc: 69.97%
测试 - Loss: 1.4859, Acc: 60.22%
学习率: 0.100000, 时间: 10.42s
GPU内存使用:
  GPU 1 - 已分配: 0.26GB, 已保留: 1.57GB

============================================================
Epoch 45/100
============================================================
Epoch: 44 [0/391] Loss: 1.0242 | Acc: 71.09% | Time: 0.0219s | GPU Mem: 0.26GB/1.57GB
Epoch: 44 [100/391] Loss: 0.9834 | Acc: 73.11% | Time: 0.0147s | GPU Mem: 0.26GB/1.57GB
Epoch: 44 [200/391] Loss: 1.1322 | Acc: 71.16% | Time: 0.0204s | GPU Mem: 0.26GB/1.57GB
Epoch: 44 [300/391] Loss: 0.9358 | Acc: 70.52% | Time: 0.0184s | GPU Mem: 0.26GB/1.57GB

训练 - Loss: 1.0262, Acc: 69.96%
测试 - Loss: 1.6517, Acc: 57.54%
学习率: 0.100000, 时间: 10.35s
GPU内存使用:
  GPU 1 - 已分配: 0.26GB, 已保留: 1.57GB

============================================================
Epoch 46/100
============================================================
Epoch: 45 [0/391] Loss: 0.9096 | Acc: 78.91% | Time: 0.0228s | GPU Mem: 0.26GB/1.57GB
Epoch: 45 [100/391] Loss: 0.9603 | Acc: 71.65% | Time: 0.0215s | GPU Mem: 0.26GB/1.57GB
Epoch: 45 [200/391] Loss: 1.0505 | Acc: 70.84% | Time: 0.0161s | GPU Mem: 0.26GB/1.57GB
Epoch: 45 [300/391] Loss: 1.0037 | Acc: 70.04% | Time: 0.0197s | GPU Mem: 0.26GB/1.57GB

训练 - Loss: 1.0274, Acc: 69.94%
测试 - Loss: 1.5143, Acc: 59.81%
学习率: 0.100000, 时间: 10.34s
GPU内存使用:
  GPU 1 - 已分配: 0.26GB, 已保留: 1.57GB

============================================================
Epoch 47/100
============================================================
Epoch: 46 [0/391] Loss: 0.7510 | Acc: 81.25% | Time: 0.0169s | GPU Mem: 0.26GB/1.57GB
Epoch: 46 [100/391] Loss: 0.8939 | Acc: 72.46% | Time: 0.0181s | GPU Mem: 0.26GB/1.57GB
Epoch: 46 [200/391] Loss: 1.0551 | Acc: 70.98% | Time: 0.0156s | GPU Mem: 0.26GB/1.57GB
Epoch: 46 [300/391] Loss: 1.1110 | Acc: 70.69% | Time: 0.0200s | GPU Mem: 0.26GB/1.57GB

训练 - Loss: 1.0165, Acc: 70.26%
测试 - Loss: 1.6670, Acc: 56.68%
学习率: 0.100000, 时间: 10.35s
GPU内存使用:
  GPU 1 - 已分配: 0.26GB, 已保留: 1.57GB

============================================================
Epoch 48/100
============================================================
Epoch: 47 [0/391] Loss: 0.9999 | Acc: 73.44% | Time: 0.0162s | GPU Mem: 0.26GB/1.57GB
Epoch: 47 [100/391] Loss: 1.0397 | Acc: 72.08% | Time: 0.0147s | GPU Mem: 0.26GB/1.57GB
Epoch: 47 [200/391] Loss: 0.9964 | Acc: 71.52% | Time: 0.0154s | GPU Mem: 0.26GB/1.57GB
Epoch: 47 [300/391] Loss: 1.1777 | Acc: 70.65% | Time: 0.0177s | GPU Mem: 0.26GB/1.57GB

训练 - Loss: 1.0115, Acc: 70.38%
测试 - Loss: 1.5309, Acc: 58.03%
学习率: 0.100000, 时间: 10.52s
GPU内存使用:
  GPU 1 - 已分配: 0.26GB, 已保留: 1.57GB

============================================================
Epoch 49/100
============================================================
Epoch: 48 [0/391] Loss: 0.8253 | Acc: 74.22% | Time: 0.0167s | GPU Mem: 0.26GB/1.57GB
Epoch: 48 [100/391] Loss: 0.9527 | Acc: 72.67% | Time: 0.0182s | GPU Mem: 0.26GB/1.57GB
Epoch: 48 [200/391] Loss: 1.1032 | Acc: 71.49% | Time: 0.0167s | GPU Mem: 0.26GB/1.57GB
Epoch: 48 [300/391] Loss: 1.0349 | Acc: 70.57% | Time: 0.0211s | GPU Mem: 0.26GB/1.57GB

训练 - Loss: 1.0156, Acc: 70.24%
测试 - Loss: 1.5723, Acc: 57.73%
学习率: 0.100000, 时间: 10.48s
GPU内存使用:
  GPU 1 - 已分配: 0.26GB, 已保留: 1.57GB

============================================================
Epoch 50/100
============================================================
Epoch: 49 [0/391] Loss: 1.1315 | Acc: 66.41% | Time: 0.0166s | GPU Mem: 0.26GB/1.57GB
Epoch: 49 [100/391] Loss: 0.8725 | Acc: 72.76% | Time: 0.0149s | GPU Mem: 0.26GB/1.57GB
Epoch: 49 [200/391] Loss: 0.9991 | Acc: 71.73% | Time: 0.0167s | GPU Mem: 0.26GB/1.57GB
Epoch: 49 [300/391] Loss: 0.9687 | Acc: 70.96% | Time: 0.0263s | GPU Mem: 0.26GB/1.57GB

训练 - Loss: 1.0091, Acc: 70.58%
测试 - Loss: 1.5857, Acc: 58.91%
学习率: 0.010000, 时间: 10.53s
GPU内存使用:
  GPU 1 - 已分配: 0.26GB, 已保留: 1.57GB
保存checkpoint到: ./checkpoints/checkpoint_epoch_50.pth

============================================================
Epoch 51/100
============================================================
Epoch: 50 [0/391] Loss: 0.8256 | Acc: 78.12% | Time: 0.0301s | GPU Mem: 0.26GB/1.57GB
Epoch: 50 [100/391] Loss: 0.5629 | Acc: 80.69% | Time: 0.0173s | GPU Mem: 0.26GB/1.57GB
Epoch: 50 [200/391] Loss: 0.5505 | Acc: 82.16% | Time: 0.0206s | GPU Mem: 0.26GB/1.57GB
Epoch: 50 [300/391] Loss: 0.5825 | Acc: 83.00% | Time: 0.0184s | GPU Mem: 0.26GB/1.57GB

训练 - Loss: 0.5526, Acc: 83.64%
测试 - Loss: 0.9129, Acc: 73.94%
学习率: 0.010000, 时间: 10.29s
GPU内存使用:
  GPU 1 - 已分配: 0.26GB, 已保留: 1.57GB
最佳准确率更新: 61.76% -> 73.94%
保存最佳模型到: ./checkpoints/best_model.pth

============================================================
Epoch 52/100
============================================================
Epoch: 51 [0/391] Loss: 0.4771 | Acc: 82.03% | Time: 0.0229s | GPU Mem: 0.26GB/1.57GB
Epoch: 51 [100/391] Loss: 0.3829 | Acc: 87.61% | Time: 0.0154s | GPU Mem: 0.26GB/1.57GB
Epoch: 51 [200/391] Loss: 0.3841 | Acc: 87.87% | Time: 0.0175s | GPU Mem: 0.26GB/1.57GB
Epoch: 51 [300/391] Loss: 0.4740 | Acc: 87.92% | Time: 0.0207s | GPU Mem: 0.26GB/1.57GB

训练 - Loss: 0.4013, Acc: 87.94%
测试 - Loss: 0.8988, Acc: 74.51%
学习率: 0.010000, 时间: 10.37s
GPU内存使用:
  GPU 1 - 已分配: 0.26GB, 已保留: 1.57GB
最佳准确率更新: 73.94% -> 74.51%
保存最佳模型到: ./checkpoints/best_model.pth

============================================================
Epoch 53/100
============================================================
Epoch: 52 [0/391] Loss: 0.4000 | Acc: 87.50% | Time: 0.0272s | GPU Mem: 0.26GB/1.57GB
Epoch: 52 [100/391] Loss: 0.4399 | Acc: 90.42% | Time: 0.0178s | GPU Mem: 0.26GB/1.57GB
Epoch: 52 [200/391] Loss: 0.3366 | Acc: 90.15% | Time: 0.0177s | GPU Mem: 0.26GB/1.57GB
Epoch: 52 [300/391] Loss: 0.3377 | Acc: 90.01% | Time: 0.0197s | GPU Mem: 0.26GB/1.57GB

训练 - Loss: 0.3381, Acc: 89.93%
测试 - Loss: 0.8909, Acc: 75.34%
学习率: 0.010000, 时间: 10.39s
GPU内存使用:
  GPU 1 - 已分配: 0.26GB, 已保留: 1.57GB
最佳准确率更新: 74.51% -> 75.34%
保存最佳模型到: ./checkpoints/best_model.pth

============================================================
Epoch 54/100
============================================================
Epoch: 53 [0/391] Loss: 0.2124 | Acc: 92.97% | Time: 0.0239s | GPU Mem: 0.26GB/1.57GB
Epoch: 53 [100/391] Loss: 0.2468 | Acc: 91.92% | Time: 0.0148s | GPU Mem: 0.26GB/1.57GB
Epoch: 53 [200/391] Loss: 0.2792 | Acc: 91.85% | Time: 0.0174s | GPU Mem: 0.26GB/1.57GB
Epoch: 53 [300/391] Loss: 0.3446 | Acc: 91.70% | Time: 0.0177s | GPU Mem: 0.26GB/1.57GB

训练 - Loss: 0.2863, Acc: 91.55%
测试 - Loss: 0.9067, Acc: 74.98%
学习率: 0.010000, 时间: 10.57s
GPU内存使用:
  GPU 1 - 已分配: 0.26GB, 已保留: 1.57GB

============================================================
Epoch 55/100
============================================================
Epoch: 54 [0/391] Loss: 0.1724 | Acc: 93.75% | Time: 0.0241s | GPU Mem: 0.26GB/1.57GB
Epoch: 54 [100/391] Loss: 0.2668 | Acc: 92.90% | Time: 0.0152s | GPU Mem: 0.26GB/1.57GB
Epoch: 54 [200/391] Loss: 0.3111 | Acc: 92.83% | Time: 0.0221s | GPU Mem: 0.26GB/1.57GB
Epoch: 54 [300/391] Loss: 0.1904 | Acc: 92.84% | Time: 0.0165s | GPU Mem: 0.26GB/1.57GB

训练 - Loss: 0.2463, Acc: 92.76%
测试 - Loss: 0.9205, Acc: 75.32%
学习率: 0.010000, 时间: 10.60s
GPU内存使用:
  GPU 1 - 已分配: 0.26GB, 已保留: 1.57GB

============================================================
Epoch 56/100
============================================================
Epoch: 55 [0/391] Loss: 0.1577 | Acc: 96.88% | Time: 0.0219s | GPU Mem: 0.26GB/1.57GB
Epoch: 55 [100/391] Loss: 0.1891 | Acc: 93.63% | Time: 0.0178s | GPU Mem: 0.26GB/1.57GB
Epoch: 55 [200/391] Loss: 0.2236 | Acc: 93.63% | Time: 0.0199s | GPU Mem: 0.26GB/1.57GB
Epoch: 55 [300/391] Loss: 0.1697 | Acc: 93.63% | Time: 0.0211s | GPU Mem: 0.26GB/1.57GB

训练 - Loss: 0.2184, Acc: 93.67%
测试 - Loss: 0.9346, Acc: 74.99%
学习率: 0.010000, 时间: 10.42s
GPU内存使用:
  GPU 1 - 已分配: 0.26GB, 已保留: 1.57GB

============================================================
Epoch 57/100
============================================================
Epoch: 56 [0/391] Loss: 0.1247 | Acc: 96.88% | Time: 0.0238s | GPU Mem: 0.26GB/1.57GB
Epoch: 56 [100/391] Loss: 0.1950 | Acc: 95.39% | Time: 0.0215s | GPU Mem: 0.26GB/1.57GB
Epoch: 56 [200/391] Loss: 0.1661 | Acc: 95.25% | Time: 0.0174s | GPU Mem: 0.26GB/1.57GB
Epoch: 56 [300/391] Loss: 0.2386 | Acc: 95.01% | Time: 0.0150s | GPU Mem: 0.26GB/1.57GB

训练 - Loss: 0.1834, Acc: 94.90%
测试 - Loss: 0.9634, Acc: 74.64%
学习率: 0.010000, 时间: 10.40s
GPU内存使用:
  GPU 1 - 已分配: 0.26GB, 已保留: 1.57GB

============================================================
Epoch 58/100
============================================================
Epoch: 57 [0/391] Loss: 0.1123 | Acc: 96.09% | Time: 0.0215s | GPU Mem: 0.26GB/1.57GB
Epoch: 57 [100/391] Loss: 0.1146 | Acc: 95.37% | Time: 0.0226s | GPU Mem: 0.26GB/1.57GB
Epoch: 57 [200/391] Loss: 0.1277 | Acc: 95.47% | Time: 0.0146s | GPU Mem: 0.26GB/1.57GB
Epoch: 57 [300/391] Loss: 0.1971 | Acc: 95.44% | Time: 0.0167s | GPU Mem: 0.26GB/1.57GB

训练 - Loss: 0.1637, Acc: 95.38%
测试 - Loss: 0.9702, Acc: 75.30%
学习率: 0.010000, 时间: 10.44s
GPU内存使用:
  GPU 1 - 已分配: 0.26GB, 已保留: 1.57GB

============================================================
Epoch 59/100
============================================================
Epoch: 58 [0/391] Loss: 0.1304 | Acc: 97.66% | Time: 0.0245s | GPU Mem: 0.26GB/1.57GB
Epoch: 58 [100/391] Loss: 0.0943 | Acc: 96.69% | Time: 0.0154s | GPU Mem: 0.26GB/1.57GB
Epoch: 58 [200/391] Loss: 0.1415 | Acc: 96.65% | Time: 0.0193s | GPU Mem: 0.26GB/1.57GB
Epoch: 58 [300/391] Loss: 0.2462 | Acc: 96.41% | Time: 0.0182s | GPU Mem: 0.26GB/1.57GB

训练 - Loss: 0.1380, Acc: 96.30%
测试 - Loss: 0.9871, Acc: 74.72%
学习率: 0.010000, 时间: 10.39s
GPU内存使用:
  GPU 1 - 已分配: 0.26GB, 已保留: 1.57GB

============================================================
Epoch 60/100
============================================================
Epoch: 59 [0/391] Loss: 0.1629 | Acc: 95.31% | Time: 0.0228s | GPU Mem: 0.26GB/1.57GB
Epoch: 59 [100/391] Loss: 0.1947 | Acc: 96.86% | Time: 0.0204s | GPU Mem: 0.26GB/1.57GB
Epoch: 59 [200/391] Loss: 0.1054 | Acc: 96.75% | Time: 0.0208s | GPU Mem: 0.26GB/1.57GB
Epoch: 59 [300/391] Loss: 0.1476 | Acc: 96.76% | Time: 0.0197s | GPU Mem: 0.26GB/1.57GB

训练 - Loss: 0.1249, Acc: 96.69%
测试 - Loss: 1.0019, Acc: 75.31%
学习率: 0.010000, 时间: 10.57s
GPU内存使用:
  GPU 1 - 已分配: 0.26GB, 已保留: 1.57GB
保存checkpoint到: ./checkpoints/checkpoint_epoch_60.pth

============================================================
Epoch 61/100
============================================================
Epoch: 60 [0/391] Loss: 0.0851 | Acc: 99.22% | Time: 0.0200s | GPU Mem: 0.26GB/1.57GB
Epoch: 60 [100/391] Loss: 0.1172 | Acc: 97.66% | Time: 0.0186s | GPU Mem: 0.26GB/1.57GB
Epoch: 60 [200/391] Loss: 0.1350 | Acc: 97.37% | Time: 0.0190s | GPU Mem: 0.26GB/1.57GB
Epoch: 60 [300/391] Loss: 0.1313 | Acc: 97.27% | Time: 0.0153s | GPU Mem: 0.26GB/1.57GB

训练 - Loss: 0.1088, Acc: 97.17%
测试 - Loss: 1.0142, Acc: 75.00%
学习率: 0.010000, 时间: 10.54s
GPU内存使用:
  GPU 1 - 已分配: 0.26GB, 已保留: 1.57GB

============================================================
Epoch 62/100
============================================================
Epoch: 61 [0/391] Loss: 0.0835 | Acc: 99.22% | Time: 0.0229s | GPU Mem: 0.26GB/1.57GB
Epoch: 61 [100/391] Loss: 0.0703 | Acc: 97.94% | Time: 0.0204s | GPU Mem: 0.26GB/1.57GB
Epoch: 61 [200/391] Loss: 0.0791 | Acc: 97.78% | Time: 0.0232s | GPU Mem: 0.26GB/1.57GB
Epoch: 61 [300/391] Loss: 0.0581 | Acc: 97.69% | Time: 0.0146s | GPU Mem: 0.26GB/1.57GB

训练 - Loss: 0.0972, Acc: 97.65%
测试 - Loss: 1.0268, Acc: 74.93%
学习率: 0.010000, 时间: 10.44s
GPU内存使用:
  GPU 1 - 已分配: 0.26GB, 已保留: 1.57GB

============================================================
Epoch 63/100
============================================================
Epoch: 62 [0/391] Loss: 0.1094 | Acc: 96.88% | Time: 0.0233s | GPU Mem: 0.26GB/1.57GB
Epoch: 62 [100/391] Loss: 0.0659 | Acc: 98.22% | Time: 0.0195s | GPU Mem: 0.26GB/1.57GB
Epoch: 62 [200/391] Loss: 0.1566 | Acc: 98.01% | Time: 0.0178s | GPU Mem: 0.26GB/1.57GB
Epoch: 62 [300/391] Loss: 0.1278 | Acc: 97.86% | Time: 0.0155s | GPU Mem: 0.26GB/1.57GB

训练 - Loss: 0.0892, Acc: 97.80%
测试 - Loss: 1.0236, Acc: 75.10%
学习率: 0.010000, 时间: 10.45s
GPU内存使用:
  GPU 1 - 已分配: 0.26GB, 已保留: 1.57GB

============================================================
Epoch 64/100
============================================================
Epoch: 63 [0/391] Loss: 0.0466 | Acc: 99.22% | Time: 0.0161s | GPU Mem: 0.26GB/1.57GB
Epoch: 63 [100/391] Loss: 0.0373 | Acc: 98.41% | Time: 0.0177s | GPU Mem: 0.26GB/1.57GB
Epoch: 63 [200/391] Loss: 0.0511 | Acc: 98.32% | Time: 0.0163s | GPU Mem: 0.26GB/1.57GB
Epoch: 63 [300/391] Loss: 0.0674 | Acc: 98.16% | Time: 0.0210s | GPU Mem: 0.26GB/1.57GB

训练 - Loss: 0.0799, Acc: 98.14%
测试 - Loss: 1.0373, Acc: 75.24%
学习率: 0.010000, 时间: 10.51s
GPU内存使用:
  GPU 1 - 已分配: 0.26GB, 已保留: 1.57GB

============================================================
Epoch 65/100
============================================================
Epoch: 64 [0/391] Loss: 0.0983 | Acc: 96.88% | Time: 0.0193s | GPU Mem: 0.26GB/1.57GB
Epoch: 64 [100/391] Loss: 0.0513 | Acc: 98.50% | Time: 0.0166s | GPU Mem: 0.26GB/1.57GB
Epoch: 64 [200/391] Loss: 0.0648 | Acc: 98.42% | Time: 0.0156s | GPU Mem: 0.26GB/1.57GB
Epoch: 64 [300/391] Loss: 0.0445 | Acc: 98.38% | Time: 0.0183s | GPU Mem: 0.26GB/1.57GB

训练 - Loss: 0.0727, Acc: 98.29%
测试 - Loss: 1.0441, Acc: 75.13%
学习率: 0.010000, 时间: 10.59s
GPU内存使用:
  GPU 1 - 已分配: 0.26GB, 已保留: 1.57GB

============================================================
Epoch 66/100
============================================================
Epoch: 65 [0/391] Loss: 0.0803 | Acc: 98.44% | Time: 0.0191s | GPU Mem: 0.26GB/1.57GB
Epoch: 65 [100/391] Loss: 0.0480 | Acc: 98.75% | Time: 0.0147s | GPU Mem: 0.26GB/1.57GB
Epoch: 65 [200/391] Loss: 0.0593 | Acc: 98.62% | Time: 0.0167s | GPU Mem: 0.26GB/1.57GB
Epoch: 65 [300/391] Loss: 0.0997 | Acc: 98.49% | Time: 0.0169s | GPU Mem: 0.26GB/1.57GB

训练 - Loss: 0.0693, Acc: 98.40%
测试 - Loss: 1.0421, Acc: 75.17%
学习率: 0.010000, 时间: 10.43s
GPU内存使用:
  GPU 1 - 已分配: 0.26GB, 已保留: 1.57GB

============================================================
Epoch 67/100
============================================================
Epoch: 66 [0/391] Loss: 0.0502 | Acc: 99.22% | Time: 0.0216s | GPU Mem: 0.26GB/1.57GB
Epoch: 66 [100/391] Loss: 0.0593 | Acc: 98.75% | Time: 0.0154s | GPU Mem: 0.26GB/1.57GB
Epoch: 66 [200/391] Loss: 0.0909 | Acc: 98.63% | Time: 0.0167s | GPU Mem: 0.26GB/1.57GB
Epoch: 66 [300/391] Loss: 0.0620 | Acc: 98.60% | Time: 0.0215s | GPU Mem: 0.26GB/1.57GB

训练 - Loss: 0.0632, Acc: 98.56%
测试 - Loss: 1.0577, Acc: 74.82%
学习率: 0.010000, 时间: 10.66s
GPU内存使用:
  GPU 1 - 已分配: 0.26GB, 已保留: 1.57GB

============================================================
Epoch 68/100
============================================================
Epoch: 67 [0/391] Loss: 0.0440 | Acc: 99.22% | Time: 0.0164s | GPU Mem: 0.26GB/1.57GB
Epoch: 67 [100/391] Loss: 0.0621 | Acc: 98.87% | Time: 0.0200s | GPU Mem: 0.26GB/1.57GB
Epoch: 67 [200/391] Loss: 0.0418 | Acc: 98.86% | Time: 0.0132s | GPU Mem: 0.26GB/1.57GB
Epoch: 67 [300/391] Loss: 0.0633 | Acc: 98.83% | Time: 0.0212s | GPU Mem: 0.26GB/1.57GB

训练 - Loss: 0.0566, Acc: 98.80%
测试 - Loss: 1.0544, Acc: 75.28%
学习率: 0.010000, 时间: 10.40s
GPU内存使用:
  GPU 1 - 已分配: 0.26GB, 已保留: 1.57GB

============================================================
Epoch 69/100
============================================================
Epoch: 68 [0/391] Loss: 0.0584 | Acc: 98.44% | Time: 0.0247s | GPU Mem: 0.26GB/1.57GB
Epoch: 68 [100/391] Loss: 0.0240 | Acc: 98.93% | Time: 0.0158s | GPU Mem: 0.26GB/1.57GB
Epoch: 68 [200/391] Loss: 0.1035 | Acc: 98.89% | Time: 0.0169s | GPU Mem: 0.26GB/1.57GB
Epoch: 68 [300/391] Loss: 0.0280 | Acc: 98.84% | Time: 0.0155s | GPU Mem: 0.26GB/1.57GB

训练 - Loss: 0.0577, Acc: 98.77%
测试 - Loss: 1.0715, Acc: 75.12%
学习率: 0.010000, 时间: 10.40s
GPU内存使用:
  GPU 1 - 已分配: 0.26GB, 已保留: 1.57GB

============================================================
Epoch 70/100
============================================================
Epoch: 69 [0/391] Loss: 0.0373 | Acc: 97.66% | Time: 0.0241s | GPU Mem: 0.26GB/1.57GB
Epoch: 69 [100/391] Loss: 0.0344 | Acc: 99.06% | Time: 0.0205s | GPU Mem: 0.26GB/1.57GB
Epoch: 69 [200/391] Loss: 0.0686 | Acc: 98.94% | Time: 0.0156s | GPU Mem: 0.26GB/1.57GB
Epoch: 69 [300/391] Loss: 0.0735 | Acc: 98.84% | Time: 0.0196s | GPU Mem: 0.26GB/1.57GB

训练 - Loss: 0.0559, Acc: 98.75%
测试 - Loss: 1.0733, Acc: 74.72%
学习率: 0.010000, 时间: 10.56s
GPU内存使用:
  GPU 1 - 已分配: 0.26GB, 已保留: 1.57GB
保存checkpoint到: ./checkpoints/checkpoint_epoch_70.pth

============================================================
Epoch 71/100
============================================================
Epoch: 70 [0/391] Loss: 0.0978 | Acc: 97.66% | Time: 0.0267s | GPU Mem: 0.26GB/1.57GB
Epoch: 70 [100/391] Loss: 0.0577 | Acc: 98.78% | Time: 0.0179s | GPU Mem: 0.26GB/1.57GB
Epoch: 70 [200/391] Loss: 0.0445 | Acc: 98.77% | Time: 0.0150s | GPU Mem: 0.26GB/1.57GB
Epoch: 70 [300/391] Loss: 0.0416 | Acc: 98.77% | Time: 0.0167s | GPU Mem: 0.26GB/1.57GB

训练 - Loss: 0.0583, Acc: 98.67%
测试 - Loss: 1.0912, Acc: 74.57%
学习率: 0.010000, 时间: 10.43s
GPU内存使用:
  GPU 1 - 已分配: 0.26GB, 已保留: 1.57GB

============================================================
Epoch 72/100
============================================================
Epoch: 71 [0/391] Loss: 0.0534 | Acc: 98.44% | Time: 0.0242s | GPU Mem: 0.26GB/1.57GB
Epoch: 71 [100/391] Loss: 0.0337 | Acc: 98.87% | Time: 0.0216s | GPU Mem: 0.26GB/1.57GB
Epoch: 71 [200/391] Loss: 0.0366 | Acc: 98.86% | Time: 0.0278s | GPU Mem: 0.26GB/1.57GB
Epoch: 71 [300/391] Loss: 0.0921 | Acc: 98.84% | Time: 0.0184s | GPU Mem: 0.26GB/1.57GB

训练 - Loss: 0.0529, Acc: 98.86%
测试 - Loss: 1.0899, Acc: 75.02%
学习率: 0.010000, 时间: 10.46s
GPU内存使用:
  GPU 1 - 已分配: 0.26GB, 已保留: 1.57GB

============================================================
Epoch 73/100
============================================================
Epoch: 72 [0/391] Loss: 0.0341 | Acc: 100.00% | Time: 0.0207s | GPU Mem: 0.26GB/1.57GB
Epoch: 72 [100/391] Loss: 0.0705 | Acc: 98.84% | Time: 0.0148s | GPU Mem: 0.26GB/1.57GB
Epoch: 72 [200/391] Loss: 0.0274 | Acc: 98.93% | Time: 0.0226s | GPU Mem: 0.26GB/1.57GB
Epoch: 72 [300/391] Loss: 0.0478 | Acc: 98.95% | Time: 0.0208s | GPU Mem: 0.26GB/1.57GB

训练 - Loss: 0.0530, Acc: 98.87%
测试 - Loss: 1.1041, Acc: 74.30%
学习率: 0.010000, 时间: 10.37s
GPU内存使用:
  GPU 1 - 已分配: 0.26GB, 已保留: 1.57GB

============================================================
Epoch 74/100
============================================================
Epoch: 73 [0/391] Loss: 0.0532 | Acc: 99.22% | Time: 0.0169s | GPU Mem: 0.26GB/1.57GB
Epoch: 73 [100/391] Loss: 0.0265 | Acc: 98.86% | Time: 0.0151s | GPU Mem: 0.26GB/1.57GB
Epoch: 73 [200/391] Loss: 0.0419 | Acc: 98.85% | Time: 0.0207s | GPU Mem: 0.26GB/1.57GB
Epoch: 73 [300/391] Loss: 0.0881 | Acc: 98.78% | Time: 0.0153s | GPU Mem: 0.26GB/1.57GB

训练 - Loss: 0.0557, Acc: 98.73%
测试 - Loss: 1.0939, Acc: 74.81%
学习率: 0.010000, 时间: 10.54s
GPU内存使用:
  GPU 1 - 已分配: 0.26GB, 已保留: 1.57GB

============================================================
Epoch 75/100
============================================================
Epoch: 74 [0/391] Loss: 0.0419 | Acc: 100.00% | Time: 0.0219s | GPU Mem: 0.26GB/1.57GB
Epoch: 74 [100/391] Loss: 0.0575 | Acc: 99.16% | Time: 0.0198s | GPU Mem: 0.26GB/1.57GB
Epoch: 74 [200/391] Loss: 0.0253 | Acc: 99.01% | Time: 0.0171s | GPU Mem: 0.26GB/1.57GB
Epoch: 74 [300/391] Loss: 0.0614 | Acc: 98.97% | Time: 0.0199s | GPU Mem: 0.26GB/1.57GB

训练 - Loss: 0.0520, Acc: 98.90%
测试 - Loss: 1.1132, Acc: 74.06%
学习率: 0.010000, 时间: 10.65s
GPU内存使用:
  GPU 1 - 已分配: 0.26GB, 已保留: 1.57GB

============================================================
Epoch 76/100
============================================================
Epoch: 75 [0/391] Loss: 0.0344 | Acc: 100.00% | Time: 0.0228s | GPU Mem: 0.26GB/1.57GB
Epoch: 75 [100/391] Loss: 0.0294 | Acc: 99.24% | Time: 0.0197s | GPU Mem: 0.26GB/1.57GB
Epoch: 75 [200/391] Loss: 0.0481 | Acc: 99.18% | Time: 0.0171s | GPU Mem: 0.26GB/1.57GB
Epoch: 75 [300/391] Loss: 0.0656 | Acc: 99.00% | Time: 0.0189s | GPU Mem: 0.26GB/1.57GB

训练 - Loss: 0.0508, Acc: 98.99%
测试 - Loss: 1.0906, Acc: 74.76%
学习率: 0.010000, 时间: 10.57s
GPU内存使用:
  GPU 1 - 已分配: 0.26GB, 已保留: 1.57GB

============================================================
Epoch 77/100
============================================================
Epoch: 76 [0/391] Loss: 0.0319 | Acc: 99.22% | Time: 0.0217s | GPU Mem: 0.26GB/1.57GB
Epoch: 76 [100/391] Loss: 0.0314 | Acc: 99.24% | Time: 0.0157s | GPU Mem: 0.26GB/1.57GB
Epoch: 76 [200/391] Loss: 0.0457 | Acc: 99.11% | Time: 0.0149s | GPU Mem: 0.26GB/1.57GB
Epoch: 76 [300/391] Loss: 0.0811 | Acc: 98.99% | Time: 0.0189s | GPU Mem: 0.26GB/1.57GB

训练 - Loss: 0.0502, Acc: 98.93%
测试 - Loss: 1.1207, Acc: 73.93%
学习率: 0.010000, 时间: 10.52s
GPU内存使用:
  GPU 1 - 已分配: 0.26GB, 已保留: 1.57GB

============================================================
Epoch 78/100
============================================================
Epoch: 77 [0/391] Loss: 0.0450 | Acc: 99.22% | Time: 0.0234s | GPU Mem: 0.26GB/1.57GB
Epoch: 77 [100/391] Loss: 0.0323 | Acc: 98.98% | Time: 0.0153s | GPU Mem: 0.26GB/1.57GB
Epoch: 77 [200/391] Loss: 0.0464 | Acc: 98.87% | Time: 0.0153s | GPU Mem: 0.26GB/1.57GB
Epoch: 77 [300/391] Loss: 0.0781 | Acc: 98.82% | Time: 0.0217s | GPU Mem: 0.26GB/1.57GB

训练 - Loss: 0.0564, Acc: 98.79%
测试 - Loss: 1.1144, Acc: 74.18%
学习率: 0.010000, 时间: 10.61s
GPU内存使用:
  GPU 1 - 已分配: 0.26GB, 已保留: 1.57GB

============================================================
Epoch 79/100
============================================================
Epoch: 78 [0/391] Loss: 0.0952 | Acc: 96.88% | Time: 0.0234s | GPU Mem: 0.26GB/1.57GB
Epoch: 78 [100/391] Loss: 0.0318 | Acc: 98.86% | Time: 0.0256s | GPU Mem: 0.26GB/1.57GB
Epoch: 78 [200/391] Loss: 0.0420 | Acc: 98.92% | Time: 0.0200s | GPU Mem: 0.26GB/1.57GB
Epoch: 78 [300/391] Loss: 0.0396 | Acc: 98.86% | Time: 0.0148s | GPU Mem: 0.26GB/1.57GB

训练 - Loss: 0.0542, Acc: 98.79%
测试 - Loss: 1.1240, Acc: 74.32%
学习率: 0.010000, 时间: 10.51s
GPU内存使用:
  GPU 1 - 已分配: 0.26GB, 已保留: 1.57GB

============================================================
Epoch 80/100
============================================================
Epoch: 79 [0/391] Loss: 0.0735 | Acc: 97.66% | Time: 0.0229s | GPU Mem: 0.26GB/1.57GB
Epoch: 79 [100/391] Loss: 0.0538 | Acc: 98.81% | Time: 0.0151s | GPU Mem: 0.26GB/1.57GB
Epoch: 79 [200/391] Loss: 0.0366 | Acc: 98.83% | Time: 0.0169s | GPU Mem: 0.26GB/1.57GB
Epoch: 79 [300/391] Loss: 0.1044 | Acc: 98.76% | Time: 0.0150s | GPU Mem: 0.26GB/1.57GB

训练 - Loss: 0.0571, Acc: 98.73%
测试 - Loss: 1.1234, Acc: 74.27%
学习率: 0.010000, 时间: 10.36s
GPU内存使用:
  GPU 1 - 已分配: 0.26GB, 已保留: 1.57GB
保存checkpoint到: ./checkpoints/checkpoint_epoch_80.pth

============================================================
Epoch 81/100
============================================================
Epoch: 80 [0/391] Loss: 0.0563 | Acc: 98.44% | Time: 0.0215s | GPU Mem: 0.26GB/1.57GB
Epoch: 80 [100/391] Loss: 0.0460 | Acc: 98.90% | Time: 0.0212s | GPU Mem: 0.26GB/1.57GB
Epoch: 80 [200/391] Loss: 0.0559 | Acc: 98.81% | Time: 0.0211s | GPU Mem: 0.26GB/1.57GB
Epoch: 80 [300/391] Loss: 0.0819 | Acc: 98.75% | Time: 0.0225s | GPU Mem: 0.26GB/1.57GB

训练 - Loss: 0.0579, Acc: 98.68%
测试 - Loss: 1.1463, Acc: 73.61%
学习率: 0.010000, 时间: 10.62s
GPU内存使用:
  GPU 1 - 已分配: 0.26GB, 已保留: 1.57GB

============================================================
Epoch 82/100
============================================================
Epoch: 81 [0/391] Loss: 0.0493 | Acc: 99.22% | Time: 0.0348s | GPU Mem: 0.26GB/1.57GB
Epoch: 81 [100/391] Loss: 0.0521 | Acc: 98.79% | Time: 0.0189s | GPU Mem: 0.26GB/1.57GB
Epoch: 81 [200/391] Loss: 0.0803 | Acc: 98.71% | Time: 0.0154s | GPU Mem: 0.26GB/1.57GB
Epoch: 81 [300/391] Loss: 0.1651 | Acc: 98.61% | Time: 0.0205s | GPU Mem: 0.26GB/1.57GB

训练 - Loss: 0.0621, Acc: 98.54%
测试 - Loss: 1.1177, Acc: 74.06%
学习率: 0.010000, 时间: 10.43s
GPU内存使用:
  GPU 1 - 已分配: 0.26GB, 已保留: 1.57GB

============================================================
Epoch 83/100
============================================================
Epoch: 82 [0/391] Loss: 0.0350 | Acc: 99.22% | Time: 0.0219s | GPU Mem: 0.26GB/1.57GB
Epoch: 82 [100/391] Loss: 0.0824 | Acc: 98.62% | Time: 0.0154s | GPU Mem: 0.26GB/1.57GB
Epoch: 82 [200/391] Loss: 0.0877 | Acc: 98.56% | Time: 0.0169s | GPU Mem: 0.26GB/1.57GB
Epoch: 82 [300/391] Loss: 0.0825 | Acc: 98.53% | Time: 0.0162s | GPU Mem: 0.26GB/1.57GB

训练 - Loss: 0.0658, Acc: 98.44%
测试 - Loss: 1.1425, Acc: 73.67%
学习率: 0.010000, 时间: 10.55s
GPU内存使用:
  GPU 1 - 已分配: 0.26GB, 已保留: 1.57GB

============================================================
Epoch 84/100
============================================================
Epoch: 83 [0/391] Loss: 0.0350 | Acc: 100.00% | Time: 0.0225s | GPU Mem: 0.26GB/1.57GB
Epoch: 83 [100/391] Loss: 0.0870 | Acc: 98.45% | Time: 0.0173s | GPU Mem: 0.26GB/1.57GB
Epoch: 83 [200/391] Loss: 0.0358 | Acc: 98.35% | Time: 0.0219s | GPU Mem: 0.26GB/1.57GB
Epoch: 83 [300/391] Loss: 0.0799 | Acc: 98.27% | Time: 0.0202s | GPU Mem: 0.26GB/1.57GB

训练 - Loss: 0.0704, Acc: 98.23%
测试 - Loss: 1.1445, Acc: 73.69%
学习率: 0.010000, 时间: 10.61s
GPU内存使用:
  GPU 1 - 已分配: 0.26GB, 已保留: 1.57GB

============================================================
Epoch 85/100
============================================================
Epoch: 84 [0/391] Loss: 0.0383 | Acc: 99.22% | Time: 0.0218s | GPU Mem: 0.26GB/1.57GB
Epoch: 84 [100/391] Loss: 0.0727 | Acc: 98.38% | Time: 0.0271s | GPU Mem: 0.26GB/1.57GB
Epoch: 84 [200/391] Loss: 0.0505 | Acc: 98.34% | Time: 0.0181s | GPU Mem: 0.26GB/1.57GB
Epoch: 84 [300/391] Loss: 0.1014 | Acc: 98.24% | Time: 0.0181s | GPU Mem: 0.26GB/1.57GB

训练 - Loss: 0.0772, Acc: 98.11%
测试 - Loss: 1.2234, Acc: 72.27%
学习率: 0.010000, 时间: 10.67s
GPU内存使用:
  GPU 1 - 已分配: 0.26GB, 已保留: 1.57GB

============================================================
Epoch 86/100
============================================================
Epoch: 85 [0/391] Loss: 0.0795 | Acc: 97.66% | Time: 0.0213s | GPU Mem: 0.26GB/1.57GB
Epoch: 85 [100/391] Loss: 0.0883 | Acc: 98.10% | Time: 0.0158s | GPU Mem: 0.26GB/1.57GB
Epoch: 85 [200/391] Loss: 0.0979 | Acc: 97.98% | Time: 0.0151s | GPU Mem: 0.26GB/1.57GB
Epoch: 85 [300/391] Loss: 0.0652 | Acc: 97.99% | Time: 0.0173s | GPU Mem: 0.26GB/1.57GB

训练 - Loss: 0.0861, Acc: 97.80%
测试 - Loss: 1.2129, Acc: 72.69%
学习率: 0.010000, 时间: 10.33s
GPU内存使用:
  GPU 1 - 已分配: 0.26GB, 已保留: 1.57GB

============================================================
Epoch 87/100
============================================================
Epoch: 86 [0/391] Loss: 0.1030 | Acc: 95.31% | Time: 0.0213s | GPU Mem: 0.26GB/1.57GB
Epoch: 86 [100/391] Loss: 0.0729 | Acc: 97.87% | Time: 0.0168s | GPU Mem: 0.26GB/1.57GB
Epoch: 86 [200/391] Loss: 0.1372 | Acc: 97.89% | Time: 0.0156s | GPU Mem: 0.26GB/1.57GB
Epoch: 86 [300/391] Loss: 0.0649 | Acc: 97.91% | Time: 0.0150s | GPU Mem: 0.26GB/1.57GB

训练 - Loss: 0.0859, Acc: 97.78%
测试 - Loss: 1.1961, Acc: 72.09%
学习率: 0.010000, 时间: 10.41s
GPU内存使用:
  GPU 1 - 已分配: 0.26GB, 已保留: 1.57GB

============================================================
Epoch 88/100
============================================================
Epoch: 87 [0/391] Loss: 0.0604 | Acc: 98.44% | Time: 0.0161s | GPU Mem: 0.26GB/1.57GB
Epoch: 87 [100/391] Loss: 0.1203 | Acc: 97.84% | Time: 0.0196s | GPU Mem: 0.26GB/1.57GB
Epoch: 87 [200/391] Loss: 0.1179 | Acc: 97.84% | Time: 0.0156s | GPU Mem: 0.26GB/1.57GB
Epoch: 87 [300/391] Loss: 0.1536 | Acc: 97.91% | Time: 0.0224s | GPU Mem: 0.26GB/1.57GB

训练 - Loss: 0.0849, Acc: 97.84%
测试 - Loss: 1.1977, Acc: 72.68%
学习率: 0.010000, 时间: 10.66s
GPU内存使用:
  GPU 1 - 已分配: 0.26GB, 已保留: 1.57GB

============================================================
Epoch 89/100
============================================================
Epoch: 88 [0/391] Loss: 0.1066 | Acc: 96.88% | Time: 0.0169s | GPU Mem: 0.26GB/1.57GB
Epoch: 88 [100/391] Loss: 0.1044 | Acc: 98.11% | Time: 0.0148s | GPU Mem: 0.26GB/1.57GB
Epoch: 88 [200/391] Loss: 0.0588 | Acc: 98.10% | Time: 0.0149s | GPU Mem: 0.26GB/1.57GB
Epoch: 88 [300/391] Loss: 0.0501 | Acc: 98.00% | Time: 0.0173s | GPU Mem: 0.26GB/1.57GB

训练 - Loss: 0.0844, Acc: 97.83%
测试 - Loss: 1.2424, Acc: 71.91%
学习率: 0.010000, 时间: 10.52s
GPU内存使用:
  GPU 1 - 已分配: 0.26GB, 已保留: 1.57GB

============================================================
Epoch 90/100
============================================================
Epoch: 89 [0/391] Loss: 0.0967 | Acc: 96.88% | Time: 0.0240s | GPU Mem: 0.26GB/1.57GB
Epoch: 89 [100/391] Loss: 0.0897 | Acc: 97.87% | Time: 0.0210s | GPU Mem: 0.26GB/1.57GB
Epoch: 89 [200/391] Loss: 0.0652 | Acc: 97.80% | Time: 0.0150s | GPU Mem: 0.26GB/1.57GB
Epoch: 89 [300/391] Loss: 0.0550 | Acc: 97.74% | Time: 0.0149s | GPU Mem: 0.26GB/1.57GB

训练 - Loss: 0.0966, Acc: 97.51%
测试 - Loss: 1.1810, Acc: 72.65%
学习率: 0.010000, 时间: 10.37s
GPU内存使用:
  GPU 1 - 已分配: 0.26GB, 已保留: 1.57GB
保存checkpoint到: ./checkpoints/checkpoint_epoch_90.pth

============================================================
Epoch 91/100
============================================================
Epoch: 90 [0/391] Loss: 0.0523 | Acc: 99.22% | Time: 0.0232s | GPU Mem: 0.26GB/1.57GB
Epoch: 90 [100/391] Loss: 0.0696 | Acc: 97.73% | Time: 0.0151s | GPU Mem: 0.26GB/1.57GB
Epoch: 90 [200/391] Loss: 0.0532 | Acc: 97.56% | Time: 0.0195s | GPU Mem: 0.26GB/1.57GB
Epoch: 90 [300/391] Loss: 0.1321 | Acc: 97.32% | Time: 0.0166s | GPU Mem: 0.26GB/1.57GB

训练 - Loss: 0.1029, Acc: 97.21%
测试 - Loss: 1.1992, Acc: 72.31%
学习率: 0.010000, 时间: 10.47s
GPU内存使用:
  GPU 1 - 已分配: 0.26GB, 已保留: 1.57GB

============================================================
Epoch 92/100
============================================================
Epoch: 91 [0/391] Loss: 0.0566 | Acc: 98.44% | Time: 0.0157s | GPU Mem: 0.26GB/1.57GB
Epoch: 91 [100/391] Loss: 0.0758 | Acc: 97.39% | Time: 0.0150s | GPU Mem: 0.26GB/1.57GB
Epoch: 91 [200/391] Loss: 0.0991 | Acc: 97.24% | Time: 0.0202s | GPU Mem: 0.26GB/1.57GB
Epoch: 91 [300/391] Loss: 0.1128 | Acc: 97.09% | Time: 0.0157s | GPU Mem: 0.26GB/1.57GB

训练 - Loss: 0.1089, Acc: 96.99%
测试 - Loss: 1.2179, Acc: 72.36%
学习率: 0.010000, 时间: 10.73s
GPU内存使用:
  GPU 1 - 已分配: 0.26GB, 已保留: 1.57GB

============================================================
Epoch 93/100
============================================================
Epoch: 92 [0/391] Loss: 0.1148 | Acc: 97.66% | Time: 0.0218s | GPU Mem: 0.26GB/1.57GB
Epoch: 92 [100/391] Loss: 0.0614 | Acc: 97.60% | Time: 0.0150s | GPU Mem: 0.26GB/1.57GB
Epoch: 92 [200/391] Loss: 0.1223 | Acc: 97.68% | Time: 0.0203s | GPU Mem: 0.26GB/1.57GB
Epoch: 92 [300/391] Loss: 0.1120 | Acc: 97.53% | Time: 0.0207s | GPU Mem: 0.26GB/1.57GB

训练 - Loss: 0.0990, Acc: 97.43%
测试 - Loss: 1.2593, Acc: 72.44%
学习率: 0.010000, 时间: 10.68s
GPU内存使用:
  GPU 1 - 已分配: 0.26GB, 已保留: 1.57GB

============================================================
Epoch 94/100
============================================================
Epoch: 93 [0/391] Loss: 0.0570 | Acc: 99.22% | Time: 0.0230s | GPU Mem: 0.26GB/1.57GB
Epoch: 93 [100/391] Loss: 0.1039 | Acc: 97.56% | Time: 0.0151s | GPU Mem: 0.26GB/1.57GB
Epoch: 93 [200/391] Loss: 0.0689 | Acc: 97.47% | Time: 0.0201s | GPU Mem: 0.26GB/1.57GB
Epoch: 93 [300/391] Loss: 0.1189 | Acc: 97.34% | Time: 0.0217s | GPU Mem: 0.26GB/1.57GB

训练 - Loss: 0.1070, Acc: 97.09%
测试 - Loss: 1.2303, Acc: 71.98%
学习率: 0.010000, 时间: 10.60s
GPU内存使用:
  GPU 1 - 已分配: 0.26GB, 已保留: 1.57GB

============================================================
Epoch 95/100
============================================================
Epoch: 94 [0/391] Loss: 0.1557 | Acc: 93.75% | Time: 0.0229s | GPU Mem: 0.26GB/1.57GB
Epoch: 94 [100/391] Loss: 0.1385 | Acc: 97.26% | Time: 0.0197s | GPU Mem: 0.26GB/1.57GB
Epoch: 94 [200/391] Loss: 0.1349 | Acc: 97.15% | Time: 0.0177s | GPU Mem: 0.26GB/1.57GB
Epoch: 94 [300/391] Loss: 0.0855 | Acc: 96.96% | Time: 0.0147s | GPU Mem: 0.26GB/1.57GB

训练 - Loss: 0.1143, Acc: 96.87%
测试 - Loss: 1.2131, Acc: 71.65%
学习率: 0.010000, 时间: 10.55s
GPU内存使用:
  GPU 1 - 已分配: 0.26GB, 已保留: 1.57GB

============================================================
Epoch 96/100
============================================================
Epoch: 95 [0/391] Loss: 0.1198 | Acc: 96.88% | Time: 0.0208s | GPU Mem: 0.26GB/1.57GB
Epoch: 95 [100/391] Loss: 0.0593 | Acc: 97.32% | Time: 0.0179s | GPU Mem: 0.26GB/1.57GB
Epoch: 95 [200/391] Loss: 0.0507 | Acc: 97.29% | Time: 0.0203s | GPU Mem: 0.26GB/1.57GB
Epoch: 95 [300/391] Loss: 0.0600 | Acc: 97.25% | Time: 0.0210s | GPU Mem: 0.26GB/1.57GB

训练 - Loss: 0.1055, Acc: 97.10%
测试 - Loss: 1.2041, Acc: 72.02%
学习率: 0.010000, 时间: 10.51s
GPU内存使用:
  GPU 1 - 已分配: 0.26GB, 已保留: 1.57GB

============================================================
Epoch 97/100
============================================================
Epoch: 96 [0/391] Loss: 0.1140 | Acc: 96.09% | Time: 0.0270s | GPU Mem: 0.26GB/1.57GB
Epoch: 96 [100/391] Loss: 0.1295 | Acc: 97.41% | Time: 0.0191s | GPU Mem: 0.26GB/1.57GB
Epoch: 96 [200/391] Loss: 0.0549 | Acc: 97.62% | Time: 0.0172s | GPU Mem: 0.26GB/1.57GB
Epoch: 96 [300/391] Loss: 0.0849 | Acc: 97.56% | Time: 0.0173s | GPU Mem: 0.26GB/1.57GB

训练 - Loss: 0.1015, Acc: 97.29%
测试 - Loss: 1.2667, Acc: 71.41%
学习率: 0.010000, 时间: 10.34s
GPU内存使用:
  GPU 1 - 已分配: 0.26GB, 已保留: 1.57GB

============================================================
Epoch 98/100
============================================================
Epoch: 97 [0/391] Loss: 0.1355 | Acc: 95.31% | Time: 0.0211s | GPU Mem: 0.26GB/1.57GB
Epoch: 97 [100/391] Loss: 0.1393 | Acc: 97.27% | Time: 0.0181s | GPU Mem: 0.26GB/1.57GB
Epoch: 97 [200/391] Loss: 0.1134 | Acc: 97.40% | Time: 0.0206s | GPU Mem: 0.26GB/1.57GB
Epoch: 97 [300/391] Loss: 0.1182 | Acc: 97.24% | Time: 0.0151s | GPU Mem: 0.26GB/1.57GB

训练 - Loss: 0.1082, Acc: 97.01%
测试 - Loss: 1.2551, Acc: 71.61%
学习率: 0.010000, 时间: 10.45s
GPU内存使用:
  GPU 1 - 已分配: 0.26GB, 已保留: 1.57GB

============================================================
Epoch 99/100
============================================================
Epoch: 98 [0/391] Loss: 0.0891 | Acc: 97.66% | Time: 0.0158s | GPU Mem: 0.26GB/1.57GB
Epoch: 98 [100/391] Loss: 0.0710 | Acc: 97.48% | Time: 0.0206s | GPU Mem: 0.26GB/1.57GB
Epoch: 98 [200/391] Loss: 0.1010 | Acc: 97.46% | Time: 0.0182s | GPU Mem: 0.26GB/1.57GB
Epoch: 98 [300/391] Loss: 0.1166 | Acc: 97.31% | Time: 0.0161s | GPU Mem: 0.26GB/1.57GB

训练 - Loss: 0.1052, Acc: 97.11%
测试 - Loss: 1.2248, Acc: 71.72%
学习率: 0.010000, 时间: 10.51s
GPU内存使用:
  GPU 1 - 已分配: 0.26GB, 已保留: 1.57GB

============================================================
Epoch 100/100
============================================================
Epoch: 99 [0/391] Loss: 0.1578 | Acc: 96.88% | Time: 0.0172s | GPU Mem: 0.26GB/1.57GB
Epoch: 99 [100/391] Loss: 0.1643 | Acc: 97.11% | Time: 0.0213s | GPU Mem: 0.26GB/1.57GB
Epoch: 99 [200/391] Loss: 0.0758 | Acc: 97.18% | Time: 0.0200s | GPU Mem: 0.26GB/1.57GB
Epoch: 99 [300/391] Loss: 0.1279 | Acc: 97.06% | Time: 0.0227s | GPU Mem: 0.26GB/1.57GB

训练 - Loss: 0.1133, Acc: 96.94%
测试 - Loss: 1.2119, Acc: 72.43%
学习率: 0.001000, 时间: 10.83s
GPU内存使用:
  GPU 1 - 已分配: 0.26GB, 已保留: 1.57GB
保存checkpoint到: ./checkpoints/checkpoint_epoch_100.pth

============================================================
训练完成!
============================================================
总时间: 1230.25秒 (20.50分钟)
平均每epoch: 12.30秒
最佳测试准确率: 75.34%
保存最终模型到: ./experiments/group_2_model_complexity_impact_across_training_modes/checkpoints/single_resnet34_bs128_gpu1_nw2_chunks0.pth

训练完成!
