====================================================================================================
Experiment: single_resnet50_bs128_gpu1_nw4_chunks0
Parameters: {
  "mode": "single",
  "model": "resnet50",
  "batch_size": 128,
  "epochs": 100,
  "dataset": "cifar100",
  "gpu_ids": [
    1
  ],
  "num_workers": 4,
  "prefetch_factor": 1,
  "chunks": 0,
  "num_gpus": 1
}
Command: python -u main.py --mode single --model resnet50 --batch-size 128 --epochs 100 --dataset cifar100 --gpu-ids 1 --num-workers 4 --prefetch-factor 1 --chunks 0 --final-checkpoint-path ./experiments/group_3_dataloader_optimization_across_training_modes/checkpoints/single_resnet50_bs128_gpu1_nw4_chunks0.pth
Start Time: 2025-12-10T05:37:58.745496
====================================================================================================

================================================================================
训练配置:
================================================================================
  mode                     : single
  gpu_ids                  : [1]
  num_gpus                 : 1
  num_workers              : 4
  prefetch_factor          : 1
  pin_memory               : True
  persistent_workers       : True
  batch_size               : 128
  epochs                   : 100
  lr                       : 0.1
  momentum                 : 0.9
  weight_decay             : 0.0005
  lr_schedule              : step
  lr_step_size             : 50
  lr_gamma                 : 0.1
  dataset                  : cifar100
  data_root                : ./data
  num_classes              : 100
  model                    : resnet50
  save_dir                 : ./checkpoints
  log_interval             : 100
  save_interval            : 10
  final_checkpoint_path    : ./experiments/group_3_dataloader_optimization_across_training_modes/checkpoints/single_resnet50_bs128_gpu1_nw4_chunks0.pth
  seed                     : 42
  resume                   : None
  evaluate                 : False
  dist_backend             : nccl
  dist_url                 : env://
  effective_batch_size     : 128
  chunks                   : 0
================================================================================

可用GPU数量: 7
  GPU 1: NVIDIA GeForce RTX 4090

使用训练模式: SINGLE

初始化单GPU训练器...
使用设备: cuda:1

开始训练 100 个epochs...
Batch size: 128
学习率: 0.1

============================================================
Epoch 1/100
============================================================
Epoch: 0 [0/391] Loss: 4.8530 | Acc: 0.00% | Time: 0.5465s | GPU Mem: 0.29GB/3.70GB
Epoch: 0 [100/391] Loss: 4.5779 | Acc: 1.33% | Time: 0.0214s | GPU Mem: 0.29GB/3.70GB
Epoch: 0 [200/391] Loss: 4.5571 | Acc: 1.61% | Time: 0.0231s | GPU Mem: 0.29GB/3.70GB
Epoch: 0 [300/391] Loss: 4.3729 | Acc: 1.74% | Time: 0.0282s | GPU Mem: 0.29GB/3.70GB

训练 - Loss: 4.7130, Acc: 1.90%
测试 - Loss: 4.3751, Acc: 3.05%
学习率: 0.100000, 时间: 20.20s
GPU内存使用:
  GPU 1 - 已分配: 0.29GB, 已保留: 3.70GB
最佳准确率更新: 0.00% -> 3.05%
保存最佳模型到: ./checkpoints/best_model.pth

============================================================
Epoch 2/100
============================================================
Epoch: 1 [0/391] Loss: 4.3283 | Acc: 2.34% | Time: 0.0397s | GPU Mem: 0.29GB/3.70GB
Epoch: 1 [100/391] Loss: 4.2694 | Acc: 3.84% | Time: 0.0288s | GPU Mem: 0.29GB/3.70GB
Epoch: 1 [200/391] Loss: 4.1779 | Acc: 4.15% | Time: 0.0231s | GPU Mem: 0.29GB/3.70GB
Epoch: 1 [300/391] Loss: 3.9517 | Acc: 4.60% | Time: 0.0226s | GPU Mem: 0.29GB/3.70GB

训练 - Loss: 4.1811, Acc: 4.95%
测试 - Loss: 3.9828, Acc: 6.67%
学习率: 0.100000, 时间: 19.51s
GPU内存使用:
  GPU 1 - 已分配: 0.29GB, 已保留: 3.70GB
最佳准确率更新: 3.05% -> 6.67%
保存最佳模型到: ./checkpoints/best_model.pth

============================================================
Epoch 3/100
============================================================
Epoch: 2 [0/391] Loss: 3.9299 | Acc: 7.81% | Time: 0.0355s | GPU Mem: 0.29GB/3.70GB
Epoch: 2 [100/391] Loss: 4.0011 | Acc: 6.89% | Time: 0.0203s | GPU Mem: 0.29GB/3.70GB
Epoch: 2 [200/391] Loss: 3.8394 | Acc: 7.49% | Time: 0.0246s | GPU Mem: 0.29GB/3.70GB
Epoch: 2 [300/391] Loss: 3.6821 | Acc: 7.97% | Time: 0.0275s | GPU Mem: 0.29GB/3.70GB

训练 - Loss: 3.8760, Acc: 8.54%
测试 - Loss: 3.7187, Acc: 11.96%
学习率: 0.100000, 时间: 19.50s
GPU内存使用:
  GPU 1 - 已分配: 0.29GB, 已保留: 3.70GB
最佳准确率更新: 6.67% -> 11.96%
保存最佳模型到: ./checkpoints/best_model.pth

============================================================
Epoch 4/100
============================================================
Epoch: 3 [0/391] Loss: 3.5781 | Acc: 16.41% | Time: 0.0316s | GPU Mem: 0.29GB/3.70GB
Epoch: 3 [100/391] Loss: 3.5865 | Acc: 11.14% | Time: 0.0238s | GPU Mem: 0.29GB/3.70GB
Epoch: 3 [200/391] Loss: 3.7537 | Acc: 11.59% | Time: 0.0245s | GPU Mem: 0.29GB/3.70GB
Epoch: 3 [300/391] Loss: 3.7027 | Acc: 12.08% | Time: 0.0276s | GPU Mem: 0.29GB/3.70GB

训练 - Loss: 3.6512, Acc: 12.55%
测试 - Loss: 3.5393, Acc: 14.49%
学习率: 0.100000, 时间: 19.47s
GPU内存使用:
  GPU 1 - 已分配: 0.29GB, 已保留: 3.70GB
最佳准确率更新: 11.96% -> 14.49%
保存最佳模型到: ./checkpoints/best_model.pth

============================================================
Epoch 5/100
============================================================
Epoch: 4 [0/391] Loss: 3.3922 | Acc: 17.97% | Time: 0.0332s | GPU Mem: 0.29GB/3.70GB
Epoch: 4 [100/391] Loss: 3.2928 | Acc: 15.52% | Time: 0.0238s | GPU Mem: 0.29GB/3.70GB
Epoch: 4 [200/391] Loss: 3.1816 | Acc: 16.01% | Time: 0.0265s | GPU Mem: 0.29GB/3.70GB
Epoch: 4 [300/391] Loss: 3.2729 | Acc: 16.48% | Time: 0.0239s | GPU Mem: 0.29GB/3.70GB

训练 - Loss: 3.4196, Acc: 16.94%
测试 - Loss: 3.4454, Acc: 16.62%
学习率: 0.100000, 时间: 19.49s
GPU内存使用:
  GPU 1 - 已分配: 0.29GB, 已保留: 3.70GB
最佳准确率更新: 14.49% -> 16.62%
保存最佳模型到: ./checkpoints/best_model.pth

============================================================
Epoch 6/100
============================================================
Epoch: 5 [0/391] Loss: 3.3732 | Acc: 16.41% | Time: 0.0353s | GPU Mem: 0.29GB/3.70GB
Epoch: 5 [100/391] Loss: 3.1188 | Acc: 19.78% | Time: 0.0249s | GPU Mem: 0.29GB/3.70GB
Epoch: 5 [200/391] Loss: 3.2967 | Acc: 19.97% | Time: 0.0294s | GPU Mem: 0.29GB/3.70GB
Epoch: 5 [300/391] Loss: 3.1256 | Acc: 20.25% | Time: 0.0229s | GPU Mem: 0.29GB/3.70GB

训练 - Loss: 3.1972, Acc: 20.88%
测试 - Loss: 3.0684, Acc: 23.49%
学习率: 0.100000, 时间: 19.56s
GPU内存使用:
  GPU 1 - 已分配: 0.29GB, 已保留: 3.70GB
最佳准确率更新: 16.62% -> 23.49%
保存最佳模型到: ./checkpoints/best_model.pth

============================================================
Epoch 7/100
============================================================
Epoch: 6 [0/391] Loss: 2.9936 | Acc: 24.22% | Time: 0.0341s | GPU Mem: 0.29GB/3.70GB
Epoch: 6 [100/391] Loss: 3.2096 | Acc: 23.75% | Time: 0.0213s | GPU Mem: 0.29GB/3.70GB
Epoch: 6 [200/391] Loss: 3.0523 | Acc: 24.32% | Time: 0.0217s | GPU Mem: 0.29GB/3.70GB
Epoch: 6 [300/391] Loss: 2.8890 | Acc: 24.72% | Time: 0.0234s | GPU Mem: 0.29GB/3.70GB

训练 - Loss: 2.9932, Acc: 25.00%
测试 - Loss: 2.9574, Acc: 26.18%
学习率: 0.100000, 时间: 19.55s
GPU内存使用:
  GPU 1 - 已分配: 0.29GB, 已保留: 3.70GB
最佳准确率更新: 23.49% -> 26.18%
保存最佳模型到: ./checkpoints/best_model.pth

============================================================
Epoch 8/100
============================================================
Epoch: 7 [0/391] Loss: 2.7636 | Acc: 35.16% | Time: 0.0356s | GPU Mem: 0.29GB/3.70GB
Epoch: 7 [100/391] Loss: 2.6191 | Acc: 27.80% | Time: 0.0218s | GPU Mem: 0.29GB/3.70GB
Epoch: 7 [200/391] Loss: 2.9578 | Acc: 28.01% | Time: 0.0256s | GPU Mem: 0.29GB/3.70GB
Epoch: 7 [300/391] Loss: 2.9658 | Acc: 28.12% | Time: 0.0229s | GPU Mem: 0.29GB/3.70GB

训练 - Loss: 2.8097, Acc: 28.62%
测试 - Loss: 2.7886, Acc: 29.47%
学习率: 0.100000, 时间: 19.57s
GPU内存使用:
  GPU 1 - 已分配: 0.29GB, 已保留: 3.70GB
最佳准确率更新: 26.18% -> 29.47%
保存最佳模型到: ./checkpoints/best_model.pth

============================================================
Epoch 9/100
============================================================
Epoch: 8 [0/391] Loss: 2.8427 | Acc: 25.78% | Time: 0.0377s | GPU Mem: 0.29GB/3.70GB
Epoch: 8 [100/391] Loss: 2.5424 | Acc: 31.59% | Time: 0.0235s | GPU Mem: 0.29GB/3.70GB
Epoch: 8 [200/391] Loss: 2.5602 | Acc: 32.02% | Time: 0.0328s | GPU Mem: 0.29GB/3.70GB
Epoch: 8 [300/391] Loss: 2.5254 | Acc: 32.33% | Time: 0.0225s | GPU Mem: 0.29GB/3.70GB

训练 - Loss: 2.6097, Acc: 32.72%
测试 - Loss: 2.6846, Acc: 31.30%
学习率: 0.100000, 时间: 19.48s
GPU内存使用:
  GPU 1 - 已分配: 0.29GB, 已保留: 3.70GB
最佳准确率更新: 29.47% -> 31.30%
保存最佳模型到: ./checkpoints/best_model.pth

============================================================
Epoch 10/100
============================================================
Epoch: 9 [0/391] Loss: 2.6194 | Acc: 28.91% | Time: 0.0323s | GPU Mem: 0.29GB/3.70GB
Epoch: 9 [100/391] Loss: 2.4710 | Acc: 36.08% | Time: 0.0224s | GPU Mem: 0.29GB/3.70GB
Epoch: 9 [200/391] Loss: 2.5308 | Acc: 36.26% | Time: 0.0229s | GPU Mem: 0.29GB/3.70GB
Epoch: 9 [300/391] Loss: 2.4230 | Acc: 36.35% | Time: 0.0290s | GPU Mem: 0.29GB/3.70GB

训练 - Loss: 2.4211, Acc: 36.40%
测试 - Loss: 2.6477, Acc: 32.99%
学习率: 0.100000, 时间: 19.50s
GPU内存使用:
  GPU 1 - 已分配: 0.29GB, 已保留: 3.70GB
最佳准确率更新: 31.30% -> 32.99%
保存最佳模型到: ./checkpoints/best_model.pth
保存checkpoint到: ./checkpoints/checkpoint_epoch_10.pth

============================================================
Epoch 11/100
============================================================
Epoch: 10 [0/391] Loss: 2.0554 | Acc: 46.09% | Time: 0.0321s | GPU Mem: 0.29GB/3.70GB
Epoch: 10 [100/391] Loss: 2.2509 | Acc: 40.16% | Time: 0.0259s | GPU Mem: 0.29GB/3.70GB
Epoch: 10 [200/391] Loss: 1.9930 | Acc: 39.76% | Time: 0.0271s | GPU Mem: 0.29GB/3.70GB
Epoch: 10 [300/391] Loss: 2.2436 | Acc: 39.97% | Time: 0.0215s | GPU Mem: 0.29GB/3.70GB

训练 - Loss: 2.2337, Acc: 40.22%
测试 - Loss: 2.3495, Acc: 38.99%
学习率: 0.100000, 时间: 19.49s
GPU内存使用:
  GPU 1 - 已分配: 0.29GB, 已保留: 3.70GB
最佳准确率更新: 32.99% -> 38.99%
保存最佳模型到: ./checkpoints/best_model.pth

============================================================
Epoch 12/100
============================================================
Epoch: 11 [0/391] Loss: 2.1497 | Acc: 42.19% | Time: 0.0316s | GPU Mem: 0.29GB/3.70GB
Epoch: 11 [100/391] Loss: 2.0637 | Acc: 43.32% | Time: 0.0231s | GPU Mem: 0.29GB/3.70GB
Epoch: 11 [200/391] Loss: 2.0027 | Acc: 43.47% | Time: 0.0285s | GPU Mem: 0.29GB/3.70GB
Epoch: 11 [300/391] Loss: 2.0375 | Acc: 43.49% | Time: 0.0235s | GPU Mem: 0.29GB/3.70GB

训练 - Loss: 2.0898, Acc: 43.60%
测试 - Loss: 2.7147, Acc: 33.33%
学习率: 0.100000, 时间: 19.48s
GPU内存使用:
  GPU 1 - 已分配: 0.29GB, 已保留: 3.70GB

============================================================
Epoch 13/100
============================================================
Epoch: 12 [0/391] Loss: 2.0708 | Acc: 43.75% | Time: 0.0289s | GPU Mem: 0.29GB/3.70GB
Epoch: 12 [100/391] Loss: 1.8877 | Acc: 46.86% | Time: 0.0283s | GPU Mem: 0.29GB/3.70GB
Epoch: 12 [200/391] Loss: 1.9495 | Acc: 46.37% | Time: 0.0289s | GPU Mem: 0.29GB/3.70GB
Epoch: 12 [300/391] Loss: 1.7849 | Acc: 46.45% | Time: 0.0218s | GPU Mem: 0.29GB/3.70GB

训练 - Loss: 1.9717, Acc: 46.28%
测试 - Loss: 2.0753, Acc: 44.42%
学习率: 0.100000, 时间: 19.48s
GPU内存使用:
  GPU 1 - 已分配: 0.29GB, 已保留: 3.70GB
最佳准确率更新: 38.99% -> 44.42%
保存最佳模型到: ./checkpoints/best_model.pth

============================================================
Epoch 14/100
============================================================
Epoch: 13 [0/391] Loss: 1.9136 | Acc: 50.00% | Time: 0.0373s | GPU Mem: 0.29GB/3.70GB
Epoch: 13 [100/391] Loss: 1.8485 | Acc: 48.65% | Time: 0.0316s | GPU Mem: 0.29GB/3.70GB
Epoch: 13 [200/391] Loss: 1.9008 | Acc: 48.08% | Time: 0.0269s | GPU Mem: 0.29GB/3.70GB
Epoch: 13 [300/391] Loss: 1.7518 | Acc: 47.97% | Time: 0.0496s | GPU Mem: 0.29GB/3.70GB

训练 - Loss: 1.8824, Acc: 48.26%
测试 - Loss: 2.1015, Acc: 43.93%
学习率: 0.100000, 时间: 19.49s
GPU内存使用:
  GPU 1 - 已分配: 0.29GB, 已保留: 3.70GB

============================================================
Epoch 15/100
============================================================
Epoch: 14 [0/391] Loss: 1.6662 | Acc: 46.88% | Time: 0.0380s | GPU Mem: 0.29GB/3.70GB
Epoch: 14 [100/391] Loss: 1.9205 | Acc: 49.57% | Time: 0.0237s | GPU Mem: 0.29GB/3.70GB
Epoch: 14 [200/391] Loss: 2.1419 | Acc: 49.87% | Time: 0.0221s | GPU Mem: 0.29GB/3.70GB
Epoch: 14 [300/391] Loss: 2.1382 | Acc: 49.64% | Time: 0.0231s | GPU Mem: 0.29GB/3.70GB

训练 - Loss: 1.8162, Acc: 49.84%
测试 - Loss: 2.1801, Acc: 42.84%
学习率: 0.100000, 时间: 19.46s
GPU内存使用:
  GPU 1 - 已分配: 0.29GB, 已保留: 3.70GB

============================================================
Epoch 16/100
============================================================
Epoch: 15 [0/391] Loss: 1.6465 | Acc: 57.03% | Time: 0.0231s | GPU Mem: 0.29GB/3.70GB
Epoch: 15 [100/391] Loss: 1.9966 | Acc: 51.44% | Time: 0.0303s | GPU Mem: 0.29GB/3.70GB
Epoch: 15 [200/391] Loss: 1.6112 | Acc: 50.98% | Time: 0.0234s | GPU Mem: 0.29GB/3.70GB
Epoch: 15 [300/391] Loss: 1.5077 | Acc: 51.31% | Time: 0.0298s | GPU Mem: 0.29GB/3.70GB

训练 - Loss: 1.7528, Acc: 51.38%
测试 - Loss: 2.1920, Acc: 43.51%
学习率: 0.100000, 时间: 19.52s
GPU内存使用:
  GPU 1 - 已分配: 0.29GB, 已保留: 3.70GB

============================================================
Epoch 17/100
============================================================
Epoch: 16 [0/391] Loss: 1.5465 | Acc: 53.91% | Time: 0.0266s | GPU Mem: 0.29GB/3.70GB
Epoch: 16 [100/391] Loss: 1.7187 | Acc: 52.67% | Time: 0.0285s | GPU Mem: 0.29GB/3.70GB
Epoch: 16 [200/391] Loss: 1.7250 | Acc: 52.78% | Time: 0.0276s | GPU Mem: 0.29GB/3.70GB
Epoch: 16 [300/391] Loss: 1.6873 | Acc: 52.62% | Time: 0.0284s | GPU Mem: 0.29GB/3.70GB

训练 - Loss: 1.7009, Acc: 52.55%
测试 - Loss: 2.0164, Acc: 46.15%
学习率: 0.100000, 时间: 19.46s
GPU内存使用:
  GPU 1 - 已分配: 0.29GB, 已保留: 3.70GB
最佳准确率更新: 44.42% -> 46.15%
保存最佳模型到: ./checkpoints/best_model.pth

============================================================
Epoch 18/100
============================================================
Epoch: 17 [0/391] Loss: 1.7543 | Acc: 48.44% | Time: 0.0319s | GPU Mem: 0.29GB/3.70GB
Epoch: 17 [100/391] Loss: 1.7705 | Acc: 53.95% | Time: 0.0276s | GPU Mem: 0.29GB/3.70GB
Epoch: 17 [200/391] Loss: 1.7541 | Acc: 53.49% | Time: 0.0266s | GPU Mem: 0.29GB/3.70GB
Epoch: 17 [300/391] Loss: 1.6653 | Acc: 53.39% | Time: 0.0269s | GPU Mem: 0.29GB/3.70GB

训练 - Loss: 1.6613, Acc: 53.51%
测试 - Loss: 2.2358, Acc: 43.06%
学习率: 0.100000, 时间: 19.53s
GPU内存使用:
  GPU 1 - 已分配: 0.29GB, 已保留: 3.70GB

============================================================
Epoch 19/100
============================================================
Epoch: 18 [0/391] Loss: 1.6566 | Acc: 53.91% | Time: 0.0330s | GPU Mem: 0.29GB/3.70GB
Epoch: 18 [100/391] Loss: 1.5814 | Acc: 55.32% | Time: 0.0283s | GPU Mem: 0.29GB/3.70GB
Epoch: 18 [200/391] Loss: 1.7995 | Acc: 54.49% | Time: 0.0236s | GPU Mem: 0.29GB/3.70GB
Epoch: 18 [300/391] Loss: 1.6316 | Acc: 54.58% | Time: 0.0219s | GPU Mem: 0.29GB/3.70GB

训练 - Loss: 1.6219, Acc: 54.64%
测试 - Loss: 1.9397, Acc: 48.83%
学习率: 0.100000, 时间: 19.60s
GPU内存使用:
  GPU 1 - 已分配: 0.29GB, 已保留: 3.70GB
最佳准确率更新: 46.15% -> 48.83%
保存最佳模型到: ./checkpoints/best_model.pth

============================================================
Epoch 20/100
============================================================
Epoch: 19 [0/391] Loss: 1.3961 | Acc: 58.59% | Time: 0.0328s | GPU Mem: 0.29GB/3.70GB
Epoch: 19 [100/391] Loss: 1.2597 | Acc: 56.50% | Time: 0.0226s | GPU Mem: 0.29GB/3.70GB
Epoch: 19 [200/391] Loss: 1.6064 | Acc: 55.81% | Time: 0.0220s | GPU Mem: 0.29GB/3.70GB
Epoch: 19 [300/391] Loss: 1.6712 | Acc: 55.58% | Time: 0.0281s | GPU Mem: 0.29GB/3.70GB

训练 - Loss: 1.5730, Acc: 55.66%
测试 - Loss: 2.4224, Acc: 40.47%
学习率: 0.100000, 时间: 19.54s
GPU内存使用:
  GPU 1 - 已分配: 0.29GB, 已保留: 3.70GB
保存checkpoint到: ./checkpoints/checkpoint_epoch_20.pth

============================================================
Epoch 21/100
============================================================
Epoch: 20 [0/391] Loss: 1.6564 | Acc: 49.22% | Time: 0.0350s | GPU Mem: 0.29GB/3.70GB
Epoch: 20 [100/391] Loss: 1.4977 | Acc: 56.98% | Time: 0.0219s | GPU Mem: 0.29GB/3.70GB
Epoch: 20 [200/391] Loss: 1.3999 | Acc: 56.88% | Time: 0.0264s | GPU Mem: 0.29GB/3.70GB
Epoch: 20 [300/391] Loss: 1.4165 | Acc: 56.84% | Time: 0.0270s | GPU Mem: 0.29GB/3.70GB

训练 - Loss: 1.5393, Acc: 56.48%
测试 - Loss: 1.9899, Acc: 48.01%
学习率: 0.100000, 时间: 19.48s
GPU内存使用:
  GPU 1 - 已分配: 0.29GB, 已保留: 3.70GB

============================================================
Epoch 22/100
============================================================
Epoch: 21 [0/391] Loss: 1.7009 | Acc: 55.47% | Time: 0.0263s | GPU Mem: 0.29GB/3.70GB
Epoch: 21 [100/391] Loss: 1.4802 | Acc: 57.84% | Time: 0.0284s | GPU Mem: 0.29GB/3.70GB
Epoch: 21 [200/391] Loss: 1.6327 | Acc: 57.28% | Time: 0.0222s | GPU Mem: 0.29GB/3.70GB
Epoch: 21 [300/391] Loss: 1.5121 | Acc: 57.05% | Time: 0.0233s | GPU Mem: 0.29GB/3.70GB

训练 - Loss: 1.5137, Acc: 57.09%
测试 - Loss: 1.8260, Acc: 50.82%
学习率: 0.100000, 时间: 19.48s
GPU内存使用:
  GPU 1 - 已分配: 0.29GB, 已保留: 3.70GB
最佳准确率更新: 48.83% -> 50.82%
保存最佳模型到: ./checkpoints/best_model.pth

============================================================
Epoch 23/100
============================================================
Epoch: 22 [0/391] Loss: 1.2262 | Acc: 64.06% | Time: 0.0279s | GPU Mem: 0.29GB/3.70GB
Epoch: 22 [100/391] Loss: 1.7014 | Acc: 58.54% | Time: 0.0256s | GPU Mem: 0.29GB/3.70GB
Epoch: 22 [200/391] Loss: 1.5695 | Acc: 58.37% | Time: 0.0297s | GPU Mem: 0.29GB/3.70GB
Epoch: 22 [300/391] Loss: 1.2328 | Acc: 58.18% | Time: 0.0225s | GPU Mem: 0.29GB/3.70GB

训练 - Loss: 1.4806, Acc: 58.28%
测试 - Loss: 1.9278, Acc: 49.42%
学习率: 0.100000, 时间: 19.57s
GPU内存使用:
  GPU 1 - 已分配: 0.29GB, 已保留: 3.70GB

============================================================
Epoch 24/100
============================================================
Epoch: 23 [0/391] Loss: 1.4428 | Acc: 60.94% | Time: 0.0262s | GPU Mem: 0.29GB/3.70GB
Epoch: 23 [100/391] Loss: 1.6133 | Acc: 58.67% | Time: 0.0234s | GPU Mem: 0.29GB/3.70GB
Epoch: 23 [200/391] Loss: 1.5692 | Acc: 58.59% | Time: 0.0216s | GPU Mem: 0.29GB/3.70GB
Epoch: 23 [300/391] Loss: 1.4412 | Acc: 58.60% | Time: 0.0226s | GPU Mem: 0.29GB/3.70GB

训练 - Loss: 1.4621, Acc: 58.41%
测试 - Loss: 1.7738, Acc: 52.09%
学习率: 0.100000, 时间: 19.46s
GPU内存使用:
  GPU 1 - 已分配: 0.29GB, 已保留: 3.70GB
最佳准确率更新: 50.82% -> 52.09%
保存最佳模型到: ./checkpoints/best_model.pth

============================================================
Epoch 25/100
============================================================
Epoch: 24 [0/391] Loss: 1.2787 | Acc: 57.81% | Time: 0.0276s | GPU Mem: 0.29GB/3.70GB
Epoch: 24 [100/391] Loss: 1.4548 | Acc: 60.06% | Time: 0.0312s | GPU Mem: 0.29GB/3.70GB
Epoch: 24 [200/391] Loss: 1.4785 | Acc: 59.67% | Time: 0.0218s | GPU Mem: 0.29GB/3.70GB
Epoch: 24 [300/391] Loss: 1.5980 | Acc: 59.43% | Time: 0.0237s | GPU Mem: 0.29GB/3.70GB

训练 - Loss: 1.4308, Acc: 59.27%
测试 - Loss: 1.7963, Acc: 52.38%
学习率: 0.100000, 时间: 19.51s
GPU内存使用:
  GPU 1 - 已分配: 0.29GB, 已保留: 3.70GB
最佳准确率更新: 52.09% -> 52.38%
保存最佳模型到: ./checkpoints/best_model.pth

============================================================
Epoch 26/100
============================================================
Epoch: 25 [0/391] Loss: 1.3212 | Acc: 60.94% | Time: 0.0347s | GPU Mem: 0.29GB/3.70GB
Epoch: 25 [100/391] Loss: 1.2413 | Acc: 60.45% | Time: 0.0349s | GPU Mem: 0.29GB/3.70GB
Epoch: 25 [200/391] Loss: 1.3657 | Acc: 59.93% | Time: 0.0240s | GPU Mem: 0.29GB/3.70GB
Epoch: 25 [300/391] Loss: 1.5463 | Acc: 59.74% | Time: 0.0287s | GPU Mem: 0.29GB/3.70GB

训练 - Loss: 1.4166, Acc: 59.51%
测试 - Loss: 1.9254, Acc: 48.98%
学习率: 0.100000, 时间: 19.47s
GPU内存使用:
  GPU 1 - 已分配: 0.29GB, 已保留: 3.70GB

============================================================
Epoch 27/100
============================================================
Epoch: 26 [0/391] Loss: 1.3882 | Acc: 60.16% | Time: 0.0279s | GPU Mem: 0.29GB/3.70GB
Epoch: 26 [100/391] Loss: 1.2753 | Acc: 61.94% | Time: 0.0225s | GPU Mem: 0.29GB/3.70GB
Epoch: 26 [200/391] Loss: 1.4775 | Acc: 61.03% | Time: 0.0276s | GPU Mem: 0.29GB/3.70GB
Epoch: 26 [300/391] Loss: 1.5185 | Acc: 60.59% | Time: 0.0239s | GPU Mem: 0.29GB/3.70GB

训练 - Loss: 1.3959, Acc: 60.17%
测试 - Loss: 1.8409, Acc: 51.03%
学习率: 0.100000, 时间: 19.45s
GPU内存使用:
  GPU 1 - 已分配: 0.29GB, 已保留: 3.70GB

============================================================
Epoch 28/100
============================================================
Epoch: 27 [0/391] Loss: 1.1353 | Acc: 65.62% | Time: 0.0335s | GPU Mem: 0.29GB/3.70GB
Epoch: 27 [100/391] Loss: 1.4914 | Acc: 61.74% | Time: 0.0304s | GPU Mem: 0.29GB/3.70GB
Epoch: 27 [200/391] Loss: 1.1591 | Acc: 61.38% | Time: 0.0313s | GPU Mem: 0.29GB/3.70GB
Epoch: 27 [300/391] Loss: 1.5523 | Acc: 61.00% | Time: 0.0312s | GPU Mem: 0.29GB/3.70GB

训练 - Loss: 1.3809, Acc: 60.64%
测试 - Loss: 2.0327, Acc: 48.33%
学习率: 0.100000, 时间: 19.53s
GPU内存使用:
  GPU 1 - 已分配: 0.29GB, 已保留: 3.70GB

============================================================
Epoch 29/100
============================================================
Epoch: 28 [0/391] Loss: 1.3397 | Acc: 60.16% | Time: 0.0339s | GPU Mem: 0.29GB/3.70GB
Epoch: 28 [100/391] Loss: 1.3065 | Acc: 62.36% | Time: 0.0242s | GPU Mem: 0.29GB/3.70GB
Epoch: 28 [200/391] Loss: 1.3860 | Acc: 61.57% | Time: 0.0281s | GPU Mem: 0.29GB/3.70GB
Epoch: 28 [300/391] Loss: 1.3477 | Acc: 60.93% | Time: 0.0219s | GPU Mem: 0.29GB/3.70GB

训练 - Loss: 1.3700, Acc: 60.59%
测试 - Loss: 1.8245, Acc: 51.74%
学习率: 0.100000, 时间: 19.46s
GPU内存使用:
  GPU 1 - 已分配: 0.29GB, 已保留: 3.70GB

============================================================
Epoch 30/100
============================================================
Epoch: 29 [0/391] Loss: 1.1464 | Acc: 68.75% | Time: 0.0327s | GPU Mem: 0.29GB/3.70GB
Epoch: 29 [100/391] Loss: 1.1745 | Acc: 63.18% | Time: 0.0282s | GPU Mem: 0.29GB/3.70GB
Epoch: 29 [200/391] Loss: 1.3302 | Acc: 62.15% | Time: 0.0262s | GPU Mem: 0.29GB/3.70GB
Epoch: 29 [300/391] Loss: 1.3816 | Acc: 61.91% | Time: 0.0234s | GPU Mem: 0.29GB/3.70GB

训练 - Loss: 1.3495, Acc: 61.52%
测试 - Loss: 1.7382, Acc: 52.79%
学习率: 0.100000, 时间: 19.58s
GPU内存使用:
  GPU 1 - 已分配: 0.29GB, 已保留: 3.70GB
最佳准确率更新: 52.38% -> 52.79%
保存最佳模型到: ./checkpoints/best_model.pth
保存checkpoint到: ./checkpoints/checkpoint_epoch_30.pth

============================================================
Epoch 31/100
============================================================
Epoch: 30 [0/391] Loss: 1.1513 | Acc: 67.19% | Time: 0.0342s | GPU Mem: 0.29GB/3.70GB
Epoch: 30 [100/391] Loss: 1.4287 | Acc: 63.36% | Time: 0.0234s | GPU Mem: 0.29GB/3.70GB
Epoch: 30 [200/391] Loss: 1.4151 | Acc: 62.82% | Time: 0.0224s | GPU Mem: 0.29GB/3.70GB
Epoch: 30 [300/391] Loss: 1.5009 | Acc: 62.02% | Time: 0.0267s | GPU Mem: 0.29GB/3.70GB

训练 - Loss: 1.3381, Acc: 61.76%
测试 - Loss: 1.7180, Acc: 53.23%
学习率: 0.100000, 时间: 19.51s
GPU内存使用:
  GPU 1 - 已分配: 0.29GB, 已保留: 3.70GB
最佳准确率更新: 52.79% -> 53.23%
保存最佳模型到: ./checkpoints/best_model.pth

============================================================
Epoch 32/100
============================================================
Epoch: 31 [0/391] Loss: 1.4491 | Acc: 54.69% | Time: 0.0337s | GPU Mem: 0.29GB/3.70GB
Epoch: 31 [100/391] Loss: 1.2707 | Acc: 63.08% | Time: 0.0283s | GPU Mem: 0.29GB/3.70GB
Epoch: 31 [200/391] Loss: 1.2889 | Acc: 62.62% | Time: 0.0268s | GPU Mem: 0.29GB/3.70GB
Epoch: 31 [300/391] Loss: 1.3155 | Acc: 62.02% | Time: 0.0215s | GPU Mem: 0.29GB/3.70GB

训练 - Loss: 1.3287, Acc: 61.89%
测试 - Loss: 1.7236, Acc: 53.08%
学习率: 0.100000, 时间: 19.48s
GPU内存使用:
  GPU 1 - 已分配: 0.29GB, 已保留: 3.70GB

============================================================
Epoch 33/100
============================================================
Epoch: 32 [0/391] Loss: 1.2967 | Acc: 67.19% | Time: 0.0256s | GPU Mem: 0.29GB/3.70GB
Epoch: 32 [100/391] Loss: 1.4271 | Acc: 62.72% | Time: 0.0297s | GPU Mem: 0.29GB/3.70GB
Epoch: 32 [200/391] Loss: 1.5251 | Acc: 62.78% | Time: 0.0337s | GPU Mem: 0.29GB/3.70GB
Epoch: 32 [300/391] Loss: 1.1746 | Acc: 62.43% | Time: 0.0224s | GPU Mem: 0.29GB/3.70GB

训练 - Loss: 1.3202, Acc: 62.12%
测试 - Loss: 1.7919, Acc: 52.31%
学习率: 0.100000, 时间: 19.50s
GPU内存使用:
  GPU 1 - 已分配: 0.29GB, 已保留: 3.70GB

============================================================
Epoch 34/100
============================================================
Epoch: 33 [0/391] Loss: 1.3535 | Acc: 61.72% | Time: 0.0324s | GPU Mem: 0.29GB/3.70GB
Epoch: 33 [100/391] Loss: 1.4404 | Acc: 63.55% | Time: 0.0295s | GPU Mem: 0.29GB/3.70GB
Epoch: 33 [200/391] Loss: 1.3012 | Acc: 62.90% | Time: 0.0197s | GPU Mem: 0.29GB/3.70GB
Epoch: 33 [300/391] Loss: 1.6085 | Acc: 62.52% | Time: 0.0216s | GPU Mem: 0.29GB/3.70GB

训练 - Loss: 1.2970, Acc: 62.39%
测试 - Loss: 1.5808, Acc: 56.54%
学习率: 0.100000, 时间: 19.48s
GPU内存使用:
  GPU 1 - 已分配: 0.29GB, 已保留: 3.70GB
最佳准确率更新: 53.23% -> 56.54%
保存最佳模型到: ./checkpoints/best_model.pth

============================================================
Epoch 35/100
============================================================
Epoch: 34 [0/391] Loss: 1.2602 | Acc: 61.72% | Time: 0.0277s | GPU Mem: 0.29GB/3.70GB
Epoch: 34 [100/391] Loss: 1.3536 | Acc: 64.67% | Time: 0.0215s | GPU Mem: 0.29GB/3.70GB
Epoch: 34 [200/391] Loss: 1.2475 | Acc: 63.61% | Time: 0.0234s | GPU Mem: 0.29GB/3.70GB
Epoch: 34 [300/391] Loss: 1.2658 | Acc: 63.17% | Time: 0.0216s | GPU Mem: 0.29GB/3.70GB

训练 - Loss: 1.2919, Acc: 62.90%
测试 - Loss: 1.8712, Acc: 51.08%
学习率: 0.100000, 时间: 19.45s
GPU内存使用:
  GPU 1 - 已分配: 0.29GB, 已保留: 3.70GB

============================================================
Epoch 36/100
============================================================
Epoch: 35 [0/391] Loss: 1.1768 | Acc: 64.06% | Time: 0.0334s | GPU Mem: 0.29GB/3.70GB
Epoch: 35 [100/391] Loss: 1.1748 | Acc: 64.46% | Time: 0.0295s | GPU Mem: 0.29GB/3.70GB
Epoch: 35 [200/391] Loss: 1.1585 | Acc: 64.00% | Time: 0.0224s | GPU Mem: 0.29GB/3.70GB
Epoch: 35 [300/391] Loss: 1.3096 | Acc: 63.30% | Time: 0.0229s | GPU Mem: 0.29GB/3.70GB

训练 - Loss: 1.2846, Acc: 63.04%
测试 - Loss: 1.6356, Acc: 56.29%
学习率: 0.100000, 时间: 19.47s
GPU内存使用:
  GPU 1 - 已分配: 0.29GB, 已保留: 3.70GB

============================================================
Epoch 37/100
============================================================
Epoch: 36 [0/391] Loss: 1.1892 | Acc: 64.06% | Time: 0.0290s | GPU Mem: 0.29GB/3.70GB
Epoch: 36 [100/391] Loss: 1.0625 | Acc: 65.01% | Time: 0.0215s | GPU Mem: 0.29GB/3.70GB
Epoch: 36 [200/391] Loss: 1.4413 | Acc: 64.27% | Time: 0.0307s | GPU Mem: 0.29GB/3.70GB
Epoch: 36 [300/391] Loss: 1.4579 | Acc: 63.62% | Time: 0.0260s | GPU Mem: 0.29GB/3.70GB

训练 - Loss: 1.2782, Acc: 63.13%
测试 - Loss: 1.6939, Acc: 54.16%
学习率: 0.100000, 时间: 19.48s
GPU内存使用:
  GPU 1 - 已分配: 0.29GB, 已保留: 3.70GB

============================================================
Epoch 38/100
============================================================
Epoch: 37 [0/391] Loss: 1.1873 | Acc: 67.97% | Time: 0.0370s | GPU Mem: 0.29GB/3.70GB
Epoch: 37 [100/391] Loss: 1.1037 | Acc: 65.04% | Time: 0.0231s | GPU Mem: 0.29GB/3.70GB
Epoch: 37 [200/391] Loss: 1.3049 | Acc: 64.16% | Time: 0.0232s | GPU Mem: 0.29GB/3.70GB
Epoch: 37 [300/391] Loss: 1.3623 | Acc: 63.51% | Time: 0.0216s | GPU Mem: 0.29GB/3.70GB

训练 - Loss: 1.2717, Acc: 63.26%
测试 - Loss: 1.9306, Acc: 51.08%
学习率: 0.100000, 时间: 19.46s
GPU内存使用:
  GPU 1 - 已分配: 0.29GB, 已保留: 3.70GB

============================================================
Epoch 39/100
============================================================
Epoch: 38 [0/391] Loss: 1.1233 | Acc: 69.53% | Time: 0.0328s | GPU Mem: 0.29GB/3.70GB
Epoch: 38 [100/391] Loss: 1.4097 | Acc: 65.18% | Time: 0.0227s | GPU Mem: 0.29GB/3.70GB
Epoch: 38 [200/391] Loss: 1.2518 | Acc: 64.44% | Time: 0.0232s | GPU Mem: 0.29GB/3.70GB
Epoch: 38 [300/391] Loss: 1.4340 | Acc: 64.07% | Time: 0.0215s | GPU Mem: 0.29GB/3.70GB

训练 - Loss: 1.2637, Acc: 63.66%
测试 - Loss: 1.6798, Acc: 54.84%
学习率: 0.100000, 时间: 19.46s
GPU内存使用:
  GPU 1 - 已分配: 0.29GB, 已保留: 3.70GB

============================================================
Epoch 40/100
============================================================
Epoch: 39 [0/391] Loss: 1.3163 | Acc: 57.81% | Time: 0.0356s | GPU Mem: 0.29GB/3.70GB
Epoch: 39 [100/391] Loss: 1.3173 | Acc: 64.72% | Time: 0.0208s | GPU Mem: 0.29GB/3.70GB
Epoch: 39 [200/391] Loss: 1.0332 | Acc: 64.28% | Time: 0.0274s | GPU Mem: 0.29GB/3.70GB
Epoch: 39 [300/391] Loss: 1.0214 | Acc: 64.08% | Time: 0.0193s | GPU Mem: 0.29GB/3.70GB

训练 - Loss: 1.2572, Acc: 63.73%
测试 - Loss: 1.7115, Acc: 54.99%
学习率: 0.100000, 时间: 19.59s
GPU内存使用:
  GPU 1 - 已分配: 0.29GB, 已保留: 3.70GB
保存checkpoint到: ./checkpoints/checkpoint_epoch_40.pth

============================================================
Epoch 41/100
============================================================
Epoch: 40 [0/391] Loss: 0.9143 | Acc: 72.66% | Time: 0.0322s | GPU Mem: 0.29GB/3.70GB
Epoch: 40 [100/391] Loss: 1.2623 | Acc: 64.84% | Time: 0.0262s | GPU Mem: 0.29GB/3.70GB
Epoch: 40 [200/391] Loss: 1.2970 | Acc: 64.52% | Time: 0.0217s | GPU Mem: 0.29GB/3.70GB
Epoch: 40 [300/391] Loss: 1.0671 | Acc: 64.12% | Time: 0.0235s | GPU Mem: 0.29GB/3.70GB

训练 - Loss: 1.2478, Acc: 63.97%
测试 - Loss: 1.6990, Acc: 55.12%
学习率: 0.100000, 时间: 19.44s
GPU内存使用:
  GPU 1 - 已分配: 0.29GB, 已保留: 3.70GB

============================================================
Epoch 42/100
============================================================
Epoch: 41 [0/391] Loss: 1.1046 | Acc: 64.06% | Time: 0.0342s | GPU Mem: 0.29GB/3.70GB
Epoch: 41 [100/391] Loss: 1.2767 | Acc: 66.80% | Time: 0.0311s | GPU Mem: 0.29GB/3.70GB
Epoch: 41 [200/391] Loss: 1.1283 | Acc: 65.43% | Time: 0.0245s | GPU Mem: 0.29GB/3.70GB
Epoch: 41 [300/391] Loss: 1.3575 | Acc: 64.66% | Time: 0.0230s | GPU Mem: 0.29GB/3.70GB

训练 - Loss: 1.2337, Acc: 64.40%
测试 - Loss: 1.8587, Acc: 51.03%
学习率: 0.100000, 时间: 19.49s
GPU内存使用:
  GPU 1 - 已分配: 0.29GB, 已保留: 3.70GB

============================================================
Epoch 43/100
============================================================
Epoch: 42 [0/391] Loss: 0.9206 | Acc: 71.88% | Time: 0.0308s | GPU Mem: 0.29GB/3.70GB
Epoch: 42 [100/391] Loss: 1.0744 | Acc: 65.66% | Time: 0.0375s | GPU Mem: 0.29GB/3.70GB
Epoch: 42 [200/391] Loss: 1.1026 | Acc: 65.12% | Time: 0.0228s | GPU Mem: 0.29GB/3.70GB
Epoch: 42 [300/391] Loss: 1.4321 | Acc: 64.77% | Time: 0.0222s | GPU Mem: 0.29GB/3.70GB

训练 - Loss: 1.2309, Acc: 64.50%
测试 - Loss: 1.6638, Acc: 55.46%
学习率: 0.100000, 时间: 19.53s
GPU内存使用:
  GPU 1 - 已分配: 0.29GB, 已保留: 3.70GB

============================================================
Epoch 44/100
============================================================
Epoch: 43 [0/391] Loss: 1.2252 | Acc: 58.59% | Time: 0.0302s | GPU Mem: 0.29GB/3.70GB
Epoch: 43 [100/391] Loss: 1.4821 | Acc: 65.88% | Time: 0.0265s | GPU Mem: 0.29GB/3.70GB
Epoch: 43 [200/391] Loss: 1.4825 | Acc: 65.25% | Time: 0.0218s | GPU Mem: 0.29GB/3.70GB
Epoch: 43 [300/391] Loss: 1.4475 | Acc: 64.94% | Time: 0.0255s | GPU Mem: 0.29GB/3.70GB

训练 - Loss: 1.2312, Acc: 64.42%
测试 - Loss: 1.7153, Acc: 53.95%
学习率: 0.100000, 时间: 19.45s
GPU内存使用:
  GPU 1 - 已分配: 0.29GB, 已保留: 3.70GB

============================================================
Epoch 45/100
============================================================
Epoch: 44 [0/391] Loss: 1.1757 | Acc: 66.41% | Time: 0.0289s | GPU Mem: 0.29GB/3.70GB
Epoch: 44 [100/391] Loss: 1.1796 | Acc: 66.27% | Time: 0.0192s | GPU Mem: 0.29GB/3.70GB
Epoch: 44 [200/391] Loss: 1.1617 | Acc: 65.36% | Time: 0.0268s | GPU Mem: 0.29GB/3.70GB
Epoch: 44 [300/391] Loss: 1.2112 | Acc: 64.73% | Time: 0.0276s | GPU Mem: 0.29GB/3.70GB

训练 - Loss: 1.2186, Acc: 64.54%
测试 - Loss: 1.6408, Acc: 55.69%
学习率: 0.100000, 时间: 19.46s
GPU内存使用:
  GPU 1 - 已分配: 0.29GB, 已保留: 3.70GB

============================================================
Epoch 46/100
============================================================
Epoch: 45 [0/391] Loss: 1.1925 | Acc: 67.19% | Time: 0.0267s | GPU Mem: 0.29GB/3.70GB
Epoch: 45 [100/391] Loss: 1.2540 | Acc: 66.14% | Time: 0.0289s | GPU Mem: 0.29GB/3.70GB
Epoch: 45 [200/391] Loss: 1.0782 | Acc: 65.37% | Time: 0.0232s | GPU Mem: 0.29GB/3.70GB
Epoch: 45 [300/391] Loss: 1.1852 | Acc: 65.01% | Time: 0.0232s | GPU Mem: 0.29GB/3.70GB

训练 - Loss: 1.2159, Acc: 65.08%
测试 - Loss: 1.7408, Acc: 54.33%
学习率: 0.100000, 时间: 19.44s
GPU内存使用:
  GPU 1 - 已分配: 0.29GB, 已保留: 3.70GB

============================================================
Epoch 47/100
============================================================
Epoch: 46 [0/391] Loss: 1.3612 | Acc: 64.84% | Time: 0.0319s | GPU Mem: 0.29GB/3.70GB
Epoch: 46 [100/391] Loss: 1.4299 | Acc: 66.19% | Time: 0.0241s | GPU Mem: 0.29GB/3.70GB
Epoch: 46 [200/391] Loss: 1.4484 | Acc: 65.38% | Time: 0.0230s | GPU Mem: 0.29GB/3.70GB
Epoch: 46 [300/391] Loss: 1.1011 | Acc: 65.44% | Time: 0.0281s | GPU Mem: 0.29GB/3.70GB

训练 - Loss: 1.2133, Acc: 65.00%
测试 - Loss: 1.5707, Acc: 57.26%
学习率: 0.100000, 时间: 19.45s
GPU内存使用:
  GPU 1 - 已分配: 0.29GB, 已保留: 3.70GB
最佳准确率更新: 56.54% -> 57.26%
保存最佳模型到: ./checkpoints/best_model.pth

============================================================
Epoch 48/100
============================================================
Epoch: 47 [0/391] Loss: 0.9373 | Acc: 71.09% | Time: 0.0328s | GPU Mem: 0.29GB/3.70GB
Epoch: 47 [100/391] Loss: 1.0827 | Acc: 66.83% | Time: 0.0228s | GPU Mem: 0.29GB/3.70GB
Epoch: 47 [200/391] Loss: 1.1828 | Acc: 65.68% | Time: 0.0225s | GPU Mem: 0.29GB/3.70GB
Epoch: 47 [300/391] Loss: 1.3148 | Acc: 65.09% | Time: 0.0277s | GPU Mem: 0.29GB/3.70GB

训练 - Loss: 1.2098, Acc: 64.95%
测试 - Loss: 1.7233, Acc: 53.92%
学习率: 0.100000, 时间: 19.45s
GPU内存使用:
  GPU 1 - 已分配: 0.29GB, 已保留: 3.70GB

============================================================
Epoch 49/100
============================================================
Epoch: 48 [0/391] Loss: 1.1077 | Acc: 65.62% | Time: 0.0326s | GPU Mem: 0.29GB/3.70GB
Epoch: 48 [100/391] Loss: 1.1909 | Acc: 66.40% | Time: 0.0233s | GPU Mem: 0.29GB/3.70GB
Epoch: 48 [200/391] Loss: 1.1646 | Acc: 66.23% | Time: 0.0245s | GPU Mem: 0.29GB/3.70GB
Epoch: 48 [300/391] Loss: 0.9758 | Acc: 65.83% | Time: 0.0228s | GPU Mem: 0.29GB/3.70GB

训练 - Loss: 1.1920, Acc: 65.47%
测试 - Loss: 1.6173, Acc: 56.80%
学习率: 0.100000, 时间: 19.47s
GPU内存使用:
  GPU 1 - 已分配: 0.29GB, 已保留: 3.70GB

============================================================
Epoch 50/100
============================================================
Epoch: 49 [0/391] Loss: 0.9148 | Acc: 71.09% | Time: 0.0334s | GPU Mem: 0.29GB/3.70GB
Epoch: 49 [100/391] Loss: 1.2589 | Acc: 66.55% | Time: 0.0276s | GPU Mem: 0.29GB/3.70GB
Epoch: 49 [200/391] Loss: 0.9951 | Acc: 65.86% | Time: 0.0308s | GPU Mem: 0.29GB/3.70GB
Epoch: 49 [300/391] Loss: 1.3631 | Acc: 65.58% | Time: 0.0295s | GPU Mem: 0.29GB/3.70GB

训练 - Loss: 1.1945, Acc: 65.27%
测试 - Loss: 1.6588, Acc: 54.87%
学习率: 0.010000, 时间: 19.49s
GPU内存使用:
  GPU 1 - 已分配: 0.29GB, 已保留: 3.70GB
保存checkpoint到: ./checkpoints/checkpoint_epoch_50.pth

============================================================
Epoch 51/100
============================================================
Epoch: 50 [0/391] Loss: 0.9877 | Acc: 75.00% | Time: 0.0331s | GPU Mem: 0.29GB/3.70GB
Epoch: 50 [100/391] Loss: 0.6620 | Acc: 74.41% | Time: 0.0256s | GPU Mem: 0.29GB/3.70GB
Epoch: 50 [200/391] Loss: 0.7613 | Acc: 76.24% | Time: 0.0280s | GPU Mem: 0.29GB/3.70GB
Epoch: 50 [300/391] Loss: 0.5436 | Acc: 77.52% | Time: 0.0232s | GPU Mem: 0.29GB/3.70GB

训练 - Loss: 0.7432, Acc: 78.32%
测试 - Loss: 0.9581, Acc: 72.24%
学习率: 0.010000, 时间: 19.56s
GPU内存使用:
  GPU 1 - 已分配: 0.29GB, 已保留: 3.70GB
最佳准确率更新: 57.26% -> 72.24%
保存最佳模型到: ./checkpoints/best_model.pth

============================================================
Epoch 52/100
============================================================
Epoch: 51 [0/391] Loss: 0.5084 | Acc: 85.16% | Time: 0.0301s | GPU Mem: 0.29GB/3.70GB
Epoch: 51 [100/391] Loss: 0.6109 | Acc: 82.87% | Time: 0.0236s | GPU Mem: 0.29GB/3.70GB
Epoch: 51 [200/391] Loss: 0.5522 | Acc: 82.57% | Time: 0.0286s | GPU Mem: 0.29GB/3.70GB
Epoch: 51 [300/391] Loss: 0.5504 | Acc: 82.67% | Time: 0.0233s | GPU Mem: 0.29GB/3.70GB

训练 - Loss: 0.5785, Acc: 82.63%
测试 - Loss: 0.9454, Acc: 73.06%
学习率: 0.010000, 时间: 19.55s
GPU内存使用:
  GPU 1 - 已分配: 0.29GB, 已保留: 3.70GB
最佳准确率更新: 72.24% -> 73.06%
保存最佳模型到: ./checkpoints/best_model.pth

============================================================
Epoch 53/100
============================================================
Epoch: 52 [0/391] Loss: 0.4479 | Acc: 85.94% | Time: 0.0381s | GPU Mem: 0.29GB/3.70GB
Epoch: 52 [100/391] Loss: 0.6271 | Acc: 84.44% | Time: 0.0229s | GPU Mem: 0.29GB/3.70GB
Epoch: 52 [200/391] Loss: 0.5549 | Acc: 84.28% | Time: 0.0214s | GPU Mem: 0.29GB/3.70GB
Epoch: 52 [300/391] Loss: 0.5271 | Acc: 84.23% | Time: 0.0214s | GPU Mem: 0.29GB/3.70GB

训练 - Loss: 0.5187, Acc: 84.20%
测试 - Loss: 0.9364, Acc: 73.61%
学习率: 0.010000, 时间: 19.43s
GPU内存使用:
  GPU 1 - 已分配: 0.29GB, 已保留: 3.70GB
最佳准确率更新: 73.06% -> 73.61%
保存最佳模型到: ./checkpoints/best_model.pth

============================================================
Epoch 54/100
============================================================
Epoch: 53 [0/391] Loss: 0.5560 | Acc: 84.38% | Time: 0.0353s | GPU Mem: 0.29GB/3.70GB
Epoch: 53 [100/391] Loss: 0.4325 | Acc: 86.12% | Time: 0.0249s | GPU Mem: 0.29GB/3.70GB
Epoch: 53 [200/391] Loss: 0.4750 | Acc: 85.96% | Time: 0.0227s | GPU Mem: 0.29GB/3.70GB
Epoch: 53 [300/391] Loss: 0.4522 | Acc: 85.75% | Time: 0.0282s | GPU Mem: 0.29GB/3.70GB

训练 - Loss: 0.4710, Acc: 85.74%
测试 - Loss: 0.9541, Acc: 73.44%
学习率: 0.010000, 时间: 19.52s
GPU内存使用:
  GPU 1 - 已分配: 0.29GB, 已保留: 3.70GB

============================================================
Epoch 55/100
============================================================
Epoch: 54 [0/391] Loss: 0.4619 | Acc: 88.28% | Time: 0.0284s | GPU Mem: 0.29GB/3.70GB
Epoch: 54 [100/391] Loss: 0.3185 | Acc: 87.89% | Time: 0.0229s | GPU Mem: 0.29GB/3.70GB
Epoch: 54 [200/391] Loss: 0.3779 | Acc: 87.47% | Time: 0.0230s | GPU Mem: 0.29GB/3.70GB
Epoch: 54 [300/391] Loss: 0.4917 | Acc: 87.19% | Time: 0.0288s | GPU Mem: 0.29GB/3.70GB

训练 - Loss: 0.4271, Acc: 87.09%
测试 - Loss: 0.9655, Acc: 73.42%
学习率: 0.010000, 时间: 19.56s
GPU内存使用:
  GPU 1 - 已分配: 0.29GB, 已保留: 3.70GB

============================================================
Epoch 56/100
============================================================
Epoch: 55 [0/391] Loss: 0.3638 | Acc: 87.50% | Time: 0.0334s | GPU Mem: 0.29GB/3.70GB
Epoch: 55 [100/391] Loss: 0.4462 | Acc: 88.51% | Time: 0.0292s | GPU Mem: 0.29GB/3.70GB
Epoch: 55 [200/391] Loss: 0.3276 | Acc: 88.19% | Time: 0.0214s | GPU Mem: 0.29GB/3.70GB
Epoch: 55 [300/391] Loss: 0.4277 | Acc: 88.05% | Time: 0.0229s | GPU Mem: 0.29GB/3.70GB

训练 - Loss: 0.3961, Acc: 87.90%
测试 - Loss: 0.9737, Acc: 73.32%
学习率: 0.010000, 时间: 19.45s
GPU内存使用:
  GPU 1 - 已分配: 0.29GB, 已保留: 3.70GB

============================================================
Epoch 57/100
============================================================
Epoch: 56 [0/391] Loss: 0.2547 | Acc: 92.97% | Time: 0.0337s | GPU Mem: 0.29GB/3.70GB
Epoch: 56 [100/391] Loss: 0.3961 | Acc: 89.61% | Time: 0.0270s | GPU Mem: 0.29GB/3.70GB
Epoch: 56 [200/391] Loss: 0.3369 | Acc: 89.50% | Time: 0.0359s | GPU Mem: 0.29GB/3.70GB
Epoch: 56 [300/391] Loss: 0.4123 | Acc: 89.12% | Time: 0.0216s | GPU Mem: 0.29GB/3.70GB

训练 - Loss: 0.3639, Acc: 88.94%
测试 - Loss: 0.9711, Acc: 73.70%
学习率: 0.010000, 时间: 19.44s
GPU内存使用:
  GPU 1 - 已分配: 0.29GB, 已保留: 3.70GB
最佳准确率更新: 73.61% -> 73.70%
保存最佳模型到: ./checkpoints/best_model.pth

============================================================
Epoch 58/100
============================================================
Epoch: 57 [0/391] Loss: 0.2772 | Acc: 94.53% | Time: 0.0306s | GPU Mem: 0.29GB/3.70GB
Epoch: 57 [100/391] Loss: 0.2792 | Acc: 90.43% | Time: 0.0193s | GPU Mem: 0.29GB/3.70GB
Epoch: 57 [200/391] Loss: 0.3010 | Acc: 90.14% | Time: 0.0217s | GPU Mem: 0.29GB/3.70GB
Epoch: 57 [300/391] Loss: 0.3538 | Acc: 89.84% | Time: 0.0220s | GPU Mem: 0.29GB/3.70GB

训练 - Loss: 0.3352, Acc: 89.77%
测试 - Loss: 1.0119, Acc: 73.19%
学习率: 0.010000, 时间: 19.53s
GPU内存使用:
  GPU 1 - 已分配: 0.29GB, 已保留: 3.70GB

============================================================
Epoch 59/100
============================================================
Epoch: 58 [0/391] Loss: 0.3064 | Acc: 89.84% | Time: 0.0254s | GPU Mem: 0.29GB/3.70GB
Epoch: 58 [100/391] Loss: 0.3729 | Acc: 91.57% | Time: 0.0231s | GPU Mem: 0.29GB/3.70GB
Epoch: 58 [200/391] Loss: 0.3552 | Acc: 90.75% | Time: 0.0245s | GPU Mem: 0.29GB/3.70GB
Epoch: 58 [300/391] Loss: 0.2477 | Acc: 90.52% | Time: 0.0351s | GPU Mem: 0.29GB/3.70GB

训练 - Loss: 0.3138, Acc: 90.32%
测试 - Loss: 1.0243, Acc: 73.01%
学习率: 0.010000, 时间: 19.47s
GPU内存使用:
  GPU 1 - 已分配: 0.29GB, 已保留: 3.70GB

============================================================
Epoch 60/100
============================================================
Epoch: 59 [0/391] Loss: 0.3326 | Acc: 89.84% | Time: 0.0311s | GPU Mem: 0.29GB/3.70GB
Epoch: 59 [100/391] Loss: 0.2556 | Acc: 92.26% | Time: 0.0272s | GPU Mem: 0.29GB/3.70GB
Epoch: 59 [200/391] Loss: 0.3857 | Acc: 91.81% | Time: 0.0206s | GPU Mem: 0.29GB/3.70GB
Epoch: 59 [300/391] Loss: 0.2073 | Acc: 91.68% | Time: 0.0277s | GPU Mem: 0.29GB/3.70GB

训练 - Loss: 0.2836, Acc: 91.43%
测试 - Loss: 1.0630, Acc: 72.81%
学习率: 0.010000, 时间: 19.49s
GPU内存使用:
  GPU 1 - 已分配: 0.29GB, 已保留: 3.70GB
保存checkpoint到: ./checkpoints/checkpoint_epoch_60.pth

============================================================
Epoch 61/100
============================================================
Epoch: 60 [0/391] Loss: 0.2025 | Acc: 96.09% | Time: 0.0230s | GPU Mem: 0.29GB/3.70GB
Epoch: 60 [100/391] Loss: 0.2811 | Acc: 92.76% | Time: 0.0288s | GPU Mem: 0.29GB/3.70GB
Epoch: 60 [200/391] Loss: 0.3364 | Acc: 92.40% | Time: 0.0216s | GPU Mem: 0.29GB/3.70GB
Epoch: 60 [300/391] Loss: 0.2993 | Acc: 92.13% | Time: 0.0274s | GPU Mem: 0.29GB/3.70GB

训练 - Loss: 0.2678, Acc: 91.84%
测试 - Loss: 1.0678, Acc: 72.77%
学习率: 0.010000, 时间: 19.52s
GPU内存使用:
  GPU 1 - 已分配: 0.29GB, 已保留: 3.70GB

============================================================
Epoch 62/100
============================================================
Epoch: 61 [0/391] Loss: 0.2614 | Acc: 93.75% | Time: 0.0350s | GPU Mem: 0.29GB/3.70GB
Epoch: 61 [100/391] Loss: 0.3178 | Acc: 93.39% | Time: 0.0212s | GPU Mem: 0.29GB/3.70GB
Epoch: 61 [200/391] Loss: 0.3424 | Acc: 92.73% | Time: 0.0230s | GPU Mem: 0.29GB/3.70GB
Epoch: 61 [300/391] Loss: 0.1989 | Acc: 92.41% | Time: 0.0231s | GPU Mem: 0.29GB/3.70GB

训练 - Loss: 0.2545, Acc: 92.17%
测试 - Loss: 1.0777, Acc: 72.77%
学习率: 0.010000, 时间: 19.50s
GPU内存使用:
  GPU 1 - 已分配: 0.29GB, 已保留: 3.70GB

============================================================
Epoch 63/100
============================================================
Epoch: 62 [0/391] Loss: 0.2871 | Acc: 92.19% | Time: 0.0305s | GPU Mem: 0.29GB/3.70GB
Epoch: 62 [100/391] Loss: 0.1699 | Acc: 93.67% | Time: 0.0221s | GPU Mem: 0.29GB/3.70GB
Epoch: 62 [200/391] Loss: 0.2694 | Acc: 93.30% | Time: 0.0294s | GPU Mem: 0.29GB/3.70GB
Epoch: 62 [300/391] Loss: 0.1806 | Acc: 92.95% | Time: 0.0217s | GPU Mem: 0.29GB/3.70GB

训练 - Loss: 0.2336, Acc: 92.77%
测试 - Loss: 1.0984, Acc: 72.90%
学习率: 0.010000, 时间: 19.48s
GPU内存使用:
  GPU 1 - 已分配: 0.29GB, 已保留: 3.70GB

============================================================
Epoch 64/100
============================================================
Epoch: 63 [0/391] Loss: 0.1747 | Acc: 96.88% | Time: 0.0331s | GPU Mem: 0.29GB/3.70GB
Epoch: 63 [100/391] Loss: 0.1841 | Acc: 93.99% | Time: 0.0229s | GPU Mem: 0.29GB/3.70GB
Epoch: 63 [200/391] Loss: 0.2630 | Acc: 93.70% | Time: 0.0229s | GPU Mem: 0.29GB/3.70GB
Epoch: 63 [300/391] Loss: 0.2336 | Acc: 93.55% | Time: 0.0229s | GPU Mem: 0.29GB/3.70GB

训练 - Loss: 0.2261, Acc: 93.17%
测试 - Loss: 1.0980, Acc: 73.08%
学习率: 0.010000, 时间: 19.48s
GPU内存使用:
  GPU 1 - 已分配: 0.29GB, 已保留: 3.70GB

============================================================
Epoch 65/100
============================================================
Epoch: 64 [0/391] Loss: 0.1483 | Acc: 96.09% | Time: 0.0268s | GPU Mem: 0.29GB/3.70GB
Epoch: 64 [100/391] Loss: 0.1507 | Acc: 94.34% | Time: 0.0228s | GPU Mem: 0.29GB/3.70GB
Epoch: 64 [200/391] Loss: 0.2168 | Acc: 94.17% | Time: 0.0360s | GPU Mem: 0.29GB/3.70GB
Epoch: 64 [300/391] Loss: 0.2138 | Acc: 93.67% | Time: 0.0262s | GPU Mem: 0.29GB/3.70GB

训练 - Loss: 0.2152, Acc: 93.41%
测试 - Loss: 1.1285, Acc: 72.24%
学习率: 0.010000, 时间: 19.51s
GPU内存使用:
  GPU 1 - 已分配: 0.29GB, 已保留: 3.70GB

============================================================
Epoch 66/100
============================================================
Epoch: 65 [0/391] Loss: 0.1736 | Acc: 94.53% | Time: 0.0331s | GPU Mem: 0.29GB/3.70GB
Epoch: 65 [100/391] Loss: 0.1519 | Acc: 94.62% | Time: 0.0216s | GPU Mem: 0.29GB/3.70GB
Epoch: 65 [200/391] Loss: 0.1889 | Acc: 94.39% | Time: 0.0304s | GPU Mem: 0.29GB/3.70GB
Epoch: 65 [300/391] Loss: 0.1694 | Acc: 94.02% | Time: 0.0275s | GPU Mem: 0.29GB/3.70GB

训练 - Loss: 0.2046, Acc: 93.81%
测试 - Loss: 1.1483, Acc: 72.36%
学习率: 0.010000, 时间: 19.50s
GPU内存使用:
  GPU 1 - 已分配: 0.29GB, 已保留: 3.70GB

============================================================
Epoch 67/100
============================================================
Epoch: 66 [0/391] Loss: 0.1506 | Acc: 95.31% | Time: 0.0301s | GPU Mem: 0.29GB/3.70GB
Epoch: 66 [100/391] Loss: 0.1481 | Acc: 95.01% | Time: 0.0224s | GPU Mem: 0.29GB/3.70GB
Epoch: 66 [200/391] Loss: 0.1617 | Acc: 94.81% | Time: 0.0233s | GPU Mem: 0.29GB/3.70GB
Epoch: 66 [300/391] Loss: 0.1899 | Acc: 94.38% | Time: 0.0245s | GPU Mem: 0.29GB/3.70GB

训练 - Loss: 0.1952, Acc: 94.14%
测试 - Loss: 1.1323, Acc: 72.47%
学习率: 0.010000, 时间: 19.46s
GPU内存使用:
  GPU 1 - 已分配: 0.29GB, 已保留: 3.70GB

============================================================
Epoch 68/100
============================================================
Epoch: 67 [0/391] Loss: 0.2135 | Acc: 92.97% | Time: 0.0274s | GPU Mem: 0.29GB/3.70GB
Epoch: 67 [100/391] Loss: 0.1747 | Acc: 94.65% | Time: 0.0236s | GPU Mem: 0.29GB/3.70GB
Epoch: 67 [200/391] Loss: 0.1889 | Acc: 94.36% | Time: 0.0215s | GPU Mem: 0.29GB/3.70GB
Epoch: 67 [300/391] Loss: 0.2315 | Acc: 94.32% | Time: 0.0226s | GPU Mem: 0.29GB/3.70GB

训练 - Loss: 0.1940, Acc: 94.16%
测试 - Loss: 1.1879, Acc: 71.86%
学习率: 0.010000, 时间: 19.50s
GPU内存使用:
  GPU 1 - 已分配: 0.29GB, 已保留: 3.70GB

============================================================
Epoch 69/100
============================================================
Epoch: 68 [0/391] Loss: 0.1836 | Acc: 93.75% | Time: 0.0331s | GPU Mem: 0.29GB/3.70GB
Epoch: 68 [100/391] Loss: 0.1290 | Acc: 94.71% | Time: 0.0229s | GPU Mem: 0.29GB/3.70GB
Epoch: 68 [200/391] Loss: 0.1198 | Acc: 94.61% | Time: 0.0215s | GPU Mem: 0.29GB/3.70GB
Epoch: 68 [300/391] Loss: 0.2072 | Acc: 94.31% | Time: 0.0228s | GPU Mem: 0.29GB/3.70GB

训练 - Loss: 0.1916, Acc: 94.14%
测试 - Loss: 1.2096, Acc: 71.87%
学习率: 0.010000, 时间: 19.48s
GPU内存使用:
  GPU 1 - 已分配: 0.29GB, 已保留: 3.70GB

============================================================
Epoch 70/100
============================================================
Epoch: 69 [0/391] Loss: 0.1821 | Acc: 96.09% | Time: 0.0297s | GPU Mem: 0.29GB/3.70GB
Epoch: 69 [100/391] Loss: 0.1399 | Acc: 94.83% | Time: 0.0276s | GPU Mem: 0.29GB/3.70GB
Epoch: 69 [200/391] Loss: 0.2060 | Acc: 94.80% | Time: 0.0223s | GPU Mem: 0.29GB/3.70GB
Epoch: 69 [300/391] Loss: 0.2509 | Acc: 94.24% | Time: 0.0279s | GPU Mem: 0.29GB/3.70GB

训练 - Loss: 0.1965, Acc: 94.02%
测试 - Loss: 1.1879, Acc: 72.04%
学习率: 0.010000, 时间: 19.45s
GPU内存使用:
  GPU 1 - 已分配: 0.29GB, 已保留: 3.70GB
保存checkpoint到: ./checkpoints/checkpoint_epoch_70.pth

============================================================
Epoch 71/100
============================================================
Epoch: 70 [0/391] Loss: 0.1565 | Acc: 96.88% | Time: 0.0307s | GPU Mem: 0.29GB/3.70GB
Epoch: 70 [100/391] Loss: 0.1241 | Acc: 95.24% | Time: 0.0224s | GPU Mem: 0.29GB/3.70GB
Epoch: 70 [200/391] Loss: 0.1902 | Acc: 95.06% | Time: 0.0239s | GPU Mem: 0.29GB/3.70GB
Epoch: 70 [300/391] Loss: 0.2315 | Acc: 94.68% | Time: 0.0236s | GPU Mem: 0.29GB/3.70GB

训练 - Loss: 0.1819, Acc: 94.45%
测试 - Loss: 1.1951, Acc: 71.63%
学习率: 0.010000, 时间: 19.50s
GPU内存使用:
  GPU 1 - 已分配: 0.29GB, 已保留: 3.70GB

============================================================
Epoch 72/100
============================================================
Epoch: 71 [0/391] Loss: 0.1389 | Acc: 98.44% | Time: 0.0279s | GPU Mem: 0.29GB/3.70GB
Epoch: 71 [100/391] Loss: 0.1885 | Acc: 95.45% | Time: 0.0231s | GPU Mem: 0.29GB/3.70GB
Epoch: 71 [200/391] Loss: 0.1639 | Acc: 94.92% | Time: 0.0218s | GPU Mem: 0.29GB/3.70GB
Epoch: 71 [300/391] Loss: 0.1996 | Acc: 94.62% | Time: 0.0234s | GPU Mem: 0.29GB/3.70GB

训练 - Loss: 0.1862, Acc: 94.40%
测试 - Loss: 1.2297, Acc: 71.72%
学习率: 0.010000, 时间: 19.46s
GPU内存使用:
  GPU 1 - 已分配: 0.29GB, 已保留: 3.70GB

============================================================
Epoch 73/100
============================================================
Epoch: 72 [0/391] Loss: 0.2308 | Acc: 94.53% | Time: 0.0264s | GPU Mem: 0.29GB/3.70GB
Epoch: 72 [100/391] Loss: 0.1474 | Acc: 95.19% | Time: 0.0224s | GPU Mem: 0.29GB/3.70GB
Epoch: 72 [200/391] Loss: 0.1870 | Acc: 95.11% | Time: 0.0367s | GPU Mem: 0.29GB/3.70GB
Epoch: 72 [300/391] Loss: 0.2101 | Acc: 94.68% | Time: 0.0217s | GPU Mem: 0.29GB/3.70GB

训练 - Loss: 0.1839, Acc: 94.42%
测试 - Loss: 1.2494, Acc: 70.64%
学习率: 0.010000, 时间: 19.48s
GPU内存使用:
  GPU 1 - 已分配: 0.29GB, 已保留: 3.70GB

============================================================
Epoch 74/100
============================================================
Epoch: 73 [0/391] Loss: 0.1266 | Acc: 96.88% | Time: 0.0304s | GPU Mem: 0.29GB/3.70GB
Epoch: 73 [100/391] Loss: 0.1753 | Acc: 95.27% | Time: 0.0227s | GPU Mem: 0.29GB/3.70GB
Epoch: 73 [200/391] Loss: 0.2718 | Acc: 95.06% | Time: 0.0243s | GPU Mem: 0.29GB/3.70GB
Epoch: 73 [300/391] Loss: 0.2435 | Acc: 94.81% | Time: 0.0225s | GPU Mem: 0.29GB/3.70GB

训练 - Loss: 0.1794, Acc: 94.62%
测试 - Loss: 1.2261, Acc: 70.99%
学习率: 0.010000, 时间: 19.53s
GPU内存使用:
  GPU 1 - 已分配: 0.29GB, 已保留: 3.70GB

============================================================
Epoch 75/100
============================================================
Epoch: 74 [0/391] Loss: 0.1280 | Acc: 96.88% | Time: 0.0323s | GPU Mem: 0.29GB/3.70GB
Epoch: 74 [100/391] Loss: 0.1404 | Acc: 95.42% | Time: 0.0305s | GPU Mem: 0.29GB/3.70GB
Epoch: 74 [200/391] Loss: 0.1911 | Acc: 95.34% | Time: 0.0277s | GPU Mem: 0.29GB/3.70GB
Epoch: 74 [300/391] Loss: 0.1447 | Acc: 95.12% | Time: 0.0216s | GPU Mem: 0.29GB/3.70GB

训练 - Loss: 0.1694, Acc: 94.87%
测试 - Loss: 1.2373, Acc: 71.72%
学习率: 0.010000, 时间: 19.45s
GPU内存使用:
  GPU 1 - 已分配: 0.29GB, 已保留: 3.70GB

============================================================
Epoch 76/100
============================================================
Epoch: 75 [0/391] Loss: 0.1696 | Acc: 96.88% | Time: 0.0312s | GPU Mem: 0.29GB/3.70GB
Epoch: 75 [100/391] Loss: 0.1368 | Acc: 95.33% | Time: 0.0241s | GPU Mem: 0.29GB/3.70GB
Epoch: 75 [200/391] Loss: 0.1241 | Acc: 95.10% | Time: 0.0225s | GPU Mem: 0.29GB/3.70GB
Epoch: 75 [300/391] Loss: 0.1505 | Acc: 94.60% | Time: 0.0238s | GPU Mem: 0.29GB/3.70GB

训练 - Loss: 0.1846, Acc: 94.39%
测试 - Loss: 1.3069, Acc: 70.53%
学习率: 0.010000, 时间: 19.50s
GPU内存使用:
  GPU 1 - 已分配: 0.29GB, 已保留: 3.70GB

============================================================
Epoch 77/100
============================================================
Epoch: 76 [0/391] Loss: 0.1386 | Acc: 96.09% | Time: 0.0327s | GPU Mem: 0.29GB/3.70GB
Epoch: 76 [100/391] Loss: 0.1624 | Acc: 94.96% | Time: 0.0216s | GPU Mem: 0.29GB/3.70GB
Epoch: 76 [200/391] Loss: 0.0917 | Acc: 95.09% | Time: 0.0232s | GPU Mem: 0.29GB/3.70GB
Epoch: 76 [300/391] Loss: 0.1737 | Acc: 94.94% | Time: 0.0291s | GPU Mem: 0.29GB/3.70GB

训练 - Loss: 0.1770, Acc: 94.73%
测试 - Loss: 1.2680, Acc: 70.39%
学习率: 0.010000, 时间: 19.48s
GPU内存使用:
  GPU 1 - 已分配: 0.29GB, 已保留: 3.70GB

============================================================
Epoch 78/100
============================================================
Epoch: 77 [0/391] Loss: 0.0934 | Acc: 98.44% | Time: 0.0289s | GPU Mem: 0.29GB/3.70GB
Epoch: 77 [100/391] Loss: 0.1426 | Acc: 95.48% | Time: 0.0255s | GPU Mem: 0.29GB/3.70GB
Epoch: 77 [200/391] Loss: 0.1774 | Acc: 95.08% | Time: 0.0240s | GPU Mem: 0.29GB/3.70GB
Epoch: 77 [300/391] Loss: 0.1695 | Acc: 94.82% | Time: 0.0186s | GPU Mem: 0.29GB/3.70GB

训练 - Loss: 0.1789, Acc: 94.51%
测试 - Loss: 1.3003, Acc: 70.17%
学习率: 0.010000, 时间: 19.49s
GPU内存使用:
  GPU 1 - 已分配: 0.29GB, 已保留: 3.70GB

============================================================
Epoch 79/100
============================================================
Epoch: 78 [0/391] Loss: 0.1753 | Acc: 93.75% | Time: 0.0250s | GPU Mem: 0.29GB/3.70GB
Epoch: 78 [100/391] Loss: 0.1857 | Acc: 95.46% | Time: 0.0251s | GPU Mem: 0.29GB/3.70GB
Epoch: 78 [200/391] Loss: 0.1937 | Acc: 95.37% | Time: 0.0346s | GPU Mem: 0.29GB/3.70GB
Epoch: 78 [300/391] Loss: 0.2951 | Acc: 94.84% | Time: 0.0216s | GPU Mem: 0.29GB/3.70GB

训练 - Loss: 0.1749, Acc: 94.64%
测试 - Loss: 1.2738, Acc: 71.04%
学习率: 0.010000, 时间: 19.44s
GPU内存使用:
  GPU 1 - 已分配: 0.29GB, 已保留: 3.70GB

============================================================
Epoch 80/100
============================================================
Epoch: 79 [0/391] Loss: 0.1285 | Acc: 94.53% | Time: 0.0335s | GPU Mem: 0.29GB/3.70GB
Epoch: 79 [100/391] Loss: 0.2267 | Acc: 95.68% | Time: 0.0239s | GPU Mem: 0.29GB/3.70GB
Epoch: 79 [200/391] Loss: 0.1587 | Acc: 95.33% | Time: 0.0230s | GPU Mem: 0.29GB/3.70GB
Epoch: 79 [300/391] Loss: 0.2081 | Acc: 94.93% | Time: 0.0286s | GPU Mem: 0.29GB/3.70GB

训练 - Loss: 0.1792, Acc: 94.62%
测试 - Loss: 1.2884, Acc: 70.89%
学习率: 0.010000, 时间: 19.47s
GPU内存使用:
  GPU 1 - 已分配: 0.29GB, 已保留: 3.70GB
保存checkpoint到: ./checkpoints/checkpoint_epoch_80.pth

============================================================
Epoch 81/100
============================================================
Epoch: 80 [0/391] Loss: 0.1254 | Acc: 96.09% | Time: 0.0353s | GPU Mem: 0.29GB/3.70GB
Epoch: 80 [100/391] Loss: 0.1211 | Acc: 95.95% | Time: 0.0310s | GPU Mem: 0.29GB/3.70GB
Epoch: 80 [200/391] Loss: 0.2301 | Acc: 95.58% | Time: 0.0229s | GPU Mem: 0.29GB/3.70GB
Epoch: 80 [300/391] Loss: 0.1622 | Acc: 95.24% | Time: 0.0254s | GPU Mem: 0.29GB/3.70GB

训练 - Loss: 0.1685, Acc: 94.87%
测试 - Loss: 1.2648, Acc: 70.46%
学习率: 0.010000, 时间: 19.49s
GPU内存使用:
  GPU 1 - 已分配: 0.29GB, 已保留: 3.70GB

============================================================
Epoch 82/100
============================================================
Epoch: 81 [0/391] Loss: 0.1090 | Acc: 97.66% | Time: 0.0289s | GPU Mem: 0.29GB/3.70GB
Epoch: 81 [100/391] Loss: 0.1317 | Acc: 95.50% | Time: 0.0230s | GPU Mem: 0.29GB/3.70GB
Epoch: 81 [200/391] Loss: 0.1466 | Acc: 95.25% | Time: 0.0400s | GPU Mem: 0.29GB/3.70GB
Epoch: 81 [300/391] Loss: 0.2207 | Acc: 95.05% | Time: 0.0291s | GPU Mem: 0.29GB/3.70GB

训练 - Loss: 0.1789, Acc: 94.61%
测试 - Loss: 1.3484, Acc: 69.28%
学习率: 0.010000, 时间: 19.58s
GPU内存使用:
  GPU 1 - 已分配: 0.29GB, 已保留: 3.70GB

============================================================
Epoch 83/100
============================================================
Epoch: 82 [0/391] Loss: 0.1926 | Acc: 92.97% | Time: 0.0268s | GPU Mem: 0.29GB/3.70GB
Epoch: 82 [100/391] Loss: 0.1183 | Acc: 95.24% | Time: 0.0220s | GPU Mem: 0.29GB/3.70GB
Epoch: 82 [200/391] Loss: 0.1774 | Acc: 95.15% | Time: 0.0216s | GPU Mem: 0.29GB/3.70GB
Epoch: 82 [300/391] Loss: 0.1760 | Acc: 94.93% | Time: 0.0261s | GPU Mem: 0.29GB/3.70GB

训练 - Loss: 0.1781, Acc: 94.64%
测试 - Loss: 1.3013, Acc: 70.13%
学习率: 0.010000, 时间: 19.44s
GPU内存使用:
  GPU 1 - 已分配: 0.29GB, 已保留: 3.70GB

============================================================
Epoch 84/100
============================================================
Epoch: 83 [0/391] Loss: 0.0772 | Acc: 98.44% | Time: 0.0302s | GPU Mem: 0.29GB/3.70GB
Epoch: 83 [100/391] Loss: 0.1601 | Acc: 94.98% | Time: 0.0224s | GPU Mem: 0.29GB/3.70GB
Epoch: 83 [200/391] Loss: 0.2395 | Acc: 94.98% | Time: 0.0224s | GPU Mem: 0.29GB/3.70GB
Epoch: 83 [300/391] Loss: 0.1909 | Acc: 94.85% | Time: 0.0290s | GPU Mem: 0.29GB/3.70GB

训练 - Loss: 0.1780, Acc: 94.64%
测试 - Loss: 1.3372, Acc: 69.57%
学习率: 0.010000, 时间: 19.51s
GPU内存使用:
  GPU 1 - 已分配: 0.29GB, 已保留: 3.70GB

============================================================
Epoch 85/100
============================================================
Epoch: 84 [0/391] Loss: 0.1442 | Acc: 95.31% | Time: 0.0306s | GPU Mem: 0.29GB/3.70GB
Epoch: 84 [100/391] Loss: 0.1348 | Acc: 95.16% | Time: 0.0235s | GPU Mem: 0.29GB/3.70GB
Epoch: 84 [200/391] Loss: 0.2746 | Acc: 95.08% | Time: 0.0235s | GPU Mem: 0.29GB/3.70GB
Epoch: 84 [300/391] Loss: 0.1663 | Acc: 94.89% | Time: 0.0293s | GPU Mem: 0.29GB/3.70GB

训练 - Loss: 0.1752, Acc: 94.63%
测试 - Loss: 1.2808, Acc: 70.37%
学习率: 0.010000, 时间: 19.48s
GPU内存使用:
  GPU 1 - 已分配: 0.29GB, 已保留: 3.70GB

============================================================
Epoch 86/100
============================================================
Epoch: 85 [0/391] Loss: 0.1737 | Acc: 94.53% | Time: 0.0290s | GPU Mem: 0.29GB/3.70GB
Epoch: 85 [100/391] Loss: 0.2001 | Acc: 95.97% | Time: 0.0193s | GPU Mem: 0.29GB/3.70GB
Epoch: 85 [200/391] Loss: 0.1754 | Acc: 95.36% | Time: 0.0301s | GPU Mem: 0.29GB/3.70GB
Epoch: 85 [300/391] Loss: 0.1305 | Acc: 95.07% | Time: 0.0288s | GPU Mem: 0.29GB/3.70GB

训练 - Loss: 0.1713, Acc: 94.80%
测试 - Loss: 1.3543, Acc: 68.54%
学习率: 0.010000, 时间: 19.47s
GPU内存使用:
  GPU 1 - 已分配: 0.29GB, 已保留: 3.70GB

============================================================
Epoch 87/100
============================================================
Epoch: 86 [0/391] Loss: 0.1287 | Acc: 97.66% | Time: 0.0361s | GPU Mem: 0.29GB/3.70GB
Epoch: 86 [100/391] Loss: 0.1512 | Acc: 95.57% | Time: 0.0240s | GPU Mem: 0.29GB/3.70GB
Epoch: 86 [200/391] Loss: 0.1415 | Acc: 95.40% | Time: 0.0256s | GPU Mem: 0.29GB/3.70GB
Epoch: 86 [300/391] Loss: 0.1537 | Acc: 95.20% | Time: 0.0280s | GPU Mem: 0.29GB/3.70GB

训练 - Loss: 0.1716, Acc: 94.89%
测试 - Loss: 1.3389, Acc: 69.74%
学习率: 0.010000, 时间: 19.52s
GPU内存使用:
  GPU 1 - 已分配: 0.29GB, 已保留: 3.70GB

============================================================
Epoch 88/100
============================================================
Epoch: 87 [0/391] Loss: 0.1757 | Acc: 92.19% | Time: 0.0260s | GPU Mem: 0.29GB/3.70GB
Epoch: 87 [100/391] Loss: 0.1944 | Acc: 95.71% | Time: 0.0278s | GPU Mem: 0.29GB/3.70GB
Epoch: 87 [200/391] Loss: 0.1563 | Acc: 95.26% | Time: 0.0221s | GPU Mem: 0.29GB/3.70GB
Epoch: 87 [300/391] Loss: 0.2613 | Acc: 94.94% | Time: 0.0289s | GPU Mem: 0.29GB/3.70GB

训练 - Loss: 0.1756, Acc: 94.67%
测试 - Loss: 1.3631, Acc: 69.03%
学习率: 0.010000, 时间: 19.46s
GPU内存使用:
  GPU 1 - 已分配: 0.29GB, 已保留: 3.70GB

============================================================
Epoch 89/100
============================================================
Epoch: 88 [0/391] Loss: 0.1725 | Acc: 94.53% | Time: 0.0290s | GPU Mem: 0.29GB/3.70GB
Epoch: 88 [100/391] Loss: 0.1079 | Acc: 95.15% | Time: 0.0314s | GPU Mem: 0.29GB/3.70GB
Epoch: 88 [200/391] Loss: 0.1387 | Acc: 94.91% | Time: 0.0218s | GPU Mem: 0.29GB/3.70GB
Epoch: 88 [300/391] Loss: 0.2580 | Acc: 94.65% | Time: 0.0226s | GPU Mem: 0.29GB/3.70GB

训练 - Loss: 0.1826, Acc: 94.47%
测试 - Loss: 1.3744, Acc: 69.07%
学习率: 0.010000, 时间: 19.51s
GPU内存使用:
  GPU 1 - 已分配: 0.29GB, 已保留: 3.70GB

============================================================
Epoch 90/100
============================================================
Epoch: 89 [0/391] Loss: 0.1744 | Acc: 93.75% | Time: 0.0237s | GPU Mem: 0.29GB/3.70GB
Epoch: 89 [100/391] Loss: 0.0696 | Acc: 95.27% | Time: 0.0287s | GPU Mem: 0.29GB/3.70GB
Epoch: 89 [200/391] Loss: 0.1726 | Acc: 95.18% | Time: 0.0238s | GPU Mem: 0.29GB/3.70GB
Epoch: 89 [300/391] Loss: 0.1840 | Acc: 94.96% | Time: 0.0234s | GPU Mem: 0.29GB/3.70GB

训练 - Loss: 0.1780, Acc: 94.63%
测试 - Loss: 1.2937, Acc: 70.12%
学习率: 0.010000, 时间: 19.52s
GPU内存使用:
  GPU 1 - 已分配: 0.29GB, 已保留: 3.70GB
保存checkpoint到: ./checkpoints/checkpoint_epoch_90.pth

============================================================
Epoch 91/100
============================================================
Epoch: 90 [0/391] Loss: 0.1617 | Acc: 94.53% | Time: 0.0304s | GPU Mem: 0.29GB/3.70GB
Epoch: 90 [100/391] Loss: 0.1443 | Acc: 95.14% | Time: 0.0212s | GPU Mem: 0.29GB/3.70GB
Epoch: 90 [200/391] Loss: 0.1472 | Acc: 95.04% | Time: 0.0231s | GPU Mem: 0.29GB/3.70GB
Epoch: 90 [300/391] Loss: 0.1539 | Acc: 94.71% | Time: 0.0232s | GPU Mem: 0.29GB/3.70GB

训练 - Loss: 0.1785, Acc: 94.49%
测试 - Loss: 1.3285, Acc: 69.70%
学习率: 0.010000, 时间: 19.41s
GPU内存使用:
  GPU 1 - 已分配: 0.29GB, 已保留: 3.70GB

============================================================
Epoch 92/100
============================================================
Epoch: 91 [0/391] Loss: 0.1243 | Acc: 98.44% | Time: 0.0246s | GPU Mem: 0.29GB/3.70GB
Epoch: 91 [100/391] Loss: 0.1493 | Acc: 94.84% | Time: 0.0223s | GPU Mem: 0.29GB/3.70GB
Epoch: 91 [200/391] Loss: 0.1303 | Acc: 94.90% | Time: 0.0231s | GPU Mem: 0.29GB/3.70GB
Epoch: 91 [300/391] Loss: 0.1186 | Acc: 94.70% | Time: 0.0219s | GPU Mem: 0.29GB/3.70GB

训练 - Loss: 0.1784, Acc: 94.58%
测试 - Loss: 1.3442, Acc: 69.44%
学习率: 0.010000, 时间: 19.46s
GPU内存使用:
  GPU 1 - 已分配: 0.29GB, 已保留: 3.70GB

============================================================
Epoch 93/100
============================================================
Epoch: 92 [0/391] Loss: 0.1803 | Acc: 96.88% | Time: 0.0366s | GPU Mem: 0.29GB/3.70GB
Epoch: 92 [100/391] Loss: 0.2109 | Acc: 95.83% | Time: 0.0234s | GPU Mem: 0.29GB/3.70GB
Epoch: 92 [200/391] Loss: 0.1555 | Acc: 95.81% | Time: 0.0232s | GPU Mem: 0.29GB/3.70GB
Epoch: 92 [300/391] Loss: 0.1884 | Acc: 95.29% | Time: 0.0233s | GPU Mem: 0.29GB/3.70GB

训练 - Loss: 0.1702, Acc: 94.87%
测试 - Loss: 1.4157, Acc: 68.63%
学习率: 0.010000, 时间: 19.53s
GPU内存使用:
  GPU 1 - 已分配: 0.29GB, 已保留: 3.70GB

============================================================
Epoch 94/100
============================================================
Epoch: 93 [0/391] Loss: 0.1262 | Acc: 96.88% | Time: 0.0335s | GPU Mem: 0.29GB/3.70GB
Epoch: 93 [100/391] Loss: 0.0971 | Acc: 95.06% | Time: 0.0218s | GPU Mem: 0.29GB/3.70GB
Epoch: 93 [200/391] Loss: 0.1442 | Acc: 94.77% | Time: 0.0230s | GPU Mem: 0.29GB/3.70GB
Epoch: 93 [300/391] Loss: 0.1996 | Acc: 94.34% | Time: 0.0240s | GPU Mem: 0.29GB/3.70GB

训练 - Loss: 0.1900, Acc: 94.12%
测试 - Loss: 1.3133, Acc: 69.77%
学习率: 0.010000, 时间: 19.45s
GPU内存使用:
  GPU 1 - 已分配: 0.29GB, 已保留: 3.70GB

============================================================
Epoch 95/100
============================================================
Epoch: 94 [0/391] Loss: 0.2383 | Acc: 92.97% | Time: 0.0330s | GPU Mem: 0.29GB/3.70GB
Epoch: 94 [100/391] Loss: 0.1934 | Acc: 95.18% | Time: 0.0215s | GPU Mem: 0.29GB/3.70GB
Epoch: 94 [200/391] Loss: 0.1327 | Acc: 95.26% | Time: 0.0220s | GPU Mem: 0.29GB/3.70GB
Epoch: 94 [300/391] Loss: 0.1549 | Acc: 95.04% | Time: 0.0314s | GPU Mem: 0.29GB/3.70GB

训练 - Loss: 0.1745, Acc: 94.79%
测试 - Loss: 1.4243, Acc: 68.32%
学习率: 0.010000, 时间: 19.45s
GPU内存使用:
  GPU 1 - 已分配: 0.29GB, 已保留: 3.70GB

============================================================
Epoch 96/100
============================================================
Epoch: 95 [0/391] Loss: 0.1552 | Acc: 93.75% | Time: 0.0257s | GPU Mem: 0.29GB/3.70GB
Epoch: 95 [100/391] Loss: 0.1594 | Acc: 95.50% | Time: 0.0233s | GPU Mem: 0.29GB/3.70GB
Epoch: 95 [200/391] Loss: 0.1828 | Acc: 95.24% | Time: 0.0266s | GPU Mem: 0.29GB/3.70GB
Epoch: 95 [300/391] Loss: 0.1422 | Acc: 94.93% | Time: 0.0230s | GPU Mem: 0.29GB/3.70GB

训练 - Loss: 0.1740, Acc: 94.74%
测试 - Loss: 1.3908, Acc: 68.75%
学习率: 0.010000, 时间: 19.51s
GPU内存使用:
  GPU 1 - 已分配: 0.29GB, 已保留: 3.70GB

============================================================
Epoch 97/100
============================================================
Epoch: 96 [0/391] Loss: 0.1538 | Acc: 94.53% | Time: 0.0344s | GPU Mem: 0.29GB/3.70GB
Epoch: 96 [100/391] Loss: 0.1685 | Acc: 95.54% | Time: 0.0271s | GPU Mem: 0.29GB/3.70GB
Epoch: 96 [200/391] Loss: 0.0681 | Acc: 95.49% | Time: 0.0287s | GPU Mem: 0.29GB/3.70GB
Epoch: 96 [300/391] Loss: 0.1792 | Acc: 95.29% | Time: 0.0241s | GPU Mem: 0.29GB/3.70GB

训练 - Loss: 0.1619, Acc: 95.15%
测试 - Loss: 1.3300, Acc: 70.42%
学习率: 0.010000, 时间: 19.46s
GPU内存使用:
  GPU 1 - 已分配: 0.29GB, 已保留: 3.70GB

============================================================
Epoch 98/100
============================================================
Epoch: 97 [0/391] Loss: 0.1158 | Acc: 96.88% | Time: 0.0277s | GPU Mem: 0.29GB/3.70GB
Epoch: 97 [100/391] Loss: 0.1050 | Acc: 95.84% | Time: 0.0228s | GPU Mem: 0.29GB/3.70GB
Epoch: 97 [200/391] Loss: 0.1165 | Acc: 95.69% | Time: 0.0229s | GPU Mem: 0.29GB/3.70GB
Epoch: 97 [300/391] Loss: 0.2271 | Acc: 95.41% | Time: 0.0270s | GPU Mem: 0.29GB/3.70GB

训练 - Loss: 0.1636, Acc: 95.11%
测试 - Loss: 1.3588, Acc: 69.28%
学习率: 0.010000, 时间: 19.45s
GPU内存使用:
  GPU 1 - 已分配: 0.29GB, 已保留: 3.70GB

============================================================
Epoch 99/100
============================================================
Epoch: 98 [0/391] Loss: 0.1280 | Acc: 96.09% | Time: 0.0336s | GPU Mem: 0.29GB/3.70GB
Epoch: 98 [100/391] Loss: 0.1625 | Acc: 95.30% | Time: 0.0226s | GPU Mem: 0.29GB/3.70GB
Epoch: 98 [200/391] Loss: 0.1577 | Acc: 95.09% | Time: 0.0227s | GPU Mem: 0.29GB/3.70GB
Epoch: 98 [300/391] Loss: 0.1873 | Acc: 94.85% | Time: 0.0218s | GPU Mem: 0.29GB/3.70GB

训练 - Loss: 0.1731, Acc: 94.78%
测试 - Loss: 1.3642, Acc: 69.27%
学习率: 0.010000, 时间: 19.48s
GPU内存使用:
  GPU 1 - 已分配: 0.29GB, 已保留: 3.70GB

============================================================
Epoch 100/100
============================================================
Epoch: 99 [0/391] Loss: 0.1219 | Acc: 96.88% | Time: 0.0389s | GPU Mem: 0.29GB/3.70GB
Epoch: 99 [100/391] Loss: 0.1254 | Acc: 95.59% | Time: 0.0218s | GPU Mem: 0.29GB/3.70GB
Epoch: 99 [200/391] Loss: 0.1598 | Acc: 95.32% | Time: 0.0260s | GPU Mem: 0.29GB/3.70GB
Epoch: 99 [300/391] Loss: 0.2225 | Acc: 94.99% | Time: 0.0258s | GPU Mem: 0.29GB/3.70GB

训练 - Loss: 0.1801, Acc: 94.63%
测试 - Loss: 1.3352, Acc: 69.09%
学习率: 0.001000, 时间: 19.46s
GPU内存使用:
  GPU 1 - 已分配: 0.29GB, 已保留: 3.70GB
保存checkpoint到: ./checkpoints/checkpoint_epoch_100.pth

============================================================
训练完成!
============================================================
总时间: 2133.79秒 (35.56分钟)
平均每epoch: 21.34秒
最佳测试准确率: 73.70%
保存最终模型到: ./experiments/group_3_dataloader_optimization_across_training_modes/checkpoints/single_resnet50_bs128_gpu1_nw4_chunks0.pth

训练完成!
