====================================================================================================
Experiment: single_resnet50_bs128_gpu1_nw2_chunks0
Parameters: {
  "mode": "single",
  "model": "resnet50",
  "batch_size": 128,
  "epochs": 100,
  "dataset": "cifar100",
  "gpu_ids": [
    1
  ],
  "num_workers": 2,
  "prefetch_factor": 1,
  "chunks": 0,
  "num_gpus": 1
}
Command: python -u main.py --mode single --model resnet50 --batch-size 128 --epochs 100 --dataset cifar100 --gpu-ids 1 --num-workers 2 --prefetch-factor 1 --chunks 0 --final-checkpoint-path ./experiments/group_3_dataloader_optimization_across_training_modes/checkpoints/single_resnet50_bs128_gpu1_nw2_chunks0.pth
Start Time: 2025-12-10T05:02:00.445819
====================================================================================================

================================================================================
训练配置:
================================================================================
  mode                     : single
  gpu_ids                  : [1]
  num_gpus                 : 1
  num_workers              : 2
  prefetch_factor          : 1
  pin_memory               : True
  persistent_workers       : True
  batch_size               : 128
  epochs                   : 100
  lr                       : 0.1
  momentum                 : 0.9
  weight_decay             : 0.0005
  lr_schedule              : step
  lr_step_size             : 50
  lr_gamma                 : 0.1
  dataset                  : cifar100
  data_root                : ./data
  num_classes              : 100
  model                    : resnet50
  save_dir                 : ./checkpoints
  log_interval             : 100
  save_interval            : 10
  final_checkpoint_path    : ./experiments/group_3_dataloader_optimization_across_training_modes/checkpoints/single_resnet50_bs128_gpu1_nw2_chunks0.pth
  seed                     : 42
  resume                   : None
  evaluate                 : False
  dist_backend             : nccl
  dist_url                 : env://
  effective_batch_size     : 128
  chunks                   : 0
================================================================================

可用GPU数量: 7
  GPU 1: NVIDIA GeForce RTX 4090

使用训练模式: SINGLE

初始化单GPU训练器...
使用设备: cuda:1

开始训练 100 个epochs...
Batch size: 128
学习率: 0.1

============================================================
Epoch 1/100
============================================================
Epoch: 0 [0/391] Loss: 4.8530 | Acc: 0.00% | Time: 0.6442s | GPU Mem: 0.29GB/3.70GB
Epoch: 0 [100/391] Loss: 4.6728 | Acc: 1.21% | Time: 0.0237s | GPU Mem: 0.29GB/3.70GB
Epoch: 0 [200/391] Loss: 4.6592 | Acc: 1.27% | Time: 0.0283s | GPU Mem: 0.29GB/3.70GB
Epoch: 0 [300/391] Loss: 4.4759 | Acc: 1.44% | Time: 0.0234s | GPU Mem: 0.29GB/3.70GB

训练 - Loss: 4.9709, Acc: 1.64%
测试 - Loss: 4.4905, Acc: 2.65%
学习率: 0.100000, 时间: 20.40s
GPU内存使用:
  GPU 1 - 已分配: 0.29GB, 已保留: 3.70GB
最佳准确率更新: 0.00% -> 2.65%
保存最佳模型到: ./checkpoints/best_model.pth

============================================================
Epoch 2/100
============================================================
Epoch: 1 [0/391] Loss: 4.4842 | Acc: 3.12% | Time: 0.0281s | GPU Mem: 0.29GB/3.70GB
Epoch: 1 [100/391] Loss: 4.4808 | Acc: 2.64% | Time: 0.0224s | GPU Mem: 0.29GB/3.70GB
Epoch: 1 [200/391] Loss: 4.3212 | Acc: 2.78% | Time: 0.0232s | GPU Mem: 0.29GB/3.70GB
Epoch: 1 [300/391] Loss: 4.1288 | Acc: 3.32% | Time: 0.0281s | GPU Mem: 0.29GB/3.70GB

训练 - Loss: 4.3275, Acc: 3.65%
测试 - Loss: 4.1049, Acc: 5.81%
学习率: 0.100000, 时间: 19.56s
GPU内存使用:
  GPU 1 - 已分配: 0.29GB, 已保留: 3.70GB
最佳准确率更新: 2.65% -> 5.81%
保存最佳模型到: ./checkpoints/best_model.pth

============================================================
Epoch 3/100
============================================================
Epoch: 2 [0/391] Loss: 4.1724 | Acc: 5.47% | Time: 0.0334s | GPU Mem: 0.29GB/3.70GB
Epoch: 2 [100/391] Loss: 4.1113 | Acc: 6.22% | Time: 0.0298s | GPU Mem: 0.29GB/3.70GB
Epoch: 2 [200/391] Loss: 3.8542 | Acc: 6.64% | Time: 0.0283s | GPU Mem: 0.29GB/3.70GB
Epoch: 2 [300/391] Loss: 3.7757 | Acc: 7.05% | Time: 0.0233s | GPU Mem: 0.29GB/3.70GB

训练 - Loss: 3.9817, Acc: 7.53%
测试 - Loss: 3.8773, Acc: 9.44%
学习率: 0.100000, 时间: 19.57s
GPU内存使用:
  GPU 1 - 已分配: 0.29GB, 已保留: 3.70GB
最佳准确率更新: 5.81% -> 9.44%
保存最佳模型到: ./checkpoints/best_model.pth

============================================================
Epoch 4/100
============================================================
Epoch: 3 [0/391] Loss: 3.7805 | Acc: 10.16% | Time: 0.0346s | GPU Mem: 0.29GB/3.70GB
Epoch: 3 [100/391] Loss: 3.6407 | Acc: 10.00% | Time: 0.0244s | GPU Mem: 0.29GB/3.70GB
Epoch: 3 [200/391] Loss: 3.9242 | Acc: 10.48% | Time: 0.0224s | GPU Mem: 0.29GB/3.70GB
Epoch: 3 [300/391] Loss: 3.7778 | Acc: 11.16% | Time: 0.0196s | GPU Mem: 0.29GB/3.70GB

训练 - Loss: 3.7278, Acc: 11.62%
测试 - Loss: 3.5945, Acc: 14.14%
学习率: 0.100000, 时间: 19.54s
GPU内存使用:
  GPU 1 - 已分配: 0.29GB, 已保留: 3.70GB
最佳准确率更新: 9.44% -> 14.14%
保存最佳模型到: ./checkpoints/best_model.pth

============================================================
Epoch 5/100
============================================================
Epoch: 4 [0/391] Loss: 3.4771 | Acc: 14.06% | Time: 0.0354s | GPU Mem: 0.29GB/3.70GB
Epoch: 4 [100/391] Loss: 3.4630 | Acc: 14.26% | Time: 0.0195s | GPU Mem: 0.29GB/3.70GB
Epoch: 4 [200/391] Loss: 3.2333 | Acc: 14.70% | Time: 0.0297s | GPU Mem: 0.29GB/3.70GB
Epoch: 4 [300/391] Loss: 3.2275 | Acc: 15.19% | Time: 0.0243s | GPU Mem: 0.29GB/3.70GB

训练 - Loss: 3.4858, Acc: 15.65%
测试 - Loss: 3.4605, Acc: 17.09%
学习率: 0.100000, 时间: 19.53s
GPU内存使用:
  GPU 1 - 已分配: 0.29GB, 已保留: 3.70GB
最佳准确率更新: 14.14% -> 17.09%
保存最佳模型到: ./checkpoints/best_model.pth

============================================================
Epoch 6/100
============================================================
Epoch: 5 [0/391] Loss: 3.1547 | Acc: 21.09% | Time: 0.0359s | GPU Mem: 0.29GB/3.70GB
Epoch: 5 [100/391] Loss: 3.1521 | Acc: 18.98% | Time: 0.0219s | GPU Mem: 0.29GB/3.70GB
Epoch: 5 [200/391] Loss: 3.2380 | Acc: 19.79% | Time: 0.0217s | GPU Mem: 0.29GB/3.70GB
Epoch: 5 [300/391] Loss: 3.1392 | Acc: 19.93% | Time: 0.0239s | GPU Mem: 0.29GB/3.70GB

训练 - Loss: 3.2281, Acc: 20.42%
测试 - Loss: 3.0700, Acc: 23.60%
学习率: 0.100000, 时间: 19.50s
GPU内存使用:
  GPU 1 - 已分配: 0.29GB, 已保留: 3.70GB
最佳准确率更新: 17.09% -> 23.60%
保存最佳模型到: ./checkpoints/best_model.pth

============================================================
Epoch 7/100
============================================================
Epoch: 6 [0/391] Loss: 3.0782 | Acc: 23.44% | Time: 0.0331s | GPU Mem: 0.29GB/3.70GB
Epoch: 6 [100/391] Loss: 3.0784 | Acc: 23.86% | Time: 0.0293s | GPU Mem: 0.29GB/3.70GB
Epoch: 6 [200/391] Loss: 2.8830 | Acc: 24.62% | Time: 0.0275s | GPU Mem: 0.29GB/3.70GB
Epoch: 6 [300/391] Loss: 2.8956 | Acc: 25.13% | Time: 0.0214s | GPU Mem: 0.29GB/3.70GB

训练 - Loss: 2.9751, Acc: 25.51%
测试 - Loss: 2.9888, Acc: 25.77%
学习率: 0.100000, 时间: 19.53s
GPU内存使用:
  GPU 1 - 已分配: 0.29GB, 已保留: 3.70GB
最佳准确率更新: 23.60% -> 25.77%
保存最佳模型到: ./checkpoints/best_model.pth

============================================================
Epoch 8/100
============================================================
Epoch: 7 [0/391] Loss: 2.9534 | Acc: 25.78% | Time: 0.0344s | GPU Mem: 0.29GB/3.70GB
Epoch: 7 [100/391] Loss: 2.6776 | Acc: 28.02% | Time: 0.0215s | GPU Mem: 0.29GB/3.70GB
Epoch: 7 [200/391] Loss: 2.9000 | Acc: 28.40% | Time: 0.0250s | GPU Mem: 0.29GB/3.70GB
Epoch: 7 [300/391] Loss: 2.8226 | Acc: 28.91% | Time: 0.0222s | GPU Mem: 0.29GB/3.70GB

训练 - Loss: 2.7545, Acc: 29.41%
测试 - Loss: 2.7838, Acc: 29.85%
学习率: 0.100000, 时间: 19.48s
GPU内存使用:
  GPU 1 - 已分配: 0.29GB, 已保留: 3.70GB
最佳准确率更新: 25.77% -> 29.85%
保存最佳模型到: ./checkpoints/best_model.pth

============================================================
Epoch 9/100
============================================================
Epoch: 8 [0/391] Loss: 2.6440 | Acc: 29.69% | Time: 0.0316s | GPU Mem: 0.29GB/3.70GB
Epoch: 8 [100/391] Loss: 2.4383 | Acc: 32.52% | Time: 0.0226s | GPU Mem: 0.29GB/3.70GB
Epoch: 8 [200/391] Loss: 2.5652 | Acc: 33.15% | Time: 0.0223s | GPU Mem: 0.29GB/3.70GB
Epoch: 8 [300/391] Loss: 2.5107 | Acc: 33.63% | Time: 0.0213s | GPU Mem: 0.29GB/3.70GB

训练 - Loss: 2.5367, Acc: 33.90%
测试 - Loss: 2.6553, Acc: 32.62%
学习率: 0.100000, 时间: 19.52s
GPU内存使用:
  GPU 1 - 已分配: 0.29GB, 已保留: 3.70GB
最佳准确率更新: 29.85% -> 32.62%
保存最佳模型到: ./checkpoints/best_model.pth

============================================================
Epoch 10/100
============================================================
Epoch: 9 [0/391] Loss: 2.4870 | Acc: 37.50% | Time: 0.0328s | GPU Mem: 0.29GB/3.70GB
Epoch: 9 [100/391] Loss: 2.3584 | Acc: 36.97% | Time: 0.0240s | GPU Mem: 0.29GB/3.70GB
Epoch: 9 [200/391] Loss: 2.3795 | Acc: 37.42% | Time: 0.0256s | GPU Mem: 0.29GB/3.70GB
Epoch: 9 [300/391] Loss: 2.4787 | Acc: 37.61% | Time: 0.0269s | GPU Mem: 0.29GB/3.70GB

训练 - Loss: 2.3583, Acc: 37.80%
测试 - Loss: 4.2501, Acc: 34.45%
学习率: 0.100000, 时间: 19.53s
GPU内存使用:
  GPU 1 - 已分配: 0.29GB, 已保留: 3.70GB
最佳准确率更新: 32.62% -> 34.45%
保存最佳模型到: ./checkpoints/best_model.pth
保存checkpoint到: ./checkpoints/checkpoint_epoch_10.pth

============================================================
Epoch 11/100
============================================================
Epoch: 10 [0/391] Loss: 2.0460 | Acc: 47.66% | Time: 0.0368s | GPU Mem: 0.29GB/3.70GB
Epoch: 10 [100/391] Loss: 2.2109 | Acc: 40.62% | Time: 0.0280s | GPU Mem: 0.29GB/3.70GB
Epoch: 10 [200/391] Loss: 2.1106 | Acc: 40.61% | Time: 0.0275s | GPU Mem: 0.29GB/3.70GB
Epoch: 10 [300/391] Loss: 2.2691 | Acc: 40.54% | Time: 0.0289s | GPU Mem: 0.29GB/3.70GB

训练 - Loss: 2.2278, Acc: 40.67%
测试 - Loss: 2.4651, Acc: 36.96%
学习率: 0.100000, 时间: 19.48s
GPU内存使用:
  GPU 1 - 已分配: 0.29GB, 已保留: 3.70GB
最佳准确率更新: 34.45% -> 36.96%
保存最佳模型到: ./checkpoints/best_model.pth

============================================================
Epoch 12/100
============================================================
Epoch: 11 [0/391] Loss: 1.9687 | Acc: 46.09% | Time: 0.0325s | GPU Mem: 0.29GB/3.70GB
Epoch: 11 [100/391] Loss: 2.0861 | Acc: 43.41% | Time: 0.0276s | GPU Mem: 0.29GB/3.70GB
Epoch: 11 [200/391] Loss: 2.0651 | Acc: 43.19% | Time: 0.0297s | GPU Mem: 0.29GB/3.70GB
Epoch: 11 [300/391] Loss: 2.1394 | Acc: 43.45% | Time: 0.0231s | GPU Mem: 0.29GB/3.70GB

训练 - Loss: 2.1160, Acc: 43.25%
测试 - Loss: 2.3059, Acc: 39.57%
学习率: 0.100000, 时间: 19.55s
GPU内存使用:
  GPU 1 - 已分配: 0.29GB, 已保留: 3.70GB
最佳准确率更新: 36.96% -> 39.57%
保存最佳模型到: ./checkpoints/best_model.pth

============================================================
Epoch 13/100
============================================================
Epoch: 12 [0/391] Loss: 2.1032 | Acc: 44.53% | Time: 0.0293s | GPU Mem: 0.29GB/3.70GB
Epoch: 12 [100/391] Loss: 2.0260 | Acc: 45.36% | Time: 0.0247s | GPU Mem: 0.29GB/3.70GB
Epoch: 12 [200/391] Loss: 1.9542 | Acc: 44.68% | Time: 0.0221s | GPU Mem: 0.29GB/3.70GB
Epoch: 12 [300/391] Loss: 1.8822 | Acc: 45.13% | Time: 0.0231s | GPU Mem: 0.29GB/3.70GB

训练 - Loss: 2.0185, Acc: 45.11%
测试 - Loss: 2.2530, Acc: 40.70%
学习率: 0.100000, 时间: 19.50s
GPU内存使用:
  GPU 1 - 已分配: 0.29GB, 已保留: 3.70GB
最佳准确率更新: 39.57% -> 40.70%
保存最佳模型到: ./checkpoints/best_model.pth

============================================================
Epoch 14/100
============================================================
Epoch: 13 [0/391] Loss: 2.0595 | Acc: 42.97% | Time: 0.0374s | GPU Mem: 0.29GB/3.70GB
Epoch: 13 [100/391] Loss: 1.9507 | Acc: 47.59% | Time: 0.0278s | GPU Mem: 0.29GB/3.70GB
Epoch: 13 [200/391] Loss: 1.9299 | Acc: 46.70% | Time: 0.0236s | GPU Mem: 0.29GB/3.70GB
Epoch: 13 [300/391] Loss: 1.7946 | Acc: 46.71% | Time: 0.0246s | GPU Mem: 0.29GB/3.70GB

训练 - Loss: 1.9281, Acc: 47.01%
测试 - Loss: 2.1051, Acc: 44.28%
学习率: 0.100000, 时间: 19.52s
GPU内存使用:
  GPU 1 - 已分配: 0.29GB, 已保留: 3.70GB
最佳准确率更新: 40.70% -> 44.28%
保存最佳模型到: ./checkpoints/best_model.pth

============================================================
Epoch 15/100
============================================================
Epoch: 14 [0/391] Loss: 1.8748 | Acc: 50.00% | Time: 0.0335s | GPU Mem: 0.29GB/3.70GB
Epoch: 14 [100/391] Loss: 1.8423 | Acc: 49.43% | Time: 0.0288s | GPU Mem: 0.29GB/3.70GB
Epoch: 14 [200/391] Loss: 2.1013 | Acc: 49.56% | Time: 0.0218s | GPU Mem: 0.29GB/3.70GB
Epoch: 14 [300/391] Loss: 2.0510 | Acc: 49.35% | Time: 0.0283s | GPU Mem: 0.29GB/3.70GB

训练 - Loss: 1.8350, Acc: 49.45%
测试 - Loss: 2.0801, Acc: 45.11%
学习率: 0.100000, 时间: 19.54s
GPU内存使用:
  GPU 1 - 已分配: 0.29GB, 已保留: 3.70GB
最佳准确率更新: 44.28% -> 45.11%
保存最佳模型到: ./checkpoints/best_model.pth

============================================================
Epoch 16/100
============================================================
Epoch: 15 [0/391] Loss: 1.6098 | Acc: 52.34% | Time: 0.0308s | GPU Mem: 0.29GB/3.70GB
Epoch: 15 [100/391] Loss: 1.9694 | Acc: 50.91% | Time: 0.0266s | GPU Mem: 0.29GB/3.70GB
Epoch: 15 [200/391] Loss: 1.6381 | Acc: 50.62% | Time: 0.0279s | GPU Mem: 0.29GB/3.70GB
Epoch: 15 [300/391] Loss: 1.4275 | Acc: 50.78% | Time: 0.0233s | GPU Mem: 0.29GB/3.70GB

训练 - Loss: 1.7763, Acc: 50.77%
测试 - Loss: 2.1064, Acc: 44.45%
学习率: 0.100000, 时间: 19.54s
GPU内存使用:
  GPU 1 - 已分配: 0.29GB, 已保留: 3.70GB

============================================================
Epoch 17/100
============================================================
Epoch: 16 [0/391] Loss: 1.6106 | Acc: 54.69% | Time: 0.0265s | GPU Mem: 0.29GB/3.70GB
Epoch: 16 [100/391] Loss: 1.7156 | Acc: 52.69% | Time: 0.0242s | GPU Mem: 0.29GB/3.70GB
Epoch: 16 [200/391] Loss: 1.6171 | Acc: 52.38% | Time: 0.0222s | GPU Mem: 0.29GB/3.70GB
Epoch: 16 [300/391] Loss: 1.7384 | Acc: 52.16% | Time: 0.0285s | GPU Mem: 0.29GB/3.70GB

训练 - Loss: 1.7055, Acc: 52.34%
测试 - Loss: 1.9513, Acc: 48.60%
学习率: 0.100000, 时间: 19.48s
GPU内存使用:
  GPU 1 - 已分配: 0.29GB, 已保留: 3.70GB
最佳准确率更新: 45.11% -> 48.60%
保存最佳模型到: ./checkpoints/best_model.pth

============================================================
Epoch 18/100
============================================================
Epoch: 17 [0/391] Loss: 1.7325 | Acc: 50.78% | Time: 0.0267s | GPU Mem: 0.29GB/3.70GB
Epoch: 17 [100/391] Loss: 1.7651 | Acc: 53.86% | Time: 0.0231s | GPU Mem: 0.29GB/3.70GB
Epoch: 17 [200/391] Loss: 1.7020 | Acc: 53.46% | Time: 0.0233s | GPU Mem: 0.29GB/3.70GB
Epoch: 17 [300/391] Loss: 1.6426 | Acc: 53.47% | Time: 0.0271s | GPU Mem: 0.29GB/3.70GB

训练 - Loss: 1.6638, Acc: 53.51%
测试 - Loss: 2.0069, Acc: 47.17%
学习率: 0.100000, 时间: 19.53s
GPU内存使用:
  GPU 1 - 已分配: 0.29GB, 已保留: 3.70GB

============================================================
Epoch 19/100
============================================================
Epoch: 18 [0/391] Loss: 1.6233 | Acc: 58.59% | Time: 0.0364s | GPU Mem: 0.29GB/3.70GB
Epoch: 18 [100/391] Loss: 1.6543 | Acc: 54.49% | Time: 0.0218s | GPU Mem: 0.29GB/3.70GB
Epoch: 18 [200/391] Loss: 1.8914 | Acc: 54.23% | Time: 0.0290s | GPU Mem: 0.29GB/3.70GB
Epoch: 18 [300/391] Loss: 1.5654 | Acc: 54.38% | Time: 0.0224s | GPU Mem: 0.29GB/3.70GB

训练 - Loss: 1.6253, Acc: 54.36%
测试 - Loss: 2.0028, Acc: 47.67%
学习率: 0.100000, 时间: 19.50s
GPU内存使用:
  GPU 1 - 已分配: 0.29GB, 已保留: 3.70GB

============================================================
Epoch 20/100
============================================================
Epoch: 19 [0/391] Loss: 1.5596 | Acc: 60.16% | Time: 0.0237s | GPU Mem: 0.29GB/3.70GB
Epoch: 19 [100/391] Loss: 1.3297 | Acc: 56.17% | Time: 0.0272s | GPU Mem: 0.29GB/3.70GB
Epoch: 19 [200/391] Loss: 1.6530 | Acc: 55.81% | Time: 0.0255s | GPU Mem: 0.29GB/3.70GB
Epoch: 19 [300/391] Loss: 1.6226 | Acc: 55.63% | Time: 0.0230s | GPU Mem: 0.29GB/3.70GB

训练 - Loss: 1.5721, Acc: 55.62%
测试 - Loss: 1.8681, Acc: 50.60%
学习率: 0.100000, 时间: 19.51s
GPU内存使用:
  GPU 1 - 已分配: 0.29GB, 已保留: 3.70GB
最佳准确率更新: 48.60% -> 50.60%
保存最佳模型到: ./checkpoints/best_model.pth
保存checkpoint到: ./checkpoints/checkpoint_epoch_20.pth

============================================================
Epoch 21/100
============================================================
Epoch: 20 [0/391] Loss: 1.5968 | Acc: 53.12% | Time: 0.0352s | GPU Mem: 0.29GB/3.70GB
Epoch: 20 [100/391] Loss: 1.6013 | Acc: 56.85% | Time: 0.0325s | GPU Mem: 0.29GB/3.70GB
Epoch: 20 [200/391] Loss: 1.3074 | Acc: 56.48% | Time: 0.0283s | GPU Mem: 0.29GB/3.70GB
Epoch: 20 [300/391] Loss: 1.3293 | Acc: 56.50% | Time: 0.0224s | GPU Mem: 0.29GB/3.70GB

训练 - Loss: 1.5350, Acc: 56.50%
测试 - Loss: 2.0207, Acc: 47.47%
学习率: 0.100000, 时间: 19.49s
GPU内存使用:
  GPU 1 - 已分配: 0.29GB, 已保留: 3.70GB

============================================================
Epoch 22/100
============================================================
Epoch: 21 [0/391] Loss: 1.6838 | Acc: 51.56% | Time: 0.0269s | GPU Mem: 0.29GB/3.70GB
Epoch: 21 [100/391] Loss: 1.6370 | Acc: 58.01% | Time: 0.0227s | GPU Mem: 0.29GB/3.70GB
Epoch: 21 [200/391] Loss: 1.6070 | Acc: 57.56% | Time: 0.0235s | GPU Mem: 0.29GB/3.70GB
Epoch: 21 [300/391] Loss: 1.6374 | Acc: 57.12% | Time: 0.0239s | GPU Mem: 0.29GB/3.70GB

训练 - Loss: 1.5121, Acc: 57.10%
测试 - Loss: 2.4567, Acc: 41.22%
学习率: 0.100000, 时间: 19.54s
GPU内存使用:
  GPU 1 - 已分配: 0.29GB, 已保留: 3.70GB

============================================================
Epoch 23/100
============================================================
Epoch: 22 [0/391] Loss: 1.3984 | Acc: 60.94% | Time: 0.0275s | GPU Mem: 0.29GB/3.70GB
Epoch: 22 [100/391] Loss: 1.6561 | Acc: 58.85% | Time: 0.0286s | GPU Mem: 0.29GB/3.70GB
Epoch: 22 [200/391] Loss: 1.5212 | Acc: 58.38% | Time: 0.0231s | GPU Mem: 0.29GB/3.70GB
Epoch: 22 [300/391] Loss: 1.4532 | Acc: 58.04% | Time: 0.0263s | GPU Mem: 0.29GB/3.70GB

训练 - Loss: 1.4850, Acc: 57.92%
测试 - Loss: 1.6564, Acc: 54.27%
学习率: 0.100000, 时间: 19.45s
GPU内存使用:
  GPU 1 - 已分配: 0.29GB, 已保留: 3.70GB
最佳准确率更新: 50.60% -> 54.27%
保存最佳模型到: ./checkpoints/best_model.pth

============================================================
Epoch 24/100
============================================================
Epoch: 23 [0/391] Loss: 1.2719 | Acc: 61.72% | Time: 0.0341s | GPU Mem: 0.29GB/3.70GB
Epoch: 23 [100/391] Loss: 1.6062 | Acc: 58.53% | Time: 0.0222s | GPU Mem: 0.29GB/3.70GB
Epoch: 23 [200/391] Loss: 1.5377 | Acc: 58.86% | Time: 0.0219s | GPU Mem: 0.29GB/3.70GB
Epoch: 23 [300/391] Loss: 1.4950 | Acc: 58.60% | Time: 0.0259s | GPU Mem: 0.29GB/3.70GB

训练 - Loss: 1.4659, Acc: 58.53%
测试 - Loss: 2.0088, Acc: 48.75%
学习率: 0.100000, 时间: 19.55s
GPU内存使用:
  GPU 1 - 已分配: 0.29GB, 已保留: 3.70GB

============================================================
Epoch 25/100
============================================================
Epoch: 24 [0/391] Loss: 1.4514 | Acc: 58.59% | Time: 0.0285s | GPU Mem: 0.29GB/3.70GB
Epoch: 24 [100/391] Loss: 1.4513 | Acc: 60.31% | Time: 0.0266s | GPU Mem: 0.29GB/3.70GB
Epoch: 24 [200/391] Loss: 1.5150 | Acc: 59.81% | Time: 0.0242s | GPU Mem: 0.29GB/3.70GB
Epoch: 24 [300/391] Loss: 1.5267 | Acc: 59.57% | Time: 0.0266s | GPU Mem: 0.29GB/3.70GB

训练 - Loss: 1.4358, Acc: 59.40%
测试 - Loss: 1.8239, Acc: 51.91%
学习率: 0.100000, 时间: 19.54s
GPU内存使用:
  GPU 1 - 已分配: 0.29GB, 已保留: 3.70GB

============================================================
Epoch 26/100
============================================================
Epoch: 25 [0/391] Loss: 1.3111 | Acc: 60.94% | Time: 0.0291s | GPU Mem: 0.29GB/3.70GB
Epoch: 25 [100/391] Loss: 1.3068 | Acc: 60.48% | Time: 0.0218s | GPU Mem: 0.29GB/3.70GB
Epoch: 25 [200/391] Loss: 1.2488 | Acc: 59.80% | Time: 0.0218s | GPU Mem: 0.29GB/3.70GB
Epoch: 25 [300/391] Loss: 1.5689 | Acc: 59.52% | Time: 0.0230s | GPU Mem: 0.29GB/3.70GB

训练 - Loss: 1.4194, Acc: 59.36%
测试 - Loss: 1.9016, Acc: 49.61%
学习率: 0.100000, 时间: 19.47s
GPU内存使用:
  GPU 1 - 已分配: 0.29GB, 已保留: 3.70GB

============================================================
Epoch 27/100
============================================================
Epoch: 26 [0/391] Loss: 1.2975 | Acc: 58.59% | Time: 0.0277s | GPU Mem: 0.29GB/3.70GB
Epoch: 26 [100/391] Loss: 1.2084 | Acc: 61.16% | Time: 0.0230s | GPU Mem: 0.29GB/3.70GB
Epoch: 26 [200/391] Loss: 1.4455 | Acc: 60.82% | Time: 0.0220s | GPU Mem: 0.29GB/3.70GB
Epoch: 26 [300/391] Loss: 1.5280 | Acc: 60.56% | Time: 0.0245s | GPU Mem: 0.29GB/3.70GB

训练 - Loss: 1.3972, Acc: 60.06%
测试 - Loss: 1.7877, Acc: 52.09%
学习率: 0.100000, 时间: 19.50s
GPU内存使用:
  GPU 1 - 已分配: 0.29GB, 已保留: 3.70GB

============================================================
Epoch 28/100
============================================================
Epoch: 27 [0/391] Loss: 1.1426 | Acc: 67.19% | Time: 0.0317s | GPU Mem: 0.29GB/3.70GB
Epoch: 27 [100/391] Loss: 1.3282 | Acc: 61.89% | Time: 0.0233s | GPU Mem: 0.29GB/3.70GB
Epoch: 27 [200/391] Loss: 1.1141 | Acc: 61.35% | Time: 0.0246s | GPU Mem: 0.29GB/3.70GB
Epoch: 27 [300/391] Loss: 1.4027 | Acc: 61.07% | Time: 0.0278s | GPU Mem: 0.29GB/3.70GB

训练 - Loss: 1.3828, Acc: 60.57%
测试 - Loss: 1.8176, Acc: 51.38%
学习率: 0.100000, 时间: 19.52s
GPU内存使用:
  GPU 1 - 已分配: 0.29GB, 已保留: 3.70GB

============================================================
Epoch 29/100
============================================================
Epoch: 28 [0/391] Loss: 1.3402 | Acc: 54.69% | Time: 0.0298s | GPU Mem: 0.29GB/3.70GB
Epoch: 28 [100/391] Loss: 1.3098 | Acc: 62.62% | Time: 0.0216s | GPU Mem: 0.29GB/3.70GB
Epoch: 28 [200/391] Loss: 1.3440 | Acc: 61.82% | Time: 0.0237s | GPU Mem: 0.29GB/3.70GB
Epoch: 28 [300/391] Loss: 1.4297 | Acc: 61.34% | Time: 0.0261s | GPU Mem: 0.29GB/3.70GB

训练 - Loss: 1.3670, Acc: 61.01%
测试 - Loss: 2.1459, Acc: 47.03%
学习率: 0.100000, 时间: 19.54s
GPU内存使用:
  GPU 1 - 已分配: 0.29GB, 已保留: 3.70GB

============================================================
Epoch 30/100
============================================================
Epoch: 29 [0/391] Loss: 1.1873 | Acc: 62.50% | Time: 0.0287s | GPU Mem: 0.29GB/3.70GB
Epoch: 29 [100/391] Loss: 1.2736 | Acc: 62.46% | Time: 0.0283s | GPU Mem: 0.29GB/3.70GB
Epoch: 29 [200/391] Loss: 1.4525 | Acc: 61.65% | Time: 0.0289s | GPU Mem: 0.29GB/3.70GB
Epoch: 29 [300/391] Loss: 1.5434 | Acc: 61.23% | Time: 0.0224s | GPU Mem: 0.29GB/3.70GB

训练 - Loss: 1.3581, Acc: 61.18%
测试 - Loss: 1.7146, Acc: 53.66%
学习率: 0.100000, 时间: 19.54s
GPU内存使用:
  GPU 1 - 已分配: 0.29GB, 已保留: 3.70GB
保存checkpoint到: ./checkpoints/checkpoint_epoch_30.pth

============================================================
Epoch 31/100
============================================================
Epoch: 30 [0/391] Loss: 1.0679 | Acc: 67.19% | Time: 0.0359s | GPU Mem: 0.29GB/3.70GB
Epoch: 30 [100/391] Loss: 1.4091 | Acc: 62.87% | Time: 0.0246s | GPU Mem: 0.29GB/3.70GB
Epoch: 30 [200/391] Loss: 1.5218 | Acc: 62.08% | Time: 0.0225s | GPU Mem: 0.29GB/3.70GB
Epoch: 30 [300/391] Loss: 1.5063 | Acc: 61.81% | Time: 0.0254s | GPU Mem: 0.29GB/3.70GB

训练 - Loss: 1.3414, Acc: 61.53%
测试 - Loss: 2.0544, Acc: 48.30%
学习率: 0.100000, 时间: 19.51s
GPU内存使用:
  GPU 1 - 已分配: 0.29GB, 已保留: 3.70GB

============================================================
Epoch 32/100
============================================================
Epoch: 31 [0/391] Loss: 1.4027 | Acc: 60.16% | Time: 0.0280s | GPU Mem: 0.29GB/3.70GB
Epoch: 31 [100/391] Loss: 1.2466 | Acc: 63.09% | Time: 0.0259s | GPU Mem: 0.29GB/3.70GB
Epoch: 31 [200/391] Loss: 1.3055 | Acc: 62.60% | Time: 0.0231s | GPU Mem: 0.29GB/3.70GB
Epoch: 31 [300/391] Loss: 1.2811 | Acc: 62.18% | Time: 0.0259s | GPU Mem: 0.29GB/3.70GB

训练 - Loss: 1.3229, Acc: 61.89%
测试 - Loss: 2.0365, Acc: 49.20%
学习率: 0.100000, 时间: 19.49s
GPU内存使用:
  GPU 1 - 已分配: 0.29GB, 已保留: 3.70GB

============================================================
Epoch 33/100
============================================================
Epoch: 32 [0/391] Loss: 1.2193 | Acc: 66.41% | Time: 0.0273s | GPU Mem: 0.29GB/3.70GB
Epoch: 32 [100/391] Loss: 1.4820 | Acc: 63.13% | Time: 0.0270s | GPU Mem: 0.29GB/3.70GB
Epoch: 32 [200/391] Loss: 1.4648 | Acc: 62.58% | Time: 0.0218s | GPU Mem: 0.29GB/3.70GB
Epoch: 32 [300/391] Loss: 1.1530 | Acc: 62.64% | Time: 0.0196s | GPU Mem: 0.29GB/3.70GB

训练 - Loss: 1.3203, Acc: 62.29%
测试 - Loss: 2.0459, Acc: 48.67%
学习率: 0.100000, 时间: 19.50s
GPU内存使用:
  GPU 1 - 已分配: 0.29GB, 已保留: 3.70GB

============================================================
Epoch 34/100
============================================================
Epoch: 33 [0/391] Loss: 1.2921 | Acc: 61.72% | Time: 0.0231s | GPU Mem: 0.29GB/3.70GB
Epoch: 33 [100/391] Loss: 1.2653 | Acc: 63.00% | Time: 0.0237s | GPU Mem: 0.29GB/3.70GB
Epoch: 33 [200/391] Loss: 1.4037 | Acc: 63.08% | Time: 0.0230s | GPU Mem: 0.29GB/3.70GB
Epoch: 33 [300/391] Loss: 1.5361 | Acc: 62.59% | Time: 0.0224s | GPU Mem: 0.29GB/3.70GB

训练 - Loss: 1.2950, Acc: 62.66%
测试 - Loss: 1.7608, Acc: 54.13%
学习率: 0.100000, 时间: 19.52s
GPU内存使用:
  GPU 1 - 已分配: 0.29GB, 已保留: 3.70GB

============================================================
Epoch 35/100
============================================================
Epoch: 34 [0/391] Loss: 1.3140 | Acc: 59.38% | Time: 0.0266s | GPU Mem: 0.29GB/3.70GB
Epoch: 34 [100/391] Loss: 1.3478 | Acc: 64.21% | Time: 0.0216s | GPU Mem: 0.29GB/3.70GB
Epoch: 34 [200/391] Loss: 1.2659 | Acc: 63.48% | Time: 0.0241s | GPU Mem: 0.29GB/3.70GB
Epoch: 34 [300/391] Loss: 1.2271 | Acc: 63.30% | Time: 0.0219s | GPU Mem: 0.29GB/3.70GB

训练 - Loss: 1.2831, Acc: 63.02%
测试 - Loss: 1.8562, Acc: 51.61%
学习率: 0.100000, 时间: 19.47s
GPU内存使用:
  GPU 1 - 已分配: 0.29GB, 已保留: 3.70GB

============================================================
Epoch 36/100
============================================================
Epoch: 35 [0/391] Loss: 1.2276 | Acc: 62.50% | Time: 0.0291s | GPU Mem: 0.29GB/3.70GB
Epoch: 35 [100/391] Loss: 1.2811 | Acc: 64.50% | Time: 0.0266s | GPU Mem: 0.29GB/3.70GB
Epoch: 35 [200/391] Loss: 1.2706 | Acc: 63.83% | Time: 0.0245s | GPU Mem: 0.29GB/3.70GB
Epoch: 35 [300/391] Loss: 1.3618 | Acc: 63.43% | Time: 0.0297s | GPU Mem: 0.29GB/3.70GB

训练 - Loss: 1.2829, Acc: 63.07%
测试 - Loss: 1.7853, Acc: 53.37%
学习率: 0.100000, 时间: 19.48s
GPU内存使用:
  GPU 1 - 已分配: 0.29GB, 已保留: 3.70GB

============================================================
Epoch 37/100
============================================================
Epoch: 36 [0/391] Loss: 1.1998 | Acc: 69.53% | Time: 0.0251s | GPU Mem: 0.29GB/3.70GB
Epoch: 36 [100/391] Loss: 1.0302 | Acc: 64.97% | Time: 0.0215s | GPU Mem: 0.29GB/3.70GB
Epoch: 36 [200/391] Loss: 1.3842 | Acc: 64.28% | Time: 0.0292s | GPU Mem: 0.29GB/3.70GB
Epoch: 36 [300/391] Loss: 1.4767 | Acc: 63.90% | Time: 0.0278s | GPU Mem: 0.29GB/3.70GB

训练 - Loss: 1.2733, Acc: 63.44%
测试 - Loss: 1.7949, Acc: 53.60%
学习率: 0.100000, 时间: 19.52s
GPU内存使用:
  GPU 1 - 已分配: 0.29GB, 已保留: 3.70GB

============================================================
Epoch 38/100
============================================================
Epoch: 37 [0/391] Loss: 1.1824 | Acc: 66.41% | Time: 0.0283s | GPU Mem: 0.29GB/3.70GB
Epoch: 37 [100/391] Loss: 1.1324 | Acc: 65.08% | Time: 0.0286s | GPU Mem: 0.29GB/3.70GB
Epoch: 37 [200/391] Loss: 1.1806 | Acc: 64.44% | Time: 0.0286s | GPU Mem: 0.29GB/3.70GB
Epoch: 37 [300/391] Loss: 1.4134 | Acc: 63.65% | Time: 0.0242s | GPU Mem: 0.29GB/3.70GB

训练 - Loss: 1.2611, Acc: 63.61%
测试 - Loss: 1.7464, Acc: 53.59%
学习率: 0.100000, 时间: 19.48s
GPU内存使用:
  GPU 1 - 已分配: 0.29GB, 已保留: 3.70GB

============================================================
Epoch 39/100
============================================================
Epoch: 38 [0/391] Loss: 1.0264 | Acc: 73.44% | Time: 0.0322s | GPU Mem: 0.29GB/3.70GB
Epoch: 38 [100/391] Loss: 1.4857 | Acc: 64.87% | Time: 0.0220s | GPU Mem: 0.29GB/3.70GB
Epoch: 38 [200/391] Loss: 1.2385 | Acc: 64.38% | Time: 0.0254s | GPU Mem: 0.29GB/3.70GB
Epoch: 38 [300/391] Loss: 1.3694 | Acc: 64.26% | Time: 0.0218s | GPU Mem: 0.29GB/3.70GB

训练 - Loss: 1.2461, Acc: 64.00%
测试 - Loss: 1.6447, Acc: 55.36%
学习率: 0.100000, 时间: 19.50s
GPU内存使用:
  GPU 1 - 已分配: 0.29GB, 已保留: 3.70GB
最佳准确率更新: 54.27% -> 55.36%
保存最佳模型到: ./checkpoints/best_model.pth

============================================================
Epoch 40/100
============================================================
Epoch: 39 [0/391] Loss: 1.3135 | Acc: 60.94% | Time: 0.0279s | GPU Mem: 0.29GB/3.70GB
Epoch: 39 [100/391] Loss: 1.2293 | Acc: 65.25% | Time: 0.0306s | GPU Mem: 0.29GB/3.70GB
Epoch: 39 [200/391] Loss: 1.1544 | Acc: 64.72% | Time: 0.0219s | GPU Mem: 0.29GB/3.70GB
Epoch: 39 [300/391] Loss: 1.0899 | Acc: 64.52% | Time: 0.0261s | GPU Mem: 0.29GB/3.70GB

训练 - Loss: 1.2475, Acc: 64.10%
测试 - Loss: 1.8625, Acc: 52.52%
学习率: 0.100000, 时间: 19.52s
GPU内存使用:
  GPU 1 - 已分配: 0.29GB, 已保留: 3.70GB
保存checkpoint到: ./checkpoints/checkpoint_epoch_40.pth

============================================================
Epoch 41/100
============================================================
Epoch: 40 [0/391] Loss: 1.0272 | Acc: 67.97% | Time: 0.0245s | GPU Mem: 0.29GB/3.70GB
Epoch: 40 [100/391] Loss: 1.3065 | Acc: 65.41% | Time: 0.0270s | GPU Mem: 0.29GB/3.70GB
Epoch: 40 [200/391] Loss: 1.2383 | Acc: 64.92% | Time: 0.0216s | GPU Mem: 0.29GB/3.70GB
Epoch: 40 [300/391] Loss: 1.1545 | Acc: 64.27% | Time: 0.0298s | GPU Mem: 0.29GB/3.70GB

训练 - Loss: 1.2371, Acc: 64.12%
测试 - Loss: 1.6951, Acc: 54.12%
学习率: 0.100000, 时间: 19.51s
GPU内存使用:
  GPU 1 - 已分配: 0.29GB, 已保留: 3.70GB

============================================================
Epoch 42/100
============================================================
Epoch: 41 [0/391] Loss: 1.1277 | Acc: 65.62% | Time: 0.0321s | GPU Mem: 0.29GB/3.70GB
Epoch: 41 [100/391] Loss: 1.2417 | Acc: 66.22% | Time: 0.0215s | GPU Mem: 0.29GB/3.70GB
Epoch: 41 [200/391] Loss: 1.1177 | Acc: 65.42% | Time: 0.0217s | GPU Mem: 0.29GB/3.70GB
Epoch: 41 [300/391] Loss: 1.2835 | Acc: 64.94% | Time: 0.0269s | GPU Mem: 0.29GB/3.70GB

训练 - Loss: 1.2259, Acc: 64.51%
测试 - Loss: 1.9606, Acc: 50.94%
学习率: 0.100000, 时间: 19.48s
GPU内存使用:
  GPU 1 - 已分配: 0.29GB, 已保留: 3.70GB

============================================================
Epoch 43/100
============================================================
Epoch: 42 [0/391] Loss: 0.9630 | Acc: 65.62% | Time: 0.0350s | GPU Mem: 0.29GB/3.70GB
Epoch: 42 [100/391] Loss: 1.1342 | Acc: 65.84% | Time: 0.0242s | GPU Mem: 0.29GB/3.70GB
Epoch: 42 [200/391] Loss: 1.1845 | Acc: 65.39% | Time: 0.0266s | GPU Mem: 0.29GB/3.70GB
Epoch: 42 [300/391] Loss: 1.2358 | Acc: 64.90% | Time: 0.0221s | GPU Mem: 0.29GB/3.70GB

训练 - Loss: 1.2179, Acc: 64.71%
测试 - Loss: 1.8644, Acc: 50.64%
学习率: 0.100000, 时间: 19.52s
GPU内存使用:
  GPU 1 - 已分配: 0.29GB, 已保留: 3.70GB

============================================================
Epoch 44/100
============================================================
Epoch: 43 [0/391] Loss: 1.1387 | Acc: 64.84% | Time: 0.0279s | GPU Mem: 0.29GB/3.70GB
Epoch: 43 [100/391] Loss: 1.4523 | Acc: 65.78% | Time: 0.0273s | GPU Mem: 0.29GB/3.70GB
Epoch: 43 [200/391] Loss: 1.4197 | Acc: 65.38% | Time: 0.0357s | GPU Mem: 0.29GB/3.70GB
Epoch: 43 [300/391] Loss: 1.3851 | Acc: 65.08% | Time: 0.0252s | GPU Mem: 0.29GB/3.70GB

训练 - Loss: 1.2306, Acc: 64.60%
测试 - Loss: 1.7258, Acc: 54.92%
学习率: 0.100000, 时间: 19.49s
GPU内存使用:
  GPU 1 - 已分配: 0.29GB, 已保留: 3.70GB

============================================================
Epoch 45/100
============================================================
Epoch: 44 [0/391] Loss: 1.1783 | Acc: 64.84% | Time: 0.0326s | GPU Mem: 0.29GB/3.70GB
Epoch: 44 [100/391] Loss: 1.2129 | Acc: 65.71% | Time: 0.0211s | GPU Mem: 0.29GB/3.70GB
Epoch: 44 [200/391] Loss: 1.1436 | Acc: 65.30% | Time: 0.0239s | GPU Mem: 0.29GB/3.70GB
Epoch: 44 [300/391] Loss: 1.1742 | Acc: 64.82% | Time: 0.0339s | GPU Mem: 0.29GB/3.70GB

训练 - Loss: 1.2110, Acc: 64.71%
测试 - Loss: 1.7645, Acc: 53.60%
学习率: 0.100000, 时间: 19.50s
GPU内存使用:
  GPU 1 - 已分配: 0.29GB, 已保留: 3.70GB

============================================================
Epoch 46/100
============================================================
Epoch: 45 [0/391] Loss: 1.2488 | Acc: 60.94% | Time: 0.0283s | GPU Mem: 0.29GB/3.70GB
Epoch: 45 [100/391] Loss: 1.2294 | Acc: 66.85% | Time: 0.0220s | GPU Mem: 0.29GB/3.70GB
Epoch: 45 [200/391] Loss: 1.0754 | Acc: 65.61% | Time: 0.0236s | GPU Mem: 0.29GB/3.70GB
Epoch: 45 [300/391] Loss: 1.1444 | Acc: 65.15% | Time: 0.0263s | GPU Mem: 0.29GB/3.70GB

训练 - Loss: 1.2063, Acc: 64.98%
测试 - Loss: 1.8174, Acc: 52.10%
学习率: 0.100000, 时间: 19.50s
GPU内存使用:
  GPU 1 - 已分配: 0.29GB, 已保留: 3.70GB

============================================================
Epoch 47/100
============================================================
Epoch: 46 [0/391] Loss: 1.2443 | Acc: 64.06% | Time: 0.0324s | GPU Mem: 0.29GB/3.70GB
Epoch: 46 [100/391] Loss: 1.1786 | Acc: 66.21% | Time: 0.0275s | GPU Mem: 0.29GB/3.70GB
Epoch: 46 [200/391] Loss: 1.3398 | Acc: 65.69% | Time: 0.0231s | GPU Mem: 0.29GB/3.70GB
Epoch: 46 [300/391] Loss: 1.0397 | Acc: 65.63% | Time: 0.0217s | GPU Mem: 0.29GB/3.70GB

训练 - Loss: 1.2018, Acc: 65.18%
测试 - Loss: 1.9077, Acc: 52.17%
学习率: 0.100000, 时间: 19.52s
GPU内存使用:
  GPU 1 - 已分配: 0.29GB, 已保留: 3.70GB

============================================================
Epoch 48/100
============================================================
Epoch: 47 [0/391] Loss: 0.9879 | Acc: 74.22% | Time: 0.0301s | GPU Mem: 0.29GB/3.70GB
Epoch: 47 [100/391] Loss: 1.1978 | Acc: 66.57% | Time: 0.0217s | GPU Mem: 0.29GB/3.70GB
Epoch: 47 [200/391] Loss: 1.1298 | Acc: 65.87% | Time: 0.0218s | GPU Mem: 0.29GB/3.70GB
Epoch: 47 [300/391] Loss: 1.3488 | Acc: 65.45% | Time: 0.0232s | GPU Mem: 0.29GB/3.70GB

训练 - Loss: 1.1975, Acc: 65.35%
测试 - Loss: 1.9827, Acc: 50.12%
学习率: 0.100000, 时间: 19.46s
GPU内存使用:
  GPU 1 - 已分配: 0.29GB, 已保留: 3.70GB

============================================================
Epoch 49/100
============================================================
Epoch: 48 [0/391] Loss: 1.1553 | Acc: 67.97% | Time: 0.0266s | GPU Mem: 0.29GB/3.70GB
Epoch: 48 [100/391] Loss: 1.0054 | Acc: 67.13% | Time: 0.0264s | GPU Mem: 0.29GB/3.70GB
Epoch: 48 [200/391] Loss: 1.1563 | Acc: 66.36% | Time: 0.0230s | GPU Mem: 0.29GB/3.70GB
Epoch: 48 [300/391] Loss: 1.0371 | Acc: 66.07% | Time: 0.0231s | GPU Mem: 0.29GB/3.70GB

训练 - Loss: 1.1841, Acc: 65.63%
测试 - Loss: 1.9133, Acc: 51.89%
学习率: 0.100000, 时间: 19.49s
GPU内存使用:
  GPU 1 - 已分配: 0.29GB, 已保留: 3.70GB

============================================================
Epoch 50/100
============================================================
Epoch: 49 [0/391] Loss: 1.0172 | Acc: 71.09% | Time: 0.0276s | GPU Mem: 0.29GB/3.70GB
Epoch: 49 [100/391] Loss: 1.2140 | Acc: 67.44% | Time: 0.0272s | GPU Mem: 0.29GB/3.70GB
Epoch: 49 [200/391] Loss: 1.0188 | Acc: 66.22% | Time: 0.0240s | GPU Mem: 0.29GB/3.70GB
Epoch: 49 [300/391] Loss: 1.5112 | Acc: 65.81% | Time: 0.0252s | GPU Mem: 0.29GB/3.70GB

训练 - Loss: 1.1863, Acc: 65.48%
测试 - Loss: 1.6945, Acc: 54.39%
学习率: 0.010000, 时间: 19.54s
GPU内存使用:
  GPU 1 - 已分配: 0.29GB, 已保留: 3.70GB
保存checkpoint到: ./checkpoints/checkpoint_epoch_50.pth

============================================================
Epoch 51/100
============================================================
Epoch: 50 [0/391] Loss: 1.0050 | Acc: 70.31% | Time: 0.0289s | GPU Mem: 0.29GB/3.70GB
Epoch: 50 [100/391] Loss: 0.6230 | Acc: 74.80% | Time: 0.0256s | GPU Mem: 0.29GB/3.70GB
Epoch: 50 [200/391] Loss: 0.7562 | Acc: 76.56% | Time: 0.0293s | GPU Mem: 0.29GB/3.70GB
Epoch: 50 [300/391] Loss: 0.5918 | Acc: 77.78% | Time: 0.0299s | GPU Mem: 0.29GB/3.70GB

训练 - Loss: 0.7293, Acc: 78.48%
测试 - Loss: 0.9327, Acc: 73.20%
学习率: 0.010000, 时间: 19.49s
GPU内存使用:
  GPU 1 - 已分配: 0.29GB, 已保留: 3.70GB
最佳准确率更新: 55.36% -> 73.20%
保存最佳模型到: ./checkpoints/best_model.pth

============================================================
Epoch 52/100
============================================================
Epoch: 51 [0/391] Loss: 0.5119 | Acc: 85.16% | Time: 0.0318s | GPU Mem: 0.29GB/3.70GB
Epoch: 51 [100/391] Loss: 0.6341 | Acc: 83.18% | Time: 0.0219s | GPU Mem: 0.29GB/3.70GB
Epoch: 51 [200/391] Loss: 0.5018 | Acc: 82.94% | Time: 0.0214s | GPU Mem: 0.29GB/3.70GB
Epoch: 51 [300/391] Loss: 0.5299 | Acc: 82.94% | Time: 0.0217s | GPU Mem: 0.29GB/3.70GB

训练 - Loss: 0.5690, Acc: 83.03%
测试 - Loss: 0.9290, Acc: 73.75%
学习率: 0.010000, 时间: 19.51s
GPU内存使用:
  GPU 1 - 已分配: 0.29GB, 已保留: 3.70GB
最佳准确率更新: 73.20% -> 73.75%
保存最佳模型到: ./checkpoints/best_model.pth

============================================================
Epoch 53/100
============================================================
Epoch: 52 [0/391] Loss: 0.3869 | Acc: 89.06% | Time: 0.0287s | GPU Mem: 0.29GB/3.70GB
Epoch: 52 [100/391] Loss: 0.6078 | Acc: 84.89% | Time: 0.0227s | GPU Mem: 0.29GB/3.70GB
Epoch: 52 [200/391] Loss: 0.4175 | Acc: 84.85% | Time: 0.0271s | GPU Mem: 0.29GB/3.70GB
Epoch: 52 [300/391] Loss: 0.4783 | Acc: 84.74% | Time: 0.0220s | GPU Mem: 0.29GB/3.70GB

训练 - Loss: 0.5051, Acc: 84.67%
测试 - Loss: 0.9192, Acc: 73.59%
学习率: 0.010000, 时间: 19.51s
GPU内存使用:
  GPU 1 - 已分配: 0.29GB, 已保留: 3.70GB

============================================================
Epoch 54/100
============================================================
Epoch: 53 [0/391] Loss: 0.5141 | Acc: 84.38% | Time: 0.0290s | GPU Mem: 0.29GB/3.70GB
Epoch: 53 [100/391] Loss: 0.4284 | Acc: 87.07% | Time: 0.0230s | GPU Mem: 0.29GB/3.70GB
Epoch: 53 [200/391] Loss: 0.3820 | Acc: 86.72% | Time: 0.0238s | GPU Mem: 0.29GB/3.70GB
Epoch: 53 [300/391] Loss: 0.4627 | Acc: 86.51% | Time: 0.0239s | GPU Mem: 0.29GB/3.70GB

训练 - Loss: 0.4553, Acc: 86.29%
测试 - Loss: 0.9282, Acc: 74.10%
学习率: 0.010000, 时间: 19.47s
GPU内存使用:
  GPU 1 - 已分配: 0.29GB, 已保留: 3.70GB
最佳准确率更新: 73.75% -> 74.10%
保存最佳模型到: ./checkpoints/best_model.pth

============================================================
Epoch 55/100
============================================================
Epoch: 54 [0/391] Loss: 0.4091 | Acc: 84.38% | Time: 0.0254s | GPU Mem: 0.29GB/3.70GB
Epoch: 54 [100/391] Loss: 0.3753 | Acc: 88.36% | Time: 0.0308s | GPU Mem: 0.29GB/3.70GB
Epoch: 54 [200/391] Loss: 0.3288 | Acc: 87.90% | Time: 0.0217s | GPU Mem: 0.29GB/3.70GB
Epoch: 54 [300/391] Loss: 0.5088 | Acc: 87.68% | Time: 0.0216s | GPU Mem: 0.29GB/3.70GB

训练 - Loss: 0.4169, Acc: 87.41%
测试 - Loss: 0.9403, Acc: 74.01%
学习率: 0.010000, 时间: 19.60s
GPU内存使用:
  GPU 1 - 已分配: 0.29GB, 已保留: 3.70GB

============================================================
Epoch 56/100
============================================================
Epoch: 55 [0/391] Loss: 0.3277 | Acc: 89.06% | Time: 0.0263s | GPU Mem: 0.29GB/3.70GB
Epoch: 55 [100/391] Loss: 0.4225 | Acc: 89.23% | Time: 0.0272s | GPU Mem: 0.29GB/3.70GB
Epoch: 55 [200/391] Loss: 0.3453 | Acc: 89.01% | Time: 0.0224s | GPU Mem: 0.29GB/3.70GB
Epoch: 55 [300/391] Loss: 0.4304 | Acc: 88.79% | Time: 0.0228s | GPU Mem: 0.29GB/3.70GB

训练 - Loss: 0.3775, Acc: 88.61%
测试 - Loss: 0.9490, Acc: 73.99%
学习率: 0.010000, 时间: 19.55s
GPU内存使用:
  GPU 1 - 已分配: 0.29GB, 已保留: 3.70GB

============================================================
Epoch 57/100
============================================================
Epoch: 56 [0/391] Loss: 0.2958 | Acc: 91.41% | Time: 0.0305s | GPU Mem: 0.29GB/3.70GB
Epoch: 56 [100/391] Loss: 0.3293 | Acc: 90.04% | Time: 0.0216s | GPU Mem: 0.29GB/3.70GB
Epoch: 56 [200/391] Loss: 0.3451 | Acc: 90.06% | Time: 0.0333s | GPU Mem: 0.29GB/3.70GB
Epoch: 56 [300/391] Loss: 0.3878 | Acc: 89.75% | Time: 0.0293s | GPU Mem: 0.29GB/3.70GB

训练 - Loss: 0.3469, Acc: 89.45%
测试 - Loss: 0.9335, Acc: 74.57%
学习率: 0.010000, 时间: 19.47s
GPU内存使用:
  GPU 1 - 已分配: 0.29GB, 已保留: 3.70GB
最佳准确率更新: 74.10% -> 74.57%
保存最佳模型到: ./checkpoints/best_model.pth

============================================================
Epoch 58/100
============================================================
Epoch: 57 [0/391] Loss: 0.2031 | Acc: 96.88% | Time: 0.0337s | GPU Mem: 0.29GB/3.70GB
Epoch: 57 [100/391] Loss: 0.3132 | Acc: 91.17% | Time: 0.0230s | GPU Mem: 0.29GB/3.70GB
Epoch: 57 [200/391] Loss: 0.2757 | Acc: 90.78% | Time: 0.0265s | GPU Mem: 0.29GB/3.70GB
Epoch: 57 [300/391] Loss: 0.2691 | Acc: 90.52% | Time: 0.0225s | GPU Mem: 0.29GB/3.70GB

训练 - Loss: 0.3195, Acc: 90.36%
测试 - Loss: 0.9820, Acc: 74.01%
学习率: 0.010000, 时间: 19.50s
GPU内存使用:
  GPU 1 - 已分配: 0.29GB, 已保留: 3.70GB

============================================================
Epoch 59/100
============================================================
Epoch: 58 [0/391] Loss: 0.3228 | Acc: 86.72% | Time: 0.0345s | GPU Mem: 0.29GB/3.70GB
Epoch: 58 [100/391] Loss: 0.3230 | Acc: 91.97% | Time: 0.0217s | GPU Mem: 0.29GB/3.70GB
Epoch: 58 [200/391] Loss: 0.3605 | Acc: 91.66% | Time: 0.0225s | GPU Mem: 0.29GB/3.70GB
Epoch: 58 [300/391] Loss: 0.2715 | Acc: 91.42% | Time: 0.0238s | GPU Mem: 0.29GB/3.70GB

训练 - Loss: 0.2929, Acc: 91.19%
测试 - Loss: 1.0191, Acc: 73.43%
学习率: 0.010000, 时间: 19.52s
GPU内存使用:
  GPU 1 - 已分配: 0.29GB, 已保留: 3.70GB

============================================================
Epoch 60/100
============================================================
Epoch: 59 [0/391] Loss: 0.2553 | Acc: 93.75% | Time: 0.0233s | GPU Mem: 0.29GB/3.70GB
Epoch: 59 [100/391] Loss: 0.1921 | Acc: 92.76% | Time: 0.0233s | GPU Mem: 0.29GB/3.70GB
Epoch: 59 [200/391] Loss: 0.3133 | Acc: 92.41% | Time: 0.0218s | GPU Mem: 0.29GB/3.70GB
Epoch: 59 [300/391] Loss: 0.2653 | Acc: 92.33% | Time: 0.0288s | GPU Mem: 0.29GB/3.70GB

训练 - Loss: 0.2675, Acc: 92.08%
测试 - Loss: 1.0377, Acc: 73.12%
学习率: 0.010000, 时间: 19.45s
GPU内存使用:
  GPU 1 - 已分配: 0.29GB, 已保留: 3.70GB
保存checkpoint到: ./checkpoints/checkpoint_epoch_60.pth

============================================================
Epoch 61/100
============================================================
Epoch: 60 [0/391] Loss: 0.2407 | Acc: 92.97% | Time: 0.0329s | GPU Mem: 0.29GB/3.70GB
Epoch: 60 [100/391] Loss: 0.2246 | Acc: 93.23% | Time: 0.0226s | GPU Mem: 0.29GB/3.70GB
Epoch: 60 [200/391] Loss: 0.3526 | Acc: 92.92% | Time: 0.0296s | GPU Mem: 0.29GB/3.70GB
Epoch: 60 [300/391] Loss: 0.1811 | Acc: 92.71% | Time: 0.0281s | GPU Mem: 0.29GB/3.70GB

训练 - Loss: 0.2496, Acc: 92.58%
测试 - Loss: 1.0209, Acc: 73.48%
学习率: 0.010000, 时间: 19.53s
GPU内存使用:
  GPU 1 - 已分配: 0.29GB, 已保留: 3.70GB

============================================================
Epoch 62/100
============================================================
Epoch: 61 [0/391] Loss: 0.1807 | Acc: 95.31% | Time: 0.0321s | GPU Mem: 0.29GB/3.70GB
Epoch: 61 [100/391] Loss: 0.2566 | Acc: 94.21% | Time: 0.0249s | GPU Mem: 0.29GB/3.70GB
Epoch: 61 [200/391] Loss: 0.3137 | Acc: 93.90% | Time: 0.0255s | GPU Mem: 0.29GB/3.70GB
Epoch: 61 [300/391] Loss: 0.2060 | Acc: 93.54% | Time: 0.0224s | GPU Mem: 0.29GB/3.70GB

训练 - Loss: 0.2277, Acc: 93.31%
测试 - Loss: 1.0400, Acc: 73.71%
学习率: 0.010000, 时间: 19.49s
GPU内存使用:
  GPU 1 - 已分配: 0.29GB, 已保留: 3.70GB

============================================================
Epoch 63/100
============================================================
Epoch: 62 [0/391] Loss: 0.2114 | Acc: 92.97% | Time: 0.0291s | GPU Mem: 0.29GB/3.70GB
Epoch: 62 [100/391] Loss: 0.1587 | Acc: 94.40% | Time: 0.0220s | GPU Mem: 0.29GB/3.70GB
Epoch: 62 [200/391] Loss: 0.1957 | Acc: 94.07% | Time: 0.0246s | GPU Mem: 0.29GB/3.70GB
Epoch: 62 [300/391] Loss: 0.1631 | Acc: 93.91% | Time: 0.0193s | GPU Mem: 0.29GB/3.70GB

训练 - Loss: 0.2137, Acc: 93.69%
测试 - Loss: 1.0636, Acc: 73.16%
学习率: 0.010000, 时间: 19.48s
GPU内存使用:
  GPU 1 - 已分配: 0.29GB, 已保留: 3.70GB

============================================================
Epoch 64/100
============================================================
Epoch: 63 [0/391] Loss: 0.2192 | Acc: 93.75% | Time: 0.0331s | GPU Mem: 0.29GB/3.70GB
Epoch: 63 [100/391] Loss: 0.2257 | Acc: 94.54% | Time: 0.0264s | GPU Mem: 0.29GB/3.70GB
Epoch: 63 [200/391] Loss: 0.2746 | Acc: 94.44% | Time: 0.0230s | GPU Mem: 0.29GB/3.70GB
Epoch: 63 [300/391] Loss: 0.2345 | Acc: 94.21% | Time: 0.0283s | GPU Mem: 0.29GB/3.70GB

训练 - Loss: 0.2019, Acc: 94.04%
测试 - Loss: 1.0738, Acc: 73.10%
学习率: 0.010000, 时间: 19.51s
GPU内存使用:
  GPU 1 - 已分配: 0.29GB, 已保留: 3.70GB

============================================================
Epoch 65/100
============================================================
Epoch: 64 [0/391] Loss: 0.1339 | Acc: 95.31% | Time: 0.0235s | GPU Mem: 0.29GB/3.70GB
Epoch: 64 [100/391] Loss: 0.1323 | Acc: 95.17% | Time: 0.0227s | GPU Mem: 0.29GB/3.70GB
Epoch: 64 [200/391] Loss: 0.2099 | Acc: 94.65% | Time: 0.0221s | GPU Mem: 0.29GB/3.70GB
Epoch: 64 [300/391] Loss: 0.1942 | Acc: 94.40% | Time: 0.0346s | GPU Mem: 0.29GB/3.70GB

训练 - Loss: 0.1960, Acc: 94.18%
测试 - Loss: 1.0784, Acc: 73.52%
学习率: 0.010000, 时间: 19.48s
GPU内存使用:
  GPU 1 - 已分配: 0.29GB, 已保留: 3.70GB

============================================================
Epoch 66/100
============================================================
Epoch: 65 [0/391] Loss: 0.1154 | Acc: 98.44% | Time: 0.0366s | GPU Mem: 0.29GB/3.70GB
Epoch: 65 [100/391] Loss: 0.2059 | Acc: 95.42% | Time: 0.0271s | GPU Mem: 0.29GB/3.70GB
Epoch: 65 [200/391] Loss: 0.1774 | Acc: 95.15% | Time: 0.0214s | GPU Mem: 0.29GB/3.70GB
Epoch: 65 [300/391] Loss: 0.2184 | Acc: 94.87% | Time: 0.0230s | GPU Mem: 0.29GB/3.70GB

训练 - Loss: 0.1841, Acc: 94.74%
测试 - Loss: 1.1021, Acc: 72.67%
学习率: 0.010000, 时间: 19.46s
GPU内存使用:
  GPU 1 - 已分配: 0.29GB, 已保留: 3.70GB

============================================================
Epoch 67/100
============================================================
Epoch: 66 [0/391] Loss: 0.1337 | Acc: 97.66% | Time: 0.0288s | GPU Mem: 0.29GB/3.70GB
Epoch: 66 [100/391] Loss: 0.1117 | Acc: 95.60% | Time: 0.0274s | GPU Mem: 0.29GB/3.70GB
Epoch: 66 [200/391] Loss: 0.1684 | Acc: 95.34% | Time: 0.0251s | GPU Mem: 0.29GB/3.70GB
Epoch: 66 [300/391] Loss: 0.1354 | Acc: 95.10% | Time: 0.0214s | GPU Mem: 0.29GB/3.70GB

训练 - Loss: 0.1744, Acc: 94.85%
测试 - Loss: 1.1368, Acc: 72.60%
学习率: 0.010000, 时间: 19.48s
GPU内存使用:
  GPU 1 - 已分配: 0.29GB, 已保留: 3.70GB

============================================================
Epoch 68/100
============================================================
Epoch: 67 [0/391] Loss: 0.1363 | Acc: 96.88% | Time: 0.0296s | GPU Mem: 0.29GB/3.70GB
Epoch: 67 [100/391] Loss: 0.1489 | Acc: 95.65% | Time: 0.0216s | GPU Mem: 0.29GB/3.70GB
Epoch: 67 [200/391] Loss: 0.1297 | Acc: 95.54% | Time: 0.0233s | GPU Mem: 0.29GB/3.70GB
Epoch: 67 [300/391] Loss: 0.2340 | Acc: 95.41% | Time: 0.0222s | GPU Mem: 0.29GB/3.70GB

训练 - Loss: 0.1678, Acc: 95.20%
测试 - Loss: 1.1454, Acc: 72.79%
学习率: 0.010000, 时间: 19.46s
GPU内存使用:
  GPU 1 - 已分配: 0.29GB, 已保留: 3.70GB

============================================================
Epoch 69/100
============================================================
Epoch: 68 [0/391] Loss: 0.1400 | Acc: 97.66% | Time: 0.0344s | GPU Mem: 0.29GB/3.70GB
Epoch: 68 [100/391] Loss: 0.1705 | Acc: 96.09% | Time: 0.0290s | GPU Mem: 0.29GB/3.70GB
Epoch: 68 [200/391] Loss: 0.1638 | Acc: 95.69% | Time: 0.0239s | GPU Mem: 0.29GB/3.70GB
Epoch: 68 [300/391] Loss: 0.1713 | Acc: 95.57% | Time: 0.0235s | GPU Mem: 0.29GB/3.70GB

训练 - Loss: 0.1603, Acc: 95.36%
测试 - Loss: 1.1395, Acc: 72.64%
学习率: 0.010000, 时间: 19.52s
GPU内存使用:
  GPU 1 - 已分配: 0.29GB, 已保留: 3.70GB

============================================================
Epoch 70/100
============================================================
Epoch: 69 [0/391] Loss: 0.1634 | Acc: 96.09% | Time: 0.0305s | GPU Mem: 0.29GB/3.70GB
Epoch: 69 [100/391] Loss: 0.1137 | Acc: 95.97% | Time: 0.0284s | GPU Mem: 0.29GB/3.70GB
Epoch: 69 [200/391] Loss: 0.1074 | Acc: 95.78% | Time: 0.0234s | GPU Mem: 0.29GB/3.70GB
Epoch: 69 [300/391] Loss: 0.1811 | Acc: 95.57% | Time: 0.0231s | GPU Mem: 0.29GB/3.70GB

训练 - Loss: 0.1614, Acc: 95.36%
测试 - Loss: 1.1720, Acc: 72.15%
学习率: 0.010000, 时间: 19.51s
GPU内存使用:
  GPU 1 - 已分配: 0.29GB, 已保留: 3.70GB
保存checkpoint到: ./checkpoints/checkpoint_epoch_70.pth

============================================================
Epoch 71/100
============================================================
Epoch: 70 [0/391] Loss: 0.0576 | Acc: 99.22% | Time: 0.0278s | GPU Mem: 0.29GB/3.70GB
Epoch: 70 [100/391] Loss: 0.1164 | Acc: 96.19% | Time: 0.0254s | GPU Mem: 0.29GB/3.70GB
Epoch: 70 [200/391] Loss: 0.1921 | Acc: 96.17% | Time: 0.0218s | GPU Mem: 0.29GB/3.70GB
Epoch: 70 [300/391] Loss: 0.2293 | Acc: 95.83% | Time: 0.0313s | GPU Mem: 0.29GB/3.70GB

训练 - Loss: 0.1551, Acc: 95.60%
测试 - Loss: 1.1742, Acc: 71.88%
学习率: 0.010000, 时间: 19.49s
GPU内存使用:
  GPU 1 - 已分配: 0.29GB, 已保留: 3.70GB

============================================================
Epoch 72/100
============================================================
Epoch: 71 [0/391] Loss: 0.1274 | Acc: 96.88% | Time: 0.0266s | GPU Mem: 0.29GB/3.70GB
Epoch: 71 [100/391] Loss: 0.1522 | Acc: 95.90% | Time: 0.0278s | GPU Mem: 0.29GB/3.70GB
Epoch: 71 [200/391] Loss: 0.2285 | Acc: 95.74% | Time: 0.0287s | GPU Mem: 0.29GB/3.70GB
Epoch: 71 [300/391] Loss: 0.1437 | Acc: 95.67% | Time: 0.0222s | GPU Mem: 0.29GB/3.70GB

训练 - Loss: 0.1557, Acc: 95.52%
测试 - Loss: 1.1866, Acc: 72.14%
学习率: 0.010000, 时间: 19.52s
GPU内存使用:
  GPU 1 - 已分配: 0.29GB, 已保留: 3.70GB

============================================================
Epoch 73/100
============================================================
Epoch: 72 [0/391] Loss: 0.1211 | Acc: 96.88% | Time: 0.0222s | GPU Mem: 0.29GB/3.70GB
Epoch: 72 [100/391] Loss: 0.0832 | Acc: 96.34% | Time: 0.0217s | GPU Mem: 0.29GB/3.70GB
Epoch: 72 [200/391] Loss: 0.1793 | Acc: 96.25% | Time: 0.0280s | GPU Mem: 0.29GB/3.70GB
Epoch: 72 [300/391] Loss: 0.1566 | Acc: 95.99% | Time: 0.0299s | GPU Mem: 0.29GB/3.70GB

训练 - Loss: 0.1467, Acc: 95.85%
测试 - Loss: 1.1749, Acc: 72.38%
学习率: 0.010000, 时间: 19.52s
GPU内存使用:
  GPU 1 - 已分配: 0.29GB, 已保留: 3.70GB

============================================================
Epoch 74/100
============================================================
Epoch: 73 [0/391] Loss: 0.0930 | Acc: 97.66% | Time: 0.0202s | GPU Mem: 0.29GB/3.70GB
Epoch: 73 [100/391] Loss: 0.1631 | Acc: 96.29% | Time: 0.0267s | GPU Mem: 0.29GB/3.70GB
Epoch: 73 [200/391] Loss: 0.2168 | Acc: 96.21% | Time: 0.0319s | GPU Mem: 0.29GB/3.70GB
Epoch: 73 [300/391] Loss: 0.1663 | Acc: 96.03% | Time: 0.0288s | GPU Mem: 0.29GB/3.70GB

训练 - Loss: 0.1465, Acc: 95.83%
测试 - Loss: 1.1934, Acc: 71.44%
学习率: 0.010000, 时间: 19.47s
GPU内存使用:
  GPU 1 - 已分配: 0.29GB, 已保留: 3.70GB

============================================================
Epoch 75/100
============================================================
Epoch: 74 [0/391] Loss: 0.1708 | Acc: 96.09% | Time: 0.0292s | GPU Mem: 0.29GB/3.70GB
Epoch: 74 [100/391] Loss: 0.1303 | Acc: 96.10% | Time: 0.0216s | GPU Mem: 0.29GB/3.70GB
Epoch: 74 [200/391] Loss: 0.1668 | Acc: 95.95% | Time: 0.0233s | GPU Mem: 0.29GB/3.70GB
Epoch: 74 [300/391] Loss: 0.1470 | Acc: 95.68% | Time: 0.0282s | GPU Mem: 0.29GB/3.70GB

训练 - Loss: 0.1513, Acc: 95.60%
测试 - Loss: 1.2142, Acc: 71.38%
学习率: 0.010000, 时间: 19.48s
GPU内存使用:
  GPU 1 - 已分配: 0.29GB, 已保留: 3.70GB

============================================================
Epoch 76/100
============================================================
Epoch: 75 [0/391] Loss: 0.1630 | Acc: 94.53% | Time: 0.0259s | GPU Mem: 0.29GB/3.70GB
Epoch: 75 [100/391] Loss: 0.0959 | Acc: 96.21% | Time: 0.0217s | GPU Mem: 0.29GB/3.70GB
Epoch: 75 [200/391] Loss: 0.1175 | Acc: 96.19% | Time: 0.0261s | GPU Mem: 0.29GB/3.70GB
Epoch: 75 [300/391] Loss: 0.1445 | Acc: 95.92% | Time: 0.0279s | GPU Mem: 0.29GB/3.70GB

训练 - Loss: 0.1506, Acc: 95.65%
测试 - Loss: 1.2055, Acc: 72.06%
学习率: 0.010000, 时间: 19.45s
GPU内存使用:
  GPU 1 - 已分配: 0.29GB, 已保留: 3.70GB

============================================================
Epoch 77/100
============================================================
Epoch: 76 [0/391] Loss: 0.0520 | Acc: 99.22% | Time: 0.0331s | GPU Mem: 0.29GB/3.70GB
Epoch: 76 [100/391] Loss: 0.1663 | Acc: 96.26% | Time: 0.0216s | GPU Mem: 0.29GB/3.70GB
Epoch: 76 [200/391] Loss: 0.1572 | Acc: 96.04% | Time: 0.0223s | GPU Mem: 0.29GB/3.70GB
Epoch: 76 [300/391] Loss: 0.1772 | Acc: 95.82% | Time: 0.0227s | GPU Mem: 0.29GB/3.70GB

训练 - Loss: 0.1542, Acc: 95.63%
测试 - Loss: 1.1937, Acc: 71.64%
学习率: 0.010000, 时间: 19.47s
GPU内存使用:
  GPU 1 - 已分配: 0.29GB, 已保留: 3.70GB

============================================================
Epoch 78/100
============================================================
Epoch: 77 [0/391] Loss: 0.1377 | Acc: 96.88% | Time: 0.0294s | GPU Mem: 0.29GB/3.70GB
Epoch: 77 [100/391] Loss: 0.1138 | Acc: 96.36% | Time: 0.0268s | GPU Mem: 0.29GB/3.70GB
Epoch: 77 [200/391] Loss: 0.1275 | Acc: 96.14% | Time: 0.0240s | GPU Mem: 0.29GB/3.70GB
Epoch: 77 [300/391] Loss: 0.1359 | Acc: 95.93% | Time: 0.0241s | GPU Mem: 0.29GB/3.70GB

训练 - Loss: 0.1511, Acc: 95.64%
测试 - Loss: 1.2240, Acc: 71.66%
学习率: 0.010000, 时间: 19.51s
GPU内存使用:
  GPU 1 - 已分配: 0.29GB, 已保留: 3.70GB

============================================================
Epoch 79/100
============================================================
Epoch: 78 [0/391] Loss: 0.1340 | Acc: 95.31% | Time: 0.0332s | GPU Mem: 0.29GB/3.70GB
Epoch: 78 [100/391] Loss: 0.1607 | Acc: 96.26% | Time: 0.0270s | GPU Mem: 0.29GB/3.70GB
Epoch: 78 [200/391] Loss: 0.1437 | Acc: 96.03% | Time: 0.0261s | GPU Mem: 0.29GB/3.70GB
Epoch: 78 [300/391] Loss: 0.2377 | Acc: 95.82% | Time: 0.0219s | GPU Mem: 0.29GB/3.70GB

训练 - Loss: 0.1543, Acc: 95.55%
测试 - Loss: 1.2198, Acc: 72.10%
学习率: 0.010000, 时间: 19.48s
GPU内存使用:
  GPU 1 - 已分配: 0.29GB, 已保留: 3.70GB

============================================================
Epoch 80/100
============================================================
Epoch: 79 [0/391] Loss: 0.1412 | Acc: 95.31% | Time: 0.0264s | GPU Mem: 0.29GB/3.70GB
Epoch: 79 [100/391] Loss: 0.1709 | Acc: 96.67% | Time: 0.0217s | GPU Mem: 0.29GB/3.70GB
Epoch: 79 [200/391] Loss: 0.0931 | Acc: 96.45% | Time: 0.0288s | GPU Mem: 0.29GB/3.70GB
Epoch: 79 [300/391] Loss: 0.0960 | Acc: 96.21% | Time: 0.0257s | GPU Mem: 0.29GB/3.70GB

训练 - Loss: 0.1430, Acc: 95.96%
测试 - Loss: 1.2511, Acc: 71.46%
学习率: 0.010000, 时间: 19.49s
GPU内存使用:
  GPU 1 - 已分配: 0.29GB, 已保留: 3.70GB
保存checkpoint到: ./checkpoints/checkpoint_epoch_80.pth

============================================================
Epoch 81/100
============================================================
Epoch: 80 [0/391] Loss: 0.0880 | Acc: 98.44% | Time: 0.0304s | GPU Mem: 0.29GB/3.70GB
Epoch: 80 [100/391] Loss: 0.1233 | Acc: 96.32% | Time: 0.0242s | GPU Mem: 0.29GB/3.70GB
Epoch: 80 [200/391] Loss: 0.2412 | Acc: 95.98% | Time: 0.0294s | GPU Mem: 0.29GB/3.70GB
Epoch: 80 [300/391] Loss: 0.1469 | Acc: 95.81% | Time: 0.0273s | GPU Mem: 0.29GB/3.70GB

训练 - Loss: 0.1569, Acc: 95.53%
测试 - Loss: 1.2748, Acc: 70.50%
学习率: 0.010000, 时间: 19.53s
GPU内存使用:
  GPU 1 - 已分配: 0.29GB, 已保留: 3.70GB

============================================================
Epoch 82/100
============================================================
Epoch: 81 [0/391] Loss: 0.1256 | Acc: 97.66% | Time: 0.0269s | GPU Mem: 0.29GB/3.70GB
Epoch: 81 [100/391] Loss: 0.1444 | Acc: 95.69% | Time: 0.0266s | GPU Mem: 0.29GB/3.70GB
Epoch: 81 [200/391] Loss: 0.1434 | Acc: 95.68% | Time: 0.0215s | GPU Mem: 0.29GB/3.70GB
Epoch: 81 [300/391] Loss: 0.1511 | Acc: 95.53% | Time: 0.0213s | GPU Mem: 0.29GB/3.70GB

训练 - Loss: 0.1596, Acc: 95.35%
测试 - Loss: 1.2085, Acc: 71.65%
学习率: 0.010000, 时间: 19.47s
GPU内存使用:
  GPU 1 - 已分配: 0.29GB, 已保留: 3.70GB

============================================================
Epoch 83/100
============================================================
Epoch: 82 [0/391] Loss: 0.1571 | Acc: 93.75% | Time: 0.0265s | GPU Mem: 0.29GB/3.70GB
Epoch: 82 [100/391] Loss: 0.1047 | Acc: 96.36% | Time: 0.0234s | GPU Mem: 0.29GB/3.70GB
Epoch: 82 [200/391] Loss: 0.1090 | Acc: 96.02% | Time: 0.0214s | GPU Mem: 0.29GB/3.70GB
Epoch: 82 [300/391] Loss: 0.1687 | Acc: 95.88% | Time: 0.0232s | GPU Mem: 0.29GB/3.70GB

训练 - Loss: 0.1563, Acc: 95.57%
测试 - Loss: 1.2472, Acc: 71.05%
学习率: 0.010000, 时间: 19.46s
GPU内存使用:
  GPU 1 - 已分配: 0.29GB, 已保留: 3.70GB

============================================================
Epoch 84/100
============================================================
Epoch: 83 [0/391] Loss: 0.0892 | Acc: 98.44% | Time: 0.0259s | GPU Mem: 0.29GB/3.70GB
Epoch: 83 [100/391] Loss: 0.1238 | Acc: 95.98% | Time: 0.0272s | GPU Mem: 0.29GB/3.70GB
Epoch: 83 [200/391] Loss: 0.1896 | Acc: 96.05% | Time: 0.0231s | GPU Mem: 0.29GB/3.70GB
Epoch: 83 [300/391] Loss: 0.1385 | Acc: 95.87% | Time: 0.0268s | GPU Mem: 0.29GB/3.70GB

训练 - Loss: 0.1511, Acc: 95.68%
测试 - Loss: 1.2581, Acc: 70.89%
学习率: 0.010000, 时间: 19.48s
GPU内存使用:
  GPU 1 - 已分配: 0.29GB, 已保留: 3.70GB

============================================================
Epoch 85/100
============================================================
Epoch: 84 [0/391] Loss: 0.1483 | Acc: 96.09% | Time: 0.0272s | GPU Mem: 0.29GB/3.70GB
Epoch: 84 [100/391] Loss: 0.1512 | Acc: 95.99% | Time: 0.0285s | GPU Mem: 0.29GB/3.70GB
Epoch: 84 [200/391] Loss: 0.1436 | Acc: 95.85% | Time: 0.0232s | GPU Mem: 0.29GB/3.70GB
Epoch: 84 [300/391] Loss: 0.1550 | Acc: 95.72% | Time: 0.0213s | GPU Mem: 0.29GB/3.70GB

训练 - Loss: 0.1543, Acc: 95.48%
测试 - Loss: 1.2268, Acc: 70.68%
学习率: 0.010000, 时间: 19.45s
GPU内存使用:
  GPU 1 - 已分配: 0.29GB, 已保留: 3.70GB

============================================================
Epoch 86/100
============================================================
Epoch: 85 [0/391] Loss: 0.0966 | Acc: 97.66% | Time: 0.0378s | GPU Mem: 0.29GB/3.70GB
Epoch: 85 [100/391] Loss: 0.1196 | Acc: 96.53% | Time: 0.0286s | GPU Mem: 0.29GB/3.70GB
Epoch: 85 [200/391] Loss: 0.1491 | Acc: 96.39% | Time: 0.0255s | GPU Mem: 0.29GB/3.70GB
Epoch: 85 [300/391] Loss: 0.1468 | Acc: 96.32% | Time: 0.0287s | GPU Mem: 0.29GB/3.70GB

训练 - Loss: 0.1393, Acc: 96.06%
测试 - Loss: 1.2918, Acc: 70.45%
学习率: 0.010000, 时间: 19.45s
GPU内存使用:
  GPU 1 - 已分配: 0.29GB, 已保留: 3.70GB

============================================================
Epoch 87/100
============================================================
Epoch: 86 [0/391] Loss: 0.1564 | Acc: 95.31% | Time: 0.0283s | GPU Mem: 0.29GB/3.70GB
Epoch: 86 [100/391] Loss: 0.1705 | Acc: 95.98% | Time: 0.0212s | GPU Mem: 0.29GB/3.70GB
Epoch: 86 [200/391] Loss: 0.1899 | Acc: 96.08% | Time: 0.0254s | GPU Mem: 0.29GB/3.70GB
Epoch: 86 [300/391] Loss: 0.1267 | Acc: 95.86% | Time: 0.0218s | GPU Mem: 0.29GB/3.70GB

训练 - Loss: 0.1534, Acc: 95.65%
测试 - Loss: 1.2590, Acc: 70.69%
学习率: 0.010000, 时间: 19.42s
GPU内存使用:
  GPU 1 - 已分配: 0.29GB, 已保留: 3.70GB

============================================================
Epoch 88/100
============================================================
Epoch: 87 [0/391] Loss: 0.2102 | Acc: 94.53% | Time: 0.0253s | GPU Mem: 0.29GB/3.70GB
Epoch: 87 [100/391] Loss: 0.1113 | Acc: 96.46% | Time: 0.0310s | GPU Mem: 0.29GB/3.70GB
Epoch: 87 [200/391] Loss: 0.1393 | Acc: 96.26% | Time: 0.0216s | GPU Mem: 0.29GB/3.70GB
Epoch: 87 [300/391] Loss: 0.1621 | Acc: 96.04% | Time: 0.0219s | GPU Mem: 0.29GB/3.70GB

训练 - Loss: 0.1481, Acc: 95.79%
测试 - Loss: 1.2439, Acc: 70.74%
学习率: 0.010000, 时间: 19.50s
GPU内存使用:
  GPU 1 - 已分配: 0.29GB, 已保留: 3.70GB

============================================================
Epoch 89/100
============================================================
Epoch: 88 [0/391] Loss: 0.1551 | Acc: 96.88% | Time: 0.0363s | GPU Mem: 0.29GB/3.70GB
Epoch: 88 [100/391] Loss: 0.0979 | Acc: 96.64% | Time: 0.0269s | GPU Mem: 0.29GB/3.70GB
Epoch: 88 [200/391] Loss: 0.0740 | Acc: 96.39% | Time: 0.0213s | GPU Mem: 0.29GB/3.70GB
Epoch: 88 [300/391] Loss: 0.2303 | Acc: 96.18% | Time: 0.0231s | GPU Mem: 0.29GB/3.70GB

训练 - Loss: 0.1435, Acc: 95.96%
测试 - Loss: 1.2475, Acc: 71.47%
学习率: 0.010000, 时间: 19.48s
GPU内存使用:
  GPU 1 - 已分配: 0.29GB, 已保留: 3.70GB

============================================================
Epoch 90/100
============================================================
Epoch: 89 [0/391] Loss: 0.1753 | Acc: 96.09% | Time: 0.0284s | GPU Mem: 0.29GB/3.70GB
Epoch: 89 [100/391] Loss: 0.1159 | Acc: 96.17% | Time: 0.0221s | GPU Mem: 0.29GB/3.70GB
Epoch: 89 [200/391] Loss: 0.2080 | Acc: 95.86% | Time: 0.0287s | GPU Mem: 0.29GB/3.70GB
Epoch: 89 [300/391] Loss: 0.1976 | Acc: 95.41% | Time: 0.0226s | GPU Mem: 0.29GB/3.70GB

训练 - Loss: 0.1655, Acc: 95.16%
测试 - Loss: 1.2917, Acc: 69.83%
学习率: 0.010000, 时间: 19.43s
GPU内存使用:
  GPU 1 - 已分配: 0.29GB, 已保留: 3.70GB
保存checkpoint到: ./checkpoints/checkpoint_epoch_90.pth

============================================================
Epoch 91/100
============================================================
Epoch: 90 [0/391] Loss: 0.1670 | Acc: 93.75% | Time: 0.0294s | GPU Mem: 0.29GB/3.70GB
Epoch: 90 [100/391] Loss: 0.1039 | Acc: 95.47% | Time: 0.0282s | GPU Mem: 0.29GB/3.70GB
Epoch: 90 [200/391] Loss: 0.0993 | Acc: 95.88% | Time: 0.0236s | GPU Mem: 0.29GB/3.70GB
Epoch: 90 [300/391] Loss: 0.2597 | Acc: 95.63% | Time: 0.0236s | GPU Mem: 0.29GB/3.70GB

训练 - Loss: 0.1571, Acc: 95.55%
测试 - Loss: 1.3040, Acc: 69.73%
学习率: 0.010000, 时间: 19.45s
GPU内存使用:
  GPU 1 - 已分配: 0.29GB, 已保留: 3.70GB

============================================================
Epoch 92/100
============================================================
Epoch: 91 [0/391] Loss: 0.1545 | Acc: 94.53% | Time: 0.0315s | GPU Mem: 0.29GB/3.70GB
Epoch: 91 [100/391] Loss: 0.1015 | Acc: 96.38% | Time: 0.0277s | GPU Mem: 0.29GB/3.70GB
Epoch: 91 [200/391] Loss: 0.0930 | Acc: 96.29% | Time: 0.0236s | GPU Mem: 0.29GB/3.70GB
Epoch: 91 [300/391] Loss: 0.2411 | Acc: 96.06% | Time: 0.0224s | GPU Mem: 0.29GB/3.70GB

训练 - Loss: 0.1491, Acc: 95.81%
测试 - Loss: 1.2869, Acc: 70.92%
学习率: 0.010000, 时间: 19.47s
GPU内存使用:
  GPU 1 - 已分配: 0.29GB, 已保留: 3.70GB

============================================================
Epoch 93/100
============================================================
Epoch: 92 [0/391] Loss: 0.1046 | Acc: 96.88% | Time: 0.0319s | GPU Mem: 0.29GB/3.70GB
Epoch: 92 [100/391] Loss: 0.1342 | Acc: 95.95% | Time: 0.0272s | GPU Mem: 0.29GB/3.70GB
Epoch: 92 [200/391] Loss: 0.1677 | Acc: 96.06% | Time: 0.0254s | GPU Mem: 0.29GB/3.70GB
Epoch: 92 [300/391] Loss: 0.1643 | Acc: 95.97% | Time: 0.0277s | GPU Mem: 0.29GB/3.70GB

训练 - Loss: 0.1513, Acc: 95.68%
测试 - Loss: 1.3178, Acc: 69.93%
学习率: 0.010000, 时间: 19.44s
GPU内存使用:
  GPU 1 - 已分配: 0.29GB, 已保留: 3.70GB

============================================================
Epoch 94/100
============================================================
Epoch: 93 [0/391] Loss: 0.1088 | Acc: 97.66% | Time: 0.0267s | GPU Mem: 0.29GB/3.70GB
Epoch: 93 [100/391] Loss: 0.1710 | Acc: 95.96% | Time: 0.0238s | GPU Mem: 0.29GB/3.70GB
Epoch: 93 [200/391] Loss: 0.1192 | Acc: 96.02% | Time: 0.0223s | GPU Mem: 0.29GB/3.70GB
Epoch: 93 [300/391] Loss: 0.1328 | Acc: 95.78% | Time: 0.0244s | GPU Mem: 0.29GB/3.70GB

训练 - Loss: 0.1523, Acc: 95.62%
测试 - Loss: 1.2586, Acc: 70.15%
学习率: 0.010000, 时间: 19.46s
GPU内存使用:
  GPU 1 - 已分配: 0.29GB, 已保留: 3.70GB

============================================================
Epoch 95/100
============================================================
Epoch: 94 [0/391] Loss: 0.1507 | Acc: 94.53% | Time: 0.0280s | GPU Mem: 0.29GB/3.70GB
Epoch: 94 [100/391] Loss: 0.1701 | Acc: 96.14% | Time: 0.0243s | GPU Mem: 0.29GB/3.70GB
Epoch: 94 [200/391] Loss: 0.1345 | Acc: 95.98% | Time: 0.0269s | GPU Mem: 0.29GB/3.70GB
Epoch: 94 [300/391] Loss: 0.1684 | Acc: 95.80% | Time: 0.0291s | GPU Mem: 0.29GB/3.70GB

训练 - Loss: 0.1557, Acc: 95.51%
测试 - Loss: 1.2765, Acc: 70.19%
学习率: 0.010000, 时间: 19.44s
GPU内存使用:
  GPU 1 - 已分配: 0.29GB, 已保留: 3.70GB

============================================================
Epoch 96/100
============================================================
Epoch: 95 [0/391] Loss: 0.1276 | Acc: 94.53% | Time: 0.0329s | GPU Mem: 0.29GB/3.70GB
Epoch: 95 [100/391] Loss: 0.1791 | Acc: 95.85% | Time: 0.0231s | GPU Mem: 0.29GB/3.70GB
Epoch: 95 [200/391] Loss: 0.1235 | Acc: 95.83% | Time: 0.0217s | GPU Mem: 0.29GB/3.70GB
Epoch: 95 [300/391] Loss: 0.1357 | Acc: 95.65% | Time: 0.0266s | GPU Mem: 0.29GB/3.70GB

训练 - Loss: 0.1577, Acc: 95.38%
测试 - Loss: 1.3202, Acc: 69.78%
学习率: 0.010000, 时间: 19.44s
GPU内存使用:
  GPU 1 - 已分配: 0.29GB, 已保留: 3.70GB

============================================================
Epoch 97/100
============================================================
Epoch: 96 [0/391] Loss: 0.1510 | Acc: 95.31% | Time: 0.0274s | GPU Mem: 0.29GB/3.70GB
Epoch: 96 [100/391] Loss: 0.1650 | Acc: 95.84% | Time: 0.0212s | GPU Mem: 0.29GB/3.70GB
Epoch: 96 [200/391] Loss: 0.0857 | Acc: 95.69% | Time: 0.0236s | GPU Mem: 0.29GB/3.70GB
Epoch: 96 [300/391] Loss: 0.1744 | Acc: 95.58% | Time: 0.0233s | GPU Mem: 0.29GB/3.70GB

训练 - Loss: 0.1599, Acc: 95.36%
测试 - Loss: 1.3134, Acc: 70.20%
学习率: 0.010000, 时间: 19.47s
GPU内存使用:
  GPU 1 - 已分配: 0.29GB, 已保留: 3.70GB

============================================================
Epoch 98/100
============================================================
Epoch: 97 [0/391] Loss: 0.1120 | Acc: 96.88% | Time: 0.0285s | GPU Mem: 0.29GB/3.70GB
Epoch: 97 [100/391] Loss: 0.1599 | Acc: 96.17% | Time: 0.0248s | GPU Mem: 0.29GB/3.70GB
Epoch: 97 [200/391] Loss: 0.1068 | Acc: 96.09% | Time: 0.0213s | GPU Mem: 0.29GB/3.70GB
Epoch: 97 [300/391] Loss: 0.1636 | Acc: 95.97% | Time: 0.0226s | GPU Mem: 0.29GB/3.70GB

训练 - Loss: 0.1516, Acc: 95.71%
测试 - Loss: 1.2806, Acc: 69.44%
学习率: 0.010000, 时间: 19.44s
GPU内存使用:
  GPU 1 - 已分配: 0.29GB, 已保留: 3.70GB

============================================================
Epoch 99/100
============================================================
Epoch: 98 [0/391] Loss: 0.1137 | Acc: 94.53% | Time: 0.0330s | GPU Mem: 0.29GB/3.70GB
Epoch: 98 [100/391] Loss: 0.0812 | Acc: 96.26% | Time: 0.0197s | GPU Mem: 0.29GB/3.70GB
Epoch: 98 [200/391] Loss: 0.2122 | Acc: 95.88% | Time: 0.0305s | GPU Mem: 0.29GB/3.70GB
Epoch: 98 [300/391] Loss: 0.1242 | Acc: 95.67% | Time: 0.0291s | GPU Mem: 0.29GB/3.70GB

训练 - Loss: 0.1534, Acc: 95.54%
测试 - Loss: 1.2863, Acc: 70.68%
学习率: 0.010000, 时间: 19.43s
GPU内存使用:
  GPU 1 - 已分配: 0.29GB, 已保留: 3.70GB

============================================================
Epoch 100/100
============================================================
Epoch: 99 [0/391] Loss: 0.1370 | Acc: 96.09% | Time: 0.0286s | GPU Mem: 0.29GB/3.70GB
Epoch: 99 [100/391] Loss: 0.1199 | Acc: 96.49% | Time: 0.0215s | GPU Mem: 0.29GB/3.70GB
Epoch: 99 [200/391] Loss: 0.1101 | Acc: 96.26% | Time: 0.0232s | GPU Mem: 0.29GB/3.70GB
Epoch: 99 [300/391] Loss: 0.2161 | Acc: 96.08% | Time: 0.0216s | GPU Mem: 0.29GB/3.70GB

训练 - Loss: 0.1404, Acc: 95.92%
测试 - Loss: 1.3324, Acc: 70.18%
学习率: 0.001000, 时间: 19.46s
GPU内存使用:
  GPU 1 - 已分配: 0.29GB, 已保留: 3.70GB
保存checkpoint到: ./checkpoints/checkpoint_epoch_100.pth

============================================================
训练完成!
============================================================
总时间: 2150.82秒 (35.85分钟)
平均每epoch: 21.51秒
最佳测试准确率: 74.57%
保存最终模型到: ./experiments/group_3_dataloader_optimization_across_training_modes/checkpoints/single_resnet50_bs128_gpu1_nw2_chunks0.pth

训练完成!
