====================================================================================================
Experiment: single_resnet50_bs128_gpu1_nw1_chunks0
Parameters: {
  "mode": "single",
  "model": "resnet50",
  "batch_size": 128,
  "epochs": 100,
  "dataset": "cifar100",
  "gpu_ids": [
    1
  ],
  "num_workers": 1,
  "prefetch_factor": 1,
  "chunks": 0,
  "num_gpus": 1
}
Command: python -u main.py --mode single --model resnet50 --batch-size 128 --epochs 100 --dataset cifar100 --gpu-ids 1 --num-workers 1 --prefetch-factor 1 --chunks 0 --final-checkpoint-path ./experiments/group_3_dataloader_optimization_across_training_modes/checkpoints/single_resnet50_bs128_gpu1_nw1_chunks0.pth
Start Time: 2025-12-10T04:22:15.423864
====================================================================================================

================================================================================
训练配置:
================================================================================
  mode                     : single
  gpu_ids                  : [1]
  num_gpus                 : 1
  num_workers              : 1
  prefetch_factor          : 1
  pin_memory               : True
  persistent_workers       : True
  batch_size               : 128
  epochs                   : 100
  lr                       : 0.1
  momentum                 : 0.9
  weight_decay             : 0.0005
  lr_schedule              : step
  lr_step_size             : 50
  lr_gamma                 : 0.1
  dataset                  : cifar100
  data_root                : ./data
  num_classes              : 100
  model                    : resnet50
  save_dir                 : ./checkpoints
  log_interval             : 100
  save_interval            : 10
  final_checkpoint_path    : ./experiments/group_3_dataloader_optimization_across_training_modes/checkpoints/single_resnet50_bs128_gpu1_nw1_chunks0.pth
  seed                     : 42
  resume                   : None
  evaluate                 : False
  dist_backend             : nccl
  dist_url                 : env://
  effective_batch_size     : 128
  chunks                   : 0
================================================================================

可用GPU数量: 7
  GPU 1: NVIDIA GeForce RTX 4090

使用训练模式: SINGLE

初始化单GPU训练器...
使用设备: cuda:1

开始训练 100 个epochs...
Batch size: 128
学习率: 0.1

============================================================
Epoch 1/100
============================================================
Epoch: 0 [0/391] Loss: 4.8530 | Acc: 0.00% | Time: 0.6718s | GPU Mem: 0.29GB/3.70GB
Epoch: 0 [100/391] Loss: 4.6265 | Acc: 1.23% | Time: 0.0279s | GPU Mem: 0.29GB/3.70GB
Epoch: 0 [200/391] Loss: 4.5571 | Acc: 1.35% | Time: 0.0248s | GPU Mem: 0.29GB/3.70GB
Epoch: 0 [300/391] Loss: 4.3754 | Acc: 1.61% | Time: 0.0275s | GPU Mem: 0.29GB/3.70GB

训练 - Loss: 4.7118, Acc: 1.90%
测试 - Loss: 4.2791, Acc: 3.68%
学习率: 0.100000, 时间: 21.85s
GPU内存使用:
  GPU 1 - 已分配: 0.29GB, 已保留: 3.70GB
最佳准确率更新: 0.00% -> 3.68%
保存最佳模型到: ./checkpoints/best_model.pth

============================================================
Epoch 2/100
============================================================
Epoch: 1 [0/391] Loss: 4.2173 | Acc: 3.12% | Time: 0.0360s | GPU Mem: 0.29GB/3.70GB
Epoch: 1 [100/391] Loss: 4.2037 | Acc: 4.46% | Time: 0.0325s | GPU Mem: 0.29GB/3.70GB
Epoch: 1 [200/391] Loss: 4.0997 | Acc: 4.81% | Time: 0.0343s | GPU Mem: 0.29GB/3.70GB
Epoch: 1 [300/391] Loss: 3.8902 | Acc: 5.24% | Time: 0.0250s | GPU Mem: 0.29GB/3.70GB

训练 - Loss: 4.0922, Acc: 5.64%
测试 - Loss: 3.9086, Acc: 7.92%
学习率: 0.100000, 时间: 20.65s
GPU内存使用:
  GPU 1 - 已分配: 0.29GB, 已保留: 3.70GB
最佳准确率更新: 3.68% -> 7.92%
保存最佳模型到: ./checkpoints/best_model.pth

============================================================
Epoch 3/100
============================================================
Epoch: 2 [0/391] Loss: 3.8233 | Acc: 9.38% | Time: 0.0322s | GPU Mem: 0.29GB/3.70GB
Epoch: 2 [100/391] Loss: 3.9478 | Acc: 8.07% | Time: 0.0270s | GPU Mem: 0.29GB/3.70GB
Epoch: 2 [200/391] Loss: 3.7594 | Acc: 8.50% | Time: 0.0212s | GPU Mem: 0.29GB/3.70GB
Epoch: 2 [300/391] Loss: 3.5955 | Acc: 8.82% | Time: 0.0233s | GPU Mem: 0.29GB/3.70GB

训练 - Loss: 3.8144, Acc: 9.35%
测试 - Loss: 3.6720, Acc: 12.05%
学习率: 0.100000, 时间: 20.05s
GPU内存使用:
  GPU 1 - 已分配: 0.29GB, 已保留: 3.70GB
最佳准确率更新: 7.92% -> 12.05%
保存最佳模型到: ./checkpoints/best_model.pth

============================================================
Epoch 4/100
============================================================
Epoch: 3 [0/391] Loss: 3.5170 | Acc: 16.41% | Time: 0.0368s | GPU Mem: 0.29GB/3.70GB
Epoch: 3 [100/391] Loss: 3.4699 | Acc: 12.18% | Time: 0.0225s | GPU Mem: 0.29GB/3.70GB
Epoch: 3 [200/391] Loss: 3.8098 | Acc: 12.99% | Time: 0.0266s | GPU Mem: 0.29GB/3.70GB
Epoch: 3 [300/391] Loss: 3.4645 | Acc: 13.78% | Time: 0.0297s | GPU Mem: 0.29GB/3.70GB

训练 - Loss: 3.5431, Acc: 14.47%
测试 - Loss: 3.4476, Acc: 16.90%
学习率: 0.100000, 时间: 20.54s
GPU内存使用:
  GPU 1 - 已分配: 0.29GB, 已保留: 3.70GB
最佳准确率更新: 12.05% -> 16.90%
保存最佳模型到: ./checkpoints/best_model.pth

============================================================
Epoch 5/100
============================================================
Epoch: 4 [0/391] Loss: 3.2473 | Acc: 16.41% | Time: 0.0368s | GPU Mem: 0.29GB/3.70GB
Epoch: 4 [100/391] Loss: 3.3323 | Acc: 18.12% | Time: 0.0207s | GPU Mem: 0.29GB/3.70GB
Epoch: 4 [200/391] Loss: 2.9156 | Acc: 18.56% | Time: 0.0276s | GPU Mem: 0.29GB/3.70GB
Epoch: 4 [300/391] Loss: 3.0593 | Acc: 19.23% | Time: 0.0241s | GPU Mem: 0.29GB/3.70GB

训练 - Loss: 3.2666, Acc: 19.57%
测试 - Loss: 3.2750, Acc: 20.14%
学习率: 0.100000, 时间: 20.74s
GPU内存使用:
  GPU 1 - 已分配: 0.29GB, 已保留: 3.70GB
最佳准确率更新: 16.90% -> 20.14%
保存最佳模型到: ./checkpoints/best_model.pth

============================================================
Epoch 6/100
============================================================
Epoch: 5 [0/391] Loss: 3.0387 | Acc: 23.44% | Time: 0.0325s | GPU Mem: 0.29GB/3.70GB
Epoch: 5 [100/391] Loss: 2.9337 | Acc: 22.83% | Time: 0.0326s | GPU Mem: 0.29GB/3.70GB
Epoch: 5 [200/391] Loss: 3.1920 | Acc: 23.46% | Time: 0.0231s | GPU Mem: 0.29GB/3.70GB
Epoch: 5 [300/391] Loss: 2.9756 | Acc: 23.69% | Time: 0.0246s | GPU Mem: 0.29GB/3.70GB

训练 - Loss: 3.0332, Acc: 24.23%
测试 - Loss: 2.9909, Acc: 25.57%
学习率: 0.100000, 时间: 20.39s
GPU内存使用:
  GPU 1 - 已分配: 0.29GB, 已保留: 3.70GB
最佳准确率更新: 20.14% -> 25.57%
保存最佳模型到: ./checkpoints/best_model.pth

============================================================
Epoch 7/100
============================================================
Epoch: 6 [0/391] Loss: 2.7100 | Acc: 27.34% | Time: 0.0352s | GPU Mem: 0.29GB/3.70GB
Epoch: 6 [100/391] Loss: 2.9902 | Acc: 27.77% | Time: 0.0286s | GPU Mem: 0.29GB/3.70GB
Epoch: 6 [200/391] Loss: 2.7469 | Acc: 28.13% | Time: 0.0230s | GPU Mem: 0.29GB/3.70GB
Epoch: 6 [300/391] Loss: 2.7455 | Acc: 28.59% | Time: 0.0272s | GPU Mem: 0.29GB/3.70GB

训练 - Loss: 2.8075, Acc: 28.81%
测试 - Loss: 2.7682, Acc: 29.94%
学习率: 0.100000, 时间: 20.72s
GPU内存使用:
  GPU 1 - 已分配: 0.29GB, 已保留: 3.70GB
最佳准确率更新: 25.57% -> 29.94%
保存最佳模型到: ./checkpoints/best_model.pth

============================================================
Epoch 8/100
============================================================
Epoch: 7 [0/391] Loss: 2.6828 | Acc: 28.91% | Time: 0.0332s | GPU Mem: 0.29GB/3.70GB
Epoch: 7 [100/391] Loss: 2.4332 | Acc: 31.25% | Time: 0.0267s | GPU Mem: 0.29GB/3.70GB
Epoch: 7 [200/391] Loss: 2.7557 | Acc: 31.60% | Time: 0.0223s | GPU Mem: 0.29GB/3.70GB
Epoch: 7 [300/391] Loss: 2.6869 | Acc: 31.82% | Time: 0.0224s | GPU Mem: 0.29GB/3.70GB

训练 - Loss: 2.6109, Acc: 32.49%
测试 - Loss: 2.6005, Acc: 32.99%
学习率: 0.100000, 时间: 20.49s
GPU内存使用:
  GPU 1 - 已分配: 0.29GB, 已保留: 3.70GB
最佳准确率更新: 29.94% -> 32.99%
保存最佳模型到: ./checkpoints/best_model.pth

============================================================
Epoch 9/100
============================================================
Epoch: 8 [0/391] Loss: 2.6959 | Acc: 37.50% | Time: 0.0341s | GPU Mem: 0.29GB/3.70GB
Epoch: 8 [100/391] Loss: 2.3515 | Acc: 35.07% | Time: 0.0216s | GPU Mem: 0.29GB/3.70GB
Epoch: 8 [200/391] Loss: 2.4186 | Acc: 35.67% | Time: 0.0258s | GPU Mem: 0.29GB/3.70GB
Epoch: 8 [300/391] Loss: 2.3601 | Acc: 35.75% | Time: 0.0221s | GPU Mem: 0.29GB/3.70GB

训练 - Loss: 2.4354, Acc: 36.12%
测试 - Loss: 2.5591, Acc: 33.58%
学习率: 0.100000, 时间: 20.79s
GPU内存使用:
  GPU 1 - 已分配: 0.29GB, 已保留: 3.70GB
最佳准确率更新: 32.99% -> 33.58%
保存最佳模型到: ./checkpoints/best_model.pth

============================================================
Epoch 10/100
============================================================
Epoch: 9 [0/391] Loss: 2.5206 | Acc: 33.59% | Time: 0.0294s | GPU Mem: 0.29GB/3.70GB
Epoch: 9 [100/391] Loss: 2.3260 | Acc: 38.98% | Time: 0.0236s | GPU Mem: 0.29GB/3.70GB
Epoch: 9 [200/391] Loss: 2.3011 | Acc: 39.85% | Time: 0.0218s | GPU Mem: 0.29GB/3.70GB
Epoch: 9 [300/391] Loss: 2.2875 | Acc: 39.98% | Time: 0.0283s | GPU Mem: 0.29GB/3.70GB

训练 - Loss: 2.2434, Acc: 40.05%
测试 - Loss: 2.3310, Acc: 38.95%
学习率: 0.100000, 时间: 20.88s
GPU内存使用:
  GPU 1 - 已分配: 0.29GB, 已保留: 3.70GB
最佳准确率更新: 33.58% -> 38.95%
保存最佳模型到: ./checkpoints/best_model.pth
保存checkpoint到: ./checkpoints/checkpoint_epoch_10.pth

============================================================
Epoch 11/100
============================================================
Epoch: 10 [0/391] Loss: 1.9527 | Acc: 48.44% | Time: 0.0371s | GPU Mem: 0.29GB/3.70GB
Epoch: 10 [100/391] Loss: 2.1738 | Acc: 42.78% | Time: 0.0195s | GPU Mem: 0.29GB/3.70GB
Epoch: 10 [200/391] Loss: 1.9015 | Acc: 42.76% | Time: 0.0285s | GPU Mem: 0.29GB/3.70GB
Epoch: 10 [300/391] Loss: 2.1556 | Acc: 43.02% | Time: 0.0232s | GPU Mem: 0.29GB/3.70GB

训练 - Loss: 2.0943, Acc: 43.14%
测试 - Loss: 2.1941, Acc: 41.27%
学习率: 0.100000, 时间: 21.19s
GPU内存使用:
  GPU 1 - 已分配: 0.29GB, 已保留: 3.70GB
最佳准确率更新: 38.95% -> 41.27%
保存最佳模型到: ./checkpoints/best_model.pth

============================================================
Epoch 12/100
============================================================
Epoch: 11 [0/391] Loss: 1.8350 | Acc: 46.88% | Time: 0.0335s | GPU Mem: 0.29GB/3.70GB
Epoch: 11 [100/391] Loss: 2.0046 | Acc: 46.09% | Time: 0.0211s | GPU Mem: 0.29GB/3.70GB
Epoch: 11 [200/391] Loss: 2.0192 | Acc: 45.94% | Time: 0.0283s | GPU Mem: 0.29GB/3.70GB
Epoch: 11 [300/391] Loss: 2.0337 | Acc: 45.97% | Time: 0.0298s | GPU Mem: 0.29GB/3.70GB

训练 - Loss: 1.9757, Acc: 45.94%
测试 - Loss: 2.4019, Acc: 38.72%
学习率: 0.100000, 时间: 20.74s
GPU内存使用:
  GPU 1 - 已分配: 0.29GB, 已保留: 3.70GB

============================================================
Epoch 13/100
============================================================
Epoch: 12 [0/391] Loss: 1.8883 | Acc: 42.19% | Time: 0.0296s | GPU Mem: 0.29GB/3.70GB
Epoch: 12 [100/391] Loss: 1.7229 | Acc: 48.89% | Time: 0.0267s | GPU Mem: 0.29GB/3.70GB
Epoch: 12 [200/391] Loss: 1.7306 | Acc: 48.75% | Time: 0.0211s | GPU Mem: 0.29GB/3.70GB
Epoch: 12 [300/391] Loss: 1.6787 | Acc: 48.80% | Time: 0.0243s | GPU Mem: 0.29GB/3.70GB

训练 - Loss: 1.8650, Acc: 48.57%
测试 - Loss: 2.1278, Acc: 43.39%
学习率: 0.100000, 时间: 20.51s
GPU内存使用:
  GPU 1 - 已分配: 0.29GB, 已保留: 3.70GB
最佳准确率更新: 41.27% -> 43.39%
保存最佳模型到: ./checkpoints/best_model.pth

============================================================
Epoch 14/100
============================================================
Epoch: 13 [0/391] Loss: 1.7430 | Acc: 53.91% | Time: 0.0333s | GPU Mem: 0.29GB/3.70GB
Epoch: 13 [100/391] Loss: 1.7203 | Acc: 51.59% | Time: 0.0298s | GPU Mem: 0.29GB/3.70GB
Epoch: 13 [200/391] Loss: 1.8394 | Acc: 50.54% | Time: 0.0210s | GPU Mem: 0.29GB/3.70GB
Epoch: 13 [300/391] Loss: 1.7318 | Acc: 50.36% | Time: 0.0213s | GPU Mem: 0.29GB/3.70GB

训练 - Loss: 1.7702, Acc: 50.89%
测试 - Loss: 2.0588, Acc: 46.37%
学习率: 0.100000, 时间: 20.59s
GPU内存使用:
  GPU 1 - 已分配: 0.29GB, 已保留: 3.70GB
最佳准确率更新: 43.39% -> 46.37%
保存最佳模型到: ./checkpoints/best_model.pth

============================================================
Epoch 15/100
============================================================
Epoch: 14 [0/391] Loss: 1.5981 | Acc: 52.34% | Time: 0.0303s | GPU Mem: 0.29GB/3.70GB
Epoch: 14 [100/391] Loss: 1.7561 | Acc: 52.10% | Time: 0.0269s | GPU Mem: 0.29GB/3.70GB
Epoch: 14 [200/391] Loss: 1.9570 | Acc: 52.58% | Time: 0.0205s | GPU Mem: 0.29GB/3.70GB
Epoch: 14 [300/391] Loss: 1.9971 | Acc: 52.32% | Time: 0.0233s | GPU Mem: 0.29GB/3.70GB

训练 - Loss: 1.7006, Acc: 52.47%
测试 - Loss: 2.3683, Acc: 43.90%
学习率: 0.100000, 时间: 20.07s
GPU内存使用:
  GPU 1 - 已分配: 0.29GB, 已保留: 3.70GB

============================================================
Epoch 16/100
============================================================
Epoch: 15 [0/391] Loss: 1.6097 | Acc: 54.69% | Time: 0.0292s | GPU Mem: 0.29GB/3.70GB
Epoch: 15 [100/391] Loss: 1.8446 | Acc: 53.53% | Time: 0.0283s | GPU Mem: 0.29GB/3.70GB
Epoch: 15 [200/391] Loss: 1.5249 | Acc: 53.12% | Time: 0.0256s | GPU Mem: 0.29GB/3.70GB
Epoch: 15 [300/391] Loss: 1.4417 | Acc: 53.28% | Time: 0.0311s | GPU Mem: 0.29GB/3.70GB

训练 - Loss: 1.6614, Acc: 53.30%
测试 - Loss: 2.0178, Acc: 47.25%
学习率: 0.100000, 时间: 21.09s
GPU内存使用:
  GPU 1 - 已分配: 0.29GB, 已保留: 3.70GB
最佳准确率更新: 46.37% -> 47.25%
保存最佳模型到: ./checkpoints/best_model.pth

============================================================
Epoch 17/100
============================================================
Epoch: 16 [0/391] Loss: 1.4242 | Acc: 53.12% | Time: 0.0337s | GPU Mem: 0.29GB/3.70GB
Epoch: 16 [100/391] Loss: 1.6578 | Acc: 55.15% | Time: 0.0279s | GPU Mem: 0.29GB/3.70GB
Epoch: 16 [200/391] Loss: 1.4775 | Acc: 55.12% | Time: 0.0287s | GPU Mem: 0.29GB/3.70GB
Epoch: 16 [300/391] Loss: 1.6587 | Acc: 54.93% | Time: 0.0211s | GPU Mem: 0.29GB/3.70GB

训练 - Loss: 1.5977, Acc: 54.82%
测试 - Loss: 1.9330, Acc: 48.10%
学习率: 0.100000, 时间: 20.25s
GPU内存使用:
  GPU 1 - 已分配: 0.29GB, 已保留: 3.70GB
最佳准确率更新: 47.25% -> 48.10%
保存最佳模型到: ./checkpoints/best_model.pth

============================================================
Epoch 18/100
============================================================
Epoch: 17 [0/391] Loss: 1.7597 | Acc: 53.12% | Time: 0.0340s | GPU Mem: 0.29GB/3.70GB
Epoch: 17 [100/391] Loss: 1.6523 | Acc: 56.23% | Time: 0.0196s | GPU Mem: 0.29GB/3.70GB
Epoch: 17 [200/391] Loss: 1.7413 | Acc: 55.84% | Time: 0.0217s | GPU Mem: 0.29GB/3.70GB
Epoch: 17 [300/391] Loss: 1.6131 | Acc: 55.72% | Time: 0.0279s | GPU Mem: 0.29GB/3.70GB

训练 - Loss: 1.5717, Acc: 55.72%
测试 - Loss: 2.0836, Acc: 45.55%
学习率: 0.100000, 时间: 20.09s
GPU内存使用:
  GPU 1 - 已分配: 0.29GB, 已保留: 3.70GB

============================================================
Epoch 19/100
============================================================
Epoch: 18 [0/391] Loss: 1.6004 | Acc: 52.34% | Time: 0.0295s | GPU Mem: 0.29GB/3.70GB
Epoch: 18 [100/391] Loss: 1.4663 | Acc: 56.97% | Time: 0.0211s | GPU Mem: 0.29GB/3.70GB
Epoch: 18 [200/391] Loss: 1.6944 | Acc: 56.31% | Time: 0.0246s | GPU Mem: 0.29GB/3.70GB
Epoch: 18 [300/391] Loss: 1.5698 | Acc: 56.44% | Time: 0.0253s | GPU Mem: 0.29GB/3.70GB

训练 - Loss: 1.5341, Acc: 56.47%
测试 - Loss: 2.0335, Acc: 47.90%
学习率: 0.100000, 时间: 20.83s
GPU内存使用:
  GPU 1 - 已分配: 0.29GB, 已保留: 3.70GB

============================================================
Epoch 20/100
============================================================
Epoch: 19 [0/391] Loss: 1.4766 | Acc: 58.59% | Time: 0.0289s | GPU Mem: 0.29GB/3.70GB
Epoch: 19 [100/391] Loss: 1.3000 | Acc: 58.45% | Time: 0.0209s | GPU Mem: 0.29GB/3.70GB
Epoch: 19 [200/391] Loss: 1.4533 | Acc: 57.94% | Time: 0.0200s | GPU Mem: 0.29GB/3.70GB
Epoch: 19 [300/391] Loss: 1.4529 | Acc: 57.78% | Time: 0.0248s | GPU Mem: 0.29GB/3.70GB

训练 - Loss: 1.4978, Acc: 57.72%
测试 - Loss: 1.9869, Acc: 48.33%
学习率: 0.100000, 时间: 20.75s
GPU内存使用:
  GPU 1 - 已分配: 0.29GB, 已保留: 3.70GB
最佳准确率更新: 48.10% -> 48.33%
保存最佳模型到: ./checkpoints/best_model.pth
保存checkpoint到: ./checkpoints/checkpoint_epoch_20.pth

============================================================
Epoch 21/100
============================================================
Epoch: 20 [0/391] Loss: 1.5932 | Acc: 50.78% | Time: 0.0265s | GPU Mem: 0.29GB/3.70GB
Epoch: 20 [100/391] Loss: 1.5928 | Acc: 58.64% | Time: 0.0220s | GPU Mem: 0.29GB/3.70GB
Epoch: 20 [200/391] Loss: 1.3993 | Acc: 58.34% | Time: 0.0309s | GPU Mem: 0.29GB/3.70GB
Epoch: 20 [300/391] Loss: 1.3271 | Acc: 58.41% | Time: 0.0252s | GPU Mem: 0.29GB/3.70GB

训练 - Loss: 1.4691, Acc: 58.20%
测试 - Loss: 1.7953, Acc: 51.86%
学习率: 0.100000, 时间: 21.17s
GPU内存使用:
  GPU 1 - 已分配: 0.29GB, 已保留: 3.70GB
最佳准确率更新: 48.33% -> 51.86%
保存最佳模型到: ./checkpoints/best_model.pth

============================================================
Epoch 22/100
============================================================
Epoch: 21 [0/391] Loss: 1.5755 | Acc: 53.91% | Time: 0.0343s | GPU Mem: 0.29GB/3.70GB
Epoch: 21 [100/391] Loss: 1.4223 | Acc: 59.59% | Time: 0.0230s | GPU Mem: 0.29GB/3.70GB
Epoch: 21 [200/391] Loss: 1.5807 | Acc: 59.03% | Time: 0.0251s | GPU Mem: 0.29GB/3.70GB
Epoch: 21 [300/391] Loss: 1.4800 | Acc: 58.81% | Time: 0.0210s | GPU Mem: 0.29GB/3.70GB

训练 - Loss: 1.4445, Acc: 58.82%
测试 - Loss: 2.0494, Acc: 47.84%
学习率: 0.100000, 时间: 20.49s
GPU内存使用:
  GPU 1 - 已分配: 0.29GB, 已保留: 3.70GB

============================================================
Epoch 23/100
============================================================
Epoch: 22 [0/391] Loss: 1.2511 | Acc: 62.50% | Time: 0.0286s | GPU Mem: 0.29GB/3.70GB
Epoch: 22 [100/391] Loss: 1.5967 | Acc: 60.15% | Time: 0.0272s | GPU Mem: 0.29GB/3.70GB
Epoch: 22 [200/391] Loss: 1.5101 | Acc: 60.01% | Time: 0.0252s | GPU Mem: 0.29GB/3.70GB
Epoch: 22 [300/391] Loss: 1.2315 | Acc: 59.61% | Time: 0.0226s | GPU Mem: 0.29GB/3.70GB

训练 - Loss: 1.4135, Acc: 59.64%
测试 - Loss: 1.6918, Acc: 53.37%
学习率: 0.100000, 时间: 20.75s
GPU内存使用:
  GPU 1 - 已分配: 0.29GB, 已保留: 3.70GB
最佳准确率更新: 51.86% -> 53.37%
保存最佳模型到: ./checkpoints/best_model.pth

============================================================
Epoch 24/100
============================================================
Epoch: 23 [0/391] Loss: 1.2573 | Acc: 67.19% | Time: 0.0480s | GPU Mem: 0.29GB/3.70GB
Epoch: 23 [100/391] Loss: 1.4477 | Acc: 60.85% | Time: 0.0264s | GPU Mem: 0.29GB/3.70GB
Epoch: 23 [200/391] Loss: 1.6046 | Acc: 60.46% | Time: 0.0206s | GPU Mem: 0.29GB/3.70GB
Epoch: 23 [300/391] Loss: 1.4193 | Acc: 60.27% | Time: 0.0261s | GPU Mem: 0.29GB/3.70GB

训练 - Loss: 1.4004, Acc: 60.07%
测试 - Loss: 1.6695, Acc: 54.40%
学习率: 0.100000, 时间: 20.32s
GPU内存使用:
  GPU 1 - 已分配: 0.29GB, 已保留: 3.70GB
最佳准确率更新: 53.37% -> 54.40%
保存最佳模型到: ./checkpoints/best_model.pth

============================================================
Epoch 25/100
============================================================
Epoch: 24 [0/391] Loss: 1.2765 | Acc: 64.84% | Time: 0.0260s | GPU Mem: 0.29GB/3.70GB
Epoch: 24 [100/391] Loss: 1.3239 | Acc: 61.38% | Time: 0.0268s | GPU Mem: 0.29GB/3.70GB
Epoch: 24 [200/391] Loss: 1.4704 | Acc: 61.28% | Time: 0.0207s | GPU Mem: 0.29GB/3.70GB
Epoch: 24 [300/391] Loss: 1.3634 | Acc: 60.98% | Time: 0.0226s | GPU Mem: 0.29GB/3.70GB

训练 - Loss: 1.3765, Acc: 60.88%
测试 - Loss: 2.0232, Acc: 48.32%
学习率: 0.100000, 时间: 20.38s
GPU内存使用:
  GPU 1 - 已分配: 0.29GB, 已保留: 3.70GB

============================================================
Epoch 26/100
============================================================
Epoch: 25 [0/391] Loss: 1.3367 | Acc: 59.38% | Time: 0.0312s | GPU Mem: 0.29GB/3.70GB
Epoch: 25 [100/391] Loss: 1.3001 | Acc: 62.25% | Time: 0.0246s | GPU Mem: 0.29GB/3.70GB
Epoch: 25 [200/391] Loss: 1.2072 | Acc: 61.81% | Time: 0.0202s | GPU Mem: 0.29GB/3.70GB
Epoch: 25 [300/391] Loss: 1.6182 | Acc: 61.27% | Time: 0.0217s | GPU Mem: 0.29GB/3.70GB

训练 - Loss: 1.3572, Acc: 61.11%
测试 - Loss: 1.6516, Acc: 55.09%
学习率: 0.100000, 时间: 20.20s
GPU内存使用:
  GPU 1 - 已分配: 0.29GB, 已保留: 3.70GB
最佳准确率更新: 54.40% -> 55.09%
保存最佳模型到: ./checkpoints/best_model.pth

============================================================
Epoch 27/100
============================================================
Epoch: 26 [0/391] Loss: 1.2173 | Acc: 62.50% | Time: 0.0380s | GPU Mem: 0.29GB/3.70GB
Epoch: 26 [100/391] Loss: 1.3015 | Acc: 62.79% | Time: 0.0303s | GPU Mem: 0.29GB/3.70GB
Epoch: 26 [200/391] Loss: 1.4794 | Acc: 62.45% | Time: 0.0285s | GPU Mem: 0.29GB/3.70GB
Epoch: 26 [300/391] Loss: 1.4391 | Acc: 62.08% | Time: 0.0280s | GPU Mem: 0.29GB/3.70GB

训练 - Loss: 1.3391, Acc: 61.75%
测试 - Loss: 1.8141, Acc: 51.07%
学习率: 0.100000, 时间: 21.26s
GPU内存使用:
  GPU 1 - 已分配: 0.29GB, 已保留: 3.70GB

============================================================
Epoch 28/100
============================================================
Epoch: 27 [0/391] Loss: 1.1598 | Acc: 65.62% | Time: 0.0294s | GPU Mem: 0.29GB/3.70GB
Epoch: 27 [100/391] Loss: 1.3273 | Acc: 63.06% | Time: 0.0265s | GPU Mem: 0.29GB/3.70GB
Epoch: 27 [200/391] Loss: 0.9724 | Acc: 62.37% | Time: 0.0226s | GPU Mem: 0.29GB/3.70GB
Epoch: 27 [300/391] Loss: 1.4257 | Acc: 61.99% | Time: 0.0230s | GPU Mem: 0.29GB/3.70GB

训练 - Loss: 1.3369, Acc: 61.68%
测试 - Loss: 2.0044, Acc: 49.00%
学习率: 0.100000, 时间: 20.63s
GPU内存使用:
  GPU 1 - 已分配: 0.29GB, 已保留: 3.70GB

============================================================
Epoch 29/100
============================================================
Epoch: 28 [0/391] Loss: 1.3978 | Acc: 57.03% | Time: 0.0253s | GPU Mem: 0.29GB/3.70GB
Epoch: 28 [100/391] Loss: 1.4725 | Acc: 63.35% | Time: 0.0329s | GPU Mem: 0.29GB/3.70GB
Epoch: 28 [200/391] Loss: 1.3048 | Acc: 62.68% | Time: 0.0210s | GPU Mem: 0.29GB/3.70GB
Epoch: 28 [300/391] Loss: 1.3899 | Acc: 62.40% | Time: 0.0220s | GPU Mem: 0.29GB/3.70GB

训练 - Loss: 1.3130, Acc: 62.17%
测试 - Loss: 2.1216, Acc: 46.54%
学习率: 0.100000, 时间: 20.64s
GPU内存使用:
  GPU 1 - 已分配: 0.29GB, 已保留: 3.70GB

============================================================
Epoch 30/100
============================================================
Epoch: 29 [0/391] Loss: 0.9878 | Acc: 71.88% | Time: 0.0296s | GPU Mem: 0.29GB/3.70GB
Epoch: 29 [100/391] Loss: 1.0860 | Acc: 64.29% | Time: 0.0277s | GPU Mem: 0.29GB/3.70GB
Epoch: 29 [200/391] Loss: 1.2652 | Acc: 63.35% | Time: 0.0223s | GPU Mem: 0.29GB/3.70GB
Epoch: 29 [300/391] Loss: 1.3119 | Acc: 63.07% | Time: 0.0265s | GPU Mem: 0.29GB/3.70GB

训练 - Loss: 1.2968, Acc: 62.81%
测试 - Loss: 1.8611, Acc: 52.15%
学习率: 0.100000, 时间: 20.02s
GPU内存使用:
  GPU 1 - 已分配: 0.29GB, 已保留: 3.70GB
保存checkpoint到: ./checkpoints/checkpoint_epoch_30.pth

============================================================
Epoch 31/100
============================================================
Epoch: 30 [0/391] Loss: 1.0278 | Acc: 67.97% | Time: 0.0329s | GPU Mem: 0.29GB/3.70GB
Epoch: 30 [100/391] Loss: 1.4254 | Acc: 64.22% | Time: 0.0230s | GPU Mem: 0.29GB/3.70GB
Epoch: 30 [200/391] Loss: 1.2930 | Acc: 63.94% | Time: 0.0258s | GPU Mem: 0.29GB/3.70GB
Epoch: 30 [300/391] Loss: 1.4812 | Acc: 63.33% | Time: 0.0257s | GPU Mem: 0.29GB/3.70GB

训练 - Loss: 1.2935, Acc: 62.98%
测试 - Loss: 1.7437, Acc: 53.31%
学习率: 0.100000, 时间: 20.38s
GPU内存使用:
  GPU 1 - 已分配: 0.29GB, 已保留: 3.70GB

============================================================
Epoch 32/100
============================================================
Epoch: 31 [0/391] Loss: 1.3711 | Acc: 61.72% | Time: 0.0284s | GPU Mem: 0.29GB/3.70GB
Epoch: 31 [100/391] Loss: 1.3630 | Acc: 65.19% | Time: 0.0344s | GPU Mem: 0.29GB/3.70GB
Epoch: 31 [200/391] Loss: 1.2265 | Acc: 64.04% | Time: 0.0290s | GPU Mem: 0.29GB/3.70GB
Epoch: 31 [300/391] Loss: 1.2506 | Acc: 63.35% | Time: 0.0215s | GPU Mem: 0.29GB/3.70GB

训练 - Loss: 1.2781, Acc: 63.10%
测试 - Loss: 1.7956, Acc: 53.02%
学习率: 0.100000, 时间: 21.49s
GPU内存使用:
  GPU 1 - 已分配: 0.29GB, 已保留: 3.70GB

============================================================
Epoch 33/100
============================================================
Epoch: 32 [0/391] Loss: 1.1531 | Acc: 66.41% | Time: 0.0302s | GPU Mem: 0.29GB/3.70GB
Epoch: 32 [100/391] Loss: 1.2269 | Acc: 63.47% | Time: 0.0281s | GPU Mem: 0.29GB/3.70GB
Epoch: 32 [200/391] Loss: 1.4198 | Acc: 63.31% | Time: 0.0269s | GPU Mem: 0.29GB/3.70GB
Epoch: 32 [300/391] Loss: 1.1973 | Acc: 63.28% | Time: 0.0259s | GPU Mem: 0.29GB/3.70GB

训练 - Loss: 1.2780, Acc: 63.19%
测试 - Loss: 1.6615, Acc: 55.00%
学习率: 0.100000, 时间: 20.56s
GPU内存使用:
  GPU 1 - 已分配: 0.29GB, 已保留: 3.70GB

============================================================
Epoch 34/100
============================================================
Epoch: 33 [0/391] Loss: 1.1515 | Acc: 63.28% | Time: 0.0264s | GPU Mem: 0.29GB/3.70GB
Epoch: 33 [100/391] Loss: 1.3253 | Acc: 65.02% | Time: 0.0284s | GPU Mem: 0.29GB/3.70GB
Epoch: 33 [200/391] Loss: 1.1952 | Acc: 64.71% | Time: 0.0240s | GPU Mem: 0.29GB/3.70GB
Epoch: 33 [300/391] Loss: 1.4712 | Acc: 64.11% | Time: 0.0262s | GPU Mem: 0.29GB/3.70GB

训练 - Loss: 1.2493, Acc: 63.97%
测试 - Loss: 1.9157, Acc: 51.33%
学习率: 0.100000, 时间: 20.58s
GPU内存使用:
  GPU 1 - 已分配: 0.29GB, 已保留: 3.70GB

============================================================
Epoch 35/100
============================================================
Epoch: 34 [0/391] Loss: 1.3230 | Acc: 62.50% | Time: 0.0326s | GPU Mem: 0.29GB/3.70GB
Epoch: 34 [100/391] Loss: 1.3172 | Acc: 65.76% | Time: 0.0210s | GPU Mem: 0.29GB/3.70GB
Epoch: 34 [200/391] Loss: 1.2741 | Acc: 64.77% | Time: 0.0265s | GPU Mem: 0.29GB/3.70GB
Epoch: 34 [300/391] Loss: 1.2649 | Acc: 64.40% | Time: 0.0225s | GPU Mem: 0.29GB/3.70GB

训练 - Loss: 1.2497, Acc: 64.06%
测试 - Loss: 2.3084, Acc: 45.46%
学习率: 0.100000, 时间: 21.17s
GPU内存使用:
  GPU 1 - 已分配: 0.29GB, 已保留: 3.70GB

============================================================
Epoch 36/100
============================================================
Epoch: 35 [0/391] Loss: 1.2162 | Acc: 63.28% | Time: 0.0257s | GPU Mem: 0.29GB/3.70GB
Epoch: 35 [100/391] Loss: 1.2101 | Acc: 65.55% | Time: 0.0226s | GPU Mem: 0.29GB/3.70GB
Epoch: 35 [200/391] Loss: 1.0893 | Acc: 65.10% | Time: 0.0247s | GPU Mem: 0.29GB/3.70GB
Epoch: 35 [300/391] Loss: 1.2490 | Acc: 64.58% | Time: 0.0270s | GPU Mem: 0.29GB/3.70GB

训练 - Loss: 1.2385, Acc: 64.18%
测试 - Loss: 1.8263, Acc: 52.80%
学习率: 0.100000, 时间: 20.67s
GPU内存使用:
  GPU 1 - 已分配: 0.29GB, 已保留: 3.70GB

============================================================
Epoch 37/100
============================================================
Epoch: 36 [0/391] Loss: 1.1707 | Acc: 66.41% | Time: 0.0324s | GPU Mem: 0.29GB/3.70GB
Epoch: 36 [100/391] Loss: 1.0157 | Acc: 65.95% | Time: 0.0223s | GPU Mem: 0.29GB/3.70GB
Epoch: 36 [200/391] Loss: 1.4606 | Acc: 65.42% | Time: 0.0248s | GPU Mem: 0.29GB/3.70GB
Epoch: 36 [300/391] Loss: 1.2896 | Acc: 64.85% | Time: 0.0235s | GPU Mem: 0.29GB/3.70GB

训练 - Loss: 1.2259, Acc: 64.61%
测试 - Loss: 1.9146, Acc: 50.76%
学习率: 0.100000, 时间: 20.33s
GPU内存使用:
  GPU 1 - 已分配: 0.29GB, 已保留: 3.70GB

============================================================
Epoch 38/100
============================================================
Epoch: 37 [0/391] Loss: 1.1826 | Acc: 64.06% | Time: 0.0283s | GPU Mem: 0.29GB/3.70GB
Epoch: 37 [100/391] Loss: 1.0342 | Acc: 65.59% | Time: 0.0301s | GPU Mem: 0.29GB/3.70GB
Epoch: 37 [200/391] Loss: 1.2370 | Acc: 65.00% | Time: 0.0277s | GPU Mem: 0.29GB/3.70GB
Epoch: 37 [300/391] Loss: 1.3045 | Acc: 64.38% | Time: 0.0238s | GPU Mem: 0.29GB/3.70GB

训练 - Loss: 1.2339, Acc: 64.10%
测试 - Loss: 1.5857, Acc: 57.12%
学习率: 0.100000, 时间: 20.79s
GPU内存使用:
  GPU 1 - 已分配: 0.29GB, 已保留: 3.70GB
最佳准确率更新: 55.09% -> 57.12%
保存最佳模型到: ./checkpoints/best_model.pth

============================================================
Epoch 39/100
============================================================
Epoch: 38 [0/391] Loss: 1.0192 | Acc: 75.00% | Time: 0.0328s | GPU Mem: 0.29GB/3.70GB
Epoch: 38 [100/391] Loss: 1.5094 | Acc: 66.19% | Time: 0.0278s | GPU Mem: 0.29GB/3.70GB
Epoch: 38 [200/391] Loss: 1.1720 | Acc: 65.62% | Time: 0.0242s | GPU Mem: 0.29GB/3.70GB
Epoch: 38 [300/391] Loss: 1.2069 | Acc: 65.30% | Time: 0.0219s | GPU Mem: 0.29GB/3.70GB

训练 - Loss: 1.2082, Acc: 64.89%
测试 - Loss: 1.5838, Acc: 56.61%
学习率: 0.100000, 时间: 20.47s
GPU内存使用:
  GPU 1 - 已分配: 0.29GB, 已保留: 3.70GB

============================================================
Epoch 40/100
============================================================
Epoch: 39 [0/391] Loss: 1.2301 | Acc: 64.84% | Time: 0.0252s | GPU Mem: 0.29GB/3.70GB
Epoch: 39 [100/391] Loss: 1.2956 | Acc: 66.83% | Time: 0.0251s | GPU Mem: 0.29GB/3.70GB
Epoch: 39 [200/391] Loss: 1.1879 | Acc: 65.69% | Time: 0.0264s | GPU Mem: 0.29GB/3.70GB
Epoch: 39 [300/391] Loss: 1.0607 | Acc: 65.36% | Time: 0.0204s | GPU Mem: 0.29GB/3.70GB

训练 - Loss: 1.2135, Acc: 64.96%
测试 - Loss: 1.6819, Acc: 55.74%
学习率: 0.100000, 时间: 20.18s
GPU内存使用:
  GPU 1 - 已分配: 0.29GB, 已保留: 3.70GB
保存checkpoint到: ./checkpoints/checkpoint_epoch_40.pth

============================================================
Epoch 41/100
============================================================
Epoch: 40 [0/391] Loss: 0.8819 | Acc: 76.56% | Time: 0.0301s | GPU Mem: 0.29GB/3.70GB
Epoch: 40 [100/391] Loss: 1.1260 | Acc: 65.94% | Time: 0.0200s | GPU Mem: 0.29GB/3.70GB
Epoch: 40 [200/391] Loss: 1.1606 | Acc: 65.68% | Time: 0.0209s | GPU Mem: 0.29GB/3.70GB
Epoch: 40 [300/391] Loss: 0.9865 | Acc: 65.36% | Time: 0.0206s | GPU Mem: 0.29GB/3.70GB

训练 - Loss: 1.2007, Acc: 65.15%
测试 - Loss: 1.5744, Acc: 57.07%
学习率: 0.100000, 时间: 19.86s
GPU内存使用:
  GPU 1 - 已分配: 0.29GB, 已保留: 3.70GB

============================================================
Epoch 42/100
============================================================
Epoch: 41 [0/391] Loss: 1.0147 | Acc: 69.53% | Time: 0.0330s | GPU Mem: 0.29GB/3.70GB
Epoch: 41 [100/391] Loss: 1.2327 | Acc: 67.09% | Time: 0.0227s | GPU Mem: 0.29GB/3.70GB
Epoch: 41 [200/391] Loss: 1.1097 | Acc: 66.15% | Time: 0.0207s | GPU Mem: 0.29GB/3.70GB
Epoch: 41 [300/391] Loss: 1.2225 | Acc: 65.36% | Time: 0.0185s | GPU Mem: 0.29GB/3.70GB

训练 - Loss: 1.2065, Acc: 65.07%
测试 - Loss: 1.7888, Acc: 52.61%
学习率: 0.100000, 时间: 20.65s
GPU内存使用:
  GPU 1 - 已分配: 0.29GB, 已保留: 3.70GB

============================================================
Epoch 43/100
============================================================
Epoch: 42 [0/391] Loss: 0.9292 | Acc: 67.19% | Time: 0.0304s | GPU Mem: 0.29GB/3.70GB
Epoch: 42 [100/391] Loss: 1.1088 | Acc: 66.89% | Time: 0.0215s | GPU Mem: 0.29GB/3.70GB
Epoch: 42 [200/391] Loss: 1.1784 | Acc: 66.21% | Time: 0.0287s | GPU Mem: 0.29GB/3.70GB
Epoch: 42 [300/391] Loss: 1.4495 | Acc: 65.86% | Time: 0.0206s | GPU Mem: 0.29GB/3.70GB

训练 - Loss: 1.1901, Acc: 65.54%
测试 - Loss: 1.7695, Acc: 53.14%
学习率: 0.100000, 时间: 21.24s
GPU内存使用:
  GPU 1 - 已分配: 0.29GB, 已保留: 3.70GB

============================================================
Epoch 44/100
============================================================
Epoch: 43 [0/391] Loss: 1.1914 | Acc: 63.28% | Time: 0.0344s | GPU Mem: 0.29GB/3.70GB
Epoch: 43 [100/391] Loss: 1.3728 | Acc: 67.44% | Time: 0.0253s | GPU Mem: 0.29GB/3.70GB
Epoch: 43 [200/391] Loss: 1.4184 | Acc: 66.28% | Time: 0.0266s | GPU Mem: 0.29GB/3.70GB
Epoch: 43 [300/391] Loss: 1.4237 | Acc: 66.02% | Time: 0.0245s | GPU Mem: 0.29GB/3.70GB

训练 - Loss: 1.1886, Acc: 65.70%
测试 - Loss: 1.6100, Acc: 56.44%
学习率: 0.100000, 时间: 21.13s
GPU内存使用:
  GPU 1 - 已分配: 0.29GB, 已保留: 3.70GB

============================================================
Epoch 45/100
============================================================
Epoch: 44 [0/391] Loss: 1.1259 | Acc: 65.62% | Time: 0.0265s | GPU Mem: 0.29GB/3.70GB
Epoch: 44 [100/391] Loss: 1.1855 | Acc: 67.17% | Time: 0.0222s | GPU Mem: 0.29GB/3.70GB
Epoch: 44 [200/391] Loss: 1.1588 | Acc: 66.31% | Time: 0.0238s | GPU Mem: 0.29GB/3.70GB
Epoch: 44 [300/391] Loss: 1.1501 | Acc: 65.70% | Time: 0.0215s | GPU Mem: 0.29GB/3.70GB

训练 - Loss: 1.1840, Acc: 65.61%
测试 - Loss: 1.8963, Acc: 51.75%
学习率: 0.100000, 时间: 20.40s
GPU内存使用:
  GPU 1 - 已分配: 0.29GB, 已保留: 3.70GB

============================================================
Epoch 46/100
============================================================
Epoch: 45 [0/391] Loss: 1.1355 | Acc: 63.28% | Time: 0.0275s | GPU Mem: 0.29GB/3.70GB
Epoch: 45 [100/391] Loss: 1.2413 | Acc: 67.11% | Time: 0.0218s | GPU Mem: 0.29GB/3.70GB
Epoch: 45 [200/391] Loss: 1.0653 | Acc: 66.17% | Time: 0.0207s | GPU Mem: 0.29GB/3.70GB
Epoch: 45 [300/391] Loss: 1.1757 | Acc: 65.82% | Time: 0.0220s | GPU Mem: 0.29GB/3.70GB

训练 - Loss: 1.1816, Acc: 65.66%
测试 - Loss: 1.7509, Acc: 54.36%
学习率: 0.100000, 时间: 19.96s
GPU内存使用:
  GPU 1 - 已分配: 0.29GB, 已保留: 3.70GB

============================================================
Epoch 47/100
============================================================
Epoch: 46 [0/391] Loss: 1.2576 | Acc: 68.75% | Time: 0.0333s | GPU Mem: 0.29GB/3.70GB
Epoch: 46 [100/391] Loss: 1.2977 | Acc: 67.18% | Time: 0.0223s | GPU Mem: 0.29GB/3.70GB
Epoch: 46 [200/391] Loss: 1.2660 | Acc: 66.71% | Time: 0.0249s | GPU Mem: 0.29GB/3.70GB
Epoch: 46 [300/391] Loss: 1.0229 | Acc: 66.44% | Time: 0.0244s | GPU Mem: 0.29GB/3.70GB

训练 - Loss: 1.1677, Acc: 65.99%
测试 - Loss: 2.2175, Acc: 46.73%
学习率: 0.100000, 时间: 19.94s
GPU内存使用:
  GPU 1 - 已分配: 0.29GB, 已保留: 3.70GB

============================================================
Epoch 48/100
============================================================
Epoch: 47 [0/391] Loss: 1.0541 | Acc: 69.53% | Time: 0.0349s | GPU Mem: 0.29GB/3.70GB
Epoch: 47 [100/391] Loss: 1.2042 | Acc: 66.77% | Time: 0.0232s | GPU Mem: 0.29GB/3.70GB
Epoch: 47 [200/391] Loss: 1.1988 | Acc: 66.45% | Time: 0.0202s | GPU Mem: 0.29GB/3.70GB
Epoch: 47 [300/391] Loss: 1.3125 | Acc: 65.96% | Time: 0.0201s | GPU Mem: 0.29GB/3.70GB

训练 - Loss: 1.1685, Acc: 65.88%
测试 - Loss: 1.6914, Acc: 55.00%
学习率: 0.100000, 时间: 20.04s
GPU内存使用:
  GPU 1 - 已分配: 0.29GB, 已保留: 3.70GB

============================================================
Epoch 49/100
============================================================
Epoch: 48 [0/391] Loss: 1.0439 | Acc: 70.31% | Time: 0.0309s | GPU Mem: 0.29GB/3.70GB
Epoch: 48 [100/391] Loss: 1.0384 | Acc: 67.74% | Time: 0.0244s | GPU Mem: 0.29GB/3.70GB
Epoch: 48 [200/391] Loss: 1.1633 | Acc: 67.17% | Time: 0.0266s | GPU Mem: 0.29GB/3.70GB
Epoch: 48 [300/391] Loss: 1.1029 | Acc: 66.83% | Time: 0.0226s | GPU Mem: 0.29GB/3.70GB

训练 - Loss: 1.1634, Acc: 66.23%
测试 - Loss: 1.7922, Acc: 53.58%
学习率: 0.100000, 时间: 20.96s
GPU内存使用:
  GPU 1 - 已分配: 0.29GB, 已保留: 3.70GB

============================================================
Epoch 50/100
============================================================
Epoch: 49 [0/391] Loss: 0.9896 | Acc: 67.97% | Time: 0.0320s | GPU Mem: 0.29GB/3.70GB
Epoch: 49 [100/391] Loss: 1.1737 | Acc: 67.19% | Time: 0.0230s | GPU Mem: 0.29GB/3.70GB
Epoch: 49 [200/391] Loss: 1.0013 | Acc: 67.04% | Time: 0.0222s | GPU Mem: 0.29GB/3.70GB
Epoch: 49 [300/391] Loss: 1.3802 | Acc: 66.58% | Time: 0.0289s | GPU Mem: 0.29GB/3.70GB

训练 - Loss: 1.1577, Acc: 66.22%
测试 - Loss: 2.0195, Acc: 50.37%
学习率: 0.010000, 时间: 20.74s
GPU内存使用:
  GPU 1 - 已分配: 0.29GB, 已保留: 3.70GB
保存checkpoint到: ./checkpoints/checkpoint_epoch_50.pth

============================================================
Epoch 51/100
============================================================
Epoch: 50 [0/391] Loss: 1.0151 | Acc: 71.88% | Time: 0.0319s | GPU Mem: 0.29GB/3.70GB
Epoch: 50 [100/391] Loss: 0.6371 | Acc: 75.58% | Time: 0.0231s | GPU Mem: 0.29GB/3.70GB
Epoch: 50 [200/391] Loss: 0.6302 | Acc: 77.02% | Time: 0.0343s | GPU Mem: 0.29GB/3.70GB
Epoch: 50 [300/391] Loss: 0.4921 | Acc: 78.24% | Time: 0.0229s | GPU Mem: 0.29GB/3.70GB

训练 - Loss: 0.7102, Acc: 78.97%
测试 - Loss: 0.9391, Acc: 72.80%
学习率: 0.010000, 时间: 20.57s
GPU内存使用:
  GPU 1 - 已分配: 0.29GB, 已保留: 3.70GB
最佳准确率更新: 57.12% -> 72.80%
保存最佳模型到: ./checkpoints/best_model.pth

============================================================
Epoch 52/100
============================================================
Epoch: 51 [0/391] Loss: 0.4991 | Acc: 87.50% | Time: 0.0286s | GPU Mem: 0.29GB/3.70GB
Epoch: 51 [100/391] Loss: 0.5409 | Acc: 83.72% | Time: 0.0219s | GPU Mem: 0.29GB/3.70GB
Epoch: 51 [200/391] Loss: 0.5507 | Acc: 83.32% | Time: 0.0227s | GPU Mem: 0.29GB/3.70GB
Epoch: 51 [300/391] Loss: 0.5588 | Acc: 83.32% | Time: 0.0206s | GPU Mem: 0.29GB/3.70GB

训练 - Loss: 0.5532, Acc: 83.45%
测试 - Loss: 0.9218, Acc: 73.70%
学习率: 0.010000, 时间: 19.98s
GPU内存使用:
  GPU 1 - 已分配: 0.29GB, 已保留: 3.70GB
最佳准确率更新: 72.80% -> 73.70%
保存最佳模型到: ./checkpoints/best_model.pth

============================================================
Epoch 53/100
============================================================
Epoch: 52 [0/391] Loss: 0.4353 | Acc: 86.72% | Time: 0.0362s | GPU Mem: 0.29GB/3.70GB
Epoch: 52 [100/391] Loss: 0.5584 | Acc: 85.52% | Time: 0.0252s | GPU Mem: 0.29GB/3.70GB
Epoch: 52 [200/391] Loss: 0.4100 | Acc: 85.36% | Time: 0.0218s | GPU Mem: 0.29GB/3.70GB
Epoch: 52 [300/391] Loss: 0.5523 | Acc: 85.30% | Time: 0.0249s | GPU Mem: 0.29GB/3.70GB

训练 - Loss: 0.4892, Acc: 85.28%
测试 - Loss: 0.9053, Acc: 74.21%
学习率: 0.010000, 时间: 19.99s
GPU内存使用:
  GPU 1 - 已分配: 0.29GB, 已保留: 3.70GB
最佳准确率更新: 73.70% -> 74.21%
保存最佳模型到: ./checkpoints/best_model.pth

============================================================
Epoch 54/100
============================================================
Epoch: 53 [0/391] Loss: 0.5101 | Acc: 83.59% | Time: 0.0285s | GPU Mem: 0.29GB/3.70GB
Epoch: 53 [100/391] Loss: 0.3985 | Acc: 86.66% | Time: 0.0306s | GPU Mem: 0.29GB/3.70GB
Epoch: 53 [200/391] Loss: 0.3556 | Acc: 86.55% | Time: 0.0284s | GPU Mem: 0.29GB/3.70GB
Epoch: 53 [300/391] Loss: 0.4239 | Acc: 86.45% | Time: 0.0258s | GPU Mem: 0.29GB/3.70GB

训练 - Loss: 0.4448, Acc: 86.36%
测试 - Loss: 0.9230, Acc: 73.74%
学习率: 0.010000, 时间: 20.34s
GPU内存使用:
  GPU 1 - 已分配: 0.29GB, 已保留: 3.70GB

============================================================
Epoch 55/100
============================================================
Epoch: 54 [0/391] Loss: 0.3738 | Acc: 85.94% | Time: 0.0243s | GPU Mem: 0.29GB/3.70GB
Epoch: 54 [100/391] Loss: 0.2700 | Acc: 88.44% | Time: 0.0275s | GPU Mem: 0.29GB/3.70GB
Epoch: 54 [200/391] Loss: 0.3389 | Acc: 87.95% | Time: 0.0249s | GPU Mem: 0.29GB/3.70GB
Epoch: 54 [300/391] Loss: 0.5376 | Acc: 87.72% | Time: 0.0235s | GPU Mem: 0.29GB/3.70GB

训练 - Loss: 0.4054, Acc: 87.69%
测试 - Loss: 0.9304, Acc: 74.28%
学习率: 0.010000, 时间: 20.37s
GPU内存使用:
  GPU 1 - 已分配: 0.29GB, 已保留: 3.70GB
最佳准确率更新: 74.21% -> 74.28%
保存最佳模型到: ./checkpoints/best_model.pth

============================================================
Epoch 56/100
============================================================
Epoch: 55 [0/391] Loss: 0.3719 | Acc: 87.50% | Time: 0.0350s | GPU Mem: 0.29GB/3.70GB
Epoch: 55 [100/391] Loss: 0.4152 | Acc: 89.33% | Time: 0.0284s | GPU Mem: 0.29GB/3.70GB
Epoch: 55 [200/391] Loss: 0.2976 | Acc: 89.08% | Time: 0.0281s | GPU Mem: 0.29GB/3.70GB
Epoch: 55 [300/391] Loss: 0.3546 | Acc: 89.03% | Time: 0.0269s | GPU Mem: 0.29GB/3.70GB

训练 - Loss: 0.3664, Acc: 88.84%
测试 - Loss: 0.9371, Acc: 74.15%
学习率: 0.010000, 时间: 21.25s
GPU内存使用:
  GPU 1 - 已分配: 0.29GB, 已保留: 3.70GB

============================================================
Epoch 57/100
============================================================
Epoch: 56 [0/391] Loss: 0.2340 | Acc: 92.97% | Time: 0.0319s | GPU Mem: 0.29GB/3.70GB
Epoch: 56 [100/391] Loss: 0.3449 | Acc: 90.09% | Time: 0.0252s | GPU Mem: 0.29GB/3.70GB
Epoch: 56 [200/391] Loss: 0.3313 | Acc: 90.08% | Time: 0.0300s | GPU Mem: 0.29GB/3.70GB
Epoch: 56 [300/391] Loss: 0.4509 | Acc: 89.94% | Time: 0.0241s | GPU Mem: 0.29GB/3.70GB

训练 - Loss: 0.3387, Acc: 89.69%
测试 - Loss: 0.9426, Acc: 74.64%
学习率: 0.010000, 时间: 20.00s
GPU内存使用:
  GPU 1 - 已分配: 0.29GB, 已保留: 3.70GB
最佳准确率更新: 74.28% -> 74.64%
保存最佳模型到: ./checkpoints/best_model.pth

============================================================
Epoch 58/100
============================================================
Epoch: 57 [0/391] Loss: 0.2598 | Acc: 90.62% | Time: 0.0334s | GPU Mem: 0.29GB/3.70GB
Epoch: 57 [100/391] Loss: 0.3297 | Acc: 91.30% | Time: 0.0278s | GPU Mem: 0.29GB/3.70GB
Epoch: 57 [200/391] Loss: 0.2228 | Acc: 90.95% | Time: 0.0237s | GPU Mem: 0.29GB/3.70GB
Epoch: 57 [300/391] Loss: 0.2862 | Acc: 90.68% | Time: 0.0212s | GPU Mem: 0.29GB/3.70GB

训练 - Loss: 0.3100, Acc: 90.52%
测试 - Loss: 0.9789, Acc: 74.19%
学习率: 0.010000, 时间: 20.06s
GPU内存使用:
  GPU 1 - 已分配: 0.29GB, 已保留: 3.70GB

============================================================
Epoch 59/100
============================================================
Epoch: 58 [0/391] Loss: 0.3699 | Acc: 89.84% | Time: 0.0295s | GPU Mem: 0.29GB/3.70GB
Epoch: 58 [100/391] Loss: 0.2835 | Acc: 92.17% | Time: 0.0334s | GPU Mem: 0.29GB/3.70GB
Epoch: 58 [200/391] Loss: 0.2687 | Acc: 91.90% | Time: 0.0369s | GPU Mem: 0.29GB/3.70GB
Epoch: 58 [300/391] Loss: 0.2857 | Acc: 91.60% | Time: 0.0266s | GPU Mem: 0.29GB/3.70GB

训练 - Loss: 0.2847, Acc: 91.39%
测试 - Loss: 0.9894, Acc: 73.72%
学习率: 0.010000, 时间: 20.85s
GPU内存使用:
  GPU 1 - 已分配: 0.29GB, 已保留: 3.70GB

============================================================
Epoch 60/100
============================================================
Epoch: 59 [0/391] Loss: 0.2592 | Acc: 92.97% | Time: 0.0304s | GPU Mem: 0.29GB/3.70GB
Epoch: 59 [100/391] Loss: 0.2612 | Acc: 92.91% | Time: 0.0230s | GPU Mem: 0.29GB/3.70GB
Epoch: 59 [200/391] Loss: 0.2381 | Acc: 92.43% | Time: 0.0263s | GPU Mem: 0.29GB/3.70GB
Epoch: 59 [300/391] Loss: 0.2655 | Acc: 92.15% | Time: 0.0223s | GPU Mem: 0.29GB/3.70GB

训练 - Loss: 0.2641, Acc: 92.02%
测试 - Loss: 1.0205, Acc: 74.03%
学习率: 0.010000, 时间: 20.80s
GPU内存使用:
  GPU 1 - 已分配: 0.29GB, 已保留: 3.70GB
保存checkpoint到: ./checkpoints/checkpoint_epoch_60.pth

============================================================
Epoch 61/100
============================================================
Epoch: 60 [0/391] Loss: 0.2290 | Acc: 96.09% | Time: 0.0337s | GPU Mem: 0.29GB/3.70GB
Epoch: 60 [100/391] Loss: 0.2394 | Acc: 93.20% | Time: 0.0300s | GPU Mem: 0.29GB/3.70GB
Epoch: 60 [200/391] Loss: 0.2999 | Acc: 93.01% | Time: 0.0259s | GPU Mem: 0.29GB/3.70GB
Epoch: 60 [300/391] Loss: 0.2159 | Acc: 92.90% | Time: 0.0218s | GPU Mem: 0.29GB/3.70GB

训练 - Loss: 0.2453, Acc: 92.69%
测试 - Loss: 1.0197, Acc: 74.06%
学习率: 0.010000, 时间: 20.50s
GPU内存使用:
  GPU 1 - 已分配: 0.29GB, 已保留: 3.70GB

============================================================
Epoch 62/100
============================================================
Epoch: 61 [0/391] Loss: 0.1411 | Acc: 97.66% | Time: 0.0278s | GPU Mem: 0.29GB/3.70GB
Epoch: 61 [100/391] Loss: 0.2993 | Acc: 94.14% | Time: 0.0213s | GPU Mem: 0.29GB/3.70GB
Epoch: 61 [200/391] Loss: 0.3186 | Acc: 93.64% | Time: 0.0227s | GPU Mem: 0.29GB/3.70GB
Epoch: 61 [300/391] Loss: 0.1541 | Acc: 93.33% | Time: 0.0313s | GPU Mem: 0.29GB/3.70GB

训练 - Loss: 0.2280, Acc: 93.18%
测试 - Loss: 1.0375, Acc: 74.00%
学习率: 0.010000, 时间: 20.40s
GPU内存使用:
  GPU 1 - 已分配: 0.29GB, 已保留: 3.70GB

============================================================
Epoch 63/100
============================================================
Epoch: 62 [0/391] Loss: 0.2930 | Acc: 89.84% | Time: 0.0320s | GPU Mem: 0.29GB/3.70GB
Epoch: 62 [100/391] Loss: 0.1503 | Acc: 94.25% | Time: 0.0227s | GPU Mem: 0.29GB/3.70GB
Epoch: 62 [200/391] Loss: 0.2036 | Acc: 93.96% | Time: 0.0294s | GPU Mem: 0.29GB/3.70GB
Epoch: 62 [300/391] Loss: 0.2209 | Acc: 93.53% | Time: 0.0229s | GPU Mem: 0.29GB/3.70GB

训练 - Loss: 0.2168, Acc: 93.35%
测试 - Loss: 1.0557, Acc: 73.62%
学习率: 0.010000, 时间: 20.65s
GPU内存使用:
  GPU 1 - 已分配: 0.29GB, 已保留: 3.70GB

============================================================
Epoch 64/100
============================================================
Epoch: 63 [0/391] Loss: 0.1714 | Acc: 94.53% | Time: 0.0423s | GPU Mem: 0.29GB/3.70GB
Epoch: 63 [100/391] Loss: 0.2227 | Acc: 94.76% | Time: 0.0266s | GPU Mem: 0.29GB/3.70GB
Epoch: 63 [200/391] Loss: 0.2128 | Acc: 94.52% | Time: 0.0262s | GPU Mem: 0.29GB/3.70GB
Epoch: 63 [300/391] Loss: 0.2508 | Acc: 94.30% | Time: 0.0310s | GPU Mem: 0.29GB/3.70GB

训练 - Loss: 0.2004, Acc: 94.03%
测试 - Loss: 1.0691, Acc: 73.54%
学习率: 0.010000, 时间: 20.78s
GPU内存使用:
  GPU 1 - 已分配: 0.29GB, 已保留: 3.70GB

============================================================
Epoch 65/100
============================================================
Epoch: 64 [0/391] Loss: 0.1255 | Acc: 96.09% | Time: 0.0294s | GPU Mem: 0.29GB/3.70GB
Epoch: 64 [100/391] Loss: 0.1806 | Acc: 94.53% | Time: 0.0284s | GPU Mem: 0.29GB/3.70GB
Epoch: 64 [200/391] Loss: 0.1473 | Acc: 94.66% | Time: 0.0229s | GPU Mem: 0.29GB/3.70GB
Epoch: 64 [300/391] Loss: 0.2686 | Acc: 94.46% | Time: 0.0279s | GPU Mem: 0.29GB/3.70GB

训练 - Loss: 0.1902, Acc: 94.28%
测试 - Loss: 1.0892, Acc: 73.35%
学习率: 0.010000, 时间: 20.20s
GPU内存使用:
  GPU 1 - 已分配: 0.29GB, 已保留: 3.70GB

============================================================
Epoch 66/100
============================================================
Epoch: 65 [0/391] Loss: 0.1849 | Acc: 93.75% | Time: 0.0327s | GPU Mem: 0.29GB/3.70GB
Epoch: 65 [100/391] Loss: 0.1726 | Acc: 95.18% | Time: 0.0237s | GPU Mem: 0.29GB/3.70GB
Epoch: 65 [200/391] Loss: 0.1279 | Acc: 95.01% | Time: 0.0234s | GPU Mem: 0.29GB/3.70GB
Epoch: 65 [300/391] Loss: 0.1960 | Acc: 94.65% | Time: 0.0257s | GPU Mem: 0.29GB/3.70GB

训练 - Loss: 0.1864, Acc: 94.43%
测试 - Loss: 1.1045, Acc: 73.18%
学习率: 0.010000, 时间: 19.98s
GPU内存使用:
  GPU 1 - 已分配: 0.29GB, 已保留: 3.70GB

============================================================
Epoch 67/100
============================================================
Epoch: 66 [0/391] Loss: 0.2023 | Acc: 92.19% | Time: 0.0260s | GPU Mem: 0.29GB/3.70GB
Epoch: 66 [100/391] Loss: 0.1207 | Acc: 95.24% | Time: 0.0292s | GPU Mem: 0.29GB/3.70GB
Epoch: 66 [200/391] Loss: 0.1763 | Acc: 95.05% | Time: 0.0215s | GPU Mem: 0.29GB/3.70GB
Epoch: 66 [300/391] Loss: 0.1340 | Acc: 94.81% | Time: 0.0281s | GPU Mem: 0.29GB/3.70GB

训练 - Loss: 0.1849, Acc: 94.45%
测试 - Loss: 1.1304, Acc: 72.87%
学习率: 0.010000, 时间: 20.92s
GPU内存使用:
  GPU 1 - 已分配: 0.29GB, 已保留: 3.70GB

============================================================
Epoch 68/100
============================================================
Epoch: 67 [0/391] Loss: 0.1414 | Acc: 92.97% | Time: 0.0336s | GPU Mem: 0.29GB/3.70GB
Epoch: 67 [100/391] Loss: 0.0635 | Acc: 95.57% | Time: 0.0240s | GPU Mem: 0.29GB/3.70GB
Epoch: 67 [200/391] Loss: 0.2370 | Acc: 95.21% | Time: 0.0310s | GPU Mem: 0.29GB/3.70GB
Epoch: 67 [300/391] Loss: 0.1739 | Acc: 95.05% | Time: 0.0298s | GPU Mem: 0.29GB/3.70GB

训练 - Loss: 0.1766, Acc: 94.78%
测试 - Loss: 1.1826, Acc: 71.92%
学习率: 0.010000, 时间: 20.80s
GPU内存使用:
  GPU 1 - 已分配: 0.29GB, 已保留: 3.70GB

============================================================
Epoch 69/100
============================================================
Epoch: 68 [0/391] Loss: 0.1998 | Acc: 92.19% | Time: 0.0367s | GPU Mem: 0.29GB/3.70GB
Epoch: 68 [100/391] Loss: 0.1032 | Acc: 95.34% | Time: 0.0223s | GPU Mem: 0.29GB/3.70GB
Epoch: 68 [200/391] Loss: 0.2057 | Acc: 95.23% | Time: 0.0323s | GPU Mem: 0.29GB/3.70GB
Epoch: 68 [300/391] Loss: 0.2103 | Acc: 95.07% | Time: 0.0290s | GPU Mem: 0.29GB/3.70GB

训练 - Loss: 0.1707, Acc: 94.82%
测试 - Loss: 1.1407, Acc: 72.81%
学习率: 0.010000, 时间: 19.93s
GPU内存使用:
  GPU 1 - 已分配: 0.29GB, 已保留: 3.70GB

============================================================
Epoch 70/100
============================================================
Epoch: 69 [0/391] Loss: 0.1990 | Acc: 93.75% | Time: 0.0290s | GPU Mem: 0.29GB/3.70GB
Epoch: 69 [100/391] Loss: 0.1042 | Acc: 95.92% | Time: 0.0211s | GPU Mem: 0.29GB/3.70GB
Epoch: 69 [200/391] Loss: 0.1081 | Acc: 95.65% | Time: 0.0245s | GPU Mem: 0.29GB/3.70GB
Epoch: 69 [300/391] Loss: 0.2280 | Acc: 95.37% | Time: 0.0199s | GPU Mem: 0.29GB/3.70GB

训练 - Loss: 0.1653, Acc: 95.05%
测试 - Loss: 1.1756, Acc: 72.38%
学习率: 0.010000, 时间: 19.92s
GPU内存使用:
  GPU 1 - 已分配: 0.29GB, 已保留: 3.70GB
保存checkpoint到: ./checkpoints/checkpoint_epoch_70.pth

============================================================
Epoch 71/100
============================================================
Epoch: 70 [0/391] Loss: 0.1286 | Acc: 98.44% | Time: 0.0347s | GPU Mem: 0.29GB/3.70GB
Epoch: 70 [100/391] Loss: 0.1085 | Acc: 95.46% | Time: 0.0271s | GPU Mem: 0.29GB/3.70GB
Epoch: 70 [200/391] Loss: 0.1999 | Acc: 95.18% | Time: 0.0292s | GPU Mem: 0.29GB/3.70GB
Epoch: 70 [300/391] Loss: 0.1350 | Acc: 95.01% | Time: 0.0240s | GPU Mem: 0.29GB/3.70GB

训练 - Loss: 0.1668, Acc: 94.90%
测试 - Loss: 1.1648, Acc: 72.70%
学习率: 0.010000, 时间: 20.22s
GPU内存使用:
  GPU 1 - 已分配: 0.29GB, 已保留: 3.70GB

============================================================
Epoch 72/100
============================================================
Epoch: 71 [0/391] Loss: 0.1419 | Acc: 97.66% | Time: 0.0290s | GPU Mem: 0.29GB/3.70GB
Epoch: 71 [100/391] Loss: 0.1126 | Acc: 96.00% | Time: 0.0218s | GPU Mem: 0.29GB/3.70GB
Epoch: 71 [200/391] Loss: 0.1870 | Acc: 95.79% | Time: 0.0240s | GPU Mem: 0.29GB/3.70GB
Epoch: 71 [300/391] Loss: 0.1672 | Acc: 95.48% | Time: 0.0231s | GPU Mem: 0.29GB/3.70GB

训练 - Loss: 0.1602, Acc: 95.15%
测试 - Loss: 1.1999, Acc: 71.86%
学习率: 0.010000, 时间: 20.03s
GPU内存使用:
  GPU 1 - 已分配: 0.29GB, 已保留: 3.70GB

============================================================
Epoch 73/100
============================================================
Epoch: 72 [0/391] Loss: 0.2113 | Acc: 93.75% | Time: 0.0301s | GPU Mem: 0.29GB/3.70GB
Epoch: 72 [100/391] Loss: 0.1388 | Acc: 95.75% | Time: 0.0237s | GPU Mem: 0.29GB/3.70GB
Epoch: 72 [200/391] Loss: 0.1649 | Acc: 95.47% | Time: 0.0238s | GPU Mem: 0.29GB/3.70GB
Epoch: 72 [300/391] Loss: 0.1205 | Acc: 95.36% | Time: 0.0253s | GPU Mem: 0.29GB/3.70GB

训练 - Loss: 0.1626, Acc: 95.07%
测试 - Loss: 1.2620, Acc: 71.04%
学习率: 0.010000, 时间: 20.17s
GPU内存使用:
  GPU 1 - 已分配: 0.29GB, 已保留: 3.70GB

============================================================
Epoch 74/100
============================================================
Epoch: 73 [0/391] Loss: 0.1350 | Acc: 94.53% | Time: 0.0282s | GPU Mem: 0.29GB/3.70GB
Epoch: 73 [100/391] Loss: 0.1575 | Acc: 95.41% | Time: 0.0255s | GPU Mem: 0.29GB/3.70GB
Epoch: 73 [200/391] Loss: 0.1227 | Acc: 95.37% | Time: 0.0245s | GPU Mem: 0.29GB/3.70GB
Epoch: 73 [300/391] Loss: 0.2107 | Acc: 94.95% | Time: 0.0226s | GPU Mem: 0.29GB/3.70GB

训练 - Loss: 0.1735, Acc: 94.81%
测试 - Loss: 1.1573, Acc: 72.59%
学习率: 0.010000, 时间: 19.94s
GPU内存使用:
  GPU 1 - 已分配: 0.29GB, 已保留: 3.70GB

============================================================
Epoch 75/100
============================================================
Epoch: 74 [0/391] Loss: 0.0843 | Acc: 99.22% | Time: 0.0304s | GPU Mem: 0.29GB/3.70GB
Epoch: 74 [100/391] Loss: 0.0925 | Acc: 96.25% | Time: 0.0246s | GPU Mem: 0.29GB/3.70GB
Epoch: 74 [200/391] Loss: 0.1465 | Acc: 95.88% | Time: 0.0234s | GPU Mem: 0.29GB/3.70GB
Epoch: 74 [300/391] Loss: 0.2231 | Acc: 95.63% | Time: 0.0300s | GPU Mem: 0.29GB/3.70GB

训练 - Loss: 0.1541, Acc: 95.37%
测试 - Loss: 1.1896, Acc: 72.59%
学习率: 0.010000, 时间: 19.98s
GPU内存使用:
  GPU 1 - 已分配: 0.29GB, 已保留: 3.70GB

============================================================
Epoch 76/100
============================================================
Epoch: 75 [0/391] Loss: 0.1153 | Acc: 97.66% | Time: 0.0274s | GPU Mem: 0.29GB/3.70GB
Epoch: 75 [100/391] Loss: 0.2192 | Acc: 95.71% | Time: 0.0275s | GPU Mem: 0.29GB/3.70GB
Epoch: 75 [200/391] Loss: 0.2175 | Acc: 95.61% | Time: 0.0239s | GPU Mem: 0.29GB/3.70GB
Epoch: 75 [300/391] Loss: 0.1603 | Acc: 95.38% | Time: 0.0222s | GPU Mem: 0.29GB/3.70GB

训练 - Loss: 0.1603, Acc: 95.14%
测试 - Loss: 1.2124, Acc: 72.09%
学习率: 0.010000, 时间: 19.76s
GPU内存使用:
  GPU 1 - 已分配: 0.29GB, 已保留: 3.70GB

============================================================
Epoch 77/100
============================================================
Epoch: 76 [0/391] Loss: 0.1612 | Acc: 95.31% | Time: 0.0275s | GPU Mem: 0.29GB/3.70GB
Epoch: 76 [100/391] Loss: 0.1515 | Acc: 95.68% | Time: 0.0307s | GPU Mem: 0.29GB/3.70GB
Epoch: 76 [200/391] Loss: 0.1310 | Acc: 95.56% | Time: 0.0301s | GPU Mem: 0.29GB/3.70GB
Epoch: 76 [300/391] Loss: 0.1236 | Acc: 95.40% | Time: 0.0275s | GPU Mem: 0.29GB/3.70GB

训练 - Loss: 0.1602, Acc: 95.27%
测试 - Loss: 1.1879, Acc: 72.61%
学习率: 0.010000, 时间: 20.15s
GPU内存使用:
  GPU 1 - 已分配: 0.29GB, 已保留: 3.70GB

============================================================
Epoch 78/100
============================================================
Epoch: 77 [0/391] Loss: 0.1295 | Acc: 97.66% | Time: 0.0277s | GPU Mem: 0.29GB/3.70GB
Epoch: 77 [100/391] Loss: 0.1332 | Acc: 95.93% | Time: 0.0244s | GPU Mem: 0.29GB/3.70GB
Epoch: 77 [200/391] Loss: 0.1495 | Acc: 95.57% | Time: 0.0226s | GPU Mem: 0.29GB/3.70GB
Epoch: 77 [300/391] Loss: 0.2300 | Acc: 95.33% | Time: 0.0310s | GPU Mem: 0.29GB/3.70GB

训练 - Loss: 0.1633, Acc: 95.17%
测试 - Loss: 1.1865, Acc: 72.37%
学习率: 0.010000, 时间: 20.26s
GPU内存使用:
  GPU 1 - 已分配: 0.29GB, 已保留: 3.70GB

============================================================
Epoch 79/100
============================================================
Epoch: 78 [0/391] Loss: 0.1740 | Acc: 95.31% | Time: 0.0336s | GPU Mem: 0.29GB/3.70GB
Epoch: 78 [100/391] Loss: 0.1207 | Acc: 95.47% | Time: 0.0297s | GPU Mem: 0.29GB/3.70GB
Epoch: 78 [200/391] Loss: 0.1317 | Acc: 95.48% | Time: 0.0269s | GPU Mem: 0.29GB/3.70GB
Epoch: 78 [300/391] Loss: 0.3276 | Acc: 95.32% | Time: 0.0291s | GPU Mem: 0.29GB/3.70GB

训练 - Loss: 0.1637, Acc: 94.99%
测试 - Loss: 1.2273, Acc: 71.44%
学习率: 0.010000, 时间: 20.02s
GPU内存使用:
  GPU 1 - 已分配: 0.29GB, 已保留: 3.70GB

============================================================
Epoch 80/100
============================================================
Epoch: 79 [0/391] Loss: 0.2035 | Acc: 90.62% | Time: 0.0311s | GPU Mem: 0.29GB/3.70GB
Epoch: 79 [100/391] Loss: 0.1605 | Acc: 94.96% | Time: 0.0223s | GPU Mem: 0.29GB/3.70GB
Epoch: 79 [200/391] Loss: 0.1449 | Acc: 95.00% | Time: 0.0230s | GPU Mem: 0.29GB/3.70GB
Epoch: 79 [300/391] Loss: 0.1481 | Acc: 94.86% | Time: 0.0279s | GPU Mem: 0.29GB/3.70GB

训练 - Loss: 0.1758, Acc: 94.69%
测试 - Loss: 1.2634, Acc: 70.94%
学习率: 0.010000, 时间: 19.93s
GPU内存使用:
  GPU 1 - 已分配: 0.29GB, 已保留: 3.70GB
保存checkpoint到: ./checkpoints/checkpoint_epoch_80.pth

============================================================
Epoch 81/100
============================================================
Epoch: 80 [0/391] Loss: 0.1033 | Acc: 97.66% | Time: 0.0319s | GPU Mem: 0.29GB/3.70GB
Epoch: 80 [100/391] Loss: 0.1253 | Acc: 95.88% | Time: 0.0221s | GPU Mem: 0.29GB/3.70GB
Epoch: 80 [200/391] Loss: 0.1455 | Acc: 95.58% | Time: 0.0308s | GPU Mem: 0.29GB/3.70GB
Epoch: 80 [300/391] Loss: 0.2328 | Acc: 95.28% | Time: 0.0334s | GPU Mem: 0.29GB/3.70GB

训练 - Loss: 0.1652, Acc: 94.96%
测试 - Loss: 1.2103, Acc: 71.60%
学习率: 0.010000, 时间: 20.33s
GPU内存使用:
  GPU 1 - 已分配: 0.29GB, 已保留: 3.70GB

============================================================
Epoch 82/100
============================================================
Epoch: 81 [0/391] Loss: 0.1273 | Acc: 97.66% | Time: 0.0318s | GPU Mem: 0.29GB/3.70GB
Epoch: 81 [100/391] Loss: 0.0989 | Acc: 95.65% | Time: 0.0238s | GPU Mem: 0.29GB/3.70GB
Epoch: 81 [200/391] Loss: 0.2216 | Acc: 95.71% | Time: 0.0220s | GPU Mem: 0.29GB/3.70GB
Epoch: 81 [300/391] Loss: 0.1650 | Acc: 95.70% | Time: 0.0303s | GPU Mem: 0.29GB/3.70GB

训练 - Loss: 0.1566, Acc: 95.37%
测试 - Loss: 1.1984, Acc: 71.94%
学习率: 0.010000, 时间: 20.04s
GPU内存使用:
  GPU 1 - 已分配: 0.29GB, 已保留: 3.70GB

============================================================
Epoch 83/100
============================================================
Epoch: 82 [0/391] Loss: 0.1507 | Acc: 94.53% | Time: 0.0304s | GPU Mem: 0.29GB/3.70GB
Epoch: 82 [100/391] Loss: 0.1772 | Acc: 95.28% | Time: 0.0224s | GPU Mem: 0.29GB/3.70GB
Epoch: 82 [200/391] Loss: 0.1217 | Acc: 95.23% | Time: 0.0290s | GPU Mem: 0.29GB/3.70GB
Epoch: 82 [300/391] Loss: 0.1595 | Acc: 95.29% | Time: 0.0228s | GPU Mem: 0.29GB/3.70GB

训练 - Loss: 0.1632, Acc: 95.03%
测试 - Loss: 1.3115, Acc: 70.29%
学习率: 0.010000, 时间: 19.92s
GPU内存使用:
  GPU 1 - 已分配: 0.29GB, 已保留: 3.70GB

============================================================
Epoch 84/100
============================================================
Epoch: 83 [0/391] Loss: 0.1837 | Acc: 92.97% | Time: 0.0332s | GPU Mem: 0.29GB/3.70GB
Epoch: 83 [100/391] Loss: 0.1679 | Acc: 95.13% | Time: 0.0283s | GPU Mem: 0.29GB/3.70GB
Epoch: 83 [200/391] Loss: 0.2590 | Acc: 95.20% | Time: 0.0230s | GPU Mem: 0.29GB/3.70GB
Epoch: 83 [300/391] Loss: 0.2140 | Acc: 95.02% | Time: 0.0266s | GPU Mem: 0.29GB/3.70GB

训练 - Loss: 0.1693, Acc: 94.77%
测试 - Loss: 1.2382, Acc: 71.37%
学习率: 0.010000, 时间: 20.03s
GPU内存使用:
  GPU 1 - 已分配: 0.29GB, 已保留: 3.70GB

============================================================
Epoch 85/100
============================================================
Epoch: 84 [0/391] Loss: 0.0887 | Acc: 98.44% | Time: 0.0283s | GPU Mem: 0.29GB/3.70GB
Epoch: 84 [100/391] Loss: 0.1129 | Acc: 95.75% | Time: 0.0241s | GPU Mem: 0.29GB/3.70GB
Epoch: 84 [200/391] Loss: 0.2055 | Acc: 95.64% | Time: 0.0242s | GPU Mem: 0.29GB/3.70GB
Epoch: 84 [300/391] Loss: 0.1402 | Acc: 95.31% | Time: 0.0232s | GPU Mem: 0.29GB/3.70GB

训练 - Loss: 0.1676, Acc: 94.94%
测试 - Loss: 1.2923, Acc: 70.38%
学习率: 0.010000, 时间: 20.19s
GPU内存使用:
  GPU 1 - 已分配: 0.29GB, 已保留: 3.70GB

============================================================
Epoch 86/100
============================================================
Epoch: 85 [0/391] Loss: 0.1277 | Acc: 96.88% | Time: 0.0299s | GPU Mem: 0.29GB/3.70GB
Epoch: 85 [100/391] Loss: 0.1564 | Acc: 95.71% | Time: 0.0226s | GPU Mem: 0.29GB/3.70GB
Epoch: 85 [200/391] Loss: 0.1768 | Acc: 95.35% | Time: 0.0285s | GPU Mem: 0.29GB/3.70GB
Epoch: 85 [300/391] Loss: 0.1373 | Acc: 94.95% | Time: 0.0209s | GPU Mem: 0.29GB/3.70GB

训练 - Loss: 0.1721, Acc: 94.78%
测试 - Loss: 1.2494, Acc: 71.70%
学习率: 0.010000, 时间: 20.02s
GPU内存使用:
  GPU 1 - 已分配: 0.29GB, 已保留: 3.70GB

============================================================
Epoch 87/100
============================================================
Epoch: 86 [0/391] Loss: 0.1289 | Acc: 96.88% | Time: 0.0324s | GPU Mem: 0.29GB/3.70GB
Epoch: 86 [100/391] Loss: 0.1802 | Acc: 95.58% | Time: 0.0226s | GPU Mem: 0.29GB/3.70GB
Epoch: 86 [200/391] Loss: 0.1721 | Acc: 95.55% | Time: 0.0259s | GPU Mem: 0.29GB/3.70GB
Epoch: 86 [300/391] Loss: 0.1918 | Acc: 95.19% | Time: 0.0208s | GPU Mem: 0.29GB/3.70GB

训练 - Loss: 0.1700, Acc: 94.85%
测试 - Loss: 1.2777, Acc: 70.77%
学习率: 0.010000, 时间: 20.34s
GPU内存使用:
  GPU 1 - 已分配: 0.29GB, 已保留: 3.70GB

============================================================
Epoch 88/100
============================================================
Epoch: 87 [0/391] Loss: 0.1617 | Acc: 93.75% | Time: 0.0296s | GPU Mem: 0.29GB/3.70GB
Epoch: 87 [100/391] Loss: 0.2250 | Acc: 95.54% | Time: 0.0224s | GPU Mem: 0.29GB/3.70GB
Epoch: 87 [200/391] Loss: 0.1344 | Acc: 95.29% | Time: 0.0224s | GPU Mem: 0.29GB/3.70GB
Epoch: 87 [300/391] Loss: 0.2043 | Acc: 95.04% | Time: 0.0349s | GPU Mem: 0.29GB/3.70GB

训练 - Loss: 0.1741, Acc: 94.77%
测试 - Loss: 1.3205, Acc: 70.15%
学习率: 0.010000, 时间: 20.17s
GPU内存使用:
  GPU 1 - 已分配: 0.29GB, 已保留: 3.70GB

============================================================
Epoch 89/100
============================================================
Epoch: 88 [0/391] Loss: 0.2329 | Acc: 92.97% | Time: 0.0236s | GPU Mem: 0.29GB/3.70GB
Epoch: 88 [100/391] Loss: 0.1779 | Acc: 95.32% | Time: 0.0286s | GPU Mem: 0.29GB/3.70GB
Epoch: 88 [200/391] Loss: 0.0860 | Acc: 95.09% | Time: 0.0253s | GPU Mem: 0.29GB/3.70GB
Epoch: 88 [300/391] Loss: 0.2358 | Acc: 94.90% | Time: 0.0308s | GPU Mem: 0.29GB/3.70GB

训练 - Loss: 0.1703, Acc: 94.80%
测试 - Loss: 1.2791, Acc: 70.87%
学习率: 0.010000, 时间: 19.98s
GPU内存使用:
  GPU 1 - 已分配: 0.29GB, 已保留: 3.70GB

============================================================
Epoch 90/100
============================================================
Epoch: 89 [0/391] Loss: 0.1131 | Acc: 96.88% | Time: 0.0287s | GPU Mem: 0.29GB/3.70GB
Epoch: 89 [100/391] Loss: 0.0797 | Acc: 95.61% | Time: 0.0249s | GPU Mem: 0.29GB/3.70GB
Epoch: 89 [200/391] Loss: 0.1675 | Acc: 95.75% | Time: 0.0272s | GPU Mem: 0.29GB/3.70GB
Epoch: 89 [300/391] Loss: 0.1401 | Acc: 95.52% | Time: 0.0244s | GPU Mem: 0.29GB/3.70GB

训练 - Loss: 0.1595, Acc: 95.21%
测试 - Loss: 1.2835, Acc: 70.59%
学习率: 0.010000, 时间: 20.20s
GPU内存使用:
  GPU 1 - 已分配: 0.29GB, 已保留: 3.70GB
保存checkpoint到: ./checkpoints/checkpoint_epoch_90.pth

============================================================
Epoch 91/100
============================================================
Epoch: 90 [0/391] Loss: 0.1474 | Acc: 94.53% | Time: 0.0340s | GPU Mem: 0.29GB/3.70GB
Epoch: 90 [100/391] Loss: 0.1323 | Acc: 95.39% | Time: 0.0292s | GPU Mem: 0.29GB/3.70GB
Epoch: 90 [200/391] Loss: 0.1635 | Acc: 95.41% | Time: 0.0300s | GPU Mem: 0.29GB/3.70GB
Epoch: 90 [300/391] Loss: 0.2269 | Acc: 95.20% | Time: 0.0220s | GPU Mem: 0.29GB/3.70GB

训练 - Loss: 0.1682, Acc: 94.87%
测试 - Loss: 1.3022, Acc: 69.77%
学习率: 0.010000, 时间: 20.07s
GPU内存使用:
  GPU 1 - 已分配: 0.29GB, 已保留: 3.70GB

============================================================
Epoch 92/100
============================================================
Epoch: 91 [0/391] Loss: 0.0737 | Acc: 98.44% | Time: 0.0289s | GPU Mem: 0.29GB/3.70GB
Epoch: 91 [100/391] Loss: 0.2028 | Acc: 95.47% | Time: 0.0246s | GPU Mem: 0.29GB/3.70GB
Epoch: 91 [200/391] Loss: 0.2057 | Acc: 95.28% | Time: 0.0233s | GPU Mem: 0.29GB/3.70GB
Epoch: 91 [300/391] Loss: 0.1765 | Acc: 94.89% | Time: 0.0255s | GPU Mem: 0.29GB/3.70GB

训练 - Loss: 0.1728, Acc: 94.75%
测试 - Loss: 1.2968, Acc: 70.12%
学习率: 0.010000, 时间: 20.09s
GPU内存使用:
  GPU 1 - 已分配: 0.29GB, 已保留: 3.70GB

============================================================
Epoch 93/100
============================================================
Epoch: 92 [0/391] Loss: 0.1275 | Acc: 96.09% | Time: 0.0306s | GPU Mem: 0.29GB/3.70GB
Epoch: 92 [100/391] Loss: 0.1409 | Acc: 95.45% | Time: 0.0224s | GPU Mem: 0.29GB/3.70GB
Epoch: 92 [200/391] Loss: 0.1486 | Acc: 95.43% | Time: 0.0202s | GPU Mem: 0.29GB/3.70GB
Epoch: 92 [300/391] Loss: 0.1622 | Acc: 95.12% | Time: 0.0225s | GPU Mem: 0.29GB/3.70GB

训练 - Loss: 0.1709, Acc: 94.88%
测试 - Loss: 1.3099, Acc: 70.50%
学习率: 0.010000, 时间: 19.98s
GPU内存使用:
  GPU 1 - 已分配: 0.29GB, 已保留: 3.70GB

============================================================
Epoch 94/100
============================================================
Epoch: 93 [0/391] Loss: 0.1199 | Acc: 96.88% | Time: 0.0285s | GPU Mem: 0.29GB/3.70GB
Epoch: 93 [100/391] Loss: 0.2027 | Acc: 95.82% | Time: 0.0226s | GPU Mem: 0.29GB/3.70GB
Epoch: 93 [200/391] Loss: 0.1494 | Acc: 95.59% | Time: 0.0232s | GPU Mem: 0.29GB/3.70GB
Epoch: 93 [300/391] Loss: 0.1074 | Acc: 95.35% | Time: 0.0224s | GPU Mem: 0.29GB/3.70GB

训练 - Loss: 0.1635, Acc: 95.08%
测试 - Loss: 1.3339, Acc: 70.05%
学习率: 0.010000, 时间: 20.04s
GPU内存使用:
  GPU 1 - 已分配: 0.29GB, 已保留: 3.70GB

============================================================
Epoch 95/100
============================================================
Epoch: 94 [0/391] Loss: 0.1471 | Acc: 95.31% | Time: 0.0238s | GPU Mem: 0.29GB/3.70GB
Epoch: 94 [100/391] Loss: 0.1378 | Acc: 95.61% | Time: 0.0269s | GPU Mem: 0.29GB/3.70GB
Epoch: 94 [200/391] Loss: 0.1848 | Acc: 95.64% | Time: 0.0229s | GPU Mem: 0.29GB/3.70GB
Epoch: 94 [300/391] Loss: 0.1651 | Acc: 95.42% | Time: 0.0248s | GPU Mem: 0.29GB/3.70GB

训练 - Loss: 0.1585, Acc: 95.13%
测试 - Loss: 1.3234, Acc: 70.17%
学习率: 0.010000, 时间: 20.09s
GPU内存使用:
  GPU 1 - 已分配: 0.29GB, 已保留: 3.70GB

============================================================
Epoch 96/100
============================================================
Epoch: 95 [0/391] Loss: 0.1973 | Acc: 93.75% | Time: 0.0265s | GPU Mem: 0.29GB/3.70GB
Epoch: 95 [100/391] Loss: 0.1791 | Acc: 95.22% | Time: 0.0263s | GPU Mem: 0.29GB/3.70GB
Epoch: 95 [200/391] Loss: 0.1998 | Acc: 95.15% | Time: 0.0232s | GPU Mem: 0.29GB/3.70GB
Epoch: 95 [300/391] Loss: 0.1152 | Acc: 94.86% | Time: 0.0225s | GPU Mem: 0.29GB/3.70GB

训练 - Loss: 0.1792, Acc: 94.45%
测试 - Loss: 1.3365, Acc: 70.13%
学习率: 0.010000, 时间: 20.09s
GPU内存使用:
  GPU 1 - 已分配: 0.29GB, 已保留: 3.70GB

============================================================
Epoch 97/100
============================================================
Epoch: 96 [0/391] Loss: 0.2058 | Acc: 92.19% | Time: 0.0273s | GPU Mem: 0.29GB/3.70GB
Epoch: 96 [100/391] Loss: 0.1235 | Acc: 95.39% | Time: 0.0202s | GPU Mem: 0.29GB/3.70GB
Epoch: 96 [200/391] Loss: 0.1255 | Acc: 95.38% | Time: 0.0290s | GPU Mem: 0.29GB/3.70GB
Epoch: 96 [300/391] Loss: 0.2681 | Acc: 95.13% | Time: 0.0222s | GPU Mem: 0.29GB/3.70GB

训练 - Loss: 0.1725, Acc: 94.84%
测试 - Loss: 1.3229, Acc: 69.47%
学习率: 0.010000, 时间: 20.14s
GPU内存使用:
  GPU 1 - 已分配: 0.29GB, 已保留: 3.70GB

============================================================
Epoch 98/100
============================================================
Epoch: 97 [0/391] Loss: 0.1387 | Acc: 96.88% | Time: 0.0346s | GPU Mem: 0.29GB/3.70GB
Epoch: 97 [100/391] Loss: 0.1759 | Acc: 95.14% | Time: 0.0243s | GPU Mem: 0.29GB/3.70GB
Epoch: 97 [200/391] Loss: 0.1441 | Acc: 95.19% | Time: 0.0224s | GPU Mem: 0.29GB/3.70GB
Epoch: 97 [300/391] Loss: 0.2110 | Acc: 94.91% | Time: 0.0315s | GPU Mem: 0.29GB/3.70GB

训练 - Loss: 0.1702, Acc: 94.81%
测试 - Loss: 1.2712, Acc: 70.68%
学习率: 0.010000, 时间: 20.06s
GPU内存使用:
  GPU 1 - 已分配: 0.29GB, 已保留: 3.70GB

============================================================
Epoch 99/100
============================================================
Epoch: 98 [0/391] Loss: 0.1065 | Acc: 96.88% | Time: 0.0296s | GPU Mem: 0.29GB/3.70GB
Epoch: 98 [100/391] Loss: 0.1217 | Acc: 95.58% | Time: 0.0226s | GPU Mem: 0.29GB/3.70GB
Epoch: 98 [200/391] Loss: 0.1731 | Acc: 95.46% | Time: 0.0225s | GPU Mem: 0.29GB/3.70GB
Epoch: 98 [300/391] Loss: 0.1854 | Acc: 95.44% | Time: 0.0263s | GPU Mem: 0.29GB/3.70GB

训练 - Loss: 0.1604, Acc: 95.23%
测试 - Loss: 1.2404, Acc: 71.69%
学习率: 0.010000, 时间: 20.21s
GPU内存使用:
  GPU 1 - 已分配: 0.29GB, 已保留: 3.70GB

============================================================
Epoch 100/100
============================================================
Epoch: 99 [0/391] Loss: 0.1120 | Acc: 96.09% | Time: 0.0318s | GPU Mem: 0.29GB/3.70GB
Epoch: 99 [100/391] Loss: 0.1425 | Acc: 95.73% | Time: 0.0226s | GPU Mem: 0.29GB/3.70GB
Epoch: 99 [200/391] Loss: 0.2039 | Acc: 95.64% | Time: 0.0282s | GPU Mem: 0.29GB/3.70GB
Epoch: 99 [300/391] Loss: 0.1366 | Acc: 95.45% | Time: 0.0391s | GPU Mem: 0.29GB/3.70GB

训练 - Loss: 0.1608, Acc: 95.19%
测试 - Loss: 1.2986, Acc: 70.59%
学习率: 0.001000, 时间: 20.07s
GPU内存使用:
  GPU 1 - 已分配: 0.29GB, 已保留: 3.70GB
保存checkpoint到: ./checkpoints/checkpoint_epoch_100.pth

============================================================
训练完成!
============================================================
总时间: 2377.14秒 (39.62分钟)
平均每epoch: 23.77秒
最佳测试准确率: 74.64%
保存最终模型到: ./experiments/group_3_dataloader_optimization_across_training_modes/checkpoints/single_resnet50_bs128_gpu1_nw1_chunks0.pth

训练完成!
