====================================================================================================
Experiment: single_resnet50_bs128_gpu1_nw16_chunks0
Parameters: {
  "mode": "single",
  "model": "resnet50",
  "batch_size": 128,
  "epochs": 100,
  "dataset": "cifar100",
  "gpu_ids": [
    1
  ],
  "num_workers": 16,
  "prefetch_factor": 1,
  "chunks": 0,
  "num_gpus": 1
}
Command: python -u main.py --mode single --model resnet50 --batch-size 128 --epochs 100 --dataset cifar100 --gpu-ids 1 --num-workers 16 --prefetch-factor 1 --chunks 0 --final-checkpoint-path ./experiments/group_3_dataloader_optimization_across_training_modes/checkpoints/single_resnet50_bs128_gpu1_nw16_chunks0.pth
Start Time: 2025-12-10T06:49:31.501176
====================================================================================================

================================================================================
训练配置:
================================================================================
  mode                     : single
  gpu_ids                  : [1]
  num_gpus                 : 1
  num_workers              : 16
  prefetch_factor          : 1
  pin_memory               : True
  persistent_workers       : True
  batch_size               : 128
  epochs                   : 100
  lr                       : 0.1
  momentum                 : 0.9
  weight_decay             : 0.0005
  lr_schedule              : step
  lr_step_size             : 50
  lr_gamma                 : 0.1
  dataset                  : cifar100
  data_root                : ./data
  num_classes              : 100
  model                    : resnet50
  save_dir                 : ./checkpoints
  log_interval             : 100
  save_interval            : 10
  final_checkpoint_path    : ./experiments/group_3_dataloader_optimization_across_training_modes/checkpoints/single_resnet50_bs128_gpu1_nw16_chunks0.pth
  seed                     : 42
  resume                   : None
  evaluate                 : False
  dist_backend             : nccl
  dist_url                 : env://
  effective_batch_size     : 128
  chunks                   : 0
================================================================================

可用GPU数量: 7
  GPU 1: NVIDIA GeForce RTX 4090

使用训练模式: SINGLE

初始化单GPU训练器...
使用设备: cuda:1

开始训练 100 个epochs...
Batch size: 128
学习率: 0.1

============================================================
Epoch 1/100
============================================================
Epoch: 0 [0/391] Loss: 4.8530 | Acc: 0.00% | Time: 0.6340s | GPU Mem: 0.29GB/3.70GB
Epoch: 0 [100/391] Loss: 4.5671 | Acc: 1.22% | Time: 0.0212s | GPU Mem: 0.29GB/3.70GB
Epoch: 0 [200/391] Loss: 4.5906 | Acc: 1.49% | Time: 0.0214s | GPU Mem: 0.29GB/3.70GB
Epoch: 0 [300/391] Loss: 4.4169 | Acc: 1.54% | Time: 0.0195s | GPU Mem: 0.29GB/3.70GB

训练 - Loss: 4.7526, Acc: 1.75%
测试 - Loss: 4.4145, Acc: 3.11%
学习率: 0.100000, 时间: 20.34s
GPU内存使用:
  GPU 1 - 已分配: 0.29GB, 已保留: 3.70GB
最佳准确率更新: 0.00% -> 3.11%
保存最佳模型到: ./checkpoints/best_model.pth

============================================================
Epoch 2/100
============================================================
Epoch: 1 [0/391] Loss: 4.3134 | Acc: 1.56% | Time: 0.0287s | GPU Mem: 0.29GB/3.70GB
Epoch: 1 [100/391] Loss: 4.3054 | Acc: 3.36% | Time: 0.0299s | GPU Mem: 0.29GB/3.70GB
Epoch: 1 [200/391] Loss: 4.2098 | Acc: 3.85% | Time: 0.0205s | GPU Mem: 0.29GB/3.70GB
Epoch: 1 [300/391] Loss: 4.0234 | Acc: 4.35% | Time: 0.0218s | GPU Mem: 0.29GB/3.70GB

训练 - Loss: 4.2157, Acc: 4.71%
测试 - Loss: 3.9959, Acc: 6.38%
学习率: 0.100000, 时间: 19.35s
GPU内存使用:
  GPU 1 - 已分配: 0.29GB, 已保留: 3.70GB
最佳准确率更新: 3.11% -> 6.38%
保存最佳模型到: ./checkpoints/best_model.pth

============================================================
Epoch 3/100
============================================================
Epoch: 2 [0/391] Loss: 3.9645 | Acc: 7.81% | Time: 0.0284s | GPU Mem: 0.29GB/3.70GB
Epoch: 2 [100/391] Loss: 3.9571 | Acc: 6.75% | Time: 0.0222s | GPU Mem: 0.29GB/3.70GB
Epoch: 2 [200/391] Loss: 3.8316 | Acc: 7.31% | Time: 0.0204s | GPU Mem: 0.29GB/3.70GB
Epoch: 2 [300/391] Loss: 3.7070 | Acc: 7.86% | Time: 0.0296s | GPU Mem: 0.29GB/3.70GB

训练 - Loss: 3.8958, Acc: 8.33%
测试 - Loss: 3.7663, Acc: 10.60%
学习率: 0.100000, 时间: 19.42s
GPU内存使用:
  GPU 1 - 已分配: 0.29GB, 已保留: 3.70GB
最佳准确率更新: 6.38% -> 10.60%
保存最佳模型到: ./checkpoints/best_model.pth

============================================================
Epoch 4/100
============================================================
Epoch: 3 [0/391] Loss: 3.6679 | Acc: 12.50% | Time: 0.0364s | GPU Mem: 0.29GB/3.70GB
Epoch: 3 [100/391] Loss: 3.5259 | Acc: 11.52% | Time: 0.0222s | GPU Mem: 0.29GB/3.70GB
Epoch: 3 [200/391] Loss: 3.7993 | Acc: 11.96% | Time: 0.0218s | GPU Mem: 0.29GB/3.70GB
Epoch: 3 [300/391] Loss: 3.6595 | Acc: 12.65% | Time: 0.0204s | GPU Mem: 0.29GB/3.70GB

训练 - Loss: 3.6194, Acc: 13.28%
测试 - Loss: 3.5848, Acc: 15.29%
学习率: 0.100000, 时间: 19.38s
GPU内存使用:
  GPU 1 - 已分配: 0.29GB, 已保留: 3.70GB
最佳准确率更新: 10.60% -> 15.29%
保存最佳模型到: ./checkpoints/best_model.pth

============================================================
Epoch 5/100
============================================================
Epoch: 4 [0/391] Loss: 3.2651 | Acc: 17.97% | Time: 0.0345s | GPU Mem: 0.29GB/3.70GB
Epoch: 4 [100/391] Loss: 3.4154 | Acc: 17.44% | Time: 0.0253s | GPU Mem: 0.29GB/3.70GB
Epoch: 4 [200/391] Loss: 3.1463 | Acc: 17.61% | Time: 0.0305s | GPU Mem: 0.29GB/3.70GB
Epoch: 4 [300/391] Loss: 3.1101 | Acc: 18.43% | Time: 0.0223s | GPU Mem: 0.29GB/3.70GB

训练 - Loss: 3.3292, Acc: 18.87%
测试 - Loss: 3.3551, Acc: 19.29%
学习率: 0.100000, 时间: 19.39s
GPU内存使用:
  GPU 1 - 已分配: 0.29GB, 已保留: 3.70GB
最佳准确率更新: 15.29% -> 19.29%
保存最佳模型到: ./checkpoints/best_model.pth

============================================================
Epoch 6/100
============================================================
Epoch: 5 [0/391] Loss: 3.0606 | Acc: 22.66% | Time: 0.0377s | GPU Mem: 0.29GB/3.70GB
Epoch: 5 [100/391] Loss: 2.8959 | Acc: 22.07% | Time: 0.0231s | GPU Mem: 0.29GB/3.70GB
Epoch: 5 [200/391] Loss: 3.1348 | Acc: 22.87% | Time: 0.0218s | GPU Mem: 0.29GB/3.70GB
Epoch: 5 [300/391] Loss: 2.8290 | Acc: 23.32% | Time: 0.0223s | GPU Mem: 0.29GB/3.70GB

训练 - Loss: 3.0278, Acc: 24.05%
测试 - Loss: 2.9447, Acc: 25.66%
学习率: 0.100000, 时间: 19.38s
GPU内存使用:
  GPU 1 - 已分配: 0.29GB, 已保留: 3.70GB
最佳准确率更新: 19.29% -> 25.66%
保存最佳模型到: ./checkpoints/best_model.pth

============================================================
Epoch 7/100
============================================================
Epoch: 6 [0/391] Loss: 2.7657 | Acc: 27.34% | Time: 0.0279s | GPU Mem: 0.29GB/3.70GB
Epoch: 6 [100/391] Loss: 2.7638 | Acc: 28.70% | Time: 0.0304s | GPU Mem: 0.29GB/3.70GB
Epoch: 6 [200/391] Loss: 2.6634 | Acc: 29.58% | Time: 0.0242s | GPU Mem: 0.29GB/3.70GB
Epoch: 6 [300/391] Loss: 2.7390 | Acc: 30.32% | Time: 0.0242s | GPU Mem: 0.29GB/3.70GB

训练 - Loss: 2.6862, Acc: 30.93%
测试 - Loss: 2.6884, Acc: 31.29%
学习率: 0.100000, 时间: 19.35s
GPU内存使用:
  GPU 1 - 已分配: 0.29GB, 已保留: 3.70GB
最佳准确率更新: 25.66% -> 31.29%
保存最佳模型到: ./checkpoints/best_model.pth

============================================================
Epoch 8/100
============================================================
Epoch: 7 [0/391] Loss: 2.4926 | Acc: 32.81% | Time: 0.0292s | GPU Mem: 0.29GB/3.70GB
Epoch: 7 [100/391] Loss: 2.2832 | Acc: 34.78% | Time: 0.0266s | GPU Mem: 0.29GB/3.70GB
Epoch: 7 [200/391] Loss: 2.4981 | Acc: 35.01% | Time: 0.0209s | GPU Mem: 0.29GB/3.70GB
Epoch: 7 [300/391] Loss: 2.4532 | Acc: 35.85% | Time: 0.0271s | GPU Mem: 0.29GB/3.70GB

训练 - Loss: 2.4102, Acc: 36.49%
测试 - Loss: 2.4195, Acc: 36.51%
学习率: 0.100000, 时间: 19.38s
GPU内存使用:
  GPU 1 - 已分配: 0.29GB, 已保留: 3.70GB
最佳准确率更新: 31.29% -> 36.51%
保存最佳模型到: ./checkpoints/best_model.pth

============================================================
Epoch 9/100
============================================================
Epoch: 8 [0/391] Loss: 2.3663 | Acc: 37.50% | Time: 0.0318s | GPU Mem: 0.29GB/3.70GB
Epoch: 8 [100/391] Loss: 2.1155 | Acc: 40.14% | Time: 0.0264s | GPU Mem: 0.29GB/3.70GB
Epoch: 8 [200/391] Loss: 2.3416 | Acc: 40.83% | Time: 0.0217s | GPU Mem: 0.29GB/3.70GB
Epoch: 8 [300/391] Loss: 2.2119 | Acc: 40.85% | Time: 0.0214s | GPU Mem: 0.29GB/3.70GB

训练 - Loss: 2.1906, Acc: 41.12%
测试 - Loss: 2.4853, Acc: 36.50%
学习率: 0.100000, 时间: 19.42s
GPU内存使用:
  GPU 1 - 已分配: 0.29GB, 已保留: 3.70GB

============================================================
Epoch 10/100
============================================================
Epoch: 9 [0/391] Loss: 2.2417 | Acc: 40.62% | Time: 0.0279s | GPU Mem: 0.29GB/3.70GB
Epoch: 9 [100/391] Loss: 2.0544 | Acc: 43.73% | Time: 0.0261s | GPU Mem: 0.29GB/3.70GB
Epoch: 9 [200/391] Loss: 2.2835 | Acc: 44.11% | Time: 0.0270s | GPU Mem: 0.29GB/3.70GB
Epoch: 9 [300/391] Loss: 2.0066 | Acc: 44.17% | Time: 0.0258s | GPU Mem: 0.29GB/3.70GB

训练 - Loss: 2.0363, Acc: 44.34%
测试 - Loss: 2.2119, Acc: 41.88%
学习率: 0.100000, 时间: 19.39s
GPU内存使用:
  GPU 1 - 已分配: 0.29GB, 已保留: 3.70GB
最佳准确率更新: 36.51% -> 41.88%
保存最佳模型到: ./checkpoints/best_model.pth
保存checkpoint到: ./checkpoints/checkpoint_epoch_10.pth

============================================================
Epoch 11/100
============================================================
Epoch: 10 [0/391] Loss: 1.8556 | Acc: 50.78% | Time: 0.0274s | GPU Mem: 0.29GB/3.70GB
Epoch: 10 [100/391] Loss: 2.0304 | Acc: 47.30% | Time: 0.0225s | GPU Mem: 0.29GB/3.70GB
Epoch: 10 [200/391] Loss: 1.7741 | Acc: 47.17% | Time: 0.0215s | GPU Mem: 0.29GB/3.70GB
Epoch: 10 [300/391] Loss: 1.9846 | Acc: 47.19% | Time: 0.0183s | GPU Mem: 0.29GB/3.70GB

训练 - Loss: 1.9171, Acc: 47.36%
测试 - Loss: 2.3447, Acc: 39.91%
学习率: 0.100000, 时间: 19.37s
GPU内存使用:
  GPU 1 - 已分配: 0.29GB, 已保留: 3.70GB

============================================================
Epoch 12/100
============================================================
Epoch: 11 [0/391] Loss: 1.6961 | Acc: 51.56% | Time: 0.0339s | GPU Mem: 0.29GB/3.70GB
Epoch: 11 [100/391] Loss: 1.8229 | Acc: 49.27% | Time: 0.0256s | GPU Mem: 0.29GB/3.70GB
Epoch: 11 [200/391] Loss: 1.8352 | Acc: 49.22% | Time: 0.0219s | GPU Mem: 0.29GB/3.70GB
Epoch: 11 [300/391] Loss: 1.8763 | Acc: 49.03% | Time: 0.0231s | GPU Mem: 0.29GB/3.70GB

训练 - Loss: 1.8344, Acc: 49.09%
测试 - Loss: 2.2472, Acc: 41.19%
学习率: 0.100000, 时间: 19.37s
GPU内存使用:
  GPU 1 - 已分配: 0.29GB, 已保留: 3.70GB

============================================================
Epoch 13/100
============================================================
Epoch: 12 [0/391] Loss: 1.9085 | Acc: 45.31% | Time: 0.0289s | GPU Mem: 0.29GB/3.70GB
Epoch: 12 [100/391] Loss: 1.7563 | Acc: 51.65% | Time: 0.0396s | GPU Mem: 0.29GB/3.70GB
Epoch: 12 [200/391] Loss: 1.7633 | Acc: 51.29% | Time: 0.0213s | GPU Mem: 0.29GB/3.70GB
Epoch: 12 [300/391] Loss: 1.5808 | Acc: 51.11% | Time: 0.0228s | GPU Mem: 0.29GB/3.70GB

训练 - Loss: 1.7609, Acc: 50.98%
测试 - Loss: 1.9361, Acc: 47.75%
学习率: 0.100000, 时间: 19.40s
GPU内存使用:
  GPU 1 - 已分配: 0.29GB, 已保留: 3.70GB
最佳准确率更新: 41.88% -> 47.75%
保存最佳模型到: ./checkpoints/best_model.pth

============================================================
Epoch 14/100
============================================================
Epoch: 13 [0/391] Loss: 1.5979 | Acc: 53.91% | Time: 0.0293s | GPU Mem: 0.29GB/3.70GB
Epoch: 13 [100/391] Loss: 1.6764 | Acc: 53.77% | Time: 0.0217s | GPU Mem: 0.29GB/3.70GB
Epoch: 13 [200/391] Loss: 1.7347 | Acc: 52.74% | Time: 0.0210s | GPU Mem: 0.29GB/3.70GB
Epoch: 13 [300/391] Loss: 1.4859 | Acc: 52.76% | Time: 0.0204s | GPU Mem: 0.29GB/3.70GB

训练 - Loss: 1.6878, Acc: 52.90%
测试 - Loss: 2.0293, Acc: 46.61%
学习率: 0.100000, 时间: 19.36s
GPU内存使用:
  GPU 1 - 已分配: 0.29GB, 已保留: 3.70GB

============================================================
Epoch 15/100
============================================================
Epoch: 14 [0/391] Loss: 1.5446 | Acc: 51.56% | Time: 0.0296s | GPU Mem: 0.29GB/3.70GB
Epoch: 14 [100/391] Loss: 1.5988 | Acc: 54.03% | Time: 0.0201s | GPU Mem: 0.29GB/3.70GB
Epoch: 14 [200/391] Loss: 1.9099 | Acc: 54.50% | Time: 0.0278s | GPU Mem: 0.29GB/3.70GB
Epoch: 14 [300/391] Loss: 1.8183 | Acc: 54.27% | Time: 0.0301s | GPU Mem: 0.29GB/3.70GB

训练 - Loss: 1.6237, Acc: 54.21%
测试 - Loss: 1.9155, Acc: 49.31%
学习率: 0.100000, 时间: 19.33s
GPU内存使用:
  GPU 1 - 已分配: 0.29GB, 已保留: 3.70GB
最佳准确率更新: 47.75% -> 49.31%
保存最佳模型到: ./checkpoints/best_model.pth

============================================================
Epoch 16/100
============================================================
Epoch: 15 [0/391] Loss: 1.4989 | Acc: 57.03% | Time: 0.0252s | GPU Mem: 0.29GB/3.70GB
Epoch: 15 [100/391] Loss: 1.7075 | Acc: 55.72% | Time: 0.0223s | GPU Mem: 0.29GB/3.70GB
Epoch: 15 [200/391] Loss: 1.4013 | Acc: 55.32% | Time: 0.0216s | GPU Mem: 0.29GB/3.70GB
Epoch: 15 [300/391] Loss: 1.4813 | Acc: 55.35% | Time: 0.0228s | GPU Mem: 0.29GB/3.70GB

训练 - Loss: 1.5749, Acc: 55.48%
测试 - Loss: 2.0835, Acc: 45.97%
学习率: 0.100000, 时间: 19.41s
GPU内存使用:
  GPU 1 - 已分配: 0.29GB, 已保留: 3.70GB

============================================================
Epoch 17/100
============================================================
Epoch: 16 [0/391] Loss: 1.3916 | Acc: 56.25% | Time: 0.0273s | GPU Mem: 0.29GB/3.70GB
Epoch: 16 [100/391] Loss: 1.4971 | Acc: 57.05% | Time: 0.0202s | GPU Mem: 0.29GB/3.70GB
Epoch: 16 [200/391] Loss: 1.4133 | Acc: 56.48% | Time: 0.0227s | GPU Mem: 0.29GB/3.70GB
Epoch: 16 [300/391] Loss: 1.5711 | Acc: 56.44% | Time: 0.0251s | GPU Mem: 0.29GB/3.70GB

训练 - Loss: 1.5319, Acc: 56.54%
测试 - Loss: 2.0145, Acc: 47.47%
学习率: 0.100000, 时间: 19.39s
GPU内存使用:
  GPU 1 - 已分配: 0.29GB, 已保留: 3.70GB

============================================================
Epoch 18/100
============================================================
Epoch: 17 [0/391] Loss: 1.6763 | Acc: 55.47% | Time: 0.0228s | GPU Mem: 0.29GB/3.70GB
Epoch: 17 [100/391] Loss: 1.5190 | Acc: 58.38% | Time: 0.0281s | GPU Mem: 0.29GB/3.70GB
Epoch: 17 [200/391] Loss: 1.6312 | Acc: 57.67% | Time: 0.0295s | GPU Mem: 0.29GB/3.70GB
Epoch: 17 [300/391] Loss: 1.5074 | Acc: 57.52% | Time: 0.0233s | GPU Mem: 0.29GB/3.70GB

训练 - Loss: 1.4967, Acc: 57.43%
测试 - Loss: 1.6467, Acc: 54.68%
学习率: 0.100000, 时间: 19.41s
GPU内存使用:
  GPU 1 - 已分配: 0.29GB, 已保留: 3.70GB
最佳准确率更新: 49.31% -> 54.68%
保存最佳模型到: ./checkpoints/best_model.pth

============================================================
Epoch 19/100
============================================================
Epoch: 18 [0/391] Loss: 1.4848 | Acc: 61.72% | Time: 0.0333s | GPU Mem: 0.29GB/3.70GB
Epoch: 18 [100/391] Loss: 1.4129 | Acc: 59.00% | Time: 0.0364s | GPU Mem: 0.29GB/3.70GB
Epoch: 18 [200/391] Loss: 1.6145 | Acc: 58.33% | Time: 0.0266s | GPU Mem: 0.29GB/3.70GB
Epoch: 18 [300/391] Loss: 1.5403 | Acc: 58.24% | Time: 0.0215s | GPU Mem: 0.29GB/3.70GB

训练 - Loss: 1.4665, Acc: 58.24%
测试 - Loss: 1.8495, Acc: 50.30%
学习率: 0.100000, 时间: 19.34s
GPU内存使用:
  GPU 1 - 已分配: 0.29GB, 已保留: 3.70GB

============================================================
Epoch 20/100
============================================================
Epoch: 19 [0/391] Loss: 1.3142 | Acc: 60.16% | Time: 0.0307s | GPU Mem: 0.29GB/3.70GB
Epoch: 19 [100/391] Loss: 1.1738 | Acc: 59.36% | Time: 0.0281s | GPU Mem: 0.29GB/3.70GB
Epoch: 19 [200/391] Loss: 1.5183 | Acc: 59.40% | Time: 0.0231s | GPU Mem: 0.29GB/3.70GB
Epoch: 19 [300/391] Loss: 1.6050 | Acc: 59.19% | Time: 0.0224s | GPU Mem: 0.29GB/3.70GB

训练 - Loss: 1.4385, Acc: 59.16%
测试 - Loss: 1.9014, Acc: 49.92%
学习率: 0.100000, 时间: 19.38s
GPU内存使用:
  GPU 1 - 已分配: 0.29GB, 已保留: 3.70GB
保存checkpoint到: ./checkpoints/checkpoint_epoch_20.pth

============================================================
Epoch 21/100
============================================================
Epoch: 20 [0/391] Loss: 1.4464 | Acc: 58.59% | Time: 0.0335s | GPU Mem: 0.29GB/3.70GB
Epoch: 20 [100/391] Loss: 1.3285 | Acc: 60.69% | Time: 0.0213s | GPU Mem: 0.29GB/3.70GB
Epoch: 20 [200/391] Loss: 1.2215 | Acc: 60.28% | Time: 0.0268s | GPU Mem: 0.29GB/3.70GB
Epoch: 20 [300/391] Loss: 1.2075 | Acc: 60.25% | Time: 0.0238s | GPU Mem: 0.29GB/3.70GB

训练 - Loss: 1.3971, Acc: 60.00%
测试 - Loss: 1.9821, Acc: 48.34%
学习率: 0.100000, 时间: 19.36s
GPU内存使用:
  GPU 1 - 已分配: 0.29GB, 已保留: 3.70GB

============================================================
Epoch 22/100
============================================================
Epoch: 21 [0/391] Loss: 1.4275 | Acc: 59.38% | Time: 0.0301s | GPU Mem: 0.29GB/3.70GB
Epoch: 21 [100/391] Loss: 1.4061 | Acc: 61.05% | Time: 0.0215s | GPU Mem: 0.29GB/3.70GB
Epoch: 21 [200/391] Loss: 1.5165 | Acc: 60.62% | Time: 0.0260s | GPU Mem: 0.29GB/3.70GB
Epoch: 21 [300/391] Loss: 1.5343 | Acc: 60.15% | Time: 0.0266s | GPU Mem: 0.29GB/3.70GB

训练 - Loss: 1.3854, Acc: 60.25%
测试 - Loss: 1.9117, Acc: 50.80%
学习率: 0.100000, 时间: 19.37s
GPU内存使用:
  GPU 1 - 已分配: 0.29GB, 已保留: 3.70GB

============================================================
Epoch 23/100
============================================================
Epoch: 22 [0/391] Loss: 1.2753 | Acc: 63.28% | Time: 0.0329s | GPU Mem: 0.29GB/3.70GB
Epoch: 22 [100/391] Loss: 1.5523 | Acc: 61.21% | Time: 0.0319s | GPU Mem: 0.29GB/3.70GB
Epoch: 22 [200/391] Loss: 1.4367 | Acc: 61.31% | Time: 0.0288s | GPU Mem: 0.29GB/3.70GB
Epoch: 22 [300/391] Loss: 1.2367 | Acc: 61.07% | Time: 0.0285s | GPU Mem: 0.29GB/3.70GB

训练 - Loss: 1.3662, Acc: 60.97%
测试 - Loss: 1.7099, Acc: 52.98%
学习率: 0.100000, 时间: 19.38s
GPU内存使用:
  GPU 1 - 已分配: 0.29GB, 已保留: 3.70GB

============================================================
Epoch 24/100
============================================================
Epoch: 23 [0/391] Loss: 1.1882 | Acc: 66.41% | Time: 0.0265s | GPU Mem: 0.29GB/3.70GB
Epoch: 23 [100/391] Loss: 1.5560 | Acc: 61.45% | Time: 0.0211s | GPU Mem: 0.29GB/3.70GB
Epoch: 23 [200/391] Loss: 1.4303 | Acc: 61.35% | Time: 0.0219s | GPU Mem: 0.29GB/3.70GB
Epoch: 23 [300/391] Loss: 1.3526 | Acc: 61.22% | Time: 0.0203s | GPU Mem: 0.29GB/3.70GB

训练 - Loss: 1.3492, Acc: 61.26%
测试 - Loss: 1.8400, Acc: 50.91%
学习率: 0.100000, 时间: 19.37s
GPU内存使用:
  GPU 1 - 已分配: 0.29GB, 已保留: 3.70GB

============================================================
Epoch 25/100
============================================================
Epoch: 24 [0/391] Loss: 1.2344 | Acc: 60.94% | Time: 0.0305s | GPU Mem: 0.29GB/3.70GB
Epoch: 24 [100/391] Loss: 1.3954 | Acc: 63.38% | Time: 0.0227s | GPU Mem: 0.29GB/3.70GB
Epoch: 24 [200/391] Loss: 1.3769 | Acc: 62.71% | Time: 0.0223s | GPU Mem: 0.29GB/3.70GB
Epoch: 24 [300/391] Loss: 1.3751 | Acc: 62.30% | Time: 0.0204s | GPU Mem: 0.29GB/3.70GB

训练 - Loss: 1.3249, Acc: 62.01%
测试 - Loss: 2.3388, Acc: 45.49%
学习率: 0.100000, 时间: 19.42s
GPU内存使用:
  GPU 1 - 已分配: 0.29GB, 已保留: 3.70GB

============================================================
Epoch 26/100
============================================================
Epoch: 25 [0/391] Loss: 1.2845 | Acc: 55.47% | Time: 0.0320s | GPU Mem: 0.29GB/3.70GB
Epoch: 25 [100/391] Loss: 1.2164 | Acc: 63.58% | Time: 0.0221s | GPU Mem: 0.29GB/3.70GB
Epoch: 25 [200/391] Loss: 1.2842 | Acc: 63.16% | Time: 0.0300s | GPU Mem: 0.29GB/3.70GB
Epoch: 25 [300/391] Loss: 1.5081 | Acc: 62.72% | Time: 0.0214s | GPU Mem: 0.29GB/3.70GB

训练 - Loss: 1.3072, Acc: 62.59%
测试 - Loss: 2.0036, Acc: 49.90%
学习率: 0.100000, 时间: 19.48s
GPU内存使用:
  GPU 1 - 已分配: 0.29GB, 已保留: 3.70GB

============================================================
Epoch 27/100
============================================================
Epoch: 26 [0/391] Loss: 1.2941 | Acc: 57.03% | Time: 0.0359s | GPU Mem: 0.29GB/3.70GB
Epoch: 26 [100/391] Loss: 1.0292 | Acc: 64.27% | Time: 0.0208s | GPU Mem: 0.29GB/3.70GB
Epoch: 26 [200/391] Loss: 1.4097 | Acc: 63.43% | Time: 0.0214s | GPU Mem: 0.29GB/3.70GB
Epoch: 26 [300/391] Loss: 1.3663 | Acc: 62.95% | Time: 0.0290s | GPU Mem: 0.29GB/3.70GB

训练 - Loss: 1.3007, Acc: 62.55%
测试 - Loss: 1.7507, Acc: 53.04%
学习率: 0.100000, 时间: 19.42s
GPU内存使用:
  GPU 1 - 已分配: 0.29GB, 已保留: 3.70GB

============================================================
Epoch 28/100
============================================================
Epoch: 27 [0/391] Loss: 1.1988 | Acc: 67.19% | Time: 0.0254s | GPU Mem: 0.29GB/3.70GB
Epoch: 27 [100/391] Loss: 1.3564 | Acc: 64.66% | Time: 0.0204s | GPU Mem: 0.29GB/3.70GB
Epoch: 27 [200/391] Loss: 0.9749 | Acc: 63.85% | Time: 0.0218s | GPU Mem: 0.29GB/3.70GB
Epoch: 27 [300/391] Loss: 1.3800 | Acc: 63.36% | Time: 0.0277s | GPU Mem: 0.29GB/3.70GB

训练 - Loss: 1.2867, Acc: 63.04%
测试 - Loss: 1.8600, Acc: 51.07%
学习率: 0.100000, 时间: 19.38s
GPU内存使用:
  GPU 1 - 已分配: 0.29GB, 已保留: 3.70GB

============================================================
Epoch 29/100
============================================================
Epoch: 28 [0/391] Loss: 1.1068 | Acc: 71.88% | Time: 0.0344s | GPU Mem: 0.29GB/3.70GB
Epoch: 28 [100/391] Loss: 1.2865 | Acc: 64.30% | Time: 0.0245s | GPU Mem: 0.29GB/3.70GB
Epoch: 28 [200/391] Loss: 1.3263 | Acc: 63.99% | Time: 0.0216s | GPU Mem: 0.29GB/3.70GB
Epoch: 28 [300/391] Loss: 1.3548 | Acc: 63.45% | Time: 0.0250s | GPU Mem: 0.29GB/3.70GB

训练 - Loss: 1.2742, Acc: 63.27%
测试 - Loss: 1.8016, Acc: 53.15%
学习率: 0.100000, 时间: 19.42s
GPU内存使用:
  GPU 1 - 已分配: 0.29GB, 已保留: 3.70GB

============================================================
Epoch 30/100
============================================================
Epoch: 29 [0/391] Loss: 1.0250 | Acc: 68.75% | Time: 0.0296s | GPU Mem: 0.29GB/3.70GB
Epoch: 29 [100/391] Loss: 1.0607 | Acc: 65.01% | Time: 0.0258s | GPU Mem: 0.29GB/3.70GB
Epoch: 29 [200/391] Loss: 1.2803 | Acc: 64.40% | Time: 0.0218s | GPU Mem: 0.29GB/3.70GB
Epoch: 29 [300/391] Loss: 1.4027 | Acc: 64.04% | Time: 0.0217s | GPU Mem: 0.29GB/3.70GB

训练 - Loss: 1.2608, Acc: 63.65%
测试 - Loss: 1.7009, Acc: 54.62%
学习率: 0.100000, 时间: 19.40s
GPU内存使用:
  GPU 1 - 已分配: 0.29GB, 已保留: 3.70GB
保存checkpoint到: ./checkpoints/checkpoint_epoch_30.pth

============================================================
Epoch 31/100
============================================================
Epoch: 30 [0/391] Loss: 1.2107 | Acc: 62.50% | Time: 0.0342s | GPU Mem: 0.29GB/3.70GB
Epoch: 30 [100/391] Loss: 1.4359 | Acc: 65.06% | Time: 0.0203s | GPU Mem: 0.29GB/3.70GB
Epoch: 30 [200/391] Loss: 1.4128 | Acc: 64.34% | Time: 0.0288s | GPU Mem: 0.29GB/3.70GB
Epoch: 30 [300/391] Loss: 1.4687 | Acc: 63.84% | Time: 0.0247s | GPU Mem: 0.29GB/3.70GB

训练 - Loss: 1.2594, Acc: 63.56%
测试 - Loss: 1.6783, Acc: 54.30%
学习率: 0.100000, 时间: 19.35s
GPU内存使用:
  GPU 1 - 已分配: 0.29GB, 已保留: 3.70GB

============================================================
Epoch 32/100
============================================================
Epoch: 31 [0/391] Loss: 1.2145 | Acc: 64.06% | Time: 0.0351s | GPU Mem: 0.29GB/3.70GB
Epoch: 31 [100/391] Loss: 1.1173 | Acc: 66.10% | Time: 0.0262s | GPU Mem: 0.29GB/3.70GB
Epoch: 31 [200/391] Loss: 1.3007 | Acc: 65.16% | Time: 0.0240s | GPU Mem: 0.29GB/3.70GB
Epoch: 31 [300/391] Loss: 1.2520 | Acc: 64.53% | Time: 0.0252s | GPU Mem: 0.29GB/3.70GB

训练 - Loss: 1.2396, Acc: 64.28%
测试 - Loss: 1.5933, Acc: 56.38%
学习率: 0.100000, 时间: 19.44s
GPU内存使用:
  GPU 1 - 已分配: 0.29GB, 已保留: 3.70GB
最佳准确率更新: 54.68% -> 56.38%
保存最佳模型到: ./checkpoints/best_model.pth

============================================================
Epoch 33/100
============================================================
Epoch: 32 [0/391] Loss: 1.1856 | Acc: 65.62% | Time: 0.0264s | GPU Mem: 0.29GB/3.70GB
Epoch: 32 [100/391] Loss: 1.2149 | Acc: 65.35% | Time: 0.0231s | GPU Mem: 0.29GB/3.70GB
Epoch: 32 [200/391] Loss: 1.3987 | Acc: 64.73% | Time: 0.0212s | GPU Mem: 0.29GB/3.70GB
Epoch: 32 [300/391] Loss: 1.1075 | Acc: 64.42% | Time: 0.0211s | GPU Mem: 0.29GB/3.70GB

训练 - Loss: 1.2346, Acc: 64.27%
测试 - Loss: 1.6727, Acc: 55.86%
学习率: 0.100000, 时间: 19.46s
GPU内存使用:
  GPU 1 - 已分配: 0.29GB, 已保留: 3.70GB

============================================================
Epoch 34/100
============================================================
Epoch: 33 [0/391] Loss: 1.1373 | Acc: 64.84% | Time: 0.0323s | GPU Mem: 0.29GB/3.70GB
Epoch: 33 [100/391] Loss: 1.3626 | Acc: 65.66% | Time: 0.0209s | GPU Mem: 0.29GB/3.70GB
Epoch: 33 [200/391] Loss: 1.2082 | Acc: 65.47% | Time: 0.0218s | GPU Mem: 0.29GB/3.70GB
Epoch: 33 [300/391] Loss: 1.4718 | Acc: 64.77% | Time: 0.0268s | GPU Mem: 0.29GB/3.70GB

训练 - Loss: 1.2194, Acc: 64.66%
测试 - Loss: 1.6435, Acc: 56.41%
学习率: 0.100000, 时间: 19.45s
GPU内存使用:
  GPU 1 - 已分配: 0.29GB, 已保留: 3.70GB
最佳准确率更新: 56.38% -> 56.41%
保存最佳模型到: ./checkpoints/best_model.pth

============================================================
Epoch 35/100
============================================================
Epoch: 34 [0/391] Loss: 1.2329 | Acc: 64.84% | Time: 0.0342s | GPU Mem: 0.29GB/3.70GB
Epoch: 34 [100/391] Loss: 1.1690 | Acc: 66.40% | Time: 0.0280s | GPU Mem: 0.29GB/3.70GB
Epoch: 34 [200/391] Loss: 1.2479 | Acc: 65.12% | Time: 0.0227s | GPU Mem: 0.29GB/3.70GB
Epoch: 34 [300/391] Loss: 1.1182 | Acc: 64.75% | Time: 0.0232s | GPU Mem: 0.29GB/3.70GB

训练 - Loss: 1.2168, Acc: 64.63%
测试 - Loss: 1.8448, Acc: 52.23%
学习率: 0.100000, 时间: 19.48s
GPU内存使用:
  GPU 1 - 已分配: 0.29GB, 已保留: 3.70GB

============================================================
Epoch 36/100
============================================================
Epoch: 35 [0/391] Loss: 1.1542 | Acc: 67.97% | Time: 0.0319s | GPU Mem: 0.29GB/3.70GB
Epoch: 35 [100/391] Loss: 1.0055 | Acc: 66.59% | Time: 0.0249s | GPU Mem: 0.29GB/3.70GB
Epoch: 35 [200/391] Loss: 1.2173 | Acc: 65.97% | Time: 0.0219s | GPU Mem: 0.29GB/3.70GB
Epoch: 35 [300/391] Loss: 1.2685 | Acc: 65.32% | Time: 0.0303s | GPU Mem: 0.29GB/3.70GB

训练 - Loss: 1.2122, Acc: 64.90%
测试 - Loss: 1.8609, Acc: 52.65%
学习率: 0.100000, 时间: 19.41s
GPU内存使用:
  GPU 1 - 已分配: 0.29GB, 已保留: 3.70GB

============================================================
Epoch 37/100
============================================================
Epoch: 36 [0/391] Loss: 1.1922 | Acc: 66.41% | Time: 0.0351s | GPU Mem: 0.29GB/3.70GB
Epoch: 36 [100/391] Loss: 1.1072 | Acc: 66.04% | Time: 0.0232s | GPU Mem: 0.29GB/3.70GB
Epoch: 36 [200/391] Loss: 1.3289 | Acc: 65.67% | Time: 0.0226s | GPU Mem: 0.29GB/3.70GB
Epoch: 36 [300/391] Loss: 1.3330 | Acc: 65.12% | Time: 0.0240s | GPU Mem: 0.29GB/3.70GB

训练 - Loss: 1.2076, Acc: 64.80%
测试 - Loss: 1.5889, Acc: 56.98%
学习率: 0.100000, 时间: 19.40s
GPU内存使用:
  GPU 1 - 已分配: 0.29GB, 已保留: 3.70GB
最佳准确率更新: 56.41% -> 56.98%
保存最佳模型到: ./checkpoints/best_model.pth

============================================================
Epoch 38/100
============================================================
Epoch: 37 [0/391] Loss: 1.0835 | Acc: 68.75% | Time: 0.0335s | GPU Mem: 0.29GB/3.70GB
Epoch: 37 [100/391] Loss: 1.0323 | Acc: 66.55% | Time: 0.0299s | GPU Mem: 0.29GB/3.70GB
Epoch: 37 [200/391] Loss: 1.2102 | Acc: 65.97% | Time: 0.0221s | GPU Mem: 0.29GB/3.70GB
Epoch: 37 [300/391] Loss: 1.2299 | Acc: 65.23% | Time: 0.0218s | GPU Mem: 0.29GB/3.70GB

训练 - Loss: 1.2057, Acc: 65.15%
测试 - Loss: 1.6321, Acc: 55.56%
学习率: 0.100000, 时间: 19.45s
GPU内存使用:
  GPU 1 - 已分配: 0.29GB, 已保留: 3.70GB

============================================================
Epoch 39/100
============================================================
Epoch: 38 [0/391] Loss: 0.9442 | Acc: 75.78% | Time: 0.0268s | GPU Mem: 0.29GB/3.70GB
Epoch: 38 [100/391] Loss: 1.5073 | Acc: 66.95% | Time: 0.0223s | GPU Mem: 0.29GB/3.70GB
Epoch: 38 [200/391] Loss: 1.1971 | Acc: 66.21% | Time: 0.0275s | GPU Mem: 0.29GB/3.70GB
Epoch: 38 [300/391] Loss: 1.3142 | Acc: 65.97% | Time: 0.0219s | GPU Mem: 0.29GB/3.70GB

训练 - Loss: 1.1968, Acc: 65.39%
测试 - Loss: 1.8549, Acc: 52.30%
学习率: 0.100000, 时间: 19.43s
GPU内存使用:
  GPU 1 - 已分配: 0.29GB, 已保留: 3.70GB

============================================================
Epoch 40/100
============================================================
Epoch: 39 [0/391] Loss: 1.2270 | Acc: 65.62% | Time: 0.0329s | GPU Mem: 0.29GB/3.70GB
Epoch: 39 [100/391] Loss: 1.3491 | Acc: 67.28% | Time: 0.0227s | GPU Mem: 0.29GB/3.70GB
Epoch: 39 [200/391] Loss: 1.0450 | Acc: 66.18% | Time: 0.0289s | GPU Mem: 0.29GB/3.70GB
Epoch: 39 [300/391] Loss: 0.8864 | Acc: 65.73% | Time: 0.0215s | GPU Mem: 0.29GB/3.70GB

训练 - Loss: 1.1898, Acc: 65.44%
测试 - Loss: 1.5984, Acc: 56.59%
学习率: 0.100000, 时间: 19.42s
GPU内存使用:
  GPU 1 - 已分配: 0.29GB, 已保留: 3.70GB
保存checkpoint到: ./checkpoints/checkpoint_epoch_40.pth

============================================================
Epoch 41/100
============================================================
Epoch: 40 [0/391] Loss: 1.0417 | Acc: 64.84% | Time: 0.0264s | GPU Mem: 0.29GB/3.70GB
Epoch: 40 [100/391] Loss: 1.1484 | Acc: 66.85% | Time: 0.0213s | GPU Mem: 0.29GB/3.70GB
Epoch: 40 [200/391] Loss: 1.2415 | Acc: 66.23% | Time: 0.0215s | GPU Mem: 0.29GB/3.70GB
Epoch: 40 [300/391] Loss: 0.9865 | Acc: 66.00% | Time: 0.0249s | GPU Mem: 0.29GB/3.70GB

训练 - Loss: 1.1849, Acc: 65.74%
测试 - Loss: 1.8203, Acc: 54.22%
学习率: 0.100000, 时间: 19.43s
GPU内存使用:
  GPU 1 - 已分配: 0.29GB, 已保留: 3.70GB

============================================================
Epoch 42/100
============================================================
Epoch: 41 [0/391] Loss: 0.9348 | Acc: 69.53% | Time: 0.0420s | GPU Mem: 0.29GB/3.70GB
Epoch: 41 [100/391] Loss: 1.1294 | Acc: 67.67% | Time: 0.0289s | GPU Mem: 0.29GB/3.70GB
Epoch: 41 [200/391] Loss: 1.0532 | Acc: 66.65% | Time: 0.0309s | GPU Mem: 0.29GB/3.70GB
Epoch: 41 [300/391] Loss: 1.2530 | Acc: 66.09% | Time: 0.0210s | GPU Mem: 0.29GB/3.70GB

训练 - Loss: 1.1838, Acc: 65.68%
测试 - Loss: 1.6087, Acc: 55.51%
学习率: 0.100000, 时间: 19.41s
GPU内存使用:
  GPU 1 - 已分配: 0.29GB, 已保留: 3.70GB

============================================================
Epoch 43/100
============================================================
Epoch: 42 [0/391] Loss: 0.8705 | Acc: 70.31% | Time: 0.0311s | GPU Mem: 0.29GB/3.70GB
Epoch: 42 [100/391] Loss: 0.9557 | Acc: 67.11% | Time: 0.0255s | GPU Mem: 0.29GB/3.70GB
Epoch: 42 [200/391] Loss: 1.0453 | Acc: 66.32% | Time: 0.0205s | GPU Mem: 0.29GB/3.70GB
Epoch: 42 [300/391] Loss: 1.3086 | Acc: 66.17% | Time: 0.0288s | GPU Mem: 0.29GB/3.70GB

训练 - Loss: 1.1747, Acc: 65.89%
测试 - Loss: 1.6713, Acc: 55.36%
学习率: 0.100000, 时间: 19.44s
GPU内存使用:
  GPU 1 - 已分配: 0.29GB, 已保留: 3.70GB

============================================================
Epoch 44/100
============================================================
Epoch: 43 [0/391] Loss: 1.3416 | Acc: 57.81% | Time: 0.0292s | GPU Mem: 0.29GB/3.70GB
Epoch: 43 [100/391] Loss: 1.2173 | Acc: 67.99% | Time: 0.0219s | GPU Mem: 0.29GB/3.70GB
Epoch: 43 [200/391] Loss: 1.3877 | Acc: 66.71% | Time: 0.0237s | GPU Mem: 0.29GB/3.70GB
Epoch: 43 [300/391] Loss: 1.2903 | Acc: 66.55% | Time: 0.0284s | GPU Mem: 0.29GB/3.70GB

训练 - Loss: 1.1674, Acc: 66.17%
测试 - Loss: 1.6032, Acc: 56.65%
学习率: 0.100000, 时间: 19.43s
GPU内存使用:
  GPU 1 - 已分配: 0.29GB, 已保留: 3.70GB

============================================================
Epoch 45/100
============================================================
Epoch: 44 [0/391] Loss: 1.2491 | Acc: 66.41% | Time: 0.0401s | GPU Mem: 0.29GB/3.70GB
Epoch: 44 [100/391] Loss: 1.2743 | Acc: 67.32% | Time: 0.0271s | GPU Mem: 0.29GB/3.70GB
Epoch: 44 [200/391] Loss: 1.0816 | Acc: 66.79% | Time: 0.0278s | GPU Mem: 0.29GB/3.70GB
Epoch: 44 [300/391] Loss: 1.1522 | Acc: 66.29% | Time: 0.0225s | GPU Mem: 0.29GB/3.70GB

训练 - Loss: 1.1673, Acc: 66.18%
测试 - Loss: 1.7491, Acc: 53.56%
学习率: 0.100000, 时间: 19.39s
GPU内存使用:
  GPU 1 - 已分配: 0.29GB, 已保留: 3.70GB

============================================================
Epoch 46/100
============================================================
Epoch: 45 [0/391] Loss: 1.1654 | Acc: 61.72% | Time: 0.0353s | GPU Mem: 0.29GB/3.70GB
Epoch: 45 [100/391] Loss: 1.0692 | Acc: 67.57% | Time: 0.0217s | GPU Mem: 0.29GB/3.70GB
Epoch: 45 [200/391] Loss: 1.1032 | Acc: 66.62% | Time: 0.0261s | GPU Mem: 0.29GB/3.70GB
Epoch: 45 [300/391] Loss: 1.0818 | Acc: 66.38% | Time: 0.0224s | GPU Mem: 0.29GB/3.70GB

训练 - Loss: 1.1641, Acc: 66.24%
测试 - Loss: 1.7715, Acc: 54.31%
学习率: 0.100000, 时间: 19.42s
GPU内存使用:
  GPU 1 - 已分配: 0.29GB, 已保留: 3.70GB

============================================================
Epoch 47/100
============================================================
Epoch: 46 [0/391] Loss: 1.2827 | Acc: 64.84% | Time: 0.0389s | GPU Mem: 0.29GB/3.70GB
Epoch: 46 [100/391] Loss: 1.0874 | Acc: 67.13% | Time: 0.0251s | GPU Mem: 0.29GB/3.70GB
Epoch: 46 [200/391] Loss: 1.3106 | Acc: 66.45% | Time: 0.0230s | GPU Mem: 0.29GB/3.70GB
Epoch: 46 [300/391] Loss: 1.2093 | Acc: 66.54% | Time: 0.0243s | GPU Mem: 0.29GB/3.70GB

训练 - Loss: 1.1572, Acc: 66.31%
测试 - Loss: 1.6443, Acc: 55.50%
学习率: 0.100000, 时间: 19.39s
GPU内存使用:
  GPU 1 - 已分配: 0.29GB, 已保留: 3.70GB

============================================================
Epoch 48/100
============================================================
Epoch: 47 [0/391] Loss: 0.8564 | Acc: 75.00% | Time: 0.0335s | GPU Mem: 0.29GB/3.70GB
Epoch: 47 [100/391] Loss: 1.0207 | Acc: 67.09% | Time: 0.0211s | GPU Mem: 0.29GB/3.70GB
Epoch: 47 [200/391] Loss: 1.1488 | Acc: 66.75% | Time: 0.0220s | GPU Mem: 0.29GB/3.70GB
Epoch: 47 [300/391] Loss: 1.2601 | Acc: 66.44% | Time: 0.0217s | GPU Mem: 0.29GB/3.70GB

训练 - Loss: 1.1530, Acc: 66.52%
测试 - Loss: 1.7195, Acc: 55.24%
学习率: 0.100000, 时间: 19.41s
GPU内存使用:
  GPU 1 - 已分配: 0.29GB, 已保留: 3.70GB

============================================================
Epoch 49/100
============================================================
Epoch: 48 [0/391] Loss: 1.1173 | Acc: 69.53% | Time: 0.0271s | GPU Mem: 0.29GB/3.70GB
Epoch: 48 [100/391] Loss: 1.2098 | Acc: 68.43% | Time: 0.0213s | GPU Mem: 0.29GB/3.70GB
Epoch: 48 [200/391] Loss: 1.0567 | Acc: 67.64% | Time: 0.0265s | GPU Mem: 0.29GB/3.70GB
Epoch: 48 [300/391] Loss: 1.0794 | Acc: 66.94% | Time: 0.0259s | GPU Mem: 0.29GB/3.70GB

训练 - Loss: 1.1458, Acc: 66.69%
测试 - Loss: 1.7442, Acc: 55.45%
学习率: 0.100000, 时间: 19.42s
GPU内存使用:
  GPU 1 - 已分配: 0.29GB, 已保留: 3.70GB

============================================================
Epoch 50/100
============================================================
Epoch: 49 [0/391] Loss: 0.9114 | Acc: 73.44% | Time: 0.0302s | GPU Mem: 0.29GB/3.70GB
Epoch: 49 [100/391] Loss: 1.1632 | Acc: 67.64% | Time: 0.0228s | GPU Mem: 0.29GB/3.70GB
Epoch: 49 [200/391] Loss: 0.8488 | Acc: 67.13% | Time: 0.0215s | GPU Mem: 0.29GB/3.70GB
Epoch: 49 [300/391] Loss: 1.4079 | Acc: 66.58% | Time: 0.0217s | GPU Mem: 0.29GB/3.70GB

训练 - Loss: 1.1500, Acc: 66.35%
测试 - Loss: 1.7777, Acc: 54.68%
学习率: 0.010000, 时间: 19.44s
GPU内存使用:
  GPU 1 - 已分配: 0.29GB, 已保留: 3.70GB
保存checkpoint到: ./checkpoints/checkpoint_epoch_50.pth

============================================================
Epoch 51/100
============================================================
Epoch: 50 [0/391] Loss: 1.0128 | Acc: 68.75% | Time: 0.0265s | GPU Mem: 0.29GB/3.70GB
Epoch: 50 [100/391] Loss: 0.6602 | Acc: 75.94% | Time: 0.0211s | GPU Mem: 0.29GB/3.70GB
Epoch: 50 [200/391] Loss: 0.6785 | Acc: 77.64% | Time: 0.0239s | GPU Mem: 0.29GB/3.70GB
Epoch: 50 [300/391] Loss: 0.4526 | Acc: 78.81% | Time: 0.0225s | GPU Mem: 0.29GB/3.70GB

训练 - Loss: 0.7019, Acc: 79.44%
测试 - Loss: 0.9102, Acc: 73.25%
学习率: 0.010000, 时间: 19.38s
GPU内存使用:
  GPU 1 - 已分配: 0.29GB, 已保留: 3.70GB
最佳准确率更新: 56.98% -> 73.25%
保存最佳模型到: ./checkpoints/best_model.pth

============================================================
Epoch 52/100
============================================================
Epoch: 51 [0/391] Loss: 0.5150 | Acc: 85.16% | Time: 0.0338s | GPU Mem: 0.29GB/3.70GB
Epoch: 51 [100/391] Loss: 0.6001 | Acc: 84.19% | Time: 0.0221s | GPU Mem: 0.29GB/3.70GB
Epoch: 51 [200/391] Loss: 0.4833 | Acc: 83.83% | Time: 0.0219s | GPU Mem: 0.29GB/3.70GB
Epoch: 51 [300/391] Loss: 0.6049 | Acc: 83.73% | Time: 0.0230s | GPU Mem: 0.29GB/3.70GB

训练 - Loss: 0.5455, Acc: 83.73%
测试 - Loss: 0.8973, Acc: 73.80%
学习率: 0.010000, 时间: 19.40s
GPU内存使用:
  GPU 1 - 已分配: 0.29GB, 已保留: 3.70GB
最佳准确率更新: 73.25% -> 73.80%
保存最佳模型到: ./checkpoints/best_model.pth

============================================================
Epoch 53/100
============================================================
Epoch: 52 [0/391] Loss: 0.3779 | Acc: 91.41% | Time: 0.0362s | GPU Mem: 0.29GB/3.70GB
Epoch: 52 [100/391] Loss: 0.5748 | Acc: 85.39% | Time: 0.0225s | GPU Mem: 0.29GB/3.70GB
Epoch: 52 [200/391] Loss: 0.4910 | Acc: 85.46% | Time: 0.0320s | GPU Mem: 0.29GB/3.70GB
Epoch: 52 [300/391] Loss: 0.5136 | Acc: 85.41% | Time: 0.0281s | GPU Mem: 0.29GB/3.70GB

训练 - Loss: 0.4837, Acc: 85.35%
测试 - Loss: 0.8984, Acc: 74.23%
学习率: 0.010000, 时间: 19.46s
GPU内存使用:
  GPU 1 - 已分配: 0.29GB, 已保留: 3.70GB
最佳准确率更新: 73.80% -> 74.23%
保存最佳模型到: ./checkpoints/best_model.pth

============================================================
Epoch 54/100
============================================================
Epoch: 53 [0/391] Loss: 0.4873 | Acc: 85.16% | Time: 0.0279s | GPU Mem: 0.29GB/3.70GB
Epoch: 53 [100/391] Loss: 0.3887 | Acc: 87.52% | Time: 0.0237s | GPU Mem: 0.29GB/3.70GB
Epoch: 53 [200/391] Loss: 0.4547 | Acc: 87.22% | Time: 0.0261s | GPU Mem: 0.29GB/3.70GB
Epoch: 53 [300/391] Loss: 0.4449 | Acc: 87.12% | Time: 0.0235s | GPU Mem: 0.29GB/3.70GB

训练 - Loss: 0.4368, Acc: 86.89%
测试 - Loss: 0.8968, Acc: 74.78%
学习率: 0.010000, 时间: 19.45s
GPU内存使用:
  GPU 1 - 已分配: 0.29GB, 已保留: 3.70GB
最佳准确率更新: 74.23% -> 74.78%
保存最佳模型到: ./checkpoints/best_model.pth

============================================================
Epoch 55/100
============================================================
Epoch: 54 [0/391] Loss: 0.4038 | Acc: 87.50% | Time: 0.0345s | GPU Mem: 0.29GB/3.70GB
Epoch: 54 [100/391] Loss: 0.2881 | Acc: 89.12% | Time: 0.0232s | GPU Mem: 0.29GB/3.70GB
Epoch: 54 [200/391] Loss: 0.3995 | Acc: 88.49% | Time: 0.0267s | GPU Mem: 0.29GB/3.70GB
Epoch: 54 [300/391] Loss: 0.4667 | Acc: 88.15% | Time: 0.0392s | GPU Mem: 0.29GB/3.70GB

训练 - Loss: 0.3986, Acc: 87.99%
测试 - Loss: 0.9187, Acc: 74.60%
学习率: 0.010000, 时间: 19.46s
GPU内存使用:
  GPU 1 - 已分配: 0.29GB, 已保留: 3.70GB

============================================================
Epoch 56/100
============================================================
Epoch: 55 [0/391] Loss: 0.3579 | Acc: 87.50% | Time: 0.0258s | GPU Mem: 0.29GB/3.70GB
Epoch: 55 [100/391] Loss: 0.3857 | Acc: 89.70% | Time: 0.0224s | GPU Mem: 0.29GB/3.70GB
Epoch: 55 [200/391] Loss: 0.3347 | Acc: 89.38% | Time: 0.0267s | GPU Mem: 0.29GB/3.70GB
Epoch: 55 [300/391] Loss: 0.4633 | Acc: 89.11% | Time: 0.0212s | GPU Mem: 0.29GB/3.70GB

训练 - Loss: 0.3641, Acc: 88.88%
测试 - Loss: 0.9177, Acc: 74.56%
学习率: 0.010000, 时间: 19.41s
GPU内存使用:
  GPU 1 - 已分配: 0.29GB, 已保留: 3.70GB

============================================================
Epoch 57/100
============================================================
Epoch: 56 [0/391] Loss: 0.2546 | Acc: 93.75% | Time: 0.0314s | GPU Mem: 0.29GB/3.70GB
Epoch: 56 [100/391] Loss: 0.3727 | Acc: 90.73% | Time: 0.0348s | GPU Mem: 0.29GB/3.70GB
Epoch: 56 [200/391] Loss: 0.3796 | Acc: 90.29% | Time: 0.0209s | GPU Mem: 0.29GB/3.70GB
Epoch: 56 [300/391] Loss: 0.4013 | Acc: 90.14% | Time: 0.0216s | GPU Mem: 0.29GB/3.70GB

训练 - Loss: 0.3344, Acc: 89.77%
测试 - Loss: 0.9182, Acc: 75.02%
学习率: 0.010000, 时间: 19.39s
GPU内存使用:
  GPU 1 - 已分配: 0.29GB, 已保留: 3.70GB
最佳准确率更新: 74.78% -> 75.02%
保存最佳模型到: ./checkpoints/best_model.pth

============================================================
Epoch 58/100
============================================================
Epoch: 57 [0/391] Loss: 0.2724 | Acc: 95.31% | Time: 0.0292s | GPU Mem: 0.29GB/3.70GB
Epoch: 57 [100/391] Loss: 0.2979 | Acc: 91.85% | Time: 0.0258s | GPU Mem: 0.29GB/3.70GB
Epoch: 57 [200/391] Loss: 0.2518 | Acc: 91.23% | Time: 0.0226s | GPU Mem: 0.29GB/3.70GB
Epoch: 57 [300/391] Loss: 0.2805 | Acc: 90.96% | Time: 0.0226s | GPU Mem: 0.29GB/3.70GB

训练 - Loss: 0.3028, Acc: 90.81%
测试 - Loss: 0.9474, Acc: 75.18%
学习率: 0.010000, 时间: 19.48s
GPU内存使用:
  GPU 1 - 已分配: 0.29GB, 已保留: 3.70GB
最佳准确率更新: 75.02% -> 75.18%
保存最佳模型到: ./checkpoints/best_model.pth

============================================================
Epoch 59/100
============================================================
Epoch: 58 [0/391] Loss: 0.2833 | Acc: 90.62% | Time: 0.0377s | GPU Mem: 0.29GB/3.70GB
Epoch: 58 [100/391] Loss: 0.3061 | Acc: 92.20% | Time: 0.0258s | GPU Mem: 0.29GB/3.70GB
Epoch: 58 [200/391] Loss: 0.3495 | Acc: 91.89% | Time: 0.0252s | GPU Mem: 0.29GB/3.70GB
Epoch: 58 [300/391] Loss: 0.2915 | Acc: 91.61% | Time: 0.0217s | GPU Mem: 0.29GB/3.70GB

训练 - Loss: 0.2833, Acc: 91.43%
测试 - Loss: 0.9889, Acc: 74.10%
学习率: 0.010000, 时间: 19.38s
GPU内存使用:
  GPU 1 - 已分配: 0.29GB, 已保留: 3.70GB

============================================================
Epoch 60/100
============================================================
Epoch: 59 [0/391] Loss: 0.2989 | Acc: 89.84% | Time: 0.0360s | GPU Mem: 0.29GB/3.70GB
Epoch: 59 [100/391] Loss: 0.2847 | Acc: 92.98% | Time: 0.0217s | GPU Mem: 0.29GB/3.70GB
Epoch: 59 [200/391] Loss: 0.2908 | Acc: 92.46% | Time: 0.0275s | GPU Mem: 0.29GB/3.70GB
Epoch: 59 [300/391] Loss: 0.2281 | Acc: 92.16% | Time: 0.0216s | GPU Mem: 0.29GB/3.70GB

训练 - Loss: 0.2662, Acc: 91.93%
测试 - Loss: 1.0214, Acc: 73.80%
学习率: 0.010000, 时间: 19.41s
GPU内存使用:
  GPU 1 - 已分配: 0.29GB, 已保留: 3.70GB
保存checkpoint到: ./checkpoints/checkpoint_epoch_60.pth

============================================================
Epoch 61/100
============================================================
Epoch: 60 [0/391] Loss: 0.2752 | Acc: 92.97% | Time: 0.0347s | GPU Mem: 0.29GB/3.70GB
Epoch: 60 [100/391] Loss: 0.3250 | Acc: 93.63% | Time: 0.0273s | GPU Mem: 0.29GB/3.70GB
Epoch: 60 [200/391] Loss: 0.3459 | Acc: 93.17% | Time: 0.0214s | GPU Mem: 0.29GB/3.70GB
Epoch: 60 [300/391] Loss: 0.2209 | Acc: 93.01% | Time: 0.0222s | GPU Mem: 0.29GB/3.70GB

训练 - Loss: 0.2429, Acc: 92.73%
测试 - Loss: 1.0115, Acc: 74.10%
学习率: 0.010000, 时间: 19.40s
GPU内存使用:
  GPU 1 - 已分配: 0.29GB, 已保留: 3.70GB

============================================================
Epoch 62/100
============================================================
Epoch: 61 [0/391] Loss: 0.1636 | Acc: 93.75% | Time: 0.0276s | GPU Mem: 0.29GB/3.70GB
Epoch: 61 [100/391] Loss: 0.2195 | Acc: 93.87% | Time: 0.0244s | GPU Mem: 0.29GB/3.70GB
Epoch: 61 [200/391] Loss: 0.2920 | Acc: 93.60% | Time: 0.0223s | GPU Mem: 0.29GB/3.70GB
Epoch: 61 [300/391] Loss: 0.1625 | Acc: 93.35% | Time: 0.0296s | GPU Mem: 0.29GB/3.70GB

训练 - Loss: 0.2274, Acc: 93.21%
测试 - Loss: 1.0275, Acc: 73.77%
学习率: 0.010000, 时间: 19.46s
GPU内存使用:
  GPU 1 - 已分配: 0.29GB, 已保留: 3.70GB

============================================================
Epoch 63/100
============================================================
Epoch: 62 [0/391] Loss: 0.2607 | Acc: 92.19% | Time: 0.0340s | GPU Mem: 0.29GB/3.70GB
Epoch: 62 [100/391] Loss: 0.1844 | Acc: 94.20% | Time: 0.0228s | GPU Mem: 0.29GB/3.70GB
Epoch: 62 [200/391] Loss: 0.2316 | Acc: 93.91% | Time: 0.0209s | GPU Mem: 0.29GB/3.70GB
Epoch: 62 [300/391] Loss: 0.2030 | Acc: 93.67% | Time: 0.0271s | GPU Mem: 0.29GB/3.70GB

训练 - Loss: 0.2166, Acc: 93.42%
测试 - Loss: 1.0752, Acc: 73.30%
学习率: 0.010000, 时间: 19.55s
GPU内存使用:
  GPU 1 - 已分配: 0.29GB, 已保留: 3.70GB

============================================================
Epoch 64/100
============================================================
Epoch: 63 [0/391] Loss: 0.1248 | Acc: 96.88% | Time: 0.0282s | GPU Mem: 0.29GB/3.70GB
Epoch: 63 [100/391] Loss: 0.1889 | Acc: 94.42% | Time: 0.0283s | GPU Mem: 0.29GB/3.70GB
Epoch: 63 [200/391] Loss: 0.3335 | Acc: 94.11% | Time: 0.0218s | GPU Mem: 0.29GB/3.70GB
Epoch: 63 [300/391] Loss: 0.2569 | Acc: 94.01% | Time: 0.0217s | GPU Mem: 0.29GB/3.70GB

训练 - Loss: 0.2033, Acc: 93.75%
测试 - Loss: 1.0770, Acc: 73.30%
学习率: 0.010000, 时间: 19.43s
GPU内存使用:
  GPU 1 - 已分配: 0.29GB, 已保留: 3.70GB

============================================================
Epoch 65/100
============================================================
Epoch: 64 [0/391] Loss: 0.1121 | Acc: 97.66% | Time: 0.0272s | GPU Mem: 0.29GB/3.70GB
Epoch: 64 [100/391] Loss: 0.1856 | Acc: 94.54% | Time: 0.0224s | GPU Mem: 0.29GB/3.70GB
Epoch: 64 [200/391] Loss: 0.1912 | Acc: 94.49% | Time: 0.0233s | GPU Mem: 0.29GB/3.70GB
Epoch: 64 [300/391] Loss: 0.2267 | Acc: 94.20% | Time: 0.0290s | GPU Mem: 0.29GB/3.70GB

训练 - Loss: 0.1962, Acc: 94.01%
测试 - Loss: 1.0694, Acc: 73.69%
学习率: 0.010000, 时间: 19.39s
GPU内存使用:
  GPU 1 - 已分配: 0.29GB, 已保留: 3.70GB

============================================================
Epoch 66/100
============================================================
Epoch: 65 [0/391] Loss: 0.1371 | Acc: 95.31% | Time: 0.0279s | GPU Mem: 0.29GB/3.70GB
Epoch: 65 [100/391] Loss: 0.1859 | Acc: 94.88% | Time: 0.0222s | GPU Mem: 0.29GB/3.70GB
Epoch: 65 [200/391] Loss: 0.1709 | Acc: 94.74% | Time: 0.0242s | GPU Mem: 0.29GB/3.70GB
Epoch: 65 [300/391] Loss: 0.2350 | Acc: 94.44% | Time: 0.0208s | GPU Mem: 0.29GB/3.70GB

训练 - Loss: 0.1910, Acc: 94.22%
测试 - Loss: 1.0787, Acc: 73.83%
学习率: 0.010000, 时间: 19.41s
GPU内存使用:
  GPU 1 - 已分配: 0.29GB, 已保留: 3.70GB

============================================================
Epoch 67/100
============================================================
Epoch: 66 [0/391] Loss: 0.1602 | Acc: 96.09% | Time: 0.0324s | GPU Mem: 0.29GB/3.70GB
Epoch: 66 [100/391] Loss: 0.1036 | Acc: 95.11% | Time: 0.0265s | GPU Mem: 0.29GB/3.70GB
Epoch: 66 [200/391] Loss: 0.1762 | Acc: 94.91% | Time: 0.0203s | GPU Mem: 0.29GB/3.70GB
Epoch: 66 [300/391] Loss: 0.1409 | Acc: 94.65% | Time: 0.0245s | GPU Mem: 0.29GB/3.70GB

训练 - Loss: 0.1827, Acc: 94.38%
测试 - Loss: 1.0940, Acc: 73.73%
学习率: 0.010000, 时间: 19.34s
GPU内存使用:
  GPU 1 - 已分配: 0.29GB, 已保留: 3.70GB

============================================================
Epoch 68/100
============================================================
Epoch: 67 [0/391] Loss: 0.1445 | Acc: 93.75% | Time: 0.0340s | GPU Mem: 0.29GB/3.70GB
Epoch: 67 [100/391] Loss: 0.1319 | Acc: 95.37% | Time: 0.0249s | GPU Mem: 0.29GB/3.70GB
Epoch: 67 [200/391] Loss: 0.1497 | Acc: 95.05% | Time: 0.0262s | GPU Mem: 0.29GB/3.70GB
Epoch: 67 [300/391] Loss: 0.2031 | Acc: 94.84% | Time: 0.0226s | GPU Mem: 0.29GB/3.70GB

训练 - Loss: 0.1770, Acc: 94.64%
测试 - Loss: 1.1165, Acc: 72.94%
学习率: 0.010000, 时间: 19.49s
GPU内存使用:
  GPU 1 - 已分配: 0.29GB, 已保留: 3.70GB

============================================================
Epoch 69/100
============================================================
Epoch: 68 [0/391] Loss: 0.1535 | Acc: 95.31% | Time: 0.0307s | GPU Mem: 0.29GB/3.70GB
Epoch: 68 [100/391] Loss: 0.1403 | Acc: 95.37% | Time: 0.0202s | GPU Mem: 0.29GB/3.70GB
Epoch: 68 [200/391] Loss: 0.1594 | Acc: 95.06% | Time: 0.0301s | GPU Mem: 0.29GB/3.70GB
Epoch: 68 [300/391] Loss: 0.2080 | Acc: 94.95% | Time: 0.0229s | GPU Mem: 0.29GB/3.70GB

训练 - Loss: 0.1725, Acc: 94.69%
测试 - Loss: 1.1216, Acc: 73.64%
学习率: 0.010000, 时间: 19.43s
GPU内存使用:
  GPU 1 - 已分配: 0.29GB, 已保留: 3.70GB

============================================================
Epoch 70/100
============================================================
Epoch: 69 [0/391] Loss: 0.2147 | Acc: 92.97% | Time: 0.0298s | GPU Mem: 0.29GB/3.70GB
Epoch: 69 [100/391] Loss: 0.1524 | Acc: 95.63% | Time: 0.0272s | GPU Mem: 0.29GB/3.70GB
Epoch: 69 [200/391] Loss: 0.1796 | Acc: 95.22% | Time: 0.0235s | GPU Mem: 0.29GB/3.70GB
Epoch: 69 [300/391] Loss: 0.2510 | Acc: 94.94% | Time: 0.0216s | GPU Mem: 0.29GB/3.70GB

训练 - Loss: 0.1721, Acc: 94.80%
测试 - Loss: 1.1477, Acc: 72.82%
学习率: 0.010000, 时间: 19.41s
GPU内存使用:
  GPU 1 - 已分配: 0.29GB, 已保留: 3.70GB
保存checkpoint到: ./checkpoints/checkpoint_epoch_70.pth

============================================================
Epoch 71/100
============================================================
Epoch: 70 [0/391] Loss: 0.1532 | Acc: 95.31% | Time: 0.0316s | GPU Mem: 0.29GB/3.70GB
Epoch: 70 [100/391] Loss: 0.0895 | Acc: 95.74% | Time: 0.0205s | GPU Mem: 0.29GB/3.70GB
Epoch: 70 [200/391] Loss: 0.2919 | Acc: 95.51% | Time: 0.0299s | GPU Mem: 0.29GB/3.70GB
Epoch: 70 [300/391] Loss: 0.1423 | Acc: 95.22% | Time: 0.0225s | GPU Mem: 0.29GB/3.70GB

训练 - Loss: 0.1655, Acc: 95.03%
测试 - Loss: 1.1321, Acc: 73.04%
学习率: 0.010000, 时间: 19.39s
GPU内存使用:
  GPU 1 - 已分配: 0.29GB, 已保留: 3.70GB

============================================================
Epoch 72/100
============================================================
Epoch: 71 [0/391] Loss: 0.1188 | Acc: 95.31% | Time: 0.0262s | GPU Mem: 0.29GB/3.70GB
Epoch: 71 [100/391] Loss: 0.0954 | Acc: 95.78% | Time: 0.0276s | GPU Mem: 0.29GB/3.70GB
Epoch: 71 [200/391] Loss: 0.1414 | Acc: 95.31% | Time: 0.0257s | GPU Mem: 0.29GB/3.70GB
Epoch: 71 [300/391] Loss: 0.2637 | Acc: 95.14% | Time: 0.0224s | GPU Mem: 0.29GB/3.70GB

训练 - Loss: 0.1658, Acc: 94.93%
测试 - Loss: 1.1901, Acc: 72.37%
学习率: 0.010000, 时间: 19.46s
GPU内存使用:
  GPU 1 - 已分配: 0.29GB, 已保留: 3.70GB

============================================================
Epoch 73/100
============================================================
Epoch: 72 [0/391] Loss: 0.2002 | Acc: 92.97% | Time: 0.0356s | GPU Mem: 0.29GB/3.70GB
Epoch: 72 [100/391] Loss: 0.1063 | Acc: 95.67% | Time: 0.0260s | GPU Mem: 0.29GB/3.70GB
Epoch: 72 [200/391] Loss: 0.1429 | Acc: 95.44% | Time: 0.0327s | GPU Mem: 0.29GB/3.70GB
Epoch: 72 [300/391] Loss: 0.1074 | Acc: 95.29% | Time: 0.0254s | GPU Mem: 0.29GB/3.70GB

训练 - Loss: 0.1641, Acc: 95.05%
测试 - Loss: 1.2154, Acc: 71.98%
学习率: 0.010000, 时间: 19.46s
GPU内存使用:
  GPU 1 - 已分配: 0.29GB, 已保留: 3.70GB

============================================================
Epoch 74/100
============================================================
Epoch: 73 [0/391] Loss: 0.2414 | Acc: 92.19% | Time: 0.0271s | GPU Mem: 0.29GB/3.70GB
Epoch: 73 [100/391] Loss: 0.1527 | Acc: 95.59% | Time: 0.0222s | GPU Mem: 0.29GB/3.70GB
Epoch: 73 [200/391] Loss: 0.1975 | Acc: 95.29% | Time: 0.0204s | GPU Mem: 0.29GB/3.70GB
Epoch: 73 [300/391] Loss: 0.2085 | Acc: 95.12% | Time: 0.0230s | GPU Mem: 0.29GB/3.70GB

训练 - Loss: 0.1691, Acc: 94.84%
测试 - Loss: 1.1869, Acc: 71.94%
学习率: 0.010000, 时间: 19.42s
GPU内存使用:
  GPU 1 - 已分配: 0.29GB, 已保留: 3.70GB

============================================================
Epoch 75/100
============================================================
Epoch: 74 [0/391] Loss: 0.1879 | Acc: 96.09% | Time: 0.0292s | GPU Mem: 0.29GB/3.70GB
Epoch: 74 [100/391] Loss: 0.1523 | Acc: 95.56% | Time: 0.0232s | GPU Mem: 0.29GB/3.70GB
Epoch: 74 [200/391] Loss: 0.1687 | Acc: 95.36% | Time: 0.0214s | GPU Mem: 0.29GB/3.70GB
Epoch: 74 [300/391] Loss: 0.1713 | Acc: 95.21% | Time: 0.0206s | GPU Mem: 0.29GB/3.70GB

训练 - Loss: 0.1658, Acc: 95.00%
测试 - Loss: 1.1798, Acc: 72.19%
学习率: 0.010000, 时间: 19.49s
GPU内存使用:
  GPU 1 - 已分配: 0.29GB, 已保留: 3.70GB

============================================================
Epoch 76/100
============================================================
Epoch: 75 [0/391] Loss: 0.1415 | Acc: 96.09% | Time: 0.0309s | GPU Mem: 0.29GB/3.70GB
Epoch: 75 [100/391] Loss: 0.1565 | Acc: 95.34% | Time: 0.0208s | GPU Mem: 0.29GB/3.70GB
Epoch: 75 [200/391] Loss: 0.1600 | Acc: 95.23% | Time: 0.0256s | GPU Mem: 0.29GB/3.70GB
Epoch: 75 [300/391] Loss: 0.1293 | Acc: 94.98% | Time: 0.0259s | GPU Mem: 0.29GB/3.70GB

训练 - Loss: 0.1731, Acc: 94.79%
测试 - Loss: 1.1992, Acc: 72.04%
学习率: 0.010000, 时间: 19.45s
GPU内存使用:
  GPU 1 - 已分配: 0.29GB, 已保留: 3.70GB

============================================================
Epoch 77/100
============================================================
Epoch: 76 [0/391] Loss: 0.1291 | Acc: 96.88% | Time: 0.0332s | GPU Mem: 0.29GB/3.70GB
Epoch: 76 [100/391] Loss: 0.2288 | Acc: 95.99% | Time: 0.0265s | GPU Mem: 0.29GB/3.70GB
Epoch: 76 [200/391] Loss: 0.1586 | Acc: 95.53% | Time: 0.0233s | GPU Mem: 0.29GB/3.70GB
Epoch: 76 [300/391] Loss: 0.1752 | Acc: 95.13% | Time: 0.0288s | GPU Mem: 0.29GB/3.70GB

训练 - Loss: 0.1685, Acc: 94.84%
测试 - Loss: 1.2142, Acc: 71.75%
学习率: 0.010000, 时间: 19.46s
GPU内存使用:
  GPU 1 - 已分配: 0.29GB, 已保留: 3.70GB

============================================================
Epoch 78/100
============================================================
Epoch: 77 [0/391] Loss: 0.1244 | Acc: 96.88% | Time: 0.0267s | GPU Mem: 0.29GB/3.70GB
Epoch: 77 [100/391] Loss: 0.1498 | Acc: 95.54% | Time: 0.0279s | GPU Mem: 0.29GB/3.70GB
Epoch: 77 [200/391] Loss: 0.1741 | Acc: 95.48% | Time: 0.0218s | GPU Mem: 0.29GB/3.70GB
Epoch: 77 [300/391] Loss: 0.2174 | Acc: 95.18% | Time: 0.0206s | GPU Mem: 0.29GB/3.70GB

训练 - Loss: 0.1706, Acc: 94.85%
测试 - Loss: 1.1947, Acc: 72.50%
学习率: 0.010000, 时间: 19.42s
GPU内存使用:
  GPU 1 - 已分配: 0.29GB, 已保留: 3.70GB

============================================================
Epoch 79/100
============================================================
Epoch: 78 [0/391] Loss: 0.1310 | Acc: 96.88% | Time: 0.0362s | GPU Mem: 0.29GB/3.70GB
Epoch: 78 [100/391] Loss: 0.1678 | Acc: 95.21% | Time: 0.0216s | GPU Mem: 0.29GB/3.70GB
Epoch: 78 [200/391] Loss: 0.1340 | Acc: 95.13% | Time: 0.0230s | GPU Mem: 0.29GB/3.70GB
Epoch: 78 [300/391] Loss: 0.3221 | Acc: 95.00% | Time: 0.0281s | GPU Mem: 0.29GB/3.70GB

训练 - Loss: 0.1695, Acc: 94.75%
测试 - Loss: 1.2542, Acc: 71.75%
学习率: 0.010000, 时间: 19.45s
GPU内存使用:
  GPU 1 - 已分配: 0.29GB, 已保留: 3.70GB

============================================================
Epoch 80/100
============================================================
Epoch: 79 [0/391] Loss: 0.2022 | Acc: 94.53% | Time: 0.0272s | GPU Mem: 0.29GB/3.70GB
Epoch: 79 [100/391] Loss: 0.2354 | Acc: 95.44% | Time: 0.0206s | GPU Mem: 0.29GB/3.70GB
Epoch: 79 [200/391] Loss: 0.1823 | Acc: 95.40% | Time: 0.0218s | GPU Mem: 0.29GB/3.70GB
Epoch: 79 [300/391] Loss: 0.2511 | Acc: 95.13% | Time: 0.0214s | GPU Mem: 0.29GB/3.70GB

训练 - Loss: 0.1718, Acc: 94.76%
测试 - Loss: 1.2451, Acc: 71.64%
学习率: 0.010000, 时间: 19.39s
GPU内存使用:
  GPU 1 - 已分配: 0.29GB, 已保留: 3.70GB
保存checkpoint到: ./checkpoints/checkpoint_epoch_80.pth

============================================================
Epoch 81/100
============================================================
Epoch: 80 [0/391] Loss: 0.0756 | Acc: 97.66% | Time: 0.0258s | GPU Mem: 0.29GB/3.70GB
Epoch: 80 [100/391] Loss: 0.1521 | Acc: 95.24% | Time: 0.0224s | GPU Mem: 0.29GB/3.70GB
Epoch: 80 [200/391] Loss: 0.1350 | Acc: 95.37% | Time: 0.0219s | GPU Mem: 0.29GB/3.70GB
Epoch: 80 [300/391] Loss: 0.1835 | Acc: 95.34% | Time: 0.0257s | GPU Mem: 0.29GB/3.70GB

训练 - Loss: 0.1637, Acc: 95.11%
测试 - Loss: 1.2206, Acc: 71.04%
学习率: 0.010000, 时间: 19.39s
GPU内存使用:
  GPU 1 - 已分配: 0.29GB, 已保留: 3.70GB

============================================================
Epoch 82/100
============================================================
Epoch: 81 [0/391] Loss: 0.1405 | Acc: 94.53% | Time: 0.0375s | GPU Mem: 0.29GB/3.70GB
Epoch: 81 [100/391] Loss: 0.1603 | Acc: 95.52% | Time: 0.0214s | GPU Mem: 0.29GB/3.70GB
Epoch: 81 [200/391] Loss: 0.1785 | Acc: 95.49% | Time: 0.0218s | GPU Mem: 0.29GB/3.70GB
Epoch: 81 [300/391] Loss: 0.1915 | Acc: 95.30% | Time: 0.0241s | GPU Mem: 0.29GB/3.70GB

训练 - Loss: 0.1645, Acc: 95.03%
测试 - Loss: 1.1954, Acc: 72.53%
学习率: 0.010000, 时间: 19.43s
GPU内存使用:
  GPU 1 - 已分配: 0.29GB, 已保留: 3.70GB

============================================================
Epoch 83/100
============================================================
Epoch: 82 [0/391] Loss: 0.1072 | Acc: 96.88% | Time: 0.0308s | GPU Mem: 0.29GB/3.70GB
Epoch: 82 [100/391] Loss: 0.1526 | Acc: 95.82% | Time: 0.0203s | GPU Mem: 0.29GB/3.70GB
Epoch: 82 [200/391] Loss: 0.0872 | Acc: 95.69% | Time: 0.0259s | GPU Mem: 0.29GB/3.70GB
Epoch: 82 [300/391] Loss: 0.3379 | Acc: 95.25% | Time: 0.0232s | GPU Mem: 0.29GB/3.70GB

训练 - Loss: 0.1685, Acc: 94.93%
测试 - Loss: 1.2612, Acc: 71.49%
学习率: 0.010000, 时间: 19.45s
GPU内存使用:
  GPU 1 - 已分配: 0.29GB, 已保留: 3.70GB

============================================================
Epoch 84/100
============================================================
Epoch: 83 [0/391] Loss: 0.1336 | Acc: 94.53% | Time: 0.0317s | GPU Mem: 0.29GB/3.70GB
Epoch: 83 [100/391] Loss: 0.1713 | Acc: 94.81% | Time: 0.0397s | GPU Mem: 0.29GB/3.70GB
Epoch: 83 [200/391] Loss: 0.2984 | Acc: 94.93% | Time: 0.0250s | GPU Mem: 0.29GB/3.70GB
Epoch: 83 [300/391] Loss: 0.1833 | Acc: 94.74% | Time: 0.0254s | GPU Mem: 0.29GB/3.70GB

训练 - Loss: 0.1779, Acc: 94.46%
测试 - Loss: 1.2469, Acc: 71.07%
学习率: 0.010000, 时间: 19.43s
GPU内存使用:
  GPU 1 - 已分配: 0.29GB, 已保留: 3.70GB

============================================================
Epoch 85/100
============================================================
Epoch: 84 [0/391] Loss: 0.1352 | Acc: 96.88% | Time: 0.0321s | GPU Mem: 0.29GB/3.70GB
Epoch: 84 [100/391] Loss: 0.2053 | Acc: 94.67% | Time: 0.0204s | GPU Mem: 0.29GB/3.70GB
Epoch: 84 [200/391] Loss: 0.2288 | Acc: 94.59% | Time: 0.0292s | GPU Mem: 0.29GB/3.70GB
Epoch: 84 [300/391] Loss: 0.1644 | Acc: 94.52% | Time: 0.0219s | GPU Mem: 0.29GB/3.70GB

训练 - Loss: 0.1790, Acc: 94.47%
测试 - Loss: 1.2585, Acc: 71.74%
学习率: 0.010000, 时间: 19.47s
GPU内存使用:
  GPU 1 - 已分配: 0.29GB, 已保留: 3.70GB

============================================================
Epoch 86/100
============================================================
Epoch: 85 [0/391] Loss: 0.1582 | Acc: 96.09% | Time: 0.0284s | GPU Mem: 0.29GB/3.70GB
Epoch: 85 [100/391] Loss: 0.1955 | Acc: 95.55% | Time: 0.0252s | GPU Mem: 0.29GB/3.70GB
Epoch: 85 [200/391] Loss: 0.1312 | Acc: 95.36% | Time: 0.0294s | GPU Mem: 0.29GB/3.70GB
Epoch: 85 [300/391] Loss: 0.1897 | Acc: 95.24% | Time: 0.0223s | GPU Mem: 0.29GB/3.70GB

训练 - Loss: 0.1698, Acc: 94.86%
测试 - Loss: 1.2526, Acc: 70.80%
学习率: 0.010000, 时间: 19.45s
GPU内存使用:
  GPU 1 - 已分配: 0.29GB, 已保留: 3.70GB

============================================================
Epoch 87/100
============================================================
Epoch: 86 [0/391] Loss: 0.1870 | Acc: 95.31% | Time: 0.0274s | GPU Mem: 0.29GB/3.70GB
Epoch: 86 [100/391] Loss: 0.1486 | Acc: 95.13% | Time: 0.0217s | GPU Mem: 0.29GB/3.70GB
Epoch: 86 [200/391] Loss: 0.1619 | Acc: 95.40% | Time: 0.0336s | GPU Mem: 0.29GB/3.70GB
Epoch: 86 [300/391] Loss: 0.1596 | Acc: 95.10% | Time: 0.0275s | GPU Mem: 0.29GB/3.70GB

训练 - Loss: 0.1674, Acc: 94.89%
测试 - Loss: 1.2215, Acc: 71.46%
学习率: 0.010000, 时间: 19.45s
GPU内存使用:
  GPU 1 - 已分配: 0.29GB, 已保留: 3.70GB

============================================================
Epoch 88/100
============================================================
Epoch: 87 [0/391] Loss: 0.1337 | Acc: 95.31% | Time: 0.0419s | GPU Mem: 0.29GB/3.70GB
Epoch: 87 [100/391] Loss: 0.1795 | Acc: 95.69% | Time: 0.0235s | GPU Mem: 0.29GB/3.70GB
Epoch: 87 [200/391] Loss: 0.1441 | Acc: 95.37% | Time: 0.0241s | GPU Mem: 0.29GB/3.70GB
Epoch: 87 [300/391] Loss: 0.1811 | Acc: 95.10% | Time: 0.0238s | GPU Mem: 0.29GB/3.70GB

训练 - Loss: 0.1689, Acc: 94.83%
测试 - Loss: 1.3041, Acc: 70.39%
学习率: 0.010000, 时间: 19.46s
GPU内存使用:
  GPU 1 - 已分配: 0.29GB, 已保留: 3.70GB

============================================================
Epoch 89/100
============================================================
Epoch: 88 [0/391] Loss: 0.1313 | Acc: 96.09% | Time: 0.0350s | GPU Mem: 0.29GB/3.70GB
Epoch: 88 [100/391] Loss: 0.1246 | Acc: 94.78% | Time: 0.0226s | GPU Mem: 0.29GB/3.70GB
Epoch: 88 [200/391] Loss: 0.1463 | Acc: 94.90% | Time: 0.0222s | GPU Mem: 0.29GB/3.70GB
Epoch: 88 [300/391] Loss: 0.2361 | Acc: 94.81% | Time: 0.0327s | GPU Mem: 0.29GB/3.70GB

训练 - Loss: 0.1804, Acc: 94.54%
测试 - Loss: 1.2497, Acc: 71.04%
学习率: 0.010000, 时间: 19.41s
GPU内存使用:
  GPU 1 - 已分配: 0.29GB, 已保留: 3.70GB

============================================================
Epoch 90/100
============================================================
Epoch: 89 [0/391] Loss: 0.0801 | Acc: 99.22% | Time: 0.0274s | GPU Mem: 0.29GB/3.70GB
Epoch: 89 [100/391] Loss: 0.1497 | Acc: 95.41% | Time: 0.0277s | GPU Mem: 0.29GB/3.70GB
Epoch: 89 [200/391] Loss: 0.1561 | Acc: 95.00% | Time: 0.0211s | GPU Mem: 0.29GB/3.70GB
Epoch: 89 [300/391] Loss: 0.2098 | Acc: 94.68% | Time: 0.0291s | GPU Mem: 0.29GB/3.70GB

训练 - Loss: 0.1846, Acc: 94.31%
测试 - Loss: 1.2799, Acc: 71.05%
学习率: 0.010000, 时间: 19.43s
GPU内存使用:
  GPU 1 - 已分配: 0.29GB, 已保留: 3.70GB
保存checkpoint到: ./checkpoints/checkpoint_epoch_90.pth

============================================================
Epoch 91/100
============================================================
Epoch: 90 [0/391] Loss: 0.1675 | Acc: 96.09% | Time: 0.0333s | GPU Mem: 0.29GB/3.70GB
Epoch: 90 [100/391] Loss: 0.2253 | Acc: 94.55% | Time: 0.0223s | GPU Mem: 0.29GB/3.70GB
Epoch: 90 [200/391] Loss: 0.1689 | Acc: 94.83% | Time: 0.0229s | GPU Mem: 0.29GB/3.70GB
Epoch: 90 [300/391] Loss: 0.2052 | Acc: 94.79% | Time: 0.0208s | GPU Mem: 0.29GB/3.70GB

训练 - Loss: 0.1766, Acc: 94.59%
测试 - Loss: 1.2774, Acc: 70.77%
学习率: 0.010000, 时间: 19.45s
GPU内存使用:
  GPU 1 - 已分配: 0.29GB, 已保留: 3.70GB

============================================================
Epoch 92/100
============================================================
Epoch: 91 [0/391] Loss: 0.1278 | Acc: 97.66% | Time: 0.0308s | GPU Mem: 0.29GB/3.70GB
Epoch: 91 [100/391] Loss: 0.1894 | Acc: 95.26% | Time: 0.0227s | GPU Mem: 0.29GB/3.70GB
Epoch: 91 [200/391] Loss: 0.1687 | Acc: 95.30% | Time: 0.0255s | GPU Mem: 0.29GB/3.70GB
Epoch: 91 [300/391] Loss: 0.2351 | Acc: 95.02% | Time: 0.0213s | GPU Mem: 0.29GB/3.70GB

训练 - Loss: 0.1729, Acc: 94.85%
测试 - Loss: 1.2721, Acc: 71.30%
学习率: 0.010000, 时间: 19.47s
GPU内存使用:
  GPU 1 - 已分配: 0.29GB, 已保留: 3.70GB

============================================================
Epoch 93/100
============================================================
Epoch: 92 [0/391] Loss: 0.2010 | Acc: 96.09% | Time: 0.0322s | GPU Mem: 0.29GB/3.70GB
Epoch: 92 [100/391] Loss: 0.2328 | Acc: 95.17% | Time: 0.0274s | GPU Mem: 0.29GB/3.70GB
Epoch: 92 [200/391] Loss: 0.1736 | Acc: 95.18% | Time: 0.0218s | GPU Mem: 0.29GB/3.70GB
Epoch: 92 [300/391] Loss: 0.1673 | Acc: 94.95% | Time: 0.0205s | GPU Mem: 0.29GB/3.70GB

训练 - Loss: 0.1769, Acc: 94.65%
测试 - Loss: 1.2913, Acc: 70.07%
学习率: 0.010000, 时间: 19.47s
GPU内存使用:
  GPU 1 - 已分配: 0.29GB, 已保留: 3.70GB

============================================================
Epoch 94/100
============================================================
Epoch: 93 [0/391] Loss: 0.1080 | Acc: 98.44% | Time: 0.0341s | GPU Mem: 0.29GB/3.70GB
Epoch: 93 [100/391] Loss: 0.1080 | Acc: 95.27% | Time: 0.0346s | GPU Mem: 0.29GB/3.70GB
Epoch: 93 [200/391] Loss: 0.1454 | Acc: 95.45% | Time: 0.0209s | GPU Mem: 0.29GB/3.70GB
Epoch: 93 [300/391] Loss: 0.2442 | Acc: 95.22% | Time: 0.0277s | GPU Mem: 0.29GB/3.70GB

训练 - Loss: 0.1637, Acc: 95.06%
测试 - Loss: 1.2428, Acc: 71.99%
学习率: 0.010000, 时间: 19.41s
GPU内存使用:
  GPU 1 - 已分配: 0.29GB, 已保留: 3.70GB

============================================================
Epoch 95/100
============================================================
Epoch: 94 [0/391] Loss: 0.1089 | Acc: 96.88% | Time: 0.0344s | GPU Mem: 0.29GB/3.70GB
Epoch: 94 [100/391] Loss: 0.1536 | Acc: 95.39% | Time: 0.0201s | GPU Mem: 0.29GB/3.70GB
Epoch: 94 [200/391] Loss: 0.1321 | Acc: 95.22% | Time: 0.0290s | GPU Mem: 0.29GB/3.70GB
Epoch: 94 [300/391] Loss: 0.1645 | Acc: 95.01% | Time: 0.0218s | GPU Mem: 0.29GB/3.70GB

训练 - Loss: 0.1713, Acc: 94.70%
测试 - Loss: 1.3300, Acc: 69.34%
学习率: 0.010000, 时间: 19.47s
GPU内存使用:
  GPU 1 - 已分配: 0.29GB, 已保留: 3.70GB

============================================================
Epoch 96/100
============================================================
Epoch: 95 [0/391] Loss: 0.1763 | Acc: 92.97% | Time: 0.0330s | GPU Mem: 0.29GB/3.70GB
Epoch: 95 [100/391] Loss: 0.1805 | Acc: 95.64% | Time: 0.0221s | GPU Mem: 0.29GB/3.70GB
Epoch: 95 [200/391] Loss: 0.1676 | Acc: 95.54% | Time: 0.0251s | GPU Mem: 0.29GB/3.70GB
Epoch: 95 [300/391] Loss: 0.1652 | Acc: 95.21% | Time: 0.0220s | GPU Mem: 0.29GB/3.70GB

训练 - Loss: 0.1648, Acc: 94.94%
测试 - Loss: 1.2713, Acc: 70.80%
学习率: 0.010000, 时间: 19.41s
GPU内存使用:
  GPU 1 - 已分配: 0.29GB, 已保留: 3.70GB

============================================================
Epoch 97/100
============================================================
Epoch: 96 [0/391] Loss: 0.1647 | Acc: 96.09% | Time: 0.0278s | GPU Mem: 0.29GB/3.70GB
Epoch: 96 [100/391] Loss: 0.1869 | Acc: 95.34% | Time: 0.0236s | GPU Mem: 0.29GB/3.70GB
Epoch: 96 [200/391] Loss: 0.1130 | Acc: 95.39% | Time: 0.0269s | GPU Mem: 0.29GB/3.70GB
Epoch: 96 [300/391] Loss: 0.2224 | Acc: 95.13% | Time: 0.0379s | GPU Mem: 0.29GB/3.70GB

训练 - Loss: 0.1744, Acc: 94.68%
测试 - Loss: 1.3243, Acc: 69.69%
学习率: 0.010000, 时间: 19.48s
GPU内存使用:
  GPU 1 - 已分配: 0.29GB, 已保留: 3.70GB

============================================================
Epoch 98/100
============================================================
Epoch: 97 [0/391] Loss: 0.1138 | Acc: 96.09% | Time: 0.0320s | GPU Mem: 0.29GB/3.70GB
Epoch: 97 [100/391] Loss: 0.1022 | Acc: 95.07% | Time: 0.0236s | GPU Mem: 0.29GB/3.70GB
Epoch: 97 [200/391] Loss: 0.1842 | Acc: 95.10% | Time: 0.0223s | GPU Mem: 0.29GB/3.70GB
Epoch: 97 [300/391] Loss: 0.2276 | Acc: 94.78% | Time: 0.0247s | GPU Mem: 0.29GB/3.70GB

训练 - Loss: 0.1779, Acc: 94.53%
测试 - Loss: 1.2666, Acc: 71.01%
学习率: 0.010000, 时间: 19.41s
GPU内存使用:
  GPU 1 - 已分配: 0.29GB, 已保留: 3.70GB

============================================================
Epoch 99/100
============================================================
Epoch: 98 [0/391] Loss: 0.1454 | Acc: 96.09% | Time: 0.0359s | GPU Mem: 0.29GB/3.70GB
Epoch: 98 [100/391] Loss: 0.1362 | Acc: 95.74% | Time: 0.0303s | GPU Mem: 0.29GB/3.70GB
Epoch: 98 [200/391] Loss: 0.1213 | Acc: 95.58% | Time: 0.0215s | GPU Mem: 0.29GB/3.70GB
Epoch: 98 [300/391] Loss: 0.1716 | Acc: 95.16% | Time: 0.0299s | GPU Mem: 0.29GB/3.70GB

训练 - Loss: 0.1669, Acc: 94.93%
测试 - Loss: 1.3092, Acc: 70.32%
学习率: 0.010000, 时间: 19.49s
GPU内存使用:
  GPU 1 - 已分配: 0.29GB, 已保留: 3.70GB

============================================================
Epoch 100/100
============================================================
Epoch: 99 [0/391] Loss: 0.1928 | Acc: 95.31% | Time: 0.0331s | GPU Mem: 0.29GB/3.70GB
Epoch: 99 [100/391] Loss: 0.1861 | Acc: 95.54% | Time: 0.0208s | GPU Mem: 0.29GB/3.70GB
Epoch: 99 [200/391] Loss: 0.1538 | Acc: 95.24% | Time: 0.0248s | GPU Mem: 0.29GB/3.70GB
Epoch: 99 [300/391] Loss: 0.1559 | Acc: 95.15% | Time: 0.0217s | GPU Mem: 0.29GB/3.70GB

训练 - Loss: 0.1630, Acc: 94.97%
测试 - Loss: 1.2829, Acc: 70.19%
学习率: 0.001000, 时间: 19.45s
GPU内存使用:
  GPU 1 - 已分配: 0.29GB, 已保留: 3.70GB
保存checkpoint到: ./checkpoints/checkpoint_epoch_100.pth

============================================================
训练完成!
============================================================
总时间: 2157.44秒 (35.96分钟)
平均每epoch: 21.57秒
最佳测试准确率: 75.18%
保存最终模型到: ./experiments/group_3_dataloader_optimization_across_training_modes/checkpoints/single_resnet50_bs128_gpu1_nw16_chunks0.pth

训练完成!
