====================================================================================================
Experiment: single_resnet50_bs128_gpu1_nw0_chunks0
Parameters: {
  "mode": "single",
  "model": "resnet50",
  "batch_size": 128,
  "epochs": 100,
  "dataset": "cifar100",
  "gpu_ids": [
    1
  ],
  "num_workers": 0,
  "prefetch_factor": 1,
  "chunks": 0,
  "num_gpus": 1
}
Command: python -u main.py --mode single --model resnet50 --batch-size 128 --epochs 100 --dataset cifar100 --gpu-ids 1 --num-workers 0 --prefetch-factor 1 --chunks 0 --final-checkpoint-path ./experiments/group_3_dataloader_optimization_across_training_modes/checkpoints/single_resnet50_bs128_gpu1_nw0_chunks0.pth
Start Time: 2025-12-10T03:13:39.953062
====================================================================================================

================================================================================
训练配置:
================================================================================
  mode                     : single
  gpu_ids                  : [1]
  num_gpus                 : 1
  num_workers              : 0
  prefetch_factor          : 1
  pin_memory               : True
  persistent_workers       : True
  batch_size               : 128
  epochs                   : 100
  lr                       : 0.1
  momentum                 : 0.9
  weight_decay             : 0.0005
  lr_schedule              : step
  lr_step_size             : 50
  lr_gamma                 : 0.1
  dataset                  : cifar100
  data_root                : ./data
  num_classes              : 100
  model                    : resnet50
  save_dir                 : ./checkpoints
  log_interval             : 100
  save_interval            : 10
  final_checkpoint_path    : ./experiments/group_3_dataloader_optimization_across_training_modes/checkpoints/single_resnet50_bs128_gpu1_nw0_chunks0.pth
  seed                     : 42
  resume                   : None
  evaluate                 : False
  dist_backend             : nccl
  dist_url                 : env://
  effective_batch_size     : 128
  chunks                   : 0
================================================================================

可用GPU数量: 7
  GPU 1: NVIDIA GeForce RTX 4090

使用训练模式: SINGLE

初始化单GPU训练器...
使用设备: cuda:1

开始训练 100 个epochs...
Batch size: 128
学习率: 0.1

============================================================
Epoch 1/100
============================================================
Epoch: 0 [0/391] Loss: 4.8278 | Acc: 0.00% | Time: 0.5185s | GPU Mem: 0.29GB/3.70GB
Epoch: 0 [100/391] Loss: 4.5645 | Acc: 1.44% | Time: 0.0223s | GPU Mem: 0.29GB/3.70GB
Epoch: 0 [200/391] Loss: 4.5595 | Acc: 1.48% | Time: 0.0177s | GPU Mem: 0.29GB/3.70GB
Epoch: 0 [300/391] Loss: 4.4102 | Acc: 1.62% | Time: 0.0227s | GPU Mem: 0.29GB/3.70GB

训练 - Loss: 4.7713, Acc: 1.96%
测试 - Loss: 4.4491, Acc: 2.61%
学习率: 0.100000, 时间: 37.72s
GPU内存使用:
  GPU 1 - 已分配: 0.29GB, 已保留: 3.70GB
最佳准确率更新: 0.00% -> 2.61%
保存最佳模型到: ./checkpoints/best_model.pth

============================================================
Epoch 2/100
============================================================
Epoch: 1 [0/391] Loss: 4.3507 | Acc: 7.03% | Time: 0.0239s | GPU Mem: 0.29GB/3.70GB
Epoch: 1 [100/391] Loss: 4.2635 | Acc: 4.33% | Time: 0.0227s | GPU Mem: 0.29GB/3.70GB
Epoch: 1 [200/391] Loss: 4.1195 | Acc: 4.84% | Time: 0.0230s | GPU Mem: 0.29GB/3.70GB
Epoch: 1 [300/391] Loss: 4.0365 | Acc: 5.27% | Time: 0.0226s | GPU Mem: 0.29GB/3.70GB

训练 - Loss: 4.1046, Acc: 5.71%
测试 - Loss: 3.9378, Acc: 7.85%
学习率: 0.100000, 时间: 37.17s
GPU内存使用:
  GPU 1 - 已分配: 0.29GB, 已保留: 3.70GB
最佳准确率更新: 2.61% -> 7.85%
保存最佳模型到: ./checkpoints/best_model.pth

============================================================
Epoch 3/100
============================================================
Epoch: 2 [0/391] Loss: 3.9765 | Acc: 6.25% | Time: 0.0210s | GPU Mem: 0.29GB/3.70GB
Epoch: 2 [100/391] Loss: 4.0409 | Acc: 8.27% | Time: 0.0228s | GPU Mem: 0.29GB/3.70GB
Epoch: 2 [200/391] Loss: 3.8649 | Acc: 8.71% | Time: 0.0223s | GPU Mem: 0.29GB/3.70GB
Epoch: 2 [300/391] Loss: 3.6246 | Acc: 9.26% | Time: 0.0279s | GPU Mem: 0.29GB/3.70GB

训练 - Loss: 3.8050, Acc: 9.88%
测试 - Loss: 3.6618, Acc: 12.01%
学习率: 0.100000, 时间: 36.98s
GPU内存使用:
  GPU 1 - 已分配: 0.29GB, 已保留: 3.70GB
最佳准确率更新: 7.85% -> 12.01%
保存最佳模型到: ./checkpoints/best_model.pth

============================================================
Epoch 4/100
============================================================
Epoch: 3 [0/391] Loss: 3.5963 | Acc: 11.72% | Time: 0.0205s | GPU Mem: 0.29GB/3.70GB
Epoch: 3 [100/391] Loss: 3.6655 | Acc: 12.24% | Time: 0.0221s | GPU Mem: 0.29GB/3.70GB
Epoch: 3 [200/391] Loss: 3.4835 | Acc: 12.68% | Time: 0.0223s | GPU Mem: 0.29GB/3.70GB
Epoch: 3 [300/391] Loss: 3.6770 | Acc: 13.22% | Time: 0.0226s | GPU Mem: 0.29GB/3.70GB

训练 - Loss: 3.5633, Acc: 13.96%
测试 - Loss: 3.4269, Acc: 16.99%
学习率: 0.100000, 时间: 36.57s
GPU内存使用:
  GPU 1 - 已分配: 0.29GB, 已保留: 3.70GB
最佳准确率更新: 12.01% -> 16.99%
保存最佳模型到: ./checkpoints/best_model.pth

============================================================
Epoch 5/100
============================================================
Epoch: 4 [0/391] Loss: 3.4514 | Acc: 17.19% | Time: 0.0235s | GPU Mem: 0.29GB/3.70GB
Epoch: 4 [100/391] Loss: 3.5378 | Acc: 17.39% | Time: 0.0223s | GPU Mem: 0.29GB/3.70GB
Epoch: 4 [200/391] Loss: 3.6374 | Acc: 18.09% | Time: 0.0227s | GPU Mem: 0.29GB/3.70GB
Epoch: 4 [300/391] Loss: 3.1235 | Acc: 18.51% | Time: 0.0229s | GPU Mem: 0.29GB/3.70GB

训练 - Loss: 3.3168, Acc: 18.84%
测试 - Loss: 3.1852, Acc: 21.74%
学习率: 0.100000, 时间: 37.19s
GPU内存使用:
  GPU 1 - 已分配: 0.29GB, 已保留: 3.70GB
最佳准确率更新: 16.99% -> 21.74%
保存最佳模型到: ./checkpoints/best_model.pth

============================================================
Epoch 6/100
============================================================
Epoch: 5 [0/391] Loss: 2.9669 | Acc: 20.31% | Time: 0.0201s | GPU Mem: 0.29GB/3.70GB
Epoch: 5 [100/391] Loss: 3.1798 | Acc: 21.76% | Time: 0.0226s | GPU Mem: 0.29GB/3.70GB
Epoch: 5 [200/391] Loss: 3.0800 | Acc: 21.85% | Time: 0.0209s | GPU Mem: 0.29GB/3.70GB
Epoch: 5 [300/391] Loss: 3.0058 | Acc: 22.50% | Time: 0.0219s | GPU Mem: 0.29GB/3.70GB

训练 - Loss: 3.0748, Acc: 23.29%
测试 - Loss: 2.9632, Acc: 25.81%
学习率: 0.100000, 时间: 37.36s
GPU内存使用:
  GPU 1 - 已分配: 0.29GB, 已保留: 3.70GB
最佳准确率更新: 21.74% -> 25.81%
保存最佳模型到: ./checkpoints/best_model.pth

============================================================
Epoch 7/100
============================================================
Epoch: 6 [0/391] Loss: 2.7999 | Acc: 28.91% | Time: 0.0301s | GPU Mem: 0.29GB/3.70GB
Epoch: 6 [100/391] Loss: 2.8431 | Acc: 26.38% | Time: 0.0227s | GPU Mem: 0.29GB/3.70GB
Epoch: 6 [200/391] Loss: 2.9559 | Acc: 26.81% | Time: 0.0228s | GPU Mem: 0.29GB/3.70GB
Epoch: 6 [300/391] Loss: 2.7901 | Acc: 27.43% | Time: 0.0229s | GPU Mem: 0.29GB/3.70GB

训练 - Loss: 2.8167, Acc: 27.97%
测试 - Loss: 2.7377, Acc: 29.87%
学习率: 0.100000, 时间: 37.25s
GPU内存使用:
  GPU 1 - 已分配: 0.29GB, 已保留: 3.70GB
最佳准确率更新: 25.81% -> 29.87%
保存最佳模型到: ./checkpoints/best_model.pth

============================================================
Epoch 8/100
============================================================
Epoch: 7 [0/391] Loss: 2.6001 | Acc: 28.12% | Time: 0.0234s | GPU Mem: 0.29GB/3.70GB
Epoch: 7 [100/391] Loss: 2.3804 | Acc: 31.75% | Time: 0.0226s | GPU Mem: 0.29GB/3.70GB
Epoch: 7 [200/391] Loss: 2.3330 | Acc: 32.49% | Time: 0.0260s | GPU Mem: 0.29GB/3.70GB
Epoch: 7 [300/391] Loss: 2.5509 | Acc: 32.87% | Time: 0.0224s | GPU Mem: 0.29GB/3.70GB

训练 - Loss: 2.5534, Acc: 33.39%
测试 - Loss: 2.5676, Acc: 33.57%
学习率: 0.100000, 时间: 37.11s
GPU内存使用:
  GPU 1 - 已分配: 0.29GB, 已保留: 3.70GB
最佳准确率更新: 29.87% -> 33.57%
保存最佳模型到: ./checkpoints/best_model.pth

============================================================
Epoch 9/100
============================================================
Epoch: 8 [0/391] Loss: 2.2514 | Acc: 43.75% | Time: 0.0230s | GPU Mem: 0.29GB/3.70GB
Epoch: 8 [100/391] Loss: 2.6301 | Acc: 36.42% | Time: 0.0229s | GPU Mem: 0.29GB/3.70GB
Epoch: 8 [200/391] Loss: 2.4728 | Acc: 37.34% | Time: 0.0226s | GPU Mem: 0.29GB/3.70GB
Epoch: 8 [300/391] Loss: 2.2818 | Acc: 37.45% | Time: 0.0229s | GPU Mem: 0.29GB/3.70GB

训练 - Loss: 2.3414, Acc: 37.83%
测试 - Loss: 2.3364, Acc: 37.65%
学习率: 0.100000, 时间: 37.31s
GPU内存使用:
  GPU 1 - 已分配: 0.29GB, 已保留: 3.70GB
最佳准确率更新: 33.57% -> 37.65%
保存最佳模型到: ./checkpoints/best_model.pth

============================================================
Epoch 10/100
============================================================
Epoch: 9 [0/391] Loss: 2.0652 | Acc: 41.41% | Time: 0.0244s | GPU Mem: 0.29GB/3.70GB
Epoch: 9 [100/391] Loss: 2.1066 | Acc: 40.82% | Time: 0.0227s | GPU Mem: 0.29GB/3.70GB
Epoch: 9 [200/391] Loss: 2.0067 | Acc: 40.88% | Time: 0.0218s | GPU Mem: 0.29GB/3.70GB
Epoch: 9 [300/391] Loss: 2.1835 | Acc: 41.31% | Time: 0.0231s | GPU Mem: 0.29GB/3.70GB

训练 - Loss: 2.1734, Acc: 41.60%
测试 - Loss: 2.5785, Acc: 36.01%
学习率: 0.100000, 时间: 37.07s
GPU内存使用:
  GPU 1 - 已分配: 0.29GB, 已保留: 3.70GB
保存checkpoint到: ./checkpoints/checkpoint_epoch_10.pth

============================================================
Epoch 11/100
============================================================
Epoch: 10 [0/391] Loss: 1.9197 | Acc: 44.53% | Time: 0.0199s | GPU Mem: 0.29GB/3.70GB
Epoch: 10 [100/391] Loss: 2.0936 | Acc: 44.02% | Time: 0.0224s | GPU Mem: 0.29GB/3.70GB
Epoch: 10 [200/391] Loss: 2.0372 | Acc: 43.87% | Time: 0.0226s | GPU Mem: 0.29GB/3.70GB
Epoch: 10 [300/391] Loss: 1.8639 | Acc: 44.11% | Time: 0.0230s | GPU Mem: 0.29GB/3.70GB

训练 - Loss: 2.0547, Acc: 44.21%
测试 - Loss: 2.3733, Acc: 39.48%
学习率: 0.100000, 时间: 37.18s
GPU内存使用:
  GPU 1 - 已分配: 0.29GB, 已保留: 3.70GB
最佳准确率更新: 37.65% -> 39.48%
保存最佳模型到: ./checkpoints/best_model.pth

============================================================
Epoch 12/100
============================================================
Epoch: 11 [0/391] Loss: 1.7720 | Acc: 50.78% | Time: 0.0211s | GPU Mem: 0.29GB/3.70GB
Epoch: 11 [100/391] Loss: 2.2478 | Acc: 45.80% | Time: 0.0299s | GPU Mem: 0.29GB/3.70GB
Epoch: 11 [200/391] Loss: 1.8954 | Acc: 45.85% | Time: 0.0233s | GPU Mem: 0.29GB/3.70GB
Epoch: 11 [300/391] Loss: 1.9077 | Acc: 46.05% | Time: 0.0229s | GPU Mem: 0.29GB/3.70GB

训练 - Loss: 1.9695, Acc: 46.09%
测试 - Loss: 2.2331, Acc: 41.14%
学习率: 0.100000, 时间: 37.23s
GPU内存使用:
  GPU 1 - 已分配: 0.29GB, 已保留: 3.70GB
最佳准确率更新: 39.48% -> 41.14%
保存最佳模型到: ./checkpoints/best_model.pth

============================================================
Epoch 13/100
============================================================
Epoch: 12 [0/391] Loss: 2.0229 | Acc: 42.97% | Time: 0.0226s | GPU Mem: 0.29GB/3.70GB
Epoch: 12 [100/391] Loss: 1.8533 | Acc: 47.56% | Time: 0.0227s | GPU Mem: 0.29GB/3.70GB
Epoch: 12 [200/391] Loss: 1.9296 | Acc: 47.29% | Time: 0.0213s | GPU Mem: 0.29GB/3.70GB
Epoch: 12 [300/391] Loss: 1.7169 | Acc: 47.53% | Time: 0.0226s | GPU Mem: 0.29GB/3.70GB

训练 - Loss: 1.8838, Acc: 47.74%
测试 - Loss: 2.0457, Acc: 44.42%
学习率: 0.100000, 时间: 36.74s
GPU内存使用:
  GPU 1 - 已分配: 0.29GB, 已保留: 3.70GB
最佳准确率更新: 41.14% -> 44.42%
保存最佳模型到: ./checkpoints/best_model.pth

============================================================
Epoch 14/100
============================================================
Epoch: 13 [0/391] Loss: 1.9664 | Acc: 46.88% | Time: 0.0231s | GPU Mem: 0.29GB/3.70GB
Epoch: 13 [100/391] Loss: 1.8965 | Acc: 49.20% | Time: 0.0229s | GPU Mem: 0.29GB/3.70GB
Epoch: 13 [200/391] Loss: 1.4766 | Acc: 49.36% | Time: 0.0297s | GPU Mem: 0.29GB/3.70GB
Epoch: 13 [300/391] Loss: 1.8904 | Acc: 49.39% | Time: 0.0237s | GPU Mem: 0.29GB/3.70GB

训练 - Loss: 1.8168, Acc: 49.57%
测试 - Loss: 2.0848, Acc: 44.97%
学习率: 0.100000, 时间: 37.42s
GPU内存使用:
  GPU 1 - 已分配: 0.29GB, 已保留: 3.70GB
最佳准确率更新: 44.42% -> 44.97%
保存最佳模型到: ./checkpoints/best_model.pth

============================================================
Epoch 15/100
============================================================
Epoch: 14 [0/391] Loss: 1.8727 | Acc: 49.22% | Time: 0.0205s | GPU Mem: 0.29GB/3.70GB
Epoch: 14 [100/391] Loss: 1.5598 | Acc: 51.52% | Time: 0.0223s | GPU Mem: 0.29GB/3.70GB
Epoch: 14 [200/391] Loss: 1.9928 | Acc: 51.37% | Time: 0.0229s | GPU Mem: 0.29GB/3.70GB
Epoch: 14 [300/391] Loss: 1.8130 | Acc: 51.17% | Time: 0.0223s | GPU Mem: 0.29GB/3.70GB

训练 - Loss: 1.7576, Acc: 51.07%
测试 - Loss: 2.1683, Acc: 43.19%
学习率: 0.100000, 时间: 37.00s
GPU内存使用:
  GPU 1 - 已分配: 0.29GB, 已保留: 3.70GB

============================================================
Epoch 16/100
============================================================
Epoch: 15 [0/391] Loss: 1.5999 | Acc: 52.34% | Time: 0.0227s | GPU Mem: 0.29GB/3.70GB
Epoch: 15 [100/391] Loss: 1.7985 | Acc: 53.30% | Time: 0.0221s | GPU Mem: 0.29GB/3.70GB
Epoch: 15 [200/391] Loss: 1.7691 | Acc: 52.52% | Time: 0.0264s | GPU Mem: 0.29GB/3.70GB
Epoch: 15 [300/391] Loss: 1.7770 | Acc: 52.17% | Time: 0.0219s | GPU Mem: 0.29GB/3.70GB

训练 - Loss: 1.7125, Acc: 52.18%
测试 - Loss: 2.3368, Acc: 43.43%
学习率: 0.100000, 时间: 37.07s
GPU内存使用:
  GPU 1 - 已分配: 0.29GB, 已保留: 3.70GB

============================================================
Epoch 17/100
============================================================
Epoch: 16 [0/391] Loss: 1.4234 | Acc: 60.16% | Time: 0.0214s | GPU Mem: 0.29GB/3.70GB
Epoch: 16 [100/391] Loss: 1.6232 | Acc: 54.32% | Time: 0.0232s | GPU Mem: 0.29GB/3.70GB
Epoch: 16 [200/391] Loss: 1.7225 | Acc: 53.90% | Time: 0.0221s | GPU Mem: 0.29GB/3.70GB
Epoch: 16 [300/391] Loss: 1.7546 | Acc: 53.73% | Time: 0.0228s | GPU Mem: 0.29GB/3.70GB

训练 - Loss: 1.6567, Acc: 53.59%
测试 - Loss: 2.2347, Acc: 42.62%
学习率: 0.100000, 时间: 36.60s
GPU内存使用:
  GPU 1 - 已分配: 0.29GB, 已保留: 3.70GB

============================================================
Epoch 18/100
============================================================
Epoch: 17 [0/391] Loss: 1.6113 | Acc: 57.81% | Time: 0.0181s | GPU Mem: 0.29GB/3.70GB
Epoch: 17 [100/391] Loss: 1.8576 | Acc: 55.26% | Time: 0.0226s | GPU Mem: 0.29GB/3.70GB
Epoch: 17 [200/391] Loss: 1.5991 | Acc: 54.61% | Time: 0.0230s | GPU Mem: 0.29GB/3.70GB
Epoch: 17 [300/391] Loss: 1.7188 | Acc: 54.47% | Time: 0.0226s | GPU Mem: 0.29GB/3.70GB

训练 - Loss: 1.6224, Acc: 54.44%
测试 - Loss: 2.2686, Acc: 43.57%
学习率: 0.100000, 时间: 36.97s
GPU内存使用:
  GPU 1 - 已分配: 0.29GB, 已保留: 3.70GB

============================================================
Epoch 19/100
============================================================
Epoch: 18 [0/391] Loss: 1.6101 | Acc: 58.59% | Time: 0.0240s | GPU Mem: 0.29GB/3.70GB
Epoch: 18 [100/391] Loss: 1.6700 | Acc: 55.33% | Time: 0.0222s | GPU Mem: 0.29GB/3.70GB
Epoch: 18 [200/391] Loss: 1.5406 | Acc: 55.86% | Time: 0.0227s | GPU Mem: 0.29GB/3.70GB
Epoch: 18 [300/391] Loss: 1.8022 | Acc: 55.49% | Time: 0.0219s | GPU Mem: 0.29GB/3.70GB

训练 - Loss: 1.5745, Acc: 55.54%
测试 - Loss: 2.2602, Acc: 42.82%
学习率: 0.100000, 时间: 36.94s
GPU内存使用:
  GPU 1 - 已分配: 0.29GB, 已保留: 3.70GB

============================================================
Epoch 20/100
============================================================
Epoch: 19 [0/391] Loss: 1.2910 | Acc: 57.81% | Time: 0.0226s | GPU Mem: 0.29GB/3.70GB
Epoch: 19 [100/391] Loss: 1.8332 | Acc: 57.75% | Time: 0.0223s | GPU Mem: 0.29GB/3.70GB
Epoch: 19 [200/391] Loss: 1.7872 | Acc: 56.96% | Time: 0.0228s | GPU Mem: 0.29GB/3.70GB
Epoch: 19 [300/391] Loss: 1.4329 | Acc: 56.70% | Time: 0.0222s | GPU Mem: 0.29GB/3.70GB

训练 - Loss: 1.5402, Acc: 56.49%
测试 - Loss: 1.9454, Acc: 47.70%
学习率: 0.100000, 时间: 37.21s
GPU内存使用:
  GPU 1 - 已分配: 0.29GB, 已保留: 3.70GB
最佳准确率更新: 44.97% -> 47.70%
保存最佳模型到: ./checkpoints/best_model.pth
保存checkpoint到: ./checkpoints/checkpoint_epoch_20.pth

============================================================
Epoch 21/100
============================================================
Epoch: 20 [0/391] Loss: 1.6990 | Acc: 53.91% | Time: 0.0237s | GPU Mem: 0.29GB/3.70GB
Epoch: 20 [100/391] Loss: 1.5701 | Acc: 57.59% | Time: 0.0228s | GPU Mem: 0.29GB/3.70GB
Epoch: 20 [200/391] Loss: 1.5792 | Acc: 57.07% | Time: 0.0223s | GPU Mem: 0.29GB/3.70GB
Epoch: 20 [300/391] Loss: 1.3534 | Acc: 56.83% | Time: 0.0309s | GPU Mem: 0.29GB/3.70GB

训练 - Loss: 1.5155, Acc: 56.83%
测试 - Loss: 1.8584, Acc: 49.62%
学习率: 0.100000, 时间: 37.32s
GPU内存使用:
  GPU 1 - 已分配: 0.29GB, 已保留: 3.70GB
最佳准确率更新: 47.70% -> 49.62%
保存最佳模型到: ./checkpoints/best_model.pth

============================================================
Epoch 22/100
============================================================
Epoch: 21 [0/391] Loss: 1.3686 | Acc: 60.94% | Time: 0.0238s | GPU Mem: 0.29GB/3.70GB
Epoch: 21 [100/391] Loss: 1.4260 | Acc: 58.83% | Time: 0.0221s | GPU Mem: 0.29GB/3.70GB
Epoch: 21 [200/391] Loss: 1.4654 | Acc: 58.42% | Time: 0.0289s | GPU Mem: 0.29GB/3.70GB
Epoch: 21 [300/391] Loss: 1.3640 | Acc: 58.13% | Time: 0.0221s | GPU Mem: 0.29GB/3.70GB

训练 - Loss: 1.4819, Acc: 57.88%
测试 - Loss: 2.0240, Acc: 48.74%
学习率: 0.100000, 时间: 36.97s
GPU内存使用:
  GPU 1 - 已分配: 0.29GB, 已保留: 3.70GB

============================================================
Epoch 23/100
============================================================
Epoch: 22 [0/391] Loss: 1.2871 | Acc: 63.28% | Time: 0.0227s | GPU Mem: 0.29GB/3.70GB
Epoch: 22 [100/391] Loss: 1.5670 | Acc: 59.69% | Time: 0.0223s | GPU Mem: 0.29GB/3.70GB
Epoch: 22 [200/391] Loss: 1.6618 | Acc: 58.57% | Time: 0.0220s | GPU Mem: 0.29GB/3.70GB
Epoch: 22 [300/391] Loss: 1.2403 | Acc: 58.53% | Time: 0.0226s | GPU Mem: 0.29GB/3.70GB

训练 - Loss: 1.4600, Acc: 58.39%
测试 - Loss: 1.7937, Acc: 52.11%
学习率: 0.100000, 时间: 36.91s
GPU内存使用:
  GPU 1 - 已分配: 0.29GB, 已保留: 3.70GB
最佳准确率更新: 49.62% -> 52.11%
保存最佳模型到: ./checkpoints/best_model.pth

============================================================
Epoch 24/100
============================================================
Epoch: 23 [0/391] Loss: 1.3262 | Acc: 60.16% | Time: 0.0224s | GPU Mem: 0.29GB/3.70GB
Epoch: 23 [100/391] Loss: 1.1856 | Acc: 60.30% | Time: 0.0225s | GPU Mem: 0.29GB/3.70GB
Epoch: 23 [200/391] Loss: 1.6023 | Acc: 59.87% | Time: 0.0226s | GPU Mem: 0.29GB/3.70GB
Epoch: 23 [300/391] Loss: 1.3934 | Acc: 59.54% | Time: 0.0232s | GPU Mem: 0.29GB/3.70GB

训练 - Loss: 1.4271, Acc: 59.30%
测试 - Loss: 1.8658, Acc: 51.10%
学习率: 0.100000, 时间: 36.48s
GPU内存使用:
  GPU 1 - 已分配: 0.29GB, 已保留: 3.70GB

============================================================
Epoch 25/100
============================================================
Epoch: 24 [0/391] Loss: 1.2933 | Acc: 63.28% | Time: 0.0231s | GPU Mem: 0.29GB/3.70GB
Epoch: 24 [100/391] Loss: 1.3658 | Acc: 61.07% | Time: 0.0226s | GPU Mem: 0.29GB/3.70GB
Epoch: 24 [200/391] Loss: 1.4099 | Acc: 60.54% | Time: 0.0223s | GPU Mem: 0.29GB/3.70GB
Epoch: 24 [300/391] Loss: 1.3426 | Acc: 60.08% | Time: 0.0233s | GPU Mem: 0.29GB/3.70GB

训练 - Loss: 1.4100, Acc: 59.88%
测试 - Loss: 1.9962, Acc: 48.68%
学习率: 0.100000, 时间: 36.84s
GPU内存使用:
  GPU 1 - 已分配: 0.29GB, 已保留: 3.70GB

============================================================
Epoch 26/100
============================================================
Epoch: 25 [0/391] Loss: 1.2689 | Acc: 65.62% | Time: 0.0252s | GPU Mem: 0.29GB/3.70GB
Epoch: 25 [100/391] Loss: 1.2612 | Acc: 60.77% | Time: 0.0287s | GPU Mem: 0.29GB/3.70GB
Epoch: 25 [200/391] Loss: 1.4538 | Acc: 60.52% | Time: 0.0258s | GPU Mem: 0.29GB/3.70GB
Epoch: 25 [300/391] Loss: 1.5304 | Acc: 60.09% | Time: 0.0225s | GPU Mem: 0.29GB/3.70GB

训练 - Loss: 1.3967, Acc: 59.99%
测试 - Loss: 1.6763, Acc: 54.10%
学习率: 0.100000, 时间: 37.31s
GPU内存使用:
  GPU 1 - 已分配: 0.29GB, 已保留: 3.70GB
最佳准确率更新: 52.11% -> 54.10%
保存最佳模型到: ./checkpoints/best_model.pth

============================================================
Epoch 27/100
============================================================
Epoch: 26 [0/391] Loss: 1.4101 | Acc: 59.38% | Time: 0.0220s | GPU Mem: 0.29GB/3.70GB
Epoch: 26 [100/391] Loss: 1.4100 | Acc: 62.53% | Time: 0.0276s | GPU Mem: 0.29GB/3.70GB
Epoch: 26 [200/391] Loss: 1.3685 | Acc: 61.56% | Time: 0.0281s | GPU Mem: 0.29GB/3.70GB
Epoch: 26 [300/391] Loss: 1.4356 | Acc: 61.07% | Time: 0.0231s | GPU Mem: 0.29GB/3.70GB

训练 - Loss: 1.3691, Acc: 60.86%
测试 - Loss: 1.7321, Acc: 53.21%
学习率: 0.100000, 时间: 37.22s
GPU内存使用:
  GPU 1 - 已分配: 0.29GB, 已保留: 3.70GB

============================================================
Epoch 28/100
============================================================
Epoch: 27 [0/391] Loss: 1.2487 | Acc: 58.59% | Time: 0.0180s | GPU Mem: 0.29GB/3.70GB
Epoch: 27 [100/391] Loss: 1.2786 | Acc: 62.69% | Time: 0.0224s | GPU Mem: 0.29GB/3.70GB
Epoch: 27 [200/391] Loss: 1.3234 | Acc: 61.87% | Time: 0.0225s | GPU Mem: 0.29GB/3.70GB
Epoch: 27 [300/391] Loss: 1.2483 | Acc: 61.60% | Time: 0.0224s | GPU Mem: 0.29GB/3.70GB

训练 - Loss: 1.3435, Acc: 61.34%
测试 - Loss: 1.8710, Acc: 49.77%
学习率: 0.100000, 时间: 36.81s
GPU内存使用:
  GPU 1 - 已分配: 0.29GB, 已保留: 3.70GB

============================================================
Epoch 29/100
============================================================
Epoch: 28 [0/391] Loss: 1.2287 | Acc: 61.72% | Time: 0.0232s | GPU Mem: 0.29GB/3.70GB
Epoch: 28 [100/391] Loss: 1.3413 | Acc: 62.66% | Time: 0.0229s | GPU Mem: 0.29GB/3.70GB
Epoch: 28 [200/391] Loss: 1.3852 | Acc: 62.01% | Time: 0.0275s | GPU Mem: 0.29GB/3.70GB
Epoch: 28 [300/391] Loss: 1.3225 | Acc: 61.61% | Time: 0.0217s | GPU Mem: 0.29GB/3.70GB

训练 - Loss: 1.3350, Acc: 61.53%
测试 - Loss: 1.7024, Acc: 54.78%
学习率: 0.100000, 时间: 37.30s
GPU内存使用:
  GPU 1 - 已分配: 0.29GB, 已保留: 3.70GB
最佳准确率更新: 54.10% -> 54.78%
保存最佳模型到: ./checkpoints/best_model.pth

============================================================
Epoch 30/100
============================================================
Epoch: 29 [0/391] Loss: 1.3187 | Acc: 60.94% | Time: 0.0299s | GPU Mem: 0.29GB/3.70GB
Epoch: 29 [100/391] Loss: 1.4116 | Acc: 62.28% | Time: 0.0228s | GPU Mem: 0.29GB/3.70GB
Epoch: 29 [200/391] Loss: 1.2683 | Acc: 62.53% | Time: 0.0226s | GPU Mem: 0.29GB/3.70GB
Epoch: 29 [300/391] Loss: 1.3494 | Acc: 62.36% | Time: 0.0250s | GPU Mem: 0.29GB/3.70GB

训练 - Loss: 1.3271, Acc: 61.70%
测试 - Loss: 1.9150, Acc: 49.01%
学习率: 0.100000, 时间: 36.98s
GPU内存使用:
  GPU 1 - 已分配: 0.29GB, 已保留: 3.70GB
保存checkpoint到: ./checkpoints/checkpoint_epoch_30.pth

============================================================
Epoch 31/100
============================================================
Epoch: 30 [0/391] Loss: 1.2662 | Acc: 60.94% | Time: 0.0225s | GPU Mem: 0.29GB/3.70GB
Epoch: 30 [100/391] Loss: 1.0821 | Acc: 62.96% | Time: 0.0193s | GPU Mem: 0.29GB/3.70GB
Epoch: 30 [200/391] Loss: 1.2775 | Acc: 62.69% | Time: 0.0230s | GPU Mem: 0.29GB/3.70GB
Epoch: 30 [300/391] Loss: 1.4837 | Acc: 62.52% | Time: 0.0224s | GPU Mem: 0.29GB/3.70GB

训练 - Loss: 1.3133, Acc: 62.28%
测试 - Loss: 1.7266, Acc: 52.55%
学习率: 0.100000, 时间: 36.89s
GPU内存使用:
  GPU 1 - 已分配: 0.29GB, 已保留: 3.70GB

============================================================
Epoch 32/100
============================================================
Epoch: 31 [0/391] Loss: 1.1541 | Acc: 66.41% | Time: 0.0203s | GPU Mem: 0.29GB/3.70GB
Epoch: 31 [100/391] Loss: 1.1869 | Acc: 64.48% | Time: 0.0228s | GPU Mem: 0.29GB/3.70GB
Epoch: 31 [200/391] Loss: 1.2929 | Acc: 63.39% | Time: 0.0229s | GPU Mem: 0.29GB/3.70GB
Epoch: 31 [300/391] Loss: 1.4995 | Acc: 62.98% | Time: 0.0228s | GPU Mem: 0.29GB/3.70GB

训练 - Loss: 1.2939, Acc: 62.58%
测试 - Loss: 1.8094, Acc: 52.15%
学习率: 0.100000, 时间: 36.56s
GPU内存使用:
  GPU 1 - 已分配: 0.29GB, 已保留: 3.70GB

============================================================
Epoch 33/100
============================================================
Epoch: 32 [0/391] Loss: 1.2944 | Acc: 59.38% | Time: 0.0230s | GPU Mem: 0.29GB/3.70GB
Epoch: 32 [100/391] Loss: 1.4154 | Acc: 63.37% | Time: 0.0225s | GPU Mem: 0.29GB/3.70GB
Epoch: 32 [200/391] Loss: 1.5191 | Acc: 63.51% | Time: 0.0228s | GPU Mem: 0.29GB/3.70GB
Epoch: 32 [300/391] Loss: 1.5367 | Acc: 63.17% | Time: 0.0286s | GPU Mem: 0.29GB/3.70GB

训练 - Loss: 1.2817, Acc: 63.04%
测试 - Loss: 1.8319, Acc: 51.80%
学习率: 0.100000, 时间: 37.28s
GPU内存使用:
  GPU 1 - 已分配: 0.29GB, 已保留: 3.70GB

============================================================
Epoch 34/100
============================================================
Epoch: 33 [0/391] Loss: 1.0952 | Acc: 61.72% | Time: 0.0185s | GPU Mem: 0.29GB/3.70GB
Epoch: 33 [100/391] Loss: 1.2274 | Acc: 64.19% | Time: 0.0223s | GPU Mem: 0.29GB/3.70GB
Epoch: 33 [200/391] Loss: 1.3954 | Acc: 63.49% | Time: 0.0229s | GPU Mem: 0.29GB/3.70GB
Epoch: 33 [300/391] Loss: 1.2845 | Acc: 63.17% | Time: 0.0226s | GPU Mem: 0.29GB/3.70GB

训练 - Loss: 1.2835, Acc: 63.10%
测试 - Loss: 1.5183, Acc: 57.94%
学习率: 0.100000, 时间: 37.23s
GPU内存使用:
  GPU 1 - 已分配: 0.29GB, 已保留: 3.70GB
最佳准确率更新: 54.78% -> 57.94%
保存最佳模型到: ./checkpoints/best_model.pth

============================================================
Epoch 35/100
============================================================
Epoch: 34 [0/391] Loss: 1.3473 | Acc: 64.06% | Time: 0.0219s | GPU Mem: 0.29GB/3.70GB
Epoch: 34 [100/391] Loss: 1.1571 | Acc: 65.32% | Time: 0.0226s | GPU Mem: 0.29GB/3.70GB
Epoch: 34 [200/391] Loss: 1.0130 | Acc: 64.30% | Time: 0.0225s | GPU Mem: 0.29GB/3.70GB
Epoch: 34 [300/391] Loss: 1.3463 | Acc: 63.91% | Time: 0.0250s | GPU Mem: 0.29GB/3.70GB

训练 - Loss: 1.2640, Acc: 63.50%
测试 - Loss: 1.9326, Acc: 50.34%
学习率: 0.100000, 时间: 36.89s
GPU内存使用:
  GPU 1 - 已分配: 0.29GB, 已保留: 3.70GB

============================================================
Epoch 36/100
============================================================
Epoch: 35 [0/391] Loss: 1.1955 | Acc: 67.19% | Time: 0.0203s | GPU Mem: 0.29GB/3.70GB
Epoch: 35 [100/391] Loss: 1.3481 | Acc: 64.53% | Time: 0.0222s | GPU Mem: 0.29GB/3.70GB
Epoch: 35 [200/391] Loss: 1.2470 | Acc: 64.08% | Time: 0.0226s | GPU Mem: 0.29GB/3.70GB
Epoch: 35 [300/391] Loss: 1.3707 | Acc: 63.83% | Time: 0.0229s | GPU Mem: 0.29GB/3.70GB

训练 - Loss: 1.2556, Acc: 63.74%
测试 - Loss: 1.8767, Acc: 52.15%
学习率: 0.100000, 时间: 36.99s
GPU内存使用:
  GPU 1 - 已分配: 0.29GB, 已保留: 3.70GB

============================================================
Epoch 37/100
============================================================
Epoch: 36 [0/391] Loss: 1.1132 | Acc: 71.09% | Time: 0.0231s | GPU Mem: 0.29GB/3.70GB
Epoch: 36 [100/391] Loss: 1.3126 | Acc: 65.79% | Time: 0.0227s | GPU Mem: 0.29GB/3.70GB
Epoch: 36 [200/391] Loss: 1.3549 | Acc: 64.70% | Time: 0.0225s | GPU Mem: 0.29GB/3.70GB
Epoch: 36 [300/391] Loss: 1.1173 | Acc: 64.15% | Time: 0.0225s | GPU Mem: 0.29GB/3.70GB

训练 - Loss: 1.2523, Acc: 63.89%
测试 - Loss: 1.6499, Acc: 55.38%
学习率: 0.100000, 时间: 37.47s
GPU内存使用:
  GPU 1 - 已分配: 0.29GB, 已保留: 3.70GB

============================================================
Epoch 38/100
============================================================
Epoch: 37 [0/391] Loss: 0.9823 | Acc: 71.88% | Time: 0.0218s | GPU Mem: 0.29GB/3.70GB
Epoch: 37 [100/391] Loss: 1.2613 | Acc: 65.99% | Time: 0.0216s | GPU Mem: 0.29GB/3.70GB
Epoch: 37 [200/391] Loss: 1.0532 | Acc: 65.02% | Time: 0.0223s | GPU Mem: 0.29GB/3.70GB
Epoch: 37 [300/391] Loss: 1.1341 | Acc: 64.53% | Time: 0.0227s | GPU Mem: 0.29GB/3.70GB

训练 - Loss: 1.2325, Acc: 64.27%
测试 - Loss: 1.7214, Acc: 54.71%
学习率: 0.100000, 时间: 37.13s
GPU内存使用:
  GPU 1 - 已分配: 0.29GB, 已保留: 3.70GB

============================================================
Epoch 39/100
============================================================
Epoch: 38 [0/391] Loss: 1.0452 | Acc: 66.41% | Time: 0.0201s | GPU Mem: 0.29GB/3.70GB
Epoch: 38 [100/391] Loss: 1.4240 | Acc: 66.01% | Time: 0.0223s | GPU Mem: 0.29GB/3.70GB
Epoch: 38 [200/391] Loss: 1.3045 | Acc: 65.05% | Time: 0.0222s | GPU Mem: 0.29GB/3.70GB
Epoch: 38 [300/391] Loss: 1.4311 | Acc: 64.50% | Time: 0.0238s | GPU Mem: 0.29GB/3.70GB

训练 - Loss: 1.2331, Acc: 64.09%
测试 - Loss: 1.8309, Acc: 50.96%
学习率: 0.100000, 时间: 36.88s
GPU内存使用:
  GPU 1 - 已分配: 0.29GB, 已保留: 3.70GB

============================================================
Epoch 40/100
============================================================
Epoch: 39 [0/391] Loss: 1.2144 | Acc: 66.41% | Time: 0.0208s | GPU Mem: 0.29GB/3.70GB
Epoch: 39 [100/391] Loss: 1.3563 | Acc: 65.39% | Time: 0.0226s | GPU Mem: 0.29GB/3.70GB
Epoch: 39 [200/391] Loss: 1.2583 | Acc: 64.97% | Time: 0.0245s | GPU Mem: 0.29GB/3.70GB
Epoch: 39 [300/391] Loss: 1.3391 | Acc: 64.43% | Time: 0.0232s | GPU Mem: 0.29GB/3.70GB

训练 - Loss: 1.2257, Acc: 64.28%
测试 - Loss: 1.9585, Acc: 50.54%
学习率: 0.100000, 时间: 37.06s
GPU内存使用:
  GPU 1 - 已分配: 0.29GB, 已保留: 3.70GB
保存checkpoint到: ./checkpoints/checkpoint_epoch_40.pth

============================================================
Epoch 41/100
============================================================
Epoch: 40 [0/391] Loss: 1.5024 | Acc: 58.59% | Time: 0.0193s | GPU Mem: 0.29GB/3.70GB
Epoch: 40 [100/391] Loss: 1.3500 | Acc: 66.27% | Time: 0.0284s | GPU Mem: 0.29GB/3.70GB
Epoch: 40 [200/391] Loss: 1.2551 | Acc: 65.81% | Time: 0.0221s | GPU Mem: 0.29GB/3.70GB
Epoch: 40 [300/391] Loss: 1.3244 | Acc: 65.30% | Time: 0.0225s | GPU Mem: 0.29GB/3.70GB

训练 - Loss: 1.2114, Acc: 64.91%
测试 - Loss: 2.0633, Acc: 48.50%
学习率: 0.100000, 时间: 36.98s
GPU内存使用:
  GPU 1 - 已分配: 0.29GB, 已保留: 3.70GB

============================================================
Epoch 42/100
============================================================
Epoch: 41 [0/391] Loss: 1.1982 | Acc: 68.75% | Time: 0.0201s | GPU Mem: 0.29GB/3.70GB
Epoch: 41 [100/391] Loss: 1.3384 | Acc: 66.21% | Time: 0.0228s | GPU Mem: 0.29GB/3.70GB
Epoch: 41 [200/391] Loss: 1.2316 | Acc: 65.64% | Time: 0.0223s | GPU Mem: 0.29GB/3.70GB
Epoch: 41 [300/391] Loss: 1.3429 | Acc: 65.05% | Time: 0.0225s | GPU Mem: 0.29GB/3.70GB

训练 - Loss: 1.2108, Acc: 64.95%
测试 - Loss: 1.8120, Acc: 53.52%
学习率: 0.100000, 时间: 37.21s
GPU内存使用:
  GPU 1 - 已分配: 0.29GB, 已保留: 3.70GB

============================================================
Epoch 43/100
============================================================
Epoch: 42 [0/391] Loss: 0.9927 | Acc: 72.66% | Time: 0.0221s | GPU Mem: 0.29GB/3.70GB
Epoch: 42 [100/391] Loss: 1.1172 | Acc: 66.40% | Time: 0.0205s | GPU Mem: 0.29GB/3.70GB
Epoch: 42 [200/391] Loss: 1.1276 | Acc: 65.24% | Time: 0.0241s | GPU Mem: 0.29GB/3.70GB
Epoch: 42 [300/391] Loss: 1.2575 | Acc: 65.18% | Time: 0.0224s | GPU Mem: 0.29GB/3.70GB

训练 - Loss: 1.2054, Acc: 65.05%
测试 - Loss: 1.7079, Acc: 55.28%
学习率: 0.100000, 时间: 37.22s
GPU内存使用:
  GPU 1 - 已分配: 0.29GB, 已保留: 3.70GB

============================================================
Epoch 44/100
============================================================
Epoch: 43 [0/391] Loss: 1.1214 | Acc: 69.53% | Time: 0.0209s | GPU Mem: 0.29GB/3.70GB
Epoch: 43 [100/391] Loss: 1.1367 | Acc: 66.92% | Time: 0.0223s | GPU Mem: 0.29GB/3.70GB
Epoch: 43 [200/391] Loss: 1.0805 | Acc: 66.22% | Time: 0.0225s | GPU Mem: 0.29GB/3.70GB
Epoch: 43 [300/391] Loss: 1.1697 | Acc: 65.83% | Time: 0.0226s | GPU Mem: 0.29GB/3.70GB

训练 - Loss: 1.1948, Acc: 65.43%
测试 - Loss: 1.7441, Acc: 52.93%
学习率: 0.100000, 时间: 37.04s
GPU内存使用:
  GPU 1 - 已分配: 0.29GB, 已保留: 3.70GB

============================================================
Epoch 45/100
============================================================
Epoch: 44 [0/391] Loss: 1.2406 | Acc: 62.50% | Time: 0.0229s | GPU Mem: 0.29GB/3.70GB
Epoch: 44 [100/391] Loss: 1.1170 | Acc: 67.89% | Time: 0.0224s | GPU Mem: 0.29GB/3.70GB
Epoch: 44 [200/391] Loss: 1.2607 | Acc: 66.53% | Time: 0.0230s | GPU Mem: 0.29GB/3.70GB
Epoch: 44 [300/391] Loss: 1.3338 | Acc: 66.05% | Time: 0.0287s | GPU Mem: 0.29GB/3.70GB

训练 - Loss: 1.1833, Acc: 65.74%
测试 - Loss: 1.6857, Acc: 54.85%
学习率: 0.100000, 时间: 37.21s
GPU内存使用:
  GPU 1 - 已分配: 0.29GB, 已保留: 3.70GB

============================================================
Epoch 46/100
============================================================
Epoch: 45 [0/391] Loss: 1.0443 | Acc: 69.53% | Time: 0.0205s | GPU Mem: 0.29GB/3.70GB
Epoch: 45 [100/391] Loss: 1.0191 | Acc: 67.26% | Time: 0.0291s | GPU Mem: 0.29GB/3.70GB
Epoch: 45 [200/391] Loss: 1.4249 | Acc: 66.39% | Time: 0.0243s | GPU Mem: 0.29GB/3.70GB
Epoch: 45 [300/391] Loss: 1.3583 | Acc: 65.80% | Time: 0.0224s | GPU Mem: 0.29GB/3.70GB

训练 - Loss: 1.1902, Acc: 65.44%
测试 - Loss: 1.8557, Acc: 51.74%
学习率: 0.100000, 时间: 37.09s
GPU内存使用:
  GPU 1 - 已分配: 0.29GB, 已保留: 3.70GB

============================================================
Epoch 47/100
============================================================
Epoch: 46 [0/391] Loss: 0.9027 | Acc: 72.66% | Time: 0.0230s | GPU Mem: 0.29GB/3.70GB
Epoch: 46 [100/391] Loss: 1.2545 | Acc: 66.41% | Time: 0.0227s | GPU Mem: 0.29GB/3.70GB
Epoch: 46 [200/391] Loss: 0.9021 | Acc: 66.33% | Time: 0.0225s | GPU Mem: 0.29GB/3.70GB
Epoch: 46 [300/391] Loss: 0.9955 | Acc: 66.21% | Time: 0.0228s | GPU Mem: 0.29GB/3.70GB

训练 - Loss: 1.1777, Acc: 65.82%
测试 - Loss: 1.6339, Acc: 56.31%
学习率: 0.100000, 时间: 37.19s
GPU内存使用:
  GPU 1 - 已分配: 0.29GB, 已保留: 3.70GB

============================================================
Epoch 48/100
============================================================
Epoch: 47 [0/391] Loss: 0.8216 | Acc: 75.78% | Time: 0.0225s | GPU Mem: 0.29GB/3.70GB
Epoch: 47 [100/391] Loss: 1.4220 | Acc: 67.47% | Time: 0.0225s | GPU Mem: 0.29GB/3.70GB
Epoch: 47 [200/391] Loss: 1.1164 | Acc: 66.71% | Time: 0.0226s | GPU Mem: 0.29GB/3.70GB
Epoch: 47 [300/391] Loss: 1.0247 | Acc: 66.10% | Time: 0.0278s | GPU Mem: 0.29GB/3.70GB

训练 - Loss: 1.1736, Acc: 65.89%
测试 - Loss: 1.6451, Acc: 56.10%
学习率: 0.100000, 时间: 37.19s
GPU内存使用:
  GPU 1 - 已分配: 0.29GB, 已保留: 3.70GB

============================================================
Epoch 49/100
============================================================
Epoch: 48 [0/391] Loss: 1.3239 | Acc: 60.16% | Time: 0.0204s | GPU Mem: 0.29GB/3.70GB
Epoch: 48 [100/391] Loss: 0.9936 | Acc: 67.25% | Time: 0.0227s | GPU Mem: 0.29GB/3.70GB
Epoch: 48 [200/391] Loss: 1.2945 | Acc: 66.79% | Time: 0.0226s | GPU Mem: 0.29GB/3.70GB
Epoch: 48 [300/391] Loss: 1.2511 | Acc: 66.41% | Time: 0.0228s | GPU Mem: 0.29GB/3.70GB

训练 - Loss: 1.1677, Acc: 66.09%
测试 - Loss: 1.6922, Acc: 55.14%
学习率: 0.100000, 时间: 37.17s
GPU内存使用:
  GPU 1 - 已分配: 0.29GB, 已保留: 3.70GB

============================================================
Epoch 50/100
============================================================
Epoch: 49 [0/391] Loss: 1.2241 | Acc: 61.72% | Time: 0.0202s | GPU Mem: 0.29GB/3.70GB
Epoch: 49 [100/391] Loss: 1.2727 | Acc: 67.78% | Time: 0.0215s | GPU Mem: 0.29GB/3.70GB
Epoch: 49 [200/391] Loss: 1.3175 | Acc: 66.99% | Time: 0.0224s | GPU Mem: 0.29GB/3.70GB
Epoch: 49 [300/391] Loss: 1.4454 | Acc: 66.61% | Time: 0.0227s | GPU Mem: 0.29GB/3.70GB

训练 - Loss: 1.1587, Acc: 66.33%
测试 - Loss: 1.6025, Acc: 57.42%
学习率: 0.010000, 时间: 36.64s
GPU内存使用:
  GPU 1 - 已分配: 0.29GB, 已保留: 3.70GB
保存checkpoint到: ./checkpoints/checkpoint_epoch_50.pth

============================================================
Epoch 51/100
============================================================
Epoch: 50 [0/391] Loss: 1.1844 | Acc: 67.97% | Time: 0.0231s | GPU Mem: 0.29GB/3.70GB
Epoch: 50 [100/391] Loss: 0.7469 | Acc: 75.34% | Time: 0.0229s | GPU Mem: 0.29GB/3.70GB
Epoch: 50 [200/391] Loss: 0.5851 | Acc: 77.40% | Time: 0.0206s | GPU Mem: 0.29GB/3.70GB
Epoch: 50 [300/391] Loss: 0.7425 | Acc: 78.55% | Time: 0.0272s | GPU Mem: 0.29GB/3.70GB

训练 - Loss: 0.7116, Acc: 79.21%
测试 - Loss: 0.9363, Acc: 72.37%
学习率: 0.010000, 时间: 36.80s
GPU内存使用:
  GPU 1 - 已分配: 0.29GB, 已保留: 3.70GB
最佳准确率更新: 57.94% -> 72.37%
保存最佳模型到: ./checkpoints/best_model.pth

============================================================
Epoch 52/100
============================================================
Epoch: 51 [0/391] Loss: 0.8761 | Acc: 74.22% | Time: 0.0221s | GPU Mem: 0.29GB/3.70GB
Epoch: 51 [100/391] Loss: 0.4795 | Acc: 83.12% | Time: 0.0232s | GPU Mem: 0.29GB/3.70GB
Epoch: 51 [200/391] Loss: 0.6092 | Acc: 83.18% | Time: 0.0224s | GPU Mem: 0.29GB/3.70GB
Epoch: 51 [300/391] Loss: 0.6601 | Acc: 83.32% | Time: 0.0224s | GPU Mem: 0.29GB/3.70GB

训练 - Loss: 0.5509, Acc: 83.48%
测试 - Loss: 0.9062, Acc: 73.87%
学习率: 0.010000, 时间: 37.25s
GPU内存使用:
  GPU 1 - 已分配: 0.29GB, 已保留: 3.70GB
最佳准确率更新: 72.37% -> 73.87%
保存最佳模型到: ./checkpoints/best_model.pth

============================================================
Epoch 53/100
============================================================
Epoch: 52 [0/391] Loss: 0.3101 | Acc: 93.75% | Time: 0.0233s | GPU Mem: 0.29GB/3.70GB
Epoch: 52 [100/391] Loss: 0.5384 | Acc: 85.16% | Time: 0.0227s | GPU Mem: 0.29GB/3.70GB
Epoch: 52 [200/391] Loss: 0.4884 | Acc: 85.20% | Time: 0.0249s | GPU Mem: 0.29GB/3.70GB
Epoch: 52 [300/391] Loss: 0.4896 | Acc: 84.97% | Time: 0.0215s | GPU Mem: 0.29GB/3.70GB

训练 - Loss: 0.4900, Acc: 85.16%
测试 - Loss: 0.9163, Acc: 73.35%
学习率: 0.010000, 时间: 37.17s
GPU内存使用:
  GPU 1 - 已分配: 0.29GB, 已保留: 3.70GB

============================================================
Epoch 54/100
============================================================
Epoch: 53 [0/391] Loss: 0.3873 | Acc: 85.94% | Time: 0.0205s | GPU Mem: 0.29GB/3.70GB
Epoch: 53 [100/391] Loss: 0.3913 | Acc: 87.67% | Time: 0.0223s | GPU Mem: 0.29GB/3.70GB
Epoch: 53 [200/391] Loss: 0.4113 | Acc: 86.94% | Time: 0.0227s | GPU Mem: 0.29GB/3.70GB
Epoch: 53 [300/391] Loss: 0.5963 | Acc: 86.77% | Time: 0.0270s | GPU Mem: 0.29GB/3.70GB

训练 - Loss: 0.4411, Acc: 86.72%
测试 - Loss: 0.9089, Acc: 73.84%
学习率: 0.010000, 时间: 36.80s
GPU内存使用:
  GPU 1 - 已分配: 0.29GB, 已保留: 3.70GB

============================================================
Epoch 55/100
============================================================
Epoch: 54 [0/391] Loss: 0.4833 | Acc: 85.16% | Time: 0.0209s | GPU Mem: 0.29GB/3.70GB
Epoch: 54 [100/391] Loss: 0.3589 | Acc: 88.33% | Time: 0.0245s | GPU Mem: 0.29GB/3.70GB
Epoch: 54 [200/391] Loss: 0.4226 | Acc: 88.16% | Time: 0.0226s | GPU Mem: 0.29GB/3.70GB
Epoch: 54 [300/391] Loss: 0.4715 | Acc: 87.97% | Time: 0.0225s | GPU Mem: 0.29GB/3.70GB

训练 - Loss: 0.4000, Acc: 87.84%
测试 - Loss: 0.9290, Acc: 73.95%
学习率: 0.010000, 时间: 37.14s
GPU内存使用:
  GPU 1 - 已分配: 0.29GB, 已保留: 3.70GB
最佳准确率更新: 73.87% -> 73.95%
保存最佳模型到: ./checkpoints/best_model.pth

============================================================
Epoch 56/100
============================================================
Epoch: 55 [0/391] Loss: 0.3451 | Acc: 92.19% | Time: 0.0192s | GPU Mem: 0.29GB/3.70GB
Epoch: 55 [100/391] Loss: 0.3848 | Acc: 89.43% | Time: 0.0225s | GPU Mem: 0.29GB/3.70GB
Epoch: 55 [200/391] Loss: 0.4599 | Acc: 89.21% | Time: 0.0231s | GPU Mem: 0.29GB/3.70GB
Epoch: 55 [300/391] Loss: 0.3631 | Acc: 89.14% | Time: 0.0239s | GPU Mem: 0.29GB/3.70GB

训练 - Loss: 0.3661, Acc: 88.96%
测试 - Loss: 0.9197, Acc: 74.19%
学习率: 0.010000, 时间: 36.70s
GPU内存使用:
  GPU 1 - 已分配: 0.29GB, 已保留: 3.70GB
最佳准确率更新: 73.95% -> 74.19%
保存最佳模型到: ./checkpoints/best_model.pth

============================================================
Epoch 57/100
============================================================
Epoch: 56 [0/391] Loss: 0.3871 | Acc: 88.28% | Time: 0.0232s | GPU Mem: 0.29GB/3.70GB
Epoch: 56 [100/391] Loss: 0.2163 | Acc: 90.63% | Time: 0.0216s | GPU Mem: 0.29GB/3.70GB
Epoch: 56 [200/391] Loss: 0.3153 | Acc: 90.21% | Time: 0.0243s | GPU Mem: 0.29GB/3.70GB
Epoch: 56 [300/391] Loss: 0.3156 | Acc: 90.03% | Time: 0.0229s | GPU Mem: 0.29GB/3.70GB

训练 - Loss: 0.3335, Acc: 89.85%
测试 - Loss: 0.9313, Acc: 74.37%
学习率: 0.010000, 时间: 37.19s
GPU内存使用:
  GPU 1 - 已分配: 0.29GB, 已保留: 3.70GB
最佳准确率更新: 74.19% -> 74.37%
保存最佳模型到: ./checkpoints/best_model.pth

============================================================
Epoch 58/100
============================================================
Epoch: 57 [0/391] Loss: 0.2729 | Acc: 92.19% | Time: 0.0244s | GPU Mem: 0.29GB/3.70GB
Epoch: 57 [100/391] Loss: 0.2950 | Acc: 91.49% | Time: 0.0235s | GPU Mem: 0.29GB/3.70GB
Epoch: 57 [200/391] Loss: 0.2511 | Acc: 91.16% | Time: 0.0229s | GPU Mem: 0.29GB/3.70GB
Epoch: 57 [300/391] Loss: 0.2480 | Acc: 90.98% | Time: 0.0225s | GPU Mem: 0.29GB/3.70GB

训练 - Loss: 0.3043, Acc: 90.75%
测试 - Loss: 0.9646, Acc: 74.12%
学习率: 0.010000, 时间: 37.44s
GPU内存使用:
  GPU 1 - 已分配: 0.29GB, 已保留: 3.70GB

============================================================
Epoch 59/100
============================================================
Epoch: 58 [0/391] Loss: 0.2689 | Acc: 92.19% | Time: 0.0228s | GPU Mem: 0.29GB/3.70GB
Epoch: 58 [100/391] Loss: 0.3511 | Acc: 92.49% | Time: 0.0225s | GPU Mem: 0.29GB/3.70GB
Epoch: 58 [200/391] Loss: 0.2456 | Acc: 92.09% | Time: 0.0227s | GPU Mem: 0.29GB/3.70GB
Epoch: 58 [300/391] Loss: 0.3125 | Acc: 91.78% | Time: 0.0240s | GPU Mem: 0.29GB/3.70GB

训练 - Loss: 0.2804, Acc: 91.58%
测试 - Loss: 0.9874, Acc: 73.95%
学习率: 0.010000, 时间: 37.20s
GPU内存使用:
  GPU 1 - 已分配: 0.29GB, 已保留: 3.70GB

============================================================
Epoch 60/100
============================================================
Epoch: 59 [0/391] Loss: 0.2386 | Acc: 92.97% | Time: 0.0232s | GPU Mem: 0.29GB/3.70GB
Epoch: 59 [100/391] Loss: 0.2649 | Acc: 93.00% | Time: 0.0227s | GPU Mem: 0.29GB/3.70GB
Epoch: 59 [200/391] Loss: 0.1712 | Acc: 92.69% | Time: 0.0224s | GPU Mem: 0.29GB/3.70GB
Epoch: 59 [300/391] Loss: 0.1309 | Acc: 92.26% | Time: 0.0220s | GPU Mem: 0.29GB/3.70GB

训练 - Loss: 0.2575, Acc: 92.10%
测试 - Loss: 1.0005, Acc: 73.21%
学习率: 0.010000, 时间: 37.12s
GPU内存使用:
  GPU 1 - 已分配: 0.29GB, 已保留: 3.70GB
保存checkpoint到: ./checkpoints/checkpoint_epoch_60.pth

============================================================
Epoch 61/100
============================================================
Epoch: 60 [0/391] Loss: 0.2136 | Acc: 92.97% | Time: 0.0204s | GPU Mem: 0.29GB/3.70GB
Epoch: 60 [100/391] Loss: 0.2692 | Acc: 93.39% | Time: 0.0229s | GPU Mem: 0.29GB/3.70GB
Epoch: 60 [200/391] Loss: 0.2097 | Acc: 93.15% | Time: 0.0223s | GPU Mem: 0.29GB/3.70GB
Epoch: 60 [300/391] Loss: 0.2275 | Acc: 92.99% | Time: 0.0215s | GPU Mem: 0.29GB/3.70GB

训练 - Loss: 0.2401, Acc: 92.77%
测试 - Loss: 1.0099, Acc: 73.73%
学习率: 0.010000, 时间: 37.16s
GPU内存使用:
  GPU 1 - 已分配: 0.29GB, 已保留: 3.70GB

============================================================
Epoch 62/100
============================================================
Epoch: 61 [0/391] Loss: 0.2577 | Acc: 92.19% | Time: 0.0205s | GPU Mem: 0.29GB/3.70GB
Epoch: 61 [100/391] Loss: 0.2037 | Acc: 93.73% | Time: 0.0275s | GPU Mem: 0.29GB/3.70GB
Epoch: 61 [200/391] Loss: 0.2510 | Acc: 93.66% | Time: 0.0225s | GPU Mem: 0.29GB/3.70GB
Epoch: 61 [300/391] Loss: 0.2683 | Acc: 93.47% | Time: 0.0223s | GPU Mem: 0.29GB/3.70GB

训练 - Loss: 0.2259, Acc: 93.26%
测试 - Loss: 1.0637, Acc: 72.89%
学习率: 0.010000, 时间: 37.03s
GPU内存使用:
  GPU 1 - 已分配: 0.29GB, 已保留: 3.70GB

============================================================
Epoch 63/100
============================================================
Epoch: 62 [0/391] Loss: 0.1588 | Acc: 95.31% | Time: 0.0201s | GPU Mem: 0.29GB/3.70GB
Epoch: 62 [100/391] Loss: 0.1545 | Acc: 94.30% | Time: 0.0242s | GPU Mem: 0.29GB/3.70GB
Epoch: 62 [200/391] Loss: 0.2096 | Acc: 94.15% | Time: 0.0276s | GPU Mem: 0.29GB/3.70GB
Epoch: 62 [300/391] Loss: 0.2240 | Acc: 93.92% | Time: 0.0223s | GPU Mem: 0.29GB/3.70GB

训练 - Loss: 0.2090, Acc: 93.75%
测试 - Loss: 1.0250, Acc: 73.67%
学习率: 0.010000, 时间: 36.98s
GPU内存使用:
  GPU 1 - 已分配: 0.29GB, 已保留: 3.70GB

============================================================
Epoch 64/100
============================================================
Epoch: 63 [0/391] Loss: 0.1848 | Acc: 95.31% | Time: 0.0211s | GPU Mem: 0.29GB/3.70GB
Epoch: 63 [100/391] Loss: 0.1877 | Acc: 94.98% | Time: 0.0217s | GPU Mem: 0.29GB/3.70GB
Epoch: 63 [200/391] Loss: 0.1402 | Acc: 94.61% | Time: 0.0227s | GPU Mem: 0.29GB/3.70GB
Epoch: 63 [300/391] Loss: 0.3076 | Acc: 94.51% | Time: 0.0227s | GPU Mem: 0.29GB/3.70GB

训练 - Loss: 0.1941, Acc: 94.33%
测试 - Loss: 1.0451, Acc: 73.19%
学习率: 0.010000, 时间: 37.27s
GPU内存使用:
  GPU 1 - 已分配: 0.29GB, 已保留: 3.70GB

============================================================
Epoch 65/100
============================================================
Epoch: 64 [0/391] Loss: 0.1802 | Acc: 90.62% | Time: 0.0233s | GPU Mem: 0.29GB/3.70GB
Epoch: 64 [100/391] Loss: 0.1534 | Acc: 95.00% | Time: 0.0229s | GPU Mem: 0.29GB/3.70GB
Epoch: 64 [200/391] Loss: 0.2286 | Acc: 94.85% | Time: 0.0224s | GPU Mem: 0.29GB/3.70GB
Epoch: 64 [300/391] Loss: 0.1334 | Acc: 94.73% | Time: 0.0224s | GPU Mem: 0.29GB/3.70GB

训练 - Loss: 0.1869, Acc: 94.45%
测试 - Loss: 1.0762, Acc: 73.13%
学习率: 0.010000, 时间: 37.02s
GPU内存使用:
  GPU 1 - 已分配: 0.29GB, 已保留: 3.70GB

============================================================
Epoch 66/100
============================================================
Epoch: 65 [0/391] Loss: 0.1939 | Acc: 94.53% | Time: 0.0206s | GPU Mem: 0.29GB/3.70GB
Epoch: 65 [100/391] Loss: 0.1391 | Acc: 95.46% | Time: 0.0216s | GPU Mem: 0.29GB/3.70GB
Epoch: 65 [200/391] Loss: 0.2008 | Acc: 95.28% | Time: 0.0289s | GPU Mem: 0.29GB/3.70GB
Epoch: 65 [300/391] Loss: 0.1776 | Acc: 95.00% | Time: 0.0225s | GPU Mem: 0.29GB/3.70GB

训练 - Loss: 0.1744, Acc: 94.85%
测试 - Loss: 1.0772, Acc: 73.40%
学习率: 0.010000, 时间: 36.83s
GPU内存使用:
  GPU 1 - 已分配: 0.29GB, 已保留: 3.70GB

============================================================
Epoch 67/100
============================================================
Epoch: 66 [0/391] Loss: 0.1048 | Acc: 96.88% | Time: 0.0226s | GPU Mem: 0.29GB/3.70GB
Epoch: 66 [100/391] Loss: 0.1611 | Acc: 95.66% | Time: 0.0223s | GPU Mem: 0.29GB/3.70GB
Epoch: 66 [200/391] Loss: 0.1131 | Acc: 95.47% | Time: 0.0228s | GPU Mem: 0.29GB/3.70GB
Epoch: 66 [300/391] Loss: 0.1674 | Acc: 95.20% | Time: 0.0234s | GPU Mem: 0.29GB/3.70GB

训练 - Loss: 0.1702, Acc: 95.01%
测试 - Loss: 1.1204, Acc: 73.17%
学习率: 0.010000, 时间: 37.00s
GPU内存使用:
  GPU 1 - 已分配: 0.29GB, 已保留: 3.70GB

============================================================
Epoch 68/100
============================================================
Epoch: 67 [0/391] Loss: 0.1044 | Acc: 96.88% | Time: 0.0196s | GPU Mem: 0.29GB/3.70GB
Epoch: 67 [100/391] Loss: 0.1849 | Acc: 95.85% | Time: 0.0280s | GPU Mem: 0.29GB/3.70GB
Epoch: 67 [200/391] Loss: 0.1205 | Acc: 95.53% | Time: 0.0255s | GPU Mem: 0.29GB/3.70GB
Epoch: 67 [300/391] Loss: 0.2369 | Acc: 95.32% | Time: 0.0225s | GPU Mem: 0.29GB/3.70GB

训练 - Loss: 0.1669, Acc: 95.02%
测试 - Loss: 1.1332, Acc: 72.49%
学习率: 0.010000, 时间: 37.19s
GPU内存使用:
  GPU 1 - 已分配: 0.29GB, 已保留: 3.70GB

============================================================
Epoch 69/100
============================================================
Epoch: 68 [0/391] Loss: 0.1345 | Acc: 97.66% | Time: 0.0206s | GPU Mem: 0.29GB/3.70GB
Epoch: 68 [100/391] Loss: 0.1282 | Acc: 95.93% | Time: 0.0227s | GPU Mem: 0.29GB/3.70GB
Epoch: 68 [200/391] Loss: 0.2028 | Acc: 95.81% | Time: 0.0227s | GPU Mem: 0.29GB/3.70GB
Epoch: 68 [300/391] Loss: 0.1315 | Acc: 95.71% | Time: 0.0221s | GPU Mem: 0.29GB/3.70GB

训练 - Loss: 0.1578, Acc: 95.48%
测试 - Loss: 1.1456, Acc: 72.44%
学习率: 0.010000, 时间: 37.43s
GPU内存使用:
  GPU 1 - 已分配: 0.29GB, 已保留: 3.70GB

============================================================
Epoch 70/100
============================================================
Epoch: 69 [0/391] Loss: 0.1915 | Acc: 93.75% | Time: 0.0219s | GPU Mem: 0.29GB/3.70GB
Epoch: 69 [100/391] Loss: 0.1273 | Acc: 96.10% | Time: 0.0291s | GPU Mem: 0.29GB/3.70GB
Epoch: 69 [200/391] Loss: 0.0940 | Acc: 95.89% | Time: 0.0278s | GPU Mem: 0.29GB/3.70GB
Epoch: 69 [300/391] Loss: 0.2994 | Acc: 95.55% | Time: 0.0234s | GPU Mem: 0.29GB/3.70GB

训练 - Loss: 0.1587, Acc: 95.39%
测试 - Loss: 1.1467, Acc: 72.49%
学习率: 0.010000, 时间: 37.33s
GPU内存使用:
  GPU 1 - 已分配: 0.29GB, 已保留: 3.70GB
保存checkpoint到: ./checkpoints/checkpoint_epoch_70.pth

============================================================
Epoch 71/100
============================================================
Epoch: 70 [0/391] Loss: 0.1307 | Acc: 96.09% | Time: 0.0238s | GPU Mem: 0.29GB/3.70GB
Epoch: 70 [100/391] Loss: 0.1365 | Acc: 96.33% | Time: 0.0321s | GPU Mem: 0.29GB/3.70GB
Epoch: 70 [200/391] Loss: 0.0830 | Acc: 96.09% | Time: 0.0225s | GPU Mem: 0.29GB/3.70GB
Epoch: 70 [300/391] Loss: 0.1381 | Acc: 95.75% | Time: 0.0225s | GPU Mem: 0.29GB/3.70GB

训练 - Loss: 0.1548, Acc: 95.55%
测试 - Loss: 1.1601, Acc: 72.54%
学习率: 0.010000, 时间: 36.76s
GPU内存使用:
  GPU 1 - 已分配: 0.29GB, 已保留: 3.70GB

============================================================
Epoch 72/100
============================================================
Epoch: 71 [0/391] Loss: 0.2006 | Acc: 92.97% | Time: 0.0207s | GPU Mem: 0.29GB/3.70GB
Epoch: 71 [100/391] Loss: 0.0872 | Acc: 96.40% | Time: 0.0223s | GPU Mem: 0.29GB/3.70GB
Epoch: 71 [200/391] Loss: 0.1314 | Acc: 96.21% | Time: 0.0213s | GPU Mem: 0.29GB/3.70GB
Epoch: 71 [300/391] Loss: 0.1449 | Acc: 95.97% | Time: 0.0222s | GPU Mem: 0.29GB/3.70GB

训练 - Loss: 0.1519, Acc: 95.65%
测试 - Loss: 1.1698, Acc: 72.34%
学习率: 0.010000, 时间: 36.94s
GPU内存使用:
  GPU 1 - 已分配: 0.29GB, 已保留: 3.70GB

============================================================
Epoch 73/100
============================================================
Epoch: 72 [0/391] Loss: 0.1158 | Acc: 96.09% | Time: 0.0280s | GPU Mem: 0.29GB/3.70GB
Epoch: 72 [100/391] Loss: 0.1208 | Acc: 96.11% | Time: 0.0224s | GPU Mem: 0.29GB/3.70GB
Epoch: 72 [200/391] Loss: 0.1927 | Acc: 96.13% | Time: 0.0224s | GPU Mem: 0.29GB/3.70GB
Epoch: 72 [300/391] Loss: 0.1804 | Acc: 95.78% | Time: 0.0269s | GPU Mem: 0.29GB/3.70GB

训练 - Loss: 0.1527, Acc: 95.56%
测试 - Loss: 1.1693, Acc: 71.60%
学习率: 0.010000, 时间: 37.28s
GPU内存使用:
  GPU 1 - 已分配: 0.29GB, 已保留: 3.70GB

============================================================
Epoch 74/100
============================================================
Epoch: 73 [0/391] Loss: 0.0895 | Acc: 97.66% | Time: 0.0229s | GPU Mem: 0.29GB/3.70GB
Epoch: 73 [100/391] Loss: 0.1162 | Acc: 96.16% | Time: 0.0225s | GPU Mem: 0.29GB/3.70GB
Epoch: 73 [200/391] Loss: 0.1032 | Acc: 96.00% | Time: 0.0239s | GPU Mem: 0.29GB/3.70GB
Epoch: 73 [300/391] Loss: 0.1369 | Acc: 95.83% | Time: 0.0228s | GPU Mem: 0.29GB/3.70GB

训练 - Loss: 0.1474, Acc: 95.73%
测试 - Loss: 1.1668, Acc: 71.80%
学习率: 0.010000, 时间: 37.33s
GPU内存使用:
  GPU 1 - 已分配: 0.29GB, 已保留: 3.70GB

============================================================
Epoch 75/100
============================================================
Epoch: 74 [0/391] Loss: 0.0961 | Acc: 96.88% | Time: 0.0251s | GPU Mem: 0.29GB/3.70GB
Epoch: 74 [100/391] Loss: 0.1764 | Acc: 95.81% | Time: 0.0213s | GPU Mem: 0.29GB/3.70GB
Epoch: 74 [200/391] Loss: 0.1176 | Acc: 95.86% | Time: 0.0225s | GPU Mem: 0.29GB/3.70GB
Epoch: 74 [300/391] Loss: 0.1188 | Acc: 95.77% | Time: 0.0218s | GPU Mem: 0.29GB/3.70GB

训练 - Loss: 0.1513, Acc: 95.61%
测试 - Loss: 1.1663, Acc: 72.17%
学习率: 0.010000, 时间: 36.89s
GPU内存使用:
  GPU 1 - 已分配: 0.29GB, 已保留: 3.70GB

============================================================
Epoch 76/100
============================================================
Epoch: 75 [0/391] Loss: 0.0915 | Acc: 97.66% | Time: 0.0226s | GPU Mem: 0.29GB/3.70GB
Epoch: 75 [100/391] Loss: 0.2081 | Acc: 96.24% | Time: 0.0229s | GPU Mem: 0.29GB/3.70GB
Epoch: 75 [200/391] Loss: 0.1448 | Acc: 96.03% | Time: 0.0226s | GPU Mem: 0.29GB/3.70GB
Epoch: 75 [300/391] Loss: 0.1635 | Acc: 95.74% | Time: 0.0285s | GPU Mem: 0.29GB/3.70GB

训练 - Loss: 0.1489, Acc: 95.61%
测试 - Loss: 1.1993, Acc: 71.23%
学习率: 0.010000, 时间: 36.91s
GPU内存使用:
  GPU 1 - 已分配: 0.29GB, 已保留: 3.70GB

============================================================
Epoch 77/100
============================================================
Epoch: 76 [0/391] Loss: 0.1135 | Acc: 96.09% | Time: 0.0204s | GPU Mem: 0.29GB/3.70GB
Epoch: 76 [100/391] Loss: 0.0895 | Acc: 95.90% | Time: 0.0233s | GPU Mem: 0.29GB/3.70GB
Epoch: 76 [200/391] Loss: 0.0997 | Acc: 96.15% | Time: 0.0243s | GPU Mem: 0.29GB/3.70GB
Epoch: 76 [300/391] Loss: 0.1484 | Acc: 95.96% | Time: 0.0220s | GPU Mem: 0.29GB/3.70GB

训练 - Loss: 0.1485, Acc: 95.75%
测试 - Loss: 1.1959, Acc: 71.63%
学习率: 0.010000, 时间: 37.17s
GPU内存使用:
  GPU 1 - 已分配: 0.29GB, 已保留: 3.70GB

============================================================
Epoch 78/100
============================================================
Epoch: 77 [0/391] Loss: 0.0987 | Acc: 99.22% | Time: 0.0211s | GPU Mem: 0.29GB/3.70GB
Epoch: 77 [100/391] Loss: 0.0993 | Acc: 96.72% | Time: 0.0228s | GPU Mem: 0.29GB/3.70GB
Epoch: 77 [200/391] Loss: 0.0755 | Acc: 96.38% | Time: 0.0229s | GPU Mem: 0.29GB/3.70GB
Epoch: 77 [300/391] Loss: 0.1578 | Acc: 96.23% | Time: 0.0229s | GPU Mem: 0.29GB/3.70GB

训练 - Loss: 0.1426, Acc: 95.92%
测试 - Loss: 1.2222, Acc: 70.95%
学习率: 0.010000, 时间: 37.24s
GPU内存使用:
  GPU 1 - 已分配: 0.29GB, 已保留: 3.70GB

============================================================
Epoch 79/100
============================================================
Epoch: 78 [0/391] Loss: 0.1324 | Acc: 94.53% | Time: 0.0200s | GPU Mem: 0.29GB/3.70GB
Epoch: 78 [100/391] Loss: 0.0960 | Acc: 96.30% | Time: 0.0228s | GPU Mem: 0.29GB/3.70GB
Epoch: 78 [200/391] Loss: 0.1225 | Acc: 96.37% | Time: 0.0227s | GPU Mem: 0.29GB/3.70GB
Epoch: 78 [300/391] Loss: 0.1399 | Acc: 96.14% | Time: 0.0230s | GPU Mem: 0.29GB/3.70GB

训练 - Loss: 0.1454, Acc: 95.83%
测试 - Loss: 1.1612, Acc: 71.67%
学习率: 0.010000, 时间: 37.07s
GPU内存使用:
  GPU 1 - 已分配: 0.29GB, 已保留: 3.70GB

============================================================
Epoch 80/100
============================================================
Epoch: 79 [0/391] Loss: 0.0955 | Acc: 97.66% | Time: 0.0237s | GPU Mem: 0.29GB/3.70GB
Epoch: 79 [100/391] Loss: 0.1811 | Acc: 96.31% | Time: 0.0216s | GPU Mem: 0.29GB/3.70GB
Epoch: 79 [200/391] Loss: 0.1783 | Acc: 96.14% | Time: 0.0288s | GPU Mem: 0.29GB/3.70GB
Epoch: 79 [300/391] Loss: 0.1502 | Acc: 95.81% | Time: 0.0229s | GPU Mem: 0.29GB/3.70GB

训练 - Loss: 0.1499, Acc: 95.62%
测试 - Loss: 1.2395, Acc: 71.16%
学习率: 0.010000, 时间: 37.14s
GPU内存使用:
  GPU 1 - 已分配: 0.29GB, 已保留: 3.70GB
保存checkpoint到: ./checkpoints/checkpoint_epoch_80.pth

============================================================
Epoch 81/100
============================================================
Epoch: 80 [0/391] Loss: 0.1035 | Acc: 98.44% | Time: 0.0231s | GPU Mem: 0.29GB/3.70GB
Epoch: 80 [100/391] Loss: 0.1267 | Acc: 95.61% | Time: 0.0224s | GPU Mem: 0.29GB/3.70GB
Epoch: 80 [200/391] Loss: 0.1693 | Acc: 95.49% | Time: 0.0225s | GPU Mem: 0.29GB/3.70GB
Epoch: 80 [300/391] Loss: 0.1697 | Acc: 95.48% | Time: 0.0226s | GPU Mem: 0.29GB/3.70GB

训练 - Loss: 0.1581, Acc: 95.27%
测试 - Loss: 1.2298, Acc: 71.27%
学习率: 0.010000, 时间: 37.20s
GPU内存使用:
  GPU 1 - 已分配: 0.29GB, 已保留: 3.70GB

============================================================
Epoch 82/100
============================================================
Epoch: 81 [0/391] Loss: 0.1384 | Acc: 94.53% | Time: 0.0183s | GPU Mem: 0.29GB/3.70GB
Epoch: 81 [100/391] Loss: 0.1958 | Acc: 95.71% | Time: 0.0227s | GPU Mem: 0.29GB/3.70GB
Epoch: 81 [200/391] Loss: 0.1214 | Acc: 95.79% | Time: 0.0227s | GPU Mem: 0.29GB/3.70GB
Epoch: 81 [300/391] Loss: 0.1917 | Acc: 95.48% | Time: 0.0227s | GPU Mem: 0.29GB/3.70GB

训练 - Loss: 0.1634, Acc: 95.05%
测试 - Loss: 1.2234, Acc: 70.78%
学习率: 0.010000, 时间: 36.98s
GPU内存使用:
  GPU 1 - 已分配: 0.29GB, 已保留: 3.70GB

============================================================
Epoch 83/100
============================================================
Epoch: 82 [0/391] Loss: 0.1213 | Acc: 97.66% | Time: 0.0202s | GPU Mem: 0.29GB/3.70GB
Epoch: 82 [100/391] Loss: 0.1595 | Acc: 95.41% | Time: 0.0228s | GPU Mem: 0.29GB/3.70GB
Epoch: 82 [200/391] Loss: 0.2010 | Acc: 95.36% | Time: 0.0228s | GPU Mem: 0.29GB/3.70GB
Epoch: 82 [300/391] Loss: 0.1197 | Acc: 95.22% | Time: 0.0217s | GPU Mem: 0.29GB/3.70GB

训练 - Loss: 0.1644, Acc: 95.09%
测试 - Loss: 1.2304, Acc: 71.11%
学习率: 0.010000, 时间: 37.21s
GPU内存使用:
  GPU 1 - 已分配: 0.29GB, 已保留: 3.70GB

============================================================
Epoch 84/100
============================================================
Epoch: 83 [0/391] Loss: 0.1225 | Acc: 94.53% | Time: 0.0203s | GPU Mem: 0.29GB/3.70GB
Epoch: 83 [100/391] Loss: 0.1630 | Acc: 96.07% | Time: 0.0226s | GPU Mem: 0.29GB/3.70GB
Epoch: 83 [200/391] Loss: 0.1427 | Acc: 96.05% | Time: 0.0224s | GPU Mem: 0.29GB/3.70GB
Epoch: 83 [300/391] Loss: 0.1853 | Acc: 95.72% | Time: 0.0225s | GPU Mem: 0.29GB/3.70GB

训练 - Loss: 0.1545, Acc: 95.39%
测试 - Loss: 1.2750, Acc: 70.87%
学习率: 0.010000, 时间: 37.25s
GPU内存使用:
  GPU 1 - 已分配: 0.29GB, 已保留: 3.70GB

============================================================
Epoch 85/100
============================================================
Epoch: 84 [0/391] Loss: 0.1717 | Acc: 94.53% | Time: 0.0197s | GPU Mem: 0.29GB/3.70GB
Epoch: 84 [100/391] Loss: 0.1460 | Acc: 96.12% | Time: 0.0226s | GPU Mem: 0.29GB/3.70GB
Epoch: 84 [200/391] Loss: 0.1268 | Acc: 95.84% | Time: 0.0223s | GPU Mem: 0.29GB/3.70GB
Epoch: 84 [300/391] Loss: 0.1641 | Acc: 95.74% | Time: 0.0231s | GPU Mem: 0.29GB/3.70GB

训练 - Loss: 0.1561, Acc: 95.51%
测试 - Loss: 1.2343, Acc: 71.28%
学习率: 0.010000, 时间: 36.98s
GPU内存使用:
  GPU 1 - 已分配: 0.29GB, 已保留: 3.70GB

============================================================
Epoch 86/100
============================================================
Epoch: 85 [0/391] Loss: 0.0716 | Acc: 98.44% | Time: 0.0246s | GPU Mem: 0.29GB/3.70GB
Epoch: 85 [100/391] Loss: 0.1381 | Acc: 96.01% | Time: 0.0228s | GPU Mem: 0.29GB/3.70GB
Epoch: 85 [200/391] Loss: 0.1544 | Acc: 95.84% | Time: 0.0227s | GPU Mem: 0.29GB/3.70GB
Epoch: 85 [300/391] Loss: 0.1769 | Acc: 95.62% | Time: 0.0230s | GPU Mem: 0.29GB/3.70GB

训练 - Loss: 0.1557, Acc: 95.38%
测试 - Loss: 1.2364, Acc: 71.39%
学习率: 0.010000, 时间: 37.38s
GPU内存使用:
  GPU 1 - 已分配: 0.29GB, 已保留: 3.70GB

============================================================
Epoch 87/100
============================================================
Epoch: 86 [0/391] Loss: 0.1197 | Acc: 96.88% | Time: 0.0202s | GPU Mem: 0.29GB/3.70GB
Epoch: 86 [100/391] Loss: 0.0918 | Acc: 95.82% | Time: 0.0239s | GPU Mem: 0.29GB/3.70GB
Epoch: 86 [200/391] Loss: 0.1160 | Acc: 95.83% | Time: 0.0232s | GPU Mem: 0.29GB/3.70GB
Epoch: 86 [300/391] Loss: 0.0989 | Acc: 95.63% | Time: 0.0226s | GPU Mem: 0.29GB/3.70GB

训练 - Loss: 0.1567, Acc: 95.45%
测试 - Loss: 1.2513, Acc: 70.26%
学习率: 0.010000, 时间: 36.91s
GPU内存使用:
  GPU 1 - 已分配: 0.29GB, 已保留: 3.70GB

============================================================
Epoch 88/100
============================================================
Epoch: 87 [0/391] Loss: 0.1741 | Acc: 93.75% | Time: 0.0234s | GPU Mem: 0.29GB/3.70GB
Epoch: 87 [100/391] Loss: 0.1218 | Acc: 95.35% | Time: 0.0227s | GPU Mem: 0.29GB/3.70GB
Epoch: 87 [200/391] Loss: 0.2032 | Acc: 95.46% | Time: 0.0239s | GPU Mem: 0.29GB/3.70GB
Epoch: 87 [300/391] Loss: 0.0794 | Acc: 95.58% | Time: 0.0273s | GPU Mem: 0.29GB/3.70GB

训练 - Loss: 0.1557, Acc: 95.51%
测试 - Loss: 1.2954, Acc: 70.76%
学习率: 0.010000, 时间: 36.93s
GPU内存使用:
  GPU 1 - 已分配: 0.29GB, 已保留: 3.70GB

============================================================
Epoch 89/100
============================================================
Epoch: 88 [0/391] Loss: 0.1199 | Acc: 96.09% | Time: 0.0230s | GPU Mem: 0.29GB/3.70GB
Epoch: 88 [100/391] Loss: 0.1134 | Acc: 96.46% | Time: 0.0226s | GPU Mem: 0.29GB/3.70GB
Epoch: 88 [200/391] Loss: 0.1192 | Acc: 96.16% | Time: 0.0219s | GPU Mem: 0.29GB/3.70GB
Epoch: 88 [300/391] Loss: 0.2099 | Acc: 95.94% | Time: 0.0228s | GPU Mem: 0.29GB/3.70GB

训练 - Loss: 0.1475, Acc: 95.78%
测试 - Loss: 1.2064, Acc: 71.55%
学习率: 0.010000, 时间: 37.26s
GPU内存使用:
  GPU 1 - 已分配: 0.29GB, 已保留: 3.70GB

============================================================
Epoch 90/100
============================================================
Epoch: 89 [0/391] Loss: 0.1513 | Acc: 92.97% | Time: 0.0204s | GPU Mem: 0.29GB/3.70GB
Epoch: 89 [100/391] Loss: 0.1505 | Acc: 95.95% | Time: 0.0221s | GPU Mem: 0.29GB/3.70GB
Epoch: 89 [200/391] Loss: 0.1431 | Acc: 95.71% | Time: 0.0225s | GPU Mem: 0.29GB/3.70GB
Epoch: 89 [300/391] Loss: 0.1311 | Acc: 95.53% | Time: 0.0227s | GPU Mem: 0.29GB/3.70GB

训练 - Loss: 0.1604, Acc: 95.25%
测试 - Loss: 1.2729, Acc: 70.55%
学习率: 0.010000, 时间: 36.52s
GPU内存使用:
  GPU 1 - 已分配: 0.29GB, 已保留: 3.70GB
保存checkpoint到: ./checkpoints/checkpoint_epoch_90.pth

============================================================
Epoch 91/100
============================================================
Epoch: 90 [0/391] Loss: 0.2032 | Acc: 92.19% | Time: 0.0204s | GPU Mem: 0.29GB/3.70GB
Epoch: 90 [100/391] Loss: 0.1254 | Acc: 95.58% | Time: 0.0228s | GPU Mem: 0.29GB/3.70GB
Epoch: 90 [200/391] Loss: 0.1524 | Acc: 95.54% | Time: 0.0230s | GPU Mem: 0.29GB/3.70GB
Epoch: 90 [300/391] Loss: 0.1545 | Acc: 95.35% | Time: 0.0225s | GPU Mem: 0.29GB/3.70GB

训练 - Loss: 0.1613, Acc: 95.26%
测试 - Loss: 1.2466, Acc: 71.02%
学习率: 0.010000, 时间: 37.41s
GPU内存使用:
  GPU 1 - 已分配: 0.29GB, 已保留: 3.70GB

============================================================
Epoch 92/100
============================================================
Epoch: 91 [0/391] Loss: 0.1282 | Acc: 96.88% | Time: 0.0233s | GPU Mem: 0.29GB/3.70GB
Epoch: 91 [100/391] Loss: 0.0813 | Acc: 96.00% | Time: 0.0228s | GPU Mem: 0.29GB/3.70GB
Epoch: 91 [200/391] Loss: 0.1034 | Acc: 95.76% | Time: 0.0223s | GPU Mem: 0.29GB/3.70GB
Epoch: 91 [300/391] Loss: 0.1845 | Acc: 95.70% | Time: 0.0226s | GPU Mem: 0.29GB/3.70GB

训练 - Loss: 0.1583, Acc: 95.40%
测试 - Loss: 1.3515, Acc: 69.53%
学习率: 0.010000, 时间: 37.13s
GPU内存使用:
  GPU 1 - 已分配: 0.29GB, 已保留: 3.70GB

============================================================
Epoch 93/100
============================================================
Epoch: 92 [0/391] Loss: 0.1485 | Acc: 96.09% | Time: 0.0204s | GPU Mem: 0.29GB/3.70GB
Epoch: 92 [100/391] Loss: 0.1095 | Acc: 95.62% | Time: 0.0224s | GPU Mem: 0.29GB/3.70GB
Epoch: 92 [200/391] Loss: 0.1096 | Acc: 95.41% | Time: 0.0225s | GPU Mem: 0.29GB/3.70GB
Epoch: 92 [300/391] Loss: 0.2419 | Acc: 95.21% | Time: 0.0225s | GPU Mem: 0.29GB/3.70GB

训练 - Loss: 0.1677, Acc: 95.06%
测试 - Loss: 1.2186, Acc: 70.89%
学习率: 0.010000, 时间: 37.14s
GPU内存使用:
  GPU 1 - 已分配: 0.29GB, 已保留: 3.70GB

============================================================
Epoch 94/100
============================================================
Epoch: 93 [0/391] Loss: 0.1925 | Acc: 95.31% | Time: 0.0205s | GPU Mem: 0.29GB/3.70GB
Epoch: 93 [100/391] Loss: 0.1204 | Acc: 95.95% | Time: 0.0240s | GPU Mem: 0.29GB/3.70GB
Epoch: 93 [200/391] Loss: 0.1713 | Acc: 95.82% | Time: 0.0228s | GPU Mem: 0.29GB/3.70GB
Epoch: 93 [300/391] Loss: 0.1212 | Acc: 95.68% | Time: 0.0225s | GPU Mem: 0.29GB/3.70GB

训练 - Loss: 0.1513, Acc: 95.55%
测试 - Loss: 1.2949, Acc: 70.71%
学习率: 0.010000, 时间: 36.99s
GPU内存使用:
  GPU 1 - 已分配: 0.29GB, 已保留: 3.70GB

============================================================
Epoch 95/100
============================================================
Epoch: 94 [0/391] Loss: 0.1673 | Acc: 96.88% | Time: 0.0237s | GPU Mem: 0.29GB/3.70GB
Epoch: 94 [100/391] Loss: 0.1198 | Acc: 95.75% | Time: 0.0226s | GPU Mem: 0.29GB/3.70GB
Epoch: 94 [200/391] Loss: 0.1661 | Acc: 95.82% | Time: 0.0227s | GPU Mem: 0.29GB/3.70GB
Epoch: 94 [300/391] Loss: 0.1325 | Acc: 95.48% | Time: 0.0226s | GPU Mem: 0.29GB/3.70GB

训练 - Loss: 0.1568, Acc: 95.32%
测试 - Loss: 1.3052, Acc: 69.99%
学习率: 0.010000, 时间: 37.14s
GPU内存使用:
  GPU 1 - 已分配: 0.29GB, 已保留: 3.70GB

============================================================
Epoch 96/100
============================================================
Epoch: 95 [0/391] Loss: 0.1881 | Acc: 95.31% | Time: 0.0254s | GPU Mem: 0.29GB/3.70GB
Epoch: 95 [100/391] Loss: 0.1256 | Acc: 95.78% | Time: 0.0225s | GPU Mem: 0.29GB/3.70GB
Epoch: 95 [200/391] Loss: 0.0764 | Acc: 95.79% | Time: 0.0225s | GPU Mem: 0.29GB/3.70GB
Epoch: 95 [300/391] Loss: 0.1922 | Acc: 95.54% | Time: 0.0228s | GPU Mem: 0.29GB/3.70GB

训练 - Loss: 0.1605, Acc: 95.27%
测试 - Loss: 1.2494, Acc: 70.58%
学习率: 0.010000, 时间: 37.17s
GPU内存使用:
  GPU 1 - 已分配: 0.29GB, 已保留: 3.70GB

============================================================
Epoch 97/100
============================================================
Epoch: 96 [0/391] Loss: 0.1151 | Acc: 93.75% | Time: 0.0205s | GPU Mem: 0.29GB/3.70GB
Epoch: 96 [100/391] Loss: 0.1734 | Acc: 95.33% | Time: 0.0220s | GPU Mem: 0.29GB/3.70GB
Epoch: 96 [200/391] Loss: 0.1237 | Acc: 95.21% | Time: 0.0227s | GPU Mem: 0.29GB/3.70GB
Epoch: 96 [300/391] Loss: 0.1727 | Acc: 95.16% | Time: 0.0227s | GPU Mem: 0.29GB/3.70GB

训练 - Loss: 0.1718, Acc: 94.98%
测试 - Loss: 1.2860, Acc: 69.96%
学习率: 0.010000, 时间: 37.13s
GPU内存使用:
  GPU 1 - 已分配: 0.29GB, 已保留: 3.70GB

============================================================
Epoch 98/100
============================================================
Epoch: 97 [0/391] Loss: 0.1372 | Acc: 96.88% | Time: 0.0211s | GPU Mem: 0.29GB/3.70GB
Epoch: 97 [100/391] Loss: 0.1412 | Acc: 95.97% | Time: 0.0230s | GPU Mem: 0.29GB/3.70GB
Epoch: 97 [200/391] Loss: 0.2285 | Acc: 95.77% | Time: 0.0226s | GPU Mem: 0.29GB/3.70GB
Epoch: 97 [300/391] Loss: 0.2218 | Acc: 95.51% | Time: 0.0226s | GPU Mem: 0.29GB/3.70GB

训练 - Loss: 0.1571, Acc: 95.38%
测试 - Loss: 1.2519, Acc: 70.65%
学习率: 0.010000, 时间: 37.09s
GPU内存使用:
  GPU 1 - 已分配: 0.29GB, 已保留: 3.70GB

============================================================
Epoch 99/100
============================================================
Epoch: 98 [0/391] Loss: 0.2039 | Acc: 94.53% | Time: 0.0217s | GPU Mem: 0.29GB/3.70GB
Epoch: 98 [100/391] Loss: 0.1449 | Acc: 95.47% | Time: 0.0205s | GPU Mem: 0.29GB/3.70GB
Epoch: 98 [200/391] Loss: 0.0695 | Acc: 95.62% | Time: 0.0246s | GPU Mem: 0.29GB/3.70GB
Epoch: 98 [300/391] Loss: 0.1871 | Acc: 95.54% | Time: 0.0225s | GPU Mem: 0.29GB/3.70GB

训练 - Loss: 0.1564, Acc: 95.41%
测试 - Loss: 1.2955, Acc: 70.38%
学习率: 0.010000, 时间: 37.04s
GPU内存使用:
  GPU 1 - 已分配: 0.29GB, 已保留: 3.70GB

============================================================
Epoch 100/100
============================================================
Epoch: 99 [0/391] Loss: 0.0942 | Acc: 98.44% | Time: 0.0239s | GPU Mem: 0.29GB/3.70GB
Epoch: 99 [100/391] Loss: 0.0741 | Acc: 96.16% | Time: 0.0233s | GPU Mem: 0.29GB/3.70GB
Epoch: 99 [200/391] Loss: 0.1217 | Acc: 96.18% | Time: 0.0217s | GPU Mem: 0.29GB/3.70GB
Epoch: 99 [300/391] Loss: 0.3462 | Acc: 96.03% | Time: 0.0223s | GPU Mem: 0.29GB/3.70GB

训练 - Loss: 0.1465, Acc: 95.83%
测试 - Loss: 1.2745, Acc: 70.52%
学习率: 0.001000, 时间: 37.16s
GPU内存使用:
  GPU 1 - 已分配: 0.29GB, 已保留: 3.70GB
保存checkpoint到: ./checkpoints/checkpoint_epoch_100.pth

============================================================
训练完成!
============================================================
总时间: 4109.32秒 (68.49分钟)
平均每epoch: 41.09秒
最佳测试准确率: 74.37%
保存最终模型到: ./experiments/group_3_dataloader_optimization_across_training_modes/checkpoints/single_resnet50_bs128_gpu1_nw0_chunks0.pth

训练完成!
