====================================================================================================
Experiment: single_resnet50_bs128_gpu1_nw8_chunks0
Parameters: {
  "mode": "single",
  "model": "resnet50",
  "batch_size": 128,
  "epochs": 100,
  "dataset": "cifar100",
  "gpu_ids": [
    1
  ],
  "num_workers": 8,
  "prefetch_factor": 1,
  "chunks": 0,
  "num_gpus": 1
}
Command: python -u main.py --mode single --model resnet50 --batch-size 128 --epochs 100 --dataset cifar100 --gpu-ids 1 --num-workers 8 --prefetch-factor 1 --chunks 0 --final-checkpoint-path ./experiments/group_3_dataloader_optimization_across_training_modes/checkpoints/single_resnet50_bs128_gpu1_nw8_chunks0.pth
Start Time: 2025-12-10T06:13:39.560468
====================================================================================================

================================================================================
训练配置:
================================================================================
  mode                     : single
  gpu_ids                  : [1]
  num_gpus                 : 1
  num_workers              : 8
  prefetch_factor          : 1
  pin_memory               : True
  persistent_workers       : True
  batch_size               : 128
  epochs                   : 100
  lr                       : 0.1
  momentum                 : 0.9
  weight_decay             : 0.0005
  lr_schedule              : step
  lr_step_size             : 50
  lr_gamma                 : 0.1
  dataset                  : cifar100
  data_root                : ./data
  num_classes              : 100
  model                    : resnet50
  save_dir                 : ./checkpoints
  log_interval             : 100
  save_interval            : 10
  final_checkpoint_path    : ./experiments/group_3_dataloader_optimization_across_training_modes/checkpoints/single_resnet50_bs128_gpu1_nw8_chunks0.pth
  seed                     : 42
  resume                   : None
  evaluate                 : False
  dist_backend             : nccl
  dist_url                 : env://
  effective_batch_size     : 128
  chunks                   : 0
================================================================================

可用GPU数量: 7
  GPU 1: NVIDIA GeForce RTX 4090

使用训练模式: SINGLE

初始化单GPU训练器...
使用设备: cuda:1

开始训练 100 个epochs...
Batch size: 128
学习率: 0.1

============================================================
Epoch 1/100
============================================================
Epoch: 0 [0/391] Loss: 4.8530 | Acc: 0.00% | Time: 0.5544s | GPU Mem: 0.29GB/3.70GB
Epoch: 0 [100/391] Loss: 4.5954 | Acc: 1.18% | Time: 0.0222s | GPU Mem: 0.29GB/3.70GB
Epoch: 0 [200/391] Loss: 4.5790 | Acc: 1.22% | Time: 0.0223s | GPU Mem: 0.29GB/3.70GB
Epoch: 0 [300/391] Loss: 4.5336 | Acc: 1.35% | Time: 0.0227s | GPU Mem: 0.29GB/3.70GB

训练 - Loss: 4.8097, Acc: 1.51%
测试 - Loss: 4.5266, Acc: 2.32%
学习率: 0.100000, 时间: 20.27s
GPU内存使用:
  GPU 1 - 已分配: 0.29GB, 已保留: 3.70GB
最佳准确率更新: 0.00% -> 2.32%
保存最佳模型到: ./checkpoints/best_model.pth

============================================================
Epoch 2/100
============================================================
Epoch: 1 [0/391] Loss: 4.5057 | Acc: 2.34% | Time: 0.0378s | GPU Mem: 0.29GB/3.70GB
Epoch: 1 [100/391] Loss: 4.4731 | Acc: 2.52% | Time: 0.0250s | GPU Mem: 0.29GB/3.70GB
Epoch: 1 [200/391] Loss: 4.2931 | Acc: 2.78% | Time: 0.0284s | GPU Mem: 0.29GB/3.70GB
Epoch: 1 [300/391] Loss: 4.1312 | Acc: 3.29% | Time: 0.0239s | GPU Mem: 0.29GB/3.70GB

训练 - Loss: 4.3161, Acc: 3.59%
测试 - Loss: 4.0823, Acc: 5.23%
学习率: 0.100000, 时间: 19.56s
GPU内存使用:
  GPU 1 - 已分配: 0.29GB, 已保留: 3.70GB
最佳准确率更新: 2.32% -> 5.23%
保存最佳模型到: ./checkpoints/best_model.pth

============================================================
Epoch 3/100
============================================================
Epoch: 2 [0/391] Loss: 4.0757 | Acc: 6.25% | Time: 0.0274s | GPU Mem: 0.29GB/3.70GB
Epoch: 2 [100/391] Loss: 4.0882 | Acc: 5.47% | Time: 0.0238s | GPU Mem: 0.29GB/3.70GB
Epoch: 2 [200/391] Loss: 3.9172 | Acc: 5.64% | Time: 0.0224s | GPU Mem: 0.29GB/3.70GB
Epoch: 2 [300/391] Loss: 3.8815 | Acc: 6.11% | Time: 0.0281s | GPU Mem: 0.29GB/3.70GB

训练 - Loss: 3.9849, Acc: 6.53%
测试 - Loss: 3.8603, Acc: 8.69%
学习率: 0.100000, 时间: 19.54s
GPU内存使用:
  GPU 1 - 已分配: 0.29GB, 已保留: 3.70GB
最佳准确率更新: 5.23% -> 8.69%
保存最佳模型到: ./checkpoints/best_model.pth

============================================================
Epoch 4/100
============================================================
Epoch: 3 [0/391] Loss: 3.7826 | Acc: 8.59% | Time: 0.0301s | GPU Mem: 0.29GB/3.70GB
Epoch: 3 [100/391] Loss: 3.6177 | Acc: 9.08% | Time: 0.0275s | GPU Mem: 0.29GB/3.70GB
Epoch: 3 [200/391] Loss: 3.8818 | Acc: 9.60% | Time: 0.0227s | GPU Mem: 0.29GB/3.70GB
Epoch: 3 [300/391] Loss: 3.7186 | Acc: 10.30% | Time: 0.0240s | GPU Mem: 0.29GB/3.70GB

训练 - Loss: 3.7253, Acc: 10.87%
测试 - Loss: 3.6700, Acc: 12.71%
学习率: 0.100000, 时间: 19.50s
GPU内存使用:
  GPU 1 - 已分配: 0.29GB, 已保留: 3.70GB
最佳准确率更新: 8.69% -> 12.71%
保存最佳模型到: ./checkpoints/best_model.pth

============================================================
Epoch 5/100
============================================================
Epoch: 4 [0/391] Loss: 3.4198 | Acc: 16.41% | Time: 0.0276s | GPU Mem: 0.29GB/3.70GB
Epoch: 4 [100/391] Loss: 3.4017 | Acc: 14.43% | Time: 0.0235s | GPU Mem: 0.29GB/3.70GB
Epoch: 4 [200/391] Loss: 3.2392 | Acc: 15.06% | Time: 0.0224s | GPU Mem: 0.29GB/3.70GB
Epoch: 4 [300/391] Loss: 3.1155 | Acc: 15.97% | Time: 0.0233s | GPU Mem: 0.29GB/3.70GB

训练 - Loss: 3.4161, Acc: 16.50%
测试 - Loss: 3.2780, Acc: 19.51%
学习率: 0.100000, 时间: 19.48s
GPU内存使用:
  GPU 1 - 已分配: 0.29GB, 已保留: 3.70GB
最佳准确率更新: 12.71% -> 19.51%
保存最佳模型到: ./checkpoints/best_model.pth

============================================================
Epoch 6/100
============================================================
Epoch: 5 [0/391] Loss: 3.1566 | Acc: 17.97% | Time: 0.0354s | GPU Mem: 0.29GB/3.70GB
Epoch: 5 [100/391] Loss: 2.9386 | Acc: 20.48% | Time: 0.0229s | GPU Mem: 0.29GB/3.70GB
Epoch: 5 [200/391] Loss: 3.1756 | Acc: 20.96% | Time: 0.0228s | GPU Mem: 0.29GB/3.70GB
Epoch: 5 [300/391] Loss: 3.0333 | Acc: 21.42% | Time: 0.0227s | GPU Mem: 0.29GB/3.70GB

训练 - Loss: 3.1242, Acc: 22.06%
测试 - Loss: 2.9806, Acc: 24.62%
学习率: 0.100000, 时间: 19.49s
GPU内存使用:
  GPU 1 - 已分配: 0.29GB, 已保留: 3.70GB
最佳准确率更新: 19.51% -> 24.62%
保存最佳模型到: ./checkpoints/best_model.pth

============================================================
Epoch 7/100
============================================================
Epoch: 6 [0/391] Loss: 2.7379 | Acc: 29.69% | Time: 0.0310s | GPU Mem: 0.29GB/3.70GB
Epoch: 6 [100/391] Loss: 2.8647 | Acc: 26.10% | Time: 0.0233s | GPU Mem: 0.29GB/3.70GB
Epoch: 6 [200/391] Loss: 2.7063 | Acc: 27.27% | Time: 0.0226s | GPU Mem: 0.29GB/3.70GB
Epoch: 6 [300/391] Loss: 2.6597 | Acc: 27.97% | Time: 0.0220s | GPU Mem: 0.29GB/3.70GB

训练 - Loss: 2.7993, Acc: 28.38%
测试 - Loss: 2.7712, Acc: 29.23%
学习率: 0.100000, 时间: 19.49s
GPU内存使用:
  GPU 1 - 已分配: 0.29GB, 已保留: 3.70GB
最佳准确率更新: 24.62% -> 29.23%
保存最佳模型到: ./checkpoints/best_model.pth

============================================================
Epoch 8/100
============================================================
Epoch: 7 [0/391] Loss: 2.5719 | Acc: 34.38% | Time: 0.0325s | GPU Mem: 0.29GB/3.70GB
Epoch: 7 [100/391] Loss: 2.3754 | Acc: 31.96% | Time: 0.0215s | GPU Mem: 0.29GB/3.70GB
Epoch: 7 [200/391] Loss: 2.7000 | Acc: 32.33% | Time: 0.0238s | GPU Mem: 0.29GB/3.70GB
Epoch: 7 [300/391] Loss: 2.6418 | Acc: 32.93% | Time: 0.0253s | GPU Mem: 0.29GB/3.70GB

训练 - Loss: 2.5476, Acc: 33.53%
测试 - Loss: 2.4843, Acc: 34.87%
学习率: 0.100000, 时间: 19.54s
GPU内存使用:
  GPU 1 - 已分配: 0.29GB, 已保留: 3.70GB
最佳准确率更新: 29.23% -> 34.87%
保存最佳模型到: ./checkpoints/best_model.pth

============================================================
Epoch 9/100
============================================================
Epoch: 8 [0/391] Loss: 2.6018 | Acc: 35.16% | Time: 0.0287s | GPU Mem: 0.29GB/3.70GB
Epoch: 8 [100/391] Loss: 2.2436 | Acc: 37.49% | Time: 0.0233s | GPU Mem: 0.29GB/3.70GB
Epoch: 8 [200/391] Loss: 2.4031 | Acc: 37.17% | Time: 0.0238s | GPU Mem: 0.29GB/3.70GB
Epoch: 8 [300/391] Loss: 2.1686 | Acc: 37.76% | Time: 0.0226s | GPU Mem: 0.29GB/3.70GB

训练 - Loss: 2.3347, Acc: 38.03%
测试 - Loss: 2.4582, Acc: 35.47%
学习率: 0.100000, 时间: 19.41s
GPU内存使用:
  GPU 1 - 已分配: 0.29GB, 已保留: 3.70GB
最佳准确率更新: 34.87% -> 35.47%
保存最佳模型到: ./checkpoints/best_model.pth

============================================================
Epoch 10/100
============================================================
Epoch: 9 [0/391] Loss: 2.2142 | Acc: 40.62% | Time: 0.0268s | GPU Mem: 0.29GB/3.70GB
Epoch: 9 [100/391] Loss: 2.2147 | Acc: 40.85% | Time: 0.0221s | GPU Mem: 0.29GB/3.70GB
Epoch: 9 [200/391] Loss: 2.1871 | Acc: 40.96% | Time: 0.0220s | GPU Mem: 0.29GB/3.70GB
Epoch: 9 [300/391] Loss: 2.2076 | Acc: 41.18% | Time: 0.0226s | GPU Mem: 0.29GB/3.70GB

训练 - Loss: 2.1857, Acc: 41.23%
测试 - Loss: 2.3810, Acc: 38.44%
学习率: 0.100000, 时间: 19.53s
GPU内存使用:
  GPU 1 - 已分配: 0.29GB, 已保留: 3.70GB
最佳准确率更新: 35.47% -> 38.44%
保存最佳模型到: ./checkpoints/best_model.pth
保存checkpoint到: ./checkpoints/checkpoint_epoch_10.pth

============================================================
Epoch 11/100
============================================================
Epoch: 10 [0/391] Loss: 2.0129 | Acc: 47.66% | Time: 0.0262s | GPU Mem: 0.29GB/3.70GB
Epoch: 10 [100/391] Loss: 2.0990 | Acc: 44.46% | Time: 0.0274s | GPU Mem: 0.29GB/3.70GB
Epoch: 10 [200/391] Loss: 1.7652 | Acc: 44.45% | Time: 0.0322s | GPU Mem: 0.29GB/3.70GB
Epoch: 10 [300/391] Loss: 2.0298 | Acc: 44.52% | Time: 0.0238s | GPU Mem: 0.29GB/3.70GB

训练 - Loss: 2.0380, Acc: 44.71%
测试 - Loss: 2.6650, Acc: 36.70%
学习率: 0.100000, 时间: 19.54s
GPU内存使用:
  GPU 1 - 已分配: 0.29GB, 已保留: 3.70GB

============================================================
Epoch 12/100
============================================================
Epoch: 11 [0/391] Loss: 1.9066 | Acc: 49.22% | Time: 0.0353s | GPU Mem: 0.29GB/3.70GB
Epoch: 11 [100/391] Loss: 1.8440 | Acc: 47.31% | Time: 0.0228s | GPU Mem: 0.29GB/3.70GB
Epoch: 11 [200/391] Loss: 1.8938 | Acc: 47.05% | Time: 0.0229s | GPU Mem: 0.29GB/3.70GB
Epoch: 11 [300/391] Loss: 2.0702 | Acc: 46.77% | Time: 0.0231s | GPU Mem: 0.29GB/3.70GB

训练 - Loss: 1.9405, Acc: 46.80%
测试 - Loss: 2.2019, Acc: 42.46%
学习率: 0.100000, 时间: 19.45s
GPU内存使用:
  GPU 1 - 已分配: 0.29GB, 已保留: 3.70GB
最佳准确率更新: 38.44% -> 42.46%
保存最佳模型到: ./checkpoints/best_model.pth

============================================================
Epoch 13/100
============================================================
Epoch: 12 [0/391] Loss: 1.9641 | Acc: 45.31% | Time: 0.0311s | GPU Mem: 0.29GB/3.70GB
Epoch: 12 [100/391] Loss: 1.8309 | Acc: 49.21% | Time: 0.0217s | GPU Mem: 0.29GB/3.70GB
Epoch: 12 [200/391] Loss: 1.8223 | Acc: 48.81% | Time: 0.0230s | GPU Mem: 0.29GB/3.70GB
Epoch: 12 [300/391] Loss: 1.8688 | Acc: 48.74% | Time: 0.0237s | GPU Mem: 0.29GB/3.70GB

训练 - Loss: 1.8535, Acc: 48.79%
测试 - Loss: 2.0757, Acc: 44.64%
学习率: 0.100000, 时间: 19.52s
GPU内存使用:
  GPU 1 - 已分配: 0.29GB, 已保留: 3.70GB
最佳准确率更新: 42.46% -> 44.64%
保存最佳模型到: ./checkpoints/best_model.pth

============================================================
Epoch 14/100
============================================================
Epoch: 13 [0/391] Loss: 1.6696 | Acc: 52.34% | Time: 0.0304s | GPU Mem: 0.29GB/3.70GB
Epoch: 13 [100/391] Loss: 1.7496 | Acc: 51.33% | Time: 0.0238s | GPU Mem: 0.29GB/3.70GB
Epoch: 13 [200/391] Loss: 1.8917 | Acc: 50.40% | Time: 0.0214s | GPU Mem: 0.29GB/3.70GB
Epoch: 13 [300/391] Loss: 1.6501 | Acc: 50.43% | Time: 0.0243s | GPU Mem: 0.29GB/3.70GB

训练 - Loss: 1.7858, Acc: 50.55%
测试 - Loss: 2.0669, Acc: 45.60%
学习率: 0.100000, 时间: 19.52s
GPU内存使用:
  GPU 1 - 已分配: 0.29GB, 已保留: 3.70GB
最佳准确率更新: 44.64% -> 45.60%
保存最佳模型到: ./checkpoints/best_model.pth

============================================================
Epoch 15/100
============================================================
Epoch: 14 [0/391] Loss: 1.8489 | Acc: 47.66% | Time: 0.0283s | GPU Mem: 0.29GB/3.70GB
Epoch: 14 [100/391] Loss: 1.8139 | Acc: 52.07% | Time: 0.0224s | GPU Mem: 0.29GB/3.70GB
Epoch: 14 [200/391] Loss: 2.1234 | Acc: 52.05% | Time: 0.0225s | GPU Mem: 0.29GB/3.70GB
Epoch: 14 [300/391] Loss: 2.0054 | Acc: 51.79% | Time: 0.0284s | GPU Mem: 0.29GB/3.70GB

训练 - Loss: 1.7296, Acc: 51.77%
测试 - Loss: 2.1348, Acc: 44.25%
学习率: 0.100000, 时间: 19.39s
GPU内存使用:
  GPU 1 - 已分配: 0.29GB, 已保留: 3.70GB

============================================================
Epoch 16/100
============================================================
Epoch: 15 [0/391] Loss: 1.5013 | Acc: 58.59% | Time: 0.0280s | GPU Mem: 0.29GB/3.70GB
Epoch: 15 [100/391] Loss: 1.8889 | Acc: 53.66% | Time: 0.0219s | GPU Mem: 0.29GB/3.70GB
Epoch: 15 [200/391] Loss: 1.5733 | Acc: 53.07% | Time: 0.0237s | GPU Mem: 0.29GB/3.70GB
Epoch: 15 [300/391] Loss: 1.5297 | Acc: 52.87% | Time: 0.0271s | GPU Mem: 0.29GB/3.70GB

训练 - Loss: 1.6695, Acc: 53.05%
测试 - Loss: 2.2854, Acc: 43.11%
学习率: 0.100000, 时间: 19.39s
GPU内存使用:
  GPU 1 - 已分配: 0.29GB, 已保留: 3.70GB

============================================================
Epoch 17/100
============================================================
Epoch: 16 [0/391] Loss: 1.6317 | Acc: 51.56% | Time: 0.0269s | GPU Mem: 0.29GB/3.70GB
Epoch: 16 [100/391] Loss: 1.6743 | Acc: 54.36% | Time: 0.0286s | GPU Mem: 0.29GB/3.70GB
Epoch: 16 [200/391] Loss: 1.3472 | Acc: 54.39% | Time: 0.0193s | GPU Mem: 0.29GB/3.70GB
Epoch: 16 [300/391] Loss: 1.6913 | Acc: 54.25% | Time: 0.0273s | GPU Mem: 0.29GB/3.70GB

训练 - Loss: 1.6192, Acc: 54.37%
测试 - Loss: 1.9598, Acc: 48.51%
学习率: 0.100000, 时间: 19.44s
GPU内存使用:
  GPU 1 - 已分配: 0.29GB, 已保留: 3.70GB
最佳准确率更新: 45.60% -> 48.51%
保存最佳模型到: ./checkpoints/best_model.pth

============================================================
Epoch 18/100
============================================================
Epoch: 17 [0/391] Loss: 1.7600 | Acc: 50.78% | Time: 0.0307s | GPU Mem: 0.29GB/3.70GB
Epoch: 17 [100/391] Loss: 1.5341 | Acc: 55.95% | Time: 0.0284s | GPU Mem: 0.29GB/3.70GB
Epoch: 17 [200/391] Loss: 1.6156 | Acc: 55.41% | Time: 0.0228s | GPU Mem: 0.29GB/3.70GB
Epoch: 17 [300/391] Loss: 1.6786 | Acc: 55.42% | Time: 0.0231s | GPU Mem: 0.29GB/3.70GB

训练 - Loss: 1.5848, Acc: 55.37%
测试 - Loss: 2.1692, Acc: 44.56%
学习率: 0.100000, 时间: 19.48s
GPU内存使用:
  GPU 1 - 已分配: 0.29GB, 已保留: 3.70GB

============================================================
Epoch 19/100
============================================================
Epoch: 18 [0/391] Loss: 1.5155 | Acc: 64.06% | Time: 0.0352s | GPU Mem: 0.29GB/3.70GB
Epoch: 18 [100/391] Loss: 1.4881 | Acc: 57.46% | Time: 0.0227s | GPU Mem: 0.29GB/3.70GB
Epoch: 18 [200/391] Loss: 1.7391 | Acc: 56.35% | Time: 0.0262s | GPU Mem: 0.29GB/3.70GB
Epoch: 18 [300/391] Loss: 1.5163 | Acc: 56.38% | Time: 0.0226s | GPU Mem: 0.29GB/3.70GB

训练 - Loss: 1.5473, Acc: 56.46%
测试 - Loss: 1.8606, Acc: 49.90%
学习率: 0.100000, 时间: 19.56s
GPU内存使用:
  GPU 1 - 已分配: 0.29GB, 已保留: 3.70GB
最佳准确率更新: 48.51% -> 49.90%
保存最佳模型到: ./checkpoints/best_model.pth

============================================================
Epoch 20/100
============================================================
Epoch: 19 [0/391] Loss: 1.4471 | Acc: 57.03% | Time: 0.0252s | GPU Mem: 0.29GB/3.70GB
Epoch: 19 [100/391] Loss: 1.2790 | Acc: 57.58% | Time: 0.0291s | GPU Mem: 0.29GB/3.70GB
Epoch: 19 [200/391] Loss: 1.3620 | Acc: 57.39% | Time: 0.0206s | GPU Mem: 0.29GB/3.70GB
Epoch: 19 [300/391] Loss: 1.5662 | Acc: 57.15% | Time: 0.0230s | GPU Mem: 0.29GB/3.70GB

训练 - Loss: 1.5094, Acc: 57.19%
测试 - Loss: 1.8017, Acc: 51.47%
学习率: 0.100000, 时间: 19.41s
GPU内存使用:
  GPU 1 - 已分配: 0.29GB, 已保留: 3.70GB
最佳准确率更新: 49.90% -> 51.47%
保存最佳模型到: ./checkpoints/best_model.pth
保存checkpoint到: ./checkpoints/checkpoint_epoch_20.pth

============================================================
Epoch 21/100
============================================================
Epoch: 20 [0/391] Loss: 1.4314 | Acc: 61.72% | Time: 0.0283s | GPU Mem: 0.29GB/3.70GB
Epoch: 20 [100/391] Loss: 1.3832 | Acc: 58.49% | Time: 0.0229s | GPU Mem: 0.29GB/3.70GB
Epoch: 20 [200/391] Loss: 1.3079 | Acc: 58.31% | Time: 0.0268s | GPU Mem: 0.29GB/3.70GB
Epoch: 20 [300/391] Loss: 1.2587 | Acc: 58.31% | Time: 0.0226s | GPU Mem: 0.29GB/3.70GB

训练 - Loss: 1.4729, Acc: 58.21%
测试 - Loss: 2.1414, Acc: 46.48%
学习率: 0.100000, 时间: 19.43s
GPU内存使用:
  GPU 1 - 已分配: 0.29GB, 已保留: 3.70GB

============================================================
Epoch 22/100
============================================================
Epoch: 21 [0/391] Loss: 1.6323 | Acc: 52.34% | Time: 0.0309s | GPU Mem: 0.29GB/3.70GB
Epoch: 21 [100/391] Loss: 1.4635 | Acc: 59.20% | Time: 0.0259s | GPU Mem: 0.29GB/3.70GB
Epoch: 21 [200/391] Loss: 1.5439 | Acc: 58.75% | Time: 0.0280s | GPU Mem: 0.29GB/3.70GB
Epoch: 21 [300/391] Loss: 1.5643 | Acc: 58.51% | Time: 0.0286s | GPU Mem: 0.29GB/3.70GB

训练 - Loss: 1.4484, Acc: 58.60%
测试 - Loss: 1.8229, Acc: 51.78%
学习率: 0.100000, 时间: 19.48s
GPU内存使用:
  GPU 1 - 已分配: 0.29GB, 已保留: 3.70GB
最佳准确率更新: 51.47% -> 51.78%
保存最佳模型到: ./checkpoints/best_model.pth

============================================================
Epoch 23/100
============================================================
Epoch: 22 [0/391] Loss: 1.2389 | Acc: 63.28% | Time: 0.0255s | GPU Mem: 0.29GB/3.70GB
Epoch: 22 [100/391] Loss: 1.5409 | Acc: 60.01% | Time: 0.0234s | GPU Mem: 0.29GB/3.70GB
Epoch: 22 [200/391] Loss: 1.5639 | Acc: 59.39% | Time: 0.0224s | GPU Mem: 0.29GB/3.70GB
Epoch: 22 [300/391] Loss: 1.3920 | Acc: 59.20% | Time: 0.0228s | GPU Mem: 0.29GB/3.70GB

训练 - Loss: 1.4296, Acc: 59.17%
测试 - Loss: 1.8315, Acc: 51.29%
学习率: 0.100000, 时间: 19.49s
GPU内存使用:
  GPU 1 - 已分配: 0.29GB, 已保留: 3.70GB

============================================================
Epoch 24/100
============================================================
Epoch: 23 [0/391] Loss: 1.2682 | Acc: 62.50% | Time: 0.0307s | GPU Mem: 0.29GB/3.70GB
Epoch: 23 [100/391] Loss: 1.5886 | Acc: 59.63% | Time: 0.0184s | GPU Mem: 0.29GB/3.70GB
Epoch: 23 [200/391] Loss: 1.4412 | Acc: 60.10% | Time: 0.0244s | GPU Mem: 0.29GB/3.70GB
Epoch: 23 [300/391] Loss: 1.4960 | Acc: 60.09% | Time: 0.0251s | GPU Mem: 0.29GB/3.70GB

训练 - Loss: 1.4037, Acc: 59.86%
测试 - Loss: 1.7811, Acc: 52.63%
学习率: 0.100000, 时间: 19.33s
GPU内存使用:
  GPU 1 - 已分配: 0.29GB, 已保留: 3.70GB
最佳准确率更新: 51.78% -> 52.63%
保存最佳模型到: ./checkpoints/best_model.pth

============================================================
Epoch 25/100
============================================================
Epoch: 24 [0/391] Loss: 1.2336 | Acc: 63.28% | Time: 0.0261s | GPU Mem: 0.29GB/3.70GB
Epoch: 24 [100/391] Loss: 1.3610 | Acc: 61.30% | Time: 0.0218s | GPU Mem: 0.29GB/3.70GB
Epoch: 24 [200/391] Loss: 1.5483 | Acc: 60.85% | Time: 0.0216s | GPU Mem: 0.29GB/3.70GB
Epoch: 24 [300/391] Loss: 1.4735 | Acc: 60.47% | Time: 0.0216s | GPU Mem: 0.29GB/3.70GB

训练 - Loss: 1.3838, Acc: 60.26%
测试 - Loss: 1.9688, Acc: 49.93%
学习率: 0.100000, 时间: 19.35s
GPU内存使用:
  GPU 1 - 已分配: 0.29GB, 已保留: 3.70GB

============================================================
Epoch 26/100
============================================================
Epoch: 25 [0/391] Loss: 1.3409 | Acc: 53.91% | Time: 0.0316s | GPU Mem: 0.29GB/3.70GB
Epoch: 25 [100/391] Loss: 1.2832 | Acc: 61.70% | Time: 0.0266s | GPU Mem: 0.29GB/3.70GB
Epoch: 25 [200/391] Loss: 1.2119 | Acc: 61.07% | Time: 0.0253s | GPU Mem: 0.29GB/3.70GB
Epoch: 25 [300/391] Loss: 1.4601 | Acc: 60.82% | Time: 0.0230s | GPU Mem: 0.29GB/3.70GB

训练 - Loss: 1.3738, Acc: 60.56%
测试 - Loss: 1.9037, Acc: 50.42%
学习率: 0.100000, 时间: 19.32s
GPU内存使用:
  GPU 1 - 已分配: 0.29GB, 已保留: 3.70GB

============================================================
Epoch 27/100
============================================================
Epoch: 26 [0/391] Loss: 1.1772 | Acc: 61.72% | Time: 0.0356s | GPU Mem: 0.29GB/3.70GB
Epoch: 26 [100/391] Loss: 1.2437 | Acc: 63.08% | Time: 0.0222s | GPU Mem: 0.29GB/3.70GB
Epoch: 26 [200/391] Loss: 1.5109 | Acc: 62.36% | Time: 0.0221s | GPU Mem: 0.29GB/3.70GB
Epoch: 26 [300/391] Loss: 1.5150 | Acc: 61.89% | Time: 0.0212s | GPU Mem: 0.29GB/3.70GB

训练 - Loss: 1.3429, Acc: 61.40%
测试 - Loss: 1.9134, Acc: 50.38%
学习率: 0.100000, 时间: 19.41s
GPU内存使用:
  GPU 1 - 已分配: 0.29GB, 已保留: 3.70GB

============================================================
Epoch 28/100
============================================================
Epoch: 27 [0/391] Loss: 1.1184 | Acc: 71.88% | Time: 0.0276s | GPU Mem: 0.29GB/3.70GB
Epoch: 27 [100/391] Loss: 1.3284 | Acc: 63.44% | Time: 0.0219s | GPU Mem: 0.29GB/3.70GB
Epoch: 27 [200/391] Loss: 0.9350 | Acc: 62.52% | Time: 0.0202s | GPU Mem: 0.29GB/3.70GB
Epoch: 27 [300/391] Loss: 1.4376 | Acc: 62.06% | Time: 0.0201s | GPU Mem: 0.29GB/3.70GB

训练 - Loss: 1.3329, Acc: 61.60%
测试 - Loss: 1.8731, Acc: 50.38%
学习率: 0.100000, 时间: 19.40s
GPU内存使用:
  GPU 1 - 已分配: 0.29GB, 已保留: 3.70GB

============================================================
Epoch 29/100
============================================================
Epoch: 28 [0/391] Loss: 1.3963 | Acc: 63.28% | Time: 0.0258s | GPU Mem: 0.29GB/3.70GB
Epoch: 28 [100/391] Loss: 1.3097 | Acc: 63.53% | Time: 0.0204s | GPU Mem: 0.29GB/3.70GB
Epoch: 28 [200/391] Loss: 1.3456 | Acc: 62.86% | Time: 0.0207s | GPU Mem: 0.29GB/3.70GB
Epoch: 28 [300/391] Loss: 1.2940 | Acc: 62.40% | Time: 0.0220s | GPU Mem: 0.29GB/3.70GB

训练 - Loss: 1.3182, Acc: 62.23%
测试 - Loss: 1.8961, Acc: 51.79%
学习率: 0.100000, 时间: 19.35s
GPU内存使用:
  GPU 1 - 已分配: 0.29GB, 已保留: 3.70GB

============================================================
Epoch 30/100
============================================================
Epoch: 29 [0/391] Loss: 1.1181 | Acc: 67.97% | Time: 0.0295s | GPU Mem: 0.29GB/3.70GB
Epoch: 29 [100/391] Loss: 1.2227 | Acc: 63.64% | Time: 0.0230s | GPU Mem: 0.29GB/3.70GB
Epoch: 29 [200/391] Loss: 1.3412 | Acc: 63.21% | Time: 0.0228s | GPU Mem: 0.29GB/3.70GB
Epoch: 29 [300/391] Loss: 1.2611 | Acc: 62.76% | Time: 0.0284s | GPU Mem: 0.29GB/3.70GB

训练 - Loss: 1.3033, Acc: 62.52%
测试 - Loss: 1.7014, Acc: 54.38%
学习率: 0.100000, 时间: 19.37s
GPU内存使用:
  GPU 1 - 已分配: 0.29GB, 已保留: 3.70GB
最佳准确率更新: 52.63% -> 54.38%
保存最佳模型到: ./checkpoints/best_model.pth
保存checkpoint到: ./checkpoints/checkpoint_epoch_30.pth

============================================================
Epoch 31/100
============================================================
Epoch: 30 [0/391] Loss: 1.1558 | Acc: 64.84% | Time: 0.0253s | GPU Mem: 0.29GB/3.70GB
Epoch: 30 [100/391] Loss: 1.4257 | Acc: 63.69% | Time: 0.0226s | GPU Mem: 0.29GB/3.70GB
Epoch: 30 [200/391] Loss: 1.2977 | Acc: 63.27% | Time: 0.0219s | GPU Mem: 0.29GB/3.70GB
Epoch: 30 [300/391] Loss: 1.6269 | Acc: 62.95% | Time: 0.0273s | GPU Mem: 0.29GB/3.70GB

训练 - Loss: 1.2947, Acc: 62.79%
测试 - Loss: 1.9731, Acc: 50.47%
学习率: 0.100000, 时间: 19.39s
GPU内存使用:
  GPU 1 - 已分配: 0.29GB, 已保留: 3.70GB

============================================================
Epoch 32/100
============================================================
Epoch: 31 [0/391] Loss: 1.4168 | Acc: 61.72% | Time: 0.0352s | GPU Mem: 0.29GB/3.70GB
Epoch: 31 [100/391] Loss: 1.2406 | Acc: 64.44% | Time: 0.0218s | GPU Mem: 0.29GB/3.70GB
Epoch: 31 [200/391] Loss: 1.3774 | Acc: 64.06% | Time: 0.0212s | GPU Mem: 0.29GB/3.70GB
Epoch: 31 [300/391] Loss: 1.3917 | Acc: 63.72% | Time: 0.0268s | GPU Mem: 0.29GB/3.70GB

训练 - Loss: 1.2740, Acc: 63.37%
测试 - Loss: 1.7598, Acc: 53.64%
学习率: 0.100000, 时间: 19.39s
GPU内存使用:
  GPU 1 - 已分配: 0.29GB, 已保留: 3.70GB

============================================================
Epoch 33/100
============================================================
Epoch: 32 [0/391] Loss: 1.1762 | Acc: 63.28% | Time: 0.0366s | GPU Mem: 0.29GB/3.70GB
Epoch: 32 [100/391] Loss: 1.2473 | Acc: 64.66% | Time: 0.0209s | GPU Mem: 0.29GB/3.70GB
Epoch: 32 [200/391] Loss: 1.4312 | Acc: 64.04% | Time: 0.0283s | GPU Mem: 0.29GB/3.70GB
Epoch: 32 [300/391] Loss: 1.2640 | Acc: 63.76% | Time: 0.0212s | GPU Mem: 0.29GB/3.70GB

训练 - Loss: 1.2697, Acc: 63.41%
测试 - Loss: 1.7340, Acc: 54.57%
学习率: 0.100000, 时间: 19.42s
GPU内存使用:
  GPU 1 - 已分配: 0.29GB, 已保留: 3.70GB
最佳准确率更新: 54.38% -> 54.57%
保存最佳模型到: ./checkpoints/best_model.pth

============================================================
Epoch 34/100
============================================================
Epoch: 33 [0/391] Loss: 1.1145 | Acc: 64.06% | Time: 0.0309s | GPU Mem: 0.29GB/3.70GB
Epoch: 33 [100/391] Loss: 1.2153 | Acc: 64.44% | Time: 0.0217s | GPU Mem: 0.29GB/3.70GB
Epoch: 33 [200/391] Loss: 1.1943 | Acc: 64.23% | Time: 0.0262s | GPU Mem: 0.29GB/3.70GB
Epoch: 33 [300/391] Loss: 1.4743 | Acc: 63.75% | Time: 0.0229s | GPU Mem: 0.29GB/3.70GB

训练 - Loss: 1.2522, Acc: 63.71%
测试 - Loss: 1.7513, Acc: 53.37%
学习率: 0.100000, 时间: 19.36s
GPU内存使用:
  GPU 1 - 已分配: 0.29GB, 已保留: 3.70GB

============================================================
Epoch 35/100
============================================================
Epoch: 34 [0/391] Loss: 1.3285 | Acc: 61.72% | Time: 0.0293s | GPU Mem: 0.29GB/3.70GB
Epoch: 34 [100/391] Loss: 1.2996 | Acc: 65.73% | Time: 0.0234s | GPU Mem: 0.29GB/3.70GB
Epoch: 34 [200/391] Loss: 1.2972 | Acc: 64.54% | Time: 0.0290s | GPU Mem: 0.29GB/3.70GB
Epoch: 34 [300/391] Loss: 1.1084 | Acc: 64.16% | Time: 0.0220s | GPU Mem: 0.29GB/3.70GB

训练 - Loss: 1.2483, Acc: 63.95%
测试 - Loss: 2.5574, Acc: 43.63%
学习率: 0.100000, 时间: 19.38s
GPU内存使用:
  GPU 1 - 已分配: 0.29GB, 已保留: 3.70GB

============================================================
Epoch 36/100
============================================================
Epoch: 35 [0/391] Loss: 1.1071 | Acc: 68.75% | Time: 0.0322s | GPU Mem: 0.29GB/3.70GB
Epoch: 35 [100/391] Loss: 1.2167 | Acc: 65.75% | Time: 0.0219s | GPU Mem: 0.29GB/3.70GB
Epoch: 35 [200/391] Loss: 1.2066 | Acc: 64.90% | Time: 0.0283s | GPU Mem: 0.29GB/3.70GB
Epoch: 35 [300/391] Loss: 1.1863 | Acc: 64.42% | Time: 0.0215s | GPU Mem: 0.29GB/3.70GB

训练 - Loss: 1.2412, Acc: 64.19%
测试 - Loss: 1.7173, Acc: 54.72%
学习率: 0.100000, 时间: 19.39s
GPU内存使用:
  GPU 1 - 已分配: 0.29GB, 已保留: 3.70GB
最佳准确率更新: 54.57% -> 54.72%
保存最佳模型到: ./checkpoints/best_model.pth

============================================================
Epoch 37/100
============================================================
Epoch: 36 [0/391] Loss: 1.3168 | Acc: 62.50% | Time: 0.0236s | GPU Mem: 0.29GB/3.70GB
Epoch: 36 [100/391] Loss: 1.0864 | Acc: 65.45% | Time: 0.0221s | GPU Mem: 0.29GB/3.70GB
Epoch: 36 [200/391] Loss: 1.4926 | Acc: 65.18% | Time: 0.0254s | GPU Mem: 0.29GB/3.70GB
Epoch: 36 [300/391] Loss: 1.3180 | Acc: 64.72% | Time: 0.0227s | GPU Mem: 0.29GB/3.70GB

训练 - Loss: 1.2294, Acc: 64.46%
测试 - Loss: 1.7418, Acc: 54.55%
学习率: 0.100000, 时间: 19.36s
GPU内存使用:
  GPU 1 - 已分配: 0.29GB, 已保留: 3.70GB

============================================================
Epoch 38/100
============================================================
Epoch: 37 [0/391] Loss: 1.0551 | Acc: 72.66% | Time: 0.0275s | GPU Mem: 0.29GB/3.70GB
Epoch: 37 [100/391] Loss: 1.1902 | Acc: 65.96% | Time: 0.0221s | GPU Mem: 0.29GB/3.70GB
Epoch: 37 [200/391] Loss: 1.2932 | Acc: 65.29% | Time: 0.0264s | GPU Mem: 0.29GB/3.70GB
Epoch: 37 [300/391] Loss: 1.3254 | Acc: 64.73% | Time: 0.0237s | GPU Mem: 0.29GB/3.70GB

训练 - Loss: 1.2276, Acc: 64.57%
测试 - Loss: 1.5300, Acc: 57.46%
学习率: 0.100000, 时间: 19.32s
GPU内存使用:
  GPU 1 - 已分配: 0.29GB, 已保留: 3.70GB
最佳准确率更新: 54.72% -> 57.46%
保存最佳模型到: ./checkpoints/best_model.pth

============================================================
Epoch 39/100
============================================================
Epoch: 38 [0/391] Loss: 0.9478 | Acc: 72.66% | Time: 0.0303s | GPU Mem: 0.29GB/3.70GB
Epoch: 38 [100/391] Loss: 1.5437 | Acc: 66.53% | Time: 0.0283s | GPU Mem: 0.29GB/3.70GB
Epoch: 38 [200/391] Loss: 1.1870 | Acc: 65.89% | Time: 0.0222s | GPU Mem: 0.29GB/3.70GB
Epoch: 38 [300/391] Loss: 1.4159 | Acc: 65.59% | Time: 0.0296s | GPU Mem: 0.29GB/3.70GB

训练 - Loss: 1.2110, Acc: 65.05%
测试 - Loss: 1.6180, Acc: 56.68%
学习率: 0.100000, 时间: 19.40s
GPU内存使用:
  GPU 1 - 已分配: 0.29GB, 已保留: 3.70GB

============================================================
Epoch 40/100
============================================================
Epoch: 39 [0/391] Loss: 1.1436 | Acc: 68.75% | Time: 0.0288s | GPU Mem: 0.29GB/3.70GB
Epoch: 39 [100/391] Loss: 1.4416 | Acc: 66.73% | Time: 0.0218s | GPU Mem: 0.29GB/3.70GB
Epoch: 39 [200/391] Loss: 1.1297 | Acc: 65.85% | Time: 0.0232s | GPU Mem: 0.29GB/3.70GB
Epoch: 39 [300/391] Loss: 1.1273 | Acc: 65.51% | Time: 0.0217s | GPU Mem: 0.29GB/3.70GB

训练 - Loss: 1.2052, Acc: 65.14%
测试 - Loss: 1.6219, Acc: 56.14%
学习率: 0.100000, 时间: 19.34s
GPU内存使用:
  GPU 1 - 已分配: 0.29GB, 已保留: 3.70GB
保存checkpoint到: ./checkpoints/checkpoint_epoch_40.pth

============================================================
Epoch 41/100
============================================================
Epoch: 40 [0/391] Loss: 0.9105 | Acc: 73.44% | Time: 0.0246s | GPU Mem: 0.29GB/3.70GB
Epoch: 40 [100/391] Loss: 1.0797 | Acc: 66.37% | Time: 0.0226s | GPU Mem: 0.29GB/3.70GB
Epoch: 40 [200/391] Loss: 1.1709 | Acc: 65.75% | Time: 0.0219s | GPU Mem: 0.29GB/3.70GB
Epoch: 40 [300/391] Loss: 1.0379 | Acc: 65.30% | Time: 0.0211s | GPU Mem: 0.29GB/3.70GB

训练 - Loss: 1.1991, Acc: 65.26%
测试 - Loss: 1.6510, Acc: 55.18%
学习率: 0.100000, 时间: 19.35s
GPU内存使用:
  GPU 1 - 已分配: 0.29GB, 已保留: 3.70GB

============================================================
Epoch 42/100
============================================================
Epoch: 41 [0/391] Loss: 1.2292 | Acc: 66.41% | Time: 0.0263s | GPU Mem: 0.29GB/3.70GB
Epoch: 41 [100/391] Loss: 1.2821 | Acc: 67.11% | Time: 0.0289s | GPU Mem: 0.29GB/3.70GB
Epoch: 41 [200/391] Loss: 1.1180 | Acc: 66.10% | Time: 0.0204s | GPU Mem: 0.29GB/3.70GB
Epoch: 41 [300/391] Loss: 1.1363 | Acc: 65.53% | Time: 0.0333s | GPU Mem: 0.29GB/3.70GB

训练 - Loss: 1.2023, Acc: 65.28%
测试 - Loss: 1.7474, Acc: 53.44%
学习率: 0.100000, 时间: 19.37s
GPU内存使用:
  GPU 1 - 已分配: 0.29GB, 已保留: 3.70GB

============================================================
Epoch 43/100
============================================================
Epoch: 42 [0/391] Loss: 0.9105 | Acc: 71.09% | Time: 0.0326s | GPU Mem: 0.29GB/3.70GB
Epoch: 42 [100/391] Loss: 1.1241 | Acc: 66.72% | Time: 0.0284s | GPU Mem: 0.29GB/3.70GB
Epoch: 42 [200/391] Loss: 1.1336 | Acc: 66.03% | Time: 0.0280s | GPU Mem: 0.29GB/3.70GB
Epoch: 42 [300/391] Loss: 1.4407 | Acc: 65.86% | Time: 0.0286s | GPU Mem: 0.29GB/3.70GB

训练 - Loss: 1.1844, Acc: 65.54%
测试 - Loss: 1.8228, Acc: 51.97%
学习率: 0.100000, 时间: 19.32s
GPU内存使用:
  GPU 1 - 已分配: 0.29GB, 已保留: 3.70GB

============================================================
Epoch 44/100
============================================================
Epoch: 43 [0/391] Loss: 1.1820 | Acc: 60.16% | Time: 0.0223s | GPU Mem: 0.29GB/3.70GB
Epoch: 43 [100/391] Loss: 1.2689 | Acc: 67.35% | Time: 0.0215s | GPU Mem: 0.29GB/3.70GB
Epoch: 43 [200/391] Loss: 1.5867 | Acc: 66.57% | Time: 0.0325s | GPU Mem: 0.29GB/3.70GB
Epoch: 43 [300/391] Loss: 1.3677 | Acc: 66.26% | Time: 0.0223s | GPU Mem: 0.29GB/3.70GB

训练 - Loss: 1.1796, Acc: 65.91%
测试 - Loss: 1.5481, Acc: 57.50%
学习率: 0.100000, 时间: 19.38s
GPU内存使用:
  GPU 1 - 已分配: 0.29GB, 已保留: 3.70GB
最佳准确率更新: 57.46% -> 57.50%
保存最佳模型到: ./checkpoints/best_model.pth

============================================================
Epoch 45/100
============================================================
Epoch: 44 [0/391] Loss: 1.1158 | Acc: 69.53% | Time: 0.0284s | GPU Mem: 0.29GB/3.70GB
Epoch: 44 [100/391] Loss: 1.2452 | Acc: 67.03% | Time: 0.0210s | GPU Mem: 0.29GB/3.70GB
Epoch: 44 [200/391] Loss: 1.1430 | Acc: 66.11% | Time: 0.0396s | GPU Mem: 0.29GB/3.70GB
Epoch: 44 [300/391] Loss: 1.0434 | Acc: 65.69% | Time: 0.0214s | GPU Mem: 0.29GB/3.70GB

训练 - Loss: 1.1777, Acc: 65.63%
测试 - Loss: 1.6891, Acc: 55.01%
学习率: 0.100000, 时间: 19.37s
GPU内存使用:
  GPU 1 - 已分配: 0.29GB, 已保留: 3.70GB

============================================================
Epoch 46/100
============================================================
Epoch: 45 [0/391] Loss: 1.2326 | Acc: 66.41% | Time: 0.0342s | GPU Mem: 0.29GB/3.70GB
Epoch: 45 [100/391] Loss: 1.1573 | Acc: 68.00% | Time: 0.0277s | GPU Mem: 0.29GB/3.70GB
Epoch: 45 [200/391] Loss: 1.2661 | Acc: 66.85% | Time: 0.0273s | GPU Mem: 0.29GB/3.70GB
Epoch: 45 [300/391] Loss: 1.1619 | Acc: 66.15% | Time: 0.0238s | GPU Mem: 0.29GB/3.70GB

训练 - Loss: 1.1736, Acc: 66.04%
测试 - Loss: 1.8091, Acc: 52.67%
学习率: 0.100000, 时间: 19.35s
GPU内存使用:
  GPU 1 - 已分配: 0.29GB, 已保留: 3.70GB

============================================================
Epoch 47/100
============================================================
Epoch: 46 [0/391] Loss: 1.3212 | Acc: 62.50% | Time: 0.0394s | GPU Mem: 0.29GB/3.70GB
Epoch: 46 [100/391] Loss: 1.2850 | Acc: 66.92% | Time: 0.0211s | GPU Mem: 0.29GB/3.70GB
Epoch: 46 [200/391] Loss: 1.2825 | Acc: 66.11% | Time: 0.0216s | GPU Mem: 0.29GB/3.70GB
Epoch: 46 [300/391] Loss: 1.0099 | Acc: 66.38% | Time: 0.0231s | GPU Mem: 0.29GB/3.70GB

训练 - Loss: 1.1720, Acc: 66.05%
测试 - Loss: 1.7856, Acc: 53.15%
学习率: 0.100000, 时间: 19.38s
GPU内存使用:
  GPU 1 - 已分配: 0.29GB, 已保留: 3.70GB

============================================================
Epoch 48/100
============================================================
Epoch: 47 [0/391] Loss: 1.0391 | Acc: 71.88% | Time: 0.0285s | GPU Mem: 0.29GB/3.70GB
Epoch: 47 [100/391] Loss: 1.0692 | Acc: 67.41% | Time: 0.0220s | GPU Mem: 0.29GB/3.70GB
Epoch: 47 [200/391] Loss: 1.1411 | Acc: 66.55% | Time: 0.0225s | GPU Mem: 0.29GB/3.70GB
Epoch: 47 [300/391] Loss: 1.3294 | Acc: 66.01% | Time: 0.0228s | GPU Mem: 0.29GB/3.70GB

训练 - Loss: 1.1675, Acc: 66.09%
测试 - Loss: 1.6403, Acc: 56.90%
学习率: 0.100000, 时间: 19.36s
GPU内存使用:
  GPU 1 - 已分配: 0.29GB, 已保留: 3.70GB

============================================================
Epoch 49/100
============================================================
Epoch: 48 [0/391] Loss: 1.0928 | Acc: 71.09% | Time: 0.0275s | GPU Mem: 0.29GB/3.70GB
Epoch: 48 [100/391] Loss: 1.0825 | Acc: 67.22% | Time: 0.0217s | GPU Mem: 0.29GB/3.70GB
Epoch: 48 [200/391] Loss: 1.0819 | Acc: 67.04% | Time: 0.0291s | GPU Mem: 0.29GB/3.70GB
Epoch: 48 [300/391] Loss: 0.9878 | Acc: 66.62% | Time: 0.0206s | GPU Mem: 0.29GB/3.70GB

训练 - Loss: 1.1554, Acc: 66.31%
测试 - Loss: 1.6660, Acc: 56.17%
学习率: 0.100000, 时间: 19.36s
GPU内存使用:
  GPU 1 - 已分配: 0.29GB, 已保留: 3.70GB

============================================================
Epoch 50/100
============================================================
Epoch: 49 [0/391] Loss: 1.0512 | Acc: 73.44% | Time: 0.0336s | GPU Mem: 0.29GB/3.70GB
Epoch: 49 [100/391] Loss: 1.2054 | Acc: 68.08% | Time: 0.0323s | GPU Mem: 0.29GB/3.70GB
Epoch: 49 [200/391] Loss: 1.0580 | Acc: 67.34% | Time: 0.0226s | GPU Mem: 0.29GB/3.70GB
Epoch: 49 [300/391] Loss: 1.2794 | Acc: 67.09% | Time: 0.0291s | GPU Mem: 0.29GB/3.70GB

训练 - Loss: 1.1484, Acc: 66.52%
测试 - Loss: 1.6865, Acc: 54.47%
学习率: 0.010000, 时间: 19.40s
GPU内存使用:
  GPU 1 - 已分配: 0.29GB, 已保留: 3.70GB
保存checkpoint到: ./checkpoints/checkpoint_epoch_50.pth

============================================================
Epoch 51/100
============================================================
Epoch: 50 [0/391] Loss: 0.9546 | Acc: 75.78% | Time: 0.0316s | GPU Mem: 0.29GB/3.70GB
Epoch: 50 [100/391] Loss: 0.6440 | Acc: 76.15% | Time: 0.0225s | GPU Mem: 0.29GB/3.70GB
Epoch: 50 [200/391] Loss: 0.6424 | Acc: 77.67% | Time: 0.0281s | GPU Mem: 0.29GB/3.70GB
Epoch: 50 [300/391] Loss: 0.4398 | Acc: 78.89% | Time: 0.0265s | GPU Mem: 0.29GB/3.70GB

训练 - Loss: 0.7042, Acc: 79.47%
测试 - Loss: 0.9262, Acc: 72.83%
学习率: 0.010000, 时间: 19.36s
GPU内存使用:
  GPU 1 - 已分配: 0.29GB, 已保留: 3.70GB
最佳准确率更新: 57.50% -> 72.83%
保存最佳模型到: ./checkpoints/best_model.pth

============================================================
Epoch 52/100
============================================================
Epoch: 51 [0/391] Loss: 0.4733 | Acc: 87.50% | Time: 0.0293s | GPU Mem: 0.29GB/3.70GB
Epoch: 51 [100/391] Loss: 0.5914 | Acc: 83.57% | Time: 0.0223s | GPU Mem: 0.29GB/3.70GB
Epoch: 51 [200/391] Loss: 0.5666 | Acc: 83.35% | Time: 0.0238s | GPU Mem: 0.29GB/3.70GB
Epoch: 51 [300/391] Loss: 0.5443 | Acc: 83.53% | Time: 0.0231s | GPU Mem: 0.29GB/3.70GB

训练 - Loss: 0.5510, Acc: 83.60%
测试 - Loss: 0.9170, Acc: 73.63%
学习率: 0.010000, 时间: 19.35s
GPU内存使用:
  GPU 1 - 已分配: 0.29GB, 已保留: 3.70GB
最佳准确率更新: 72.83% -> 73.63%
保存最佳模型到: ./checkpoints/best_model.pth

============================================================
Epoch 53/100
============================================================
Epoch: 52 [0/391] Loss: 0.4052 | Acc: 89.06% | Time: 0.0341s | GPU Mem: 0.29GB/3.70GB
Epoch: 52 [100/391] Loss: 0.5729 | Acc: 85.58% | Time: 0.0303s | GPU Mem: 0.29GB/3.70GB
Epoch: 52 [200/391] Loss: 0.4261 | Acc: 85.50% | Time: 0.0212s | GPU Mem: 0.29GB/3.70GB
Epoch: 52 [300/391] Loss: 0.4569 | Acc: 85.28% | Time: 0.0209s | GPU Mem: 0.29GB/3.70GB

训练 - Loss: 0.4856, Acc: 85.34%
测试 - Loss: 0.9021, Acc: 73.83%
学习率: 0.010000, 时间: 19.41s
GPU内存使用:
  GPU 1 - 已分配: 0.29GB, 已保留: 3.70GB
最佳准确率更新: 73.63% -> 73.83%
保存最佳模型到: ./checkpoints/best_model.pth

============================================================
Epoch 54/100
============================================================
Epoch: 53 [0/391] Loss: 0.4459 | Acc: 87.50% | Time: 0.0322s | GPU Mem: 0.29GB/3.70GB
Epoch: 53 [100/391] Loss: 0.4802 | Acc: 87.00% | Time: 0.0215s | GPU Mem: 0.29GB/3.70GB
Epoch: 53 [200/391] Loss: 0.4717 | Acc: 86.81% | Time: 0.0221s | GPU Mem: 0.29GB/3.70GB
Epoch: 53 [300/391] Loss: 0.4642 | Acc: 86.76% | Time: 0.0236s | GPU Mem: 0.29GB/3.70GB

训练 - Loss: 0.4415, Acc: 86.63%
测试 - Loss: 0.9093, Acc: 74.36%
学习率: 0.010000, 时间: 19.41s
GPU内存使用:
  GPU 1 - 已分配: 0.29GB, 已保留: 3.70GB
最佳准确率更新: 73.83% -> 74.36%
保存最佳模型到: ./checkpoints/best_model.pth

============================================================
Epoch 55/100
============================================================
Epoch: 54 [0/391] Loss: 0.3832 | Acc: 90.62% | Time: 0.0238s | GPU Mem: 0.29GB/3.70GB
Epoch: 54 [100/391] Loss: 0.3487 | Acc: 88.72% | Time: 0.0235s | GPU Mem: 0.29GB/3.70GB
Epoch: 54 [200/391] Loss: 0.3484 | Acc: 88.13% | Time: 0.0217s | GPU Mem: 0.29GB/3.70GB
Epoch: 54 [300/391] Loss: 0.4621 | Acc: 87.88% | Time: 0.0236s | GPU Mem: 0.29GB/3.70GB

训练 - Loss: 0.3998, Acc: 87.76%
测试 - Loss: 0.9223, Acc: 74.28%
学习率: 0.010000, 时间: 19.38s
GPU内存使用:
  GPU 1 - 已分配: 0.29GB, 已保留: 3.70GB

============================================================
Epoch 56/100
============================================================
Epoch: 55 [0/391] Loss: 0.2998 | Acc: 91.41% | Time: 0.0307s | GPU Mem: 0.29GB/3.70GB
Epoch: 55 [100/391] Loss: 0.4232 | Acc: 89.68% | Time: 0.0265s | GPU Mem: 0.29GB/3.70GB
Epoch: 55 [200/391] Loss: 0.3338 | Acc: 89.28% | Time: 0.0239s | GPU Mem: 0.29GB/3.70GB
Epoch: 55 [300/391] Loss: 0.3933 | Acc: 89.03% | Time: 0.0286s | GPU Mem: 0.29GB/3.70GB

训练 - Loss: 0.3688, Acc: 88.72%
测试 - Loss: 0.9348, Acc: 74.40%
学习率: 0.010000, 时间: 19.38s
GPU内存使用:
  GPU 1 - 已分配: 0.29GB, 已保留: 3.70GB
最佳准确率更新: 74.36% -> 74.40%
保存最佳模型到: ./checkpoints/best_model.pth

============================================================
Epoch 57/100
============================================================
Epoch: 56 [0/391] Loss: 0.2562 | Acc: 92.19% | Time: 0.0257s | GPU Mem: 0.29GB/3.70GB
Epoch: 56 [100/391] Loss: 0.3167 | Acc: 90.65% | Time: 0.0302s | GPU Mem: 0.29GB/3.70GB
Epoch: 56 [200/391] Loss: 0.3170 | Acc: 90.33% | Time: 0.0232s | GPU Mem: 0.29GB/3.70GB
Epoch: 56 [300/391] Loss: 0.3210 | Acc: 90.11% | Time: 0.0228s | GPU Mem: 0.29GB/3.70GB

训练 - Loss: 0.3332, Acc: 89.82%
测试 - Loss: 0.9396, Acc: 74.46%
学习率: 0.010000, 时间: 19.35s
GPU内存使用:
  GPU 1 - 已分配: 0.29GB, 已保留: 3.70GB
最佳准确率更新: 74.40% -> 74.46%
保存最佳模型到: ./checkpoints/best_model.pth

============================================================
Epoch 58/100
============================================================
Epoch: 57 [0/391] Loss: 0.2777 | Acc: 92.19% | Time: 0.0335s | GPU Mem: 0.29GB/3.70GB
Epoch: 57 [100/391] Loss: 0.2540 | Acc: 91.34% | Time: 0.0209s | GPU Mem: 0.29GB/3.70GB
Epoch: 57 [200/391] Loss: 0.2905 | Acc: 91.01% | Time: 0.0224s | GPU Mem: 0.29GB/3.70GB
Epoch: 57 [300/391] Loss: 0.2689 | Acc: 90.80% | Time: 0.0233s | GPU Mem: 0.29GB/3.70GB

训练 - Loss: 0.3109, Acc: 90.60%
测试 - Loss: 0.9772, Acc: 74.17%
学习率: 0.010000, 时间: 19.38s
GPU内存使用:
  GPU 1 - 已分配: 0.29GB, 已保留: 3.70GB

============================================================
Epoch 59/100
============================================================
Epoch: 58 [0/391] Loss: 0.2179 | Acc: 94.53% | Time: 0.0373s | GPU Mem: 0.29GB/3.70GB
Epoch: 58 [100/391] Loss: 0.3317 | Acc: 92.25% | Time: 0.0301s | GPU Mem: 0.29GB/3.70GB
Epoch: 58 [200/391] Loss: 0.3607 | Acc: 91.97% | Time: 0.0232s | GPU Mem: 0.29GB/3.70GB
Epoch: 58 [300/391] Loss: 0.2827 | Acc: 91.57% | Time: 0.0280s | GPU Mem: 0.29GB/3.70GB

训练 - Loss: 0.2836, Acc: 91.36%
测试 - Loss: 0.9885, Acc: 74.25%
学习率: 0.010000, 时间: 19.33s
GPU内存使用:
  GPU 1 - 已分配: 0.29GB, 已保留: 3.70GB

============================================================
Epoch 60/100
============================================================
Epoch: 59 [0/391] Loss: 0.3146 | Acc: 89.84% | Time: 0.0280s | GPU Mem: 0.29GB/3.70GB
Epoch: 59 [100/391] Loss: 0.2461 | Acc: 92.69% | Time: 0.0201s | GPU Mem: 0.29GB/3.70GB
Epoch: 59 [200/391] Loss: 0.3239 | Acc: 92.34% | Time: 0.0208s | GPU Mem: 0.29GB/3.70GB
Epoch: 59 [300/391] Loss: 0.2369 | Acc: 92.09% | Time: 0.0235s | GPU Mem: 0.29GB/3.70GB

训练 - Loss: 0.2648, Acc: 91.92%
测试 - Loss: 1.0054, Acc: 74.41%
学习率: 0.010000, 时间: 19.36s
GPU内存使用:
  GPU 1 - 已分配: 0.29GB, 已保留: 3.70GB
保存checkpoint到: ./checkpoints/checkpoint_epoch_60.pth

============================================================
Epoch 61/100
============================================================
Epoch: 60 [0/391] Loss: 0.2339 | Acc: 92.19% | Time: 0.0255s | GPU Mem: 0.29GB/3.70GB
Epoch: 60 [100/391] Loss: 0.2196 | Acc: 93.46% | Time: 0.0308s | GPU Mem: 0.29GB/3.70GB
Epoch: 60 [200/391] Loss: 0.3818 | Acc: 92.96% | Time: 0.0204s | GPU Mem: 0.29GB/3.70GB
Epoch: 60 [300/391] Loss: 0.2151 | Acc: 92.66% | Time: 0.0245s | GPU Mem: 0.29GB/3.70GB

训练 - Loss: 0.2451, Acc: 92.53%
测试 - Loss: 1.0517, Acc: 73.22%
学习率: 0.010000, 时间: 19.33s
GPU内存使用:
  GPU 1 - 已分配: 0.29GB, 已保留: 3.70GB

============================================================
Epoch 62/100
============================================================
Epoch: 61 [0/391] Loss: 0.1679 | Acc: 94.53% | Time: 0.0341s | GPU Mem: 0.29GB/3.70GB
Epoch: 61 [100/391] Loss: 0.2967 | Acc: 94.04% | Time: 0.0235s | GPU Mem: 0.29GB/3.70GB
Epoch: 61 [200/391] Loss: 0.2988 | Acc: 93.56% | Time: 0.0269s | GPU Mem: 0.29GB/3.70GB
Epoch: 61 [300/391] Loss: 0.1913 | Acc: 93.28% | Time: 0.0219s | GPU Mem: 0.29GB/3.70GB

训练 - Loss: 0.2290, Acc: 93.08%
测试 - Loss: 1.0369, Acc: 74.00%
学习率: 0.010000, 时间: 19.32s
GPU内存使用:
  GPU 1 - 已分配: 0.29GB, 已保留: 3.70GB

============================================================
Epoch 63/100
============================================================
Epoch: 62 [0/391] Loss: 0.2562 | Acc: 92.97% | Time: 0.0327s | GPU Mem: 0.29GB/3.70GB
Epoch: 62 [100/391] Loss: 0.1746 | Acc: 94.25% | Time: 0.0215s | GPU Mem: 0.29GB/3.70GB
Epoch: 62 [200/391] Loss: 0.2669 | Acc: 93.87% | Time: 0.0223s | GPU Mem: 0.29GB/3.70GB
Epoch: 62 [300/391] Loss: 0.1719 | Acc: 93.72% | Time: 0.0275s | GPU Mem: 0.29GB/3.70GB

训练 - Loss: 0.2134, Acc: 93.50%
测试 - Loss: 1.0943, Acc: 72.65%
学习率: 0.010000, 时间: 19.39s
GPU内存使用:
  GPU 1 - 已分配: 0.29GB, 已保留: 3.70GB

============================================================
Epoch 64/100
============================================================
Epoch: 63 [0/391] Loss: 0.1875 | Acc: 94.53% | Time: 0.0331s | GPU Mem: 0.29GB/3.70GB
Epoch: 63 [100/391] Loss: 0.2299 | Acc: 94.28% | Time: 0.0203s | GPU Mem: 0.29GB/3.70GB
Epoch: 63 [200/391] Loss: 0.2163 | Acc: 94.31% | Time: 0.0228s | GPU Mem: 0.29GB/3.70GB
Epoch: 63 [300/391] Loss: 0.1898 | Acc: 94.14% | Time: 0.0225s | GPU Mem: 0.29GB/3.70GB

训练 - Loss: 0.2016, Acc: 93.89%
测试 - Loss: 1.0915, Acc: 72.95%
学习率: 0.010000, 时间: 19.36s
GPU内存使用:
  GPU 1 - 已分配: 0.29GB, 已保留: 3.70GB

============================================================
Epoch 65/100
============================================================
Epoch: 64 [0/391] Loss: 0.1366 | Acc: 96.09% | Time: 0.0372s | GPU Mem: 0.29GB/3.70GB
Epoch: 64 [100/391] Loss: 0.1761 | Acc: 94.69% | Time: 0.0258s | GPU Mem: 0.29GB/3.70GB
Epoch: 64 [200/391] Loss: 0.1500 | Acc: 94.55% | Time: 0.0281s | GPU Mem: 0.29GB/3.70GB
Epoch: 64 [300/391] Loss: 0.2956 | Acc: 94.39% | Time: 0.0207s | GPU Mem: 0.29GB/3.70GB

训练 - Loss: 0.1959, Acc: 94.11%
测试 - Loss: 1.1227, Acc: 73.09%
学习率: 0.010000, 时间: 19.36s
GPU内存使用:
  GPU 1 - 已分配: 0.29GB, 已保留: 3.70GB

============================================================
Epoch 66/100
============================================================
Epoch: 65 [0/391] Loss: 0.1646 | Acc: 95.31% | Time: 0.0177s | GPU Mem: 0.29GB/3.70GB
Epoch: 65 [100/391] Loss: 0.1610 | Acc: 94.94% | Time: 0.0183s | GPU Mem: 0.29GB/3.70GB
Epoch: 65 [200/391] Loss: 0.1644 | Acc: 94.78% | Time: 0.0185s | GPU Mem: 0.29GB/3.70GB
Epoch: 65 [300/391] Loss: 0.2276 | Acc: 94.54% | Time: 0.0221s | GPU Mem: 0.29GB/3.70GB

训练 - Loss: 0.1870, Acc: 94.29%
测试 - Loss: 1.1395, Acc: 72.97%
学习率: 0.010000, 时间: 19.37s
GPU内存使用:
  GPU 1 - 已分配: 0.29GB, 已保留: 3.70GB

============================================================
Epoch 67/100
============================================================
Epoch: 66 [0/391] Loss: 0.1734 | Acc: 95.31% | Time: 0.0330s | GPU Mem: 0.29GB/3.70GB
Epoch: 66 [100/391] Loss: 0.1698 | Acc: 94.90% | Time: 0.0223s | GPU Mem: 0.29GB/3.70GB
Epoch: 66 [200/391] Loss: 0.1336 | Acc: 94.62% | Time: 0.0228s | GPU Mem: 0.29GB/3.70GB
Epoch: 66 [300/391] Loss: 0.1645 | Acc: 94.37% | Time: 0.0261s | GPU Mem: 0.29GB/3.70GB

训练 - Loss: 0.1910, Acc: 94.11%
测试 - Loss: 1.1112, Acc: 73.28%
学习率: 0.010000, 时间: 19.39s
GPU内存使用:
  GPU 1 - 已分配: 0.29GB, 已保留: 3.70GB

============================================================
Epoch 68/100
============================================================
Epoch: 67 [0/391] Loss: 0.1679 | Acc: 94.53% | Time: 0.0315s | GPU Mem: 0.29GB/3.70GB
Epoch: 67 [100/391] Loss: 0.1336 | Acc: 95.65% | Time: 0.0270s | GPU Mem: 0.29GB/3.70GB
Epoch: 67 [200/391] Loss: 0.1552 | Acc: 95.19% | Time: 0.0274s | GPU Mem: 0.29GB/3.70GB
Epoch: 67 [300/391] Loss: 0.2345 | Acc: 94.85% | Time: 0.0219s | GPU Mem: 0.29GB/3.70GB

训练 - Loss: 0.1774, Acc: 94.65%
测试 - Loss: 1.1887, Acc: 71.90%
学习率: 0.010000, 时间: 19.37s
GPU内存使用:
  GPU 1 - 已分配: 0.29GB, 已保留: 3.70GB

============================================================
Epoch 69/100
============================================================
Epoch: 68 [0/391] Loss: 0.2240 | Acc: 94.53% | Time: 0.0289s | GPU Mem: 0.29GB/3.70GB
Epoch: 68 [100/391] Loss: 0.1504 | Acc: 95.20% | Time: 0.0248s | GPU Mem: 0.29GB/3.70GB
Epoch: 68 [200/391] Loss: 0.1944 | Acc: 95.01% | Time: 0.0223s | GPU Mem: 0.29GB/3.70GB
Epoch: 68 [300/391] Loss: 0.1820 | Acc: 94.94% | Time: 0.0273s | GPU Mem: 0.29GB/3.70GB

训练 - Loss: 0.1748, Acc: 94.68%
测试 - Loss: 1.2004, Acc: 72.31%
学习率: 0.010000, 时间: 19.42s
GPU内存使用:
  GPU 1 - 已分配: 0.29GB, 已保留: 3.70GB

============================================================
Epoch 70/100
============================================================
Epoch: 69 [0/391] Loss: 0.1812 | Acc: 95.31% | Time: 0.0274s | GPU Mem: 0.29GB/3.70GB
Epoch: 69 [100/391] Loss: 0.0849 | Acc: 95.79% | Time: 0.0293s | GPU Mem: 0.29GB/3.70GB
Epoch: 69 [200/391] Loss: 0.1478 | Acc: 95.42% | Time: 0.0203s | GPU Mem: 0.29GB/3.70GB
Epoch: 69 [300/391] Loss: 0.3619 | Acc: 95.07% | Time: 0.0208s | GPU Mem: 0.29GB/3.70GB

训练 - Loss: 0.1703, Acc: 94.84%
测试 - Loss: 1.1778, Acc: 72.45%
学习率: 0.010000, 时间: 19.40s
GPU内存使用:
  GPU 1 - 已分配: 0.29GB, 已保留: 3.70GB
保存checkpoint到: ./checkpoints/checkpoint_epoch_70.pth

============================================================
Epoch 71/100
============================================================
Epoch: 70 [0/391] Loss: 0.0892 | Acc: 97.66% | Time: 0.0288s | GPU Mem: 0.29GB/3.70GB
Epoch: 70 [100/391] Loss: 0.1161 | Acc: 95.57% | Time: 0.0220s | GPU Mem: 0.29GB/3.70GB
Epoch: 70 [200/391] Loss: 0.2618 | Acc: 95.41% | Time: 0.0203s | GPU Mem: 0.29GB/3.70GB
Epoch: 70 [300/391] Loss: 0.1939 | Acc: 95.21% | Time: 0.0219s | GPU Mem: 0.29GB/3.70GB

训练 - Loss: 0.1659, Acc: 95.02%
测试 - Loss: 1.1622, Acc: 72.63%
学习率: 0.010000, 时间: 19.36s
GPU内存使用:
  GPU 1 - 已分配: 0.29GB, 已保留: 3.70GB

============================================================
Epoch 72/100
============================================================
Epoch: 71 [0/391] Loss: 0.0947 | Acc: 97.66% | Time: 0.0264s | GPU Mem: 0.29GB/3.70GB
Epoch: 71 [100/391] Loss: 0.2133 | Acc: 95.46% | Time: 0.0218s | GPU Mem: 0.29GB/3.70GB
Epoch: 71 [200/391] Loss: 0.1812 | Acc: 95.27% | Time: 0.0290s | GPU Mem: 0.29GB/3.70GB
Epoch: 71 [300/391] Loss: 0.1884 | Acc: 94.85% | Time: 0.0211s | GPU Mem: 0.29GB/3.70GB

训练 - Loss: 0.1763, Acc: 94.62%
测试 - Loss: 1.1946, Acc: 72.21%
学习率: 0.010000, 时间: 19.40s
GPU内存使用:
  GPU 1 - 已分配: 0.29GB, 已保留: 3.70GB

============================================================
Epoch 73/100
============================================================
Epoch: 72 [0/391] Loss: 0.1600 | Acc: 96.88% | Time: 0.0271s | GPU Mem: 0.29GB/3.70GB
Epoch: 72 [100/391] Loss: 0.1822 | Acc: 95.61% | Time: 0.0208s | GPU Mem: 0.29GB/3.70GB
Epoch: 72 [200/391] Loss: 0.2116 | Acc: 95.48% | Time: 0.0216s | GPU Mem: 0.29GB/3.70GB
Epoch: 72 [300/391] Loss: 0.1248 | Acc: 95.21% | Time: 0.0208s | GPU Mem: 0.29GB/3.70GB

训练 - Loss: 0.1650, Acc: 94.96%
测试 - Loss: 1.2256, Acc: 71.67%
学习率: 0.010000, 时间: 19.36s
GPU内存使用:
  GPU 1 - 已分配: 0.29GB, 已保留: 3.70GB

============================================================
Epoch 74/100
============================================================
Epoch: 73 [0/391] Loss: 0.1255 | Acc: 95.31% | Time: 0.0276s | GPU Mem: 0.29GB/3.70GB
Epoch: 73 [100/391] Loss: 0.1614 | Acc: 95.48% | Time: 0.0212s | GPU Mem: 0.29GB/3.70GB
Epoch: 73 [200/391] Loss: 0.2016 | Acc: 95.27% | Time: 0.0276s | GPU Mem: 0.29GB/3.70GB
Epoch: 73 [300/391] Loss: 0.1343 | Acc: 94.98% | Time: 0.0220s | GPU Mem: 0.29GB/3.70GB

训练 - Loss: 0.1715, Acc: 94.77%
测试 - Loss: 1.2210, Acc: 71.58%
学习率: 0.010000, 时间: 19.34s
GPU内存使用:
  GPU 1 - 已分配: 0.29GB, 已保留: 3.70GB

============================================================
Epoch 75/100
============================================================
Epoch: 74 [0/391] Loss: 0.1184 | Acc: 95.31% | Time: 0.0229s | GPU Mem: 0.29GB/3.70GB
Epoch: 74 [100/391] Loss: 0.1792 | Acc: 95.34% | Time: 0.0217s | GPU Mem: 0.29GB/3.70GB
Epoch: 74 [200/391] Loss: 0.1857 | Acc: 95.27% | Time: 0.0228s | GPU Mem: 0.29GB/3.70GB
Epoch: 74 [300/391] Loss: 0.1572 | Acc: 95.12% | Time: 0.0228s | GPU Mem: 0.29GB/3.70GB

训练 - Loss: 0.1676, Acc: 94.85%
测试 - Loss: 1.2015, Acc: 71.83%
学习率: 0.010000, 时间: 19.34s
GPU内存使用:
  GPU 1 - 已分配: 0.29GB, 已保留: 3.70GB

============================================================
Epoch 76/100
============================================================
Epoch: 75 [0/391] Loss: 0.1042 | Acc: 98.44% | Time: 0.0271s | GPU Mem: 0.29GB/3.70GB
Epoch: 75 [100/391] Loss: 0.1274 | Acc: 95.69% | Time: 0.0235s | GPU Mem: 0.29GB/3.70GB
Epoch: 75 [200/391] Loss: 0.1525 | Acc: 95.43% | Time: 0.0282s | GPU Mem: 0.29GB/3.70GB
Epoch: 75 [300/391] Loss: 0.1613 | Acc: 95.10% | Time: 0.0276s | GPU Mem: 0.29GB/3.70GB

训练 - Loss: 0.1731, Acc: 94.74%
测试 - Loss: 1.2087, Acc: 71.89%
学习率: 0.010000, 时间: 19.37s
GPU内存使用:
  GPU 1 - 已分配: 0.29GB, 已保留: 3.70GB

============================================================
Epoch 77/100
============================================================
Epoch: 76 [0/391] Loss: 0.1166 | Acc: 97.66% | Time: 0.0268s | GPU Mem: 0.29GB/3.70GB
Epoch: 76 [100/391] Loss: 0.1749 | Acc: 95.38% | Time: 0.0219s | GPU Mem: 0.29GB/3.70GB
Epoch: 76 [200/391] Loss: 0.1189 | Acc: 95.37% | Time: 0.0242s | GPU Mem: 0.29GB/3.70GB
Epoch: 76 [300/391] Loss: 0.1880 | Acc: 95.14% | Time: 0.0210s | GPU Mem: 0.29GB/3.70GB

训练 - Loss: 0.1685, Acc: 94.94%
测试 - Loss: 1.2458, Acc: 71.45%
学习率: 0.010000, 时间: 19.36s
GPU内存使用:
  GPU 1 - 已分配: 0.29GB, 已保留: 3.70GB

============================================================
Epoch 78/100
============================================================
Epoch: 77 [0/391] Loss: 0.1608 | Acc: 93.75% | Time: 0.0291s | GPU Mem: 0.29GB/3.70GB
Epoch: 77 [100/391] Loss: 0.1165 | Acc: 95.78% | Time: 0.0224s | GPU Mem: 0.29GB/3.70GB
Epoch: 77 [200/391] Loss: 0.1212 | Acc: 95.75% | Time: 0.0322s | GPU Mem: 0.29GB/3.70GB
Epoch: 77 [300/391] Loss: 0.1983 | Acc: 95.28% | Time: 0.0218s | GPU Mem: 0.29GB/3.70GB

训练 - Loss: 0.1649, Acc: 94.94%
测试 - Loss: 1.2409, Acc: 71.72%
学习率: 0.010000, 时间: 19.38s
GPU内存使用:
  GPU 1 - 已分配: 0.29GB, 已保留: 3.70GB

============================================================
Epoch 79/100
============================================================
Epoch: 78 [0/391] Loss: 0.0954 | Acc: 98.44% | Time: 0.0296s | GPU Mem: 0.29GB/3.70GB
Epoch: 78 [100/391] Loss: 0.1684 | Acc: 95.89% | Time: 0.0218s | GPU Mem: 0.29GB/3.70GB
Epoch: 78 [200/391] Loss: 0.1472 | Acc: 95.44% | Time: 0.0266s | GPU Mem: 0.29GB/3.70GB
Epoch: 78 [300/391] Loss: 0.2709 | Acc: 95.10% | Time: 0.0241s | GPU Mem: 0.29GB/3.70GB

训练 - Loss: 0.1677, Acc: 94.85%
测试 - Loss: 1.2520, Acc: 71.72%
学习率: 0.010000, 时间: 19.36s
GPU内存使用:
  GPU 1 - 已分配: 0.29GB, 已保留: 3.70GB

============================================================
Epoch 80/100
============================================================
Epoch: 79 [0/391] Loss: 0.1638 | Acc: 93.75% | Time: 0.0306s | GPU Mem: 0.29GB/3.70GB
Epoch: 79 [100/391] Loss: 0.1642 | Acc: 95.76% | Time: 0.0262s | GPU Mem: 0.29GB/3.70GB
Epoch: 79 [200/391] Loss: 0.1533 | Acc: 95.33% | Time: 0.0184s | GPU Mem: 0.29GB/3.70GB
Epoch: 79 [300/391] Loss: 0.2132 | Acc: 95.03% | Time: 0.0190s | GPU Mem: 0.29GB/3.70GB

训练 - Loss: 0.1668, Acc: 94.93%
测试 - Loss: 1.2491, Acc: 71.50%
学习率: 0.010000, 时间: 19.36s
GPU内存使用:
  GPU 1 - 已分配: 0.29GB, 已保留: 3.70GB
保存checkpoint到: ./checkpoints/checkpoint_epoch_80.pth

============================================================
Epoch 81/100
============================================================
Epoch: 80 [0/391] Loss: 0.0777 | Acc: 99.22% | Time: 0.0339s | GPU Mem: 0.29GB/3.70GB
Epoch: 80 [100/391] Loss: 0.1221 | Acc: 95.86% | Time: 0.0203s | GPU Mem: 0.29GB/3.70GB
Epoch: 80 [200/391] Loss: 0.1717 | Acc: 95.66% | Time: 0.0222s | GPU Mem: 0.29GB/3.70GB
Epoch: 80 [300/391] Loss: 0.1200 | Acc: 95.60% | Time: 0.0241s | GPU Mem: 0.29GB/3.70GB

训练 - Loss: 0.1568, Acc: 95.33%
测试 - Loss: 1.2340, Acc: 71.56%
学习率: 0.010000, 时间: 19.33s
GPU内存使用:
  GPU 1 - 已分配: 0.29GB, 已保留: 3.70GB

============================================================
Epoch 82/100
============================================================
Epoch: 81 [0/391] Loss: 0.1320 | Acc: 97.66% | Time: 0.0340s | GPU Mem: 0.29GB/3.70GB
Epoch: 81 [100/391] Loss: 0.1727 | Acc: 95.34% | Time: 0.0251s | GPU Mem: 0.29GB/3.70GB
Epoch: 81 [200/391] Loss: 0.1883 | Acc: 95.15% | Time: 0.0283s | GPU Mem: 0.29GB/3.70GB
Epoch: 81 [300/391] Loss: 0.2389 | Acc: 94.93% | Time: 0.0262s | GPU Mem: 0.29GB/3.70GB

训练 - Loss: 0.1698, Acc: 94.78%
测试 - Loss: 1.2894, Acc: 70.54%
学习率: 0.010000, 时间: 19.39s
GPU内存使用:
  GPU 1 - 已分配: 0.29GB, 已保留: 3.70GB

============================================================
Epoch 83/100
============================================================
Epoch: 82 [0/391] Loss: 0.1329 | Acc: 96.88% | Time: 0.0281s | GPU Mem: 0.29GB/3.70GB
Epoch: 82 [100/391] Loss: 0.1319 | Acc: 95.44% | Time: 0.0250s | GPU Mem: 0.29GB/3.70GB
Epoch: 82 [200/391] Loss: 0.1145 | Acc: 95.47% | Time: 0.0260s | GPU Mem: 0.29GB/3.70GB
Epoch: 82 [300/391] Loss: 0.1884 | Acc: 95.31% | Time: 0.0250s | GPU Mem: 0.29GB/3.70GB

训练 - Loss: 0.1624, Acc: 95.06%
测试 - Loss: 1.3122, Acc: 69.96%
学习率: 0.010000, 时间: 19.45s
GPU内存使用:
  GPU 1 - 已分配: 0.29GB, 已保留: 3.70GB

============================================================
Epoch 84/100
============================================================
Epoch: 83 [0/391] Loss: 0.1114 | Acc: 96.88% | Time: 0.0282s | GPU Mem: 0.29GB/3.70GB
Epoch: 83 [100/391] Loss: 0.1454 | Acc: 95.06% | Time: 0.0233s | GPU Mem: 0.29GB/3.70GB
Epoch: 83 [200/391] Loss: 0.0935 | Acc: 95.02% | Time: 0.0203s | GPU Mem: 0.29GB/3.70GB
Epoch: 83 [300/391] Loss: 0.2023 | Acc: 94.95% | Time: 0.0282s | GPU Mem: 0.29GB/3.70GB

训练 - Loss: 0.1691, Acc: 94.80%
测试 - Loss: 1.2657, Acc: 70.61%
学习率: 0.010000, 时间: 19.33s
GPU内存使用:
  GPU 1 - 已分配: 0.29GB, 已保留: 3.70GB

============================================================
Epoch 85/100
============================================================
Epoch: 84 [0/391] Loss: 0.1591 | Acc: 94.53% | Time: 0.0249s | GPU Mem: 0.29GB/3.70GB
Epoch: 84 [100/391] Loss: 0.1772 | Acc: 95.57% | Time: 0.0208s | GPU Mem: 0.29GB/3.70GB
Epoch: 84 [200/391] Loss: 0.1465 | Acc: 95.42% | Time: 0.0203s | GPU Mem: 0.29GB/3.70GB
Epoch: 84 [300/391] Loss: 0.2429 | Acc: 95.02% | Time: 0.0213s | GPU Mem: 0.29GB/3.70GB

训练 - Loss: 0.1704, Acc: 94.80%
测试 - Loss: 1.2473, Acc: 71.04%
学习率: 0.010000, 时间: 19.32s
GPU内存使用:
  GPU 1 - 已分配: 0.29GB, 已保留: 3.70GB

============================================================
Epoch 86/100
============================================================
Epoch: 85 [0/391] Loss: 0.1131 | Acc: 96.88% | Time: 0.0248s | GPU Mem: 0.29GB/3.70GB
Epoch: 85 [100/391] Loss: 0.1882 | Acc: 95.34% | Time: 0.0221s | GPU Mem: 0.29GB/3.70GB
Epoch: 85 [200/391] Loss: 0.2596 | Acc: 95.02% | Time: 0.0251s | GPU Mem: 0.29GB/3.70GB
Epoch: 85 [300/391] Loss: 0.1707 | Acc: 94.77% | Time: 0.0217s | GPU Mem: 0.29GB/3.70GB

训练 - Loss: 0.1798, Acc: 94.49%
测试 - Loss: 1.2867, Acc: 70.08%
学习率: 0.010000, 时间: 19.41s
GPU内存使用:
  GPU 1 - 已分配: 0.29GB, 已保留: 3.70GB

============================================================
Epoch 87/100
============================================================
Epoch: 86 [0/391] Loss: 0.2259 | Acc: 89.84% | Time: 0.0343s | GPU Mem: 0.29GB/3.70GB
Epoch: 86 [100/391] Loss: 0.1989 | Acc: 95.09% | Time: 0.0227s | GPU Mem: 0.29GB/3.70GB
Epoch: 86 [200/391] Loss: 0.1757 | Acc: 94.99% | Time: 0.0222s | GPU Mem: 0.29GB/3.70GB
Epoch: 86 [300/391] Loss: 0.1319 | Acc: 94.59% | Time: 0.0227s | GPU Mem: 0.29GB/3.70GB

训练 - Loss: 0.1845, Acc: 94.39%
测试 - Loss: 1.2522, Acc: 71.20%
学习率: 0.010000, 时间: 19.32s
GPU内存使用:
  GPU 1 - 已分配: 0.29GB, 已保留: 3.70GB

============================================================
Epoch 88/100
============================================================
Epoch: 87 [0/391] Loss: 0.1104 | Acc: 96.88% | Time: 0.0304s | GPU Mem: 0.29GB/3.70GB
Epoch: 87 [100/391] Loss: 0.1591 | Acc: 95.13% | Time: 0.0228s | GPU Mem: 0.29GB/3.70GB
Epoch: 87 [200/391] Loss: 0.1471 | Acc: 95.10% | Time: 0.0390s | GPU Mem: 0.29GB/3.70GB
Epoch: 87 [300/391] Loss: 0.2613 | Acc: 95.02% | Time: 0.0208s | GPU Mem: 0.29GB/3.70GB

训练 - Loss: 0.1698, Acc: 94.81%
测试 - Loss: 1.3726, Acc: 69.25%
学习率: 0.010000, 时间: 19.36s
GPU内存使用:
  GPU 1 - 已分配: 0.29GB, 已保留: 3.70GB

============================================================
Epoch 89/100
============================================================
Epoch: 88 [0/391] Loss: 0.2020 | Acc: 92.97% | Time: 0.0284s | GPU Mem: 0.29GB/3.70GB
Epoch: 88 [100/391] Loss: 0.1823 | Acc: 95.21% | Time: 0.0204s | GPU Mem: 0.29GB/3.70GB
Epoch: 88 [200/391] Loss: 0.1531 | Acc: 95.05% | Time: 0.0258s | GPU Mem: 0.29GB/3.70GB
Epoch: 88 [300/391] Loss: 0.1034 | Acc: 95.01% | Time: 0.0222s | GPU Mem: 0.29GB/3.70GB

训练 - Loss: 0.1722, Acc: 94.79%
测试 - Loss: 1.2290, Acc: 71.90%
学习率: 0.010000, 时间: 19.36s
GPU内存使用:
  GPU 1 - 已分配: 0.29GB, 已保留: 3.70GB

============================================================
Epoch 90/100
============================================================
Epoch: 89 [0/391] Loss: 0.1486 | Acc: 96.09% | Time: 0.0326s | GPU Mem: 0.29GB/3.70GB
Epoch: 89 [100/391] Loss: 0.0818 | Acc: 95.32% | Time: 0.0280s | GPU Mem: 0.29GB/3.70GB
Epoch: 89 [200/391] Loss: 0.0908 | Acc: 95.44% | Time: 0.0210s | GPU Mem: 0.29GB/3.70GB
Epoch: 89 [300/391] Loss: 0.1844 | Acc: 95.29% | Time: 0.0232s | GPU Mem: 0.29GB/3.70GB

训练 - Loss: 0.1646, Acc: 95.06%
测试 - Loss: 1.2774, Acc: 71.04%
学习率: 0.010000, 时间: 19.33s
GPU内存使用:
  GPU 1 - 已分配: 0.29GB, 已保留: 3.70GB
保存checkpoint到: ./checkpoints/checkpoint_epoch_90.pth

============================================================
Epoch 91/100
============================================================
Epoch: 90 [0/391] Loss: 0.1968 | Acc: 94.53% | Time: 0.0331s | GPU Mem: 0.29GB/3.70GB
Epoch: 90 [100/391] Loss: 0.1406 | Acc: 95.17% | Time: 0.0249s | GPU Mem: 0.29GB/3.70GB
Epoch: 90 [200/391] Loss: 0.1658 | Acc: 95.16% | Time: 0.0211s | GPU Mem: 0.29GB/3.70GB
Epoch: 90 [300/391] Loss: 0.2239 | Acc: 94.80% | Time: 0.0212s | GPU Mem: 0.29GB/3.70GB

训练 - Loss: 0.1779, Acc: 94.60%
测试 - Loss: 1.3298, Acc: 69.55%
学习率: 0.010000, 时间: 19.32s
GPU内存使用:
  GPU 1 - 已分配: 0.29GB, 已保留: 3.70GB

============================================================
Epoch 92/100
============================================================
Epoch: 91 [0/391] Loss: 0.1233 | Acc: 96.09% | Time: 0.0245s | GPU Mem: 0.29GB/3.70GB
Epoch: 91 [100/391] Loss: 0.1228 | Acc: 94.95% | Time: 0.0222s | GPU Mem: 0.29GB/3.70GB
Epoch: 91 [200/391] Loss: 0.1627 | Acc: 95.00% | Time: 0.0299s | GPU Mem: 0.29GB/3.70GB
Epoch: 91 [300/391] Loss: 0.1934 | Acc: 94.76% | Time: 0.0205s | GPU Mem: 0.29GB/3.70GB

训练 - Loss: 0.1745, Acc: 94.65%
测试 - Loss: 1.3173, Acc: 69.84%
学习率: 0.010000, 时间: 19.37s
GPU内存使用:
  GPU 1 - 已分配: 0.29GB, 已保留: 3.70GB

============================================================
Epoch 93/100
============================================================
Epoch: 92 [0/391] Loss: 0.1291 | Acc: 96.09% | Time: 0.0272s | GPU Mem: 0.29GB/3.70GB
Epoch: 92 [100/391] Loss: 0.1330 | Acc: 95.55% | Time: 0.0208s | GPU Mem: 0.29GB/3.70GB
Epoch: 92 [200/391] Loss: 0.3084 | Acc: 95.13% | Time: 0.0282s | GPU Mem: 0.29GB/3.70GB
Epoch: 92 [300/391] Loss: 0.1468 | Acc: 95.01% | Time: 0.0219s | GPU Mem: 0.29GB/3.70GB

训练 - Loss: 0.1692, Acc: 94.78%
测试 - Loss: 1.3124, Acc: 70.66%
学习率: 0.010000, 时间: 19.41s
GPU内存使用:
  GPU 1 - 已分配: 0.29GB, 已保留: 3.70GB

============================================================
Epoch 94/100
============================================================
Epoch: 93 [0/391] Loss: 0.1364 | Acc: 96.88% | Time: 0.0353s | GPU Mem: 0.29GB/3.70GB
Epoch: 93 [100/391] Loss: 0.1162 | Acc: 95.43% | Time: 0.0214s | GPU Mem: 0.29GB/3.70GB
Epoch: 93 [200/391] Loss: 0.1285 | Acc: 95.53% | Time: 0.0263s | GPU Mem: 0.29GB/3.70GB
Epoch: 93 [300/391] Loss: 0.2573 | Acc: 95.00% | Time: 0.0215s | GPU Mem: 0.29GB/3.70GB

训练 - Loss: 0.1752, Acc: 94.70%
测试 - Loss: 1.2800, Acc: 70.96%
学习率: 0.010000, 时间: 19.45s
GPU内存使用:
  GPU 1 - 已分配: 0.29GB, 已保留: 3.70GB

============================================================
Epoch 95/100
============================================================
Epoch: 94 [0/391] Loss: 0.2081 | Acc: 92.97% | Time: 0.0278s | GPU Mem: 0.29GB/3.70GB
Epoch: 94 [100/391] Loss: 0.1772 | Acc: 95.13% | Time: 0.0225s | GPU Mem: 0.29GB/3.70GB
Epoch: 94 [200/391] Loss: 0.1022 | Acc: 95.01% | Time: 0.0215s | GPU Mem: 0.29GB/3.70GB
Epoch: 94 [300/391] Loss: 0.1160 | Acc: 94.84% | Time: 0.0220s | GPU Mem: 0.29GB/3.70GB

训练 - Loss: 0.1716, Acc: 94.70%
测试 - Loss: 1.3536, Acc: 69.68%
学习率: 0.010000, 时间: 19.45s
GPU内存使用:
  GPU 1 - 已分配: 0.29GB, 已保留: 3.70GB

============================================================
Epoch 96/100
============================================================
Epoch: 95 [0/391] Loss: 0.1790 | Acc: 94.53% | Time: 0.0338s | GPU Mem: 0.29GB/3.70GB
Epoch: 95 [100/391] Loss: 0.1320 | Acc: 95.68% | Time: 0.0228s | GPU Mem: 0.29GB/3.70GB
Epoch: 95 [200/391] Loss: 0.1154 | Acc: 95.53% | Time: 0.0211s | GPU Mem: 0.29GB/3.70GB
Epoch: 95 [300/391] Loss: 0.1745 | Acc: 95.30% | Time: 0.0270s | GPU Mem: 0.29GB/3.70GB

训练 - Loss: 0.1655, Acc: 95.01%
测试 - Loss: 1.3190, Acc: 70.45%
学习率: 0.010000, 时间: 19.36s
GPU内存使用:
  GPU 1 - 已分配: 0.29GB, 已保留: 3.70GB

============================================================
Epoch 97/100
============================================================
Epoch: 96 [0/391] Loss: 0.0746 | Acc: 98.44% | Time: 0.0282s | GPU Mem: 0.29GB/3.70GB
Epoch: 96 [100/391] Loss: 0.1129 | Acc: 95.19% | Time: 0.0279s | GPU Mem: 0.29GB/3.70GB
Epoch: 96 [200/391] Loss: 0.1201 | Acc: 95.27% | Time: 0.0227s | GPU Mem: 0.29GB/3.70GB
Epoch: 96 [300/391] Loss: 0.2020 | Acc: 95.09% | Time: 0.0274s | GPU Mem: 0.29GB/3.70GB

训练 - Loss: 0.1724, Acc: 94.73%
测试 - Loss: 1.3347, Acc: 70.05%
学习率: 0.010000, 时间: 19.37s
GPU内存使用:
  GPU 1 - 已分配: 0.29GB, 已保留: 3.70GB

============================================================
Epoch 98/100
============================================================
Epoch: 97 [0/391] Loss: 0.2659 | Acc: 92.97% | Time: 0.0313s | GPU Mem: 0.29GB/3.70GB
Epoch: 97 [100/391] Loss: 0.1787 | Acc: 95.53% | Time: 0.0207s | GPU Mem: 0.29GB/3.70GB
Epoch: 97 [200/391] Loss: 0.1331 | Acc: 95.20% | Time: 0.0294s | GPU Mem: 0.29GB/3.70GB
Epoch: 97 [300/391] Loss: 0.2560 | Acc: 95.04% | Time: 0.0206s | GPU Mem: 0.29GB/3.70GB

训练 - Loss: 0.1699, Acc: 94.84%
测试 - Loss: 1.3182, Acc: 70.38%
学习率: 0.010000, 时间: 19.38s
GPU内存使用:
  GPU 1 - 已分配: 0.29GB, 已保留: 3.70GB

============================================================
Epoch 99/100
============================================================
Epoch: 98 [0/391] Loss: 0.1515 | Acc: 95.31% | Time: 0.0316s | GPU Mem: 0.29GB/3.70GB
Epoch: 98 [100/391] Loss: 0.1724 | Acc: 95.64% | Time: 0.0216s | GPU Mem: 0.29GB/3.70GB
Epoch: 98 [200/391] Loss: 0.1388 | Acc: 95.17% | Time: 0.0213s | GPU Mem: 0.29GB/3.70GB
Epoch: 98 [300/391] Loss: 0.2098 | Acc: 94.95% | Time: 0.0192s | GPU Mem: 0.29GB/3.70GB

训练 - Loss: 0.1709, Acc: 94.83%
测试 - Loss: 1.3120, Acc: 70.58%
学习率: 0.010000, 时间: 19.38s
GPU内存使用:
  GPU 1 - 已分配: 0.29GB, 已保留: 3.70GB

============================================================
Epoch 100/100
============================================================
Epoch: 99 [0/391] Loss: 0.1770 | Acc: 92.19% | Time: 0.0399s | GPU Mem: 0.29GB/3.70GB
Epoch: 99 [100/391] Loss: 0.1538 | Acc: 95.20% | Time: 0.0241s | GPU Mem: 0.29GB/3.70GB
Epoch: 99 [200/391] Loss: 0.1740 | Acc: 95.08% | Time: 0.0213s | GPU Mem: 0.29GB/3.70GB
Epoch: 99 [300/391] Loss: 0.1366 | Acc: 94.86% | Time: 0.0203s | GPU Mem: 0.29GB/3.70GB

训练 - Loss: 0.1713, Acc: 94.73%
测试 - Loss: 1.3684, Acc: 69.59%
学习率: 0.001000, 时间: 19.33s
GPU内存使用:
  GPU 1 - 已分配: 0.29GB, 已保留: 3.70GB
保存checkpoint到: ./checkpoints/checkpoint_epoch_100.pth

============================================================
训练完成!
============================================================
总时间: 2145.21秒 (35.75分钟)
平均每epoch: 21.45秒
最佳测试准确率: 74.46%
保存最终模型到: ./experiments/group_3_dataloader_optimization_across_training_modes/checkpoints/single_resnet50_bs128_gpu1_nw8_chunks0.pth

训练完成!
