====================================================================================================
Experiment: dp_resnet50_bs128_gpu2_nw2_chunks0
Parameters: {
  "mode": "dp",
  "model": "resnet50",
  "batch_size": 128,
  "epochs": 100,
  "dataset": "cifar100",
  "gpu_ids": [
    1,
    2
  ],
  "num_workers": 2,
  "prefetch_factor": 1,
  "chunks": 0,
  "num_gpus": 2
}
Command: python -u main.py --mode dp --model resnet50 --batch-size 128 --epochs 100 --dataset cifar100 --gpu-ids 1,2 --num-workers 2 --prefetch-factor 1 --chunks 0 --final-checkpoint-path ./experiments/group_1_training_mode_and_hardware_configuration_comparison/checkpoints/dp_resnet50_bs128_gpu2_nw2_chunks0.pth
Start Time: 2025-12-09T20:49:37.845514
====================================================================================================

================================================================================
训练配置:
================================================================================
  mode                     : dp
  gpu_ids                  : [1, 2]
  num_gpus                 : 2
  num_workers              : 2
  prefetch_factor          : 1
  pin_memory               : True
  persistent_workers       : True
  batch_size               : 128
  epochs                   : 100
  lr                       : 0.1
  momentum                 : 0.9
  weight_decay             : 0.0005
  lr_schedule              : step
  lr_step_size             : 50
  lr_gamma                 : 0.1
  dataset                  : cifar100
  data_root                : ./data
  num_classes              : 100
  model                    : resnet50
  save_dir                 : ./checkpoints
  log_interval             : 100
  save_interval            : 10
  final_checkpoint_path    : ./experiments/group_1_training_mode_and_hardware_configuration_comparison/checkpoints/dp_resnet50_bs128_gpu2_nw2_chunks0.pth
  seed                     : 42
  resume                   : None
  evaluate                 : False
  dist_backend             : nccl
  dist_url                 : env://
  effective_batch_size     : 256
  chunks                   : 0
================================================================================

可用GPU数量: 7
  GPU 1: NVIDIA GeForce RTX 4090
  GPU 2: NVIDIA GeForce RTX 4090

使用训练模式: DP

初始化DataParallel训练器...
使用GPU: [1, 2]
主设备: cuda:1
模型已分布到 2 个GPU

开始训练 100 个epochs...
每个GPU的batch size: 128
有效batch size: 256
学习率: 0.1

============================================================
Epoch 1/100
============================================================
Epoch: 0 [0/391] Loss: 4.8477 | Acc: 0.78% | Time: 1.2665s | GPU Mem: [GPU1:0.28GB, GPU2:0.01GB]
Epoch: 0 [100/391] Loss: 4.6170 | Acc: 1.04% | Time: 0.0854s | GPU Mem: [GPU1:0.28GB, GPU2:0.02GB]
Epoch: 0 [200/391] Loss: 4.5586 | Acc: 1.19% | Time: 0.0876s | GPU Mem: [GPU1:0.29GB, GPU2:0.02GB]
Epoch: 0 [300/391] Loss: 4.3627 | Acc: 1.49% | Time: 0.0906s | GPU Mem: [GPU1:0.29GB, GPU2:0.02GB]

训练 - Loss: 4.7805, Acc: 1.95%
测试 - Loss: 4.2919, Acc: 3.78%
学习率: 0.100000, 时间: 38.98s
GPU内存使用:
  GPU 1 - 已分配: 0.29GB, 已保留: 2.22GB
  GPU 2 - 已分配: 0.02GB, 已保留: 1.94GB
最佳准确率更新: 0.00% -> 3.78%
保存最佳模型到: ./checkpoints/best_model_dp.pth

============================================================
Epoch 2/100
============================================================
Epoch: 1 [0/391] Loss: 4.1933 | Acc: 3.12% | Time: 0.1016s | GPU Mem: [GPU1:0.28GB, GPU2:0.02GB]
Epoch: 1 [100/391] Loss: 4.1440 | Acc: 4.56% | Time: 0.0926s | GPU Mem: [GPU1:0.29GB, GPU2:0.02GB]
Epoch: 1 [200/391] Loss: 4.0902 | Acc: 5.12% | Time: 0.0869s | GPU Mem: [GPU1:0.29GB, GPU2:0.02GB]
Epoch: 1 [300/391] Loss: 3.8552 | Acc: 5.49% | Time: 0.0841s | GPU Mem: [GPU1:0.29GB, GPU2:0.02GB]

训练 - Loss: 4.0936, Acc: 5.89%
测试 - Loss: 3.8776, Acc: 8.55%
学习率: 0.100000, 时间: 37.47s
GPU内存使用:
  GPU 1 - 已分配: 0.29GB, 已保留: 2.22GB
  GPU 2 - 已分配: 0.02GB, 已保留: 1.94GB
最佳准确率更新: 3.78% -> 8.55%
保存最佳模型到: ./checkpoints/best_model_dp.pth

============================================================
Epoch 3/100
============================================================
Epoch: 2 [0/391] Loss: 3.8177 | Acc: 10.16% | Time: 0.1045s | GPU Mem: [GPU1:0.28GB, GPU2:0.02GB]
Epoch: 2 [100/391] Loss: 3.9609 | Acc: 8.85% | Time: 0.0898s | GPU Mem: [GPU1:0.29GB, GPU2:0.02GB]
Epoch: 2 [200/391] Loss: 3.6902 | Acc: 9.15% | Time: 0.0921s | GPU Mem: [GPU1:0.29GB, GPU2:0.02GB]
Epoch: 2 [300/391] Loss: 3.5419 | Acc: 9.46% | Time: 0.0890s | GPU Mem: [GPU1:0.29GB, GPU2:0.02GB]

训练 - Loss: 3.7930, Acc: 10.09%
测试 - Loss: 3.6443, Acc: 13.04%
学习率: 0.100000, 时间: 37.73s
GPU内存使用:
  GPU 1 - 已分配: 0.29GB, 已保留: 2.22GB
  GPU 2 - 已分配: 0.02GB, 已保留: 1.94GB
最佳准确率更新: 8.55% -> 13.04%
保存最佳模型到: ./checkpoints/best_model_dp.pth

============================================================
Epoch 4/100
============================================================
Epoch: 3 [0/391] Loss: 3.4713 | Acc: 14.06% | Time: 0.1056s | GPU Mem: [GPU1:0.28GB, GPU2:0.02GB]
Epoch: 3 [100/391] Loss: 3.4813 | Acc: 13.35% | Time: 0.0823s | GPU Mem: [GPU1:0.29GB, GPU2:0.02GB]
Epoch: 3 [200/391] Loss: 3.7666 | Acc: 14.18% | Time: 0.0931s | GPU Mem: [GPU1:0.29GB, GPU2:0.02GB]
Epoch: 3 [300/391] Loss: 3.4546 | Acc: 14.94% | Time: 0.0879s | GPU Mem: [GPU1:0.29GB, GPU2:0.02GB]

训练 - Loss: 3.4779, Acc: 15.60%
测试 - Loss: 3.3096, Acc: 19.82%
学习率: 0.100000, 时间: 37.44s
GPU内存使用:
  GPU 1 - 已分配: 0.29GB, 已保留: 2.22GB
  GPU 2 - 已分配: 0.02GB, 已保留: 1.94GB
最佳准确率更新: 13.04% -> 19.82%
保存最佳模型到: ./checkpoints/best_model_dp.pth

============================================================
Epoch 5/100
============================================================
Epoch: 4 [0/391] Loss: 3.1971 | Acc: 19.53% | Time: 0.0975s | GPU Mem: [GPU1:0.28GB, GPU2:0.02GB]
Epoch: 4 [100/391] Loss: 3.1787 | Acc: 19.61% | Time: 0.0915s | GPU Mem: [GPU1:0.29GB, GPU2:0.02GB]
Epoch: 4 [200/391] Loss: 2.9119 | Acc: 20.12% | Time: 0.0918s | GPU Mem: [GPU1:0.29GB, GPU2:0.02GB]
Epoch: 4 [300/391] Loss: 2.8502 | Acc: 20.95% | Time: 0.1008s | GPU Mem: [GPU1:0.29GB, GPU2:0.02GB]

训练 - Loss: 3.1834, Acc: 21.38%
测试 - Loss: 3.1675, Acc: 22.96%
学习率: 0.100000, 时间: 37.87s
GPU内存使用:
  GPU 1 - 已分配: 0.29GB, 已保留: 2.22GB
  GPU 2 - 已分配: 0.02GB, 已保留: 1.94GB
最佳准确率更新: 19.82% -> 22.96%
保存最佳模型到: ./checkpoints/best_model_dp.pth

============================================================
Epoch 6/100
============================================================
Epoch: 5 [0/391] Loss: 3.0868 | Acc: 19.53% | Time: 0.0957s | GPU Mem: [GPU1:0.28GB, GPU2:0.02GB]
Epoch: 5 [100/391] Loss: 2.7216 | Acc: 25.17% | Time: 0.0915s | GPU Mem: [GPU1:0.29GB, GPU2:0.02GB]
Epoch: 5 [200/391] Loss: 3.0543 | Acc: 25.36% | Time: 0.0975s | GPU Mem: [GPU1:0.29GB, GPU2:0.02GB]
Epoch: 5 [300/391] Loss: 2.7402 | Acc: 25.88% | Time: 0.0921s | GPU Mem: [GPU1:0.29GB, GPU2:0.02GB]

训练 - Loss: 2.9108, Acc: 26.37%
测试 - Loss: 2.8021, Acc: 28.86%
学习率: 0.100000, 时间: 38.04s
GPU内存使用:
  GPU 1 - 已分配: 0.29GB, 已保留: 2.22GB
  GPU 2 - 已分配: 0.02GB, 已保留: 1.94GB
最佳准确率更新: 22.96% -> 28.86%
保存最佳模型到: ./checkpoints/best_model_dp.pth

============================================================
Epoch 7/100
============================================================
Epoch: 6 [0/391] Loss: 2.7059 | Acc: 29.69% | Time: 0.0992s | GPU Mem: [GPU1:0.28GB, GPU2:0.02GB]
Epoch: 6 [100/391] Loss: 2.7261 | Acc: 29.93% | Time: 0.0853s | GPU Mem: [GPU1:0.29GB, GPU2:0.02GB]
Epoch: 6 [200/391] Loss: 2.6526 | Acc: 30.75% | Time: 0.0924s | GPU Mem: [GPU1:0.29GB, GPU2:0.02GB]
Epoch: 6 [300/391] Loss: 2.6849 | Acc: 31.53% | Time: 0.0876s | GPU Mem: [GPU1:0.29GB, GPU2:0.02GB]

训练 - Loss: 2.6371, Acc: 31.98%
测试 - Loss: 2.7034, Acc: 31.73%
学习率: 0.100000, 时间: 37.37s
GPU内存使用:
  GPU 1 - 已分配: 0.29GB, 已保留: 2.22GB
  GPU 2 - 已分配: 0.02GB, 已保留: 1.94GB
最佳准确率更新: 28.86% -> 31.73%
保存最佳模型到: ./checkpoints/best_model_dp.pth

============================================================
Epoch 8/100
============================================================
Epoch: 7 [0/391] Loss: 2.4634 | Acc: 30.47% | Time: 0.0976s | GPU Mem: [GPU1:0.28GB, GPU2:0.02GB]
Epoch: 7 [100/391] Loss: 2.1651 | Acc: 34.35% | Time: 0.0856s | GPU Mem: [GPU1:0.29GB, GPU2:0.02GB]
Epoch: 7 [200/391] Loss: 2.4780 | Acc: 34.85% | Time: 0.0875s | GPU Mem: [GPU1:0.29GB, GPU2:0.02GB]
Epoch: 7 [300/391] Loss: 2.4873 | Acc: 35.52% | Time: 0.0858s | GPU Mem: [GPU1:0.29GB, GPU2:0.02GB]

训练 - Loss: 2.4338, Acc: 36.08%
测试 - Loss: 2.3448, Acc: 37.97%
学习率: 0.100000, 时间: 37.53s
GPU内存使用:
  GPU 1 - 已分配: 0.29GB, 已保留: 2.22GB
  GPU 2 - 已分配: 0.02GB, 已保留: 1.94GB
最佳准确率更新: 31.73% -> 37.97%
保存最佳模型到: ./checkpoints/best_model_dp.pth

============================================================
Epoch 9/100
============================================================
Epoch: 8 [0/391] Loss: 2.4190 | Acc: 32.81% | Time: 0.1014s | GPU Mem: [GPU1:0.28GB, GPU2:0.02GB]
Epoch: 8 [100/391] Loss: 2.2881 | Acc: 39.21% | Time: 0.0946s | GPU Mem: [GPU1:0.29GB, GPU2:0.02GB]
Epoch: 8 [200/391] Loss: 2.2598 | Acc: 39.67% | Time: 0.0920s | GPU Mem: [GPU1:0.29GB, GPU2:0.02GB]
Epoch: 8 [300/391] Loss: 2.0402 | Acc: 40.05% | Time: 0.0900s | GPU Mem: [GPU1:0.29GB, GPU2:0.02GB]

训练 - Loss: 2.2471, Acc: 40.30%
测试 - Loss: 2.2971, Acc: 39.29%
学习率: 0.100000, 时间: 38.06s
GPU内存使用:
  GPU 1 - 已分配: 0.29GB, 已保留: 2.22GB
  GPU 2 - 已分配: 0.02GB, 已保留: 1.94GB
最佳准确率更新: 37.97% -> 39.29%
保存最佳模型到: ./checkpoints/best_model_dp.pth

============================================================
Epoch 10/100
============================================================
Epoch: 9 [0/391] Loss: 2.2741 | Acc: 45.31% | Time: 0.0963s | GPU Mem: [GPU1:0.28GB, GPU2:0.02GB]
Epoch: 9 [100/391] Loss: 2.1256 | Acc: 43.12% | Time: 0.0918s | GPU Mem: [GPU1:0.29GB, GPU2:0.02GB]
Epoch: 9 [200/391] Loss: 2.1795 | Acc: 43.46% | Time: 0.0910s | GPU Mem: [GPU1:0.29GB, GPU2:0.02GB]
Epoch: 9 [300/391] Loss: 2.1009 | Acc: 43.52% | Time: 0.0893s | GPU Mem: [GPU1:0.29GB, GPU2:0.02GB]

训练 - Loss: 2.1005, Acc: 43.44%
测试 - Loss: 2.2677, Acc: 40.07%
学习率: 0.100000, 时间: 37.36s
GPU内存使用:
  GPU 1 - 已分配: 0.29GB, 已保留: 2.22GB
  GPU 2 - 已分配: 0.02GB, 已保留: 1.94GB
最佳准确率更新: 39.29% -> 40.07%
保存最佳模型到: ./checkpoints/best_model_dp.pth
保存checkpoint到: ./checkpoints/checkpoint_dp_epoch_10.pth

============================================================
Epoch 11/100
============================================================
Epoch: 10 [0/391] Loss: 1.7477 | Acc: 50.78% | Time: 0.0983s | GPU Mem: [GPU1:0.28GB, GPU2:0.02GB]
Epoch: 10 [100/391] Loss: 1.9730 | Acc: 46.23% | Time: 0.0914s | GPU Mem: [GPU1:0.29GB, GPU2:0.02GB]
Epoch: 10 [200/391] Loss: 1.8925 | Acc: 46.06% | Time: 0.0936s | GPU Mem: [GPU1:0.29GB, GPU2:0.02GB]
Epoch: 10 [300/391] Loss: 2.0619 | Acc: 45.92% | Time: 0.0901s | GPU Mem: [GPU1:0.29GB, GPU2:0.02GB]

训练 - Loss: 1.9737, Acc: 46.06%
测试 - Loss: 2.1607, Acc: 42.68%
学习率: 0.100000, 时间: 37.66s
GPU内存使用:
  GPU 1 - 已分配: 0.29GB, 已保留: 2.22GB
  GPU 2 - 已分配: 0.02GB, 已保留: 1.94GB
最佳准确率更新: 40.07% -> 42.68%
保存最佳模型到: ./checkpoints/best_model_dp.pth

============================================================
Epoch 12/100
============================================================
Epoch: 11 [0/391] Loss: 1.7594 | Acc: 48.44% | Time: 0.1015s | GPU Mem: [GPU1:0.28GB, GPU2:0.02GB]
Epoch: 11 [100/391] Loss: 1.7974 | Acc: 49.47% | Time: 0.0900s | GPU Mem: [GPU1:0.29GB, GPU2:0.02GB]
Epoch: 11 [200/391] Loss: 1.9786 | Acc: 48.73% | Time: 0.0872s | GPU Mem: [GPU1:0.29GB, GPU2:0.02GB]
Epoch: 11 [300/391] Loss: 1.9126 | Acc: 48.65% | Time: 0.0886s | GPU Mem: [GPU1:0.29GB, GPU2:0.02GB]

训练 - Loss: 1.8708, Acc: 48.55%
测试 - Loss: 2.4757, Acc: 38.20%
学习率: 0.100000, 时间: 38.12s
GPU内存使用:
  GPU 1 - 已分配: 0.29GB, 已保留: 2.22GB
  GPU 2 - 已分配: 0.02GB, 已保留: 1.94GB

============================================================
Epoch 13/100
============================================================
Epoch: 12 [0/391] Loss: 1.8996 | Acc: 47.66% | Time: 0.1020s | GPU Mem: [GPU1:0.28GB, GPU2:0.02GB]
Epoch: 12 [100/391] Loss: 1.6927 | Acc: 50.75% | Time: 0.0859s | GPU Mem: [GPU1:0.29GB, GPU2:0.02GB]
Epoch: 12 [200/391] Loss: 1.7706 | Acc: 50.56% | Time: 0.0833s | GPU Mem: [GPU1:0.29GB, GPU2:0.02GB]
Epoch: 12 [300/391] Loss: 1.6190 | Acc: 50.60% | Time: 0.0997s | GPU Mem: [GPU1:0.29GB, GPU2:0.02GB]

训练 - Loss: 1.7861, Acc: 50.56%
测试 - Loss: 1.8955, Acc: 48.48%
学习率: 0.100000, 时间: 38.10s
GPU内存使用:
  GPU 1 - 已分配: 0.29GB, 已保留: 2.22GB
  GPU 2 - 已分配: 0.02GB, 已保留: 1.94GB
最佳准确率更新: 42.68% -> 48.48%
保存最佳模型到: ./checkpoints/best_model_dp.pth

============================================================
Epoch 14/100
============================================================
Epoch: 13 [0/391] Loss: 1.7051 | Acc: 53.12% | Time: 0.1017s | GPU Mem: [GPU1:0.28GB, GPU2:0.02GB]
Epoch: 13 [100/391] Loss: 1.7703 | Acc: 52.62% | Time: 0.0846s | GPU Mem: [GPU1:0.29GB, GPU2:0.02GB]
Epoch: 13 [200/391] Loss: 1.8738 | Acc: 51.70% | Time: 0.0879s | GPU Mem: [GPU1:0.29GB, GPU2:0.02GB]
Epoch: 13 [300/391] Loss: 1.4796 | Acc: 51.62% | Time: 0.0959s | GPU Mem: [GPU1:0.29GB, GPU2:0.02GB]

训练 - Loss: 1.7181, Acc: 51.93%
测试 - Loss: 1.9102, Acc: 48.21%
学习率: 0.100000, 时间: 37.41s
GPU内存使用:
  GPU 1 - 已分配: 0.29GB, 已保留: 2.22GB
  GPU 2 - 已分配: 0.02GB, 已保留: 1.94GB

============================================================
Epoch 15/100
============================================================
Epoch: 14 [0/391] Loss: 1.6699 | Acc: 58.59% | Time: 0.0986s | GPU Mem: [GPU1:0.28GB, GPU2:0.02GB]
Epoch: 14 [100/391] Loss: 1.7038 | Acc: 53.27% | Time: 0.1050s | GPU Mem: [GPU1:0.29GB, GPU2:0.02GB]
Epoch: 14 [200/391] Loss: 1.9159 | Acc: 53.63% | Time: 0.0888s | GPU Mem: [GPU1:0.29GB, GPU2:0.02GB]
Epoch: 14 [300/391] Loss: 1.8126 | Acc: 53.36% | Time: 0.0905s | GPU Mem: [GPU1:0.29GB, GPU2:0.02GB]

训练 - Loss: 1.6599, Acc: 53.44%
测试 - Loss: 1.9829, Acc: 46.82%
学习率: 0.100000, 时间: 37.52s
GPU内存使用:
  GPU 1 - 已分配: 0.29GB, 已保留: 2.22GB
  GPU 2 - 已分配: 0.02GB, 已保留: 1.94GB

============================================================
Epoch 16/100
============================================================
Epoch: 15 [0/391] Loss: 1.5444 | Acc: 60.16% | Time: 0.0865s | GPU Mem: [GPU1:0.28GB, GPU2:0.02GB]
Epoch: 15 [100/391] Loss: 1.8307 | Acc: 54.85% | Time: 0.0846s | GPU Mem: [GPU1:0.29GB, GPU2:0.02GB]
Epoch: 15 [200/391] Loss: 1.5552 | Acc: 54.57% | Time: 0.0905s | GPU Mem: [GPU1:0.29GB, GPU2:0.02GB]
Epoch: 15 [300/391] Loss: 1.4807 | Acc: 54.68% | Time: 0.0911s | GPU Mem: [GPU1:0.29GB, GPU2:0.02GB]

训练 - Loss: 1.6158, Acc: 54.67%
测试 - Loss: 2.2997, Acc: 43.65%
学习率: 0.100000, 时间: 37.30s
GPU内存使用:
  GPU 1 - 已分配: 0.29GB, 已保留: 2.22GB
  GPU 2 - 已分配: 0.02GB, 已保留: 1.94GB

============================================================
Epoch 17/100
============================================================
Epoch: 16 [0/391] Loss: 1.3704 | Acc: 56.25% | Time: 0.0876s | GPU Mem: [GPU1:0.28GB, GPU2:0.02GB]
Epoch: 16 [100/391] Loss: 1.5040 | Acc: 56.37% | Time: 0.0902s | GPU Mem: [GPU1:0.29GB, GPU2:0.02GB]
Epoch: 16 [200/391] Loss: 1.5487 | Acc: 55.95% | Time: 0.0881s | GPU Mem: [GPU1:0.29GB, GPU2:0.02GB]
Epoch: 16 [300/391] Loss: 1.7025 | Acc: 55.75% | Time: 0.0987s | GPU Mem: [GPU1:0.29GB, GPU2:0.02GB]

训练 - Loss: 1.5682, Acc: 55.71%
测试 - Loss: 1.8100, Acc: 51.18%
学习率: 0.100000, 时间: 37.12s
GPU内存使用:
  GPU 1 - 已分配: 0.29GB, 已保留: 2.22GB
  GPU 2 - 已分配: 0.02GB, 已保留: 1.94GB
最佳准确率更新: 48.48% -> 51.18%
保存最佳模型到: ./checkpoints/best_model_dp.pth

============================================================
Epoch 18/100
============================================================
Epoch: 17 [0/391] Loss: 1.6109 | Acc: 54.69% | Time: 0.0982s | GPU Mem: [GPU1:0.28GB, GPU2:0.02GB]
Epoch: 17 [100/391] Loss: 1.6213 | Acc: 57.61% | Time: 0.0978s | GPU Mem: [GPU1:0.29GB, GPU2:0.02GB]
Epoch: 17 [200/391] Loss: 1.5385 | Acc: 56.91% | Time: 0.0927s | GPU Mem: [GPU1:0.29GB, GPU2:0.02GB]
Epoch: 17 [300/391] Loss: 1.4748 | Acc: 56.77% | Time: 0.0931s | GPU Mem: [GPU1:0.29GB, GPU2:0.02GB]

训练 - Loss: 1.5349, Acc: 56.76%
测试 - Loss: 1.7937, Acc: 50.87%
学习率: 0.100000, 时间: 37.55s
GPU内存使用:
  GPU 1 - 已分配: 0.29GB, 已保留: 2.22GB
  GPU 2 - 已分配: 0.02GB, 已保留: 1.94GB

============================================================
Epoch 19/100
============================================================
Epoch: 18 [0/391] Loss: 1.5662 | Acc: 59.38% | Time: 0.0983s | GPU Mem: [GPU1:0.28GB, GPU2:0.02GB]
Epoch: 18 [100/391] Loss: 1.5493 | Acc: 58.21% | Time: 0.0922s | GPU Mem: [GPU1:0.29GB, GPU2:0.02GB]
Epoch: 18 [200/391] Loss: 1.6235 | Acc: 57.52% | Time: 0.0891s | GPU Mem: [GPU1:0.29GB, GPU2:0.02GB]
Epoch: 18 [300/391] Loss: 1.4837 | Acc: 57.48% | Time: 0.0877s | GPU Mem: [GPU1:0.29GB, GPU2:0.02GB]

训练 - Loss: 1.5037, Acc: 57.50%
测试 - Loss: 1.8231, Acc: 50.63%
学习率: 0.100000, 时间: 37.70s
GPU内存使用:
  GPU 1 - 已分配: 0.29GB, 已保留: 2.22GB
  GPU 2 - 已分配: 0.02GB, 已保留: 1.94GB

============================================================
Epoch 20/100
============================================================
Epoch: 19 [0/391] Loss: 1.4836 | Acc: 60.16% | Time: 0.0953s | GPU Mem: [GPU1:0.28GB, GPU2:0.02GB]
Epoch: 19 [100/391] Loss: 1.1661 | Acc: 59.02% | Time: 0.0961s | GPU Mem: [GPU1:0.29GB, GPU2:0.02GB]
Epoch: 19 [200/391] Loss: 1.5970 | Acc: 58.66% | Time: 0.0911s | GPU Mem: [GPU1:0.29GB, GPU2:0.02GB]
Epoch: 19 [300/391] Loss: 1.5795 | Acc: 58.34% | Time: 0.0913s | GPU Mem: [GPU1:0.29GB, GPU2:0.02GB]

训练 - Loss: 1.4734, Acc: 58.20%
测试 - Loss: 1.9173, Acc: 49.62%
学习率: 0.100000, 时间: 37.66s
GPU内存使用:
  GPU 1 - 已分配: 0.29GB, 已保留: 2.22GB
  GPU 2 - 已分配: 0.02GB, 已保留: 1.94GB
保存checkpoint到: ./checkpoints/checkpoint_dp_epoch_20.pth

============================================================
Epoch 21/100
============================================================
Epoch: 20 [0/391] Loss: 1.6797 | Acc: 51.56% | Time: 0.0992s | GPU Mem: [GPU1:0.28GB, GPU2:0.02GB]
Epoch: 20 [100/391] Loss: 1.6037 | Acc: 59.27% | Time: 0.0919s | GPU Mem: [GPU1:0.29GB, GPU2:0.02GB]
Epoch: 20 [200/391] Loss: 1.3371 | Acc: 58.97% | Time: 0.0969s | GPU Mem: [GPU1:0.29GB, GPU2:0.02GB]
Epoch: 20 [300/391] Loss: 1.3019 | Acc: 59.09% | Time: 0.0904s | GPU Mem: [GPU1:0.29GB, GPU2:0.02GB]

训练 - Loss: 1.4410, Acc: 58.90%
测试 - Loss: 1.8634, Acc: 50.21%
学习率: 0.100000, 时间: 37.51s
GPU内存使用:
  GPU 1 - 已分配: 0.29GB, 已保留: 2.22GB
  GPU 2 - 已分配: 0.02GB, 已保留: 1.94GB

============================================================
Epoch 22/100
============================================================
Epoch: 21 [0/391] Loss: 1.4275 | Acc: 57.81% | Time: 0.0882s | GPU Mem: [GPU1:0.28GB, GPU2:0.02GB]
Epoch: 21 [100/391] Loss: 1.5584 | Acc: 60.24% | Time: 0.0871s | GPU Mem: [GPU1:0.29GB, GPU2:0.02GB]
Epoch: 21 [200/391] Loss: 1.6149 | Acc: 59.85% | Time: 0.0837s | GPU Mem: [GPU1:0.29GB, GPU2:0.02GB]
Epoch: 21 [300/391] Loss: 1.5556 | Acc: 59.57% | Time: 0.0923s | GPU Mem: [GPU1:0.29GB, GPU2:0.02GB]

训练 - Loss: 1.4190, Acc: 59.51%
测试 - Loss: 1.9214, Acc: 49.72%
学习率: 0.100000, 时间: 37.65s
GPU内存使用:
  GPU 1 - 已分配: 0.29GB, 已保留: 2.22GB
  GPU 2 - 已分配: 0.02GB, 已保留: 1.94GB

============================================================
Epoch 23/100
============================================================
Epoch: 22 [0/391] Loss: 1.2619 | Acc: 69.53% | Time: 0.0990s | GPU Mem: [GPU1:0.28GB, GPU2:0.02GB]
Epoch: 22 [100/391] Loss: 1.4670 | Acc: 61.11% | Time: 0.0932s | GPU Mem: [GPU1:0.29GB, GPU2:0.02GB]
Epoch: 22 [200/391] Loss: 1.3168 | Acc: 60.55% | Time: 0.1003s | GPU Mem: [GPU1:0.29GB, GPU2:0.02GB]
Epoch: 22 [300/391] Loss: 1.3703 | Acc: 60.30% | Time: 0.0873s | GPU Mem: [GPU1:0.29GB, GPU2:0.02GB]

训练 - Loss: 1.3990, Acc: 60.25%
测试 - Loss: 1.6458, Acc: 54.89%
学习率: 0.100000, 时间: 37.55s
GPU内存使用:
  GPU 1 - 已分配: 0.29GB, 已保留: 2.22GB
  GPU 2 - 已分配: 0.02GB, 已保留: 1.94GB
最佳准确率更新: 51.18% -> 54.89%
保存最佳模型到: ./checkpoints/best_model_dp.pth

============================================================
Epoch 24/100
============================================================
Epoch: 23 [0/391] Loss: 1.2112 | Acc: 64.84% | Time: 0.0985s | GPU Mem: [GPU1:0.28GB, GPU2:0.02GB]
Epoch: 23 [100/391] Loss: 1.3874 | Acc: 60.95% | Time: 0.0853s | GPU Mem: [GPU1:0.29GB, GPU2:0.02GB]
Epoch: 23 [200/391] Loss: 1.6111 | Acc: 60.86% | Time: 0.0995s | GPU Mem: [GPU1:0.29GB, GPU2:0.02GB]
Epoch: 23 [300/391] Loss: 1.3648 | Acc: 60.99% | Time: 0.1057s | GPU Mem: [GPU1:0.29GB, GPU2:0.02GB]

训练 - Loss: 1.3760, Acc: 60.82%
测试 - Loss: 1.8069, Acc: 52.80%
学习率: 0.100000, 时间: 37.67s
GPU内存使用:
  GPU 1 - 已分配: 0.29GB, 已保留: 2.22GB
  GPU 2 - 已分配: 0.02GB, 已保留: 1.94GB

============================================================
Epoch 25/100
============================================================
Epoch: 24 [0/391] Loss: 1.3010 | Acc: 63.28% | Time: 0.1000s | GPU Mem: [GPU1:0.28GB, GPU2:0.02GB]
Epoch: 24 [100/391] Loss: 1.2594 | Acc: 62.45% | Time: 0.0850s | GPU Mem: [GPU1:0.29GB, GPU2:0.02GB]
Epoch: 24 [200/391] Loss: 1.4774 | Acc: 61.92% | Time: 0.0932s | GPU Mem: [GPU1:0.29GB, GPU2:0.02GB]
Epoch: 24 [300/391] Loss: 1.3591 | Acc: 61.42% | Time: 0.0908s | GPU Mem: [GPU1:0.29GB, GPU2:0.02GB]

训练 - Loss: 1.3672, Acc: 61.01%
测试 - Loss: 1.6111, Acc: 56.01%
学习率: 0.100000, 时间: 37.74s
GPU内存使用:
  GPU 1 - 已分配: 0.29GB, 已保留: 2.22GB
  GPU 2 - 已分配: 0.02GB, 已保留: 1.94GB
最佳准确率更新: 54.89% -> 56.01%
保存最佳模型到: ./checkpoints/best_model_dp.pth

============================================================
Epoch 26/100
============================================================
Epoch: 25 [0/391] Loss: 1.3618 | Acc: 56.25% | Time: 0.0982s | GPU Mem: [GPU1:0.28GB, GPU2:0.02GB]
Epoch: 25 [100/391] Loss: 1.3318 | Acc: 62.81% | Time: 0.1058s | GPU Mem: [GPU1:0.29GB, GPU2:0.02GB]
Epoch: 25 [200/391] Loss: 1.3179 | Acc: 61.90% | Time: 0.0883s | GPU Mem: [GPU1:0.29GB, GPU2:0.02GB]
Epoch: 25 [300/391] Loss: 1.4663 | Acc: 61.69% | Time: 0.0902s | GPU Mem: [GPU1:0.29GB, GPU2:0.02GB]

训练 - Loss: 1.3431, Acc: 61.55%
测试 - Loss: 1.7644, Acc: 52.55%
学习率: 0.100000, 时间: 37.77s
GPU内存使用:
  GPU 1 - 已分配: 0.29GB, 已保留: 2.22GB
  GPU 2 - 已分配: 0.02GB, 已保留: 1.94GB

============================================================
Epoch 27/100
============================================================
Epoch: 26 [0/391] Loss: 1.2212 | Acc: 62.50% | Time: 0.0988s | GPU Mem: [GPU1:0.28GB, GPU2:0.02GB]
Epoch: 26 [100/391] Loss: 1.1954 | Acc: 62.89% | Time: 0.0948s | GPU Mem: [GPU1:0.29GB, GPU2:0.02GB]
Epoch: 26 [200/391] Loss: 1.5042 | Acc: 62.23% | Time: 0.0926s | GPU Mem: [GPU1:0.29GB, GPU2:0.02GB]
Epoch: 26 [300/391] Loss: 1.2914 | Acc: 61.99% | Time: 0.0862s | GPU Mem: [GPU1:0.29GB, GPU2:0.02GB]

训练 - Loss: 1.3339, Acc: 61.67%
测试 - Loss: 1.8340, Acc: 51.56%
学习率: 0.100000, 时间: 37.57s
GPU内存使用:
  GPU 1 - 已分配: 0.29GB, 已保留: 2.22GB
  GPU 2 - 已分配: 0.02GB, 已保留: 1.94GB

============================================================
Epoch 28/100
============================================================
Epoch: 27 [0/391] Loss: 1.1193 | Acc: 67.19% | Time: 0.0965s | GPU Mem: [GPU1:0.28GB, GPU2:0.02GB]
Epoch: 27 [100/391] Loss: 1.2982 | Acc: 63.71% | Time: 0.0847s | GPU Mem: [GPU1:0.29GB, GPU2:0.02GB]
Epoch: 27 [200/391] Loss: 0.9999 | Acc: 63.40% | Time: 0.0915s | GPU Mem: [GPU1:0.29GB, GPU2:0.02GB]
Epoch: 27 [300/391] Loss: 1.2862 | Acc: 62.89% | Time: 0.0923s | GPU Mem: [GPU1:0.29GB, GPU2:0.02GB]

训练 - Loss: 1.3100, Acc: 62.36%
测试 - Loss: 1.7968, Acc: 52.71%
学习率: 0.100000, 时间: 37.45s
GPU内存使用:
  GPU 1 - 已分配: 0.29GB, 已保留: 2.22GB
  GPU 2 - 已分配: 0.02GB, 已保留: 1.94GB

============================================================
Epoch 29/100
============================================================
Epoch: 28 [0/391] Loss: 1.2828 | Acc: 64.06% | Time: 0.0962s | GPU Mem: [GPU1:0.28GB, GPU2:0.02GB]
Epoch: 28 [100/391] Loss: 1.2988 | Acc: 64.60% | Time: 0.1013s | GPU Mem: [GPU1:0.29GB, GPU2:0.02GB]
Epoch: 28 [200/391] Loss: 1.2998 | Acc: 63.51% | Time: 0.0912s | GPU Mem: [GPU1:0.29GB, GPU2:0.02GB]
Epoch: 28 [300/391] Loss: 1.3512 | Acc: 62.90% | Time: 0.0891s | GPU Mem: [GPU1:0.29GB, GPU2:0.02GB]

训练 - Loss: 1.3015, Acc: 62.52%
测试 - Loss: 1.9102, Acc: 51.10%
学习率: 0.100000, 时间: 37.82s
GPU内存使用:
  GPU 1 - 已分配: 0.29GB, 已保留: 2.22GB
  GPU 2 - 已分配: 0.02GB, 已保留: 1.94GB

============================================================
Epoch 30/100
============================================================
Epoch: 29 [0/391] Loss: 1.1417 | Acc: 67.19% | Time: 0.0962s | GPU Mem: [GPU1:0.28GB, GPU2:0.02GB]
Epoch: 29 [100/391] Loss: 1.2197 | Acc: 63.88% | Time: 0.0866s | GPU Mem: [GPU1:0.29GB, GPU2:0.02GB]
Epoch: 29 [200/391] Loss: 1.3802 | Acc: 63.30% | Time: 0.0944s | GPU Mem: [GPU1:0.29GB, GPU2:0.02GB]
Epoch: 29 [300/391] Loss: 1.4961 | Acc: 62.82% | Time: 0.0873s | GPU Mem: [GPU1:0.29GB, GPU2:0.02GB]

训练 - Loss: 1.2940, Acc: 62.81%
测试 - Loss: 1.9213, Acc: 51.05%
学习率: 0.100000, 时间: 37.69s
GPU内存使用:
  GPU 1 - 已分配: 0.29GB, 已保留: 2.22GB
  GPU 2 - 已分配: 0.02GB, 已保留: 1.94GB
保存checkpoint到: ./checkpoints/checkpoint_dp_epoch_30.pth

============================================================
Epoch 31/100
============================================================
Epoch: 30 [0/391] Loss: 1.1116 | Acc: 64.84% | Time: 0.0992s | GPU Mem: [GPU1:0.28GB, GPU2:0.02GB]
Epoch: 30 [100/391] Loss: 1.4111 | Acc: 64.95% | Time: 0.0912s | GPU Mem: [GPU1:0.29GB, GPU2:0.02GB]
Epoch: 30 [200/391] Loss: 1.4847 | Acc: 64.17% | Time: 0.0926s | GPU Mem: [GPU1:0.29GB, GPU2:0.02GB]
Epoch: 30 [300/391] Loss: 1.4302 | Acc: 63.61% | Time: 0.0933s | GPU Mem: [GPU1:0.29GB, GPU2:0.02GB]

训练 - Loss: 1.2785, Acc: 63.28%
测试 - Loss: 1.6247, Acc: 55.78%
学习率: 0.100000, 时间: 37.84s
GPU内存使用:
  GPU 1 - 已分配: 0.29GB, 已保留: 2.22GB
  GPU 2 - 已分配: 0.02GB, 已保留: 1.94GB

============================================================
Epoch 32/100
============================================================
Epoch: 31 [0/391] Loss: 1.3144 | Acc: 60.94% | Time: 0.0984s | GPU Mem: [GPU1:0.28GB, GPU2:0.02GB]
Epoch: 31 [100/391] Loss: 1.2490 | Acc: 64.98% | Time: 0.0835s | GPU Mem: [GPU1:0.29GB, GPU2:0.02GB]
Epoch: 31 [200/391] Loss: 1.2286 | Acc: 64.19% | Time: 0.0911s | GPU Mem: [GPU1:0.29GB, GPU2:0.02GB]
Epoch: 31 [300/391] Loss: 1.2321 | Acc: 63.48% | Time: 0.0826s | GPU Mem: [GPU1:0.29GB, GPU2:0.02GB]

训练 - Loss: 1.2751, Acc: 63.15%
测试 - Loss: 1.6297, Acc: 56.32%
学习率: 0.100000, 时间: 37.40s
GPU内存使用:
  GPU 1 - 已分配: 0.29GB, 已保留: 2.22GB
  GPU 2 - 已分配: 0.02GB, 已保留: 1.94GB
最佳准确率更新: 56.01% -> 56.32%
保存最佳模型到: ./checkpoints/best_model_dp.pth

============================================================
Epoch 33/100
============================================================
Epoch: 32 [0/391] Loss: 1.1309 | Acc: 66.41% | Time: 0.0942s | GPU Mem: [GPU1:0.28GB, GPU2:0.02GB]
Epoch: 32 [100/391] Loss: 1.2982 | Acc: 65.18% | Time: 0.0899s | GPU Mem: [GPU1:0.29GB, GPU2:0.02GB]
Epoch: 32 [200/391] Loss: 1.3817 | Acc: 64.65% | Time: 0.0885s | GPU Mem: [GPU1:0.29GB, GPU2:0.02GB]
Epoch: 32 [300/391] Loss: 1.1636 | Acc: 64.26% | Time: 0.0878s | GPU Mem: [GPU1:0.29GB, GPU2:0.02GB]

训练 - Loss: 1.2656, Acc: 63.84%
测试 - Loss: 1.6582, Acc: 55.22%
学习率: 0.100000, 时间: 37.63s
GPU内存使用:
  GPU 1 - 已分配: 0.29GB, 已保留: 2.22GB
  GPU 2 - 已分配: 0.02GB, 已保留: 1.94GB

============================================================
Epoch 34/100
============================================================
Epoch: 33 [0/391] Loss: 1.2338 | Acc: 63.28% | Time: 0.0914s | GPU Mem: [GPU1:0.28GB, GPU2:0.02GB]
Epoch: 33 [100/391] Loss: 1.3780 | Acc: 65.03% | Time: 0.0923s | GPU Mem: [GPU1:0.29GB, GPU2:0.02GB]
Epoch: 33 [200/391] Loss: 1.2260 | Acc: 64.62% | Time: 0.0890s | GPU Mem: [GPU1:0.29GB, GPU2:0.02GB]
Epoch: 33 [300/391] Loss: 1.5066 | Acc: 64.10% | Time: 0.0858s | GPU Mem: [GPU1:0.29GB, GPU2:0.02GB]

训练 - Loss: 1.2460, Acc: 64.01%
测试 - Loss: 1.7657, Acc: 53.02%
学习率: 0.100000, 时间: 37.50s
GPU内存使用:
  GPU 1 - 已分配: 0.29GB, 已保留: 2.22GB
  GPU 2 - 已分配: 0.02GB, 已保留: 1.94GB

============================================================
Epoch 35/100
============================================================
Epoch: 34 [0/391] Loss: 1.2240 | Acc: 67.19% | Time: 0.0969s | GPU Mem: [GPU1:0.28GB, GPU2:0.02GB]
Epoch: 34 [100/391] Loss: 1.2498 | Acc: 65.86% | Time: 0.0907s | GPU Mem: [GPU1:0.29GB, GPU2:0.02GB]
Epoch: 34 [200/391] Loss: 1.2363 | Acc: 64.73% | Time: 0.0899s | GPU Mem: [GPU1:0.29GB, GPU2:0.02GB]
Epoch: 34 [300/391] Loss: 1.0083 | Acc: 64.18% | Time: 0.1187s | GPU Mem: [GPU1:0.29GB, GPU2:0.02GB]

训练 - Loss: 1.2443, Acc: 64.03%
测试 - Loss: 1.7725, Acc: 53.81%
学习率: 0.100000, 时间: 37.94s
GPU内存使用:
  GPU 1 - 已分配: 0.29GB, 已保留: 2.22GB
  GPU 2 - 已分配: 0.02GB, 已保留: 1.94GB

============================================================
Epoch 36/100
============================================================
Epoch: 35 [0/391] Loss: 1.0597 | Acc: 74.22% | Time: 0.0941s | GPU Mem: [GPU1:0.28GB, GPU2:0.02GB]
Epoch: 35 [100/391] Loss: 1.0841 | Acc: 66.40% | Time: 0.0921s | GPU Mem: [GPU1:0.29GB, GPU2:0.02GB]
Epoch: 35 [200/391] Loss: 1.1142 | Acc: 65.57% | Time: 0.0847s | GPU Mem: [GPU1:0.29GB, GPU2:0.02GB]
Epoch: 35 [300/391] Loss: 1.2923 | Acc: 65.04% | Time: 0.0897s | GPU Mem: [GPU1:0.29GB, GPU2:0.02GB]

训练 - Loss: 1.2309, Acc: 64.66%
测试 - Loss: 1.6363, Acc: 56.74%
学习率: 0.100000, 时间: 37.64s
GPU内存使用:
  GPU 1 - 已分配: 0.29GB, 已保留: 2.22GB
  GPU 2 - 已分配: 0.02GB, 已保留: 1.94GB
最佳准确率更新: 56.32% -> 56.74%
保存最佳模型到: ./checkpoints/best_model_dp.pth

============================================================
Epoch 37/100
============================================================
Epoch: 36 [0/391] Loss: 1.0719 | Acc: 71.09% | Time: 0.1034s | GPU Mem: [GPU1:0.28GB, GPU2:0.02GB]
Epoch: 36 [100/391] Loss: 1.1746 | Acc: 65.99% | Time: 0.0979s | GPU Mem: [GPU1:0.29GB, GPU2:0.02GB]
Epoch: 36 [200/391] Loss: 1.4325 | Acc: 65.35% | Time: 0.0889s | GPU Mem: [GPU1:0.29GB, GPU2:0.02GB]
Epoch: 36 [300/391] Loss: 1.2733 | Acc: 64.64% | Time: 0.0889s | GPU Mem: [GPU1:0.29GB, GPU2:0.02GB]

训练 - Loss: 1.2323, Acc: 64.30%
测试 - Loss: 1.6245, Acc: 56.07%
学习率: 0.100000, 时间: 37.82s
GPU内存使用:
  GPU 1 - 已分配: 0.29GB, 已保留: 2.22GB
  GPU 2 - 已分配: 0.02GB, 已保留: 1.94GB

============================================================
Epoch 38/100
============================================================
Epoch: 37 [0/391] Loss: 1.0965 | Acc: 70.31% | Time: 0.0986s | GPU Mem: [GPU1:0.28GB, GPU2:0.02GB]
Epoch: 37 [100/391] Loss: 1.0664 | Acc: 66.64% | Time: 0.0929s | GPU Mem: [GPU1:0.29GB, GPU2:0.02GB]
Epoch: 37 [200/391] Loss: 1.3278 | Acc: 65.53% | Time: 0.0893s | GPU Mem: [GPU1:0.29GB, GPU2:0.02GB]
Epoch: 37 [300/391] Loss: 1.1623 | Acc: 64.97% | Time: 0.0835s | GPU Mem: [GPU1:0.29GB, GPU2:0.02GB]

训练 - Loss: 1.2201, Acc: 64.85%
测试 - Loss: 1.7205, Acc: 54.65%
学习率: 0.100000, 时间: 38.03s
GPU内存使用:
  GPU 1 - 已分配: 0.29GB, 已保留: 2.22GB
  GPU 2 - 已分配: 0.02GB, 已保留: 1.94GB

============================================================
Epoch 39/100
============================================================
Epoch: 38 [0/391] Loss: 1.0599 | Acc: 69.53% | Time: 0.0998s | GPU Mem: [GPU1:0.28GB, GPU2:0.02GB]
Epoch: 38 [100/391] Loss: 1.4281 | Acc: 66.15% | Time: 0.0887s | GPU Mem: [GPU1:0.29GB, GPU2:0.02GB]
Epoch: 38 [200/391] Loss: 1.1237 | Acc: 65.56% | Time: 0.0909s | GPU Mem: [GPU1:0.29GB, GPU2:0.02GB]
Epoch: 38 [300/391] Loss: 1.2125 | Acc: 65.32% | Time: 0.0938s | GPU Mem: [GPU1:0.29GB, GPU2:0.02GB]

训练 - Loss: 1.2118, Acc: 64.91%
测试 - Loss: 1.6687, Acc: 54.61%
学习率: 0.100000, 时间: 37.40s
GPU内存使用:
  GPU 1 - 已分配: 0.29GB, 已保留: 2.22GB
  GPU 2 - 已分配: 0.02GB, 已保留: 1.94GB

============================================================
Epoch 40/100
============================================================
Epoch: 39 [0/391] Loss: 1.3084 | Acc: 64.84% | Time: 0.1016s | GPU Mem: [GPU1:0.28GB, GPU2:0.02GB]
Epoch: 39 [100/391] Loss: 1.3179 | Acc: 66.45% | Time: 0.0852s | GPU Mem: [GPU1:0.29GB, GPU2:0.02GB]
Epoch: 39 [200/391] Loss: 1.1211 | Acc: 65.40% | Time: 0.0851s | GPU Mem: [GPU1:0.29GB, GPU2:0.02GB]
Epoch: 39 [300/391] Loss: 1.0786 | Acc: 65.17% | Time: 0.0880s | GPU Mem: [GPU1:0.29GB, GPU2:0.02GB]

训练 - Loss: 1.2091, Acc: 64.99%
测试 - Loss: 1.7719, Acc: 54.54%
学习率: 0.100000, 时间: 37.40s
GPU内存使用:
  GPU 1 - 已分配: 0.29GB, 已保留: 2.22GB
  GPU 2 - 已分配: 0.02GB, 已保留: 1.94GB
保存checkpoint到: ./checkpoints/checkpoint_dp_epoch_40.pth

============================================================
Epoch 41/100
============================================================
Epoch: 40 [0/391] Loss: 0.9349 | Acc: 71.09% | Time: 0.1013s | GPU Mem: [GPU1:0.28GB, GPU2:0.02GB]
Epoch: 40 [100/391] Loss: 1.1281 | Acc: 66.10% | Time: 0.0893s | GPU Mem: [GPU1:0.29GB, GPU2:0.02GB]
Epoch: 40 [200/391] Loss: 1.3205 | Acc: 65.74% | Time: 0.0847s | GPU Mem: [GPU1:0.29GB, GPU2:0.02GB]
Epoch: 40 [300/391] Loss: 1.1075 | Acc: 65.30% | Time: 0.0945s | GPU Mem: [GPU1:0.29GB, GPU2:0.02GB]

训练 - Loss: 1.2016, Acc: 65.18%
测试 - Loss: 1.5355, Acc: 58.11%
学习率: 0.100000, 时间: 37.64s
GPU内存使用:
  GPU 1 - 已分配: 0.29GB, 已保留: 2.22GB
  GPU 2 - 已分配: 0.02GB, 已保留: 1.94GB
最佳准确率更新: 56.74% -> 58.11%
保存最佳模型到: ./checkpoints/best_model_dp.pth

============================================================
Epoch 42/100
============================================================
Epoch: 41 [0/391] Loss: 1.0089 | Acc: 71.09% | Time: 0.0929s | GPU Mem: [GPU1:0.28GB, GPU2:0.02GB]
Epoch: 41 [100/391] Loss: 1.2368 | Acc: 67.37% | Time: 0.0895s | GPU Mem: [GPU1:0.29GB, GPU2:0.02GB]
Epoch: 41 [200/391] Loss: 1.0992 | Acc: 66.28% | Time: 0.0854s | GPU Mem: [GPU1:0.29GB, GPU2:0.02GB]
Epoch: 41 [300/391] Loss: 1.1909 | Acc: 65.79% | Time: 0.0884s | GPU Mem: [GPU1:0.29GB, GPU2:0.02GB]

训练 - Loss: 1.1991, Acc: 65.32%
测试 - Loss: 1.6833, Acc: 54.65%
学习率: 0.100000, 时间: 37.59s
GPU内存使用:
  GPU 1 - 已分配: 0.29GB, 已保留: 2.22GB
  GPU 2 - 已分配: 0.02GB, 已保留: 1.94GB

============================================================
Epoch 43/100
============================================================
Epoch: 42 [0/391] Loss: 0.9597 | Acc: 71.88% | Time: 0.0980s | GPU Mem: [GPU1:0.28GB, GPU2:0.02GB]
Epoch: 42 [100/391] Loss: 1.1700 | Acc: 66.82% | Time: 0.0832s | GPU Mem: [GPU1:0.29GB, GPU2:0.02GB]
Epoch: 42 [200/391] Loss: 1.1437 | Acc: 66.38% | Time: 0.0863s | GPU Mem: [GPU1:0.29GB, GPU2:0.02GB]
Epoch: 42 [300/391] Loss: 1.2678 | Acc: 65.98% | Time: 0.0909s | GPU Mem: [GPU1:0.29GB, GPU2:0.02GB]

训练 - Loss: 1.1860, Acc: 65.73%
测试 - Loss: 1.7855, Acc: 53.37%
学习率: 0.100000, 时间: 37.57s
GPU内存使用:
  GPU 1 - 已分配: 0.29GB, 已保留: 2.22GB
  GPU 2 - 已分配: 0.02GB, 已保留: 1.94GB

============================================================
Epoch 44/100
============================================================
Epoch: 43 [0/391] Loss: 1.2698 | Acc: 57.03% | Time: 0.1005s | GPU Mem: [GPU1:0.28GB, GPU2:0.02GB]
Epoch: 43 [100/391] Loss: 1.3448 | Acc: 66.36% | Time: 0.0790s | GPU Mem: [GPU1:0.29GB, GPU2:0.02GB]
Epoch: 43 [200/391] Loss: 1.3584 | Acc: 65.62% | Time: 0.0860s | GPU Mem: [GPU1:0.29GB, GPU2:0.02GB]
Epoch: 43 [300/391] Loss: 1.4324 | Acc: 65.66% | Time: 0.0967s | GPU Mem: [GPU1:0.29GB, GPU2:0.02GB]

训练 - Loss: 1.1968, Acc: 65.29%
测试 - Loss: 1.5837, Acc: 56.90%
学习率: 0.100000, 时间: 37.96s
GPU内存使用:
  GPU 1 - 已分配: 0.29GB, 已保留: 2.22GB
  GPU 2 - 已分配: 0.02GB, 已保留: 1.94GB

============================================================
Epoch 45/100
============================================================
Epoch: 44 [0/391] Loss: 1.3216 | Acc: 59.38% | Time: 0.0948s | GPU Mem: [GPU1:0.28GB, GPU2:0.02GB]
Epoch: 44 [100/391] Loss: 1.3339 | Acc: 66.44% | Time: 0.0879s | GPU Mem: [GPU1:0.29GB, GPU2:0.02GB]
Epoch: 44 [200/391] Loss: 1.1949 | Acc: 65.95% | Time: 0.0917s | GPU Mem: [GPU1:0.29GB, GPU2:0.02GB]
Epoch: 44 [300/391] Loss: 1.2360 | Acc: 65.78% | Time: 0.0837s | GPU Mem: [GPU1:0.29GB, GPU2:0.02GB]

训练 - Loss: 1.1856, Acc: 65.66%
测试 - Loss: 1.5374, Acc: 58.07%
学习率: 0.100000, 时间: 37.27s
GPU内存使用:
  GPU 1 - 已分配: 0.29GB, 已保留: 2.22GB
  GPU 2 - 已分配: 0.02GB, 已保留: 1.94GB

============================================================
Epoch 46/100
============================================================
Epoch: 45 [0/391] Loss: 1.2074 | Acc: 67.97% | Time: 0.0975s | GPU Mem: [GPU1:0.28GB, GPU2:0.02GB]
Epoch: 45 [100/391] Loss: 1.1298 | Acc: 67.38% | Time: 0.0940s | GPU Mem: [GPU1:0.29GB, GPU2:0.02GB]
Epoch: 45 [200/391] Loss: 1.1614 | Acc: 66.24% | Time: 0.0862s | GPU Mem: [GPU1:0.29GB, GPU2:0.02GB]
Epoch: 45 [300/391] Loss: 1.2464 | Acc: 65.76% | Time: 0.0990s | GPU Mem: [GPU1:0.29GB, GPU2:0.02GB]

训练 - Loss: 1.1826, Acc: 65.77%
测试 - Loss: 1.9874, Acc: 49.55%
学习率: 0.100000, 时间: 37.67s
GPU内存使用:
  GPU 1 - 已分配: 0.29GB, 已保留: 2.22GB
  GPU 2 - 已分配: 0.02GB, 已保留: 1.94GB

============================================================
Epoch 47/100
============================================================
Epoch: 46 [0/391] Loss: 1.1874 | Acc: 69.53% | Time: 0.1070s | GPU Mem: [GPU1:0.28GB, GPU2:0.02GB]
Epoch: 46 [100/391] Loss: 1.2749 | Acc: 66.85% | Time: 0.0854s | GPU Mem: [GPU1:0.29GB, GPU2:0.02GB]
Epoch: 46 [200/391] Loss: 1.4958 | Acc: 66.27% | Time: 0.0853s | GPU Mem: [GPU1:0.29GB, GPU2:0.02GB]
Epoch: 46 [300/391] Loss: 1.1917 | Acc: 66.23% | Time: 0.0896s | GPU Mem: [GPU1:0.29GB, GPU2:0.02GB]

训练 - Loss: 1.1766, Acc: 65.83%
测试 - Loss: 1.6646, Acc: 56.05%
学习率: 0.100000, 时间: 37.64s
GPU内存使用:
  GPU 1 - 已分配: 0.29GB, 已保留: 2.22GB
  GPU 2 - 已分配: 0.02GB, 已保留: 1.94GB

============================================================
Epoch 48/100
============================================================
Epoch: 47 [0/391] Loss: 0.9631 | Acc: 67.97% | Time: 0.0999s | GPU Mem: [GPU1:0.28GB, GPU2:0.02GB]
Epoch: 47 [100/391] Loss: 1.0537 | Acc: 67.81% | Time: 0.0939s | GPU Mem: [GPU1:0.29GB, GPU2:0.02GB]
Epoch: 47 [200/391] Loss: 1.1209 | Acc: 66.83% | Time: 0.0963s | GPU Mem: [GPU1:0.29GB, GPU2:0.02GB]
Epoch: 47 [300/391] Loss: 1.2818 | Acc: 66.39% | Time: 0.0887s | GPU Mem: [GPU1:0.29GB, GPU2:0.02GB]

训练 - Loss: 1.1674, Acc: 66.20%
测试 - Loss: 1.7851, Acc: 53.85%
学习率: 0.100000, 时间: 37.56s
GPU内存使用:
  GPU 1 - 已分配: 0.29GB, 已保留: 2.22GB
  GPU 2 - 已分配: 0.02GB, 已保留: 1.94GB

============================================================
Epoch 49/100
============================================================
Epoch: 48 [0/391] Loss: 1.1743 | Acc: 67.97% | Time: 0.0974s | GPU Mem: [GPU1:0.28GB, GPU2:0.02GB]
Epoch: 48 [100/391] Loss: 1.1638 | Acc: 68.01% | Time: 0.0980s | GPU Mem: [GPU1:0.29GB, GPU2:0.02GB]
Epoch: 48 [200/391] Loss: 1.0851 | Acc: 67.24% | Time: 0.0825s | GPU Mem: [GPU1:0.29GB, GPU2:0.02GB]
Epoch: 48 [300/391] Loss: 1.0038 | Acc: 66.74% | Time: 0.0901s | GPU Mem: [GPU1:0.29GB, GPU2:0.02GB]

训练 - Loss: 1.1619, Acc: 66.34%
测试 - Loss: 1.8264, Acc: 53.17%
学习率: 0.100000, 时间: 37.91s
GPU内存使用:
  GPU 1 - 已分配: 0.29GB, 已保留: 2.22GB
  GPU 2 - 已分配: 0.02GB, 已保留: 1.94GB

============================================================
Epoch 50/100
============================================================
Epoch: 49 [0/391] Loss: 1.0205 | Acc: 69.53% | Time: 0.0882s | GPU Mem: [GPU1:0.28GB, GPU2:0.02GB]
Epoch: 49 [100/391] Loss: 1.0787 | Acc: 67.73% | Time: 0.1439s | GPU Mem: [GPU1:0.29GB, GPU2:0.02GB]
Epoch: 49 [200/391] Loss: 0.9423 | Acc: 67.22% | Time: 0.0936s | GPU Mem: [GPU1:0.29GB, GPU2:0.02GB]
Epoch: 49 [300/391] Loss: 1.2433 | Acc: 66.90% | Time: 0.0876s | GPU Mem: [GPU1:0.29GB, GPU2:0.02GB]

训练 - Loss: 1.1569, Acc: 66.37%
测试 - Loss: 1.6569, Acc: 55.57%
学习率: 0.010000, 时间: 37.83s
GPU内存使用:
  GPU 1 - 已分配: 0.29GB, 已保留: 2.22GB
  GPU 2 - 已分配: 0.02GB, 已保留: 1.94GB
保存checkpoint到: ./checkpoints/checkpoint_dp_epoch_50.pth

============================================================
Epoch 51/100
============================================================
Epoch: 50 [0/391] Loss: 1.1177 | Acc: 64.84% | Time: 0.0996s | GPU Mem: [GPU1:0.28GB, GPU2:0.02GB]
Epoch: 50 [100/391] Loss: 0.6089 | Acc: 75.16% | Time: 0.0907s | GPU Mem: [GPU1:0.29GB, GPU2:0.02GB]
Epoch: 50 [200/391] Loss: 0.6722 | Acc: 76.89% | Time: 0.0860s | GPU Mem: [GPU1:0.29GB, GPU2:0.02GB]
Epoch: 50 [300/391] Loss: 0.5674 | Acc: 78.07% | Time: 0.0919s | GPU Mem: [GPU1:0.29GB, GPU2:0.02GB]

训练 - Loss: 0.7220, Acc: 78.74%
测试 - Loss: 0.9159, Acc: 73.38%
学习率: 0.010000, 时间: 37.56s
GPU内存使用:
  GPU 1 - 已分配: 0.29GB, 已保留: 2.22GB
  GPU 2 - 已分配: 0.02GB, 已保留: 1.94GB
最佳准确率更新: 58.11% -> 73.38%
保存最佳模型到: ./checkpoints/best_model_dp.pth

============================================================
Epoch 52/100
============================================================
Epoch: 51 [0/391] Loss: 0.5555 | Acc: 85.94% | Time: 0.1026s | GPU Mem: [GPU1:0.28GB, GPU2:0.02GB]
Epoch: 51 [100/391] Loss: 0.6026 | Acc: 83.17% | Time: 0.0925s | GPU Mem: [GPU1:0.29GB, GPU2:0.02GB]
Epoch: 51 [200/391] Loss: 0.5751 | Acc: 83.07% | Time: 0.0908s | GPU Mem: [GPU1:0.29GB, GPU2:0.02GB]
Epoch: 51 [300/391] Loss: 0.5896 | Acc: 82.95% | Time: 0.0929s | GPU Mem: [GPU1:0.29GB, GPU2:0.02GB]

训练 - Loss: 0.5686, Acc: 83.08%
测试 - Loss: 0.8988, Acc: 74.09%
学习率: 0.010000, 时间: 37.72s
GPU内存使用:
  GPU 1 - 已分配: 0.29GB, 已保留: 2.22GB
  GPU 2 - 已分配: 0.02GB, 已保留: 1.94GB
最佳准确率更新: 73.38% -> 74.09%
保存最佳模型到: ./checkpoints/best_model_dp.pth

============================================================
Epoch 53/100
============================================================
Epoch: 52 [0/391] Loss: 0.3313 | Acc: 91.41% | Time: 0.0897s | GPU Mem: [GPU1:0.28GB, GPU2:0.02GB]
Epoch: 52 [100/391] Loss: 0.5967 | Acc: 84.50% | Time: 0.0929s | GPU Mem: [GPU1:0.29GB, GPU2:0.02GB]
Epoch: 52 [200/391] Loss: 0.4736 | Acc: 84.60% | Time: 0.0906s | GPU Mem: [GPU1:0.29GB, GPU2:0.02GB]
Epoch: 52 [300/391] Loss: 0.4871 | Acc: 84.59% | Time: 0.0919s | GPU Mem: [GPU1:0.29GB, GPU2:0.02GB]

训练 - Loss: 0.5076, Acc: 84.52%
测试 - Loss: 0.9055, Acc: 74.50%
学习率: 0.010000, 时间: 37.58s
GPU内存使用:
  GPU 1 - 已分配: 0.29GB, 已保留: 2.22GB
  GPU 2 - 已分配: 0.02GB, 已保留: 1.94GB
最佳准确率更新: 74.09% -> 74.50%
保存最佳模型到: ./checkpoints/best_model_dp.pth

============================================================
Epoch 54/100
============================================================
Epoch: 53 [0/391] Loss: 0.4648 | Acc: 84.38% | Time: 0.0949s | GPU Mem: [GPU1:0.28GB, GPU2:0.02GB]
Epoch: 53 [100/391] Loss: 0.4519 | Acc: 86.79% | Time: 0.0864s | GPU Mem: [GPU1:0.29GB, GPU2:0.02GB]
Epoch: 53 [200/391] Loss: 0.4762 | Acc: 86.50% | Time: 0.0927s | GPU Mem: [GPU1:0.29GB, GPU2:0.02GB]
Epoch: 53 [300/391] Loss: 0.4529 | Acc: 86.26% | Time: 0.0901s | GPU Mem: [GPU1:0.29GB, GPU2:0.02GB]

训练 - Loss: 0.4591, Acc: 86.18%
测试 - Loss: 0.9015, Acc: 74.56%
学习率: 0.010000, 时间: 37.60s
GPU内存使用:
  GPU 1 - 已分配: 0.29GB, 已保留: 2.22GB
  GPU 2 - 已分配: 0.02GB, 已保留: 1.94GB
最佳准确率更新: 74.50% -> 74.56%
保存最佳模型到: ./checkpoints/best_model_dp.pth

============================================================
Epoch 55/100
============================================================
Epoch: 54 [0/391] Loss: 0.3949 | Acc: 84.38% | Time: 0.1034s | GPU Mem: [GPU1:0.28GB, GPU2:0.02GB]
Epoch: 54 [100/391] Loss: 0.4206 | Acc: 88.10% | Time: 0.0905s | GPU Mem: [GPU1:0.29GB, GPU2:0.02GB]
Epoch: 54 [200/391] Loss: 0.3735 | Acc: 87.67% | Time: 0.0894s | GPU Mem: [GPU1:0.29GB, GPU2:0.02GB]
Epoch: 54 [300/391] Loss: 0.5476 | Acc: 87.51% | Time: 0.0875s | GPU Mem: [GPU1:0.29GB, GPU2:0.02GB]

训练 - Loss: 0.4182, Acc: 87.31%
测试 - Loss: 0.9018, Acc: 75.18%
学习率: 0.010000, 时间: 37.87s
GPU内存使用:
  GPU 1 - 已分配: 0.29GB, 已保留: 2.22GB
  GPU 2 - 已分配: 0.02GB, 已保留: 1.94GB
最佳准确率更新: 74.56% -> 75.18%
保存最佳模型到: ./checkpoints/best_model_dp.pth

============================================================
Epoch 56/100
============================================================
Epoch: 55 [0/391] Loss: 0.3670 | Acc: 87.50% | Time: 0.1029s | GPU Mem: [GPU1:0.28GB, GPU2:0.02GB]
Epoch: 55 [100/391] Loss: 0.4223 | Acc: 88.95% | Time: 0.0864s | GPU Mem: [GPU1:0.29GB, GPU2:0.02GB]
Epoch: 55 [200/391] Loss: 0.3699 | Acc: 88.63% | Time: 0.0870s | GPU Mem: [GPU1:0.29GB, GPU2:0.02GB]
Epoch: 55 [300/391] Loss: 0.4190 | Acc: 88.53% | Time: 0.0915s | GPU Mem: [GPU1:0.29GB, GPU2:0.02GB]

训练 - Loss: 0.3878, Acc: 88.24%
测试 - Loss: 0.9195, Acc: 74.89%
学习率: 0.010000, 时间: 37.59s
GPU内存使用:
  GPU 1 - 已分配: 0.29GB, 已保留: 2.22GB
  GPU 2 - 已分配: 0.02GB, 已保留: 1.94GB

============================================================
Epoch 57/100
============================================================
Epoch: 56 [0/391] Loss: 0.2739 | Acc: 90.62% | Time: 0.0933s | GPU Mem: [GPU1:0.28GB, GPU2:0.02GB]
Epoch: 56 [100/391] Loss: 0.3830 | Acc: 89.47% | Time: 0.0908s | GPU Mem: [GPU1:0.29GB, GPU2:0.02GB]
Epoch: 56 [200/391] Loss: 0.3493 | Acc: 89.31% | Time: 0.0835s | GPU Mem: [GPU1:0.29GB, GPU2:0.02GB]
Epoch: 56 [300/391] Loss: 0.3126 | Acc: 89.07% | Time: 0.0872s | GPU Mem: [GPU1:0.29GB, GPU2:0.02GB]

训练 - Loss: 0.3583, Acc: 88.89%
测试 - Loss: 0.9142, Acc: 74.71%
学习率: 0.010000, 时间: 38.06s
GPU内存使用:
  GPU 1 - 已分配: 0.29GB, 已保留: 2.22GB
  GPU 2 - 已分配: 0.02GB, 已保留: 1.94GB

============================================================
Epoch 58/100
============================================================
Epoch: 57 [0/391] Loss: 0.2526 | Acc: 92.97% | Time: 0.0947s | GPU Mem: [GPU1:0.28GB, GPU2:0.02GB]
Epoch: 57 [100/391] Loss: 0.3674 | Acc: 90.74% | Time: 0.0933s | GPU Mem: [GPU1:0.29GB, GPU2:0.02GB]
Epoch: 57 [200/391] Loss: 0.2059 | Acc: 90.45% | Time: 0.0904s | GPU Mem: [GPU1:0.29GB, GPU2:0.02GB]
Epoch: 57 [300/391] Loss: 0.2449 | Acc: 90.12% | Time: 0.0964s | GPU Mem: [GPU1:0.29GB, GPU2:0.02GB]

训练 - Loss: 0.3317, Acc: 89.85%
测试 - Loss: 0.9482, Acc: 74.81%
学习率: 0.010000, 时间: 37.84s
GPU内存使用:
  GPU 1 - 已分配: 0.29GB, 已保留: 2.22GB
  GPU 2 - 已分配: 0.02GB, 已保留: 1.94GB

============================================================
Epoch 59/100
============================================================
Epoch: 58 [0/391] Loss: 0.3608 | Acc: 89.06% | Time: 0.0940s | GPU Mem: [GPU1:0.28GB, GPU2:0.02GB]
Epoch: 58 [100/391] Loss: 0.3091 | Acc: 91.42% | Time: 0.0906s | GPU Mem: [GPU1:0.29GB, GPU2:0.02GB]
Epoch: 58 [200/391] Loss: 0.3756 | Acc: 90.97% | Time: 0.0908s | GPU Mem: [GPU1:0.29GB, GPU2:0.02GB]
Epoch: 58 [300/391] Loss: 0.2557 | Acc: 90.78% | Time: 0.0971s | GPU Mem: [GPU1:0.29GB, GPU2:0.02GB]

训练 - Loss: 0.3103, Acc: 90.51%
测试 - Loss: 0.9819, Acc: 74.19%
学习率: 0.010000, 时间: 37.87s
GPU内存使用:
  GPU 1 - 已分配: 0.29GB, 已保留: 2.22GB
  GPU 2 - 已分配: 0.02GB, 已保留: 1.94GB

============================================================
Epoch 60/100
============================================================
Epoch: 59 [0/391] Loss: 0.3417 | Acc: 89.06% | Time: 0.0960s | GPU Mem: [GPU1:0.28GB, GPU2:0.02GB]
Epoch: 59 [100/391] Loss: 0.2145 | Acc: 91.73% | Time: 0.0903s | GPU Mem: [GPU1:0.29GB, GPU2:0.02GB]
Epoch: 59 [200/391] Loss: 0.2793 | Acc: 91.43% | Time: 0.0856s | GPU Mem: [GPU1:0.29GB, GPU2:0.02GB]
Epoch: 59 [300/391] Loss: 0.2700 | Acc: 91.38% | Time: 0.0872s | GPU Mem: [GPU1:0.29GB, GPU2:0.02GB]

训练 - Loss: 0.2862, Acc: 91.22%
测试 - Loss: 1.0010, Acc: 74.31%
学习率: 0.010000, 时间: 37.98s
GPU内存使用:
  GPU 1 - 已分配: 0.29GB, 已保留: 2.22GB
  GPU 2 - 已分配: 0.02GB, 已保留: 1.94GB
保存checkpoint到: ./checkpoints/checkpoint_dp_epoch_60.pth

============================================================
Epoch 61/100
============================================================
Epoch: 60 [0/391] Loss: 0.2830 | Acc: 90.62% | Time: 0.1018s | GPU Mem: [GPU1:0.28GB, GPU2:0.02GB]
Epoch: 60 [100/391] Loss: 0.2654 | Acc: 92.38% | Time: 0.0838s | GPU Mem: [GPU1:0.29GB, GPU2:0.02GB]
Epoch: 60 [200/391] Loss: 0.3690 | Acc: 92.01% | Time: 0.0914s | GPU Mem: [GPU1:0.29GB, GPU2:0.02GB]
Epoch: 60 [300/391] Loss: 0.2206 | Acc: 91.83% | Time: 0.0880s | GPU Mem: [GPU1:0.29GB, GPU2:0.02GB]

训练 - Loss: 0.2752, Acc: 91.52%
测试 - Loss: 0.9977, Acc: 74.56%
学习率: 0.010000, 时间: 37.58s
GPU内存使用:
  GPU 1 - 已分配: 0.29GB, 已保留: 2.22GB
  GPU 2 - 已分配: 0.02GB, 已保留: 1.94GB

============================================================
Epoch 62/100
============================================================
Epoch: 61 [0/391] Loss: 0.2754 | Acc: 92.19% | Time: 0.1021s | GPU Mem: [GPU1:0.28GB, GPU2:0.02GB]
Epoch: 61 [100/391] Loss: 0.2277 | Acc: 93.17% | Time: 0.0861s | GPU Mem: [GPU1:0.29GB, GPU2:0.02GB]
Epoch: 61 [200/391] Loss: 0.2651 | Acc: 92.67% | Time: 0.0861s | GPU Mem: [GPU1:0.29GB, GPU2:0.02GB]
Epoch: 61 [300/391] Loss: 0.2200 | Acc: 92.49% | Time: 0.0875s | GPU Mem: [GPU1:0.29GB, GPU2:0.02GB]

训练 - Loss: 0.2520, Acc: 92.28%
测试 - Loss: 0.9935, Acc: 74.37%
学习率: 0.010000, 时间: 37.53s
GPU内存使用:
  GPU 1 - 已分配: 0.29GB, 已保留: 2.22GB
  GPU 2 - 已分配: 0.02GB, 已保留: 1.94GB

============================================================
Epoch 63/100
============================================================
Epoch: 62 [0/391] Loss: 0.2577 | Acc: 90.62% | Time: 0.0930s | GPU Mem: [GPU1:0.28GB, GPU2:0.02GB]
Epoch: 62 [100/391] Loss: 0.1233 | Acc: 93.38% | Time: 0.0865s | GPU Mem: [GPU1:0.29GB, GPU2:0.02GB]
Epoch: 62 [200/391] Loss: 0.2161 | Acc: 93.17% | Time: 0.0901s | GPU Mem: [GPU1:0.29GB, GPU2:0.02GB]
Epoch: 62 [300/391] Loss: 0.2469 | Acc: 92.91% | Time: 0.0911s | GPU Mem: [GPU1:0.29GB, GPU2:0.02GB]

训练 - Loss: 0.2384, Acc: 92.73%
测试 - Loss: 1.0461, Acc: 73.98%
学习率: 0.010000, 时间: 38.12s
GPU内存使用:
  GPU 1 - 已分配: 0.29GB, 已保留: 2.22GB
  GPU 2 - 已分配: 0.02GB, 已保留: 1.94GB

============================================================
Epoch 64/100
============================================================
Epoch: 63 [0/391] Loss: 0.1839 | Acc: 94.53% | Time: 0.0968s | GPU Mem: [GPU1:0.28GB, GPU2:0.02GB]
Epoch: 63 [100/391] Loss: 0.2689 | Acc: 93.56% | Time: 0.0855s | GPU Mem: [GPU1:0.29GB, GPU2:0.02GB]
Epoch: 63 [200/391] Loss: 0.2448 | Acc: 93.41% | Time: 0.0912s | GPU Mem: [GPU1:0.29GB, GPU2:0.02GB]
Epoch: 63 [300/391] Loss: 0.2492 | Acc: 93.28% | Time: 0.0958s | GPU Mem: [GPU1:0.29GB, GPU2:0.02GB]

训练 - Loss: 0.2283, Acc: 93.06%
测试 - Loss: 1.0708, Acc: 73.42%
学习率: 0.010000, 时间: 38.09s
GPU内存使用:
  GPU 1 - 已分配: 0.29GB, 已保留: 2.22GB
  GPU 2 - 已分配: 0.02GB, 已保留: 1.94GB

============================================================
Epoch 65/100
============================================================
Epoch: 64 [0/391] Loss: 0.1655 | Acc: 94.53% | Time: 0.0939s | GPU Mem: [GPU1:0.28GB, GPU2:0.02GB]
Epoch: 64 [100/391] Loss: 0.1852 | Acc: 94.21% | Time: 0.0892s | GPU Mem: [GPU1:0.29GB, GPU2:0.02GB]
Epoch: 64 [200/391] Loss: 0.1946 | Acc: 93.73% | Time: 0.0871s | GPU Mem: [GPU1:0.29GB, GPU2:0.02GB]
Epoch: 64 [300/391] Loss: 0.2125 | Acc: 93.49% | Time: 0.0965s | GPU Mem: [GPU1:0.29GB, GPU2:0.02GB]

训练 - Loss: 0.2195, Acc: 93.26%
测试 - Loss: 1.0721, Acc: 73.54%
学习率: 0.010000, 时间: 37.71s
GPU内存使用:
  GPU 1 - 已分配: 0.29GB, 已保留: 2.22GB
  GPU 2 - 已分配: 0.02GB, 已保留: 1.94GB

============================================================
Epoch 66/100
============================================================
Epoch: 65 [0/391] Loss: 0.1853 | Acc: 94.53% | Time: 0.0899s | GPU Mem: [GPU1:0.28GB, GPU2:0.02GB]
Epoch: 65 [100/391] Loss: 0.2097 | Acc: 94.30% | Time: 0.0932s | GPU Mem: [GPU1:0.29GB, GPU2:0.02GB]
Epoch: 65 [200/391] Loss: 0.2128 | Acc: 94.11% | Time: 0.0909s | GPU Mem: [GPU1:0.29GB, GPU2:0.02GB]
Epoch: 65 [300/391] Loss: 0.3155 | Acc: 93.76% | Time: 0.0981s | GPU Mem: [GPU1:0.29GB, GPU2:0.02GB]

训练 - Loss: 0.2130, Acc: 93.54%
测试 - Loss: 1.1053, Acc: 72.91%
学习率: 0.010000, 时间: 38.44s
GPU内存使用:
  GPU 1 - 已分配: 0.29GB, 已保留: 2.22GB
  GPU 2 - 已分配: 0.02GB, 已保留: 1.94GB

============================================================
Epoch 67/100
============================================================
Epoch: 66 [0/391] Loss: 0.1227 | Acc: 96.09% | Time: 0.1023s | GPU Mem: [GPU1:0.28GB, GPU2:0.02GB]
Epoch: 66 [100/391] Loss: 0.1724 | Acc: 94.67% | Time: 0.0987s | GPU Mem: [GPU1:0.29GB, GPU2:0.02GB]
Epoch: 66 [200/391] Loss: 0.2237 | Acc: 94.38% | Time: 0.0907s | GPU Mem: [GPU1:0.29GB, GPU2:0.02GB]
Epoch: 66 [300/391] Loss: 0.1469 | Acc: 94.08% | Time: 0.0921s | GPU Mem: [GPU1:0.29GB, GPU2:0.02GB]

训练 - Loss: 0.2021, Acc: 93.87%
测试 - Loss: 1.0758, Acc: 73.71%
学习率: 0.010000, 时间: 38.08s
GPU内存使用:
  GPU 1 - 已分配: 0.29GB, 已保留: 2.22GB
  GPU 2 - 已分配: 0.02GB, 已保留: 1.94GB

============================================================
Epoch 68/100
============================================================
Epoch: 67 [0/391] Loss: 0.1893 | Acc: 95.31% | Time: 0.0973s | GPU Mem: [GPU1:0.28GB, GPU2:0.02GB]
Epoch: 67 [100/391] Loss: 0.1719 | Acc: 95.21% | Time: 0.1003s | GPU Mem: [GPU1:0.29GB, GPU2:0.02GB]
Epoch: 67 [200/391] Loss: 0.2057 | Acc: 94.69% | Time: 0.0907s | GPU Mem: [GPU1:0.29GB, GPU2:0.02GB]
Epoch: 67 [300/391] Loss: 0.2047 | Acc: 94.35% | Time: 0.0935s | GPU Mem: [GPU1:0.29GB, GPU2:0.02GB]

训练 - Loss: 0.1963, Acc: 94.06%
测试 - Loss: 1.0870, Acc: 73.93%
学习率: 0.010000, 时间: 37.47s
GPU内存使用:
  GPU 1 - 已分配: 0.29GB, 已保留: 2.22GB
  GPU 2 - 已分配: 0.02GB, 已保留: 1.94GB

============================================================
Epoch 69/100
============================================================
Epoch: 68 [0/391] Loss: 0.2065 | Acc: 93.75% | Time: 0.1067s | GPU Mem: [GPU1:0.28GB, GPU2:0.02GB]
Epoch: 68 [100/391] Loss: 0.1981 | Acc: 95.14% | Time: 0.0885s | GPU Mem: [GPU1:0.29GB, GPU2:0.02GB]
Epoch: 68 [200/391] Loss: 0.1720 | Acc: 94.83% | Time: 0.0787s | GPU Mem: [GPU1:0.29GB, GPU2:0.02GB]
Epoch: 68 [300/391] Loss: 0.1741 | Acc: 94.58% | Time: 0.0923s | GPU Mem: [GPU1:0.29GB, GPU2:0.02GB]

训练 - Loss: 0.1892, Acc: 94.30%
测试 - Loss: 1.1173, Acc: 73.71%
学习率: 0.010000, 时间: 37.67s
GPU内存使用:
  GPU 1 - 已分配: 0.29GB, 已保留: 2.22GB
  GPU 2 - 已分配: 0.02GB, 已保留: 1.94GB

============================================================
Epoch 70/100
============================================================
Epoch: 69 [0/391] Loss: 0.2170 | Acc: 92.19% | Time: 0.0941s | GPU Mem: [GPU1:0.28GB, GPU2:0.02GB]
Epoch: 69 [100/391] Loss: 0.1479 | Acc: 95.17% | Time: 0.0887s | GPU Mem: [GPU1:0.29GB, GPU2:0.02GB]
Epoch: 69 [200/391] Loss: 0.1943 | Acc: 94.66% | Time: 0.0884s | GPU Mem: [GPU1:0.29GB, GPU2:0.02GB]
Epoch: 69 [300/391] Loss: 0.2438 | Acc: 94.35% | Time: 0.0923s | GPU Mem: [GPU1:0.29GB, GPU2:0.02GB]

训练 - Loss: 0.1893, Acc: 94.14%
测试 - Loss: 1.1103, Acc: 73.44%
学习率: 0.010000, 时间: 37.42s
GPU内存使用:
  GPU 1 - 已分配: 0.29GB, 已保留: 2.22GB
  GPU 2 - 已分配: 0.02GB, 已保留: 1.94GB
保存checkpoint到: ./checkpoints/checkpoint_dp_epoch_70.pth

============================================================
Epoch 71/100
============================================================
Epoch: 70 [0/391] Loss: 0.0875 | Acc: 99.22% | Time: 0.1017s | GPU Mem: [GPU1:0.28GB, GPU2:0.02GB]
Epoch: 70 [100/391] Loss: 0.1125 | Acc: 94.48% | Time: 0.1007s | GPU Mem: [GPU1:0.29GB, GPU2:0.02GB]
Epoch: 70 [200/391] Loss: 0.1774 | Acc: 94.50% | Time: 0.0891s | GPU Mem: [GPU1:0.29GB, GPU2:0.02GB]
Epoch: 70 [300/391] Loss: 0.2302 | Acc: 94.37% | Time: 0.0907s | GPU Mem: [GPU1:0.29GB, GPU2:0.02GB]

训练 - Loss: 0.1898, Acc: 94.26%
测试 - Loss: 1.1247, Acc: 73.59%
学习率: 0.010000, 时间: 37.07s
GPU内存使用:
  GPU 1 - 已分配: 0.29GB, 已保留: 2.22GB
  GPU 2 - 已分配: 0.02GB, 已保留: 1.94GB

============================================================
Epoch 72/100
============================================================
Epoch: 71 [0/391] Loss: 0.1145 | Acc: 97.66% | Time: 0.0964s | GPU Mem: [GPU1:0.28GB, GPU2:0.02GB]
Epoch: 71 [100/391] Loss: 0.1454 | Acc: 94.91% | Time: 0.0873s | GPU Mem: [GPU1:0.29GB, GPU2:0.02GB]
Epoch: 71 [200/391] Loss: 0.2562 | Acc: 94.68% | Time: 0.0886s | GPU Mem: [GPU1:0.29GB, GPU2:0.02GB]
Epoch: 71 [300/391] Loss: 0.2336 | Acc: 94.39% | Time: 0.0877s | GPU Mem: [GPU1:0.29GB, GPU2:0.02GB]

训练 - Loss: 0.1890, Acc: 94.29%
测试 - Loss: 1.1596, Acc: 72.83%
学习率: 0.010000, 时间: 38.10s
GPU内存使用:
  GPU 1 - 已分配: 0.29GB, 已保留: 2.22GB
  GPU 2 - 已分配: 0.02GB, 已保留: 1.94GB

============================================================
Epoch 73/100
============================================================
Epoch: 72 [0/391] Loss: 0.2491 | Acc: 94.53% | Time: 0.0912s | GPU Mem: [GPU1:0.28GB, GPU2:0.02GB]
Epoch: 72 [100/391] Loss: 0.1306 | Acc: 95.31% | Time: 0.0963s | GPU Mem: [GPU1:0.29GB, GPU2:0.02GB]
Epoch: 72 [200/391] Loss: 0.2211 | Acc: 94.91% | Time: 0.0913s | GPU Mem: [GPU1:0.29GB, GPU2:0.02GB]
Epoch: 72 [300/391] Loss: 0.1729 | Acc: 94.68% | Time: 0.0940s | GPU Mem: [GPU1:0.29GB, GPU2:0.02GB]

训练 - Loss: 0.1818, Acc: 94.53%
测试 - Loss: 1.1417, Acc: 72.89%
学习率: 0.010000, 时间: 38.33s
GPU内存使用:
  GPU 1 - 已分配: 0.29GB, 已保留: 2.22GB
  GPU 2 - 已分配: 0.02GB, 已保留: 1.94GB

============================================================
Epoch 74/100
============================================================
Epoch: 73 [0/391] Loss: 0.1420 | Acc: 94.53% | Time: 0.0921s | GPU Mem: [GPU1:0.28GB, GPU2:0.02GB]
Epoch: 73 [100/391] Loss: 0.1995 | Acc: 95.17% | Time: 0.0938s | GPU Mem: [GPU1:0.29GB, GPU2:0.02GB]
Epoch: 73 [200/391] Loss: 0.1902 | Acc: 94.90% | Time: 0.0834s | GPU Mem: [GPU1:0.29GB, GPU2:0.02GB]
Epoch: 73 [300/391] Loss: 0.2045 | Acc: 94.80% | Time: 0.1037s | GPU Mem: [GPU1:0.29GB, GPU2:0.02GB]

训练 - Loss: 0.1834, Acc: 94.54%
测试 - Loss: 1.1524, Acc: 72.96%
学习率: 0.010000, 时间: 37.88s
GPU内存使用:
  GPU 1 - 已分配: 0.29GB, 已保留: 2.22GB
  GPU 2 - 已分配: 0.02GB, 已保留: 1.94GB

============================================================
Epoch 75/100
============================================================
Epoch: 74 [0/391] Loss: 0.2449 | Acc: 92.97% | Time: 0.0929s | GPU Mem: [GPU1:0.28GB, GPU2:0.02GB]
Epoch: 74 [100/391] Loss: 0.1711 | Acc: 94.96% | Time: 0.0918s | GPU Mem: [GPU1:0.29GB, GPU2:0.02GB]
Epoch: 74 [200/391] Loss: 0.1306 | Acc: 94.96% | Time: 0.0930s | GPU Mem: [GPU1:0.29GB, GPU2:0.02GB]
Epoch: 74 [300/391] Loss: 0.2735 | Acc: 94.60% | Time: 0.0909s | GPU Mem: [GPU1:0.29GB, GPU2:0.02GB]

训练 - Loss: 0.1844, Acc: 94.43%
测试 - Loss: 1.1622, Acc: 72.98%
学习率: 0.010000, 时间: 38.21s
GPU内存使用:
  GPU 1 - 已分配: 0.29GB, 已保留: 2.22GB
  GPU 2 - 已分配: 0.02GB, 已保留: 1.94GB

============================================================
Epoch 76/100
============================================================
Epoch: 75 [0/391] Loss: 0.1638 | Acc: 95.31% | Time: 0.0957s | GPU Mem: [GPU1:0.28GB, GPU2:0.02GB]
Epoch: 75 [100/391] Loss: 0.2016 | Acc: 94.79% | Time: 0.0837s | GPU Mem: [GPU1:0.29GB, GPU2:0.02GB]
Epoch: 75 [200/391] Loss: 0.1923 | Acc: 94.95% | Time: 0.0966s | GPU Mem: [GPU1:0.29GB, GPU2:0.02GB]
Epoch: 75 [300/391] Loss: 0.1452 | Acc: 94.74% | Time: 0.1044s | GPU Mem: [GPU1:0.29GB, GPU2:0.02GB]

训练 - Loss: 0.1842, Acc: 94.48%
测试 - Loss: 1.1779, Acc: 72.44%
学习率: 0.010000, 时间: 37.94s
GPU内存使用:
  GPU 1 - 已分配: 0.29GB, 已保留: 2.22GB
  GPU 2 - 已分配: 0.02GB, 已保留: 1.94GB

============================================================
Epoch 77/100
============================================================
Epoch: 76 [0/391] Loss: 0.1540 | Acc: 92.97% | Time: 0.0969s | GPU Mem: [GPU1:0.28GB, GPU2:0.02GB]
Epoch: 76 [100/391] Loss: 0.2296 | Acc: 94.73% | Time: 0.0964s | GPU Mem: [GPU1:0.29GB, GPU2:0.02GB]
Epoch: 76 [200/391] Loss: 0.2063 | Acc: 94.76% | Time: 0.0963s | GPU Mem: [GPU1:0.29GB, GPU2:0.02GB]
Epoch: 76 [300/391] Loss: 0.1945 | Acc: 94.66% | Time: 0.0885s | GPU Mem: [GPU1:0.29GB, GPU2:0.02GB]

训练 - Loss: 0.1816, Acc: 94.54%
测试 - Loss: 1.1819, Acc: 72.28%
学习率: 0.010000, 时间: 37.71s
GPU内存使用:
  GPU 1 - 已分配: 0.29GB, 已保留: 2.22GB
  GPU 2 - 已分配: 0.02GB, 已保留: 1.94GB

============================================================
Epoch 78/100
============================================================
Epoch: 77 [0/391] Loss: 0.1468 | Acc: 95.31% | Time: 0.0973s | GPU Mem: [GPU1:0.28GB, GPU2:0.02GB]
Epoch: 77 [100/391] Loss: 0.1761 | Acc: 95.32% | Time: 0.0845s | GPU Mem: [GPU1:0.29GB, GPU2:0.02GB]
Epoch: 77 [200/391] Loss: 0.1514 | Acc: 94.93% | Time: 0.0857s | GPU Mem: [GPU1:0.29GB, GPU2:0.02GB]
Epoch: 77 [300/391] Loss: 0.2155 | Acc: 94.65% | Time: 0.0878s | GPU Mem: [GPU1:0.29GB, GPU2:0.02GB]

训练 - Loss: 0.1818, Acc: 94.43%
测试 - Loss: 1.2020, Acc: 72.64%
学习率: 0.010000, 时间: 37.77s
GPU内存使用:
  GPU 1 - 已分配: 0.29GB, 已保留: 2.22GB
  GPU 2 - 已分配: 0.02GB, 已保留: 1.94GB

============================================================
Epoch 79/100
============================================================
Epoch: 78 [0/391] Loss: 0.1422 | Acc: 94.53% | Time: 0.0988s | GPU Mem: [GPU1:0.28GB, GPU2:0.02GB]
Epoch: 78 [100/391] Loss: 0.1390 | Acc: 95.41% | Time: 0.0895s | GPU Mem: [GPU1:0.29GB, GPU2:0.02GB]
Epoch: 78 [200/391] Loss: 0.1932 | Acc: 95.12% | Time: 0.0900s | GPU Mem: [GPU1:0.29GB, GPU2:0.02GB]
Epoch: 78 [300/391] Loss: 0.2641 | Acc: 94.89% | Time: 0.0911s | GPU Mem: [GPU1:0.29GB, GPU2:0.02GB]

训练 - Loss: 0.1768, Acc: 94.80%
测试 - Loss: 1.1581, Acc: 72.89%
学习率: 0.010000, 时间: 37.49s
GPU内存使用:
  GPU 1 - 已分配: 0.29GB, 已保留: 2.22GB
  GPU 2 - 已分配: 0.02GB, 已保留: 1.94GB

============================================================
Epoch 80/100
============================================================
Epoch: 79 [0/391] Loss: 0.2150 | Acc: 92.19% | Time: 0.0938s | GPU Mem: [GPU1:0.28GB, GPU2:0.02GB]
Epoch: 79 [100/391] Loss: 0.1953 | Acc: 95.20% | Time: 0.0857s | GPU Mem: [GPU1:0.29GB, GPU2:0.02GB]
Epoch: 79 [200/391] Loss: 0.1280 | Acc: 95.04% | Time: 0.0880s | GPU Mem: [GPU1:0.29GB, GPU2:0.02GB]
Epoch: 79 [300/391] Loss: 0.1600 | Acc: 94.84% | Time: 0.0910s | GPU Mem: [GPU1:0.29GB, GPU2:0.02GB]

训练 - Loss: 0.1752, Acc: 94.72%
测试 - Loss: 1.1818, Acc: 72.62%
学习率: 0.010000, 时间: 37.22s
GPU内存使用:
  GPU 1 - 已分配: 0.29GB, 已保留: 2.22GB
  GPU 2 - 已分配: 0.02GB, 已保留: 1.94GB
保存checkpoint到: ./checkpoints/checkpoint_dp_epoch_80.pth

============================================================
Epoch 81/100
============================================================
Epoch: 80 [0/391] Loss: 0.0987 | Acc: 97.66% | Time: 0.0995s | GPU Mem: [GPU1:0.28GB, GPU2:0.02GB]
Epoch: 80 [100/391] Loss: 0.1317 | Acc: 95.47% | Time: 0.0949s | GPU Mem: [GPU1:0.29GB, GPU2:0.02GB]
Epoch: 80 [200/391] Loss: 0.2316 | Acc: 95.08% | Time: 0.0943s | GPU Mem: [GPU1:0.29GB, GPU2:0.02GB]
Epoch: 80 [300/391] Loss: 0.1289 | Acc: 94.67% | Time: 0.0895s | GPU Mem: [GPU1:0.29GB, GPU2:0.02GB]

训练 - Loss: 0.1847, Acc: 94.35%
测试 - Loss: 1.2543, Acc: 70.70%
学习率: 0.010000, 时间: 38.25s
GPU内存使用:
  GPU 1 - 已分配: 0.29GB, 已保留: 2.22GB
  GPU 2 - 已分配: 0.02GB, 已保留: 1.94GB

============================================================
Epoch 82/100
============================================================
Epoch: 81 [0/391] Loss: 0.0804 | Acc: 99.22% | Time: 0.0971s | GPU Mem: [GPU1:0.28GB, GPU2:0.02GB]
Epoch: 81 [100/391] Loss: 0.1675 | Acc: 94.90% | Time: 0.0869s | GPU Mem: [GPU1:0.29GB, GPU2:0.02GB]
Epoch: 81 [200/391] Loss: 0.2109 | Acc: 94.59% | Time: 0.0930s | GPU Mem: [GPU1:0.29GB, GPU2:0.02GB]
Epoch: 81 [300/391] Loss: 0.1427 | Acc: 94.45% | Time: 0.0904s | GPU Mem: [GPU1:0.29GB, GPU2:0.02GB]

训练 - Loss: 0.1883, Acc: 94.25%
测试 - Loss: 1.2279, Acc: 71.77%
学习率: 0.010000, 时间: 37.45s
GPU内存使用:
  GPU 1 - 已分配: 0.29GB, 已保留: 2.22GB
  GPU 2 - 已分配: 0.02GB, 已保留: 1.94GB

============================================================
Epoch 83/100
============================================================
Epoch: 82 [0/391] Loss: 0.1892 | Acc: 92.19% | Time: 0.0929s | GPU Mem: [GPU1:0.28GB, GPU2:0.02GB]
Epoch: 82 [100/391] Loss: 0.1739 | Acc: 95.33% | Time: 0.0837s | GPU Mem: [GPU1:0.29GB, GPU2:0.02GB]
Epoch: 82 [200/391] Loss: 0.1342 | Acc: 94.94% | Time: 0.0943s | GPU Mem: [GPU1:0.29GB, GPU2:0.02GB]
Epoch: 82 [300/391] Loss: 0.1561 | Acc: 94.65% | Time: 0.0946s | GPU Mem: [GPU1:0.29GB, GPU2:0.02GB]

训练 - Loss: 0.1835, Acc: 94.40%
测试 - Loss: 1.2184, Acc: 71.92%
学习率: 0.010000, 时间: 38.01s
GPU内存使用:
  GPU 1 - 已分配: 0.29GB, 已保留: 2.22GB
  GPU 2 - 已分配: 0.02GB, 已保留: 1.94GB

============================================================
Epoch 84/100
============================================================
Epoch: 83 [0/391] Loss: 0.1007 | Acc: 97.66% | Time: 0.0972s | GPU Mem: [GPU1:0.28GB, GPU2:0.02GB]
Epoch: 83 [100/391] Loss: 0.1429 | Acc: 95.07% | Time: 0.0906s | GPU Mem: [GPU1:0.29GB, GPU2:0.02GB]
Epoch: 83 [200/391] Loss: 0.3134 | Acc: 94.72% | Time: 0.0840s | GPU Mem: [GPU1:0.29GB, GPU2:0.02GB]
Epoch: 83 [300/391] Loss: 0.1729 | Acc: 94.46% | Time: 0.0889s | GPU Mem: [GPU1:0.29GB, GPU2:0.02GB]

训练 - Loss: 0.1877, Acc: 94.34%
测试 - Loss: 1.2445, Acc: 70.95%
学习率: 0.010000, 时间: 38.05s
GPU内存使用:
  GPU 1 - 已分配: 0.29GB, 已保留: 2.22GB
  GPU 2 - 已分配: 0.02GB, 已保留: 1.94GB

============================================================
Epoch 85/100
============================================================
Epoch: 84 [0/391] Loss: 0.1366 | Acc: 96.88% | Time: 0.0946s | GPU Mem: [GPU1:0.28GB, GPU2:0.02GB]
Epoch: 84 [100/391] Loss: 0.2583 | Acc: 94.73% | Time: 0.0930s | GPU Mem: [GPU1:0.29GB, GPU2:0.02GB]
Epoch: 84 [200/391] Loss: 0.2477 | Acc: 94.72% | Time: 0.0886s | GPU Mem: [GPU1:0.29GB, GPU2:0.02GB]
Epoch: 84 [300/391] Loss: 0.1511 | Acc: 94.50% | Time: 0.0926s | GPU Mem: [GPU1:0.29GB, GPU2:0.02GB]

训练 - Loss: 0.1890, Acc: 94.27%
测试 - Loss: 1.2464, Acc: 71.56%
学习率: 0.010000, 时间: 37.59s
GPU内存使用:
  GPU 1 - 已分配: 0.29GB, 已保留: 2.22GB
  GPU 2 - 已分配: 0.02GB, 已保留: 1.94GB

============================================================
Epoch 86/100
============================================================
Epoch: 85 [0/391] Loss: 0.1508 | Acc: 94.53% | Time: 0.0958s | GPU Mem: [GPU1:0.28GB, GPU2:0.02GB]
Epoch: 85 [100/391] Loss: 0.1531 | Acc: 95.07% | Time: 0.0948s | GPU Mem: [GPU1:0.29GB, GPU2:0.02GB]
Epoch: 85 [200/391] Loss: 0.2072 | Acc: 94.86% | Time: 0.1019s | GPU Mem: [GPU1:0.29GB, GPU2:0.02GB]
Epoch: 85 [300/391] Loss: 0.1366 | Acc: 94.43% | Time: 0.0922s | GPU Mem: [GPU1:0.29GB, GPU2:0.02GB]

训练 - Loss: 0.1915, Acc: 94.16%
测试 - Loss: 1.2381, Acc: 71.41%
学习率: 0.010000, 时间: 38.31s
GPU内存使用:
  GPU 1 - 已分配: 0.29GB, 已保留: 2.22GB
  GPU 2 - 已分配: 0.02GB, 已保留: 1.94GB

============================================================
Epoch 87/100
============================================================
Epoch: 86 [0/391] Loss: 0.2303 | Acc: 94.53% | Time: 0.0974s | GPU Mem: [GPU1:0.28GB, GPU2:0.02GB]
Epoch: 86 [100/391] Loss: 0.2533 | Acc: 94.86% | Time: 0.0875s | GPU Mem: [GPU1:0.29GB, GPU2:0.02GB]
Epoch: 86 [200/391] Loss: 0.2366 | Acc: 94.93% | Time: 0.0951s | GPU Mem: [GPU1:0.29GB, GPU2:0.02GB]
Epoch: 86 [300/391] Loss: 0.2113 | Acc: 94.61% | Time: 0.0938s | GPU Mem: [GPU1:0.29GB, GPU2:0.02GB]

训练 - Loss: 0.1843, Acc: 94.39%
测试 - Loss: 1.1939, Acc: 72.17%
学习率: 0.010000, 时间: 37.91s
GPU内存使用:
  GPU 1 - 已分配: 0.29GB, 已保留: 2.22GB
  GPU 2 - 已分配: 0.02GB, 已保留: 1.94GB

============================================================
Epoch 88/100
============================================================
Epoch: 87 [0/391] Loss: 0.1744 | Acc: 93.75% | Time: 0.0894s | GPU Mem: [GPU1:0.28GB, GPU2:0.02GB]
Epoch: 87 [100/391] Loss: 0.1021 | Acc: 95.41% | Time: 0.0893s | GPU Mem: [GPU1:0.29GB, GPU2:0.02GB]
Epoch: 87 [200/391] Loss: 0.1692 | Acc: 95.05% | Time: 0.0803s | GPU Mem: [GPU1:0.29GB, GPU2:0.02GB]
Epoch: 87 [300/391] Loss: 0.1854 | Acc: 94.65% | Time: 0.0895s | GPU Mem: [GPU1:0.29GB, GPU2:0.02GB]

训练 - Loss: 0.1859, Acc: 94.34%
测试 - Loss: 1.2394, Acc: 71.19%
学习率: 0.010000, 时间: 37.48s
GPU内存使用:
  GPU 1 - 已分配: 0.29GB, 已保留: 2.22GB
  GPU 2 - 已分配: 0.02GB, 已保留: 1.94GB

============================================================
Epoch 89/100
============================================================
Epoch: 88 [0/391] Loss: 0.1970 | Acc: 92.97% | Time: 0.0986s | GPU Mem: [GPU1:0.28GB, GPU2:0.02GB]
Epoch: 88 [100/391] Loss: 0.1287 | Acc: 95.11% | Time: 0.0863s | GPU Mem: [GPU1:0.29GB, GPU2:0.02GB]
Epoch: 88 [200/391] Loss: 0.1774 | Acc: 94.92% | Time: 0.0918s | GPU Mem: [GPU1:0.29GB, GPU2:0.02GB]
Epoch: 88 [300/391] Loss: 0.2117 | Acc: 94.66% | Time: 0.0811s | GPU Mem: [GPU1:0.29GB, GPU2:0.02GB]

训练 - Loss: 0.1812, Acc: 94.46%
测试 - Loss: 1.2466, Acc: 71.59%
学习率: 0.010000, 时间: 37.58s
GPU内存使用:
  GPU 1 - 已分配: 0.29GB, 已保留: 2.22GB
  GPU 2 - 已分配: 0.02GB, 已保留: 1.94GB

============================================================
Epoch 90/100
============================================================
Epoch: 89 [0/391] Loss: 0.1176 | Acc: 97.66% | Time: 0.0923s | GPU Mem: [GPU1:0.28GB, GPU2:0.02GB]
Epoch: 89 [100/391] Loss: 0.1257 | Acc: 95.20% | Time: 0.0911s | GPU Mem: [GPU1:0.29GB, GPU2:0.02GB]
Epoch: 89 [200/391] Loss: 0.2067 | Acc: 94.84% | Time: 0.0870s | GPU Mem: [GPU1:0.29GB, GPU2:0.02GB]
Epoch: 89 [300/391] Loss: 0.2724 | Acc: 94.52% | Time: 0.0933s | GPU Mem: [GPU1:0.29GB, GPU2:0.02GB]

训练 - Loss: 0.1844, Acc: 94.39%
测试 - Loss: 1.2346, Acc: 72.22%
学习率: 0.010000, 时间: 37.96s
GPU内存使用:
  GPU 1 - 已分配: 0.29GB, 已保留: 2.22GB
  GPU 2 - 已分配: 0.02GB, 已保留: 1.94GB
保存checkpoint到: ./checkpoints/checkpoint_dp_epoch_90.pth

============================================================
Epoch 91/100
============================================================
Epoch: 90 [0/391] Loss: 0.1137 | Acc: 98.44% | Time: 0.0999s | GPU Mem: [GPU1:0.28GB, GPU2:0.02GB]
Epoch: 90 [100/391] Loss: 0.1379 | Acc: 95.15% | Time: 0.0912s | GPU Mem: [GPU1:0.29GB, GPU2:0.02GB]
Epoch: 90 [200/391] Loss: 0.1094 | Acc: 95.04% | Time: 0.0905s | GPU Mem: [GPU1:0.29GB, GPU2:0.02GB]
Epoch: 90 [300/391] Loss: 0.2017 | Acc: 94.76% | Time: 0.0852s | GPU Mem: [GPU1:0.29GB, GPU2:0.02GB]

训练 - Loss: 0.1819, Acc: 94.52%
测试 - Loss: 1.2257, Acc: 71.01%
学习率: 0.010000, 时间: 37.45s
GPU内存使用:
  GPU 1 - 已分配: 0.29GB, 已保留: 2.22GB
  GPU 2 - 已分配: 0.02GB, 已保留: 1.94GB

============================================================
Epoch 92/100
============================================================
Epoch: 91 [0/391] Loss: 0.1508 | Acc: 95.31% | Time: 0.1700s | GPU Mem: [GPU1:0.28GB, GPU2:0.02GB]
Epoch: 91 [100/391] Loss: 0.2060 | Acc: 95.14% | Time: 0.0912s | GPU Mem: [GPU1:0.29GB, GPU2:0.02GB]
Epoch: 91 [200/391] Loss: 0.1814 | Acc: 94.97% | Time: 0.0939s | GPU Mem: [GPU1:0.29GB, GPU2:0.02GB]
Epoch: 91 [300/391] Loss: 0.2631 | Acc: 94.56% | Time: 0.0822s | GPU Mem: [GPU1:0.29GB, GPU2:0.02GB]

训练 - Loss: 0.1817, Acc: 94.34%
测试 - Loss: 1.2947, Acc: 71.08%
学习率: 0.010000, 时间: 37.40s
GPU内存使用:
  GPU 1 - 已分配: 0.29GB, 已保留: 2.22GB
  GPU 2 - 已分配: 0.02GB, 已保留: 1.94GB

============================================================
Epoch 93/100
============================================================
Epoch: 92 [0/391] Loss: 0.1360 | Acc: 97.66% | Time: 0.0884s | GPU Mem: [GPU1:0.28GB, GPU2:0.02GB]
Epoch: 92 [100/391] Loss: 0.1768 | Acc: 95.03% | Time: 0.0864s | GPU Mem: [GPU1:0.29GB, GPU2:0.02GB]
Epoch: 92 [200/391] Loss: 0.2359 | Acc: 95.07% | Time: 0.0990s | GPU Mem: [GPU1:0.29GB, GPU2:0.02GB]
Epoch: 92 [300/391] Loss: 0.2068 | Acc: 94.84% | Time: 0.0904s | GPU Mem: [GPU1:0.29GB, GPU2:0.02GB]

训练 - Loss: 0.1802, Acc: 94.57%
测试 - Loss: 1.2416, Acc: 71.84%
学习率: 0.010000, 时间: 38.07s
GPU内存使用:
  GPU 1 - 已分配: 0.29GB, 已保留: 2.22GB
  GPU 2 - 已分配: 0.02GB, 已保留: 1.94GB

============================================================
Epoch 94/100
============================================================
Epoch: 93 [0/391] Loss: 0.2526 | Acc: 90.62% | Time: 0.0978s | GPU Mem: [GPU1:0.28GB, GPU2:0.02GB]
Epoch: 93 [100/391] Loss: 0.1821 | Acc: 95.00% | Time: 0.0901s | GPU Mem: [GPU1:0.29GB, GPU2:0.02GB]
Epoch: 93 [200/391] Loss: 0.0967 | Acc: 94.93% | Time: 0.0910s | GPU Mem: [GPU1:0.29GB, GPU2:0.02GB]
Epoch: 93 [300/391] Loss: 0.2261 | Acc: 94.74% | Time: 0.0964s | GPU Mem: [GPU1:0.29GB, GPU2:0.02GB]

训练 - Loss: 0.1823, Acc: 94.53%
测试 - Loss: 1.2649, Acc: 70.91%
学习率: 0.010000, 时间: 37.43s
GPU内存使用:
  GPU 1 - 已分配: 0.29GB, 已保留: 2.22GB
  GPU 2 - 已分配: 0.02GB, 已保留: 1.94GB

============================================================
Epoch 95/100
============================================================
Epoch: 94 [0/391] Loss: 0.1384 | Acc: 96.09% | Time: 0.1036s | GPU Mem: [GPU1:0.28GB, GPU2:0.02GB]
Epoch: 94 [100/391] Loss: 0.1333 | Acc: 95.37% | Time: 0.0913s | GPU Mem: [GPU1:0.29GB, GPU2:0.02GB]
Epoch: 94 [200/391] Loss: 0.1019 | Acc: 95.42% | Time: 0.0873s | GPU Mem: [GPU1:0.29GB, GPU2:0.02GB]
Epoch: 94 [300/391] Loss: 0.2149 | Acc: 95.03% | Time: 0.0898s | GPU Mem: [GPU1:0.29GB, GPU2:0.02GB]

训练 - Loss: 0.1763, Acc: 94.79%
测试 - Loss: 1.2354, Acc: 71.52%
学习率: 0.010000, 时间: 37.96s
GPU内存使用:
  GPU 1 - 已分配: 0.29GB, 已保留: 2.22GB
  GPU 2 - 已分配: 0.02GB, 已保留: 1.94GB

============================================================
Epoch 96/100
============================================================
Epoch: 95 [0/391] Loss: 0.1938 | Acc: 92.19% | Time: 0.0959s | GPU Mem: [GPU1:0.28GB, GPU2:0.02GB]
Epoch: 95 [100/391] Loss: 0.1893 | Acc: 95.24% | Time: 0.0920s | GPU Mem: [GPU1:0.29GB, GPU2:0.02GB]
Epoch: 95 [200/391] Loss: 0.1718 | Acc: 95.01% | Time: 0.0865s | GPU Mem: [GPU1:0.29GB, GPU2:0.02GB]
Epoch: 95 [300/391] Loss: 0.1444 | Acc: 94.74% | Time: 0.0863s | GPU Mem: [GPU1:0.29GB, GPU2:0.02GB]

训练 - Loss: 0.1821, Acc: 94.47%
测试 - Loss: 1.2842, Acc: 71.11%
学习率: 0.010000, 时间: 37.72s
GPU内存使用:
  GPU 1 - 已分配: 0.29GB, 已保留: 2.22GB
  GPU 2 - 已分配: 0.02GB, 已保留: 1.94GB

============================================================
Epoch 97/100
============================================================
Epoch: 96 [0/391] Loss: 0.2213 | Acc: 92.97% | Time: 0.0941s | GPU Mem: [GPU1:0.28GB, GPU2:0.02GB]
Epoch: 96 [100/391] Loss: 0.1822 | Acc: 95.30% | Time: 0.0883s | GPU Mem: [GPU1:0.29GB, GPU2:0.02GB]
Epoch: 96 [200/391] Loss: 0.1313 | Acc: 95.27% | Time: 0.0835s | GPU Mem: [GPU1:0.29GB, GPU2:0.02GB]
Epoch: 96 [300/391] Loss: 0.1951 | Acc: 95.08% | Time: 0.0874s | GPU Mem: [GPU1:0.29GB, GPU2:0.02GB]

训练 - Loss: 0.1736, Acc: 94.84%
测试 - Loss: 1.2742, Acc: 70.97%
学习率: 0.010000, 时间: 37.93s
GPU内存使用:
  GPU 1 - 已分配: 0.29GB, 已保留: 2.22GB
  GPU 2 - 已分配: 0.02GB, 已保留: 1.94GB

============================================================
Epoch 98/100
============================================================
Epoch: 97 [0/391] Loss: 0.1543 | Acc: 96.09% | Time: 0.0980s | GPU Mem: [GPU1:0.28GB, GPU2:0.02GB]
Epoch: 97 [100/391] Loss: 0.1263 | Acc: 95.39% | Time: 0.0955s | GPU Mem: [GPU1:0.29GB, GPU2:0.02GB]
Epoch: 97 [200/391] Loss: 0.2012 | Acc: 95.01% | Time: 0.0916s | GPU Mem: [GPU1:0.29GB, GPU2:0.02GB]
Epoch: 97 [300/391] Loss: 0.1858 | Acc: 94.68% | Time: 0.0887s | GPU Mem: [GPU1:0.29GB, GPU2:0.02GB]

训练 - Loss: 0.1830, Acc: 94.54%
测试 - Loss: 1.2448, Acc: 71.08%
学习率: 0.010000, 时间: 37.87s
GPU内存使用:
  GPU 1 - 已分配: 0.29GB, 已保留: 2.22GB
  GPU 2 - 已分配: 0.02GB, 已保留: 1.94GB

============================================================
Epoch 99/100
============================================================
Epoch: 98 [0/391] Loss: 0.2607 | Acc: 92.97% | Time: 0.0984s | GPU Mem: [GPU1:0.28GB, GPU2:0.02GB]
Epoch: 98 [100/391] Loss: 0.1685 | Acc: 94.87% | Time: 0.0835s | GPU Mem: [GPU1:0.29GB, GPU2:0.02GB]
Epoch: 98 [200/391] Loss: 0.1901 | Acc: 94.81% | Time: 0.0864s | GPU Mem: [GPU1:0.29GB, GPU2:0.02GB]
Epoch: 98 [300/391] Loss: 0.1829 | Acc: 94.58% | Time: 0.0900s | GPU Mem: [GPU1:0.29GB, GPU2:0.02GB]

训练 - Loss: 0.1884, Acc: 94.32%
测试 - Loss: 1.2757, Acc: 71.35%
学习率: 0.010000, 时间: 37.62s
GPU内存使用:
  GPU 1 - 已分配: 0.29GB, 已保留: 2.22GB
  GPU 2 - 已分配: 0.02GB, 已保留: 1.94GB

============================================================
Epoch 100/100
============================================================
Epoch: 99 [0/391] Loss: 0.1651 | Acc: 96.88% | Time: 0.0940s | GPU Mem: [GPU1:0.28GB, GPU2:0.02GB]
Epoch: 99 [100/391] Loss: 0.1867 | Acc: 95.16% | Time: 0.0898s | GPU Mem: [GPU1:0.29GB, GPU2:0.02GB]
Epoch: 99 [200/391] Loss: 0.1042 | Acc: 95.06% | Time: 0.0883s | GPU Mem: [GPU1:0.29GB, GPU2:0.02GB]
Epoch: 99 [300/391] Loss: 0.1479 | Acc: 94.95% | Time: 0.0931s | GPU Mem: [GPU1:0.29GB, GPU2:0.02GB]

训练 - Loss: 0.1772, Acc: 94.72%
测试 - Loss: 1.2497, Acc: 72.09%
学习率: 0.001000, 时间: 38.03s
GPU内存使用:
  GPU 1 - 已分配: 0.29GB, 已保留: 2.22GB
  GPU 2 - 已分配: 0.02GB, 已保留: 1.94GB
保存checkpoint到: ./checkpoints/checkpoint_dp_epoch_100.pth

============================================================
训练完成!
============================================================
总时间: 4333.49秒 (72.22分钟)
平均每epoch: 43.33秒
最佳测试准确率: 75.18%
保存最终模型到: ./experiments/group_1_training_mode_and_hardware_configuration_comparison/checkpoints/dp_resnet50_bs128_gpu2_nw2_chunks0.pth

训练完成!
