====================================================================================================
Experiment: mp_resnet50_bs128_gpu2_nw2_chunks0
Parameters: {
  "mode": "mp",
  "model": "resnet50",
  "batch_size": 128,
  "epochs": 100,
  "dataset": "cifar100",
  "gpu_ids": [
    1,
    2
  ],
  "num_workers": 2,
  "prefetch_factor": 1,
  "chunks": 0,
  "num_gpus": 2
}
Command: python -u main.py --mode mp --model resnet50 --batch-size 128 --epochs 100 --dataset cifar100 --gpu-ids 1,2 --num-workers 2 --prefetch-factor 1 --chunks 0 --final-checkpoint-path ./experiments/group_1_training_mode_and_hardware_configuration_comparison/checkpoints/mp_resnet50_bs128_gpu2_nw2_chunks0.pth
Start Time: 2025-12-10T00:05:26.307376
====================================================================================================

================================================================================
训练配置:
================================================================================
  mode                     : mp
  gpu_ids                  : [1, 2]
  num_gpus                 : 2
  num_workers              : 2
  prefetch_factor          : 1
  pin_memory               : True
  persistent_workers       : True
  batch_size               : 128
  epochs                   : 100
  lr                       : 0.1
  momentum                 : 0.9
  weight_decay             : 0.0005
  lr_schedule              : step
  lr_step_size             : 50
  lr_gamma                 : 0.1
  dataset                  : cifar100
  data_root                : ./data
  num_classes              : 100
  model                    : resnet50
  save_dir                 : ./checkpoints
  log_interval             : 100
  save_interval            : 10
  final_checkpoint_path    : ./experiments/group_1_training_mode_and_hardware_configuration_comparison/checkpoints/mp_resnet50_bs128_gpu2_nw2_chunks0.pth
  seed                     : 42
  resume                   : None
  evaluate                 : False
  dist_backend             : nccl
  dist_url                 : env://
  effective_batch_size     : 128
  chunks                   : 0
================================================================================

可用GPU数量: 7
  GPU 1: NVIDIA GeForce RTX 4090
  GPU 2: NVIDIA GeForce RTX 4090

使用训练模式: MP

初始化ModelParallel训练器...
使用GPU: [1, 2]

============================================================
模型并行 - 层分配方案
============================================================

GPU 1 (cuda:1):
  └─ 分配的层: conv1, bn1, layer1, layer2
  └─ 参数量: 1,437,248 (1.44M)

GPU 2 (cuda:2):
  └─ 分配的层: layer3, layer4, avg_pool, fc
  └─ 参数量: 22,268,004 (22.27M)

------------------------------------------------------------
详细映射表:
------------------------------------------------------------
  conv1        -> GPU 1 (cuda:1)
  bn1          -> GPU 1 (cuda:1)
  layer1       -> GPU 1 (cuda:1)
  layer2       -> GPU 1 (cuda:1)
  layer3       -> GPU 2 (cuda:2)
  layer4       -> GPU 2 (cuda:2)
  avg_pool     -> GPU 2 (cuda:2)
  fc           -> GPU 2 (cuda:2)
============================================================


开始训练 100 个epochs...
每个GPU的batch size: 128
学习率: 0.1

============================================================
Epoch 1/100
============================================================
Epoch: 0 [0/391] Loss: 4.8741 | Acc: 0.00% | Time: 0.6169s | GPU Mem: [GPU1:0.02GB, GPU2:0.27GB]
Epoch: 0 [100/391] Loss: 4.5939 | Acc: 1.19% | Time: 0.0242s | GPU Mem: [GPU1:0.02GB, GPU2:0.28GB]
Epoch: 0 [200/391] Loss: 4.4500 | Acc: 1.50% | Time: 0.0310s | GPU Mem: [GPU1:0.02GB, GPU2:0.28GB]
Epoch: 0 [300/391] Loss: 4.2015 | Acc: 2.10% | Time: 0.0274s | GPU Mem: [GPU1:0.02GB, GPU2:0.28GB]

训练 - Loss: 4.6755, Acc: 2.71%
测试 - Loss: 4.1984, Acc: 5.08%
学习率: 0.100000, 时间: 22.51s
GPU内存使用:
  GPU 1 - 已分配: 0.02GB, 已保留: 2.70GB
  GPU 2 - 已分配: 0.28GB, 已保留: 1.29GB
最佳准确率更新: 0.00% -> 5.08%
保存最佳模型到: ./checkpoints/best_model_mp.pth

============================================================
Epoch 2/100
============================================================
Epoch: 1 [0/391] Loss: 4.0925 | Acc: 3.91% | Time: 0.0380s | GPU Mem: [GPU1:0.02GB, GPU2:0.27GB]
Epoch: 1 [100/391] Loss: 4.0704 | Acc: 5.61% | Time: 0.0218s | GPU Mem: [GPU1:0.02GB, GPU2:0.28GB]
Epoch: 1 [200/391] Loss: 4.0310 | Acc: 6.04% | Time: 0.0230s | GPU Mem: [GPU1:0.02GB, GPU2:0.28GB]
Epoch: 1 [300/391] Loss: 4.0684 | Acc: 6.43% | Time: 0.0256s | GPU Mem: [GPU1:0.02GB, GPU2:0.28GB]

训练 - Loss: 4.0210, Acc: 6.94%
测试 - Loss: 3.8913, Acc: 8.89%
学习率: 0.100000, 时间: 21.79s
GPU内存使用:
  GPU 1 - 已分配: 0.02GB, 已保留: 2.70GB
  GPU 2 - 已分配: 0.28GB, 已保留: 1.29GB
最佳准确率更新: 5.08% -> 8.89%
保存最佳模型到: ./checkpoints/best_model_mp.pth

============================================================
Epoch 3/100
============================================================
Epoch: 2 [0/391] Loss: 4.1205 | Acc: 8.59% | Time: 0.0365s | GPU Mem: [GPU1:0.02GB, GPU2:0.28GB]
Epoch: 2 [100/391] Loss: 3.9061 | Acc: 9.20% | Time: 0.0224s | GPU Mem: [GPU1:0.02GB, GPU2:0.28GB]
Epoch: 2 [200/391] Loss: 3.9676 | Acc: 9.70% | Time: 0.0272s | GPU Mem: [GPU1:0.02GB, GPU2:0.28GB]
Epoch: 2 [300/391] Loss: 3.9074 | Acc: 9.91% | Time: 0.0363s | GPU Mem: [GPU1:0.02GB, GPU2:0.28GB]

训练 - Loss: 3.7947, Acc: 10.19%
测试 - Loss: 3.6606, Acc: 11.90%
学习率: 0.100000, 时间: 21.81s
GPU内存使用:
  GPU 1 - 已分配: 0.02GB, 已保留: 2.70GB
  GPU 2 - 已分配: 0.27GB, 已保留: 1.39GB
最佳准确率更新: 8.89% -> 11.90%
保存最佳模型到: ./checkpoints/best_model_mp.pth

============================================================
Epoch 4/100
============================================================
Epoch: 3 [0/391] Loss: 3.9210 | Acc: 5.47% | Time: 0.0328s | GPU Mem: [GPU1:0.02GB, GPU2:0.28GB]
Epoch: 3 [100/391] Loss: 3.5561 | Acc: 12.62% | Time: 0.0231s | GPU Mem: [GPU1:0.02GB, GPU2:0.28GB]
Epoch: 3 [200/391] Loss: 3.5770 | Acc: 13.24% | Time: 0.0278s | GPU Mem: [GPU1:0.02GB, GPU2:0.28GB]
Epoch: 3 [300/391] Loss: 3.3157 | Acc: 13.89% | Time: 0.0234s | GPU Mem: [GPU1:0.02GB, GPU2:0.28GB]

训练 - Loss: 3.5606, Acc: 14.23%
测试 - Loss: 3.4676, Acc: 16.47%
学习率: 0.100000, 时间: 21.80s
GPU内存使用:
  GPU 1 - 已分配: 0.02GB, 已保留: 2.70GB
  GPU 2 - 已分配: 0.27GB, 已保留: 1.39GB
最佳准确率更新: 11.90% -> 16.47%
保存最佳模型到: ./checkpoints/best_model_mp.pth

============================================================
Epoch 5/100
============================================================
Epoch: 4 [0/391] Loss: 3.5281 | Acc: 13.28% | Time: 0.0373s | GPU Mem: [GPU1:0.02GB, GPU2:0.27GB]
Epoch: 4 [100/391] Loss: 3.3781 | Acc: 16.85% | Time: 0.0288s | GPU Mem: [GPU1:0.02GB, GPU2:0.27GB]
Epoch: 4 [200/391] Loss: 3.4262 | Acc: 17.37% | Time: 0.0215s | GPU Mem: [GPU1:0.02GB, GPU2:0.27GB]
Epoch: 4 [300/391] Loss: 3.2059 | Acc: 18.16% | Time: 0.0286s | GPU Mem: [GPU1:0.02GB, GPU2:0.27GB]

训练 - Loss: 3.3121, Acc: 18.86%
测试 - Loss: 3.1580, Acc: 22.06%
学习率: 0.100000, 时间: 21.79s
GPU内存使用:
  GPU 1 - 已分配: 0.02GB, 已保留: 2.70GB
  GPU 2 - 已分配: 0.28GB, 已保留: 1.39GB
最佳准确率更新: 16.47% -> 22.06%
保存最佳模型到: ./checkpoints/best_model_mp.pth

============================================================
Epoch 6/100
============================================================
Epoch: 5 [0/391] Loss: 3.3515 | Acc: 20.31% | Time: 0.0358s | GPU Mem: [GPU1:0.02GB, GPU2:0.28GB]
Epoch: 5 [100/391] Loss: 3.0289 | Acc: 22.93% | Time: 0.0338s | GPU Mem: [GPU1:0.02GB, GPU2:0.27GB]
Epoch: 5 [200/391] Loss: 3.1371 | Acc: 23.04% | Time: 0.0259s | GPU Mem: [GPU1:0.02GB, GPU2:0.27GB]
Epoch: 5 [300/391] Loss: 2.9264 | Acc: 23.55% | Time: 0.0246s | GPU Mem: [GPU1:0.02GB, GPU2:0.27GB]

训练 - Loss: 3.0246, Acc: 24.21%
测试 - Loss: 2.9202, Acc: 27.02%
学习率: 0.100000, 时间: 21.81s
GPU内存使用:
  GPU 1 - 已分配: 0.02GB, 已保留: 2.70GB
  GPU 2 - 已分配: 0.27GB, 已保留: 1.39GB
最佳准确率更新: 22.06% -> 27.02%
保存最佳模型到: ./checkpoints/best_model_mp.pth

============================================================
Epoch 7/100
============================================================
Epoch: 6 [0/391] Loss: 2.8376 | Acc: 25.78% | Time: 0.0320s | GPU Mem: [GPU1:0.02GB, GPU2:0.28GB]
Epoch: 6 [100/391] Loss: 2.8434 | Acc: 28.02% | Time: 0.0241s | GPU Mem: [GPU1:0.02GB, GPU2:0.28GB]
Epoch: 6 [200/391] Loss: 2.5886 | Acc: 28.97% | Time: 0.0291s | GPU Mem: [GPU1:0.02GB, GPU2:0.28GB]
Epoch: 6 [300/391] Loss: 2.6832 | Acc: 29.62% | Time: 0.0236s | GPU Mem: [GPU1:0.02GB, GPU2:0.28GB]

训练 - Loss: 2.7271, Acc: 30.09%
测试 - Loss: 2.7708, Acc: 30.11%
学习率: 0.100000, 时间: 21.79s
GPU内存使用:
  GPU 1 - 已分配: 0.02GB, 已保留: 2.70GB
  GPU 2 - 已分配: 0.28GB, 已保留: 1.39GB
最佳准确率更新: 27.02% -> 30.11%
保存最佳模型到: ./checkpoints/best_model_mp.pth

============================================================
Epoch 8/100
============================================================
Epoch: 7 [0/391] Loss: 2.4721 | Acc: 35.16% | Time: 0.0410s | GPU Mem: [GPU1:0.02GB, GPU2:0.28GB]
Epoch: 7 [100/391] Loss: 2.5751 | Acc: 32.74% | Time: 0.0345s | GPU Mem: [GPU1:0.02GB, GPU2:0.27GB]
Epoch: 7 [200/391] Loss: 2.4921 | Acc: 33.84% | Time: 0.0224s | GPU Mem: [GPU1:0.02GB, GPU2:0.27GB]
Epoch: 7 [300/391] Loss: 2.7075 | Acc: 34.61% | Time: 0.0308s | GPU Mem: [GPU1:0.02GB, GPU2:0.27GB]

训练 - Loss: 2.4919, Acc: 34.86%
测试 - Loss: 3.2782, Acc: 30.66%
学习率: 0.100000, 时间: 21.79s
GPU内存使用:
  GPU 1 - 已分配: 0.02GB, 已保留: 2.70GB
  GPU 2 - 已分配: 0.27GB, 已保留: 1.39GB
最佳准确率更新: 30.11% -> 30.66%
保存最佳模型到: ./checkpoints/best_model_mp.pth

============================================================
Epoch 9/100
============================================================
Epoch: 8 [0/391] Loss: 2.7487 | Acc: 28.12% | Time: 0.0422s | GPU Mem: [GPU1:0.02GB, GPU2:0.28GB]
Epoch: 8 [100/391] Loss: 2.1921 | Acc: 37.46% | Time: 0.0296s | GPU Mem: [GPU1:0.02GB, GPU2:0.28GB]
Epoch: 8 [200/391] Loss: 2.4219 | Acc: 37.93% | Time: 0.0277s | GPU Mem: [GPU1:0.02GB, GPU2:0.28GB]
Epoch: 8 [300/391] Loss: 2.4125 | Acc: 38.52% | Time: 0.0280s | GPU Mem: [GPU1:0.02GB, GPU2:0.28GB]

训练 - Loss: 2.2943, Acc: 38.84%
测试 - Loss: 2.3042, Acc: 39.22%
学习率: 0.100000, 时间: 21.81s
GPU内存使用:
  GPU 1 - 已分配: 0.02GB, 已保留: 2.70GB
  GPU 2 - 已分配: 0.28GB, 已保留: 1.39GB
最佳准确率更新: 30.66% -> 39.22%
保存最佳模型到: ./checkpoints/best_model_mp.pth

============================================================
Epoch 10/100
============================================================
Epoch: 9 [0/391] Loss: 1.8650 | Acc: 51.56% | Time: 0.0316s | GPU Mem: [GPU1:0.02GB, GPU2:0.27GB]
Epoch: 9 [100/391] Loss: 2.2038 | Acc: 42.13% | Time: 0.0220s | GPU Mem: [GPU1:0.02GB, GPU2:0.28GB]
Epoch: 9 [200/391] Loss: 2.0696 | Acc: 41.86% | Time: 0.0225s | GPU Mem: [GPU1:0.02GB, GPU2:0.28GB]
Epoch: 9 [300/391] Loss: 2.1053 | Acc: 42.15% | Time: 0.0245s | GPU Mem: [GPU1:0.02GB, GPU2:0.28GB]

训练 - Loss: 2.1445, Acc: 42.02%
测试 - Loss: 2.3668, Acc: 38.31%
学习率: 0.100000, 时间: 21.79s
GPU内存使用:
  GPU 1 - 已分配: 0.02GB, 已保留: 2.70GB
  GPU 2 - 已分配: 0.27GB, 已保留: 1.39GB
保存checkpoint到: ./checkpoints/checkpoint_mp_epoch_10.pth

============================================================
Epoch 11/100
============================================================
Epoch: 10 [0/391] Loss: 2.0102 | Acc: 44.53% | Time: 0.0446s | GPU Mem: [GPU1:0.02GB, GPU2:0.27GB]
Epoch: 10 [100/391] Loss: 1.9890 | Acc: 45.44% | Time: 0.0263s | GPU Mem: [GPU1:0.02GB, GPU2:0.28GB]
Epoch: 10 [200/391] Loss: 1.9337 | Acc: 45.19% | Time: 0.0311s | GPU Mem: [GPU1:0.02GB, GPU2:0.28GB]
Epoch: 10 [300/391] Loss: 2.2051 | Acc: 45.45% | Time: 0.0270s | GPU Mem: [GPU1:0.02GB, GPU2:0.28GB]

训练 - Loss: 2.0081, Acc: 45.57%
测试 - Loss: 2.2644, Acc: 40.20%
学习率: 0.100000, 时间: 21.80s
GPU内存使用:
  GPU 1 - 已分配: 0.02GB, 已保留: 2.70GB
  GPU 2 - 已分配: 0.28GB, 已保留: 1.39GB
最佳准确率更新: 39.22% -> 40.20%
保存最佳模型到: ./checkpoints/best_model_mp.pth

============================================================
Epoch 12/100
============================================================
Epoch: 11 [0/391] Loss: 1.9494 | Acc: 50.78% | Time: 0.0376s | GPU Mem: [GPU1:0.02GB, GPU2:0.28GB]
Epoch: 11 [100/391] Loss: 1.8605 | Acc: 48.07% | Time: 0.0276s | GPU Mem: [GPU1:0.02GB, GPU2:0.27GB]
Epoch: 11 [200/391] Loss: 2.1823 | Acc: 47.37% | Time: 0.0270s | GPU Mem: [GPU1:0.02GB, GPU2:0.27GB]
Epoch: 11 [300/391] Loss: 2.1492 | Acc: 47.74% | Time: 0.0334s | GPU Mem: [GPU1:0.02GB, GPU2:0.27GB]

训练 - Loss: 1.9052, Acc: 47.93%
测试 - Loss: 2.3166, Acc: 41.22%
学习率: 0.100000, 时间: 21.81s
GPU内存使用:
  GPU 1 - 已分配: 0.02GB, 已保留: 2.70GB
  GPU 2 - 已分配: 0.27GB, 已保留: 1.39GB
最佳准确率更新: 40.20% -> 41.22%
保存最佳模型到: ./checkpoints/best_model_mp.pth

============================================================
Epoch 13/100
============================================================
Epoch: 12 [0/391] Loss: 1.8501 | Acc: 49.22% | Time: 0.0424s | GPU Mem: [GPU1:0.02GB, GPU2:0.28GB]
Epoch: 12 [100/391] Loss: 1.7509 | Acc: 50.06% | Time: 0.0243s | GPU Mem: [GPU1:0.02GB, GPU2:0.28GB]
Epoch: 12 [200/391] Loss: 1.6105 | Acc: 49.81% | Time: 0.0219s | GPU Mem: [GPU1:0.02GB, GPU2:0.28GB]
Epoch: 12 [300/391] Loss: 1.5972 | Acc: 49.73% | Time: 0.0259s | GPU Mem: [GPU1:0.02GB, GPU2:0.28GB]

训练 - Loss: 1.8095, Acc: 49.81%
测试 - Loss: 2.0497, Acc: 45.39%
学习率: 0.100000, 时间: 21.79s
GPU内存使用:
  GPU 1 - 已分配: 0.02GB, 已保留: 2.70GB
  GPU 2 - 已分配: 0.28GB, 已保留: 1.39GB
最佳准确率更新: 41.22% -> 45.39%
保存最佳模型到: ./checkpoints/best_model_mp.pth

============================================================
Epoch 14/100
============================================================
Epoch: 13 [0/391] Loss: 1.8025 | Acc: 47.66% | Time: 0.0317s | GPU Mem: [GPU1:0.02GB, GPU2:0.27GB]
Epoch: 13 [100/391] Loss: 2.0635 | Acc: 50.83% | Time: 0.0243s | GPU Mem: [GPU1:0.02GB, GPU2:0.28GB]
Epoch: 13 [200/391] Loss: 1.7994 | Acc: 51.26% | Time: 0.0230s | GPU Mem: [GPU1:0.02GB, GPU2:0.28GB]
Epoch: 13 [300/391] Loss: 1.7098 | Acc: 51.24% | Time: 0.0224s | GPU Mem: [GPU1:0.02GB, GPU2:0.28GB]

训练 - Loss: 1.7471, Acc: 51.18%
测试 - Loss: 2.0060, Acc: 46.01%
学习率: 0.100000, 时间: 21.78s
GPU内存使用:
  GPU 1 - 已分配: 0.02GB, 已保留: 2.70GB
  GPU 2 - 已分配: 0.28GB, 已保留: 1.39GB
最佳准确率更新: 45.39% -> 46.01%
保存最佳模型到: ./checkpoints/best_model_mp.pth

============================================================
Epoch 15/100
============================================================
Epoch: 14 [0/391] Loss: 1.5881 | Acc: 56.25% | Time: 0.0346s | GPU Mem: [GPU1:0.02GB, GPU2:0.27GB]
Epoch: 14 [100/391] Loss: 1.5290 | Acc: 53.97% | Time: 0.0262s | GPU Mem: [GPU1:0.02GB, GPU2:0.28GB]
Epoch: 14 [200/391] Loss: 1.7509 | Acc: 53.75% | Time: 0.0304s | GPU Mem: [GPU1:0.02GB, GPU2:0.28GB]
Epoch: 14 [300/391] Loss: 1.6268 | Acc: 53.47% | Time: 0.0291s | GPU Mem: [GPU1:0.02GB, GPU2:0.28GB]

训练 - Loss: 1.6673, Acc: 53.40%
测试 - Loss: 2.1429, Acc: 44.30%
学习率: 0.100000, 时间: 21.78s
GPU内存使用:
  GPU 1 - 已分配: 0.02GB, 已保留: 2.70GB
  GPU 2 - 已分配: 0.28GB, 已保留: 1.39GB

============================================================
Epoch 16/100
============================================================
Epoch: 15 [0/391] Loss: 1.4292 | Acc: 58.59% | Time: 0.0345s | GPU Mem: [GPU1:0.02GB, GPU2:0.27GB]
Epoch: 15 [100/391] Loss: 1.5537 | Acc: 54.96% | Time: 0.0352s | GPU Mem: [GPU1:0.02GB, GPU2:0.28GB]
Epoch: 15 [200/391] Loss: 1.6947 | Acc: 55.17% | Time: 0.0279s | GPU Mem: [GPU1:0.02GB, GPU2:0.28GB]
Epoch: 15 [300/391] Loss: 1.3990 | Acc: 55.04% | Time: 0.0244s | GPU Mem: [GPU1:0.02GB, GPU2:0.28GB]

训练 - Loss: 1.6049, Acc: 54.91%
测试 - Loss: 2.0365, Acc: 46.58%
学习率: 0.100000, 时间: 21.78s
GPU内存使用:
  GPU 1 - 已分配: 0.02GB, 已保留: 2.70GB
  GPU 2 - 已分配: 0.28GB, 已保留: 1.39GB
最佳准确率更新: 46.01% -> 46.58%
保存最佳模型到: ./checkpoints/best_model_mp.pth

============================================================
Epoch 17/100
============================================================
Epoch: 16 [0/391] Loss: 1.4848 | Acc: 60.94% | Time: 0.0418s | GPU Mem: [GPU1:0.02GB, GPU2:0.27GB]
Epoch: 16 [100/391] Loss: 1.5208 | Acc: 56.30% | Time: 0.0232s | GPU Mem: [GPU1:0.02GB, GPU2:0.28GB]
Epoch: 16 [200/391] Loss: 1.6034 | Acc: 55.87% | Time: 0.0278s | GPU Mem: [GPU1:0.02GB, GPU2:0.28GB]
Epoch: 16 [300/391] Loss: 1.4652 | Acc: 56.02% | Time: 0.0279s | GPU Mem: [GPU1:0.02GB, GPU2:0.28GB]

训练 - Loss: 1.5611, Acc: 55.91%
测试 - Loss: 2.0515, Acc: 47.16%
学习率: 0.100000, 时间: 21.78s
GPU内存使用:
  GPU 1 - 已分配: 0.02GB, 已保留: 2.70GB
  GPU 2 - 已分配: 0.28GB, 已保留: 1.39GB
最佳准确率更新: 46.58% -> 47.16%
保存最佳模型到: ./checkpoints/best_model_mp.pth

============================================================
Epoch 18/100
============================================================
Epoch: 17 [0/391] Loss: 1.3336 | Acc: 65.62% | Time: 0.0376s | GPU Mem: [GPU1:0.02GB, GPU2:0.27GB]
Epoch: 17 [100/391] Loss: 1.5152 | Acc: 57.73% | Time: 0.0277s | GPU Mem: [GPU1:0.02GB, GPU2:0.28GB]
Epoch: 17 [200/391] Loss: 1.4098 | Acc: 57.58% | Time: 0.0311s | GPU Mem: [GPU1:0.02GB, GPU2:0.28GB]
Epoch: 17 [300/391] Loss: 1.4063 | Acc: 57.22% | Time: 0.0250s | GPU Mem: [GPU1:0.02GB, GPU2:0.28GB]

训练 - Loss: 1.5202, Acc: 56.97%
测试 - Loss: 1.8801, Acc: 50.24%
学习率: 0.100000, 时间: 21.78s
GPU内存使用:
  GPU 1 - 已分配: 0.02GB, 已保留: 2.70GB
  GPU 2 - 已分配: 0.28GB, 已保留: 1.39GB
最佳准确率更新: 47.16% -> 50.24%
保存最佳模型到: ./checkpoints/best_model_mp.pth

============================================================
Epoch 19/100
============================================================
Epoch: 18 [0/391] Loss: 1.3018 | Acc: 66.41% | Time: 0.0315s | GPU Mem: [GPU1:0.02GB, GPU2:0.27GB]
Epoch: 18 [100/391] Loss: 1.4706 | Acc: 58.77% | Time: 0.0219s | GPU Mem: [GPU1:0.02GB, GPU2:0.28GB]
Epoch: 18 [200/391] Loss: 1.4170 | Acc: 58.59% | Time: 0.0261s | GPU Mem: [GPU1:0.02GB, GPU2:0.28GB]
Epoch: 18 [300/391] Loss: 1.6589 | Acc: 58.29% | Time: 0.0219s | GPU Mem: [GPU1:0.02GB, GPU2:0.28GB]

训练 - Loss: 1.4722, Acc: 58.27%
测试 - Loss: 2.0033, Acc: 48.49%
学习率: 0.100000, 时间: 21.79s
GPU内存使用:
  GPU 1 - 已分配: 0.02GB, 已保留: 2.70GB
  GPU 2 - 已分配: 0.28GB, 已保留: 1.39GB

============================================================
Epoch 20/100
============================================================
Epoch: 19 [0/391] Loss: 1.3532 | Acc: 58.59% | Time: 0.0288s | GPU Mem: [GPU1:0.02GB, GPU2:0.27GB]
Epoch: 19 [100/391] Loss: 1.3980 | Acc: 59.54% | Time: 0.0292s | GPU Mem: [GPU1:0.02GB, GPU2:0.28GB]
Epoch: 19 [200/391] Loss: 1.5903 | Acc: 59.51% | Time: 0.0290s | GPU Mem: [GPU1:0.02GB, GPU2:0.28GB]
Epoch: 19 [300/391] Loss: 1.4025 | Acc: 58.94% | Time: 0.0239s | GPU Mem: [GPU1:0.02GB, GPU2:0.28GB]

训练 - Loss: 1.4431, Acc: 58.91%
测试 - Loss: 1.7838, Acc: 52.68%
学习率: 0.100000, 时间: 21.79s
GPU内存使用:
  GPU 1 - 已分配: 0.02GB, 已保留: 2.70GB
  GPU 2 - 已分配: 0.28GB, 已保留: 1.39GB
最佳准确率更新: 50.24% -> 52.68%
保存最佳模型到: ./checkpoints/best_model_mp.pth
保存checkpoint到: ./checkpoints/checkpoint_mp_epoch_20.pth

============================================================
Epoch 21/100
============================================================
Epoch: 20 [0/391] Loss: 1.3235 | Acc: 61.72% | Time: 0.0381s | GPU Mem: [GPU1:0.02GB, GPU2:0.27GB]
Epoch: 20 [100/391] Loss: 1.5492 | Acc: 60.34% | Time: 0.0264s | GPU Mem: [GPU1:0.02GB, GPU2:0.28GB]
Epoch: 20 [200/391] Loss: 1.2351 | Acc: 60.12% | Time: 0.0255s | GPU Mem: [GPU1:0.02GB, GPU2:0.28GB]
Epoch: 20 [300/391] Loss: 1.2889 | Acc: 59.61% | Time: 0.0247s | GPU Mem: [GPU1:0.02GB, GPU2:0.28GB]

训练 - Loss: 1.4197, Acc: 59.44%
测试 - Loss: 1.8417, Acc: 51.13%
学习率: 0.100000, 时间: 21.78s
GPU内存使用:
  GPU 1 - 已分配: 0.02GB, 已保留: 2.70GB
  GPU 2 - 已分配: 0.28GB, 已保留: 1.39GB

============================================================
Epoch 22/100
============================================================
Epoch: 21 [0/391] Loss: 1.1504 | Acc: 67.97% | Time: 0.0364s | GPU Mem: [GPU1:0.02GB, GPU2:0.27GB]
Epoch: 21 [100/391] Loss: 1.3160 | Acc: 60.90% | Time: 0.0280s | GPU Mem: [GPU1:0.02GB, GPU2:0.28GB]
Epoch: 21 [200/391] Loss: 1.4051 | Acc: 60.91% | Time: 0.0250s | GPU Mem: [GPU1:0.02GB, GPU2:0.28GB]
Epoch: 21 [300/391] Loss: 1.2264 | Acc: 60.51% | Time: 0.0279s | GPU Mem: [GPU1:0.02GB, GPU2:0.28GB]

训练 - Loss: 1.3851, Acc: 60.20%
测试 - Loss: 1.8655, Acc: 50.57%
学习率: 0.100000, 时间: 21.79s
GPU内存使用:
  GPU 1 - 已分配: 0.02GB, 已保留: 2.70GB
  GPU 2 - 已分配: 0.28GB, 已保留: 1.39GB

============================================================
Epoch 23/100
============================================================
Epoch: 22 [0/391] Loss: 1.4038 | Acc: 64.84% | Time: 0.0284s | GPU Mem: [GPU1:0.02GB, GPU2:0.27GB]
Epoch: 22 [100/391] Loss: 1.4094 | Acc: 61.75% | Time: 0.0292s | GPU Mem: [GPU1:0.02GB, GPU2:0.28GB]
Epoch: 22 [200/391] Loss: 1.1639 | Acc: 60.89% | Time: 0.0237s | GPU Mem: [GPU1:0.02GB, GPU2:0.28GB]
Epoch: 22 [300/391] Loss: 1.2171 | Acc: 60.93% | Time: 0.0218s | GPU Mem: [GPU1:0.02GB, GPU2:0.28GB]

训练 - Loss: 1.3617, Acc: 60.79%
测试 - Loss: 1.7760, Acc: 52.72%
学习率: 0.100000, 时间: 21.78s
GPU内存使用:
  GPU 1 - 已分配: 0.02GB, 已保留: 2.70GB
  GPU 2 - 已分配: 0.28GB, 已保留: 1.39GB
最佳准确率更新: 52.68% -> 52.72%
保存最佳模型到: ./checkpoints/best_model_mp.pth

============================================================
Epoch 24/100
============================================================
Epoch: 23 [0/391] Loss: 1.3785 | Acc: 65.62% | Time: 0.0419s | GPU Mem: [GPU1:0.02GB, GPU2:0.27GB]
Epoch: 23 [100/391] Loss: 1.4057 | Acc: 61.94% | Time: 0.0251s | GPU Mem: [GPU1:0.02GB, GPU2:0.28GB]
Epoch: 23 [200/391] Loss: 1.4996 | Acc: 61.66% | Time: 0.0332s | GPU Mem: [GPU1:0.02GB, GPU2:0.28GB]
Epoch: 23 [300/391] Loss: 1.3837 | Acc: 61.57% | Time: 0.0248s | GPU Mem: [GPU1:0.02GB, GPU2:0.28GB]

训练 - Loss: 1.3464, Acc: 61.49%
测试 - Loss: 1.5967, Acc: 56.05%
学习率: 0.100000, 时间: 21.79s
GPU内存使用:
  GPU 1 - 已分配: 0.02GB, 已保留: 2.70GB
  GPU 2 - 已分配: 0.28GB, 已保留: 1.39GB
最佳准确率更新: 52.72% -> 56.05%
保存最佳模型到: ./checkpoints/best_model_mp.pth

============================================================
Epoch 25/100
============================================================
Epoch: 24 [0/391] Loss: 1.2407 | Acc: 66.41% | Time: 0.0439s | GPU Mem: [GPU1:0.02GB, GPU2:0.27GB]
Epoch: 24 [100/391] Loss: 1.4406 | Acc: 62.85% | Time: 0.0236s | GPU Mem: [GPU1:0.02GB, GPU2:0.28GB]
Epoch: 24 [200/391] Loss: 1.3264 | Acc: 62.99% | Time: 0.0225s | GPU Mem: [GPU1:0.02GB, GPU2:0.28GB]
Epoch: 24 [300/391] Loss: 1.4106 | Acc: 62.40% | Time: 0.0247s | GPU Mem: [GPU1:0.02GB, GPU2:0.28GB]

训练 - Loss: 1.3202, Acc: 62.06%
测试 - Loss: 1.7007, Acc: 54.31%
学习率: 0.100000, 时间: 21.79s
GPU内存使用:
  GPU 1 - 已分配: 0.02GB, 已保留: 2.70GB
  GPU 2 - 已分配: 0.28GB, 已保留: 1.39GB

============================================================
Epoch 26/100
============================================================
Epoch: 25 [0/391] Loss: 1.3684 | Acc: 64.84% | Time: 0.0342s | GPU Mem: [GPU1:0.02GB, GPU2:0.27GB]
Epoch: 25 [100/391] Loss: 1.0165 | Acc: 63.92% | Time: 0.0303s | GPU Mem: [GPU1:0.02GB, GPU2:0.28GB]
Epoch: 25 [200/391] Loss: 1.3101 | Acc: 63.09% | Time: 0.0254s | GPU Mem: [GPU1:0.02GB, GPU2:0.28GB]
Epoch: 25 [300/391] Loss: 1.3939 | Acc: 62.47% | Time: 0.0228s | GPU Mem: [GPU1:0.02GB, GPU2:0.28GB]

训练 - Loss: 1.3103, Acc: 62.46%
测试 - Loss: 1.6162, Acc: 55.65%
学习率: 0.100000, 时间: 21.78s
GPU内存使用:
  GPU 1 - 已分配: 0.02GB, 已保留: 2.70GB
  GPU 2 - 已分配: 0.28GB, 已保留: 1.39GB

============================================================
Epoch 27/100
============================================================
Epoch: 26 [0/391] Loss: 1.3711 | Acc: 62.50% | Time: 0.0352s | GPU Mem: [GPU1:0.02GB, GPU2:0.27GB]
Epoch: 26 [100/391] Loss: 1.4517 | Acc: 64.14% | Time: 0.0247s | GPU Mem: [GPU1:0.02GB, GPU2:0.28GB]
Epoch: 26 [200/391] Loss: 1.2422 | Acc: 62.86% | Time: 0.0260s | GPU Mem: [GPU1:0.02GB, GPU2:0.28GB]
Epoch: 26 [300/391] Loss: 1.6746 | Acc: 62.80% | Time: 0.0261s | GPU Mem: [GPU1:0.02GB, GPU2:0.28GB]

训练 - Loss: 1.2936, Acc: 62.78%
测试 - Loss: 1.7711, Acc: 52.51%
学习率: 0.100000, 时间: 21.79s
GPU内存使用:
  GPU 1 - 已分配: 0.02GB, 已保留: 2.70GB
  GPU 2 - 已分配: 0.28GB, 已保留: 1.39GB

============================================================
Epoch 28/100
============================================================
Epoch: 27 [0/391] Loss: 1.2263 | Acc: 66.41% | Time: 0.0300s | GPU Mem: [GPU1:0.02GB, GPU2:0.27GB]
Epoch: 27 [100/391] Loss: 1.1868 | Acc: 64.22% | Time: 0.0344s | GPU Mem: [GPU1:0.02GB, GPU2:0.28GB]
Epoch: 27 [200/391] Loss: 1.1587 | Acc: 64.07% | Time: 0.0289s | GPU Mem: [GPU1:0.02GB, GPU2:0.28GB]
Epoch: 27 [300/391] Loss: 1.4284 | Acc: 63.77% | Time: 0.0305s | GPU Mem: [GPU1:0.02GB, GPU2:0.28GB]

训练 - Loss: 1.2765, Acc: 63.31%
测试 - Loss: 1.6740, Acc: 54.41%
学习率: 0.100000, 时间: 21.78s
GPU内存使用:
  GPU 1 - 已分配: 0.02GB, 已保留: 2.70GB
  GPU 2 - 已分配: 0.28GB, 已保留: 1.39GB

============================================================
Epoch 29/100
============================================================
Epoch: 28 [0/391] Loss: 1.3259 | Acc: 64.84% | Time: 0.0318s | GPU Mem: [GPU1:0.02GB, GPU2:0.27GB]
Epoch: 28 [100/391] Loss: 1.1194 | Acc: 64.75% | Time: 0.0261s | GPU Mem: [GPU1:0.02GB, GPU2:0.28GB]
Epoch: 28 [200/391] Loss: 1.2671 | Acc: 64.16% | Time: 0.0279s | GPU Mem: [GPU1:0.02GB, GPU2:0.28GB]
Epoch: 28 [300/391] Loss: 1.1607 | Acc: 63.85% | Time: 0.0293s | GPU Mem: [GPU1:0.02GB, GPU2:0.28GB]

训练 - Loss: 1.2603, Acc: 63.69%
测试 - Loss: 1.6938, Acc: 53.81%
学习率: 0.100000, 时间: 21.78s
GPU内存使用:
  GPU 1 - 已分配: 0.02GB, 已保留: 2.70GB
  GPU 2 - 已分配: 0.28GB, 已保留: 1.39GB

============================================================
Epoch 30/100
============================================================
Epoch: 29 [0/391] Loss: 1.2027 | Acc: 67.97% | Time: 0.0351s | GPU Mem: [GPU1:0.02GB, GPU2:0.27GB]
Epoch: 29 [100/391] Loss: 1.2431 | Acc: 64.56% | Time: 0.0231s | GPU Mem: [GPU1:0.02GB, GPU2:0.28GB]
Epoch: 29 [200/391] Loss: 1.2659 | Acc: 63.92% | Time: 0.0286s | GPU Mem: [GPU1:0.02GB, GPU2:0.28GB]
Epoch: 29 [300/391] Loss: 1.2371 | Acc: 63.68% | Time: 0.0324s | GPU Mem: [GPU1:0.02GB, GPU2:0.28GB]

训练 - Loss: 1.2585, Acc: 63.70%
测试 - Loss: 1.6496, Acc: 56.00%
学习率: 0.100000, 时间: 21.79s
GPU内存使用:
  GPU 1 - 已分配: 0.02GB, 已保留: 2.70GB
  GPU 2 - 已分配: 0.28GB, 已保留: 1.39GB
保存checkpoint到: ./checkpoints/checkpoint_mp_epoch_30.pth

============================================================
Epoch 31/100
============================================================
Epoch: 30 [0/391] Loss: 1.1157 | Acc: 70.31% | Time: 0.0308s | GPU Mem: [GPU1:0.02GB, GPU2:0.27GB]
Epoch: 30 [100/391] Loss: 1.1448 | Acc: 65.92% | Time: 0.0321s | GPU Mem: [GPU1:0.02GB, GPU2:0.28GB]
Epoch: 30 [200/391] Loss: 1.6178 | Acc: 65.03% | Time: 0.0276s | GPU Mem: [GPU1:0.02GB, GPU2:0.28GB]
Epoch: 30 [300/391] Loss: 1.1638 | Acc: 64.58% | Time: 0.0313s | GPU Mem: [GPU1:0.02GB, GPU2:0.28GB]

训练 - Loss: 1.2373, Acc: 64.24%
测试 - Loss: 1.8365, Acc: 52.17%
学习率: 0.100000, 时间: 21.81s
GPU内存使用:
  GPU 1 - 已分配: 0.02GB, 已保留: 2.70GB
  GPU 2 - 已分配: 0.28GB, 已保留: 1.39GB

============================================================
Epoch 32/100
============================================================
Epoch: 31 [0/391] Loss: 1.3034 | Acc: 62.50% | Time: 0.0357s | GPU Mem: [GPU1:0.02GB, GPU2:0.27GB]
Epoch: 31 [100/391] Loss: 0.9373 | Acc: 65.40% | Time: 0.0277s | GPU Mem: [GPU1:0.02GB, GPU2:0.28GB]
Epoch: 31 [200/391] Loss: 1.1650 | Acc: 64.88% | Time: 0.0305s | GPU Mem: [GPU1:0.02GB, GPU2:0.28GB]
Epoch: 31 [300/391] Loss: 0.9851 | Acc: 64.36% | Time: 0.0257s | GPU Mem: [GPU1:0.02GB, GPU2:0.28GB]

训练 - Loss: 1.2380, Acc: 64.16%
测试 - Loss: 1.7240, Acc: 54.73%
学习率: 0.100000, 时间: 21.79s
GPU内存使用:
  GPU 1 - 已分配: 0.02GB, 已保留: 2.70GB
  GPU 2 - 已分配: 0.28GB, 已保留: 1.39GB

============================================================
Epoch 33/100
============================================================
Epoch: 32 [0/391] Loss: 1.0409 | Acc: 68.75% | Time: 0.0301s | GPU Mem: [GPU1:0.02GB, GPU2:0.27GB]
Epoch: 32 [100/391] Loss: 1.3201 | Acc: 65.59% | Time: 0.0249s | GPU Mem: [GPU1:0.02GB, GPU2:0.28GB]
Epoch: 32 [200/391] Loss: 1.0972 | Acc: 65.41% | Time: 0.0345s | GPU Mem: [GPU1:0.02GB, GPU2:0.28GB]
Epoch: 32 [300/391] Loss: 1.1976 | Acc: 64.90% | Time: 0.0257s | GPU Mem: [GPU1:0.02GB, GPU2:0.28GB]

训练 - Loss: 1.2227, Acc: 64.62%
测试 - Loss: 1.6592, Acc: 55.30%
学习率: 0.100000, 时间: 21.79s
GPU内存使用:
  GPU 1 - 已分配: 0.02GB, 已保留: 2.70GB
  GPU 2 - 已分配: 0.28GB, 已保留: 1.39GB

============================================================
Epoch 34/100
============================================================
Epoch: 33 [0/391] Loss: 1.1761 | Acc: 67.97% | Time: 0.0344s | GPU Mem: [GPU1:0.02GB, GPU2:0.27GB]
Epoch: 33 [100/391] Loss: 0.9767 | Acc: 66.38% | Time: 0.0275s | GPU Mem: [GPU1:0.02GB, GPU2:0.28GB]
Epoch: 33 [200/391] Loss: 1.0849 | Acc: 65.69% | Time: 0.0252s | GPU Mem: [GPU1:0.02GB, GPU2:0.28GB]
Epoch: 33 [300/391] Loss: 1.4643 | Acc: 65.17% | Time: 0.0243s | GPU Mem: [GPU1:0.02GB, GPU2:0.28GB]

训练 - Loss: 1.2077, Acc: 64.98%
测试 - Loss: 1.8272, Acc: 52.98%
学习率: 0.100000, 时间: 21.79s
GPU内存使用:
  GPU 1 - 已分配: 0.02GB, 已保留: 2.70GB
  GPU 2 - 已分配: 0.28GB, 已保留: 1.39GB

============================================================
Epoch 35/100
============================================================
Epoch: 34 [0/391] Loss: 1.4386 | Acc: 62.50% | Time: 0.0356s | GPU Mem: [GPU1:0.02GB, GPU2:0.27GB]
Epoch: 34 [100/391] Loss: 1.4319 | Acc: 65.94% | Time: 0.0300s | GPU Mem: [GPU1:0.02GB, GPU2:0.28GB]
Epoch: 34 [200/391] Loss: 1.2350 | Acc: 65.67% | Time: 0.0279s | GPU Mem: [GPU1:0.02GB, GPU2:0.28GB]
Epoch: 34 [300/391] Loss: 1.1593 | Acc: 65.40% | Time: 0.0238s | GPU Mem: [GPU1:0.02GB, GPU2:0.28GB]

训练 - Loss: 1.2045, Acc: 65.18%
测试 - Loss: 1.9853, Acc: 49.79%
学习率: 0.100000, 时间: 21.78s
GPU内存使用:
  GPU 1 - 已分配: 0.02GB, 已保留: 2.70GB
  GPU 2 - 已分配: 0.28GB, 已保留: 1.39GB

============================================================
Epoch 36/100
============================================================
Epoch: 35 [0/391] Loss: 1.0371 | Acc: 72.66% | Time: 0.0353s | GPU Mem: [GPU1:0.02GB, GPU2:0.27GB]
Epoch: 35 [100/391] Loss: 1.0590 | Acc: 66.22% | Time: 0.0245s | GPU Mem: [GPU1:0.02GB, GPU2:0.28GB]
Epoch: 35 [200/391] Loss: 0.9347 | Acc: 65.89% | Time: 0.0264s | GPU Mem: [GPU1:0.02GB, GPU2:0.28GB]
Epoch: 35 [300/391] Loss: 1.0325 | Acc: 65.38% | Time: 0.0328s | GPU Mem: [GPU1:0.02GB, GPU2:0.28GB]

训练 - Loss: 1.1889, Acc: 65.43%
测试 - Loss: 2.1005, Acc: 48.07%
学习率: 0.100000, 时间: 21.79s
GPU内存使用:
  GPU 1 - 已分配: 0.02GB, 已保留: 2.70GB
  GPU 2 - 已分配: 0.28GB, 已保留: 1.39GB

============================================================
Epoch 37/100
============================================================
Epoch: 36 [0/391] Loss: 1.0733 | Acc: 68.75% | Time: 0.0287s | GPU Mem: [GPU1:0.02GB, GPU2:0.27GB]
Epoch: 36 [100/391] Loss: 1.1891 | Acc: 66.53% | Time: 0.0254s | GPU Mem: [GPU1:0.02GB, GPU2:0.28GB]
Epoch: 36 [200/391] Loss: 1.3993 | Acc: 65.98% | Time: 0.0301s | GPU Mem: [GPU1:0.02GB, GPU2:0.28GB]
Epoch: 36 [300/391] Loss: 1.2527 | Acc: 65.68% | Time: 0.0218s | GPU Mem: [GPU1:0.02GB, GPU2:0.28GB]

训练 - Loss: 1.1886, Acc: 65.30%
测试 - Loss: 1.9124, Acc: 50.71%
学习率: 0.100000, 时间: 21.78s
GPU内存使用:
  GPU 1 - 已分配: 0.02GB, 已保留: 2.70GB
  GPU 2 - 已分配: 0.28GB, 已保留: 1.39GB

============================================================
Epoch 38/100
============================================================
Epoch: 37 [0/391] Loss: 1.0279 | Acc: 71.09% | Time: 0.0293s | GPU Mem: [GPU1:0.02GB, GPU2:0.27GB]
Epoch: 37 [100/391] Loss: 1.0817 | Acc: 67.06% | Time: 0.0267s | GPU Mem: [GPU1:0.02GB, GPU2:0.28GB]
Epoch: 37 [200/391] Loss: 1.2020 | Acc: 66.28% | Time: 0.0217s | GPU Mem: [GPU1:0.02GB, GPU2:0.28GB]
Epoch: 37 [300/391] Loss: 1.2871 | Acc: 65.58% | Time: 0.0253s | GPU Mem: [GPU1:0.02GB, GPU2:0.28GB]

训练 - Loss: 1.1915, Acc: 65.39%
测试 - Loss: 1.7041, Acc: 55.40%
学习率: 0.100000, 时间: 21.79s
GPU内存使用:
  GPU 1 - 已分配: 0.02GB, 已保留: 2.70GB
  GPU 2 - 已分配: 0.28GB, 已保留: 1.39GB

============================================================
Epoch 39/100
============================================================
Epoch: 38 [0/391] Loss: 1.1165 | Acc: 67.97% | Time: 0.0290s | GPU Mem: [GPU1:0.02GB, GPU2:0.27GB]
Epoch: 38 [100/391] Loss: 0.9866 | Acc: 66.99% | Time: 0.0316s | GPU Mem: [GPU1:0.02GB, GPU2:0.28GB]
Epoch: 38 [200/391] Loss: 1.3656 | Acc: 66.25% | Time: 0.0271s | GPU Mem: [GPU1:0.02GB, GPU2:0.28GB]
Epoch: 38 [300/391] Loss: 1.1353 | Acc: 65.98% | Time: 0.0304s | GPU Mem: [GPU1:0.02GB, GPU2:0.28GB]

训练 - Loss: 1.1755, Acc: 65.70%
测试 - Loss: 1.5588, Acc: 57.66%
学习率: 0.100000, 时间: 21.78s
GPU内存使用:
  GPU 1 - 已分配: 0.02GB, 已保留: 2.70GB
  GPU 2 - 已分配: 0.28GB, 已保留: 1.39GB
最佳准确率更新: 56.05% -> 57.66%
保存最佳模型到: ./checkpoints/best_model_mp.pth

============================================================
Epoch 40/100
============================================================
Epoch: 39 [0/391] Loss: 1.1094 | Acc: 66.41% | Time: 0.0390s | GPU Mem: [GPU1:0.02GB, GPU2:0.27GB]
Epoch: 39 [100/391] Loss: 1.3463 | Acc: 67.71% | Time: 0.0290s | GPU Mem: [GPU1:0.02GB, GPU2:0.28GB]
Epoch: 39 [200/391] Loss: 1.3212 | Acc: 66.92% | Time: 0.0334s | GPU Mem: [GPU1:0.02GB, GPU2:0.28GB]
Epoch: 39 [300/391] Loss: 1.0197 | Acc: 66.53% | Time: 0.0359s | GPU Mem: [GPU1:0.02GB, GPU2:0.28GB]

训练 - Loss: 1.1670, Acc: 66.05%
测试 - Loss: 1.7490, Acc: 54.35%
学习率: 0.100000, 时间: 21.79s
GPU内存使用:
  GPU 1 - 已分配: 0.02GB, 已保留: 2.70GB
  GPU 2 - 已分配: 0.28GB, 已保留: 1.39GB
保存checkpoint到: ./checkpoints/checkpoint_mp_epoch_40.pth

============================================================
Epoch 41/100
============================================================
Epoch: 40 [0/391] Loss: 1.1225 | Acc: 64.06% | Time: 0.0383s | GPU Mem: [GPU1:0.02GB, GPU2:0.27GB]
Epoch: 40 [100/391] Loss: 0.8283 | Acc: 67.49% | Time: 0.0268s | GPU Mem: [GPU1:0.02GB, GPU2:0.28GB]
Epoch: 40 [200/391] Loss: 1.1743 | Acc: 66.69% | Time: 0.0287s | GPU Mem: [GPU1:0.02GB, GPU2:0.28GB]
Epoch: 40 [300/391] Loss: 1.2444 | Acc: 66.58% | Time: 0.0234s | GPU Mem: [GPU1:0.02GB, GPU2:0.28GB]

训练 - Loss: 1.1531, Acc: 66.46%
测试 - Loss: 1.7128, Acc: 54.23%
学习率: 0.100000, 时间: 21.78s
GPU内存使用:
  GPU 1 - 已分配: 0.02GB, 已保留: 2.70GB
  GPU 2 - 已分配: 0.28GB, 已保留: 1.39GB

============================================================
Epoch 42/100
============================================================
Epoch: 41 [0/391] Loss: 1.2288 | Acc: 66.41% | Time: 0.0266s | GPU Mem: [GPU1:0.02GB, GPU2:0.27GB]
Epoch: 41 [100/391] Loss: 0.9911 | Acc: 67.40% | Time: 0.0289s | GPU Mem: [GPU1:0.02GB, GPU2:0.28GB]
Epoch: 41 [200/391] Loss: 1.0971 | Acc: 66.89% | Time: 0.0255s | GPU Mem: [GPU1:0.02GB, GPU2:0.28GB]
Epoch: 41 [300/391] Loss: 1.2219 | Acc: 66.51% | Time: 0.0290s | GPU Mem: [GPU1:0.02GB, GPU2:0.28GB]

训练 - Loss: 1.1643, Acc: 66.08%
测试 - Loss: 1.8395, Acc: 52.84%
学习率: 0.100000, 时间: 21.79s
GPU内存使用:
  GPU 1 - 已分配: 0.02GB, 已保留: 2.70GB
  GPU 2 - 已分配: 0.28GB, 已保留: 1.39GB

============================================================
Epoch 43/100
============================================================
Epoch: 42 [0/391] Loss: 1.0625 | Acc: 67.97% | Time: 0.0291s | GPU Mem: [GPU1:0.02GB, GPU2:0.27GB]
Epoch: 42 [100/391] Loss: 1.3495 | Acc: 67.12% | Time: 0.0264s | GPU Mem: [GPU1:0.02GB, GPU2:0.28GB]
Epoch: 42 [200/391] Loss: 1.3917 | Acc: 67.08% | Time: 0.0256s | GPU Mem: [GPU1:0.02GB, GPU2:0.28GB]
Epoch: 42 [300/391] Loss: 1.1346 | Acc: 66.66% | Time: 0.0303s | GPU Mem: [GPU1:0.02GB, GPU2:0.28GB]

训练 - Loss: 1.1526, Acc: 66.40%
测试 - Loss: 1.6168, Acc: 56.99%
学习率: 0.100000, 时间: 21.78s
GPU内存使用:
  GPU 1 - 已分配: 0.02GB, 已保留: 2.70GB
  GPU 2 - 已分配: 0.28GB, 已保留: 1.39GB

============================================================
Epoch 44/100
============================================================
Epoch: 43 [0/391] Loss: 1.0932 | Acc: 64.06% | Time: 0.0271s | GPU Mem: [GPU1:0.02GB, GPU2:0.27GB]
Epoch: 43 [100/391] Loss: 1.1642 | Acc: 67.50% | Time: 0.0292s | GPU Mem: [GPU1:0.02GB, GPU2:0.28GB]
Epoch: 43 [200/391] Loss: 1.0940 | Acc: 67.06% | Time: 0.0257s | GPU Mem: [GPU1:0.02GB, GPU2:0.28GB]
Epoch: 43 [300/391] Loss: 1.1139 | Acc: 66.56% | Time: 0.0271s | GPU Mem: [GPU1:0.02GB, GPU2:0.28GB]

训练 - Loss: 1.1510, Acc: 66.46%
测试 - Loss: 1.9992, Acc: 50.77%
学习率: 0.100000, 时间: 21.78s
GPU内存使用:
  GPU 1 - 已分配: 0.02GB, 已保留: 2.70GB
  GPU 2 - 已分配: 0.28GB, 已保留: 1.39GB

============================================================
Epoch 45/100
============================================================
Epoch: 44 [0/391] Loss: 1.0739 | Acc: 68.75% | Time: 0.0354s | GPU Mem: [GPU1:0.02GB, GPU2:0.27GB]
Epoch: 44 [100/391] Loss: 1.0826 | Acc: 68.35% | Time: 0.0332s | GPU Mem: [GPU1:0.02GB, GPU2:0.28GB]
Epoch: 44 [200/391] Loss: 1.1962 | Acc: 67.49% | Time: 0.0296s | GPU Mem: [GPU1:0.02GB, GPU2:0.28GB]
Epoch: 44 [300/391] Loss: 1.0184 | Acc: 66.97% | Time: 0.0239s | GPU Mem: [GPU1:0.02GB, GPU2:0.28GB]

训练 - Loss: 1.1376, Acc: 66.80%
测试 - Loss: 2.0591, Acc: 50.44%
学习率: 0.100000, 时间: 21.79s
GPU内存使用:
  GPU 1 - 已分配: 0.02GB, 已保留: 2.70GB
  GPU 2 - 已分配: 0.28GB, 已保留: 1.39GB

============================================================
Epoch 46/100
============================================================
Epoch: 45 [0/391] Loss: 1.0579 | Acc: 65.62% | Time: 0.0335s | GPU Mem: [GPU1:0.02GB, GPU2:0.27GB]
Epoch: 45 [100/391] Loss: 1.2270 | Acc: 68.08% | Time: 0.0296s | GPU Mem: [GPU1:0.02GB, GPU2:0.28GB]
Epoch: 45 [200/391] Loss: 1.2687 | Acc: 67.53% | Time: 0.0227s | GPU Mem: [GPU1:0.02GB, GPU2:0.28GB]
Epoch: 45 [300/391] Loss: 1.2088 | Acc: 66.96% | Time: 0.0272s | GPU Mem: [GPU1:0.02GB, GPU2:0.28GB]

训练 - Loss: 1.1454, Acc: 66.72%
测试 - Loss: 1.7093, Acc: 55.92%
学习率: 0.100000, 时间: 21.78s
GPU内存使用:
  GPU 1 - 已分配: 0.02GB, 已保留: 2.70GB
  GPU 2 - 已分配: 0.28GB, 已保留: 1.39GB

============================================================
Epoch 47/100
============================================================
Epoch: 46 [0/391] Loss: 0.9830 | Acc: 71.88% | Time: 0.0309s | GPU Mem: [GPU1:0.02GB, GPU2:0.27GB]
Epoch: 46 [100/391] Loss: 1.3625 | Acc: 68.70% | Time: 0.0244s | GPU Mem: [GPU1:0.02GB, GPU2:0.28GB]
Epoch: 46 [200/391] Loss: 1.3697 | Acc: 67.81% | Time: 0.0249s | GPU Mem: [GPU1:0.02GB, GPU2:0.28GB]
Epoch: 46 [300/391] Loss: 1.0935 | Acc: 67.28% | Time: 0.0245s | GPU Mem: [GPU1:0.02GB, GPU2:0.28GB]

训练 - Loss: 1.1410, Acc: 66.82%
测试 - Loss: 1.7044, Acc: 55.30%
学习率: 0.100000, 时间: 21.78s
GPU内存使用:
  GPU 1 - 已分配: 0.02GB, 已保留: 2.70GB
  GPU 2 - 已分配: 0.28GB, 已保留: 1.39GB

============================================================
Epoch 48/100
============================================================
Epoch: 47 [0/391] Loss: 0.9795 | Acc: 69.53% | Time: 0.0286s | GPU Mem: [GPU1:0.02GB, GPU2:0.27GB]
Epoch: 47 [100/391] Loss: 1.1639 | Acc: 67.74% | Time: 0.0350s | GPU Mem: [GPU1:0.02GB, GPU2:0.28GB]
Epoch: 47 [200/391] Loss: 1.2427 | Acc: 67.49% | Time: 0.0268s | GPU Mem: [GPU1:0.02GB, GPU2:0.28GB]
Epoch: 47 [300/391] Loss: 1.1828 | Acc: 67.24% | Time: 0.0345s | GPU Mem: [GPU1:0.02GB, GPU2:0.28GB]

训练 - Loss: 1.1326, Acc: 66.98%
测试 - Loss: 1.9268, Acc: 51.41%
学习率: 0.100000, 时间: 21.78s
GPU内存使用:
  GPU 1 - 已分配: 0.02GB, 已保留: 2.70GB
  GPU 2 - 已分配: 0.28GB, 已保留: 1.39GB

============================================================
Epoch 49/100
============================================================
Epoch: 48 [0/391] Loss: 0.8417 | Acc: 75.00% | Time: 0.0303s | GPU Mem: [GPU1:0.02GB, GPU2:0.27GB]
Epoch: 48 [100/391] Loss: 1.0083 | Acc: 69.01% | Time: 0.0311s | GPU Mem: [GPU1:0.02GB, GPU2:0.28GB]
Epoch: 48 [200/391] Loss: 1.0165 | Acc: 68.25% | Time: 0.0268s | GPU Mem: [GPU1:0.02GB, GPU2:0.28GB]
Epoch: 48 [300/391] Loss: 1.1499 | Acc: 67.67% | Time: 0.0271s | GPU Mem: [GPU1:0.02GB, GPU2:0.28GB]

训练 - Loss: 1.1226, Acc: 67.25%
测试 - Loss: 1.4900, Acc: 59.97%
学习率: 0.100000, 时间: 21.78s
GPU内存使用:
  GPU 1 - 已分配: 0.02GB, 已保留: 2.70GB
  GPU 2 - 已分配: 0.28GB, 已保留: 1.39GB
最佳准确率更新: 57.66% -> 59.97%
保存最佳模型到: ./checkpoints/best_model_mp.pth

============================================================
Epoch 50/100
============================================================
Epoch: 49 [0/391] Loss: 1.0141 | Acc: 67.97% | Time: 0.0426s | GPU Mem: [GPU1:0.02GB, GPU2:0.27GB]
Epoch: 49 [100/391] Loss: 1.1186 | Acc: 68.02% | Time: 0.0248s | GPU Mem: [GPU1:0.02GB, GPU2:0.28GB]
Epoch: 49 [200/391] Loss: 1.2235 | Acc: 67.81% | Time: 0.0216s | GPU Mem: [GPU1:0.02GB, GPU2:0.28GB]
Epoch: 49 [300/391] Loss: 1.2805 | Acc: 67.56% | Time: 0.0295s | GPU Mem: [GPU1:0.02GB, GPU2:0.28GB]

训练 - Loss: 1.1198, Acc: 67.28%
测试 - Loss: 1.7027, Acc: 56.00%
学习率: 0.010000, 时间: 21.79s
GPU内存使用:
  GPU 1 - 已分配: 0.02GB, 已保留: 2.70GB
  GPU 2 - 已分配: 0.28GB, 已保留: 1.39GB
保存checkpoint到: ./checkpoints/checkpoint_mp_epoch_50.pth

============================================================
Epoch 51/100
============================================================
Epoch: 50 [0/391] Loss: 0.9455 | Acc: 70.31% | Time: 0.0359s | GPU Mem: [GPU1:0.02GB, GPU2:0.27GB]
Epoch: 50 [100/391] Loss: 0.6504 | Acc: 76.72% | Time: 0.0291s | GPU Mem: [GPU1:0.02GB, GPU2:0.28GB]
Epoch: 50 [200/391] Loss: 0.6193 | Acc: 78.47% | Time: 0.0287s | GPU Mem: [GPU1:0.02GB, GPU2:0.28GB]
Epoch: 50 [300/391] Loss: 0.6060 | Acc: 79.47% | Time: 0.0260s | GPU Mem: [GPU1:0.02GB, GPU2:0.28GB]

训练 - Loss: 0.6721, Acc: 80.08%
测试 - Loss: 0.9161, Acc: 73.65%
学习率: 0.010000, 时间: 21.78s
GPU内存使用:
  GPU 1 - 已分配: 0.02GB, 已保留: 2.70GB
  GPU 2 - 已分配: 0.28GB, 已保留: 1.39GB
最佳准确率更新: 59.97% -> 73.65%
保存最佳模型到: ./checkpoints/best_model_mp.pth

============================================================
Epoch 52/100
============================================================
Epoch: 51 [0/391] Loss: 0.4790 | Acc: 88.28% | Time: 0.0372s | GPU Mem: [GPU1:0.02GB, GPU2:0.27GB]
Epoch: 51 [100/391] Loss: 0.6436 | Acc: 84.48% | Time: 0.0219s | GPU Mem: [GPU1:0.02GB, GPU2:0.28GB]
Epoch: 51 [200/391] Loss: 0.3898 | Acc: 84.19% | Time: 0.0266s | GPU Mem: [GPU1:0.02GB, GPU2:0.28GB]
Epoch: 51 [300/391] Loss: 0.6442 | Acc: 84.39% | Time: 0.0308s | GPU Mem: [GPU1:0.02GB, GPU2:0.28GB]

训练 - Loss: 0.5202, Acc: 84.43%
测试 - Loss: 0.8954, Acc: 73.93%
学习率: 0.010000, 时间: 21.78s
GPU内存使用:
  GPU 1 - 已分配: 0.02GB, 已保留: 2.70GB
  GPU 2 - 已分配: 0.28GB, 已保留: 1.39GB
最佳准确率更新: 73.65% -> 73.93%
保存最佳模型到: ./checkpoints/best_model_mp.pth

============================================================
Epoch 53/100
============================================================
Epoch: 52 [0/391] Loss: 0.4177 | Acc: 89.84% | Time: 0.0359s | GPU Mem: [GPU1:0.02GB, GPU2:0.27GB]
Epoch: 52 [100/391] Loss: 0.5819 | Acc: 86.18% | Time: 0.0256s | GPU Mem: [GPU1:0.02GB, GPU2:0.28GB]
Epoch: 52 [200/391] Loss: 0.3827 | Acc: 86.07% | Time: 0.0291s | GPU Mem: [GPU1:0.02GB, GPU2:0.28GB]
Epoch: 52 [300/391] Loss: 0.4330 | Acc: 85.95% | Time: 0.0235s | GPU Mem: [GPU1:0.02GB, GPU2:0.28GB]

训练 - Loss: 0.4642, Acc: 86.03%
测试 - Loss: 0.8894, Acc: 74.52%
学习率: 0.010000, 时间: 21.78s
GPU内存使用:
  GPU 1 - 已分配: 0.02GB, 已保留: 2.70GB
  GPU 2 - 已分配: 0.28GB, 已保留: 1.39GB
最佳准确率更新: 73.93% -> 74.52%
保存最佳模型到: ./checkpoints/best_model_mp.pth

============================================================
Epoch 54/100
============================================================
Epoch: 53 [0/391] Loss: 0.2845 | Acc: 92.19% | Time: 0.0336s | GPU Mem: [GPU1:0.02GB, GPU2:0.27GB]
Epoch: 53 [100/391] Loss: 0.3966 | Acc: 87.55% | Time: 0.0259s | GPU Mem: [GPU1:0.02GB, GPU2:0.28GB]
Epoch: 53 [200/391] Loss: 0.4229 | Acc: 87.41% | Time: 0.0288s | GPU Mem: [GPU1:0.02GB, GPU2:0.28GB]
Epoch: 53 [300/391] Loss: 0.4420 | Acc: 87.37% | Time: 0.0230s | GPU Mem: [GPU1:0.02GB, GPU2:0.28GB]

训练 - Loss: 0.4161, Acc: 87.47%
测试 - Loss: 0.8855, Acc: 75.15%
学习率: 0.010000, 时间: 21.78s
GPU内存使用:
  GPU 1 - 已分配: 0.02GB, 已保留: 2.70GB
  GPU 2 - 已分配: 0.28GB, 已保留: 1.39GB
最佳准确率更新: 74.52% -> 75.15%
保存最佳模型到: ./checkpoints/best_model_mp.pth

============================================================
Epoch 55/100
============================================================
Epoch: 54 [0/391] Loss: 0.3980 | Acc: 87.50% | Time: 0.0370s | GPU Mem: [GPU1:0.02GB, GPU2:0.27GB]
Epoch: 54 [100/391] Loss: 0.3702 | Acc: 89.10% | Time: 0.0317s | GPU Mem: [GPU1:0.02GB, GPU2:0.28GB]
Epoch: 54 [200/391] Loss: 0.4359 | Acc: 88.91% | Time: 0.0277s | GPU Mem: [GPU1:0.02GB, GPU2:0.28GB]
Epoch: 54 [300/391] Loss: 0.3992 | Acc: 88.83% | Time: 0.0232s | GPU Mem: [GPU1:0.02GB, GPU2:0.28GB]

训练 - Loss: 0.3780, Acc: 88.59%
测试 - Loss: 0.8920, Acc: 75.16%
学习率: 0.010000, 时间: 21.77s
GPU内存使用:
  GPU 1 - 已分配: 0.02GB, 已保留: 2.70GB
  GPU 2 - 已分配: 0.28GB, 已保留: 1.39GB
最佳准确率更新: 75.15% -> 75.16%
保存最佳模型到: ./checkpoints/best_model_mp.pth

============================================================
Epoch 56/100
============================================================
Epoch: 55 [0/391] Loss: 0.3632 | Acc: 90.62% | Time: 0.0369s | GPU Mem: [GPU1:0.02GB, GPU2:0.27GB]
Epoch: 55 [100/391] Loss: 0.3457 | Acc: 90.29% | Time: 0.0297s | GPU Mem: [GPU1:0.02GB, GPU2:0.28GB]
Epoch: 55 [200/391] Loss: 0.3235 | Acc: 89.87% | Time: 0.0266s | GPU Mem: [GPU1:0.02GB, GPU2:0.28GB]
Epoch: 55 [300/391] Loss: 0.4015 | Acc: 89.81% | Time: 0.0256s | GPU Mem: [GPU1:0.02GB, GPU2:0.28GB]

训练 - Loss: 0.3443, Acc: 89.63%
测试 - Loss: 0.8963, Acc: 75.00%
学习率: 0.010000, 时间: 21.78s
GPU内存使用:
  GPU 1 - 已分配: 0.02GB, 已保留: 2.70GB
  GPU 2 - 已分配: 0.28GB, 已保留: 1.39GB

============================================================
Epoch 57/100
============================================================
Epoch: 56 [0/391] Loss: 0.2567 | Acc: 92.19% | Time: 0.0328s | GPU Mem: [GPU1:0.02GB, GPU2:0.27GB]
Epoch: 56 [100/391] Loss: 0.3315 | Acc: 91.44% | Time: 0.0260s | GPU Mem: [GPU1:0.02GB, GPU2:0.28GB]
Epoch: 56 [200/391] Loss: 0.2699 | Acc: 91.05% | Time: 0.0246s | GPU Mem: [GPU1:0.02GB, GPU2:0.28GB]
Epoch: 56 [300/391] Loss: 0.3492 | Acc: 90.79% | Time: 0.0269s | GPU Mem: [GPU1:0.02GB, GPU2:0.28GB]

训练 - Loss: 0.3127, Acc: 90.66%
测试 - Loss: 0.9291, Acc: 74.95%
学习率: 0.010000, 时间: 21.77s
GPU内存使用:
  GPU 1 - 已分配: 0.02GB, 已保留: 2.70GB
  GPU 2 - 已分配: 0.28GB, 已保留: 1.39GB

============================================================
Epoch 58/100
============================================================
Epoch: 57 [0/391] Loss: 0.2015 | Acc: 93.75% | Time: 0.0346s | GPU Mem: [GPU1:0.02GB, GPU2:0.27GB]
Epoch: 57 [100/391] Loss: 0.3661 | Acc: 91.72% | Time: 0.0289s | GPU Mem: [GPU1:0.02GB, GPU2:0.28GB]
Epoch: 57 [200/391] Loss: 0.3349 | Acc: 91.81% | Time: 0.0283s | GPU Mem: [GPU1:0.02GB, GPU2:0.28GB]
Epoch: 57 [300/391] Loss: 0.3497 | Acc: 91.43% | Time: 0.0293s | GPU Mem: [GPU1:0.02GB, GPU2:0.28GB]

训练 - Loss: 0.2863, Acc: 91.36%
测试 - Loss: 0.9305, Acc: 74.93%
学习率: 0.010000, 时间: 21.78s
GPU内存使用:
  GPU 1 - 已分配: 0.02GB, 已保留: 2.70GB
  GPU 2 - 已分配: 0.28GB, 已保留: 1.39GB

============================================================
Epoch 59/100
============================================================
Epoch: 58 [0/391] Loss: 0.1653 | Acc: 96.09% | Time: 0.0340s | GPU Mem: [GPU1:0.02GB, GPU2:0.27GB]
Epoch: 58 [100/391] Loss: 0.1415 | Acc: 92.77% | Time: 0.0274s | GPU Mem: [GPU1:0.02GB, GPU2:0.28GB]
Epoch: 58 [200/391] Loss: 0.2340 | Acc: 92.44% | Time: 0.0352s | GPU Mem: [GPU1:0.02GB, GPU2:0.28GB]
Epoch: 58 [300/391] Loss: 0.2896 | Acc: 92.19% | Time: 0.0295s | GPU Mem: [GPU1:0.02GB, GPU2:0.28GB]

训练 - Loss: 0.2623, Acc: 92.12%
测试 - Loss: 0.9430, Acc: 74.89%
学习率: 0.010000, 时间: 21.79s
GPU内存使用:
  GPU 1 - 已分配: 0.02GB, 已保留: 2.70GB
  GPU 2 - 已分配: 0.28GB, 已保留: 1.39GB

============================================================
Epoch 60/100
============================================================
Epoch: 59 [0/391] Loss: 0.1985 | Acc: 94.53% | Time: 0.0282s | GPU Mem: [GPU1:0.02GB, GPU2:0.27GB]
Epoch: 59 [100/391] Loss: 0.2201 | Acc: 93.72% | Time: 0.0255s | GPU Mem: [GPU1:0.02GB, GPU2:0.28GB]
Epoch: 59 [200/391] Loss: 0.2084 | Acc: 93.47% | Time: 0.0235s | GPU Mem: [GPU1:0.02GB, GPU2:0.28GB]
Epoch: 59 [300/391] Loss: 0.3459 | Acc: 93.19% | Time: 0.0251s | GPU Mem: [GPU1:0.02GB, GPU2:0.28GB]

训练 - Loss: 0.2398, Acc: 92.92%
测试 - Loss: 0.9665, Acc: 75.16%
学习率: 0.010000, 时间: 21.78s
GPU内存使用:
  GPU 1 - 已分配: 0.02GB, 已保留: 2.70GB
  GPU 2 - 已分配: 0.28GB, 已保留: 1.39GB
保存checkpoint到: ./checkpoints/checkpoint_mp_epoch_60.pth

============================================================
Epoch 61/100
============================================================
Epoch: 60 [0/391] Loss: 0.2086 | Acc: 95.31% | Time: 0.0378s | GPU Mem: [GPU1:0.02GB, GPU2:0.27GB]
Epoch: 60 [100/391] Loss: 0.1638 | Acc: 93.90% | Time: 0.0304s | GPU Mem: [GPU1:0.02GB, GPU2:0.28GB]
Epoch: 60 [200/391] Loss: 0.2220 | Acc: 93.86% | Time: 0.0246s | GPU Mem: [GPU1:0.02GB, GPU2:0.28GB]
Epoch: 60 [300/391] Loss: 0.2393 | Acc: 93.59% | Time: 0.0282s | GPU Mem: [GPU1:0.02GB, GPU2:0.28GB]

训练 - Loss: 0.2223, Acc: 93.43%
测试 - Loss: 0.9560, Acc: 74.94%
学习率: 0.010000, 时间: 21.79s
GPU内存使用:
  GPU 1 - 已分配: 0.02GB, 已保留: 2.70GB
  GPU 2 - 已分配: 0.28GB, 已保留: 1.39GB

============================================================
Epoch 62/100
============================================================
Epoch: 61 [0/391] Loss: 0.2100 | Acc: 93.75% | Time: 0.0352s | GPU Mem: [GPU1:0.02GB, GPU2:0.27GB]
Epoch: 61 [100/391] Loss: 0.2062 | Acc: 94.63% | Time: 0.0290s | GPU Mem: [GPU1:0.02GB, GPU2:0.28GB]
Epoch: 61 [200/391] Loss: 0.2183 | Acc: 94.32% | Time: 0.0229s | GPU Mem: [GPU1:0.02GB, GPU2:0.28GB]
Epoch: 61 [300/391] Loss: 0.1881 | Acc: 94.12% | Time: 0.0217s | GPU Mem: [GPU1:0.02GB, GPU2:0.28GB]

训练 - Loss: 0.2038, Acc: 94.05%
测试 - Loss: 0.9753, Acc: 74.95%
学习率: 0.010000, 时间: 21.78s
GPU内存使用:
  GPU 1 - 已分配: 0.02GB, 已保留: 2.70GB
  GPU 2 - 已分配: 0.28GB, 已保留: 1.39GB

============================================================
Epoch 63/100
============================================================
Epoch: 62 [0/391] Loss: 0.1555 | Acc: 95.31% | Time: 0.0410s | GPU Mem: [GPU1:0.02GB, GPU2:0.27GB]
Epoch: 62 [100/391] Loss: 0.1581 | Acc: 95.14% | Time: 0.0274s | GPU Mem: [GPU1:0.02GB, GPU2:0.28GB]
Epoch: 62 [200/391] Loss: 0.1293 | Acc: 95.02% | Time: 0.0319s | GPU Mem: [GPU1:0.02GB, GPU2:0.28GB]
Epoch: 62 [300/391] Loss: 0.2216 | Acc: 94.75% | Time: 0.0270s | GPU Mem: [GPU1:0.02GB, GPU2:0.28GB]

训练 - Loss: 0.1873, Acc: 94.61%
测试 - Loss: 0.9770, Acc: 74.69%
学习率: 0.010000, 时间: 21.78s
GPU内存使用:
  GPU 1 - 已分配: 0.02GB, 已保留: 2.70GB
  GPU 2 - 已分配: 0.28GB, 已保留: 1.39GB

============================================================
Epoch 64/100
============================================================
Epoch: 63 [0/391] Loss: 0.1320 | Acc: 96.09% | Time: 0.0265s | GPU Mem: [GPU1:0.02GB, GPU2:0.27GB]
Epoch: 63 [100/391] Loss: 0.1284 | Acc: 95.85% | Time: 0.0309s | GPU Mem: [GPU1:0.02GB, GPU2:0.28GB]
Epoch: 63 [200/391] Loss: 0.2056 | Acc: 95.39% | Time: 0.0258s | GPU Mem: [GPU1:0.02GB, GPU2:0.28GB]
Epoch: 63 [300/391] Loss: 0.2717 | Acc: 95.15% | Time: 0.0291s | GPU Mem: [GPU1:0.02GB, GPU2:0.28GB]

训练 - Loss: 0.1779, Acc: 94.91%
测试 - Loss: 1.0169, Acc: 74.17%
学习率: 0.010000, 时间: 21.79s
GPU内存使用:
  GPU 1 - 已分配: 0.02GB, 已保留: 2.70GB
  GPU 2 - 已分配: 0.28GB, 已保留: 1.39GB

============================================================
Epoch 65/100
============================================================
Epoch: 64 [0/391] Loss: 0.1222 | Acc: 97.66% | Time: 0.0341s | GPU Mem: [GPU1:0.02GB, GPU2:0.27GB]
Epoch: 64 [100/391] Loss: 0.1048 | Acc: 95.84% | Time: 0.0287s | GPU Mem: [GPU1:0.02GB, GPU2:0.28GB]
Epoch: 64 [200/391] Loss: 0.1489 | Acc: 95.76% | Time: 0.0367s | GPU Mem: [GPU1:0.02GB, GPU2:0.28GB]
Epoch: 64 [300/391] Loss: 0.1133 | Acc: 95.54% | Time: 0.0220s | GPU Mem: [GPU1:0.02GB, GPU2:0.28GB]

训练 - Loss: 0.1641, Acc: 95.35%
测试 - Loss: 1.0224, Acc: 74.43%
学习率: 0.010000, 时间: 21.78s
GPU内存使用:
  GPU 1 - 已分配: 0.02GB, 已保留: 2.70GB
  GPU 2 - 已分配: 0.28GB, 已保留: 1.39GB

============================================================
Epoch 66/100
============================================================
Epoch: 65 [0/391] Loss: 0.1311 | Acc: 97.66% | Time: 0.0298s | GPU Mem: [GPU1:0.02GB, GPU2:0.27GB]
Epoch: 65 [100/391] Loss: 0.1529 | Acc: 96.06% | Time: 0.0314s | GPU Mem: [GPU1:0.02GB, GPU2:0.28GB]
Epoch: 65 [200/391] Loss: 0.2175 | Acc: 95.89% | Time: 0.0260s | GPU Mem: [GPU1:0.02GB, GPU2:0.28GB]
Epoch: 65 [300/391] Loss: 0.2023 | Acc: 95.65% | Time: 0.0301s | GPU Mem: [GPU1:0.02GB, GPU2:0.28GB]

训练 - Loss: 0.1620, Acc: 95.43%
测试 - Loss: 1.0356, Acc: 74.12%
学习率: 0.010000, 时间: 21.78s
GPU内存使用:
  GPU 1 - 已分配: 0.02GB, 已保留: 2.70GB
  GPU 2 - 已分配: 0.28GB, 已保留: 1.39GB

============================================================
Epoch 67/100
============================================================
Epoch: 66 [0/391] Loss: 0.1900 | Acc: 94.53% | Time: 0.0281s | GPU Mem: [GPU1:0.02GB, GPU2:0.27GB]
Epoch: 66 [100/391] Loss: 0.1752 | Acc: 96.40% | Time: 0.0292s | GPU Mem: [GPU1:0.02GB, GPU2:0.28GB]
Epoch: 66 [200/391] Loss: 0.1928 | Acc: 96.25% | Time: 0.0217s | GPU Mem: [GPU1:0.02GB, GPU2:0.28GB]
Epoch: 66 [300/391] Loss: 0.2011 | Acc: 95.97% | Time: 0.0218s | GPU Mem: [GPU1:0.02GB, GPU2:0.28GB]

训练 - Loss: 0.1511, Acc: 95.80%
测试 - Loss: 1.0201, Acc: 74.65%
学习率: 0.010000, 时间: 21.79s
GPU内存使用:
  GPU 1 - 已分配: 0.02GB, 已保留: 2.70GB
  GPU 2 - 已分配: 0.28GB, 已保留: 1.39GB

============================================================
Epoch 68/100
============================================================
Epoch: 67 [0/391] Loss: 0.1253 | Acc: 96.09% | Time: 0.0308s | GPU Mem: [GPU1:0.02GB, GPU2:0.27GB]
Epoch: 67 [100/391] Loss: 0.2428 | Acc: 96.31% | Time: 0.0309s | GPU Mem: [GPU1:0.02GB, GPU2:0.28GB]
Epoch: 67 [200/391] Loss: 0.1478 | Acc: 96.30% | Time: 0.0279s | GPU Mem: [GPU1:0.02GB, GPU2:0.28GB]
Epoch: 67 [300/391] Loss: 0.1534 | Acc: 96.20% | Time: 0.0310s | GPU Mem: [GPU1:0.02GB, GPU2:0.28GB]

训练 - Loss: 0.1416, Acc: 96.10%
测试 - Loss: 1.0324, Acc: 74.55%
学习率: 0.010000, 时间: 21.78s
GPU内存使用:
  GPU 1 - 已分配: 0.02GB, 已保留: 2.70GB
  GPU 2 - 已分配: 0.28GB, 已保留: 1.39GB

============================================================
Epoch 69/100
============================================================
Epoch: 68 [0/391] Loss: 0.1306 | Acc: 96.09% | Time: 0.0422s | GPU Mem: [GPU1:0.02GB, GPU2:0.27GB]
Epoch: 68 [100/391] Loss: 0.1511 | Acc: 96.60% | Time: 0.0190s | GPU Mem: [GPU1:0.02GB, GPU2:0.28GB]
Epoch: 68 [200/391] Loss: 0.1748 | Acc: 96.78% | Time: 0.0253s | GPU Mem: [GPU1:0.02GB, GPU2:0.28GB]
Epoch: 68 [300/391] Loss: 0.1929 | Acc: 96.42% | Time: 0.0250s | GPU Mem: [GPU1:0.02GB, GPU2:0.28GB]

训练 - Loss: 0.1365, Acc: 96.19%
测试 - Loss: 1.0688, Acc: 74.52%
学习率: 0.010000, 时间: 21.78s
GPU内存使用:
  GPU 1 - 已分配: 0.02GB, 已保留: 2.70GB
  GPU 2 - 已分配: 0.28GB, 已保留: 1.39GB

============================================================
Epoch 70/100
============================================================
Epoch: 69 [0/391] Loss: 0.1546 | Acc: 97.66% | Time: 0.0346s | GPU Mem: [GPU1:0.02GB, GPU2:0.27GB]
Epoch: 69 [100/391] Loss: 0.0971 | Acc: 97.01% | Time: 0.0308s | GPU Mem: [GPU1:0.02GB, GPU2:0.28GB]
Epoch: 69 [200/391] Loss: 0.1334 | Acc: 96.59% | Time: 0.0296s | GPU Mem: [GPU1:0.02GB, GPU2:0.28GB]
Epoch: 69 [300/391] Loss: 0.1459 | Acc: 96.37% | Time: 0.0275s | GPU Mem: [GPU1:0.02GB, GPU2:0.28GB]

训练 - Loss: 0.1342, Acc: 96.34%
测试 - Loss: 1.0500, Acc: 73.81%
学习率: 0.010000, 时间: 21.79s
GPU内存使用:
  GPU 1 - 已分配: 0.02GB, 已保留: 2.70GB
  GPU 2 - 已分配: 0.28GB, 已保留: 1.39GB
保存checkpoint到: ./checkpoints/checkpoint_mp_epoch_70.pth

============================================================
Epoch 71/100
============================================================
Epoch: 70 [0/391] Loss: 0.0851 | Acc: 97.66% | Time: 0.0360s | GPU Mem: [GPU1:0.02GB, GPU2:0.27GB]
Epoch: 70 [100/391] Loss: 0.0683 | Acc: 97.00% | Time: 0.0262s | GPU Mem: [GPU1:0.02GB, GPU2:0.28GB]
Epoch: 70 [200/391] Loss: 0.1410 | Acc: 96.94% | Time: 0.0246s | GPU Mem: [GPU1:0.02GB, GPU2:0.28GB]
Epoch: 70 [300/391] Loss: 0.1535 | Acc: 96.81% | Time: 0.0316s | GPU Mem: [GPU1:0.02GB, GPU2:0.28GB]

训练 - Loss: 0.1256, Acc: 96.61%
测试 - Loss: 1.0349, Acc: 74.86%
学习率: 0.010000, 时间: 21.79s
GPU内存使用:
  GPU 1 - 已分配: 0.02GB, 已保留: 2.70GB
  GPU 2 - 已分配: 0.28GB, 已保留: 1.39GB

============================================================
Epoch 72/100
============================================================
Epoch: 71 [0/391] Loss: 0.1054 | Acc: 97.66% | Time: 0.0268s | GPU Mem: [GPU1:0.02GB, GPU2:0.27GB]
Epoch: 71 [100/391] Loss: 0.1678 | Acc: 97.30% | Time: 0.0276s | GPU Mem: [GPU1:0.02GB, GPU2:0.28GB]
Epoch: 71 [200/391] Loss: 0.1336 | Acc: 97.11% | Time: 0.0282s | GPU Mem: [GPU1:0.02GB, GPU2:0.28GB]
Epoch: 71 [300/391] Loss: 0.0709 | Acc: 96.80% | Time: 0.0288s | GPU Mem: [GPU1:0.02GB, GPU2:0.28GB]

训练 - Loss: 0.1260, Acc: 96.50%
测试 - Loss: 1.1189, Acc: 73.04%
学习率: 0.010000, 时间: 21.79s
GPU内存使用:
  GPU 1 - 已分配: 0.02GB, 已保留: 2.70GB
  GPU 2 - 已分配: 0.28GB, 已保留: 1.39GB

============================================================
Epoch 73/100
============================================================
Epoch: 72 [0/391] Loss: 0.0848 | Acc: 98.44% | Time: 0.0342s | GPU Mem: [GPU1:0.02GB, GPU2:0.27GB]
Epoch: 72 [100/391] Loss: 0.1075 | Acc: 96.97% | Time: 0.0229s | GPU Mem: [GPU1:0.02GB, GPU2:0.28GB]
Epoch: 72 [200/391] Loss: 0.0942 | Acc: 96.85% | Time: 0.0219s | GPU Mem: [GPU1:0.02GB, GPU2:0.28GB]
Epoch: 72 [300/391] Loss: 0.1481 | Acc: 96.66% | Time: 0.0245s | GPU Mem: [GPU1:0.02GB, GPU2:0.28GB]

训练 - Loss: 0.1280, Acc: 96.55%
测试 - Loss: 1.1406, Acc: 73.37%
学习率: 0.010000, 时间: 21.77s
GPU内存使用:
  GPU 1 - 已分配: 0.02GB, 已保留: 2.70GB
  GPU 2 - 已分配: 0.28GB, 已保留: 1.39GB

============================================================
Epoch 74/100
============================================================
Epoch: 73 [0/391] Loss: 0.1181 | Acc: 96.88% | Time: 0.0376s | GPU Mem: [GPU1:0.02GB, GPU2:0.27GB]
Epoch: 73 [100/391] Loss: 0.1352 | Acc: 96.87% | Time: 0.0299s | GPU Mem: [GPU1:0.02GB, GPU2:0.28GB]
Epoch: 73 [200/391] Loss: 0.0750 | Acc: 96.91% | Time: 0.0218s | GPU Mem: [GPU1:0.02GB, GPU2:0.28GB]
Epoch: 73 [300/391] Loss: 0.0890 | Acc: 96.71% | Time: 0.0338s | GPU Mem: [GPU1:0.02GB, GPU2:0.28GB]

训练 - Loss: 0.1266, Acc: 96.52%
测试 - Loss: 1.1149, Acc: 73.37%
学习率: 0.010000, 时间: 21.78s
GPU内存使用:
  GPU 1 - 已分配: 0.02GB, 已保留: 2.70GB
  GPU 2 - 已分配: 0.28GB, 已保留: 1.39GB

============================================================
Epoch 75/100
============================================================
Epoch: 74 [0/391] Loss: 0.0897 | Acc: 98.44% | Time: 0.0289s | GPU Mem: [GPU1:0.02GB, GPU2:0.27GB]
Epoch: 74 [100/391] Loss: 0.0993 | Acc: 97.11% | Time: 0.0300s | GPU Mem: [GPU1:0.02GB, GPU2:0.28GB]
Epoch: 74 [200/391] Loss: 0.1756 | Acc: 96.82% | Time: 0.0280s | GPU Mem: [GPU1:0.02GB, GPU2:0.28GB]
Epoch: 74 [300/391] Loss: 0.1741 | Acc: 96.57% | Time: 0.0304s | GPU Mem: [GPU1:0.02GB, GPU2:0.28GB]

训练 - Loss: 0.1293, Acc: 96.40%
测试 - Loss: 1.1201, Acc: 73.73%
学习率: 0.010000, 时间: 21.78s
GPU内存使用:
  GPU 1 - 已分配: 0.02GB, 已保留: 2.70GB
  GPU 2 - 已分配: 0.28GB, 已保留: 1.39GB

============================================================
Epoch 76/100
============================================================
Epoch: 75 [0/391] Loss: 0.1286 | Acc: 96.88% | Time: 0.0321s | GPU Mem: [GPU1:0.02GB, GPU2:0.27GB]
Epoch: 75 [100/391] Loss: 0.1599 | Acc: 96.84% | Time: 0.0277s | GPU Mem: [GPU1:0.02GB, GPU2:0.28GB]
Epoch: 75 [200/391] Loss: 0.1461 | Acc: 96.72% | Time: 0.0318s | GPU Mem: [GPU1:0.02GB, GPU2:0.28GB]
Epoch: 75 [300/391] Loss: 0.1331 | Acc: 96.52% | Time: 0.0218s | GPU Mem: [GPU1:0.02GB, GPU2:0.28GB]

训练 - Loss: 0.1305, Acc: 96.37%
测试 - Loss: 1.1098, Acc: 73.29%
学习率: 0.010000, 时间: 21.77s
GPU内存使用:
  GPU 1 - 已分配: 0.02GB, 已保留: 2.70GB
  GPU 2 - 已分配: 0.28GB, 已保留: 1.39GB

============================================================
Epoch 77/100
============================================================
Epoch: 76 [0/391] Loss: 0.1095 | Acc: 96.88% | Time: 0.0296s | GPU Mem: [GPU1:0.02GB, GPU2:0.27GB]
Epoch: 76 [100/391] Loss: 0.0530 | Acc: 96.88% | Time: 0.0263s | GPU Mem: [GPU1:0.02GB, GPU2:0.28GB]
Epoch: 76 [200/391] Loss: 0.1044 | Acc: 96.71% | Time: 0.0259s | GPU Mem: [GPU1:0.02GB, GPU2:0.28GB]
Epoch: 76 [300/391] Loss: 0.1777 | Acc: 96.71% | Time: 0.0250s | GPU Mem: [GPU1:0.02GB, GPU2:0.28GB]

训练 - Loss: 0.1265, Acc: 96.50%
测试 - Loss: 1.1103, Acc: 73.59%
学习率: 0.010000, 时间: 21.79s
GPU内存使用:
  GPU 1 - 已分配: 0.02GB, 已保留: 2.70GB
  GPU 2 - 已分配: 0.28GB, 已保留: 1.39GB

============================================================
Epoch 78/100
============================================================
Epoch: 77 [0/391] Loss: 0.1102 | Acc: 96.09% | Time: 0.0344s | GPU Mem: [GPU1:0.02GB, GPU2:0.27GB]
Epoch: 77 [100/391] Loss: 0.1197 | Acc: 97.35% | Time: 0.0251s | GPU Mem: [GPU1:0.02GB, GPU2:0.28GB]
Epoch: 77 [200/391] Loss: 0.0443 | Acc: 97.14% | Time: 0.0223s | GPU Mem: [GPU1:0.02GB, GPU2:0.28GB]
Epoch: 77 [300/391] Loss: 0.1120 | Acc: 96.98% | Time: 0.0242s | GPU Mem: [GPU1:0.02GB, GPU2:0.28GB]

训练 - Loss: 0.1212, Acc: 96.65%
测试 - Loss: 1.1446, Acc: 73.06%
学习率: 0.010000, 时间: 21.78s
GPU内存使用:
  GPU 1 - 已分配: 0.02GB, 已保留: 2.70GB
  GPU 2 - 已分配: 0.28GB, 已保留: 1.39GB

============================================================
Epoch 79/100
============================================================
Epoch: 78 [0/391] Loss: 0.1276 | Acc: 96.09% | Time: 0.0340s | GPU Mem: [GPU1:0.02GB, GPU2:0.27GB]
Epoch: 78 [100/391] Loss: 0.0949 | Acc: 97.13% | Time: 0.0266s | GPU Mem: [GPU1:0.02GB, GPU2:0.28GB]
Epoch: 78 [200/391] Loss: 0.0975 | Acc: 97.06% | Time: 0.0260s | GPU Mem: [GPU1:0.02GB, GPU2:0.28GB]
Epoch: 78 [300/391] Loss: 0.1804 | Acc: 96.79% | Time: 0.0321s | GPU Mem: [GPU1:0.02GB, GPU2:0.28GB]

训练 - Loss: 0.1244, Acc: 96.58%
测试 - Loss: 1.1306, Acc: 72.94%
学习率: 0.010000, 时间: 21.77s
GPU内存使用:
  GPU 1 - 已分配: 0.02GB, 已保留: 2.70GB
  GPU 2 - 已分配: 0.28GB, 已保留: 1.39GB

============================================================
Epoch 80/100
============================================================
Epoch: 79 [0/391] Loss: 0.0505 | Acc: 100.00% | Time: 0.0334s | GPU Mem: [GPU1:0.02GB, GPU2:0.27GB]
Epoch: 79 [100/391] Loss: 0.1179 | Acc: 96.91% | Time: 0.0269s | GPU Mem: [GPU1:0.02GB, GPU2:0.28GB]
Epoch: 79 [200/391] Loss: 0.0524 | Acc: 96.94% | Time: 0.0256s | GPU Mem: [GPU1:0.02GB, GPU2:0.28GB]
Epoch: 79 [300/391] Loss: 0.1589 | Acc: 96.80% | Time: 0.0296s | GPU Mem: [GPU1:0.02GB, GPU2:0.28GB]

训练 - Loss: 0.1237, Acc: 96.62%
测试 - Loss: 1.1406, Acc: 72.82%
学习率: 0.010000, 时间: 21.78s
GPU内存使用:
  GPU 1 - 已分配: 0.02GB, 已保留: 2.70GB
  GPU 2 - 已分配: 0.28GB, 已保留: 1.39GB
保存checkpoint到: ./checkpoints/checkpoint_mp_epoch_80.pth

============================================================
Epoch 81/100
============================================================
Epoch: 80 [0/391] Loss: 0.0968 | Acc: 97.66% | Time: 0.0379s | GPU Mem: [GPU1:0.02GB, GPU2:0.27GB]
Epoch: 80 [100/391] Loss: 0.0795 | Acc: 97.18% | Time: 0.0240s | GPU Mem: [GPU1:0.02GB, GPU2:0.28GB]
Epoch: 80 [200/391] Loss: 0.1114 | Acc: 97.05% | Time: 0.0306s | GPU Mem: [GPU1:0.02GB, GPU2:0.28GB]
Epoch: 80 [300/391] Loss: 0.1138 | Acc: 96.85% | Time: 0.0298s | GPU Mem: [GPU1:0.02GB, GPU2:0.28GB]

训练 - Loss: 0.1271, Acc: 96.58%
测试 - Loss: 1.2023, Acc: 72.22%
学习率: 0.010000, 时间: 21.79s
GPU内存使用:
  GPU 1 - 已分配: 0.02GB, 已保留: 2.70GB
  GPU 2 - 已分配: 0.28GB, 已保留: 1.39GB

============================================================
Epoch 82/100
============================================================
Epoch: 81 [0/391] Loss: 0.1108 | Acc: 95.31% | Time: 0.0418s | GPU Mem: [GPU1:0.02GB, GPU2:0.27GB]
Epoch: 81 [100/391] Loss: 0.0836 | Acc: 96.06% | Time: 0.0296s | GPU Mem: [GPU1:0.02GB, GPU2:0.28GB]
Epoch: 81 [200/391] Loss: 0.0984 | Acc: 96.43% | Time: 0.0238s | GPU Mem: [GPU1:0.02GB, GPU2:0.28GB]
Epoch: 81 [300/391] Loss: 0.1356 | Acc: 96.33% | Time: 0.0280s | GPU Mem: [GPU1:0.02GB, GPU2:0.28GB]

训练 - Loss: 0.1306, Acc: 96.29%
测试 - Loss: 1.0860, Acc: 74.02%
学习率: 0.010000, 时间: 21.78s
GPU内存使用:
  GPU 1 - 已分配: 0.02GB, 已保留: 2.70GB
  GPU 2 - 已分配: 0.28GB, 已保留: 1.39GB

============================================================
Epoch 83/100
============================================================
Epoch: 82 [0/391] Loss: 0.1232 | Acc: 96.09% | Time: 0.0368s | GPU Mem: [GPU1:0.02GB, GPU2:0.27GB]
Epoch: 82 [100/391] Loss: 0.1070 | Acc: 97.05% | Time: 0.0279s | GPU Mem: [GPU1:0.02GB, GPU2:0.28GB]
Epoch: 82 [200/391] Loss: 0.0570 | Acc: 96.91% | Time: 0.0225s | GPU Mem: [GPU1:0.02GB, GPU2:0.28GB]
Epoch: 82 [300/391] Loss: 0.1482 | Acc: 96.73% | Time: 0.0256s | GPU Mem: [GPU1:0.02GB, GPU2:0.28GB]

训练 - Loss: 0.1257, Acc: 96.55%
测试 - Loss: 1.1677, Acc: 72.71%
学习率: 0.010000, 时间: 21.84s
GPU内存使用:
  GPU 1 - 已分配: 0.02GB, 已保留: 2.70GB
  GPU 2 - 已分配: 0.28GB, 已保留: 1.39GB

============================================================
Epoch 84/100
============================================================
Epoch: 83 [0/391] Loss: 0.1623 | Acc: 95.31% | Time: 0.0380s | GPU Mem: [GPU1:0.02GB, GPU2:0.27GB]
Epoch: 83 [100/391] Loss: 0.1189 | Acc: 96.72% | Time: 0.0321s | GPU Mem: [GPU1:0.02GB, GPU2:0.28GB]
Epoch: 83 [200/391] Loss: 0.1372 | Acc: 96.68% | Time: 0.0336s | GPU Mem: [GPU1:0.02GB, GPU2:0.28GB]
Epoch: 83 [300/391] Loss: 0.1320 | Acc: 96.61% | Time: 0.0258s | GPU Mem: [GPU1:0.02GB, GPU2:0.28GB]

训练 - Loss: 0.1323, Acc: 96.30%
测试 - Loss: 1.1682, Acc: 72.47%
学习率: 0.010000, 时间: 21.78s
GPU内存使用:
  GPU 1 - 已分配: 0.02GB, 已保留: 2.70GB
  GPU 2 - 已分配: 0.28GB, 已保留: 1.39GB

============================================================
Epoch 85/100
============================================================
Epoch: 84 [0/391] Loss: 0.1474 | Acc: 96.09% | Time: 0.0296s | GPU Mem: [GPU1:0.02GB, GPU2:0.27GB]
Epoch: 84 [100/391] Loss: 0.1727 | Acc: 96.70% | Time: 0.0299s | GPU Mem: [GPU1:0.02GB, GPU2:0.28GB]
Epoch: 84 [200/391] Loss: 0.1409 | Acc: 96.66% | Time: 0.0300s | GPU Mem: [GPU1:0.02GB, GPU2:0.28GB]
Epoch: 84 [300/391] Loss: 0.1129 | Acc: 96.48% | Time: 0.0308s | GPU Mem: [GPU1:0.02GB, GPU2:0.28GB]

训练 - Loss: 0.1315, Acc: 96.32%
测试 - Loss: 1.1610, Acc: 72.36%
学习率: 0.010000, 时间: 21.78s
GPU内存使用:
  GPU 1 - 已分配: 0.02GB, 已保留: 2.70GB
  GPU 2 - 已分配: 0.28GB, 已保留: 1.39GB

============================================================
Epoch 86/100
============================================================
Epoch: 85 [0/391] Loss: 0.1289 | Acc: 95.31% | Time: 0.0344s | GPU Mem: [GPU1:0.02GB, GPU2:0.27GB]
Epoch: 85 [100/391] Loss: 0.1128 | Acc: 96.83% | Time: 0.0277s | GPU Mem: [GPU1:0.02GB, GPU2:0.28GB]
Epoch: 85 [200/391] Loss: 0.0953 | Acc: 96.77% | Time: 0.0318s | GPU Mem: [GPU1:0.02GB, GPU2:0.28GB]
Epoch: 85 [300/391] Loss: 0.1800 | Acc: 96.54% | Time: 0.0258s | GPU Mem: [GPU1:0.02GB, GPU2:0.28GB]

训练 - Loss: 0.1318, Acc: 96.38%
测试 - Loss: 1.1388, Acc: 72.75%
学习率: 0.010000, 时间: 21.78s
GPU内存使用:
  GPU 1 - 已分配: 0.02GB, 已保留: 2.70GB
  GPU 2 - 已分配: 0.28GB, 已保留: 1.39GB

============================================================
Epoch 87/100
============================================================
Epoch: 86 [0/391] Loss: 0.0922 | Acc: 99.22% | Time: 0.0327s | GPU Mem: [GPU1:0.02GB, GPU2:0.27GB]
Epoch: 86 [100/391] Loss: 0.0628 | Acc: 97.06% | Time: 0.0330s | GPU Mem: [GPU1:0.02GB, GPU2:0.28GB]
Epoch: 86 [200/391] Loss: 0.1607 | Acc: 96.84% | Time: 0.0257s | GPU Mem: [GPU1:0.02GB, GPU2:0.28GB]
Epoch: 86 [300/391] Loss: 0.1728 | Acc: 96.57% | Time: 0.0283s | GPU Mem: [GPU1:0.02GB, GPU2:0.28GB]

训练 - Loss: 0.1328, Acc: 96.29%
测试 - Loss: 1.2222, Acc: 71.59%
学习率: 0.010000, 时间: 21.78s
GPU内存使用:
  GPU 1 - 已分配: 0.02GB, 已保留: 2.70GB
  GPU 2 - 已分配: 0.28GB, 已保留: 1.39GB

============================================================
Epoch 88/100
============================================================
Epoch: 87 [0/391] Loss: 0.1034 | Acc: 96.88% | Time: 0.0355s | GPU Mem: [GPU1:0.02GB, GPU2:0.27GB]
Epoch: 87 [100/391] Loss: 0.1589 | Acc: 96.50% | Time: 0.0244s | GPU Mem: [GPU1:0.02GB, GPU2:0.28GB]
Epoch: 87 [200/391] Loss: 0.1030 | Acc: 96.23% | Time: 0.0295s | GPU Mem: [GPU1:0.02GB, GPU2:0.28GB]
Epoch: 87 [300/391] Loss: 0.1523 | Acc: 96.19% | Time: 0.0226s | GPU Mem: [GPU1:0.02GB, GPU2:0.28GB]

训练 - Loss: 0.1382, Acc: 96.08%
测试 - Loss: 1.2188, Acc: 71.80%
学习率: 0.010000, 时间: 21.78s
GPU内存使用:
  GPU 1 - 已分配: 0.02GB, 已保留: 2.70GB
  GPU 2 - 已分配: 0.28GB, 已保留: 1.39GB

============================================================
Epoch 89/100
============================================================
Epoch: 88 [0/391] Loss: 0.0985 | Acc: 94.53% | Time: 0.0364s | GPU Mem: [GPU1:0.02GB, GPU2:0.27GB]
Epoch: 88 [100/391] Loss: 0.1487 | Acc: 96.80% | Time: 0.0241s | GPU Mem: [GPU1:0.02GB, GPU2:0.28GB]
Epoch: 88 [200/391] Loss: 0.0780 | Acc: 96.72% | Time: 0.0302s | GPU Mem: [GPU1:0.02GB, GPU2:0.28GB]
Epoch: 88 [300/391] Loss: 0.1208 | Acc: 96.46% | Time: 0.0219s | GPU Mem: [GPU1:0.02GB, GPU2:0.28GB]

训练 - Loss: 0.1356, Acc: 96.20%
测试 - Loss: 1.2049, Acc: 72.08%
学习率: 0.010000, 时间: 21.78s
GPU内存使用:
  GPU 1 - 已分配: 0.02GB, 已保留: 2.70GB
  GPU 2 - 已分配: 0.28GB, 已保留: 1.39GB

============================================================
Epoch 90/100
============================================================
Epoch: 89 [0/391] Loss: 0.1341 | Acc: 95.31% | Time: 0.0291s | GPU Mem: [GPU1:0.02GB, GPU2:0.27GB]
Epoch: 89 [100/391] Loss: 0.0576 | Acc: 96.94% | Time: 0.0268s | GPU Mem: [GPU1:0.02GB, GPU2:0.28GB]
Epoch: 89 [200/391] Loss: 0.1221 | Acc: 96.87% | Time: 0.0233s | GPU Mem: [GPU1:0.02GB, GPU2:0.28GB]
Epoch: 89 [300/391] Loss: 0.2117 | Acc: 96.68% | Time: 0.0298s | GPU Mem: [GPU1:0.02GB, GPU2:0.28GB]

训练 - Loss: 0.1324, Acc: 96.34%
测试 - Loss: 1.2433, Acc: 71.82%
学习率: 0.010000, 时间: 21.78s
GPU内存使用:
  GPU 1 - 已分配: 0.02GB, 已保留: 2.70GB
  GPU 2 - 已分配: 0.28GB, 已保留: 1.39GB
保存checkpoint到: ./checkpoints/checkpoint_mp_epoch_90.pth

============================================================
Epoch 91/100
============================================================
Epoch: 90 [0/391] Loss: 0.1742 | Acc: 94.53% | Time: 0.0322s | GPU Mem: [GPU1:0.02GB, GPU2:0.27GB]
Epoch: 90 [100/391] Loss: 0.1141 | Acc: 96.83% | Time: 0.0314s | GPU Mem: [GPU1:0.02GB, GPU2:0.28GB]
Epoch: 90 [200/391] Loss: 0.1408 | Acc: 96.64% | Time: 0.0309s | GPU Mem: [GPU1:0.02GB, GPU2:0.28GB]
Epoch: 90 [300/391] Loss: 0.0926 | Acc: 96.44% | Time: 0.0298s | GPU Mem: [GPU1:0.02GB, GPU2:0.28GB]

训练 - Loss: 0.1368, Acc: 96.23%
测试 - Loss: 1.1939, Acc: 72.15%
学习率: 0.010000, 时间: 21.78s
GPU内存使用:
  GPU 1 - 已分配: 0.02GB, 已保留: 2.70GB
  GPU 2 - 已分配: 0.28GB, 已保留: 1.39GB

============================================================
Epoch 92/100
============================================================
Epoch: 91 [0/391] Loss: 0.1774 | Acc: 96.88% | Time: 0.0344s | GPU Mem: [GPU1:0.02GB, GPU2:0.27GB]
Epoch: 91 [100/391] Loss: 0.1408 | Acc: 95.94% | Time: 0.0259s | GPU Mem: [GPU1:0.02GB, GPU2:0.28GB]
Epoch: 91 [200/391] Loss: 0.0945 | Acc: 96.32% | Time: 0.0257s | GPU Mem: [GPU1:0.02GB, GPU2:0.28GB]
Epoch: 91 [300/391] Loss: 0.1074 | Acc: 96.17% | Time: 0.0253s | GPU Mem: [GPU1:0.02GB, GPU2:0.28GB]

训练 - Loss: 0.1444, Acc: 95.97%
测试 - Loss: 1.2139, Acc: 71.56%
学习率: 0.010000, 时间: 21.77s
GPU内存使用:
  GPU 1 - 已分配: 0.02GB, 已保留: 2.70GB
  GPU 2 - 已分配: 0.28GB, 已保留: 1.39GB

============================================================
Epoch 93/100
============================================================
Epoch: 92 [0/391] Loss: 0.1299 | Acc: 96.09% | Time: 0.0323s | GPU Mem: [GPU1:0.02GB, GPU2:0.27GB]
Epoch: 92 [100/391] Loss: 0.1465 | Acc: 96.36% | Time: 0.0254s | GPU Mem: [GPU1:0.02GB, GPU2:0.28GB]
Epoch: 92 [200/391] Loss: 0.1743 | Acc: 96.42% | Time: 0.0264s | GPU Mem: [GPU1:0.02GB, GPU2:0.28GB]
Epoch: 92 [300/391] Loss: 0.1337 | Acc: 96.14% | Time: 0.0277s | GPU Mem: [GPU1:0.02GB, GPU2:0.28GB]

训练 - Loss: 0.1418, Acc: 96.01%
测试 - Loss: 1.2820, Acc: 70.72%
学习率: 0.010000, 时间: 21.78s
GPU内存使用:
  GPU 1 - 已分配: 0.02GB, 已保留: 2.70GB
  GPU 2 - 已分配: 0.28GB, 已保留: 1.39GB

============================================================
Epoch 94/100
============================================================
Epoch: 93 [0/391] Loss: 0.1278 | Acc: 97.66% | Time: 0.0362s | GPU Mem: [GPU1:0.02GB, GPU2:0.27GB]
Epoch: 93 [100/391] Loss: 0.1080 | Acc: 96.60% | Time: 0.0246s | GPU Mem: [GPU1:0.02GB, GPU2:0.28GB]
Epoch: 93 [200/391] Loss: 0.1838 | Acc: 96.39% | Time: 0.0282s | GPU Mem: [GPU1:0.02GB, GPU2:0.28GB]
Epoch: 93 [300/391] Loss: 0.1224 | Acc: 96.28% | Time: 0.0293s | GPU Mem: [GPU1:0.02GB, GPU2:0.28GB]

训练 - Loss: 0.1382, Acc: 96.07%
测试 - Loss: 1.1517, Acc: 72.36%
学习率: 0.010000, 时间: 21.78s
GPU内存使用:
  GPU 1 - 已分配: 0.02GB, 已保留: 2.70GB
  GPU 2 - 已分配: 0.28GB, 已保留: 1.39GB

============================================================
Epoch 95/100
============================================================
Epoch: 94 [0/391] Loss: 0.1442 | Acc: 95.31% | Time: 0.0331s | GPU Mem: [GPU1:0.02GB, GPU2:0.27GB]
Epoch: 94 [100/391] Loss: 0.1275 | Acc: 96.64% | Time: 0.0319s | GPU Mem: [GPU1:0.02GB, GPU2:0.28GB]
Epoch: 94 [200/391] Loss: 0.1172 | Acc: 96.46% | Time: 0.0226s | GPU Mem: [GPU1:0.02GB, GPU2:0.28GB]
Epoch: 94 [300/391] Loss: 0.1755 | Acc: 95.97% | Time: 0.0330s | GPU Mem: [GPU1:0.02GB, GPU2:0.28GB]

训练 - Loss: 0.1445, Acc: 95.85%
测试 - Loss: 1.2152, Acc: 71.84%
学习率: 0.010000, 时间: 21.78s
GPU内存使用:
  GPU 1 - 已分配: 0.02GB, 已保留: 2.70GB
  GPU 2 - 已分配: 0.28GB, 已保留: 1.39GB

============================================================
Epoch 96/100
============================================================
Epoch: 95 [0/391] Loss: 0.1205 | Acc: 94.53% | Time: 0.0319s | GPU Mem: [GPU1:0.02GB, GPU2:0.27GB]
Epoch: 95 [100/391] Loss: 0.1441 | Acc: 96.32% | Time: 0.0256s | GPU Mem: [GPU1:0.02GB, GPU2:0.28GB]
Epoch: 95 [200/391] Loss: 0.1611 | Acc: 96.30% | Time: 0.0227s | GPU Mem: [GPU1:0.02GB, GPU2:0.28GB]
Epoch: 95 [300/391] Loss: 0.1515 | Acc: 96.27% | Time: 0.0237s | GPU Mem: [GPU1:0.02GB, GPU2:0.28GB]

训练 - Loss: 0.1388, Acc: 96.12%
测试 - Loss: 1.2030, Acc: 72.33%
学习率: 0.010000, 时间: 21.78s
GPU内存使用:
  GPU 1 - 已分配: 0.02GB, 已保留: 2.70GB
  GPU 2 - 已分配: 0.28GB, 已保留: 1.39GB

============================================================
Epoch 97/100
============================================================
Epoch: 96 [0/391] Loss: 0.1422 | Acc: 96.09% | Time: 0.0309s | GPU Mem: [GPU1:0.02GB, GPU2:0.27GB]
Epoch: 96 [100/391] Loss: 0.0739 | Acc: 96.94% | Time: 0.0399s | GPU Mem: [GPU1:0.02GB, GPU2:0.28GB]
Epoch: 96 [200/391] Loss: 0.2404 | Acc: 96.67% | Time: 0.0344s | GPU Mem: [GPU1:0.02GB, GPU2:0.28GB]
Epoch: 96 [300/391] Loss: 0.1427 | Acc: 96.61% | Time: 0.0328s | GPU Mem: [GPU1:0.02GB, GPU2:0.28GB]

训练 - Loss: 0.1278, Acc: 96.55%
测试 - Loss: 1.2431, Acc: 71.00%
学习率: 0.010000, 时间: 21.78s
GPU内存使用:
  GPU 1 - 已分配: 0.02GB, 已保留: 2.70GB
  GPU 2 - 已分配: 0.28GB, 已保留: 1.39GB

============================================================
Epoch 98/100
============================================================
Epoch: 97 [0/391] Loss: 0.1052 | Acc: 97.66% | Time: 0.0340s | GPU Mem: [GPU1:0.02GB, GPU2:0.27GB]
Epoch: 97 [100/391] Loss: 0.1300 | Acc: 97.05% | Time: 0.0290s | GPU Mem: [GPU1:0.02GB, GPU2:0.28GB]
Epoch: 97 [200/391] Loss: 0.1623 | Acc: 96.52% | Time: 0.0250s | GPU Mem: [GPU1:0.02GB, GPU2:0.28GB]
Epoch: 97 [300/391] Loss: 0.2234 | Acc: 96.34% | Time: 0.0284s | GPU Mem: [GPU1:0.02GB, GPU2:0.28GB]

训练 - Loss: 0.1347, Acc: 96.25%
测试 - Loss: 1.2363, Acc: 71.83%
学习率: 0.010000, 时间: 21.78s
GPU内存使用:
  GPU 1 - 已分配: 0.02GB, 已保留: 2.70GB
  GPU 2 - 已分配: 0.28GB, 已保留: 1.39GB

============================================================
Epoch 99/100
============================================================
Epoch: 98 [0/391] Loss: 0.1368 | Acc: 96.88% | Time: 0.0314s | GPU Mem: [GPU1:0.02GB, GPU2:0.27GB]
Epoch: 98 [100/391] Loss: 0.1203 | Acc: 96.81% | Time: 0.0286s | GPU Mem: [GPU1:0.02GB, GPU2:0.28GB]
Epoch: 98 [200/391] Loss: 0.0678 | Acc: 96.57% | Time: 0.0274s | GPU Mem: [GPU1:0.02GB, GPU2:0.28GB]
Epoch: 98 [300/391] Loss: 0.1115 | Acc: 96.47% | Time: 0.0274s | GPU Mem: [GPU1:0.02GB, GPU2:0.28GB]

训练 - Loss: 0.1331, Acc: 96.29%
测试 - Loss: 1.2033, Acc: 71.98%
学习率: 0.010000, 时间: 21.78s
GPU内存使用:
  GPU 1 - 已分配: 0.02GB, 已保留: 2.70GB
  GPU 2 - 已分配: 0.28GB, 已保留: 1.39GB

============================================================
Epoch 100/100
============================================================
Epoch: 99 [0/391] Loss: 0.1016 | Acc: 96.88% | Time: 0.0356s | GPU Mem: [GPU1:0.02GB, GPU2:0.27GB]
Epoch: 99 [100/391] Loss: 0.1422 | Acc: 96.67% | Time: 0.0251s | GPU Mem: [GPU1:0.02GB, GPU2:0.28GB]
Epoch: 99 [200/391] Loss: 0.1586 | Acc: 96.46% | Time: 0.0217s | GPU Mem: [GPU1:0.02GB, GPU2:0.28GB]
Epoch: 99 [300/391] Loss: 0.1349 | Acc: 96.26% | Time: 0.0278s | GPU Mem: [GPU1:0.02GB, GPU2:0.28GB]

训练 - Loss: 0.1403, Acc: 96.14%
测试 - Loss: 1.2529, Acc: 71.41%
学习率: 0.001000, 时间: 21.77s
GPU内存使用:
  GPU 1 - 已分配: 0.02GB, 已保留: 2.70GB
  GPU 2 - 已分配: 0.28GB, 已保留: 1.39GB
保存checkpoint到: ./checkpoints/checkpoint_mp_epoch_100.pth

============================================================
训练完成!
============================================================
总时间: 2382.17秒 (39.70分钟)
平均每epoch: 23.82秒
最佳测试准确率: 75.16%
保存最终模型到: ./experiments/group_1_training_mode_and_hardware_configuration_comparison/checkpoints/mp_resnet50_bs128_gpu2_nw2_chunks0.pth

训练完成!
