====================================================================================================
Experiment: mp_resnet50_bs128_gpu4_nw2_chunks0
Parameters: {
  "mode": "mp",
  "model": "resnet50",
  "batch_size": 128,
  "epochs": 100,
  "dataset": "cifar100",
  "gpu_ids": [
    1,
    2,
    3,
    5
  ],
  "num_workers": 2,
  "prefetch_factor": 1,
  "chunks": 0,
  "num_gpus": 4
}
Command: python -u main.py --mode mp --model resnet50 --batch-size 128 --epochs 100 --dataset cifar100 --gpu-ids 1,2,3,5 --num-workers 2 --prefetch-factor 1 --chunks 0 --final-checkpoint-path ./experiments/group_1_training_mode_and_hardware_configuration_comparison/checkpoints/mp_resnet50_bs128_gpu4_nw2_chunks0.pth
Start Time: 2025-12-10T00:45:20.850835
====================================================================================================

================================================================================
训练配置:
================================================================================
  mode                     : mp
  gpu_ids                  : [1, 2, 3, 5]
  num_gpus                 : 4
  num_workers              : 2
  prefetch_factor          : 1
  pin_memory               : True
  persistent_workers       : True
  batch_size               : 128
  epochs                   : 100
  lr                       : 0.1
  momentum                 : 0.9
  weight_decay             : 0.0005
  lr_schedule              : step
  lr_step_size             : 50
  lr_gamma                 : 0.1
  dataset                  : cifar100
  data_root                : ./data
  num_classes              : 100
  model                    : resnet50
  save_dir                 : ./checkpoints
  log_interval             : 100
  save_interval            : 10
  final_checkpoint_path    : ./experiments/group_1_training_mode_and_hardware_configuration_comparison/checkpoints/mp_resnet50_bs128_gpu4_nw2_chunks0.pth
  seed                     : 42
  resume                   : None
  evaluate                 : False
  dist_backend             : nccl
  dist_url                 : env://
  effective_batch_size     : 128
  chunks                   : 0
================================================================================

可用GPU数量: 7
  GPU 1: NVIDIA GeForce RTX 4090
  GPU 2: NVIDIA GeForce RTX 4090
  GPU 3: NVIDIA GeForce RTX 4090
  GPU 5: NVIDIA GeForce RTX 4090

使用训练模式: MP

初始化ModelParallel训练器...
使用GPU: [1, 2, 3, 5]

============================================================
模型并行 - 层分配方案
============================================================

GPU 1 (cuda:1):
  └─ 分配的层: conv1, bn1
  └─ 参数量: 1,856 (0.00M)

GPU 2 (cuda:2):
  └─ 分配的层: layer1, layer2
  └─ 参数量: 1,435,392 (1.44M)

GPU 3 (cuda:3):
  └─ 分配的层: layer3, layer4
  └─ 参数量: 22,063,104 (22.06M)

GPU 5 (cuda:5):
  └─ 分配的层: avg_pool, fc
  └─ 参数量: 204,900 (0.20M)

------------------------------------------------------------
详细映射表:
------------------------------------------------------------
  conv1        -> GPU 1 (cuda:1)
  bn1          -> GPU 1 (cuda:1)
  layer1       -> GPU 2 (cuda:2)
  layer2       -> GPU 2 (cuda:2)
  layer3       -> GPU 3 (cuda:3)
  layer4       -> GPU 3 (cuda:3)
  avg_pool     -> GPU 5 (cuda:5)
  fc           -> GPU 5 (cuda:5)
============================================================


开始训练 100 个epochs...
每个GPU的batch size: 128
学习率: 0.1

============================================================
Epoch 1/100
============================================================
Epoch: 0 [0/391] Loss: 4.8548 | Acc: 0.78% | Time: 0.8109s | GPU Mem: [GPU1:0.00GB, GPU2:0.02GB, GPU3:0.25GB, GPU5:0.02GB]
Epoch: 0 [100/391] Loss: 4.6049 | Acc: 1.42% | Time: 0.0236s | GPU Mem: [GPU1:0.00GB, GPU2:0.02GB, GPU3:0.26GB, GPU5:0.02GB]
Epoch: 0 [200/391] Loss: 4.5413 | Acc: 1.51% | Time: 0.0249s | GPU Mem: [GPU1:0.00GB, GPU2:0.02GB, GPU3:0.26GB, GPU5:0.02GB]
Epoch: 0 [300/391] Loss: 4.5468 | Acc: 1.51% | Time: 0.0354s | GPU Mem: [GPU1:0.00GB, GPU2:0.02GB, GPU3:0.26GB, GPU5:0.02GB]

训练 - Loss: 4.8185, Acc: 1.57%
测试 - Loss: 4.5115, Acc: 1.98%
学习率: 0.100000, 时间: 25.03s
GPU内存使用:
  GPU 1 - 已分配: 0.00GB, 已保留: 0.15GB
  GPU 2 - 已分配: 0.02GB, 已保留: 2.71GB
  GPU 3 - 已分配: 0.26GB, 已保留: 1.27GB
  GPU 5 - 已分配: 0.02GB, 已保留: 0.06GB
最佳准确率更新: 0.00% -> 1.98%
保存最佳模型到: ./checkpoints/best_model_mp.pth

============================================================
Epoch 2/100
============================================================
Epoch: 1 [0/391] Loss: 4.5352 | Acc: 2.34% | Time: 0.0413s | GPU Mem: [GPU1:0.00GB, GPU2:0.02GB, GPU3:0.25GB, GPU5:0.02GB]
Epoch: 1 [100/391] Loss: 4.4730 | Acc: 2.37% | Time: 0.0251s | GPU Mem: [GPU1:0.00GB, GPU2:0.02GB, GPU3:0.26GB, GPU5:0.02GB]
Epoch: 1 [200/391] Loss: 4.3127 | Acc: 2.87% | Time: 0.0247s | GPU Mem: [GPU1:0.00GB, GPU2:0.02GB, GPU3:0.26GB, GPU5:0.02GB]
Epoch: 1 [300/391] Loss: 4.1910 | Acc: 3.38% | Time: 0.0252s | GPU Mem: [GPU1:0.00GB, GPU2:0.02GB, GPU3:0.26GB, GPU5:0.02GB]

训练 - Loss: 4.3149, Acc: 3.78%
测试 - Loss: 4.0851, Acc: 5.90%
学习率: 0.100000, 时间: 24.10s
GPU内存使用:
  GPU 1 - 已分配: 0.00GB, 已保留: 0.15GB
  GPU 2 - 已分配: 0.02GB, 已保留: 2.71GB
  GPU 3 - 已分配: 0.25GB, 已保留: 1.27GB
  GPU 5 - 已分配: 0.02GB, 已保留: 0.06GB
最佳准确率更新: 1.98% -> 5.90%
保存最佳模型到: ./checkpoints/best_model_mp.pth

============================================================
Epoch 3/100
============================================================
Epoch: 2 [0/391] Loss: 4.1374 | Acc: 6.25% | Time: 0.0444s | GPU Mem: [GPU1:0.00GB, GPU2:0.02GB, GPU3:0.26GB, GPU5:0.02GB]
Epoch: 2 [100/391] Loss: 3.9678 | Acc: 6.06% | Time: 0.0324s | GPU Mem: [GPU1:0.00GB, GPU2:0.02GB, GPU3:0.26GB, GPU5:0.02GB]
Epoch: 2 [200/391] Loss: 4.0589 | Acc: 6.48% | Time: 0.0324s | GPU Mem: [GPU1:0.00GB, GPU2:0.02GB, GPU3:0.26GB, GPU5:0.02GB]
Epoch: 2 [300/391] Loss: 4.0004 | Acc: 7.02% | Time: 0.0250s | GPU Mem: [GPU1:0.00GB, GPU2:0.02GB, GPU3:0.26GB, GPU5:0.02GB]

训练 - Loss: 3.9401, Acc: 7.47%
测试 - Loss: 3.8163, Acc: 9.69%
学习率: 0.100000, 时间: 24.09s
GPU内存使用:
  GPU 1 - 已分配: 0.00GB, 已保留: 0.15GB
  GPU 2 - 已分配: 0.02GB, 已保留: 2.71GB
  GPU 3 - 已分配: 0.25GB, 已保留: 1.37GB
  GPU 5 - 已分配: 0.02GB, 已保留: 0.06GB
最佳准确率更新: 5.90% -> 9.69%
保存最佳模型到: ./checkpoints/best_model_mp.pth

============================================================
Epoch 4/100
============================================================
Epoch: 3 [0/391] Loss: 3.7877 | Acc: 9.38% | Time: 0.0369s | GPU Mem: [GPU1:0.00GB, GPU2:0.02GB, GPU3:0.26GB, GPU5:0.02GB]
Epoch: 3 [100/391] Loss: 3.7691 | Acc: 10.20% | Time: 0.0276s | GPU Mem: [GPU1:0.00GB, GPU2:0.02GB, GPU3:0.26GB, GPU5:0.02GB]
Epoch: 3 [200/391] Loss: 3.8621 | Acc: 10.74% | Time: 0.0285s | GPU Mem: [GPU1:0.00GB, GPU2:0.02GB, GPU3:0.26GB, GPU5:0.02GB]
Epoch: 3 [300/391] Loss: 3.6814 | Acc: 11.37% | Time: 0.0287s | GPU Mem: [GPU1:0.00GB, GPU2:0.02GB, GPU3:0.26GB, GPU5:0.02GB]

训练 - Loss: 3.6645, Acc: 11.89%
测试 - Loss: 3.4961, Acc: 15.31%
学习率: 0.100000, 时间: 24.10s
GPU内存使用:
  GPU 1 - 已分配: 0.00GB, 已保留: 0.15GB
  GPU 2 - 已分配: 0.02GB, 已保留: 2.71GB
  GPU 3 - 已分配: 0.26GB, 已保留: 1.37GB
  GPU 5 - 已分配: 0.02GB, 已保留: 0.06GB
最佳准确率更新: 9.69% -> 15.31%
保存最佳模型到: ./checkpoints/best_model_mp.pth

============================================================
Epoch 5/100
============================================================
Epoch: 4 [0/391] Loss: 3.6072 | Acc: 17.19% | Time: 0.0427s | GPU Mem: [GPU1:0.00GB, GPU2:0.02GB, GPU3:0.25GB, GPU5:0.02GB]
Epoch: 4 [100/391] Loss: 3.7105 | Acc: 15.91% | Time: 0.0314s | GPU Mem: [GPU1:0.00GB, GPU2:0.02GB, GPU3:0.26GB, GPU5:0.02GB]
Epoch: 4 [200/391] Loss: 3.5582 | Acc: 16.18% | Time: 0.0274s | GPU Mem: [GPU1:0.00GB, GPU2:0.02GB, GPU3:0.26GB, GPU5:0.02GB]
Epoch: 4 [300/391] Loss: 3.3163 | Acc: 16.69% | Time: 0.0315s | GPU Mem: [GPU1:0.00GB, GPU2:0.02GB, GPU3:0.26GB, GPU5:0.02GB]

训练 - Loss: 3.3807, Acc: 17.29%
测试 - Loss: 3.2764, Acc: 20.37%
学习率: 0.100000, 时间: 24.12s
GPU内存使用:
  GPU 1 - 已分配: 0.00GB, 已保留: 0.15GB
  GPU 2 - 已分配: 0.02GB, 已保留: 2.71GB
  GPU 3 - 已分配: 0.26GB, 已保留: 1.37GB
  GPU 5 - 已分配: 0.02GB, 已保留: 0.06GB
最佳准确率更新: 15.31% -> 20.37%
保存最佳模型到: ./checkpoints/best_model_mp.pth

============================================================
Epoch 6/100
============================================================
Epoch: 5 [0/391] Loss: 3.5897 | Acc: 13.28% | Time: 0.0399s | GPU Mem: [GPU1:0.00GB, GPU2:0.02GB, GPU3:0.26GB, GPU5:0.02GB]
Epoch: 5 [100/391] Loss: 3.1693 | Acc: 20.30% | Time: 0.0293s | GPU Mem: [GPU1:0.00GB, GPU2:0.02GB, GPU3:0.26GB, GPU5:0.02GB]
Epoch: 5 [200/391] Loss: 3.2821 | Acc: 21.42% | Time: 0.0322s | GPU Mem: [GPU1:0.00GB, GPU2:0.02GB, GPU3:0.26GB, GPU5:0.02GB]
Epoch: 5 [300/391] Loss: 3.0171 | Acc: 22.30% | Time: 0.0347s | GPU Mem: [GPU1:0.00GB, GPU2:0.02GB, GPU3:0.26GB, GPU5:0.02GB]

训练 - Loss: 3.0581, Acc: 23.00%
测试 - Loss: 3.0367, Acc: 24.89%
学习率: 0.100000, 时间: 24.11s
GPU内存使用:
  GPU 1 - 已分配: 0.00GB, 已保留: 0.15GB
  GPU 2 - 已分配: 0.02GB, 已保留: 2.71GB
  GPU 3 - 已分配: 0.26GB, 已保留: 1.37GB
  GPU 5 - 已分配: 0.02GB, 已保留: 0.06GB
最佳准确率更新: 20.37% -> 24.89%
保存最佳模型到: ./checkpoints/best_model_mp.pth

============================================================
Epoch 7/100
============================================================
Epoch: 6 [0/391] Loss: 2.9653 | Acc: 25.00% | Time: 0.0412s | GPU Mem: [GPU1:0.00GB, GPU2:0.02GB, GPU3:0.26GB, GPU5:0.02GB]
Epoch: 6 [100/391] Loss: 2.7307 | Acc: 26.82% | Time: 0.0264s | GPU Mem: [GPU1:0.00GB, GPU2:0.02GB, GPU3:0.26GB, GPU5:0.02GB]
Epoch: 6 [200/391] Loss: 2.8594 | Acc: 27.39% | Time: 0.0279s | GPU Mem: [GPU1:0.00GB, GPU2:0.02GB, GPU3:0.26GB, GPU5:0.02GB]
Epoch: 6 [300/391] Loss: 2.8461 | Acc: 28.10% | Time: 0.0251s | GPU Mem: [GPU1:0.00GB, GPU2:0.02GB, GPU3:0.26GB, GPU5:0.02GB]

训练 - Loss: 2.7657, Acc: 28.95%
测试 - Loss: 3.1067, Acc: 26.00%
学习率: 0.100000, 时间: 24.11s
GPU内存使用:
  GPU 1 - 已分配: 0.00GB, 已保留: 0.15GB
  GPU 2 - 已分配: 0.02GB, 已保留: 2.71GB
  GPU 3 - 已分配: 0.26GB, 已保留: 1.37GB
  GPU 5 - 已分配: 0.02GB, 已保留: 0.06GB
最佳准确率更新: 24.89% -> 26.00%
保存最佳模型到: ./checkpoints/best_model_mp.pth

============================================================
Epoch 8/100
============================================================
Epoch: 7 [0/391] Loss: 2.6142 | Acc: 28.91% | Time: 0.0329s | GPU Mem: [GPU1:0.00GB, GPU2:0.02GB, GPU3:0.26GB, GPU5:0.02GB]
Epoch: 7 [100/391] Loss: 2.4586 | Acc: 32.20% | Time: 0.0386s | GPU Mem: [GPU1:0.00GB, GPU2:0.02GB, GPU3:0.26GB, GPU5:0.02GB]
Epoch: 7 [200/391] Loss: 2.5256 | Acc: 32.85% | Time: 0.0237s | GPU Mem: [GPU1:0.00GB, GPU2:0.02GB, GPU3:0.26GB, GPU5:0.02GB]
Epoch: 7 [300/391] Loss: 2.4688 | Acc: 33.10% | Time: 0.0308s | GPU Mem: [GPU1:0.00GB, GPU2:0.02GB, GPU3:0.26GB, GPU5:0.02GB]

训练 - Loss: 2.5196, Acc: 33.70%
测试 - Loss: 2.4946, Acc: 34.99%
学习率: 0.100000, 时间: 24.12s
GPU内存使用:
  GPU 1 - 已分配: 0.00GB, 已保留: 0.15GB
  GPU 2 - 已分配: 0.02GB, 已保留: 2.71GB
  GPU 3 - 已分配: 0.25GB, 已保留: 1.37GB
  GPU 5 - 已分配: 0.02GB, 已保留: 0.06GB
最佳准确率更新: 26.00% -> 34.99%
保存最佳模型到: ./checkpoints/best_model_mp.pth

============================================================
Epoch 9/100
============================================================
Epoch: 8 [0/391] Loss: 2.4922 | Acc: 28.12% | Time: 0.0393s | GPU Mem: [GPU1:0.00GB, GPU2:0.02GB, GPU3:0.26GB, GPU5:0.02GB]
Epoch: 8 [100/391] Loss: 2.3103 | Acc: 36.82% | Time: 0.0284s | GPU Mem: [GPU1:0.00GB, GPU2:0.02GB, GPU3:0.26GB, GPU5:0.02GB]
Epoch: 8 [200/391] Loss: 2.4330 | Acc: 37.23% | Time: 0.0288s | GPU Mem: [GPU1:0.00GB, GPU2:0.02GB, GPU3:0.26GB, GPU5:0.02GB]
Epoch: 8 [300/391] Loss: 2.2414 | Acc: 37.47% | Time: 0.0270s | GPU Mem: [GPU1:0.00GB, GPU2:0.02GB, GPU3:0.26GB, GPU5:0.02GB]

训练 - Loss: 2.3193, Acc: 37.97%
测试 - Loss: 2.5835, Acc: 34.37%
学习率: 0.100000, 时间: 24.11s
GPU内存使用:
  GPU 1 - 已分配: 0.00GB, 已保留: 0.15GB
  GPU 2 - 已分配: 0.02GB, 已保留: 2.71GB
  GPU 3 - 已分配: 0.26GB, 已保留: 1.37GB
  GPU 5 - 已分配: 0.02GB, 已保留: 0.06GB

============================================================
Epoch 10/100
============================================================
Epoch: 9 [0/391] Loss: 1.9490 | Acc: 50.78% | Time: 0.0318s | GPU Mem: [GPU1:0.00GB, GPU2:0.02GB, GPU3:0.26GB, GPU5:0.02GB]
Epoch: 9 [100/391] Loss: 2.2455 | Acc: 41.49% | Time: 0.0228s | GPU Mem: [GPU1:0.00GB, GPU2:0.02GB, GPU3:0.26GB, GPU5:0.02GB]
Epoch: 9 [200/391] Loss: 2.0115 | Acc: 41.61% | Time: 0.0314s | GPU Mem: [GPU1:0.00GB, GPU2:0.02GB, GPU3:0.26GB, GPU5:0.02GB]
Epoch: 9 [300/391] Loss: 2.2005 | Acc: 41.93% | Time: 0.0274s | GPU Mem: [GPU1:0.00GB, GPU2:0.02GB, GPU3:0.26GB, GPU5:0.02GB]

训练 - Loss: 2.1313, Acc: 42.33%
测试 - Loss: 2.3195, Acc: 38.87%
学习率: 0.100000, 时间: 24.11s
GPU内存使用:
  GPU 1 - 已分配: 0.00GB, 已保留: 0.15GB
  GPU 2 - 已分配: 0.02GB, 已保留: 2.71GB
  GPU 3 - 已分配: 0.26GB, 已保留: 1.37GB
  GPU 5 - 已分配: 0.02GB, 已保留: 0.06GB
最佳准确率更新: 34.99% -> 38.87%
保存最佳模型到: ./checkpoints/best_model_mp.pth
保存checkpoint到: ./checkpoints/checkpoint_mp_epoch_10.pth

============================================================
Epoch 11/100
============================================================
Epoch: 10 [0/391] Loss: 1.9954 | Acc: 49.22% | Time: 0.0400s | GPU Mem: [GPU1:0.00GB, GPU2:0.02GB, GPU3:0.26GB, GPU5:0.02GB]
Epoch: 10 [100/391] Loss: 1.9829 | Acc: 45.42% | Time: 0.0291s | GPU Mem: [GPU1:0.00GB, GPU2:0.02GB, GPU3:0.26GB, GPU5:0.02GB]
Epoch: 10 [200/391] Loss: 1.9956 | Acc: 45.21% | Time: 0.0250s | GPU Mem: [GPU1:0.00GB, GPU2:0.02GB, GPU3:0.26GB, GPU5:0.02GB]
Epoch: 10 [300/391] Loss: 2.1020 | Acc: 45.35% | Time: 0.0304s | GPU Mem: [GPU1:0.00GB, GPU2:0.02GB, GPU3:0.26GB, GPU5:0.02GB]

训练 - Loss: 1.9954, Acc: 45.45%
测试 - Loss: 2.5432, Acc: 36.95%
学习率: 0.100000, 时间: 24.14s
GPU内存使用:
  GPU 1 - 已分配: 0.00GB, 已保留: 0.15GB
  GPU 2 - 已分配: 0.02GB, 已保留: 2.71GB
  GPU 3 - 已分配: 0.25GB, 已保留: 1.37GB
  GPU 5 - 已分配: 0.02GB, 已保留: 0.06GB

============================================================
Epoch 12/100
============================================================
Epoch: 11 [0/391] Loss: 1.9079 | Acc: 49.22% | Time: 0.0356s | GPU Mem: [GPU1:0.00GB, GPU2:0.02GB, GPU3:0.26GB, GPU5:0.02GB]
Epoch: 11 [100/391] Loss: 2.0728 | Acc: 46.91% | Time: 0.0295s | GPU Mem: [GPU1:0.00GB, GPU2:0.02GB, GPU3:0.25GB, GPU5:0.02GB]
Epoch: 11 [200/391] Loss: 1.7479 | Acc: 47.45% | Time: 0.0229s | GPU Mem: [GPU1:0.00GB, GPU2:0.02GB, GPU3:0.25GB, GPU5:0.02GB]
Epoch: 11 [300/391] Loss: 2.1920 | Acc: 47.55% | Time: 0.0286s | GPU Mem: [GPU1:0.00GB, GPU2:0.02GB, GPU3:0.25GB, GPU5:0.02GB]

训练 - Loss: 1.8883, Acc: 47.83%
测试 - Loss: 2.3586, Acc: 39.58%
学习率: 0.100000, 时间: 24.11s
GPU内存使用:
  GPU 1 - 已分配: 0.00GB, 已保留: 0.15GB
  GPU 2 - 已分配: 0.02GB, 已保留: 2.71GB
  GPU 3 - 已分配: 0.26GB, 已保留: 1.37GB
  GPU 5 - 已分配: 0.02GB, 已保留: 0.06GB
最佳准确率更新: 38.87% -> 39.58%
保存最佳模型到: ./checkpoints/best_model_mp.pth

============================================================
Epoch 13/100
============================================================
Epoch: 12 [0/391] Loss: 1.6586 | Acc: 50.00% | Time: 0.0398s | GPU Mem: [GPU1:0.00GB, GPU2:0.02GB, GPU3:0.26GB, GPU5:0.02GB]
Epoch: 12 [100/391] Loss: 1.8830 | Acc: 50.00% | Time: 0.0291s | GPU Mem: [GPU1:0.00GB, GPU2:0.02GB, GPU3:0.26GB, GPU5:0.02GB]
Epoch: 12 [200/391] Loss: 1.6207 | Acc: 49.97% | Time: 0.0243s | GPU Mem: [GPU1:0.00GB, GPU2:0.02GB, GPU3:0.26GB, GPU5:0.02GB]
Epoch: 12 [300/391] Loss: 1.6614 | Acc: 49.90% | Time: 0.0272s | GPU Mem: [GPU1:0.00GB, GPU2:0.02GB, GPU3:0.26GB, GPU5:0.02GB]

训练 - Loss: 1.8012, Acc: 49.94%
测试 - Loss: 2.0361, Acc: 45.55%
学习率: 0.100000, 时间: 24.11s
GPU内存使用:
  GPU 1 - 已分配: 0.00GB, 已保留: 0.15GB
  GPU 2 - 已分配: 0.02GB, 已保留: 2.71GB
  GPU 3 - 已分配: 0.26GB, 已保留: 1.37GB
  GPU 5 - 已分配: 0.02GB, 已保留: 0.06GB
最佳准确率更新: 39.58% -> 45.55%
保存最佳模型到: ./checkpoints/best_model_mp.pth

============================================================
Epoch 14/100
============================================================
Epoch: 13 [0/391] Loss: 1.9192 | Acc: 49.22% | Time: 0.0430s | GPU Mem: [GPU1:0.00GB, GPU2:0.02GB, GPU3:0.26GB, GPU5:0.02GB]
Epoch: 13 [100/391] Loss: 1.8669 | Acc: 52.09% | Time: 0.0366s | GPU Mem: [GPU1:0.00GB, GPU2:0.02GB, GPU3:0.26GB, GPU5:0.02GB]
Epoch: 13 [200/391] Loss: 1.8985 | Acc: 51.73% | Time: 0.0278s | GPU Mem: [GPU1:0.00GB, GPU2:0.02GB, GPU3:0.26GB, GPU5:0.02GB]
Epoch: 13 [300/391] Loss: 1.5597 | Acc: 51.57% | Time: 0.0308s | GPU Mem: [GPU1:0.00GB, GPU2:0.02GB, GPU3:0.26GB, GPU5:0.02GB]

训练 - Loss: 1.7319, Acc: 51.58%
测试 - Loss: 2.3938, Acc: 40.08%
学习率: 0.100000, 时间: 24.10s
GPU内存使用:
  GPU 1 - 已分配: 0.00GB, 已保留: 0.15GB
  GPU 2 - 已分配: 0.02GB, 已保留: 2.71GB
  GPU 3 - 已分配: 0.26GB, 已保留: 1.37GB
  GPU 5 - 已分配: 0.02GB, 已保留: 0.06GB

============================================================
Epoch 15/100
============================================================
Epoch: 14 [0/391] Loss: 1.6679 | Acc: 50.00% | Time: 0.0342s | GPU Mem: [GPU1:0.00GB, GPU2:0.02GB, GPU3:0.26GB, GPU5:0.02GB]
Epoch: 14 [100/391] Loss: 1.6169 | Acc: 53.73% | Time: 0.0372s | GPU Mem: [GPU1:0.00GB, GPU2:0.02GB, GPU3:0.26GB, GPU5:0.02GB]
Epoch: 14 [200/391] Loss: 1.9147 | Acc: 53.32% | Time: 0.0225s | GPU Mem: [GPU1:0.00GB, GPU2:0.02GB, GPU3:0.26GB, GPU5:0.02GB]
Epoch: 14 [300/391] Loss: 1.8449 | Acc: 52.97% | Time: 0.0303s | GPU Mem: [GPU1:0.00GB, GPU2:0.02GB, GPU3:0.26GB, GPU5:0.02GB]

训练 - Loss: 1.6650, Acc: 53.15%
测试 - Loss: 1.8604, Acc: 50.27%
学习率: 0.100000, 时间: 24.10s
GPU内存使用:
  GPU 1 - 已分配: 0.00GB, 已保留: 0.15GB
  GPU 2 - 已分配: 0.02GB, 已保留: 2.71GB
  GPU 3 - 已分配: 0.26GB, 已保留: 1.37GB
  GPU 5 - 已分配: 0.02GB, 已保留: 0.06GB
最佳准确率更新: 45.55% -> 50.27%
保存最佳模型到: ./checkpoints/best_model_mp.pth

============================================================
Epoch 16/100
============================================================
Epoch: 15 [0/391] Loss: 1.5138 | Acc: 58.59% | Time: 0.0349s | GPU Mem: [GPU1:0.00GB, GPU2:0.02GB, GPU3:0.25GB, GPU5:0.02GB]
Epoch: 15 [100/391] Loss: 1.4330 | Acc: 55.42% | Time: 0.0258s | GPU Mem: [GPU1:0.00GB, GPU2:0.02GB, GPU3:0.26GB, GPU5:0.02GB]
Epoch: 15 [200/391] Loss: 1.7599 | Acc: 54.68% | Time: 0.0413s | GPU Mem: [GPU1:0.00GB, GPU2:0.02GB, GPU3:0.26GB, GPU5:0.02GB]
Epoch: 15 [300/391] Loss: 1.4561 | Acc: 54.89% | Time: 0.0519s | GPU Mem: [GPU1:0.00GB, GPU2:0.02GB, GPU3:0.26GB, GPU5:0.02GB]

训练 - Loss: 1.6028, Acc: 54.95%
测试 - Loss: 2.0097, Acc: 47.72%
学习率: 0.100000, 时间: 24.12s
GPU内存使用:
  GPU 1 - 已分配: 0.00GB, 已保留: 0.15GB
  GPU 2 - 已分配: 0.02GB, 已保留: 2.71GB
  GPU 3 - 已分配: 0.26GB, 已保留: 1.37GB
  GPU 5 - 已分配: 0.02GB, 已保留: 0.06GB

============================================================
Epoch 17/100
============================================================
Epoch: 16 [0/391] Loss: 1.5711 | Acc: 50.00% | Time: 0.0380s | GPU Mem: [GPU1:0.00GB, GPU2:0.02GB, GPU3:0.26GB, GPU5:0.02GB]
Epoch: 16 [100/391] Loss: 1.5434 | Acc: 56.37% | Time: 0.0280s | GPU Mem: [GPU1:0.00GB, GPU2:0.02GB, GPU3:0.26GB, GPU5:0.02GB]
Epoch: 16 [200/391] Loss: 1.8360 | Acc: 56.23% | Time: 0.0289s | GPU Mem: [GPU1:0.00GB, GPU2:0.02GB, GPU3:0.26GB, GPU5:0.02GB]
Epoch: 16 [300/391] Loss: 1.6452 | Acc: 55.89% | Time: 0.0288s | GPU Mem: [GPU1:0.00GB, GPU2:0.02GB, GPU3:0.26GB, GPU5:0.02GB]

训练 - Loss: 1.5687, Acc: 55.87%
测试 - Loss: 1.8391, Acc: 50.81%
学习率: 0.100000, 时间: 24.09s
GPU内存使用:
  GPU 1 - 已分配: 0.00GB, 已保留: 0.15GB
  GPU 2 - 已分配: 0.02GB, 已保留: 2.71GB
  GPU 3 - 已分配: 0.25GB, 已保留: 1.37GB
  GPU 5 - 已分配: 0.02GB, 已保留: 0.06GB
最佳准确率更新: 50.27% -> 50.81%
保存最佳模型到: ./checkpoints/best_model_mp.pth

============================================================
Epoch 18/100
============================================================
Epoch: 17 [0/391] Loss: 1.3451 | Acc: 60.94% | Time: 0.0345s | GPU Mem: [GPU1:0.00GB, GPU2:0.02GB, GPU3:0.26GB, GPU5:0.02GB]
Epoch: 17 [100/391] Loss: 1.6374 | Acc: 57.50% | Time: 0.0323s | GPU Mem: [GPU1:0.00GB, GPU2:0.02GB, GPU3:0.26GB, GPU5:0.02GB]
Epoch: 17 [200/391] Loss: 1.5999 | Acc: 57.11% | Time: 0.0276s | GPU Mem: [GPU1:0.00GB, GPU2:0.02GB, GPU3:0.26GB, GPU5:0.02GB]
Epoch: 17 [300/391] Loss: 1.6970 | Acc: 56.78% | Time: 0.0267s | GPU Mem: [GPU1:0.00GB, GPU2:0.02GB, GPU3:0.26GB, GPU5:0.02GB]

训练 - Loss: 1.5318, Acc: 56.61%
测试 - Loss: 1.9858, Acc: 47.72%
学习率: 0.100000, 时间: 24.11s
GPU内存使用:
  GPU 1 - 已分配: 0.00GB, 已保留: 0.15GB
  GPU 2 - 已分配: 0.02GB, 已保留: 2.71GB
  GPU 3 - 已分配: 0.26GB, 已保留: 1.37GB
  GPU 5 - 已分配: 0.02GB, 已保留: 0.06GB

============================================================
Epoch 19/100
============================================================
Epoch: 18 [0/391] Loss: 1.4682 | Acc: 58.59% | Time: 0.0318s | GPU Mem: [GPU1:0.00GB, GPU2:0.02GB, GPU3:0.26GB, GPU5:0.02GB]
Epoch: 18 [100/391] Loss: 1.3481 | Acc: 58.61% | Time: 0.0311s | GPU Mem: [GPU1:0.00GB, GPU2:0.02GB, GPU3:0.26GB, GPU5:0.02GB]
Epoch: 18 [200/391] Loss: 1.4352 | Acc: 58.32% | Time: 0.0339s | GPU Mem: [GPU1:0.00GB, GPU2:0.02GB, GPU3:0.26GB, GPU5:0.02GB]
Epoch: 18 [300/391] Loss: 1.4909 | Acc: 57.96% | Time: 0.0292s | GPU Mem: [GPU1:0.00GB, GPU2:0.02GB, GPU3:0.26GB, GPU5:0.02GB]

训练 - Loss: 1.4935, Acc: 57.63%
测试 - Loss: 2.0464, Acc: 46.86%
学习率: 0.100000, 时间: 24.11s
GPU内存使用:
  GPU 1 - 已分配: 0.00GB, 已保留: 0.15GB
  GPU 2 - 已分配: 0.02GB, 已保留: 2.71GB
  GPU 3 - 已分配: 0.25GB, 已保留: 1.37GB
  GPU 5 - 已分配: 0.02GB, 已保留: 0.06GB

============================================================
Epoch 20/100
============================================================
Epoch: 19 [0/391] Loss: 1.7550 | Acc: 50.78% | Time: 0.0331s | GPU Mem: [GPU1:0.00GB, GPU2:0.02GB, GPU3:0.25GB, GPU5:0.02GB]
Epoch: 19 [100/391] Loss: 1.4916 | Acc: 59.16% | Time: 0.0314s | GPU Mem: [GPU1:0.00GB, GPU2:0.02GB, GPU3:0.25GB, GPU5:0.02GB]
Epoch: 19 [200/391] Loss: 1.2799 | Acc: 59.18% | Time: 0.0270s | GPU Mem: [GPU1:0.00GB, GPU2:0.02GB, GPU3:0.25GB, GPU5:0.02GB]
Epoch: 19 [300/391] Loss: 1.7334 | Acc: 58.77% | Time: 0.0289s | GPU Mem: [GPU1:0.00GB, GPU2:0.02GB, GPU3:0.25GB, GPU5:0.02GB]

训练 - Loss: 1.4531, Acc: 58.43%
测试 - Loss: 1.8755, Acc: 49.95%
学习率: 0.100000, 时间: 24.11s
GPU内存使用:
  GPU 1 - 已分配: 0.00GB, 已保留: 0.15GB
  GPU 2 - 已分配: 0.02GB, 已保留: 2.71GB
  GPU 3 - 已分配: 0.25GB, 已保留: 1.37GB
  GPU 5 - 已分配: 0.02GB, 已保留: 0.06GB
保存checkpoint到: ./checkpoints/checkpoint_mp_epoch_20.pth

============================================================
Epoch 21/100
============================================================
Epoch: 20 [0/391] Loss: 1.4164 | Acc: 57.03% | Time: 0.0346s | GPU Mem: [GPU1:0.00GB, GPU2:0.02GB, GPU3:0.26GB, GPU5:0.02GB]
Epoch: 20 [100/391] Loss: 1.5469 | Acc: 60.13% | Time: 0.0285s | GPU Mem: [GPU1:0.00GB, GPU2:0.02GB, GPU3:0.26GB, GPU5:0.02GB]
Epoch: 20 [200/391] Loss: 1.5300 | Acc: 59.90% | Time: 0.0297s | GPU Mem: [GPU1:0.00GB, GPU2:0.02GB, GPU3:0.26GB, GPU5:0.02GB]
Epoch: 20 [300/391] Loss: 1.3922 | Acc: 59.68% | Time: 0.0235s | GPU Mem: [GPU1:0.00GB, GPU2:0.02GB, GPU3:0.26GB, GPU5:0.02GB]

训练 - Loss: 1.4271, Acc: 59.53%
测试 - Loss: 2.2926, Acc: 44.80%
学习率: 0.100000, 时间: 24.11s
GPU内存使用:
  GPU 1 - 已分配: 0.00GB, 已保留: 0.15GB
  GPU 2 - 已分配: 0.02GB, 已保留: 2.71GB
  GPU 3 - 已分配: 0.26GB, 已保留: 1.37GB
  GPU 5 - 已分配: 0.02GB, 已保留: 0.06GB

============================================================
Epoch 22/100
============================================================
Epoch: 21 [0/391] Loss: 1.4411 | Acc: 57.81% | Time: 0.0296s | GPU Mem: [GPU1:0.00GB, GPU2:0.02GB, GPU3:0.26GB, GPU5:0.02GB]
Epoch: 21 [100/391] Loss: 1.4201 | Acc: 61.05% | Time: 0.0246s | GPU Mem: [GPU1:0.00GB, GPU2:0.02GB, GPU3:0.26GB, GPU5:0.02GB]
Epoch: 21 [200/391] Loss: 1.3883 | Acc: 60.60% | Time: 0.0251s | GPU Mem: [GPU1:0.00GB, GPU2:0.02GB, GPU3:0.26GB, GPU5:0.02GB]
Epoch: 21 [300/391] Loss: 1.3217 | Acc: 60.08% | Time: 0.0282s | GPU Mem: [GPU1:0.00GB, GPU2:0.02GB, GPU3:0.26GB, GPU5:0.02GB]

训练 - Loss: 1.3973, Acc: 60.03%
测试 - Loss: 1.6948, Acc: 53.54%
学习率: 0.100000, 时间: 24.10s
GPU内存使用:
  GPU 1 - 已分配: 0.00GB, 已保留: 0.15GB
  GPU 2 - 已分配: 0.02GB, 已保留: 2.71GB
  GPU 3 - 已分配: 0.26GB, 已保留: 1.37GB
  GPU 5 - 已分配: 0.02GB, 已保留: 0.06GB
最佳准确率更新: 50.81% -> 53.54%
保存最佳模型到: ./checkpoints/best_model_mp.pth

============================================================
Epoch 23/100
============================================================
Epoch: 22 [0/391] Loss: 1.4146 | Acc: 58.59% | Time: 0.0373s | GPU Mem: [GPU1:0.00GB, GPU2:0.02GB, GPU3:0.26GB, GPU5:0.02GB]
Epoch: 22 [100/391] Loss: 1.1350 | Acc: 61.19% | Time: 0.0346s | GPU Mem: [GPU1:0.00GB, GPU2:0.02GB, GPU3:0.26GB, GPU5:0.02GB]
Epoch: 22 [200/391] Loss: 1.2799 | Acc: 61.50% | Time: 0.0342s | GPU Mem: [GPU1:0.00GB, GPU2:0.02GB, GPU3:0.26GB, GPU5:0.02GB]
Epoch: 22 [300/391] Loss: 1.4003 | Acc: 61.09% | Time: 0.0237s | GPU Mem: [GPU1:0.00GB, GPU2:0.02GB, GPU3:0.26GB, GPU5:0.02GB]

训练 - Loss: 1.3689, Acc: 60.95%
测试 - Loss: 1.6841, Acc: 54.58%
学习率: 0.100000, 时间: 24.11s
GPU内存使用:
  GPU 1 - 已分配: 0.00GB, 已保留: 0.15GB
  GPU 2 - 已分配: 0.02GB, 已保留: 2.71GB
  GPU 3 - 已分配: 0.26GB, 已保留: 1.37GB
  GPU 5 - 已分配: 0.02GB, 已保留: 0.06GB
最佳准确率更新: 53.54% -> 54.58%
保存最佳模型到: ./checkpoints/best_model_mp.pth

============================================================
Epoch 24/100
============================================================
Epoch: 23 [0/391] Loss: 1.1442 | Acc: 67.19% | Time: 0.0416s | GPU Mem: [GPU1:0.00GB, GPU2:0.02GB, GPU3:0.26GB, GPU5:0.02GB]
Epoch: 23 [100/391] Loss: 1.2463 | Acc: 62.28% | Time: 0.0238s | GPU Mem: [GPU1:0.00GB, GPU2:0.02GB, GPU3:0.26GB, GPU5:0.02GB]
Epoch: 23 [200/391] Loss: 1.3575 | Acc: 61.77% | Time: 0.0246s | GPU Mem: [GPU1:0.00GB, GPU2:0.02GB, GPU3:0.26GB, GPU5:0.02GB]
Epoch: 23 [300/391] Loss: 1.0353 | Acc: 61.23% | Time: 0.0306s | GPU Mem: [GPU1:0.00GB, GPU2:0.02GB, GPU3:0.26GB, GPU5:0.02GB]

训练 - Loss: 1.3645, Acc: 60.98%
测试 - Loss: 1.7300, Acc: 53.88%
学习率: 0.100000, 时间: 24.11s
GPU内存使用:
  GPU 1 - 已分配: 0.00GB, 已保留: 0.15GB
  GPU 2 - 已分配: 0.02GB, 已保留: 2.71GB
  GPU 3 - 已分配: 0.26GB, 已保留: 1.37GB
  GPU 5 - 已分配: 0.02GB, 已保留: 0.06GB

============================================================
Epoch 25/100
============================================================
Epoch: 24 [0/391] Loss: 1.3554 | Acc: 62.50% | Time: 0.0394s | GPU Mem: [GPU1:0.00GB, GPU2:0.02GB, GPU3:0.26GB, GPU5:0.02GB]
Epoch: 24 [100/391] Loss: 1.1827 | Acc: 62.93% | Time: 0.0301s | GPU Mem: [GPU1:0.00GB, GPU2:0.02GB, GPU3:0.26GB, GPU5:0.02GB]
Epoch: 24 [200/391] Loss: 1.3059 | Acc: 62.10% | Time: 0.0317s | GPU Mem: [GPU1:0.00GB, GPU2:0.02GB, GPU3:0.26GB, GPU5:0.02GB]
Epoch: 24 [300/391] Loss: 1.1481 | Acc: 61.73% | Time: 0.0272s | GPU Mem: [GPU1:0.00GB, GPU2:0.02GB, GPU3:0.26GB, GPU5:0.02GB]

训练 - Loss: 1.3378, Acc: 61.51%
测试 - Loss: 1.8750, Acc: 50.48%
学习率: 0.100000, 时间: 24.11s
GPU内存使用:
  GPU 1 - 已分配: 0.00GB, 已保留: 0.15GB
  GPU 2 - 已分配: 0.02GB, 已保留: 2.71GB
  GPU 3 - 已分配: 0.26GB, 已保留: 1.37GB
  GPU 5 - 已分配: 0.02GB, 已保留: 0.06GB

============================================================
Epoch 26/100
============================================================
Epoch: 25 [0/391] Loss: 1.2932 | Acc: 64.84% | Time: 0.0362s | GPU Mem: [GPU1:0.00GB, GPU2:0.02GB, GPU3:0.26GB, GPU5:0.02GB]
Epoch: 25 [100/391] Loss: 1.1848 | Acc: 62.55% | Time: 0.0292s | GPU Mem: [GPU1:0.00GB, GPU2:0.02GB, GPU3:0.26GB, GPU5:0.02GB]
Epoch: 25 [200/391] Loss: 1.2671 | Acc: 62.47% | Time: 0.0311s | GPU Mem: [GPU1:0.00GB, GPU2:0.02GB, GPU3:0.26GB, GPU5:0.02GB]
Epoch: 25 [300/391] Loss: 1.3987 | Acc: 62.12% | Time: 0.0289s | GPU Mem: [GPU1:0.00GB, GPU2:0.02GB, GPU3:0.26GB, GPU5:0.02GB]

训练 - Loss: 1.3141, Acc: 62.03%
测试 - Loss: 1.6931, Acc: 54.67%
学习率: 0.100000, 时间: 24.10s
GPU内存使用:
  GPU 1 - 已分配: 0.00GB, 已保留: 0.15GB
  GPU 2 - 已分配: 0.02GB, 已保留: 2.71GB
  GPU 3 - 已分配: 0.26GB, 已保留: 1.37GB
  GPU 5 - 已分配: 0.02GB, 已保留: 0.06GB
最佳准确率更新: 54.58% -> 54.67%
保存最佳模型到: ./checkpoints/best_model_mp.pth

============================================================
Epoch 27/100
============================================================
Epoch: 26 [0/391] Loss: 1.2928 | Acc: 64.06% | Time: 0.0420s | GPU Mem: [GPU1:0.00GB, GPU2:0.02GB, GPU3:0.26GB, GPU5:0.02GB]
Epoch: 26 [100/391] Loss: 1.2177 | Acc: 64.01% | Time: 0.0265s | GPU Mem: [GPU1:0.00GB, GPU2:0.02GB, GPU3:0.26GB, GPU5:0.02GB]
Epoch: 26 [200/391] Loss: 1.3062 | Acc: 63.25% | Time: 0.0263s | GPU Mem: [GPU1:0.00GB, GPU2:0.02GB, GPU3:0.26GB, GPU5:0.02GB]
Epoch: 26 [300/391] Loss: 1.6389 | Acc: 62.79% | Time: 0.0239s | GPU Mem: [GPU1:0.00GB, GPU2:0.02GB, GPU3:0.26GB, GPU5:0.02GB]

训练 - Loss: 1.2948, Acc: 62.79%
测试 - Loss: 2.0674, Acc: 48.68%
学习率: 0.100000, 时间: 24.11s
GPU内存使用:
  GPU 1 - 已分配: 0.00GB, 已保留: 0.15GB
  GPU 2 - 已分配: 0.02GB, 已保留: 2.71GB
  GPU 3 - 已分配: 0.25GB, 已保留: 1.37GB
  GPU 5 - 已分配: 0.02GB, 已保留: 0.06GB

============================================================
Epoch 28/100
============================================================
Epoch: 27 [0/391] Loss: 1.1153 | Acc: 70.31% | Time: 0.0350s | GPU Mem: [GPU1:0.00GB, GPU2:0.02GB, GPU3:0.26GB, GPU5:0.02GB]
Epoch: 27 [100/391] Loss: 1.4253 | Acc: 64.68% | Time: 0.0343s | GPU Mem: [GPU1:0.00GB, GPU2:0.02GB, GPU3:0.26GB, GPU5:0.02GB]
Epoch: 27 [200/391] Loss: 1.1191 | Acc: 63.39% | Time: 0.0303s | GPU Mem: [GPU1:0.00GB, GPU2:0.02GB, GPU3:0.26GB, GPU5:0.02GB]
Epoch: 27 [300/391] Loss: 1.2987 | Acc: 62.94% | Time: 0.0329s | GPU Mem: [GPU1:0.00GB, GPU2:0.02GB, GPU3:0.26GB, GPU5:0.02GB]

训练 - Loss: 1.2877, Acc: 62.95%
测试 - Loss: 1.7351, Acc: 53.31%
学习率: 0.100000, 时间: 24.11s
GPU内存使用:
  GPU 1 - 已分配: 0.00GB, 已保留: 0.15GB
  GPU 2 - 已分配: 0.02GB, 已保留: 2.71GB
  GPU 3 - 已分配: 0.25GB, 已保留: 1.37GB
  GPU 5 - 已分配: 0.02GB, 已保留: 0.06GB

============================================================
Epoch 29/100
============================================================
Epoch: 28 [0/391] Loss: 1.1961 | Acc: 66.41% | Time: 0.0293s | GPU Mem: [GPU1:0.00GB, GPU2:0.02GB, GPU3:0.26GB, GPU5:0.02GB]
Epoch: 28 [100/391] Loss: 1.4574 | Acc: 64.29% | Time: 0.0280s | GPU Mem: [GPU1:0.00GB, GPU2:0.02GB, GPU3:0.26GB, GPU5:0.02GB]
Epoch: 28 [200/391] Loss: 1.3240 | Acc: 63.75% | Time: 0.0316s | GPU Mem: [GPU1:0.00GB, GPU2:0.02GB, GPU3:0.26GB, GPU5:0.02GB]
Epoch: 28 [300/391] Loss: 1.3752 | Acc: 63.50% | Time: 0.0284s | GPU Mem: [GPU1:0.00GB, GPU2:0.02GB, GPU3:0.26GB, GPU5:0.02GB]

训练 - Loss: 1.2788, Acc: 63.10%
测试 - Loss: 1.7991, Acc: 53.30%
学习率: 0.100000, 时间: 24.09s
GPU内存使用:
  GPU 1 - 已分配: 0.00GB, 已保留: 0.15GB
  GPU 2 - 已分配: 0.02GB, 已保留: 2.71GB
  GPU 3 - 已分配: 0.26GB, 已保留: 1.37GB
  GPU 5 - 已分配: 0.02GB, 已保留: 0.06GB

============================================================
Epoch 30/100
============================================================
Epoch: 29 [0/391] Loss: 1.0307 | Acc: 73.44% | Time: 0.0344s | GPU Mem: [GPU1:0.00GB, GPU2:0.02GB, GPU3:0.26GB, GPU5:0.02GB]
Epoch: 29 [100/391] Loss: 1.0472 | Acc: 64.94% | Time: 0.0299s | GPU Mem: [GPU1:0.00GB, GPU2:0.02GB, GPU3:0.25GB, GPU5:0.02GB]
Epoch: 29 [200/391] Loss: 1.1445 | Acc: 64.42% | Time: 0.0317s | GPU Mem: [GPU1:0.00GB, GPU2:0.02GB, GPU3:0.25GB, GPU5:0.02GB]
Epoch: 29 [300/391] Loss: 1.2746 | Acc: 64.04% | Time: 0.0251s | GPU Mem: [GPU1:0.00GB, GPU2:0.02GB, GPU3:0.25GB, GPU5:0.02GB]

训练 - Loss: 1.2606, Acc: 63.77%
测试 - Loss: 1.6926, Acc: 54.76%
学习率: 0.100000, 时间: 24.11s
GPU内存使用:
  GPU 1 - 已分配: 0.00GB, 已保留: 0.15GB
  GPU 2 - 已分配: 0.02GB, 已保留: 2.71GB
  GPU 3 - 已分配: 0.26GB, 已保留: 1.37GB
  GPU 5 - 已分配: 0.02GB, 已保留: 0.06GB
最佳准确率更新: 54.67% -> 54.76%
保存最佳模型到: ./checkpoints/best_model_mp.pth
保存checkpoint到: ./checkpoints/checkpoint_mp_epoch_30.pth

============================================================
Epoch 31/100
============================================================
Epoch: 30 [0/391] Loss: 1.1341 | Acc: 66.41% | Time: 0.0356s | GPU Mem: [GPU1:0.00GB, GPU2:0.02GB, GPU3:0.26GB, GPU5:0.02GB]
Epoch: 30 [100/391] Loss: 1.0978 | Acc: 64.92% | Time: 0.0294s | GPU Mem: [GPU1:0.00GB, GPU2:0.02GB, GPU3:0.26GB, GPU5:0.02GB]
Epoch: 30 [200/391] Loss: 1.4833 | Acc: 64.37% | Time: 0.0284s | GPU Mem: [GPU1:0.00GB, GPU2:0.02GB, GPU3:0.26GB, GPU5:0.02GB]
Epoch: 30 [300/391] Loss: 1.1365 | Acc: 63.80% | Time: 0.0278s | GPU Mem: [GPU1:0.00GB, GPU2:0.02GB, GPU3:0.26GB, GPU5:0.02GB]

训练 - Loss: 1.2544, Acc: 63.59%
测试 - Loss: 1.8724, Acc: 52.37%
学习率: 0.100000, 时间: 24.13s
GPU内存使用:
  GPU 1 - 已分配: 0.00GB, 已保留: 0.15GB
  GPU 2 - 已分配: 0.02GB, 已保留: 2.71GB
  GPU 3 - 已分配: 0.26GB, 已保留: 1.37GB
  GPU 5 - 已分配: 0.02GB, 已保留: 0.06GB

============================================================
Epoch 32/100
============================================================
Epoch: 31 [0/391] Loss: 1.1669 | Acc: 64.06% | Time: 0.0348s | GPU Mem: [GPU1:0.00GB, GPU2:0.02GB, GPU3:0.26GB, GPU5:0.02GB]
Epoch: 31 [100/391] Loss: 1.1689 | Acc: 65.73% | Time: 0.0269s | GPU Mem: [GPU1:0.00GB, GPU2:0.02GB, GPU3:0.26GB, GPU5:0.02GB]
Epoch: 31 [200/391] Loss: 1.0216 | Acc: 65.15% | Time: 0.0266s | GPU Mem: [GPU1:0.00GB, GPU2:0.02GB, GPU3:0.26GB, GPU5:0.02GB]
Epoch: 31 [300/391] Loss: 1.2535 | Acc: 64.50% | Time: 0.0287s | GPU Mem: [GPU1:0.00GB, GPU2:0.02GB, GPU3:0.26GB, GPU5:0.02GB]

训练 - Loss: 1.2385, Acc: 64.31%
测试 - Loss: 2.0341, Acc: 49.20%
学习率: 0.100000, 时间: 24.11s
GPU内存使用:
  GPU 1 - 已分配: 0.00GB, 已保留: 0.15GB
  GPU 2 - 已分配: 0.02GB, 已保留: 2.71GB
  GPU 3 - 已分配: 0.26GB, 已保留: 1.37GB
  GPU 5 - 已分配: 0.02GB, 已保留: 0.06GB

============================================================
Epoch 33/100
============================================================
Epoch: 32 [0/391] Loss: 1.2875 | Acc: 61.72% | Time: 0.0375s | GPU Mem: [GPU1:0.00GB, GPU2:0.02GB, GPU3:0.26GB, GPU5:0.02GB]
Epoch: 32 [100/391] Loss: 0.9868 | Acc: 64.88% | Time: 0.0295s | GPU Mem: [GPU1:0.00GB, GPU2:0.02GB, GPU3:0.26GB, GPU5:0.02GB]
Epoch: 32 [200/391] Loss: 0.9559 | Acc: 64.72% | Time: 0.0328s | GPU Mem: [GPU1:0.00GB, GPU2:0.02GB, GPU3:0.26GB, GPU5:0.02GB]
Epoch: 32 [300/391] Loss: 1.4731 | Acc: 64.60% | Time: 0.0286s | GPU Mem: [GPU1:0.00GB, GPU2:0.02GB, GPU3:0.26GB, GPU5:0.02GB]

训练 - Loss: 1.2302, Acc: 64.34%
测试 - Loss: 1.5793, Acc: 57.53%
学习率: 0.100000, 时间: 24.10s
GPU内存使用:
  GPU 1 - 已分配: 0.00GB, 已保留: 0.15GB
  GPU 2 - 已分配: 0.02GB, 已保留: 2.71GB
  GPU 3 - 已分配: 0.26GB, 已保留: 1.37GB
  GPU 5 - 已分配: 0.02GB, 已保留: 0.06GB
最佳准确率更新: 54.76% -> 57.53%
保存最佳模型到: ./checkpoints/best_model_mp.pth

============================================================
Epoch 34/100
============================================================
Epoch: 33 [0/391] Loss: 1.2007 | Acc: 67.97% | Time: 0.0430s | GPU Mem: [GPU1:0.00GB, GPU2:0.02GB, GPU3:0.26GB, GPU5:0.02GB]
Epoch: 33 [100/391] Loss: 1.1582 | Acc: 66.41% | Time: 0.0259s | GPU Mem: [GPU1:0.00GB, GPU2:0.02GB, GPU3:0.26GB, GPU5:0.02GB]
Epoch: 33 [200/391] Loss: 1.1323 | Acc: 65.30% | Time: 0.0339s | GPU Mem: [GPU1:0.00GB, GPU2:0.02GB, GPU3:0.26GB, GPU5:0.02GB]
Epoch: 33 [300/391] Loss: 1.0224 | Acc: 65.11% | Time: 0.0275s | GPU Mem: [GPU1:0.00GB, GPU2:0.02GB, GPU3:0.26GB, GPU5:0.02GB]

训练 - Loss: 1.2205, Acc: 64.70%
测试 - Loss: 1.6587, Acc: 54.62%
学习率: 0.100000, 时间: 24.11s
GPU内存使用:
  GPU 1 - 已分配: 0.00GB, 已保留: 0.15GB
  GPU 2 - 已分配: 0.02GB, 已保留: 2.71GB
  GPU 3 - 已分配: 0.25GB, 已保留: 1.37GB
  GPU 5 - 已分配: 0.02GB, 已保留: 0.06GB

============================================================
Epoch 35/100
============================================================
Epoch: 34 [0/391] Loss: 0.9438 | Acc: 73.44% | Time: 0.0315s | GPU Mem: [GPU1:0.00GB, GPU2:0.02GB, GPU3:0.26GB, GPU5:0.02GB]
Epoch: 34 [100/391] Loss: 1.2530 | Acc: 66.38% | Time: 0.0312s | GPU Mem: [GPU1:0.00GB, GPU2:0.02GB, GPU3:0.26GB, GPU5:0.02GB]
Epoch: 34 [200/391] Loss: 1.4864 | Acc: 65.62% | Time: 0.0349s | GPU Mem: [GPU1:0.00GB, GPU2:0.02GB, GPU3:0.26GB, GPU5:0.02GB]
Epoch: 34 [300/391] Loss: 1.2889 | Acc: 65.27% | Time: 0.0348s | GPU Mem: [GPU1:0.00GB, GPU2:0.02GB, GPU3:0.26GB, GPU5:0.02GB]

训练 - Loss: 1.2101, Acc: 64.95%
测试 - Loss: 1.7162, Acc: 53.66%
学习率: 0.100000, 时间: 24.12s
GPU内存使用:
  GPU 1 - 已分配: 0.00GB, 已保留: 0.15GB
  GPU 2 - 已分配: 0.02GB, 已保留: 2.71GB
  GPU 3 - 已分配: 0.26GB, 已保留: 1.37GB
  GPU 5 - 已分配: 0.02GB, 已保留: 0.06GB

============================================================
Epoch 36/100
============================================================
Epoch: 35 [0/391] Loss: 1.2652 | Acc: 64.84% | Time: 0.0431s | GPU Mem: [GPU1:0.00GB, GPU2:0.02GB, GPU3:0.26GB, GPU5:0.02GB]
Epoch: 35 [100/391] Loss: 1.2559 | Acc: 66.38% | Time: 0.0280s | GPU Mem: [GPU1:0.00GB, GPU2:0.02GB, GPU3:0.26GB, GPU5:0.02GB]
Epoch: 35 [200/391] Loss: 1.1636 | Acc: 65.82% | Time: 0.0280s | GPU Mem: [GPU1:0.00GB, GPU2:0.02GB, GPU3:0.26GB, GPU5:0.02GB]
Epoch: 35 [300/391] Loss: 1.1948 | Acc: 65.32% | Time: 0.0251s | GPU Mem: [GPU1:0.00GB, GPU2:0.02GB, GPU3:0.26GB, GPU5:0.02GB]

训练 - Loss: 1.2049, Acc: 65.23%
测试 - Loss: 1.8701, Acc: 52.42%
学习率: 0.100000, 时间: 24.11s
GPU内存使用:
  GPU 1 - 已分配: 0.00GB, 已保留: 0.15GB
  GPU 2 - 已分配: 0.02GB, 已保留: 2.71GB
  GPU 3 - 已分配: 0.25GB, 已保留: 1.37GB
  GPU 5 - 已分配: 0.02GB, 已保留: 0.06GB

============================================================
Epoch 37/100
============================================================
Epoch: 36 [0/391] Loss: 1.4070 | Acc: 53.12% | Time: 0.0343s | GPU Mem: [GPU1:0.00GB, GPU2:0.02GB, GPU3:0.26GB, GPU5:0.02GB]
Epoch: 36 [100/391] Loss: 1.2278 | Acc: 65.98% | Time: 0.0266s | GPU Mem: [GPU1:0.00GB, GPU2:0.02GB, GPU3:0.25GB, GPU5:0.02GB]
Epoch: 36 [200/391] Loss: 1.2317 | Acc: 65.64% | Time: 0.0229s | GPU Mem: [GPU1:0.00GB, GPU2:0.02GB, GPU3:0.25GB, GPU5:0.02GB]
Epoch: 36 [300/391] Loss: 1.0669 | Acc: 65.53% | Time: 0.0262s | GPU Mem: [GPU1:0.00GB, GPU2:0.02GB, GPU3:0.25GB, GPU5:0.02GB]

训练 - Loss: 1.1859, Acc: 65.46%
测试 - Loss: 1.7226, Acc: 54.59%
学习率: 0.100000, 时间: 24.11s
GPU内存使用:
  GPU 1 - 已分配: 0.00GB, 已保留: 0.15GB
  GPU 2 - 已分配: 0.02GB, 已保留: 2.71GB
  GPU 3 - 已分配: 0.26GB, 已保留: 1.37GB
  GPU 5 - 已分配: 0.02GB, 已保留: 0.06GB

============================================================
Epoch 38/100
============================================================
Epoch: 37 [0/391] Loss: 1.1945 | Acc: 64.84% | Time: 0.0430s | GPU Mem: [GPU1:0.00GB, GPU2:0.02GB, GPU3:0.26GB, GPU5:0.02GB]
Epoch: 37 [100/391] Loss: 1.0729 | Acc: 67.00% | Time: 0.0255s | GPU Mem: [GPU1:0.00GB, GPU2:0.02GB, GPU3:0.25GB, GPU5:0.02GB]
Epoch: 37 [200/391] Loss: 1.2966 | Acc: 66.08% | Time: 0.0295s | GPU Mem: [GPU1:0.00GB, GPU2:0.02GB, GPU3:0.25GB, GPU5:0.02GB]
Epoch: 37 [300/391] Loss: 1.4290 | Acc: 65.77% | Time: 0.0328s | GPU Mem: [GPU1:0.00GB, GPU2:0.02GB, GPU3:0.25GB, GPU5:0.02GB]

训练 - Loss: 1.1849, Acc: 65.58%
测试 - Loss: 1.7080, Acc: 54.93%
学习率: 0.100000, 时间: 24.12s
GPU内存使用:
  GPU 1 - 已分配: 0.00GB, 已保留: 0.15GB
  GPU 2 - 已分配: 0.02GB, 已保留: 2.71GB
  GPU 3 - 已分配: 0.25GB, 已保留: 1.37GB
  GPU 5 - 已分配: 0.02GB, 已保留: 0.06GB

============================================================
Epoch 39/100
============================================================
Epoch: 38 [0/391] Loss: 1.1745 | Acc: 66.41% | Time: 0.0298s | GPU Mem: [GPU1:0.00GB, GPU2:0.02GB, GPU3:0.26GB, GPU5:0.02GB]
Epoch: 38 [100/391] Loss: 0.9186 | Acc: 67.09% | Time: 0.0278s | GPU Mem: [GPU1:0.00GB, GPU2:0.02GB, GPU3:0.26GB, GPU5:0.02GB]
Epoch: 38 [200/391] Loss: 1.1869 | Acc: 66.73% | Time: 0.0291s | GPU Mem: [GPU1:0.00GB, GPU2:0.02GB, GPU3:0.26GB, GPU5:0.02GB]
Epoch: 38 [300/391] Loss: 1.4292 | Acc: 66.27% | Time: 0.0245s | GPU Mem: [GPU1:0.00GB, GPU2:0.02GB, GPU3:0.26GB, GPU5:0.02GB]

训练 - Loss: 1.1784, Acc: 65.99%
测试 - Loss: 1.6836, Acc: 55.17%
学习率: 0.100000, 时间: 24.11s
GPU内存使用:
  GPU 1 - 已分配: 0.00GB, 已保留: 0.15GB
  GPU 2 - 已分配: 0.02GB, 已保留: 2.71GB
  GPU 3 - 已分配: 0.25GB, 已保留: 1.37GB
  GPU 5 - 已分配: 0.02GB, 已保留: 0.06GB

============================================================
Epoch 40/100
============================================================
Epoch: 39 [0/391] Loss: 1.3040 | Acc: 63.28% | Time: 0.0375s | GPU Mem: [GPU1:0.00GB, GPU2:0.02GB, GPU3:0.25GB, GPU5:0.02GB]
Epoch: 39 [100/391] Loss: 1.0584 | Acc: 66.80% | Time: 0.0239s | GPU Mem: [GPU1:0.00GB, GPU2:0.02GB, GPU3:0.25GB, GPU5:0.02GB]
Epoch: 39 [200/391] Loss: 1.2242 | Acc: 66.20% | Time: 0.0291s | GPU Mem: [GPU1:0.00GB, GPU2:0.02GB, GPU3:0.25GB, GPU5:0.02GB]
Epoch: 39 [300/391] Loss: 1.1631 | Acc: 66.23% | Time: 0.0358s | GPU Mem: [GPU1:0.00GB, GPU2:0.02GB, GPU3:0.25GB, GPU5:0.02GB]

训练 - Loss: 1.1692, Acc: 66.03%
测试 - Loss: 1.7260, Acc: 54.20%
学习率: 0.100000, 时间: 24.12s
GPU内存使用:
  GPU 1 - 已分配: 0.00GB, 已保留: 0.15GB
  GPU 2 - 已分配: 0.02GB, 已保留: 2.71GB
  GPU 3 - 已分配: 0.26GB, 已保留: 1.37GB
  GPU 5 - 已分配: 0.02GB, 已保留: 0.06GB
保存checkpoint到: ./checkpoints/checkpoint_mp_epoch_40.pth

============================================================
Epoch 41/100
============================================================
Epoch: 40 [0/391] Loss: 1.0706 | Acc: 68.75% | Time: 0.0372s | GPU Mem: [GPU1:0.00GB, GPU2:0.02GB, GPU3:0.26GB, GPU5:0.02GB]
Epoch: 40 [100/391] Loss: 1.3016 | Acc: 67.33% | Time: 0.0335s | GPU Mem: [GPU1:0.00GB, GPU2:0.02GB, GPU3:0.25GB, GPU5:0.02GB]
Epoch: 40 [200/391] Loss: 1.3166 | Acc: 66.95% | Time: 0.0290s | GPU Mem: [GPU1:0.00GB, GPU2:0.02GB, GPU3:0.25GB, GPU5:0.02GB]
Epoch: 40 [300/391] Loss: 1.1143 | Acc: 66.41% | Time: 0.0304s | GPU Mem: [GPU1:0.00GB, GPU2:0.02GB, GPU3:0.25GB, GPU5:0.02GB]

训练 - Loss: 1.1645, Acc: 66.14%
测试 - Loss: 1.8064, Acc: 52.83%
学习率: 0.100000, 时间: 24.10s
GPU内存使用:
  GPU 1 - 已分配: 0.00GB, 已保留: 0.15GB
  GPU 2 - 已分配: 0.02GB, 已保留: 2.71GB
  GPU 3 - 已分配: 0.25GB, 已保留: 1.37GB
  GPU 5 - 已分配: 0.02GB, 已保留: 0.06GB

============================================================
Epoch 42/100
============================================================
Epoch: 41 [0/391] Loss: 1.3483 | Acc: 60.94% | Time: 0.0313s | GPU Mem: [GPU1:0.00GB, GPU2:0.02GB, GPU3:0.26GB, GPU5:0.02GB]
Epoch: 41 [100/391] Loss: 1.1459 | Acc: 68.22% | Time: 0.0284s | GPU Mem: [GPU1:0.00GB, GPU2:0.02GB, GPU3:0.25GB, GPU5:0.02GB]
Epoch: 41 [200/391] Loss: 1.4184 | Acc: 66.86% | Time: 0.0304s | GPU Mem: [GPU1:0.00GB, GPU2:0.02GB, GPU3:0.25GB, GPU5:0.02GB]
Epoch: 41 [300/391] Loss: 1.2309 | Acc: 66.36% | Time: 0.0324s | GPU Mem: [GPU1:0.00GB, GPU2:0.02GB, GPU3:0.25GB, GPU5:0.02GB]

训练 - Loss: 1.1617, Acc: 66.26%
测试 - Loss: 2.0052, Acc: 50.92%
学习率: 0.100000, 时间: 24.11s
GPU内存使用:
  GPU 1 - 已分配: 0.00GB, 已保留: 0.15GB
  GPU 2 - 已分配: 0.02GB, 已保留: 2.71GB
  GPU 3 - 已分配: 0.25GB, 已保留: 1.37GB
  GPU 5 - 已分配: 0.02GB, 已保留: 0.06GB

============================================================
Epoch 43/100
============================================================
Epoch: 42 [0/391] Loss: 1.0102 | Acc: 64.84% | Time: 0.0426s | GPU Mem: [GPU1:0.00GB, GPU2:0.02GB, GPU3:0.26GB, GPU5:0.02GB]
Epoch: 42 [100/391] Loss: 1.3212 | Acc: 67.01% | Time: 0.0292s | GPU Mem: [GPU1:0.00GB, GPU2:0.02GB, GPU3:0.26GB, GPU5:0.02GB]
Epoch: 42 [200/391] Loss: 1.1578 | Acc: 66.71% | Time: 0.0240s | GPU Mem: [GPU1:0.00GB, GPU2:0.02GB, GPU3:0.26GB, GPU5:0.02GB]
Epoch: 42 [300/391] Loss: 1.0467 | Acc: 66.28% | Time: 0.0321s | GPU Mem: [GPU1:0.00GB, GPU2:0.02GB, GPU3:0.26GB, GPU5:0.02GB]

训练 - Loss: 1.1575, Acc: 66.14%
测试 - Loss: 1.6177, Acc: 56.78%
学习率: 0.100000, 时间: 24.11s
GPU内存使用:
  GPU 1 - 已分配: 0.00GB, 已保留: 0.15GB
  GPU 2 - 已分配: 0.02GB, 已保留: 2.71GB
  GPU 3 - 已分配: 0.26GB, 已保留: 1.37GB
  GPU 5 - 已分配: 0.02GB, 已保留: 0.06GB

============================================================
Epoch 44/100
============================================================
Epoch: 43 [0/391] Loss: 1.0998 | Acc: 65.62% | Time: 0.0333s | GPU Mem: [GPU1:0.00GB, GPU2:0.02GB, GPU3:0.26GB, GPU5:0.02GB]
Epoch: 43 [100/391] Loss: 0.9971 | Acc: 67.57% | Time: 0.0318s | GPU Mem: [GPU1:0.00GB, GPU2:0.02GB, GPU3:0.25GB, GPU5:0.02GB]
Epoch: 43 [200/391] Loss: 1.2878 | Acc: 66.78% | Time: 0.0229s | GPU Mem: [GPU1:0.00GB, GPU2:0.02GB, GPU3:0.25GB, GPU5:0.02GB]
Epoch: 43 [300/391] Loss: 0.9859 | Acc: 66.47% | Time: 0.0277s | GPU Mem: [GPU1:0.00GB, GPU2:0.02GB, GPU3:0.25GB, GPU5:0.02GB]

训练 - Loss: 1.1515, Acc: 66.44%
测试 - Loss: 1.6503, Acc: 55.98%
学习率: 0.100000, 时间: 24.11s
GPU内存使用:
  GPU 1 - 已分配: 0.00GB, 已保留: 0.15GB
  GPU 2 - 已分配: 0.02GB, 已保留: 2.71GB
  GPU 3 - 已分配: 0.25GB, 已保留: 1.37GB
  GPU 5 - 已分配: 0.02GB, 已保留: 0.06GB

============================================================
Epoch 45/100
============================================================
Epoch: 44 [0/391] Loss: 1.1288 | Acc: 64.84% | Time: 0.0368s | GPU Mem: [GPU1:0.00GB, GPU2:0.02GB, GPU3:0.26GB, GPU5:0.02GB]
Epoch: 44 [100/391] Loss: 1.1658 | Acc: 67.60% | Time: 0.0244s | GPU Mem: [GPU1:0.00GB, GPU2:0.02GB, GPU3:0.26GB, GPU5:0.02GB]
Epoch: 44 [200/391] Loss: 1.4650 | Acc: 67.30% | Time: 0.0293s | GPU Mem: [GPU1:0.00GB, GPU2:0.02GB, GPU3:0.26GB, GPU5:0.02GB]
Epoch: 44 [300/391] Loss: 1.0716 | Acc: 66.91% | Time: 0.0319s | GPU Mem: [GPU1:0.00GB, GPU2:0.02GB, GPU3:0.26GB, GPU5:0.02GB]

训练 - Loss: 1.1476, Acc: 66.55%
测试 - Loss: 1.7323, Acc: 54.25%
学习率: 0.100000, 时间: 24.12s
GPU内存使用:
  GPU 1 - 已分配: 0.00GB, 已保留: 0.15GB
  GPU 2 - 已分配: 0.02GB, 已保留: 2.71GB
  GPU 3 - 已分配: 0.26GB, 已保留: 1.37GB
  GPU 5 - 已分配: 0.02GB, 已保留: 0.06GB

============================================================
Epoch 46/100
============================================================
Epoch: 45 [0/391] Loss: 1.1100 | Acc: 65.62% | Time: 0.0316s | GPU Mem: [GPU1:0.00GB, GPU2:0.02GB, GPU3:0.26GB, GPU5:0.02GB]
Epoch: 45 [100/391] Loss: 0.9238 | Acc: 68.63% | Time: 0.0301s | GPU Mem: [GPU1:0.00GB, GPU2:0.02GB, GPU3:0.25GB, GPU5:0.02GB]
Epoch: 45 [200/391] Loss: 1.2707 | Acc: 67.43% | Time: 0.0233s | GPU Mem: [GPU1:0.00GB, GPU2:0.02GB, GPU3:0.25GB, GPU5:0.02GB]
Epoch: 45 [300/391] Loss: 1.0895 | Acc: 66.91% | Time: 0.0225s | GPU Mem: [GPU1:0.00GB, GPU2:0.02GB, GPU3:0.25GB, GPU5:0.02GB]

训练 - Loss: 1.1402, Acc: 66.69%
测试 - Loss: 1.6106, Acc: 56.88%
学习率: 0.100000, 时间: 24.14s
GPU内存使用:
  GPU 1 - 已分配: 0.00GB, 已保留: 0.15GB
  GPU 2 - 已分配: 0.02GB, 已保留: 2.71GB
  GPU 3 - 已分配: 0.25GB, 已保留: 1.37GB
  GPU 5 - 已分配: 0.02GB, 已保留: 0.06GB

============================================================
Epoch 47/100
============================================================
Epoch: 46 [0/391] Loss: 1.0268 | Acc: 64.84% | Time: 0.0391s | GPU Mem: [GPU1:0.00GB, GPU2:0.02GB, GPU3:0.26GB, GPU5:0.02GB]
Epoch: 46 [100/391] Loss: 1.0452 | Acc: 67.72% | Time: 0.0265s | GPU Mem: [GPU1:0.00GB, GPU2:0.02GB, GPU3:0.25GB, GPU5:0.02GB]
Epoch: 46 [200/391] Loss: 1.1259 | Acc: 67.17% | Time: 0.0337s | GPU Mem: [GPU1:0.00GB, GPU2:0.02GB, GPU3:0.25GB, GPU5:0.02GB]
Epoch: 46 [300/391] Loss: 1.0416 | Acc: 66.83% | Time: 0.0327s | GPU Mem: [GPU1:0.00GB, GPU2:0.02GB, GPU3:0.25GB, GPU5:0.02GB]

训练 - Loss: 1.1369, Acc: 66.84%
测试 - Loss: 1.8070, Acc: 53.43%
学习率: 0.100000, 时间: 24.10s
GPU内存使用:
  GPU 1 - 已分配: 0.00GB, 已保留: 0.15GB
  GPU 2 - 已分配: 0.02GB, 已保留: 2.71GB
  GPU 3 - 已分配: 0.26GB, 已保留: 1.37GB
  GPU 5 - 已分配: 0.02GB, 已保留: 0.06GB

============================================================
Epoch 48/100
============================================================
Epoch: 47 [0/391] Loss: 0.8240 | Acc: 75.78% | Time: 0.0455s | GPU Mem: [GPU1:0.00GB, GPU2:0.02GB, GPU3:0.26GB, GPU5:0.02GB]
Epoch: 47 [100/391] Loss: 1.0358 | Acc: 68.10% | Time: 0.0278s | GPU Mem: [GPU1:0.00GB, GPU2:0.02GB, GPU3:0.26GB, GPU5:0.02GB]
Epoch: 47 [200/391] Loss: 1.2777 | Acc: 67.58% | Time: 0.0240s | GPU Mem: [GPU1:0.00GB, GPU2:0.02GB, GPU3:0.26GB, GPU5:0.02GB]
Epoch: 47 [300/391] Loss: 1.0544 | Acc: 67.03% | Time: 0.0275s | GPU Mem: [GPU1:0.00GB, GPU2:0.02GB, GPU3:0.26GB, GPU5:0.02GB]

训练 - Loss: 1.1310, Acc: 67.06%
测试 - Loss: 1.6133, Acc: 57.82%
学习率: 0.100000, 时间: 24.11s
GPU内存使用:
  GPU 1 - 已分配: 0.00GB, 已保留: 0.15GB
  GPU 2 - 已分配: 0.02GB, 已保留: 2.71GB
  GPU 3 - 已分配: 0.26GB, 已保留: 1.37GB
  GPU 5 - 已分配: 0.02GB, 已保留: 0.06GB
最佳准确率更新: 57.53% -> 57.82%
保存最佳模型到: ./checkpoints/best_model_mp.pth

============================================================
Epoch 49/100
============================================================
Epoch: 48 [0/391] Loss: 0.9821 | Acc: 73.44% | Time: 0.0359s | GPU Mem: [GPU1:0.00GB, GPU2:0.02GB, GPU3:0.26GB, GPU5:0.02GB]
Epoch: 48 [100/391] Loss: 1.3441 | Acc: 68.32% | Time: 0.0316s | GPU Mem: [GPU1:0.00GB, GPU2:0.02GB, GPU3:0.25GB, GPU5:0.02GB]
Epoch: 48 [200/391] Loss: 1.0661 | Acc: 68.36% | Time: 0.0291s | GPU Mem: [GPU1:0.00GB, GPU2:0.02GB, GPU3:0.25GB, GPU5:0.02GB]
Epoch: 48 [300/391] Loss: 1.1447 | Acc: 67.65% | Time: 0.0291s | GPU Mem: [GPU1:0.00GB, GPU2:0.02GB, GPU3:0.25GB, GPU5:0.02GB]

训练 - Loss: 1.1194, Acc: 67.42%
测试 - Loss: 1.7478, Acc: 54.55%
学习率: 0.100000, 时间: 24.12s
GPU内存使用:
  GPU 1 - 已分配: 0.00GB, 已保留: 0.15GB
  GPU 2 - 已分配: 0.02GB, 已保留: 2.71GB
  GPU 3 - 已分配: 0.25GB, 已保留: 1.37GB
  GPU 5 - 已分配: 0.02GB, 已保留: 0.06GB

============================================================
Epoch 50/100
============================================================
Epoch: 49 [0/391] Loss: 0.8823 | Acc: 73.44% | Time: 0.0373s | GPU Mem: [GPU1:0.00GB, GPU2:0.02GB, GPU3:0.26GB, GPU5:0.02GB]
Epoch: 49 [100/391] Loss: 1.0453 | Acc: 68.84% | Time: 0.0316s | GPU Mem: [GPU1:0.00GB, GPU2:0.02GB, GPU3:0.25GB, GPU5:0.02GB]
Epoch: 49 [200/391] Loss: 1.0560 | Acc: 67.74% | Time: 0.0414s | GPU Mem: [GPU1:0.00GB, GPU2:0.02GB, GPU3:0.25GB, GPU5:0.02GB]
Epoch: 49 [300/391] Loss: 1.1543 | Acc: 67.28% | Time: 0.0317s | GPU Mem: [GPU1:0.00GB, GPU2:0.02GB, GPU3:0.25GB, GPU5:0.02GB]

训练 - Loss: 1.1340, Acc: 67.04%
测试 - Loss: 1.8337, Acc: 55.44%
学习率: 0.010000, 时间: 24.11s
GPU内存使用:
  GPU 1 - 已分配: 0.00GB, 已保留: 0.15GB
  GPU 2 - 已分配: 0.02GB, 已保留: 2.71GB
  GPU 3 - 已分配: 0.25GB, 已保留: 1.37GB
  GPU 5 - 已分配: 0.02GB, 已保留: 0.06GB
保存checkpoint到: ./checkpoints/checkpoint_mp_epoch_50.pth

============================================================
Epoch 51/100
============================================================
Epoch: 50 [0/391] Loss: 0.9804 | Acc: 68.75% | Time: 0.0448s | GPU Mem: [GPU1:0.00GB, GPU2:0.02GB, GPU3:0.26GB, GPU5:0.02GB]
Epoch: 50 [100/391] Loss: 0.7669 | Acc: 77.37% | Time: 0.0255s | GPU Mem: [GPU1:0.00GB, GPU2:0.02GB, GPU3:0.26GB, GPU5:0.02GB]
Epoch: 50 [200/391] Loss: 0.6186 | Acc: 78.67% | Time: 0.0335s | GPU Mem: [GPU1:0.00GB, GPU2:0.02GB, GPU3:0.26GB, GPU5:0.02GB]
Epoch: 50 [300/391] Loss: 0.7279 | Acc: 79.47% | Time: 0.0289s | GPU Mem: [GPU1:0.00GB, GPU2:0.02GB, GPU3:0.26GB, GPU5:0.02GB]

训练 - Loss: 0.6747, Acc: 80.10%
测试 - Loss: 0.9078, Acc: 73.85%
学习率: 0.010000, 时间: 24.13s
GPU内存使用:
  GPU 1 - 已分配: 0.00GB, 已保留: 0.15GB
  GPU 2 - 已分配: 0.02GB, 已保留: 2.71GB
  GPU 3 - 已分配: 0.25GB, 已保留: 1.37GB
  GPU 5 - 已分配: 0.02GB, 已保留: 0.06GB
最佳准确率更新: 57.82% -> 73.85%
保存最佳模型到: ./checkpoints/best_model_mp.pth

============================================================
Epoch 52/100
============================================================
Epoch: 51 [0/391] Loss: 0.6359 | Acc: 81.25% | Time: 0.0409s | GPU Mem: [GPU1:0.00GB, GPU2:0.02GB, GPU3:0.26GB, GPU5:0.02GB]
Epoch: 51 [100/391] Loss: 0.4005 | Acc: 84.03% | Time: 0.0286s | GPU Mem: [GPU1:0.00GB, GPU2:0.02GB, GPU3:0.25GB, GPU5:0.02GB]
Epoch: 51 [200/391] Loss: 0.5800 | Acc: 84.23% | Time: 0.0328s | GPU Mem: [GPU1:0.00GB, GPU2:0.02GB, GPU3:0.25GB, GPU5:0.02GB]
Epoch: 51 [300/391] Loss: 0.5800 | Acc: 84.21% | Time: 0.0317s | GPU Mem: [GPU1:0.00GB, GPU2:0.02GB, GPU3:0.25GB, GPU5:0.02GB]

训练 - Loss: 0.5245, Acc: 84.35%
测试 - Loss: 0.8858, Acc: 74.68%
学习率: 0.010000, 时间: 24.12s
GPU内存使用:
  GPU 1 - 已分配: 0.00GB, 已保留: 0.15GB
  GPU 2 - 已分配: 0.02GB, 已保留: 2.71GB
  GPU 3 - 已分配: 0.25GB, 已保留: 1.37GB
  GPU 5 - 已分配: 0.02GB, 已保留: 0.06GB
最佳准确率更新: 73.85% -> 74.68%
保存最佳模型到: ./checkpoints/best_model_mp.pth

============================================================
Epoch 53/100
============================================================
Epoch: 52 [0/391] Loss: 0.4591 | Acc: 84.38% | Time: 0.0324s | GPU Mem: [GPU1:0.00GB, GPU2:0.02GB, GPU3:0.26GB, GPU5:0.02GB]
Epoch: 52 [100/391] Loss: 0.4163 | Acc: 85.86% | Time: 0.0283s | GPU Mem: [GPU1:0.00GB, GPU2:0.02GB, GPU3:0.25GB, GPU5:0.02GB]
Epoch: 52 [200/391] Loss: 0.3760 | Acc: 85.91% | Time: 0.0287s | GPU Mem: [GPU1:0.00GB, GPU2:0.02GB, GPU3:0.25GB, GPU5:0.02GB]
Epoch: 52 [300/391] Loss: 0.4233 | Acc: 86.03% | Time: 0.0291s | GPU Mem: [GPU1:0.00GB, GPU2:0.02GB, GPU3:0.25GB, GPU5:0.02GB]

训练 - Loss: 0.4677, Acc: 86.01%
测试 - Loss: 0.8794, Acc: 74.79%
学习率: 0.010000, 时间: 24.13s
GPU内存使用:
  GPU 1 - 已分配: 0.00GB, 已保留: 0.15GB
  GPU 2 - 已分配: 0.02GB, 已保留: 2.71GB
  GPU 3 - 已分配: 0.25GB, 已保留: 1.37GB
  GPU 5 - 已分配: 0.02GB, 已保留: 0.06GB
最佳准确率更新: 74.68% -> 74.79%
保存最佳模型到: ./checkpoints/best_model_mp.pth

============================================================
Epoch 54/100
============================================================
Epoch: 53 [0/391] Loss: 0.4466 | Acc: 88.28% | Time: 0.0459s | GPU Mem: [GPU1:0.00GB, GPU2:0.02GB, GPU3:0.26GB, GPU5:0.02GB]
Epoch: 53 [100/391] Loss: 0.5656 | Acc: 87.07% | Time: 0.0296s | GPU Mem: [GPU1:0.00GB, GPU2:0.02GB, GPU3:0.26GB, GPU5:0.02GB]
Epoch: 53 [200/391] Loss: 0.4487 | Acc: 87.23% | Time: 0.0264s | GPU Mem: [GPU1:0.00GB, GPU2:0.02GB, GPU3:0.26GB, GPU5:0.02GB]
Epoch: 53 [300/391] Loss: 0.3903 | Acc: 87.37% | Time: 0.0286s | GPU Mem: [GPU1:0.00GB, GPU2:0.02GB, GPU3:0.26GB, GPU5:0.02GB]

训练 - Loss: 0.4182, Acc: 87.27%
测试 - Loss: 0.8862, Acc: 74.93%
学习率: 0.010000, 时间: 24.11s
GPU内存使用:
  GPU 1 - 已分配: 0.00GB, 已保留: 0.15GB
  GPU 2 - 已分配: 0.02GB, 已保留: 2.71GB
  GPU 3 - 已分配: 0.25GB, 已保留: 1.37GB
  GPU 5 - 已分配: 0.02GB, 已保留: 0.06GB
最佳准确率更新: 74.79% -> 74.93%
保存最佳模型到: ./checkpoints/best_model_mp.pth

============================================================
Epoch 55/100
============================================================
Epoch: 54 [0/391] Loss: 0.3398 | Acc: 90.62% | Time: 0.0415s | GPU Mem: [GPU1:0.00GB, GPU2:0.02GB, GPU3:0.26GB, GPU5:0.02GB]
Epoch: 54 [100/391] Loss: 0.3826 | Acc: 89.09% | Time: 0.0284s | GPU Mem: [GPU1:0.00GB, GPU2:0.02GB, GPU3:0.25GB, GPU5:0.02GB]
Epoch: 54 [200/391] Loss: 0.3992 | Acc: 89.02% | Time: 0.0294s | GPU Mem: [GPU1:0.00GB, GPU2:0.02GB, GPU3:0.25GB, GPU5:0.02GB]
Epoch: 54 [300/391] Loss: 0.4760 | Acc: 88.67% | Time: 0.0274s | GPU Mem: [GPU1:0.00GB, GPU2:0.02GB, GPU3:0.25GB, GPU5:0.02GB]

训练 - Loss: 0.3777, Acc: 88.57%
测试 - Loss: 0.8933, Acc: 75.09%
学习率: 0.010000, 时间: 24.12s
GPU内存使用:
  GPU 1 - 已分配: 0.00GB, 已保留: 0.15GB
  GPU 2 - 已分配: 0.02GB, 已保留: 2.71GB
  GPU 3 - 已分配: 0.25GB, 已保留: 1.37GB
  GPU 5 - 已分配: 0.02GB, 已保留: 0.06GB
最佳准确率更新: 74.93% -> 75.09%
保存最佳模型到: ./checkpoints/best_model_mp.pth

============================================================
Epoch 56/100
============================================================
Epoch: 55 [0/391] Loss: 0.3213 | Acc: 89.84% | Time: 0.0398s | GPU Mem: [GPU1:0.00GB, GPU2:0.02GB, GPU3:0.26GB, GPU5:0.02GB]
Epoch: 55 [100/391] Loss: 0.3579 | Acc: 89.98% | Time: 0.0250s | GPU Mem: [GPU1:0.00GB, GPU2:0.02GB, GPU3:0.25GB, GPU5:0.02GB]
Epoch: 55 [200/391] Loss: 0.3811 | Acc: 89.66% | Time: 0.0236s | GPU Mem: [GPU1:0.00GB, GPU2:0.02GB, GPU3:0.25GB, GPU5:0.02GB]
Epoch: 55 [300/391] Loss: 0.3538 | Acc: 89.64% | Time: 0.0339s | GPU Mem: [GPU1:0.00GB, GPU2:0.02GB, GPU3:0.25GB, GPU5:0.02GB]

训练 - Loss: 0.3428, Acc: 89.57%
测试 - Loss: 0.8995, Acc: 75.62%
学习率: 0.010000, 时间: 24.11s
GPU内存使用:
  GPU 1 - 已分配: 0.00GB, 已保留: 0.15GB
  GPU 2 - 已分配: 0.02GB, 已保留: 2.71GB
  GPU 3 - 已分配: 0.25GB, 已保留: 1.37GB
  GPU 5 - 已分配: 0.02GB, 已保留: 0.06GB
最佳准确率更新: 75.09% -> 75.62%
保存最佳模型到: ./checkpoints/best_model_mp.pth

============================================================
Epoch 57/100
============================================================
Epoch: 56 [0/391] Loss: 0.3554 | Acc: 90.62% | Time: 0.0431s | GPU Mem: [GPU1:0.00GB, GPU2:0.02GB, GPU3:0.26GB, GPU5:0.02GB]
Epoch: 56 [100/391] Loss: 0.2689 | Acc: 91.05% | Time: 0.0264s | GPU Mem: [GPU1:0.00GB, GPU2:0.02GB, GPU3:0.26GB, GPU5:0.02GB]
Epoch: 56 [200/391] Loss: 0.2296 | Acc: 90.68% | Time: 0.0350s | GPU Mem: [GPU1:0.00GB, GPU2:0.02GB, GPU3:0.26GB, GPU5:0.02GB]
Epoch: 56 [300/391] Loss: 0.3178 | Acc: 90.37% | Time: 0.0428s | GPU Mem: [GPU1:0.00GB, GPU2:0.02GB, GPU3:0.26GB, GPU5:0.02GB]

训练 - Loss: 0.3173, Acc: 90.26%
测试 - Loss: 0.9303, Acc: 75.37%
学习率: 0.010000, 时间: 24.10s
GPU内存使用:
  GPU 1 - 已分配: 0.00GB, 已保留: 0.15GB
  GPU 2 - 已分配: 0.02GB, 已保留: 2.71GB
  GPU 3 - 已分配: 0.25GB, 已保留: 1.37GB
  GPU 5 - 已分配: 0.02GB, 已保留: 0.06GB

============================================================
Epoch 58/100
============================================================
Epoch: 57 [0/391] Loss: 0.3521 | Acc: 87.50% | Time: 0.0401s | GPU Mem: [GPU1:0.00GB, GPU2:0.02GB, GPU3:0.26GB, GPU5:0.02GB]
Epoch: 57 [100/391] Loss: 0.2340 | Acc: 92.05% | Time: 0.0276s | GPU Mem: [GPU1:0.00GB, GPU2:0.02GB, GPU3:0.25GB, GPU5:0.02GB]
Epoch: 57 [200/391] Loss: 0.2001 | Acc: 91.76% | Time: 0.0281s | GPU Mem: [GPU1:0.00GB, GPU2:0.02GB, GPU3:0.25GB, GPU5:0.02GB]
Epoch: 57 [300/391] Loss: 0.3464 | Acc: 91.43% | Time: 0.0370s | GPU Mem: [GPU1:0.00GB, GPU2:0.02GB, GPU3:0.25GB, GPU5:0.02GB]

训练 - Loss: 0.2891, Acc: 91.34%
测试 - Loss: 0.9371, Acc: 74.94%
学习率: 0.010000, 时间: 24.10s
GPU内存使用:
  GPU 1 - 已分配: 0.00GB, 已保留: 0.15GB
  GPU 2 - 已分配: 0.02GB, 已保留: 2.71GB
  GPU 3 - 已分配: 0.25GB, 已保留: 1.37GB
  GPU 5 - 已分配: 0.02GB, 已保留: 0.06GB

============================================================
Epoch 59/100
============================================================
Epoch: 58 [0/391] Loss: 0.2257 | Acc: 93.75% | Time: 0.0348s | GPU Mem: [GPU1:0.00GB, GPU2:0.02GB, GPU3:0.26GB, GPU5:0.02GB]
Epoch: 58 [100/391] Loss: 0.1771 | Acc: 92.53% | Time: 0.0277s | GPU Mem: [GPU1:0.00GB, GPU2:0.02GB, GPU3:0.25GB, GPU5:0.02GB]
Epoch: 58 [200/391] Loss: 0.2464 | Acc: 92.19% | Time: 0.0254s | GPU Mem: [GPU1:0.00GB, GPU2:0.02GB, GPU3:0.25GB, GPU5:0.02GB]
Epoch: 58 [300/391] Loss: 0.2989 | Acc: 92.00% | Time: 0.0319s | GPU Mem: [GPU1:0.00GB, GPU2:0.02GB, GPU3:0.25GB, GPU5:0.02GB]

训练 - Loss: 0.2670, Acc: 91.84%
测试 - Loss: 0.9523, Acc: 75.00%
学习率: 0.010000, 时间: 24.09s
GPU内存使用:
  GPU 1 - 已分配: 0.00GB, 已保留: 0.15GB
  GPU 2 - 已分配: 0.02GB, 已保留: 2.71GB
  GPU 3 - 已分配: 0.25GB, 已保留: 1.37GB
  GPU 5 - 已分配: 0.02GB, 已保留: 0.06GB

============================================================
Epoch 60/100
============================================================
Epoch: 59 [0/391] Loss: 0.2030 | Acc: 96.09% | Time: 0.0258s | GPU Mem: [GPU1:0.00GB, GPU2:0.02GB, GPU3:0.26GB, GPU5:0.02GB]
Epoch: 59 [100/391] Loss: 0.2111 | Acc: 93.29% | Time: 0.0537s | GPU Mem: [GPU1:0.00GB, GPU2:0.02GB, GPU3:0.26GB, GPU5:0.02GB]
Epoch: 59 [200/391] Loss: 0.2384 | Acc: 93.10% | Time: 0.0315s | GPU Mem: [GPU1:0.00GB, GPU2:0.02GB, GPU3:0.26GB, GPU5:0.02GB]
Epoch: 59 [300/391] Loss: 0.3350 | Acc: 92.70% | Time: 0.0309s | GPU Mem: [GPU1:0.00GB, GPU2:0.02GB, GPU3:0.26GB, GPU5:0.02GB]

训练 - Loss: 0.2460, Acc: 92.54%
测试 - Loss: 0.9605, Acc: 75.22%
学习率: 0.010000, 时间: 24.11s
GPU内存使用:
  GPU 1 - 已分配: 0.00GB, 已保留: 0.15GB
  GPU 2 - 已分配: 0.02GB, 已保留: 2.71GB
  GPU 3 - 已分配: 0.25GB, 已保留: 1.37GB
  GPU 5 - 已分配: 0.02GB, 已保留: 0.06GB
保存checkpoint到: ./checkpoints/checkpoint_mp_epoch_60.pth

============================================================
Epoch 61/100
============================================================
Epoch: 60 [0/391] Loss: 0.1811 | Acc: 93.75% | Time: 0.0409s | GPU Mem: [GPU1:0.00GB, GPU2:0.02GB, GPU3:0.26GB, GPU5:0.02GB]
Epoch: 60 [100/391] Loss: 0.2949 | Acc: 93.96% | Time: 0.0350s | GPU Mem: [GPU1:0.00GB, GPU2:0.02GB, GPU3:0.25GB, GPU5:0.02GB]
Epoch: 60 [200/391] Loss: 0.2312 | Acc: 93.48% | Time: 0.0369s | GPU Mem: [GPU1:0.00GB, GPU2:0.02GB, GPU3:0.25GB, GPU5:0.02GB]
Epoch: 60 [300/391] Loss: 0.4465 | Acc: 93.17% | Time: 0.0279s | GPU Mem: [GPU1:0.00GB, GPU2:0.02GB, GPU3:0.25GB, GPU5:0.02GB]

训练 - Loss: 0.2280, Acc: 93.04%
测试 - Loss: 0.9950, Acc: 74.83%
学习率: 0.010000, 时间: 24.12s
GPU内存使用:
  GPU 1 - 已分配: 0.00GB, 已保留: 0.15GB
  GPU 2 - 已分配: 0.02GB, 已保留: 2.71GB
  GPU 3 - 已分配: 0.25GB, 已保留: 1.37GB
  GPU 5 - 已分配: 0.02GB, 已保留: 0.06GB

============================================================
Epoch 62/100
============================================================
Epoch: 61 [0/391] Loss: 0.1159 | Acc: 98.44% | Time: 0.0346s | GPU Mem: [GPU1:0.00GB, GPU2:0.02GB, GPU3:0.26GB, GPU5:0.02GB]
Epoch: 61 [100/391] Loss: 0.1801 | Acc: 94.68% | Time: 0.0337s | GPU Mem: [GPU1:0.00GB, GPU2:0.02GB, GPU3:0.25GB, GPU5:0.02GB]
Epoch: 61 [200/391] Loss: 0.2280 | Acc: 94.23% | Time: 0.0317s | GPU Mem: [GPU1:0.00GB, GPU2:0.02GB, GPU3:0.25GB, GPU5:0.02GB]
Epoch: 61 [300/391] Loss: 0.1630 | Acc: 93.95% | Time: 0.0252s | GPU Mem: [GPU1:0.00GB, GPU2:0.02GB, GPU3:0.25GB, GPU5:0.02GB]

训练 - Loss: 0.2078, Acc: 93.74%
测试 - Loss: 1.0170, Acc: 74.94%
学习率: 0.010000, 时间: 24.12s
GPU内存使用:
  GPU 1 - 已分配: 0.00GB, 已保留: 0.15GB
  GPU 2 - 已分配: 0.02GB, 已保留: 2.71GB
  GPU 3 - 已分配: 0.25GB, 已保留: 1.37GB
  GPU 5 - 已分配: 0.02GB, 已保留: 0.06GB

============================================================
Epoch 63/100
============================================================
Epoch: 62 [0/391] Loss: 0.1788 | Acc: 96.88% | Time: 0.0377s | GPU Mem: [GPU1:0.00GB, GPU2:0.02GB, GPU3:0.26GB, GPU5:0.02GB]
Epoch: 62 [100/391] Loss: 0.1659 | Acc: 94.68% | Time: 0.0290s | GPU Mem: [GPU1:0.00GB, GPU2:0.02GB, GPU3:0.26GB, GPU5:0.02GB]
Epoch: 62 [200/391] Loss: 0.1790 | Acc: 94.53% | Time: 0.0351s | GPU Mem: [GPU1:0.00GB, GPU2:0.02GB, GPU3:0.26GB, GPU5:0.02GB]
Epoch: 62 [300/391] Loss: 0.2789 | Acc: 94.22% | Time: 0.0382s | GPU Mem: [GPU1:0.00GB, GPU2:0.02GB, GPU3:0.26GB, GPU5:0.02GB]

训练 - Loss: 0.2008, Acc: 94.07%
测试 - Loss: 1.0656, Acc: 73.95%
学习率: 0.010000, 时间: 24.11s
GPU内存使用:
  GPU 1 - 已分配: 0.00GB, 已保留: 0.15GB
  GPU 2 - 已分配: 0.02GB, 已保留: 2.71GB
  GPU 3 - 已分配: 0.25GB, 已保留: 1.37GB
  GPU 5 - 已分配: 0.02GB, 已保留: 0.06GB

============================================================
Epoch 64/100
============================================================
Epoch: 63 [0/391] Loss: 0.1998 | Acc: 96.09% | Time: 0.0294s | GPU Mem: [GPU1:0.00GB, GPU2:0.02GB, GPU3:0.26GB, GPU5:0.02GB]
Epoch: 63 [100/391] Loss: 0.1296 | Acc: 94.76% | Time: 0.0266s | GPU Mem: [GPU1:0.00GB, GPU2:0.02GB, GPU3:0.25GB, GPU5:0.02GB]
Epoch: 63 [200/391] Loss: 0.2392 | Acc: 94.67% | Time: 0.0312s | GPU Mem: [GPU1:0.00GB, GPU2:0.02GB, GPU3:0.25GB, GPU5:0.02GB]
Epoch: 63 [300/391] Loss: 0.1661 | Acc: 94.59% | Time: 0.0317s | GPU Mem: [GPU1:0.00GB, GPU2:0.02GB, GPU3:0.25GB, GPU5:0.02GB]

训练 - Loss: 0.1857, Acc: 94.48%
测试 - Loss: 1.0563, Acc: 74.22%
学习率: 0.010000, 时间: 24.12s
GPU内存使用:
  GPU 1 - 已分配: 0.00GB, 已保留: 0.15GB
  GPU 2 - 已分配: 0.02GB, 已保留: 2.71GB
  GPU 3 - 已分配: 0.25GB, 已保留: 1.37GB
  GPU 5 - 已分配: 0.02GB, 已保留: 0.06GB

============================================================
Epoch 65/100
============================================================
Epoch: 64 [0/391] Loss: 0.1603 | Acc: 94.53% | Time: 0.0380s | GPU Mem: [GPU1:0.00GB, GPU2:0.02GB, GPU3:0.26GB, GPU5:0.02GB]
Epoch: 64 [100/391] Loss: 0.1761 | Acc: 95.52% | Time: 0.0253s | GPU Mem: [GPU1:0.00GB, GPU2:0.02GB, GPU3:0.25GB, GPU5:0.02GB]
Epoch: 64 [200/391] Loss: 0.1138 | Acc: 95.20% | Time: 0.0241s | GPU Mem: [GPU1:0.00GB, GPU2:0.02GB, GPU3:0.25GB, GPU5:0.02GB]
Epoch: 64 [300/391] Loss: 0.2313 | Acc: 94.96% | Time: 0.0295s | GPU Mem: [GPU1:0.00GB, GPU2:0.02GB, GPU3:0.25GB, GPU5:0.02GB]

训练 - Loss: 0.1776, Acc: 94.71%
测试 - Loss: 1.0904, Acc: 73.92%
学习率: 0.010000, 时间: 24.11s
GPU内存使用:
  GPU 1 - 已分配: 0.00GB, 已保留: 0.15GB
  GPU 2 - 已分配: 0.02GB, 已保留: 2.71GB
  GPU 3 - 已分配: 0.25GB, 已保留: 1.37GB
  GPU 5 - 已分配: 0.02GB, 已保留: 0.06GB

============================================================
Epoch 66/100
============================================================
Epoch: 65 [0/391] Loss: 0.1562 | Acc: 94.53% | Time: 0.0337s | GPU Mem: [GPU1:0.00GB, GPU2:0.02GB, GPU3:0.26GB, GPU5:0.02GB]
Epoch: 65 [100/391] Loss: 0.1951 | Acc: 95.79% | Time: 0.0277s | GPU Mem: [GPU1:0.00GB, GPU2:0.02GB, GPU3:0.26GB, GPU5:0.02GB]
Epoch: 65 [200/391] Loss: 0.1302 | Acc: 95.49% | Time: 0.0388s | GPU Mem: [GPU1:0.00GB, GPU2:0.02GB, GPU3:0.26GB, GPU5:0.02GB]
Epoch: 65 [300/391] Loss: 0.1744 | Acc: 95.25% | Time: 0.0301s | GPU Mem: [GPU1:0.00GB, GPU2:0.02GB, GPU3:0.26GB, GPU5:0.02GB]

训练 - Loss: 0.1701, Acc: 94.91%
测试 - Loss: 1.0850, Acc: 73.99%
学习率: 0.010000, 时间: 24.12s
GPU内存使用:
  GPU 1 - 已分配: 0.00GB, 已保留: 0.15GB
  GPU 2 - 已分配: 0.02GB, 已保留: 2.71GB
  GPU 3 - 已分配: 0.25GB, 已保留: 1.37GB
  GPU 5 - 已分配: 0.02GB, 已保留: 0.06GB

============================================================
Epoch 67/100
============================================================
Epoch: 66 [0/391] Loss: 0.1667 | Acc: 96.88% | Time: 0.0360s | GPU Mem: [GPU1:0.00GB, GPU2:0.02GB, GPU3:0.26GB, GPU5:0.02GB]
Epoch: 66 [100/391] Loss: 0.2173 | Acc: 95.37% | Time: 0.0262s | GPU Mem: [GPU1:0.00GB, GPU2:0.02GB, GPU3:0.25GB, GPU5:0.02GB]
Epoch: 66 [200/391] Loss: 0.1224 | Acc: 95.33% | Time: 0.0267s | GPU Mem: [GPU1:0.00GB, GPU2:0.02GB, GPU3:0.25GB, GPU5:0.02GB]
Epoch: 66 [300/391] Loss: 0.1364 | Acc: 95.23% | Time: 0.0290s | GPU Mem: [GPU1:0.00GB, GPU2:0.02GB, GPU3:0.25GB, GPU5:0.02GB]

训练 - Loss: 0.1657, Acc: 95.06%
测试 - Loss: 1.1098, Acc: 74.06%
学习率: 0.010000, 时间: 24.12s
GPU内存使用:
  GPU 1 - 已分配: 0.00GB, 已保留: 0.15GB
  GPU 2 - 已分配: 0.02GB, 已保留: 2.71GB
  GPU 3 - 已分配: 0.25GB, 已保留: 1.37GB
  GPU 5 - 已分配: 0.02GB, 已保留: 0.06GB

============================================================
Epoch 68/100
============================================================
Epoch: 67 [0/391] Loss: 0.1344 | Acc: 96.88% | Time: 0.0409s | GPU Mem: [GPU1:0.00GB, GPU2:0.02GB, GPU3:0.26GB, GPU5:0.02GB]
Epoch: 67 [100/391] Loss: 0.1418 | Acc: 95.49% | Time: 0.0218s | GPU Mem: [GPU1:0.00GB, GPU2:0.02GB, GPU3:0.25GB, GPU5:0.02GB]
Epoch: 67 [200/391] Loss: 0.1621 | Acc: 95.34% | Time: 0.0307s | GPU Mem: [GPU1:0.00GB, GPU2:0.02GB, GPU3:0.25GB, GPU5:0.02GB]
Epoch: 67 [300/391] Loss: 0.1606 | Acc: 95.26% | Time: 0.0288s | GPU Mem: [GPU1:0.00GB, GPU2:0.02GB, GPU3:0.25GB, GPU5:0.02GB]

训练 - Loss: 0.1633, Acc: 95.03%
测试 - Loss: 1.1677, Acc: 73.51%
学习率: 0.010000, 时间: 24.11s
GPU内存使用:
  GPU 1 - 已分配: 0.00GB, 已保留: 0.15GB
  GPU 2 - 已分配: 0.02GB, 已保留: 2.71GB
  GPU 3 - 已分配: 0.25GB, 已保留: 1.37GB
  GPU 5 - 已分配: 0.02GB, 已保留: 0.06GB

============================================================
Epoch 69/100
============================================================
Epoch: 68 [0/391] Loss: 0.1701 | Acc: 94.53% | Time: 0.0346s | GPU Mem: [GPU1:0.00GB, GPU2:0.02GB, GPU3:0.26GB, GPU5:0.02GB]
Epoch: 68 [100/391] Loss: 0.1531 | Acc: 95.89% | Time: 0.0272s | GPU Mem: [GPU1:0.00GB, GPU2:0.02GB, GPU3:0.26GB, GPU5:0.02GB]
Epoch: 68 [200/391] Loss: 0.1372 | Acc: 95.64% | Time: 0.0371s | GPU Mem: [GPU1:0.00GB, GPU2:0.02GB, GPU3:0.26GB, GPU5:0.02GB]
Epoch: 68 [300/391] Loss: 0.2659 | Acc: 95.34% | Time: 0.0275s | GPU Mem: [GPU1:0.00GB, GPU2:0.02GB, GPU3:0.26GB, GPU5:0.02GB]

训练 - Loss: 0.1619, Acc: 95.10%
测试 - Loss: 1.1304, Acc: 73.67%
学习率: 0.010000, 时间: 24.12s
GPU内存使用:
  GPU 1 - 已分配: 0.00GB, 已保留: 0.15GB
  GPU 2 - 已分配: 0.02GB, 已保留: 2.71GB
  GPU 3 - 已分配: 0.25GB, 已保留: 1.37GB
  GPU 5 - 已分配: 0.02GB, 已保留: 0.06GB

============================================================
Epoch 70/100
============================================================
Epoch: 69 [0/391] Loss: 0.0950 | Acc: 96.88% | Time: 0.0372s | GPU Mem: [GPU1:0.00GB, GPU2:0.02GB, GPU3:0.26GB, GPU5:0.02GB]
Epoch: 69 [100/391] Loss: 0.1112 | Acc: 96.19% | Time: 0.0261s | GPU Mem: [GPU1:0.00GB, GPU2:0.02GB, GPU3:0.25GB, GPU5:0.02GB]
Epoch: 69 [200/391] Loss: 0.1669 | Acc: 96.07% | Time: 0.0264s | GPU Mem: [GPU1:0.00GB, GPU2:0.02GB, GPU3:0.25GB, GPU5:0.02GB]
Epoch: 69 [300/391] Loss: 0.1142 | Acc: 95.85% | Time: 0.0278s | GPU Mem: [GPU1:0.00GB, GPU2:0.02GB, GPU3:0.25GB, GPU5:0.02GB]

训练 - Loss: 0.1496, Acc: 95.55%
测试 - Loss: 1.1416, Acc: 73.40%
学习率: 0.010000, 时间: 24.11s
GPU内存使用:
  GPU 1 - 已分配: 0.00GB, 已保留: 0.15GB
  GPU 2 - 已分配: 0.02GB, 已保留: 2.71GB
  GPU 3 - 已分配: 0.25GB, 已保留: 1.37GB
  GPU 5 - 已分配: 0.02GB, 已保留: 0.06GB
保存checkpoint到: ./checkpoints/checkpoint_mp_epoch_70.pth

============================================================
Epoch 71/100
============================================================
Epoch: 70 [0/391] Loss: 0.1103 | Acc: 98.44% | Time: 0.0353s | GPU Mem: [GPU1:0.00GB, GPU2:0.02GB, GPU3:0.26GB, GPU5:0.02GB]
Epoch: 70 [100/391] Loss: 0.1291 | Acc: 95.78% | Time: 0.0254s | GPU Mem: [GPU1:0.00GB, GPU2:0.02GB, GPU3:0.25GB, GPU5:0.02GB]
Epoch: 70 [200/391] Loss: 0.1592 | Acc: 95.68% | Time: 0.0279s | GPU Mem: [GPU1:0.00GB, GPU2:0.02GB, GPU3:0.25GB, GPU5:0.02GB]
Epoch: 70 [300/391] Loss: 0.2450 | Acc: 95.48% | Time: 0.0288s | GPU Mem: [GPU1:0.00GB, GPU2:0.02GB, GPU3:0.25GB, GPU5:0.02GB]

训练 - Loss: 0.1562, Acc: 95.28%
测试 - Loss: 1.1273, Acc: 73.67%
学习率: 0.010000, 时间: 24.13s
GPU内存使用:
  GPU 1 - 已分配: 0.00GB, 已保留: 0.15GB
  GPU 2 - 已分配: 0.02GB, 已保留: 2.71GB
  GPU 3 - 已分配: 0.25GB, 已保留: 1.37GB
  GPU 5 - 已分配: 0.02GB, 已保留: 0.06GB

============================================================
Epoch 72/100
============================================================
Epoch: 71 [0/391] Loss: 0.1400 | Acc: 96.09% | Time: 0.0297s | GPU Mem: [GPU1:0.00GB, GPU2:0.02GB, GPU3:0.26GB, GPU5:0.02GB]
Epoch: 71 [100/391] Loss: 0.2048 | Acc: 95.82% | Time: 0.0334s | GPU Mem: [GPU1:0.00GB, GPU2:0.02GB, GPU3:0.26GB, GPU5:0.02GB]
Epoch: 71 [200/391] Loss: 0.1662 | Acc: 95.58% | Time: 0.0334s | GPU Mem: [GPU1:0.00GB, GPU2:0.02GB, GPU3:0.26GB, GPU5:0.02GB]
Epoch: 71 [300/391] Loss: 0.1364 | Acc: 95.46% | Time: 0.0328s | GPU Mem: [GPU1:0.00GB, GPU2:0.02GB, GPU3:0.26GB, GPU5:0.02GB]

训练 - Loss: 0.1559, Acc: 95.31%
测试 - Loss: 1.1584, Acc: 72.64%
学习率: 0.010000, 时间: 24.12s
GPU内存使用:
  GPU 1 - 已分配: 0.00GB, 已保留: 0.15GB
  GPU 2 - 已分配: 0.02GB, 已保留: 2.71GB
  GPU 3 - 已分配: 0.25GB, 已保留: 1.37GB
  GPU 5 - 已分配: 0.02GB, 已保留: 0.06GB

============================================================
Epoch 73/100
============================================================
Epoch: 72 [0/391] Loss: 0.0853 | Acc: 97.66% | Time: 0.0337s | GPU Mem: [GPU1:0.00GB, GPU2:0.02GB, GPU3:0.26GB, GPU5:0.02GB]
Epoch: 72 [100/391] Loss: 0.1392 | Acc: 95.77% | Time: 0.0278s | GPU Mem: [GPU1:0.00GB, GPU2:0.02GB, GPU3:0.25GB, GPU5:0.02GB]
Epoch: 72 [200/391] Loss: 0.1196 | Acc: 95.81% | Time: 0.0324s | GPU Mem: [GPU1:0.00GB, GPU2:0.02GB, GPU3:0.25GB, GPU5:0.02GB]
Epoch: 72 [300/391] Loss: 0.1621 | Acc: 95.56% | Time: 0.0286s | GPU Mem: [GPU1:0.00GB, GPU2:0.02GB, GPU3:0.25GB, GPU5:0.02GB]

训练 - Loss: 0.1567, Acc: 95.23%
测试 - Loss: 1.1907, Acc: 72.57%
学习率: 0.010000, 时间: 24.12s
GPU内存使用:
  GPU 1 - 已分配: 0.00GB, 已保留: 0.15GB
  GPU 2 - 已分配: 0.02GB, 已保留: 2.71GB
  GPU 3 - 已分配: 0.25GB, 已保留: 1.37GB
  GPU 5 - 已分配: 0.02GB, 已保留: 0.06GB

============================================================
Epoch 74/100
============================================================
Epoch: 73 [0/391] Loss: 0.1372 | Acc: 96.09% | Time: 0.0366s | GPU Mem: [GPU1:0.00GB, GPU2:0.02GB, GPU3:0.26GB, GPU5:0.02GB]
Epoch: 73 [100/391] Loss: 0.1751 | Acc: 95.56% | Time: 0.0341s | GPU Mem: [GPU1:0.00GB, GPU2:0.02GB, GPU3:0.25GB, GPU5:0.02GB]
Epoch: 73 [200/391] Loss: 0.1355 | Acc: 95.60% | Time: 0.0286s | GPU Mem: [GPU1:0.00GB, GPU2:0.02GB, GPU3:0.25GB, GPU5:0.02GB]
Epoch: 73 [300/391] Loss: 0.1196 | Acc: 95.36% | Time: 0.0216s | GPU Mem: [GPU1:0.00GB, GPU2:0.02GB, GPU3:0.25GB, GPU5:0.02GB]

训练 - Loss: 0.1593, Acc: 95.23%
测试 - Loss: 1.1775, Acc: 72.62%
学习率: 0.010000, 时间: 24.11s
GPU内存使用:
  GPU 1 - 已分配: 0.00GB, 已保留: 0.15GB
  GPU 2 - 已分配: 0.02GB, 已保留: 2.71GB
  GPU 3 - 已分配: 0.25GB, 已保留: 1.37GB
  GPU 5 - 已分配: 0.02GB, 已保留: 0.06GB

============================================================
Epoch 75/100
============================================================
Epoch: 74 [0/391] Loss: 0.2055 | Acc: 91.41% | Time: 0.0326s | GPU Mem: [GPU1:0.00GB, GPU2:0.02GB, GPU3:0.26GB, GPU5:0.02GB]
Epoch: 74 [100/391] Loss: 0.1317 | Acc: 95.80% | Time: 0.0267s | GPU Mem: [GPU1:0.00GB, GPU2:0.02GB, GPU3:0.26GB, GPU5:0.02GB]
Epoch: 74 [200/391] Loss: 0.0877 | Acc: 95.86% | Time: 0.0251s | GPU Mem: [GPU1:0.00GB, GPU2:0.02GB, GPU3:0.26GB, GPU5:0.02GB]
Epoch: 74 [300/391] Loss: 0.2430 | Acc: 95.56% | Time: 0.0385s | GPU Mem: [GPU1:0.00GB, GPU2:0.02GB, GPU3:0.26GB, GPU5:0.02GB]

训练 - Loss: 0.1558, Acc: 95.33%
测试 - Loss: 1.2103, Acc: 72.77%
学习率: 0.010000, 时间: 24.12s
GPU内存使用:
  GPU 1 - 已分配: 0.00GB, 已保留: 0.15GB
  GPU 2 - 已分配: 0.02GB, 已保留: 2.71GB
  GPU 3 - 已分配: 0.25GB, 已保留: 1.37GB
  GPU 5 - 已分配: 0.02GB, 已保留: 0.06GB

============================================================
Epoch 76/100
============================================================
Epoch: 75 [0/391] Loss: 0.1779 | Acc: 94.53% | Time: 0.0362s | GPU Mem: [GPU1:0.00GB, GPU2:0.02GB, GPU3:0.26GB, GPU5:0.02GB]
Epoch: 75 [100/391] Loss: 0.2153 | Acc: 96.43% | Time: 0.0331s | GPU Mem: [GPU1:0.00GB, GPU2:0.02GB, GPU3:0.25GB, GPU5:0.02GB]
Epoch: 75 [200/391] Loss: 0.1676 | Acc: 96.23% | Time: 0.0275s | GPU Mem: [GPU1:0.00GB, GPU2:0.02GB, GPU3:0.25GB, GPU5:0.02GB]
Epoch: 75 [300/391] Loss: 0.1627 | Acc: 95.96% | Time: 0.0307s | GPU Mem: [GPU1:0.00GB, GPU2:0.02GB, GPU3:0.25GB, GPU5:0.02GB]

训练 - Loss: 0.1454, Acc: 95.70%
测试 - Loss: 1.2168, Acc: 72.66%
学习率: 0.010000, 时间: 24.12s
GPU内存使用:
  GPU 1 - 已分配: 0.00GB, 已保留: 0.15GB
  GPU 2 - 已分配: 0.02GB, 已保留: 2.71GB
  GPU 3 - 已分配: 0.25GB, 已保留: 1.37GB
  GPU 5 - 已分配: 0.02GB, 已保留: 0.06GB

============================================================
Epoch 77/100
============================================================
Epoch: 76 [0/391] Loss: 0.1400 | Acc: 96.88% | Time: 0.0358s | GPU Mem: [GPU1:0.00GB, GPU2:0.02GB, GPU3:0.26GB, GPU5:0.02GB]
Epoch: 76 [100/391] Loss: 0.1307 | Acc: 96.35% | Time: 0.0310s | GPU Mem: [GPU1:0.00GB, GPU2:0.02GB, GPU3:0.25GB, GPU5:0.02GB]
Epoch: 76 [200/391] Loss: 0.1963 | Acc: 95.92% | Time: 0.0231s | GPU Mem: [GPU1:0.00GB, GPU2:0.02GB, GPU3:0.25GB, GPU5:0.02GB]
Epoch: 76 [300/391] Loss: 0.2412 | Acc: 95.33% | Time: 0.0292s | GPU Mem: [GPU1:0.00GB, GPU2:0.02GB, GPU3:0.25GB, GPU5:0.02GB]

训练 - Loss: 0.1585, Acc: 95.20%
测试 - Loss: 1.2458, Acc: 71.52%
学习率: 0.010000, 时间: 24.12s
GPU内存使用:
  GPU 1 - 已分配: 0.00GB, 已保留: 0.15GB
  GPU 2 - 已分配: 0.02GB, 已保留: 2.71GB
  GPU 3 - 已分配: 0.25GB, 已保留: 1.37GB
  GPU 5 - 已分配: 0.02GB, 已保留: 0.06GB

============================================================
Epoch 78/100
============================================================
Epoch: 77 [0/391] Loss: 0.1928 | Acc: 93.75% | Time: 0.0388s | GPU Mem: [GPU1:0.00GB, GPU2:0.02GB, GPU3:0.26GB, GPU5:0.02GB]
Epoch: 77 [100/391] Loss: 0.1496 | Acc: 95.75% | Time: 0.0339s | GPU Mem: [GPU1:0.00GB, GPU2:0.02GB, GPU3:0.26GB, GPU5:0.02GB]
Epoch: 77 [200/391] Loss: 0.1273 | Acc: 95.70% | Time: 0.0274s | GPU Mem: [GPU1:0.00GB, GPU2:0.02GB, GPU3:0.26GB, GPU5:0.02GB]
Epoch: 77 [300/391] Loss: 0.1494 | Acc: 95.63% | Time: 0.0368s | GPU Mem: [GPU1:0.00GB, GPU2:0.02GB, GPU3:0.26GB, GPU5:0.02GB]

训练 - Loss: 0.1582, Acc: 95.33%
测试 - Loss: 1.2319, Acc: 72.12%
学习率: 0.010000, 时间: 24.12s
GPU内存使用:
  GPU 1 - 已分配: 0.00GB, 已保留: 0.15GB
  GPU 2 - 已分配: 0.02GB, 已保留: 2.71GB
  GPU 3 - 已分配: 0.25GB, 已保留: 1.37GB
  GPU 5 - 已分配: 0.02GB, 已保留: 0.06GB

============================================================
Epoch 79/100
============================================================
Epoch: 78 [0/391] Loss: 0.2202 | Acc: 93.75% | Time: 0.0306s | GPU Mem: [GPU1:0.00GB, GPU2:0.02GB, GPU3:0.26GB, GPU5:0.02GB]
Epoch: 78 [100/391] Loss: 0.1452 | Acc: 96.00% | Time: 0.0310s | GPU Mem: [GPU1:0.00GB, GPU2:0.02GB, GPU3:0.25GB, GPU5:0.02GB]
Epoch: 78 [200/391] Loss: 0.2332 | Acc: 95.36% | Time: 0.0323s | GPU Mem: [GPU1:0.00GB, GPU2:0.02GB, GPU3:0.25GB, GPU5:0.02GB]
Epoch: 78 [300/391] Loss: 0.1522 | Acc: 95.11% | Time: 0.0296s | GPU Mem: [GPU1:0.00GB, GPU2:0.02GB, GPU3:0.25GB, GPU5:0.02GB]

训练 - Loss: 0.1669, Acc: 94.86%
测试 - Loss: 1.1918, Acc: 72.32%
学习率: 0.010000, 时间: 24.11s
GPU内存使用:
  GPU 1 - 已分配: 0.00GB, 已保留: 0.15GB
  GPU 2 - 已分配: 0.02GB, 已保留: 2.71GB
  GPU 3 - 已分配: 0.25GB, 已保留: 1.37GB
  GPU 5 - 已分配: 0.02GB, 已保留: 0.06GB

============================================================
Epoch 80/100
============================================================
Epoch: 79 [0/391] Loss: 0.1339 | Acc: 95.31% | Time: 0.0356s | GPU Mem: [GPU1:0.00GB, GPU2:0.02GB, GPU3:0.26GB, GPU5:0.02GB]
Epoch: 79 [100/391] Loss: 0.0871 | Acc: 95.51% | Time: 0.0300s | GPU Mem: [GPU1:0.00GB, GPU2:0.02GB, GPU3:0.25GB, GPU5:0.02GB]
Epoch: 79 [200/391] Loss: 0.2309 | Acc: 95.37% | Time: 0.0293s | GPU Mem: [GPU1:0.00GB, GPU2:0.02GB, GPU3:0.25GB, GPU5:0.02GB]
Epoch: 79 [300/391] Loss: 0.2204 | Acc: 95.18% | Time: 0.0274s | GPU Mem: [GPU1:0.00GB, GPU2:0.02GB, GPU3:0.25GB, GPU5:0.02GB]

训练 - Loss: 0.1657, Acc: 94.99%
测试 - Loss: 1.2202, Acc: 71.73%
学习率: 0.010000, 时间: 24.12s
GPU内存使用:
  GPU 1 - 已分配: 0.00GB, 已保留: 0.15GB
  GPU 2 - 已分配: 0.02GB, 已保留: 2.71GB
  GPU 3 - 已分配: 0.25GB, 已保留: 1.37GB
  GPU 5 - 已分配: 0.02GB, 已保留: 0.06GB
保存checkpoint到: ./checkpoints/checkpoint_mp_epoch_80.pth

============================================================
Epoch 81/100
============================================================
Epoch: 80 [0/391] Loss: 0.1132 | Acc: 96.09% | Time: 0.0421s | GPU Mem: [GPU1:0.00GB, GPU2:0.02GB, GPU3:0.26GB, GPU5:0.02GB]
Epoch: 80 [100/391] Loss: 0.0994 | Acc: 95.71% | Time: 0.0275s | GPU Mem: [GPU1:0.00GB, GPU2:0.02GB, GPU3:0.26GB, GPU5:0.02GB]
Epoch: 80 [200/391] Loss: 0.1548 | Acc: 95.48% | Time: 0.0334s | GPU Mem: [GPU1:0.00GB, GPU2:0.02GB, GPU3:0.26GB, GPU5:0.02GB]
Epoch: 80 [300/391] Loss: 0.1787 | Acc: 95.32% | Time: 0.0313s | GPU Mem: [GPU1:0.00GB, GPU2:0.02GB, GPU3:0.26GB, GPU5:0.02GB]

训练 - Loss: 0.1564, Acc: 95.17%
测试 - Loss: 1.2448, Acc: 71.69%
学习率: 0.010000, 时间: 24.12s
GPU内存使用:
  GPU 1 - 已分配: 0.00GB, 已保留: 0.15GB
  GPU 2 - 已分配: 0.02GB, 已保留: 2.71GB
  GPU 3 - 已分配: 0.25GB, 已保留: 1.37GB
  GPU 5 - 已分配: 0.02GB, 已保留: 0.06GB

============================================================
Epoch 82/100
============================================================
Epoch: 81 [0/391] Loss: 0.1591 | Acc: 93.75% | Time: 0.0359s | GPU Mem: [GPU1:0.00GB, GPU2:0.02GB, GPU3:0.26GB, GPU5:0.02GB]
Epoch: 81 [100/391] Loss: 0.2159 | Acc: 95.62% | Time: 0.0294s | GPU Mem: [GPU1:0.00GB, GPU2:0.02GB, GPU3:0.25GB, GPU5:0.02GB]
Epoch: 81 [200/391] Loss: 0.2286 | Acc: 95.55% | Time: 0.0271s | GPU Mem: [GPU1:0.00GB, GPU2:0.02GB, GPU3:0.25GB, GPU5:0.02GB]
Epoch: 81 [300/391] Loss: 0.1865 | Acc: 95.35% | Time: 0.0333s | GPU Mem: [GPU1:0.00GB, GPU2:0.02GB, GPU3:0.25GB, GPU5:0.02GB]

训练 - Loss: 0.1622, Acc: 95.11%
测试 - Loss: 1.2614, Acc: 71.47%
学习率: 0.010000, 时间: 24.12s
GPU内存使用:
  GPU 1 - 已分配: 0.00GB, 已保留: 0.15GB
  GPU 2 - 已分配: 0.02GB, 已保留: 2.71GB
  GPU 3 - 已分配: 0.25GB, 已保留: 1.37GB
  GPU 5 - 已分配: 0.02GB, 已保留: 0.06GB

============================================================
Epoch 83/100
============================================================
Epoch: 82 [0/391] Loss: 0.1234 | Acc: 97.66% | Time: 0.0353s | GPU Mem: [GPU1:0.00GB, GPU2:0.02GB, GPU3:0.26GB, GPU5:0.02GB]
Epoch: 82 [100/391] Loss: 0.2006 | Acc: 95.86% | Time: 0.0288s | GPU Mem: [GPU1:0.00GB, GPU2:0.02GB, GPU3:0.25GB, GPU5:0.02GB]
Epoch: 82 [200/391] Loss: 0.1758 | Acc: 95.64% | Time: 0.0311s | GPU Mem: [GPU1:0.00GB, GPU2:0.02GB, GPU3:0.25GB, GPU5:0.02GB]
Epoch: 82 [300/391] Loss: 0.2217 | Acc: 95.10% | Time: 0.0320s | GPU Mem: [GPU1:0.00GB, GPU2:0.02GB, GPU3:0.25GB, GPU5:0.02GB]

训练 - Loss: 0.1732, Acc: 94.75%
测试 - Loss: 1.2150, Acc: 71.48%
学习率: 0.010000, 时间: 24.12s
GPU内存使用:
  GPU 1 - 已分配: 0.00GB, 已保留: 0.15GB
  GPU 2 - 已分配: 0.02GB, 已保留: 2.71GB
  GPU 3 - 已分配: 0.25GB, 已保留: 1.37GB
  GPU 5 - 已分配: 0.02GB, 已保留: 0.06GB

============================================================
Epoch 84/100
============================================================
Epoch: 83 [0/391] Loss: 0.1835 | Acc: 93.75% | Time: 0.0363s | GPU Mem: [GPU1:0.00GB, GPU2:0.02GB, GPU3:0.26GB, GPU5:0.02GB]
Epoch: 83 [100/391] Loss: 0.2106 | Acc: 95.54% | Time: 0.0283s | GPU Mem: [GPU1:0.00GB, GPU2:0.02GB, GPU3:0.26GB, GPU5:0.02GB]
Epoch: 83 [200/391] Loss: 0.2289 | Acc: 95.48% | Time: 0.0282s | GPU Mem: [GPU1:0.00GB, GPU2:0.02GB, GPU3:0.26GB, GPU5:0.02GB]
Epoch: 83 [300/391] Loss: 0.2131 | Acc: 95.31% | Time: 0.0243s | GPU Mem: [GPU1:0.00GB, GPU2:0.02GB, GPU3:0.26GB, GPU5:0.02GB]

训练 - Loss: 0.1604, Acc: 95.08%
测试 - Loss: 1.2495, Acc: 71.67%
学习率: 0.010000, 时间: 24.12s
GPU内存使用:
  GPU 1 - 已分配: 0.00GB, 已保留: 0.15GB
  GPU 2 - 已分配: 0.02GB, 已保留: 2.71GB
  GPU 3 - 已分配: 0.25GB, 已保留: 1.37GB
  GPU 5 - 已分配: 0.02GB, 已保留: 0.06GB

============================================================
Epoch 85/100
============================================================
Epoch: 84 [0/391] Loss: 0.1374 | Acc: 97.66% | Time: 0.0297s | GPU Mem: [GPU1:0.00GB, GPU2:0.02GB, GPU3:0.26GB, GPU5:0.02GB]
Epoch: 84 [100/391] Loss: 0.1110 | Acc: 95.87% | Time: 0.0297s | GPU Mem: [GPU1:0.00GB, GPU2:0.02GB, GPU3:0.25GB, GPU5:0.02GB]
Epoch: 84 [200/391] Loss: 0.1819 | Acc: 95.53% | Time: 0.0319s | GPU Mem: [GPU1:0.00GB, GPU2:0.02GB, GPU3:0.25GB, GPU5:0.02GB]
Epoch: 84 [300/391] Loss: 0.1654 | Acc: 95.40% | Time: 0.0303s | GPU Mem: [GPU1:0.00GB, GPU2:0.02GB, GPU3:0.25GB, GPU5:0.02GB]

训练 - Loss: 0.1620, Acc: 95.20%
测试 - Loss: 1.2261, Acc: 71.72%
学习率: 0.010000, 时间: 24.12s
GPU内存使用:
  GPU 1 - 已分配: 0.00GB, 已保留: 0.15GB
  GPU 2 - 已分配: 0.02GB, 已保留: 2.71GB
  GPU 3 - 已分配: 0.25GB, 已保留: 1.37GB
  GPU 5 - 已分配: 0.02GB, 已保留: 0.06GB

============================================================
Epoch 86/100
============================================================
Epoch: 85 [0/391] Loss: 0.1001 | Acc: 96.09% | Time: 0.0364s | GPU Mem: [GPU1:0.00GB, GPU2:0.02GB, GPU3:0.26GB, GPU5:0.02GB]
Epoch: 85 [100/391] Loss: 0.1896 | Acc: 95.60% | Time: 0.0319s | GPU Mem: [GPU1:0.00GB, GPU2:0.02GB, GPU3:0.25GB, GPU5:0.02GB]
Epoch: 85 [200/391] Loss: 0.0957 | Acc: 95.37% | Time: 0.0288s | GPU Mem: [GPU1:0.00GB, GPU2:0.02GB, GPU3:0.25GB, GPU5:0.02GB]
Epoch: 85 [300/391] Loss: 0.2547 | Acc: 95.12% | Time: 0.0276s | GPU Mem: [GPU1:0.00GB, GPU2:0.02GB, GPU3:0.25GB, GPU5:0.02GB]

训练 - Loss: 0.1720, Acc: 94.67%
测试 - Loss: 1.3101, Acc: 70.45%
学习率: 0.010000, 时间: 24.12s
GPU内存使用:
  GPU 1 - 已分配: 0.00GB, 已保留: 0.15GB
  GPU 2 - 已分配: 0.02GB, 已保留: 2.71GB
  GPU 3 - 已分配: 0.25GB, 已保留: 1.37GB
  GPU 5 - 已分配: 0.02GB, 已保留: 0.06GB

============================================================
Epoch 87/100
============================================================
Epoch: 86 [0/391] Loss: 0.2208 | Acc: 92.19% | Time: 0.0321s | GPU Mem: [GPU1:0.00GB, GPU2:0.02GB, GPU3:0.26GB, GPU5:0.02GB]
Epoch: 86 [100/391] Loss: 0.2225 | Acc: 95.09% | Time: 0.0288s | GPU Mem: [GPU1:0.00GB, GPU2:0.02GB, GPU3:0.26GB, GPU5:0.02GB]
Epoch: 86 [200/391] Loss: 0.1898 | Acc: 95.25% | Time: 0.0308s | GPU Mem: [GPU1:0.00GB, GPU2:0.02GB, GPU3:0.26GB, GPU5:0.02GB]
Epoch: 86 [300/391] Loss: 0.1129 | Acc: 95.17% | Time: 0.0242s | GPU Mem: [GPU1:0.00GB, GPU2:0.02GB, GPU3:0.26GB, GPU5:0.02GB]

训练 - Loss: 0.1639, Acc: 94.90%
测试 - Loss: 1.1961, Acc: 72.28%
学习率: 0.010000, 时间: 24.12s
GPU内存使用:
  GPU 1 - 已分配: 0.00GB, 已保留: 0.15GB
  GPU 2 - 已分配: 0.02GB, 已保留: 2.71GB
  GPU 3 - 已分配: 0.25GB, 已保留: 1.37GB
  GPU 5 - 已分配: 0.02GB, 已保留: 0.06GB

============================================================
Epoch 88/100
============================================================
Epoch: 87 [0/391] Loss: 0.1508 | Acc: 95.31% | Time: 0.0351s | GPU Mem: [GPU1:0.00GB, GPU2:0.02GB, GPU3:0.26GB, GPU5:0.02GB]
Epoch: 87 [100/391] Loss: 0.1404 | Acc: 95.90% | Time: 0.0280s | GPU Mem: [GPU1:0.00GB, GPU2:0.02GB, GPU3:0.25GB, GPU5:0.02GB]
Epoch: 87 [200/391] Loss: 0.2073 | Acc: 95.51% | Time: 0.0232s | GPU Mem: [GPU1:0.00GB, GPU2:0.02GB, GPU3:0.25GB, GPU5:0.02GB]
Epoch: 87 [300/391] Loss: 0.1566 | Acc: 95.32% | Time: 0.0243s | GPU Mem: [GPU1:0.00GB, GPU2:0.02GB, GPU3:0.25GB, GPU5:0.02GB]

训练 - Loss: 0.1603, Acc: 95.13%
测试 - Loss: 1.2565, Acc: 71.47%
学习率: 0.010000, 时间: 24.11s
GPU内存使用:
  GPU 1 - 已分配: 0.00GB, 已保留: 0.15GB
  GPU 2 - 已分配: 0.02GB, 已保留: 2.71GB
  GPU 3 - 已分配: 0.25GB, 已保留: 1.37GB
  GPU 5 - 已分配: 0.02GB, 已保留: 0.06GB

============================================================
Epoch 89/100
============================================================
Epoch: 88 [0/391] Loss: 0.1685 | Acc: 94.53% | Time: 0.0271s | GPU Mem: [GPU1:0.00GB, GPU2:0.02GB, GPU3:0.26GB, GPU5:0.02GB]
Epoch: 88 [100/391] Loss: 0.0984 | Acc: 95.69% | Time: 0.0315s | GPU Mem: [GPU1:0.00GB, GPU2:0.02GB, GPU3:0.25GB, GPU5:0.02GB]
Epoch: 88 [200/391] Loss: 0.1380 | Acc: 95.40% | Time: 0.0268s | GPU Mem: [GPU1:0.00GB, GPU2:0.02GB, GPU3:0.25GB, GPU5:0.02GB]
Epoch: 88 [300/391] Loss: 0.1487 | Acc: 95.10% | Time: 0.0302s | GPU Mem: [GPU1:0.00GB, GPU2:0.02GB, GPU3:0.25GB, GPU5:0.02GB]

训练 - Loss: 0.1661, Acc: 94.97%
测试 - Loss: 1.2497, Acc: 71.11%
学习率: 0.010000, 时间: 24.12s
GPU内存使用:
  GPU 1 - 已分配: 0.00GB, 已保留: 0.15GB
  GPU 2 - 已分配: 0.02GB, 已保留: 2.71GB
  GPU 3 - 已分配: 0.25GB, 已保留: 1.37GB
  GPU 5 - 已分配: 0.02GB, 已保留: 0.06GB

============================================================
Epoch 90/100
============================================================
Epoch: 89 [0/391] Loss: 0.1682 | Acc: 93.75% | Time: 0.0362s | GPU Mem: [GPU1:0.00GB, GPU2:0.02GB, GPU3:0.26GB, GPU5:0.02GB]
Epoch: 89 [100/391] Loss: 0.1970 | Acc: 95.10% | Time: 0.0293s | GPU Mem: [GPU1:0.00GB, GPU2:0.02GB, GPU3:0.26GB, GPU5:0.02GB]
Epoch: 89 [200/391] Loss: 0.0931 | Acc: 94.87% | Time: 0.0232s | GPU Mem: [GPU1:0.00GB, GPU2:0.02GB, GPU3:0.26GB, GPU5:0.02GB]
Epoch: 89 [300/391] Loss: 0.1869 | Acc: 94.92% | Time: 0.0313s | GPU Mem: [GPU1:0.00GB, GPU2:0.02GB, GPU3:0.26GB, GPU5:0.02GB]

训练 - Loss: 0.1726, Acc: 94.69%
测试 - Loss: 1.2719, Acc: 70.87%
学习率: 0.010000, 时间: 24.12s
GPU内存使用:
  GPU 1 - 已分配: 0.00GB, 已保留: 0.15GB
  GPU 2 - 已分配: 0.02GB, 已保留: 2.71GB
  GPU 3 - 已分配: 0.25GB, 已保留: 1.37GB
  GPU 5 - 已分配: 0.02GB, 已保留: 0.06GB
保存checkpoint到: ./checkpoints/checkpoint_mp_epoch_90.pth

============================================================
Epoch 91/100
============================================================
Epoch: 90 [0/391] Loss: 0.2258 | Acc: 92.97% | Time: 0.0472s | GPU Mem: [GPU1:0.00GB, GPU2:0.02GB, GPU3:0.26GB, GPU5:0.02GB]
Epoch: 90 [100/391] Loss: 0.1878 | Acc: 95.36% | Time: 0.0278s | GPU Mem: [GPU1:0.00GB, GPU2:0.02GB, GPU3:0.25GB, GPU5:0.02GB]
Epoch: 90 [200/391] Loss: 0.1728 | Acc: 95.23% | Time: 0.0326s | GPU Mem: [GPU1:0.00GB, GPU2:0.02GB, GPU3:0.25GB, GPU5:0.02GB]
Epoch: 90 [300/391] Loss: 0.2361 | Acc: 95.12% | Time: 0.0345s | GPU Mem: [GPU1:0.00GB, GPU2:0.02GB, GPU3:0.25GB, GPU5:0.02GB]

训练 - Loss: 0.1693, Acc: 94.88%
测试 - Loss: 1.2452, Acc: 71.15%
学习率: 0.010000, 时间: 24.13s
GPU内存使用:
  GPU 1 - 已分配: 0.00GB, 已保留: 0.15GB
  GPU 2 - 已分配: 0.02GB, 已保留: 2.71GB
  GPU 3 - 已分配: 0.25GB, 已保留: 1.37GB
  GPU 5 - 已分配: 0.02GB, 已保留: 0.06GB

============================================================
Epoch 92/100
============================================================
Epoch: 91 [0/391] Loss: 0.1707 | Acc: 95.31% | Time: 0.0306s | GPU Mem: [GPU1:0.00GB, GPU2:0.02GB, GPU3:0.26GB, GPU5:0.02GB]
Epoch: 91 [100/391] Loss: 0.1285 | Acc: 95.27% | Time: 0.0242s | GPU Mem: [GPU1:0.00GB, GPU2:0.02GB, GPU3:0.25GB, GPU5:0.02GB]
Epoch: 91 [200/391] Loss: 0.1107 | Acc: 95.16% | Time: 0.0246s | GPU Mem: [GPU1:0.00GB, GPU2:0.02GB, GPU3:0.25GB, GPU5:0.02GB]
Epoch: 91 [300/391] Loss: 0.1582 | Acc: 95.04% | Time: 0.0303s | GPU Mem: [GPU1:0.00GB, GPU2:0.02GB, GPU3:0.25GB, GPU5:0.02GB]

训练 - Loss: 0.1701, Acc: 94.74%
测试 - Loss: 1.2516, Acc: 71.67%
学习率: 0.010000, 时间: 24.11s
GPU内存使用:
  GPU 1 - 已分配: 0.00GB, 已保留: 0.15GB
  GPU 2 - 已分配: 0.02GB, 已保留: 2.71GB
  GPU 3 - 已分配: 0.25GB, 已保留: 1.37GB
  GPU 5 - 已分配: 0.02GB, 已保留: 0.06GB

============================================================
Epoch 93/100
============================================================
Epoch: 92 [0/391] Loss: 0.1220 | Acc: 95.31% | Time: 0.0433s | GPU Mem: [GPU1:0.00GB, GPU2:0.02GB, GPU3:0.26GB, GPU5:0.02GB]
Epoch: 92 [100/391] Loss: 0.1042 | Acc: 95.76% | Time: 0.0282s | GPU Mem: [GPU1:0.00GB, GPU2:0.02GB, GPU3:0.26GB, GPU5:0.02GB]
Epoch: 92 [200/391] Loss: 0.1133 | Acc: 95.86% | Time: 0.0371s | GPU Mem: [GPU1:0.00GB, GPU2:0.02GB, GPU3:0.26GB, GPU5:0.02GB]
Epoch: 92 [300/391] Loss: 0.2203 | Acc: 95.46% | Time: 0.0303s | GPU Mem: [GPU1:0.00GB, GPU2:0.02GB, GPU3:0.26GB, GPU5:0.02GB]

训练 - Loss: 0.1591, Acc: 95.22%
测试 - Loss: 1.2404, Acc: 71.65%
学习率: 0.010000, 时间: 24.12s
GPU内存使用:
  GPU 1 - 已分配: 0.00GB, 已保留: 0.15GB
  GPU 2 - 已分配: 0.02GB, 已保留: 2.71GB
  GPU 3 - 已分配: 0.25GB, 已保留: 1.37GB
  GPU 5 - 已分配: 0.02GB, 已保留: 0.06GB

============================================================
Epoch 94/100
============================================================
Epoch: 93 [0/391] Loss: 0.1606 | Acc: 92.97% | Time: 0.0393s | GPU Mem: [GPU1:0.00GB, GPU2:0.02GB, GPU3:0.26GB, GPU5:0.02GB]
Epoch: 93 [100/391] Loss: 0.1066 | Acc: 96.33% | Time: 0.0277s | GPU Mem: [GPU1:0.00GB, GPU2:0.02GB, GPU3:0.25GB, GPU5:0.02GB]
Epoch: 93 [200/391] Loss: 0.1222 | Acc: 95.83% | Time: 0.0316s | GPU Mem: [GPU1:0.00GB, GPU2:0.02GB, GPU3:0.25GB, GPU5:0.02GB]
Epoch: 93 [300/391] Loss: 0.1350 | Acc: 95.37% | Time: 0.0239s | GPU Mem: [GPU1:0.00GB, GPU2:0.02GB, GPU3:0.25GB, GPU5:0.02GB]

训练 - Loss: 0.1610, Acc: 95.16%
测试 - Loss: 1.2631, Acc: 70.94%
学习率: 0.010000, 时间: 24.12s
GPU内存使用:
  GPU 1 - 已分配: 0.00GB, 已保留: 0.15GB
  GPU 2 - 已分配: 0.02GB, 已保留: 2.71GB
  GPU 3 - 已分配: 0.25GB, 已保留: 1.37GB
  GPU 5 - 已分配: 0.02GB, 已保留: 0.06GB

============================================================
Epoch 95/100
============================================================
Epoch: 94 [0/391] Loss: 0.1198 | Acc: 96.09% | Time: 0.0312s | GPU Mem: [GPU1:0.00GB, GPU2:0.02GB, GPU3:0.26GB, GPU5:0.02GB]
Epoch: 94 [100/391] Loss: 0.1582 | Acc: 95.68% | Time: 0.0312s | GPU Mem: [GPU1:0.00GB, GPU2:0.02GB, GPU3:0.25GB, GPU5:0.02GB]
Epoch: 94 [200/391] Loss: 0.1810 | Acc: 95.22% | Time: 0.0266s | GPU Mem: [GPU1:0.00GB, GPU2:0.02GB, GPU3:0.25GB, GPU5:0.02GB]
Epoch: 94 [300/391] Loss: 0.1793 | Acc: 95.07% | Time: 0.0256s | GPU Mem: [GPU1:0.00GB, GPU2:0.02GB, GPU3:0.25GB, GPU5:0.02GB]

训练 - Loss: 0.1681, Acc: 94.90%
测试 - Loss: 1.3057, Acc: 70.81%
学习率: 0.010000, 时间: 24.11s
GPU内存使用:
  GPU 1 - 已分配: 0.00GB, 已保留: 0.15GB
  GPU 2 - 已分配: 0.02GB, 已保留: 2.71GB
  GPU 3 - 已分配: 0.25GB, 已保留: 1.37GB
  GPU 5 - 已分配: 0.02GB, 已保留: 0.06GB

============================================================
Epoch 96/100
============================================================
Epoch: 95 [0/391] Loss: 0.1088 | Acc: 96.88% | Time: 0.0338s | GPU Mem: [GPU1:0.00GB, GPU2:0.02GB, GPU3:0.26GB, GPU5:0.02GB]
Epoch: 95 [100/391] Loss: 0.1430 | Acc: 95.47% | Time: 0.0248s | GPU Mem: [GPU1:0.00GB, GPU2:0.02GB, GPU3:0.26GB, GPU5:0.02GB]
Epoch: 95 [200/391] Loss: 0.1339 | Acc: 95.34% | Time: 0.0304s | GPU Mem: [GPU1:0.00GB, GPU2:0.02GB, GPU3:0.26GB, GPU5:0.02GB]
Epoch: 95 [300/391] Loss: 0.1719 | Acc: 94.96% | Time: 0.0315s | GPU Mem: [GPU1:0.00GB, GPU2:0.02GB, GPU3:0.26GB, GPU5:0.02GB]

训练 - Loss: 0.1746, Acc: 94.75%
测试 - Loss: 1.2810, Acc: 71.15%
学习率: 0.010000, 时间: 24.11s
GPU内存使用:
  GPU 1 - 已分配: 0.00GB, 已保留: 0.15GB
  GPU 2 - 已分配: 0.02GB, 已保留: 2.71GB
  GPU 3 - 已分配: 0.25GB, 已保留: 1.37GB
  GPU 5 - 已分配: 0.02GB, 已保留: 0.06GB

============================================================
Epoch 97/100
============================================================
Epoch: 96 [0/391] Loss: 0.1284 | Acc: 95.31% | Time: 0.0343s | GPU Mem: [GPU1:0.00GB, GPU2:0.02GB, GPU3:0.26GB, GPU5:0.02GB]
Epoch: 96 [100/391] Loss: 0.2360 | Acc: 95.06% | Time: 0.0283s | GPU Mem: [GPU1:0.00GB, GPU2:0.02GB, GPU3:0.25GB, GPU5:0.02GB]
Epoch: 96 [200/391] Loss: 0.1702 | Acc: 95.20% | Time: 0.0285s | GPU Mem: [GPU1:0.00GB, GPU2:0.02GB, GPU3:0.25GB, GPU5:0.02GB]
Epoch: 96 [300/391] Loss: 0.1867 | Acc: 95.17% | Time: 0.0308s | GPU Mem: [GPU1:0.00GB, GPU2:0.02GB, GPU3:0.25GB, GPU5:0.02GB]

训练 - Loss: 0.1612, Acc: 95.01%
测试 - Loss: 1.3015, Acc: 71.39%
学习率: 0.010000, 时间: 24.12s
GPU内存使用:
  GPU 1 - 已分配: 0.00GB, 已保留: 0.15GB
  GPU 2 - 已分配: 0.02GB, 已保留: 2.71GB
  GPU 3 - 已分配: 0.25GB, 已保留: 1.37GB
  GPU 5 - 已分配: 0.02GB, 已保留: 0.06GB

============================================================
Epoch 98/100
============================================================
Epoch: 97 [0/391] Loss: 0.1207 | Acc: 96.88% | Time: 0.0402s | GPU Mem: [GPU1:0.00GB, GPU2:0.02GB, GPU3:0.26GB, GPU5:0.02GB]
Epoch: 97 [100/391] Loss: 0.1459 | Acc: 95.51% | Time: 0.0287s | GPU Mem: [GPU1:0.00GB, GPU2:0.02GB, GPU3:0.25GB, GPU5:0.02GB]
Epoch: 97 [200/391] Loss: 0.1428 | Acc: 95.53% | Time: 0.0322s | GPU Mem: [GPU1:0.00GB, GPU2:0.02GB, GPU3:0.25GB, GPU5:0.02GB]
Epoch: 97 [300/391] Loss: 0.1477 | Acc: 95.24% | Time: 0.0264s | GPU Mem: [GPU1:0.00GB, GPU2:0.02GB, GPU3:0.25GB, GPU5:0.02GB]

训练 - Loss: 0.1651, Acc: 94.90%
测试 - Loss: 1.3035, Acc: 70.18%
学习率: 0.010000, 时间: 24.11s
GPU内存使用:
  GPU 1 - 已分配: 0.00GB, 已保留: 0.15GB
  GPU 2 - 已分配: 0.02GB, 已保留: 2.71GB
  GPU 3 - 已分配: 0.25GB, 已保留: 1.37GB
  GPU 5 - 已分配: 0.02GB, 已保留: 0.06GB

============================================================
Epoch 99/100
============================================================
Epoch: 98 [0/391] Loss: 0.1897 | Acc: 92.19% | Time: 0.0314s | GPU Mem: [GPU1:0.00GB, GPU2:0.02GB, GPU3:0.26GB, GPU5:0.02GB]
Epoch: 98 [100/391] Loss: 0.0808 | Acc: 95.07% | Time: 0.0437s | GPU Mem: [GPU1:0.00GB, GPU2:0.02GB, GPU3:0.26GB, GPU5:0.02GB]
Epoch: 98 [200/391] Loss: 0.2313 | Acc: 95.14% | Time: 0.0291s | GPU Mem: [GPU1:0.00GB, GPU2:0.02GB, GPU3:0.26GB, GPU5:0.02GB]
Epoch: 98 [300/391] Loss: 0.1667 | Acc: 94.99% | Time: 0.0310s | GPU Mem: [GPU1:0.00GB, GPU2:0.02GB, GPU3:0.26GB, GPU5:0.02GB]

训练 - Loss: 0.1703, Acc: 94.77%
测试 - Loss: 1.3916, Acc: 69.11%
学习率: 0.010000, 时间: 24.12s
GPU内存使用:
  GPU 1 - 已分配: 0.00GB, 已保留: 0.15GB
  GPU 2 - 已分配: 0.02GB, 已保留: 2.71GB
  GPU 3 - 已分配: 0.25GB, 已保留: 1.37GB
  GPU 5 - 已分配: 0.02GB, 已保留: 0.06GB

============================================================
Epoch 100/100
============================================================
Epoch: 99 [0/391] Loss: 0.1472 | Acc: 94.53% | Time: 0.0375s | GPU Mem: [GPU1:0.00GB, GPU2:0.02GB, GPU3:0.26GB, GPU5:0.02GB]
Epoch: 99 [100/391] Loss: 0.1365 | Acc: 95.84% | Time: 0.0259s | GPU Mem: [GPU1:0.00GB, GPU2:0.02GB, GPU3:0.25GB, GPU5:0.02GB]
Epoch: 99 [200/391] Loss: 0.1578 | Acc: 95.36% | Time: 0.0316s | GPU Mem: [GPU1:0.00GB, GPU2:0.02GB, GPU3:0.25GB, GPU5:0.02GB]
Epoch: 99 [300/391] Loss: 0.2257 | Acc: 95.19% | Time: 0.0281s | GPU Mem: [GPU1:0.00GB, GPU2:0.02GB, GPU3:0.25GB, GPU5:0.02GB]

训练 - Loss: 0.1664, Acc: 94.94%
测试 - Loss: 1.2650, Acc: 71.80%
学习率: 0.001000, 时间: 24.12s
GPU内存使用:
  GPU 1 - 已分配: 0.00GB, 已保留: 0.15GB
  GPU 2 - 已分配: 0.02GB, 已保留: 2.71GB
  GPU 3 - 已分配: 0.25GB, 已保留: 1.37GB
  GPU 5 - 已分配: 0.02GB, 已保留: 0.06GB
保存checkpoint到: ./checkpoints/checkpoint_mp_epoch_100.pth

============================================================
训练完成!
============================================================
总时间: 2634.71秒 (43.91分钟)
平均每epoch: 26.35秒
最佳测试准确率: 75.62%
保存最终模型到: ./experiments/group_1_training_mode_and_hardware_configuration_comparison/checkpoints/mp_resnet50_bs128_gpu4_nw2_chunks0.pth

训练完成!
