====================================================================================================
Experiment: single_resnet50_bs128_gpu1_nw2_chunks0
Parameters: {
  "mode": "single",
  "model": "resnet50",
  "batch_size": 128,
  "epochs": 100,
  "dataset": "cifar100",
  "gpu_ids": [
    1
  ],
  "num_workers": 2,
  "prefetch_factor": 1,
  "chunks": 0,
  "num_gpus": 1
}
Command: python -u main.py --mode single --model resnet50 --batch-size 128 --epochs 100 --dataset cifar100 --gpu-ids 1 --num-workers 2 --prefetch-factor 1 --chunks 0 --final-checkpoint-path ./experiments/group_1_training_mode_and_hardware_configuration_comparison/checkpoints/single_resnet50_bs128_gpu1_nw2_chunks0.pth
Start Time: 2025-12-15T09:05:51.143220
====================================================================================================

================================================================================
训练配置:
================================================================================
  mode                     : single
  gpu_ids                  : [1]
  num_gpus                 : 1
  num_workers              : 2
  prefetch_factor          : 1
  pin_memory               : True
  persistent_workers       : True
  batch_size               : 128
  epochs                   : 100
  lr                       : 0.1
  momentum                 : 0.9
  weight_decay             : 0.0005
  lr_schedule              : step
  lr_step_size             : 50
  lr_gamma                 : 0.1
  dataset                  : cifar100
  data_root                : ./data
  num_classes              : 100
  model                    : resnet50
  save_dir                 : ./checkpoints
  log_interval             : 100
  save_interval            : 10
  final_checkpoint_path    : ./experiments/group_1_training_mode_and_hardware_configuration_comparison/checkpoints/single_resnet50_bs128_gpu1_nw2_chunks0.pth
  seed                     : 42
  resume                   : None
  evaluate                 : False
  dist_backend             : nccl
  dist_url                 : env://
  effective_batch_size     : 128
  chunks                   : 0
================================================================================

可用GPU数量: 7
  GPU 1: NVIDIA GeForce RTX 4090

使用训练模式: SINGLE

初始化单GPU训练器...
使用设备: cuda:1

开始训练 100 个epochs...
Batch size: 128
学习率: 0.1

============================================================
Epoch 1/100
============================================================
Epoch: 0 [0/391] Loss: 4.8530 | Acc: 0.00% | Time: 0.6287s | GPU Mem: 0.29GB/3.70GB
Epoch: 0 [100/391] Loss: 4.5735 | Acc: 1.34% | Time: 0.0219s | GPU Mem: 0.29GB/3.70GB
Epoch: 0 [200/391] Loss: 4.5550 | Acc: 1.34% | Time: 0.0258s | GPU Mem: 0.29GB/3.70GB
Epoch: 0 [300/391] Loss: 4.4080 | Acc: 1.58% | Time: 0.0245s | GPU Mem: 0.29GB/3.70GB

训练 - Loss: 4.7621, Acc: 1.79%
测试 - Loss: 4.3946, Acc: 2.99%
学习率: 0.100000, 时间: 20.31s
GPU内存使用:
  GPU 1 - 已分配: 0.29GB, 已保留: 3.70GB
最佳准确率更新: 0.00% -> 2.99%
保存最佳模型到: ./checkpoints/best_model.pth

============================================================
Epoch 2/100
============================================================
Epoch: 1 [0/391] Loss: 4.3357 | Acc: 1.56% | Time: 0.0314s | GPU Mem: 0.29GB/3.70GB
Epoch: 1 [100/391] Loss: 4.2545 | Acc: 3.53% | Time: 0.0257s | GPU Mem: 0.29GB/3.70GB
Epoch: 1 [200/391] Loss: 4.2319 | Acc: 3.89% | Time: 0.0257s | GPU Mem: 0.29GB/3.70GB
Epoch: 1 [300/391] Loss: 3.9811 | Acc: 4.50% | Time: 0.0250s | GPU Mem: 0.29GB/3.70GB

训练 - Loss: 4.1778, Acc: 4.87%
测试 - Loss: 3.9457, Acc: 6.99%
学习率: 0.100000, 时间: 19.37s
GPU内存使用:
  GPU 1 - 已分配: 0.29GB, 已保留: 3.70GB
最佳准确率更新: 2.99% -> 6.99%
保存最佳模型到: ./checkpoints/best_model.pth

============================================================
Epoch 3/100
============================================================
Epoch: 2 [0/391] Loss: 3.8272 | Acc: 10.94% | Time: 0.0387s | GPU Mem: 0.29GB/3.70GB
Epoch: 2 [100/391] Loss: 3.9477 | Acc: 7.12% | Time: 0.0279s | GPU Mem: 0.29GB/3.70GB
Epoch: 2 [200/391] Loss: 3.8222 | Acc: 7.54% | Time: 0.0242s | GPU Mem: 0.29GB/3.70GB
Epoch: 2 [300/391] Loss: 3.7002 | Acc: 7.87% | Time: 0.0204s | GPU Mem: 0.29GB/3.70GB

训练 - Loss: 3.8808, Acc: 8.38%
测试 - Loss: 3.7475, Acc: 10.00%
学习率: 0.100000, 时间: 19.42s
GPU内存使用:
  GPU 1 - 已分配: 0.29GB, 已保留: 3.70GB
最佳准确率更新: 6.99% -> 10.00%
保存最佳模型到: ./checkpoints/best_model.pth

============================================================
Epoch 4/100
============================================================
Epoch: 3 [0/391] Loss: 3.6362 | Acc: 14.84% | Time: 0.0337s | GPU Mem: 0.29GB/3.70GB
Epoch: 3 [100/391] Loss: 3.6212 | Acc: 11.26% | Time: 0.0270s | GPU Mem: 0.29GB/3.70GB
Epoch: 3 [200/391] Loss: 3.8467 | Acc: 11.76% | Time: 0.0260s | GPU Mem: 0.29GB/3.70GB
Epoch: 3 [300/391] Loss: 3.5846 | Acc: 12.38% | Time: 0.0204s | GPU Mem: 0.29GB/3.70GB

训练 - Loss: 3.6378, Acc: 12.87%
测试 - Loss: 3.5205, Acc: 15.71%
学习率: 0.100000, 时间: 19.46s
GPU内存使用:
  GPU 1 - 已分配: 0.29GB, 已保留: 3.70GB
最佳准确率更新: 10.00% -> 15.71%
保存最佳模型到: ./checkpoints/best_model.pth

============================================================
Epoch 5/100
============================================================
Epoch: 4 [0/391] Loss: 3.3166 | Acc: 15.62% | Time: 0.0341s | GPU Mem: 0.29GB/3.70GB
Epoch: 4 [100/391] Loss: 3.3380 | Acc: 16.58% | Time: 0.0308s | GPU Mem: 0.29GB/3.70GB
Epoch: 4 [200/391] Loss: 3.1040 | Acc: 16.71% | Time: 0.0267s | GPU Mem: 0.29GB/3.70GB
Epoch: 4 [300/391] Loss: 3.1901 | Acc: 17.51% | Time: 0.0253s | GPU Mem: 0.29GB/3.70GB

训练 - Loss: 3.3665, Acc: 18.05%
测试 - Loss: 3.2848, Acc: 19.75%
学习率: 0.100000, 时间: 19.43s
GPU内存使用:
  GPU 1 - 已分配: 0.29GB, 已保留: 3.70GB
最佳准确率更新: 15.71% -> 19.75%
保存最佳模型到: ./checkpoints/best_model.pth

============================================================
Epoch 6/100
============================================================
Epoch: 5 [0/391] Loss: 3.1091 | Acc: 21.88% | Time: 0.0352s | GPU Mem: 0.29GB/3.70GB
Epoch: 5 [100/391] Loss: 3.0391 | Acc: 21.30% | Time: 0.0249s | GPU Mem: 0.29GB/3.70GB
Epoch: 5 [200/391] Loss: 3.0592 | Acc: 21.72% | Time: 0.0203s | GPU Mem: 0.29GB/3.70GB
Epoch: 5 [300/391] Loss: 3.0337 | Acc: 22.16% | Time: 0.0220s | GPU Mem: 0.29GB/3.70GB

训练 - Loss: 3.0960, Acc: 22.78%
测试 - Loss: 2.9882, Acc: 25.04%
学习率: 0.100000, 时间: 19.41s
GPU内存使用:
  GPU 1 - 已分配: 0.29GB, 已保留: 3.70GB
最佳准确率更新: 19.75% -> 25.04%
保存最佳模型到: ./checkpoints/best_model.pth

============================================================
Epoch 7/100
============================================================
Epoch: 6 [0/391] Loss: 2.8741 | Acc: 29.69% | Time: 0.0303s | GPU Mem: 0.29GB/3.70GB
Epoch: 6 [100/391] Loss: 2.9164 | Acc: 26.56% | Time: 0.0202s | GPU Mem: 0.29GB/3.70GB
Epoch: 6 [200/391] Loss: 2.7700 | Acc: 27.06% | Time: 0.0266s | GPU Mem: 0.29GB/3.70GB
Epoch: 6 [300/391] Loss: 2.7112 | Acc: 27.81% | Time: 0.0274s | GPU Mem: 0.29GB/3.70GB

训练 - Loss: 2.8335, Acc: 28.12%
测试 - Loss: 2.7960, Acc: 29.23%
学习率: 0.100000, 时间: 19.44s
GPU内存使用:
  GPU 1 - 已分配: 0.29GB, 已保留: 3.70GB
最佳准确率更新: 25.04% -> 29.23%
保存最佳模型到: ./checkpoints/best_model.pth

============================================================
Epoch 8/100
============================================================
Epoch: 7 [0/391] Loss: 2.7727 | Acc: 26.56% | Time: 0.0271s | GPU Mem: 0.29GB/3.70GB
Epoch: 7 [100/391] Loss: 2.4034 | Acc: 30.80% | Time: 0.0249s | GPU Mem: 0.29GB/3.70GB
Epoch: 7 [200/391] Loss: 2.8003 | Acc: 31.22% | Time: 0.0269s | GPU Mem: 0.29GB/3.70GB
Epoch: 7 [300/391] Loss: 2.6744 | Acc: 31.87% | Time: 0.0222s | GPU Mem: 0.29GB/3.70GB

训练 - Loss: 2.6129, Acc: 32.46%
测试 - Loss: 2.6296, Acc: 32.12%
学习率: 0.100000, 时间: 19.40s
GPU内存使用:
  GPU 1 - 已分配: 0.29GB, 已保留: 3.70GB
最佳准确率更新: 29.23% -> 32.12%
保存最佳模型到: ./checkpoints/best_model.pth

============================================================
Epoch 9/100
============================================================
Epoch: 8 [0/391] Loss: 2.6340 | Acc: 37.50% | Time: 0.0354s | GPU Mem: 0.29GB/3.70GB
Epoch: 8 [100/391] Loss: 2.2642 | Acc: 35.95% | Time: 0.0248s | GPU Mem: 0.29GB/3.70GB
Epoch: 8 [200/391] Loss: 2.4360 | Acc: 36.15% | Time: 0.0281s | GPU Mem: 0.29GB/3.70GB
Epoch: 8 [300/391] Loss: 2.2148 | Acc: 36.42% | Time: 0.0214s | GPU Mem: 0.29GB/3.70GB

训练 - Loss: 2.4055, Acc: 36.86%
测试 - Loss: 2.4707, Acc: 35.51%
学习率: 0.100000, 时间: 19.45s
GPU内存使用:
  GPU 1 - 已分配: 0.29GB, 已保留: 3.70GB
最佳准确率更新: 32.12% -> 35.51%
保存最佳模型到: ./checkpoints/best_model.pth

============================================================
Epoch 10/100
============================================================
Epoch: 9 [0/391] Loss: 2.3048 | Acc: 38.28% | Time: 0.0280s | GPU Mem: 0.29GB/3.70GB
Epoch: 9 [100/391] Loss: 2.2869 | Acc: 39.57% | Time: 0.0301s | GPU Mem: 0.29GB/3.70GB
Epoch: 9 [200/391] Loss: 2.2374 | Acc: 39.68% | Time: 0.0222s | GPU Mem: 0.29GB/3.70GB
Epoch: 9 [300/391] Loss: 2.2209 | Acc: 39.86% | Time: 0.0216s | GPU Mem: 0.29GB/3.70GB

训练 - Loss: 2.2554, Acc: 39.91%
测试 - Loss: 2.4338, Acc: 36.15%
学习率: 0.100000, 时间: 19.43s
GPU内存使用:
  GPU 1 - 已分配: 0.29GB, 已保留: 3.70GB
最佳准确率更新: 35.51% -> 36.15%
保存最佳模型到: ./checkpoints/best_model.pth
保存checkpoint到: ./checkpoints/checkpoint_epoch_10.pth

============================================================
Epoch 11/100
============================================================
Epoch: 10 [0/391] Loss: 1.9959 | Acc: 46.88% | Time: 0.0356s | GPU Mem: 0.29GB/3.70GB
Epoch: 10 [100/391] Loss: 2.1204 | Acc: 42.91% | Time: 0.0251s | GPU Mem: 0.29GB/3.70GB
Epoch: 10 [200/391] Loss: 2.0554 | Acc: 42.71% | Time: 0.0205s | GPU Mem: 0.29GB/3.70GB
Epoch: 10 [300/391] Loss: 2.1384 | Acc: 42.64% | Time: 0.0201s | GPU Mem: 0.29GB/3.70GB

训练 - Loss: 2.1244, Acc: 42.68%
测试 - Loss: 2.2662, Acc: 40.46%
学习率: 0.100000, 时间: 19.43s
GPU内存使用:
  GPU 1 - 已分配: 0.29GB, 已保留: 3.70GB
最佳准确率更新: 36.15% -> 40.46%
保存最佳模型到: ./checkpoints/best_model.pth

============================================================
Epoch 12/100
============================================================
Epoch: 11 [0/391] Loss: 1.9212 | Acc: 47.66% | Time: 0.0269s | GPU Mem: 0.29GB/3.70GB
Epoch: 11 [100/391] Loss: 1.9467 | Acc: 45.51% | Time: 0.0304s | GPU Mem: 0.29GB/3.70GB
Epoch: 11 [200/391] Loss: 1.9158 | Acc: 44.95% | Time: 0.0219s | GPU Mem: 0.29GB/3.70GB
Epoch: 11 [300/391] Loss: 1.9747 | Acc: 45.07% | Time: 0.0206s | GPU Mem: 0.29GB/3.70GB

训练 - Loss: 2.0319, Acc: 45.02%
测试 - Loss: 2.2468, Acc: 41.63%
学习率: 0.100000, 时间: 19.38s
GPU内存使用:
  GPU 1 - 已分配: 0.29GB, 已保留: 3.70GB
最佳准确率更新: 40.46% -> 41.63%
保存最佳模型到: ./checkpoints/best_model.pth

============================================================
Epoch 13/100
============================================================
Epoch: 12 [0/391] Loss: 2.0366 | Acc: 39.84% | Time: 0.0367s | GPU Mem: 0.29GB/3.70GB
Epoch: 12 [100/391] Loss: 1.9373 | Acc: 47.17% | Time: 0.0300s | GPU Mem: 0.29GB/3.70GB
Epoch: 12 [200/391] Loss: 1.8576 | Acc: 46.74% | Time: 0.0334s | GPU Mem: 0.29GB/3.70GB
Epoch: 12 [300/391] Loss: 1.8358 | Acc: 46.78% | Time: 0.0259s | GPU Mem: 0.29GB/3.70GB

训练 - Loss: 1.9462, Acc: 46.75%
测试 - Loss: 2.2056, Acc: 42.09%
学习率: 0.100000, 时间: 19.50s
GPU内存使用:
  GPU 1 - 已分配: 0.29GB, 已保留: 3.70GB
最佳准确率更新: 41.63% -> 42.09%
保存最佳模型到: ./checkpoints/best_model.pth

============================================================
Epoch 14/100
============================================================
Epoch: 13 [0/391] Loss: 1.9939 | Acc: 46.88% | Time: 0.0411s | GPU Mem: 0.29GB/3.70GB
Epoch: 13 [100/391] Loss: 1.8306 | Acc: 49.22% | Time: 0.0298s | GPU Mem: 0.29GB/3.70GB
Epoch: 13 [200/391] Loss: 2.0467 | Acc: 48.39% | Time: 0.0208s | GPU Mem: 0.29GB/3.70GB
Epoch: 13 [300/391] Loss: 1.7778 | Acc: 48.48% | Time: 0.0180s | GPU Mem: 0.29GB/3.70GB

训练 - Loss: 1.8631, Acc: 48.61%
测试 - Loss: 2.2783, Acc: 40.53%
学习率: 0.100000, 时间: 19.43s
GPU内存使用:
  GPU 1 - 已分配: 0.29GB, 已保留: 3.70GB

============================================================
Epoch 15/100
============================================================
Epoch: 14 [0/391] Loss: 1.8733 | Acc: 50.78% | Time: 0.0296s | GPU Mem: 0.29GB/3.70GB
Epoch: 14 [100/391] Loss: 1.8633 | Acc: 50.17% | Time: 0.0228s | GPU Mem: 0.29GB/3.70GB
Epoch: 14 [200/391] Loss: 2.0138 | Acc: 50.12% | Time: 0.0225s | GPU Mem: 0.29GB/3.70GB
Epoch: 14 [300/391] Loss: 2.0891 | Acc: 49.93% | Time: 0.0219s | GPU Mem: 0.29GB/3.70GB

训练 - Loss: 1.8057, Acc: 50.02%
测试 - Loss: 2.7296, Acc: 34.34%
学习率: 0.100000, 时间: 19.36s
GPU内存使用:
  GPU 1 - 已分配: 0.29GB, 已保留: 3.70GB

============================================================
Epoch 16/100
============================================================
Epoch: 15 [0/391] Loss: 1.6592 | Acc: 50.78% | Time: 0.0315s | GPU Mem: 0.29GB/3.70GB
Epoch: 15 [100/391] Loss: 1.9945 | Acc: 51.35% | Time: 0.0337s | GPU Mem: 0.29GB/3.70GB
Epoch: 15 [200/391] Loss: 1.6056 | Acc: 50.85% | Time: 0.0206s | GPU Mem: 0.29GB/3.70GB
Epoch: 15 [300/391] Loss: 1.5000 | Acc: 50.97% | Time: 0.0290s | GPU Mem: 0.29GB/3.70GB

训练 - Loss: 1.7505, Acc: 50.99%
测试 - Loss: 2.1335, Acc: 44.11%
学习率: 0.100000, 时间: 19.45s
GPU内存使用:
  GPU 1 - 已分配: 0.29GB, 已保留: 3.70GB
最佳准确率更新: 42.09% -> 44.11%
保存最佳模型到: ./checkpoints/best_model.pth

============================================================
Epoch 17/100
============================================================
Epoch: 16 [0/391] Loss: 1.5691 | Acc: 55.47% | Time: 0.0342s | GPU Mem: 0.29GB/3.70GB
Epoch: 16 [100/391] Loss: 1.7097 | Acc: 53.36% | Time: 0.0214s | GPU Mem: 0.29GB/3.70GB
Epoch: 16 [200/391] Loss: 1.5663 | Acc: 52.94% | Time: 0.0208s | GPU Mem: 0.29GB/3.70GB
Epoch: 16 [300/391] Loss: 1.8549 | Acc: 52.78% | Time: 0.0279s | GPU Mem: 0.29GB/3.70GB

训练 - Loss: 1.6879, Acc: 52.70%
测试 - Loss: 1.9499, Acc: 47.59%
学习率: 0.100000, 时间: 19.32s
GPU内存使用:
  GPU 1 - 已分配: 0.29GB, 已保留: 3.70GB
最佳准确率更新: 44.11% -> 47.59%
保存最佳模型到: ./checkpoints/best_model.pth

============================================================
Epoch 18/100
============================================================
Epoch: 17 [0/391] Loss: 1.8443 | Acc: 50.00% | Time: 0.0389s | GPU Mem: 0.29GB/3.70GB
Epoch: 17 [100/391] Loss: 1.6360 | Acc: 54.17% | Time: 0.0213s | GPU Mem: 0.29GB/3.70GB
Epoch: 17 [200/391] Loss: 1.6362 | Acc: 53.95% | Time: 0.0220s | GPU Mem: 0.29GB/3.70GB
Epoch: 17 [300/391] Loss: 1.6345 | Acc: 53.72% | Time: 0.0219s | GPU Mem: 0.29GB/3.70GB

训练 - Loss: 1.6531, Acc: 53.78%
测试 - Loss: 2.0243, Acc: 45.96%
学习率: 0.100000, 时间: 19.35s
GPU内存使用:
  GPU 1 - 已分配: 0.29GB, 已保留: 3.70GB

============================================================
Epoch 19/100
============================================================
Epoch: 18 [0/391] Loss: 1.5932 | Acc: 62.50% | Time: 0.0285s | GPU Mem: 0.29GB/3.70GB
Epoch: 18 [100/391] Loss: 1.6413 | Acc: 55.51% | Time: 0.0203s | GPU Mem: 0.29GB/3.70GB
Epoch: 18 [200/391] Loss: 1.7735 | Acc: 55.00% | Time: 0.0285s | GPU Mem: 0.29GB/3.70GB
Epoch: 18 [300/391] Loss: 1.6026 | Acc: 54.80% | Time: 0.0267s | GPU Mem: 0.29GB/3.70GB

训练 - Loss: 1.6091, Acc: 54.76%
测试 - Loss: 2.0203, Acc: 47.01%
学习率: 0.100000, 时间: 19.44s
GPU内存使用:
  GPU 1 - 已分配: 0.29GB, 已保留: 3.70GB

============================================================
Epoch 20/100
============================================================
Epoch: 19 [0/391] Loss: 1.5668 | Acc: 55.47% | Time: 0.0304s | GPU Mem: 0.29GB/3.70GB
Epoch: 19 [100/391] Loss: 1.2231 | Acc: 56.76% | Time: 0.0305s | GPU Mem: 0.29GB/3.70GB
Epoch: 19 [200/391] Loss: 1.5616 | Acc: 56.27% | Time: 0.0249s | GPU Mem: 0.29GB/3.70GB
Epoch: 19 [300/391] Loss: 1.6791 | Acc: 56.18% | Time: 0.0257s | GPU Mem: 0.29GB/3.70GB

训练 - Loss: 1.5653, Acc: 56.14%
测试 - Loss: 1.8466, Acc: 50.27%
学习率: 0.100000, 时间: 19.51s
GPU内存使用:
  GPU 1 - 已分配: 0.29GB, 已保留: 3.70GB
最佳准确率更新: 47.59% -> 50.27%
保存最佳模型到: ./checkpoints/best_model.pth
保存checkpoint到: ./checkpoints/checkpoint_epoch_20.pth

============================================================
Epoch 21/100
============================================================
Epoch: 20 [0/391] Loss: 1.6000 | Acc: 50.00% | Time: 0.0387s | GPU Mem: 0.29GB/3.70GB
Epoch: 20 [100/391] Loss: 1.4971 | Acc: 57.61% | Time: 0.0269s | GPU Mem: 0.29GB/3.70GB
Epoch: 20 [200/391] Loss: 1.3667 | Acc: 57.17% | Time: 0.0204s | GPU Mem: 0.29GB/3.70GB
Epoch: 20 [300/391] Loss: 1.3908 | Acc: 56.80% | Time: 0.0212s | GPU Mem: 0.29GB/3.70GB

训练 - Loss: 1.5328, Acc: 56.64%
测试 - Loss: 1.8451, Acc: 50.78%
学习率: 0.100000, 时间: 19.40s
GPU内存使用:
  GPU 1 - 已分配: 0.29GB, 已保留: 3.70GB
最佳准确率更新: 50.27% -> 50.78%
保存最佳模型到: ./checkpoints/best_model.pth

============================================================
Epoch 22/100
============================================================
Epoch: 21 [0/391] Loss: 1.5445 | Acc: 52.34% | Time: 0.0343s | GPU Mem: 0.29GB/3.70GB
Epoch: 21 [100/391] Loss: 1.6109 | Acc: 57.86% | Time: 0.0258s | GPU Mem: 0.29GB/3.70GB
Epoch: 21 [200/391] Loss: 1.6090 | Acc: 57.35% | Time: 0.0304s | GPU Mem: 0.29GB/3.70GB
Epoch: 21 [300/391] Loss: 1.5957 | Acc: 57.28% | Time: 0.0254s | GPU Mem: 0.29GB/3.70GB

训练 - Loss: 1.4985, Acc: 57.28%
测试 - Loss: 1.9654, Acc: 48.12%
学习率: 0.100000, 时间: 19.50s
GPU内存使用:
  GPU 1 - 已分配: 0.29GB, 已保留: 3.70GB

============================================================
Epoch 23/100
============================================================
Epoch: 22 [0/391] Loss: 1.4225 | Acc: 58.59% | Time: 0.0319s | GPU Mem: 0.29GB/3.70GB
Epoch: 22 [100/391] Loss: 1.5719 | Acc: 58.79% | Time: 0.0291s | GPU Mem: 0.29GB/3.70GB
Epoch: 22 [200/391] Loss: 1.5168 | Acc: 58.59% | Time: 0.0371s | GPU Mem: 0.29GB/3.70GB
Epoch: 22 [300/391] Loss: 1.4253 | Acc: 58.16% | Time: 0.0272s | GPU Mem: 0.29GB/3.70GB

训练 - Loss: 1.4757, Acc: 57.96%
测试 - Loss: 1.8185, Acc: 50.99%
学习率: 0.100000, 时间: 19.58s
GPU内存使用:
  GPU 1 - 已分配: 0.29GB, 已保留: 3.70GB
最佳准确率更新: 50.78% -> 50.99%
保存最佳模型到: ./checkpoints/best_model.pth

============================================================
Epoch 24/100
============================================================
Epoch: 23 [0/391] Loss: 1.3687 | Acc: 63.28% | Time: 0.0325s | GPU Mem: 0.29GB/3.70GB
Epoch: 23 [100/391] Loss: 1.4750 | Acc: 58.75% | Time: 0.0274s | GPU Mem: 0.29GB/3.70GB
Epoch: 23 [200/391] Loss: 1.5756 | Acc: 58.99% | Time: 0.0309s | GPU Mem: 0.29GB/3.70GB
Epoch: 23 [300/391] Loss: 1.5308 | Acc: 58.95% | Time: 0.0255s | GPU Mem: 0.29GB/3.70GB

训练 - Loss: 1.4525, Acc: 58.70%
测试 - Loss: 1.8390, Acc: 51.72%
学习率: 0.100000, 时间: 19.52s
GPU内存使用:
  GPU 1 - 已分配: 0.29GB, 已保留: 3.70GB
最佳准确率更新: 50.99% -> 51.72%
保存最佳模型到: ./checkpoints/best_model.pth

============================================================
Epoch 25/100
============================================================
Epoch: 24 [0/391] Loss: 1.3915 | Acc: 58.59% | Time: 0.0388s | GPU Mem: 0.29GB/3.70GB
Epoch: 24 [100/391] Loss: 1.3571 | Acc: 60.28% | Time: 0.0269s | GPU Mem: 0.29GB/3.70GB
Epoch: 24 [200/391] Loss: 1.4739 | Acc: 59.83% | Time: 0.0252s | GPU Mem: 0.29GB/3.70GB
Epoch: 24 [300/391] Loss: 1.4312 | Acc: 59.77% | Time: 0.0310s | GPU Mem: 0.29GB/3.70GB

训练 - Loss: 1.4247, Acc: 59.47%
测试 - Loss: 1.9216, Acc: 50.41%
学习率: 0.100000, 时间: 19.45s
GPU内存使用:
  GPU 1 - 已分配: 0.29GB, 已保留: 3.70GB

============================================================
Epoch 26/100
============================================================
Epoch: 25 [0/391] Loss: 1.2805 | Acc: 60.16% | Time: 0.0301s | GPU Mem: 0.29GB/3.70GB
Epoch: 25 [100/391] Loss: 1.2855 | Acc: 61.73% | Time: 0.0191s | GPU Mem: 0.29GB/3.70GB
Epoch: 25 [200/391] Loss: 1.1912 | Acc: 60.58% | Time: 0.0218s | GPU Mem: 0.29GB/3.70GB
Epoch: 25 [300/391] Loss: 1.5947 | Acc: 60.28% | Time: 0.0186s | GPU Mem: 0.29GB/3.70GB

训练 - Loss: 1.4025, Acc: 60.00%
测试 - Loss: 2.0727, Acc: 46.65%
学习率: 0.100000, 时间: 19.32s
GPU内存使用:
  GPU 1 - 已分配: 0.29GB, 已保留: 3.70GB

============================================================
Epoch 27/100
============================================================
Epoch: 26 [0/391] Loss: 1.2530 | Acc: 61.72% | Time: 0.0354s | GPU Mem: 0.29GB/3.70GB
Epoch: 26 [100/391] Loss: 1.2786 | Acc: 62.02% | Time: 0.0299s | GPU Mem: 0.29GB/3.70GB
Epoch: 26 [200/391] Loss: 1.4258 | Acc: 61.22% | Time: 0.0257s | GPU Mem: 0.29GB/3.70GB
Epoch: 26 [300/391] Loss: 1.5307 | Acc: 60.87% | Time: 0.0206s | GPU Mem: 0.29GB/3.70GB

训练 - Loss: 1.3861, Acc: 60.37%
测试 - Loss: 1.8593, Acc: 50.54%
学习率: 0.100000, 时间: 19.54s
GPU内存使用:
  GPU 1 - 已分配: 0.29GB, 已保留: 3.70GB

============================================================
Epoch 28/100
============================================================
Epoch: 27 [0/391] Loss: 1.0878 | Acc: 64.84% | Time: 0.0263s | GPU Mem: 0.29GB/3.70GB
Epoch: 27 [100/391] Loss: 1.3317 | Acc: 62.41% | Time: 0.0204s | GPU Mem: 0.29GB/3.70GB
Epoch: 27 [200/391] Loss: 1.0632 | Acc: 61.70% | Time: 0.0234s | GPU Mem: 0.29GB/3.70GB
Epoch: 27 [300/391] Loss: 1.4458 | Acc: 61.46% | Time: 0.0257s | GPU Mem: 0.29GB/3.70GB

训练 - Loss: 1.3689, Acc: 61.00%
测试 - Loss: 1.7380, Acc: 53.08%
学习率: 0.100000, 时间: 19.38s
GPU内存使用:
  GPU 1 - 已分配: 0.29GB, 已保留: 3.70GB
最佳准确率更新: 51.72% -> 53.08%
保存最佳模型到: ./checkpoints/best_model.pth

============================================================
Epoch 29/100
============================================================
Epoch: 28 [0/391] Loss: 1.2507 | Acc: 61.72% | Time: 0.0323s | GPU Mem: 0.29GB/3.70GB
Epoch: 28 [100/391] Loss: 1.2732 | Acc: 62.76% | Time: 0.0292s | GPU Mem: 0.29GB/3.70GB
Epoch: 28 [200/391] Loss: 1.3692 | Acc: 62.14% | Time: 0.0202s | GPU Mem: 0.29GB/3.70GB
Epoch: 28 [300/391] Loss: 1.3902 | Acc: 61.63% | Time: 0.0272s | GPU Mem: 0.29GB/3.70GB

训练 - Loss: 1.3522, Acc: 61.24%
测试 - Loss: 1.9174, Acc: 50.52%
学习率: 0.100000, 时间: 19.41s
GPU内存使用:
  GPU 1 - 已分配: 0.29GB, 已保留: 3.70GB

============================================================
Epoch 30/100
============================================================
Epoch: 29 [0/391] Loss: 1.1358 | Acc: 63.28% | Time: 0.0261s | GPU Mem: 0.29GB/3.70GB
Epoch: 29 [100/391] Loss: 1.3630 | Acc: 63.13% | Time: 0.0220s | GPU Mem: 0.29GB/3.70GB
Epoch: 29 [200/391] Loss: 1.4233 | Acc: 62.10% | Time: 0.0276s | GPU Mem: 0.29GB/3.70GB
Epoch: 29 [300/391] Loss: 1.4235 | Acc: 61.83% | Time: 0.0302s | GPU Mem: 0.29GB/3.70GB

训练 - Loss: 1.3348, Acc: 61.71%
测试 - Loss: 1.8288, Acc: 51.76%
学习率: 0.100000, 时间: 19.49s
GPU内存使用:
  GPU 1 - 已分配: 0.29GB, 已保留: 3.70GB
保存checkpoint到: ./checkpoints/checkpoint_epoch_30.pth

============================================================
Epoch 31/100
============================================================
Epoch: 30 [0/391] Loss: 1.1501 | Acc: 67.97% | Time: 0.0377s | GPU Mem: 0.29GB/3.70GB
Epoch: 30 [100/391] Loss: 1.4108 | Acc: 62.85% | Time: 0.0276s | GPU Mem: 0.29GB/3.70GB
Epoch: 30 [200/391] Loss: 1.3675 | Acc: 62.87% | Time: 0.0254s | GPU Mem: 0.29GB/3.70GB
Epoch: 30 [300/391] Loss: 1.6042 | Acc: 62.44% | Time: 0.0242s | GPU Mem: 0.29GB/3.70GB

训练 - Loss: 1.3190, Acc: 61.99%
测试 - Loss: 1.8772, Acc: 51.07%
学习率: 0.100000, 时间: 19.46s
GPU内存使用:
  GPU 1 - 已分配: 0.29GB, 已保留: 3.70GB

============================================================
Epoch 32/100
============================================================
Epoch: 31 [0/391] Loss: 1.3141 | Acc: 62.50% | Time: 0.0345s | GPU Mem: 0.29GB/3.70GB
Epoch: 31 [100/391] Loss: 1.2406 | Acc: 63.51% | Time: 0.0255s | GPU Mem: 0.29GB/3.70GB
Epoch: 31 [200/391] Loss: 1.2641 | Acc: 63.01% | Time: 0.0308s | GPU Mem: 0.29GB/3.70GB
Epoch: 31 [300/391] Loss: 1.2715 | Acc: 62.44% | Time: 0.0259s | GPU Mem: 0.29GB/3.70GB

训练 - Loss: 1.3065, Acc: 62.22%
测试 - Loss: 1.9251, Acc: 50.69%
学习率: 0.100000, 时间: 19.55s
GPU内存使用:
  GPU 1 - 已分配: 0.29GB, 已保留: 3.70GB

============================================================
Epoch 33/100
============================================================
Epoch: 32 [0/391] Loss: 1.3138 | Acc: 64.84% | Time: 0.0323s | GPU Mem: 0.29GB/3.70GB
Epoch: 32 [100/391] Loss: 1.3200 | Acc: 63.24% | Time: 0.0260s | GPU Mem: 0.29GB/3.70GB
Epoch: 32 [200/391] Loss: 1.4730 | Acc: 62.88% | Time: 0.0308s | GPU Mem: 0.29GB/3.70GB
Epoch: 32 [300/391] Loss: 1.2872 | Acc: 62.59% | Time: 0.0312s | GPU Mem: 0.29GB/3.70GB

训练 - Loss: 1.2995, Acc: 62.55%
测试 - Loss: 1.7101, Acc: 53.72%
学习率: 0.100000, 时间: 19.52s
GPU内存使用:
  GPU 1 - 已分配: 0.29GB, 已保留: 3.70GB
最佳准确率更新: 53.08% -> 53.72%
保存最佳模型到: ./checkpoints/best_model.pth

============================================================
Epoch 34/100
============================================================
Epoch: 33 [0/391] Loss: 1.2594 | Acc: 61.72% | Time: 0.0358s | GPU Mem: 0.29GB/3.70GB
Epoch: 33 [100/391] Loss: 1.3031 | Acc: 63.68% | Time: 0.0296s | GPU Mem: 0.29GB/3.70GB
Epoch: 33 [200/391] Loss: 1.3012 | Acc: 63.42% | Time: 0.0307s | GPU Mem: 0.29GB/3.70GB
Epoch: 33 [300/391] Loss: 1.5171 | Acc: 62.94% | Time: 0.0317s | GPU Mem: 0.29GB/3.70GB

训练 - Loss: 1.2830, Acc: 63.01%
测试 - Loss: 1.6655, Acc: 55.01%
学习率: 0.100000, 时间: 19.52s
GPU内存使用:
  GPU 1 - 已分配: 0.29GB, 已保留: 3.70GB
最佳准确率更新: 53.72% -> 55.01%
保存最佳模型到: ./checkpoints/best_model.pth

============================================================
Epoch 35/100
============================================================
Epoch: 34 [0/391] Loss: 1.1924 | Acc: 60.16% | Time: 0.0354s | GPU Mem: 0.29GB/3.70GB
Epoch: 34 [100/391] Loss: 1.3235 | Acc: 64.28% | Time: 0.0267s | GPU Mem: 0.29GB/3.70GB
Epoch: 34 [200/391] Loss: 1.2709 | Acc: 63.70% | Time: 0.0294s | GPU Mem: 0.29GB/3.70GB
Epoch: 34 [300/391] Loss: 1.1562 | Acc: 63.44% | Time: 0.0264s | GPU Mem: 0.29GB/3.70GB

训练 - Loss: 1.2773, Acc: 63.16%
测试 - Loss: 1.7110, Acc: 54.68%
学习率: 0.100000, 时间: 19.49s
GPU内存使用:
  GPU 1 - 已分配: 0.29GB, 已保留: 3.70GB

============================================================
Epoch 36/100
============================================================
Epoch: 35 [0/391] Loss: 1.0919 | Acc: 71.09% | Time: 0.0366s | GPU Mem: 0.29GB/3.70GB
Epoch: 35 [100/391] Loss: 1.1941 | Acc: 64.43% | Time: 0.0286s | GPU Mem: 0.29GB/3.70GB
Epoch: 35 [200/391] Loss: 1.2198 | Acc: 64.07% | Time: 0.0304s | GPU Mem: 0.29GB/3.70GB
Epoch: 35 [300/391] Loss: 1.3425 | Acc: 63.76% | Time: 0.0298s | GPU Mem: 0.29GB/3.70GB

训练 - Loss: 1.2687, Acc: 63.18%
测试 - Loss: 1.7206, Acc: 54.59%
学习率: 0.100000, 时间: 19.60s
GPU内存使用:
  GPU 1 - 已分配: 0.29GB, 已保留: 3.70GB

============================================================
Epoch 37/100
============================================================
Epoch: 36 [0/391] Loss: 1.2613 | Acc: 61.72% | Time: 0.0334s | GPU Mem: 0.29GB/3.70GB
Epoch: 36 [100/391] Loss: 1.0348 | Acc: 65.15% | Time: 0.0252s | GPU Mem: 0.29GB/3.70GB
Epoch: 36 [200/391] Loss: 1.4004 | Acc: 64.63% | Time: 0.0203s | GPU Mem: 0.29GB/3.70GB
Epoch: 36 [300/391] Loss: 1.3263 | Acc: 63.79% | Time: 0.0220s | GPU Mem: 0.29GB/3.70GB

训练 - Loss: 1.2594, Acc: 63.60%
测试 - Loss: 1.8231, Acc: 52.85%
学习率: 0.100000, 时间: 19.38s
GPU内存使用:
  GPU 1 - 已分配: 0.29GB, 已保留: 3.70GB

============================================================
Epoch 38/100
============================================================
Epoch: 37 [0/391] Loss: 1.1652 | Acc: 67.19% | Time: 0.0271s | GPU Mem: 0.29GB/3.70GB
Epoch: 37 [100/391] Loss: 1.1913 | Acc: 65.42% | Time: 0.0218s | GPU Mem: 0.29GB/3.70GB
Epoch: 37 [200/391] Loss: 1.2608 | Acc: 64.68% | Time: 0.0316s | GPU Mem: 0.29GB/3.70GB
Epoch: 37 [300/391] Loss: 1.3422 | Acc: 64.15% | Time: 0.0254s | GPU Mem: 0.29GB/3.70GB

训练 - Loss: 1.2519, Acc: 63.77%
测试 - Loss: 1.6494, Acc: 56.29%
学习率: 0.100000, 时间: 19.41s
GPU内存使用:
  GPU 1 - 已分配: 0.29GB, 已保留: 3.70GB
最佳准确率更新: 55.01% -> 56.29%
保存最佳模型到: ./checkpoints/best_model.pth

============================================================
Epoch 39/100
============================================================
Epoch: 38 [0/391] Loss: 1.0466 | Acc: 67.19% | Time: 0.0337s | GPU Mem: 0.29GB/3.70GB
Epoch: 38 [100/391] Loss: 1.5152 | Acc: 65.83% | Time: 0.0221s | GPU Mem: 0.29GB/3.70GB
Epoch: 38 [200/391] Loss: 1.3154 | Acc: 64.69% | Time: 0.0317s | GPU Mem: 0.29GB/3.70GB
Epoch: 38 [300/391] Loss: 1.3459 | Acc: 64.62% | Time: 0.0260s | GPU Mem: 0.29GB/3.70GB

训练 - Loss: 1.2349, Acc: 64.33%
测试 - Loss: 1.7000, Acc: 54.66%
学习率: 0.100000, 时间: 19.41s
GPU内存使用:
  GPU 1 - 已分配: 0.29GB, 已保留: 3.70GB

============================================================
Epoch 40/100
============================================================
Epoch: 39 [0/391] Loss: 1.2426 | Acc: 67.97% | Time: 0.0335s | GPU Mem: 0.29GB/3.70GB
Epoch: 39 [100/391] Loss: 1.3341 | Acc: 65.34% | Time: 0.0348s | GPU Mem: 0.29GB/3.70GB
Epoch: 39 [200/391] Loss: 1.0467 | Acc: 64.82% | Time: 0.0248s | GPU Mem: 0.29GB/3.70GB
Epoch: 39 [300/391] Loss: 1.1120 | Acc: 64.56% | Time: 0.0245s | GPU Mem: 0.29GB/3.70GB

训练 - Loss: 1.2383, Acc: 64.34%
测试 - Loss: 1.7027, Acc: 55.01%
学习率: 0.100000, 时间: 19.47s
GPU内存使用:
  GPU 1 - 已分配: 0.29GB, 已保留: 3.70GB
保存checkpoint到: ./checkpoints/checkpoint_epoch_40.pth

============================================================
Epoch 41/100
============================================================
Epoch: 40 [0/391] Loss: 0.9580 | Acc: 74.22% | Time: 0.0387s | GPU Mem: 0.29GB/3.70GB
Epoch: 40 [100/391] Loss: 1.3473 | Acc: 65.62% | Time: 0.0251s | GPU Mem: 0.29GB/3.70GB
Epoch: 40 [200/391] Loss: 1.2935 | Acc: 64.76% | Time: 0.0317s | GPU Mem: 0.29GB/3.70GB
Epoch: 40 [300/391] Loss: 1.0561 | Acc: 64.41% | Time: 0.0295s | GPU Mem: 0.29GB/3.70GB

训练 - Loss: 1.2327, Acc: 64.27%
测试 - Loss: 1.6256, Acc: 55.74%
学习率: 0.100000, 时间: 19.50s
GPU内存使用:
  GPU 1 - 已分配: 0.29GB, 已保留: 3.70GB

============================================================
Epoch 42/100
============================================================
Epoch: 41 [0/391] Loss: 1.0250 | Acc: 64.84% | Time: 0.0346s | GPU Mem: 0.29GB/3.70GB
Epoch: 41 [100/391] Loss: 1.2645 | Acc: 66.80% | Time: 0.0248s | GPU Mem: 0.29GB/3.70GB
Epoch: 41 [200/391] Loss: 1.0887 | Acc: 65.77% | Time: 0.0278s | GPU Mem: 0.29GB/3.70GB
Epoch: 41 [300/391] Loss: 1.2005 | Acc: 65.23% | Time: 0.0212s | GPU Mem: 0.29GB/3.70GB

训练 - Loss: 1.2117, Acc: 64.87%
测试 - Loss: 1.8171, Acc: 52.41%
学习率: 0.100000, 时间: 19.50s
GPU内存使用:
  GPU 1 - 已分配: 0.29GB, 已保留: 3.70GB

============================================================
Epoch 43/100
============================================================
Epoch: 42 [0/391] Loss: 0.9372 | Acc: 71.88% | Time: 0.0422s | GPU Mem: 0.29GB/3.70GB
Epoch: 42 [100/391] Loss: 1.0792 | Acc: 66.65% | Time: 0.0245s | GPU Mem: 0.29GB/3.70GB
Epoch: 42 [200/391] Loss: 1.2212 | Acc: 65.98% | Time: 0.0243s | GPU Mem: 0.29GB/3.70GB
Epoch: 42 [300/391] Loss: 1.4499 | Acc: 65.20% | Time: 0.0274s | GPU Mem: 0.29GB/3.70GB

训练 - Loss: 1.2062, Acc: 64.95%
测试 - Loss: 1.7821, Acc: 53.42%
学习率: 0.100000, 时间: 19.58s
GPU内存使用:
  GPU 1 - 已分配: 0.29GB, 已保留: 3.70GB

============================================================
Epoch 44/100
============================================================
Epoch: 43 [0/391] Loss: 1.3108 | Acc: 58.59% | Time: 0.0322s | GPU Mem: 0.29GB/3.70GB
Epoch: 43 [100/391] Loss: 1.3849 | Acc: 66.15% | Time: 0.0250s | GPU Mem: 0.29GB/3.70GB
Epoch: 43 [200/391] Loss: 1.4506 | Acc: 65.31% | Time: 0.0226s | GPU Mem: 0.29GB/3.70GB
Epoch: 43 [300/391] Loss: 1.3072 | Acc: 65.06% | Time: 0.0225s | GPU Mem: 0.29GB/3.70GB

训练 - Loss: 1.2185, Acc: 64.74%
测试 - Loss: 1.6652, Acc: 55.05%
学习率: 0.100000, 时间: 19.51s
GPU内存使用:
  GPU 1 - 已分配: 0.29GB, 已保留: 3.70GB

============================================================
Epoch 45/100
============================================================
Epoch: 44 [0/391] Loss: 1.0970 | Acc: 71.09% | Time: 0.0270s | GPU Mem: 0.29GB/3.70GB
Epoch: 44 [100/391] Loss: 1.3678 | Acc: 66.41% | Time: 0.0261s | GPU Mem: 0.29GB/3.70GB
Epoch: 44 [200/391] Loss: 1.1080 | Acc: 65.68% | Time: 0.0204s | GPU Mem: 0.29GB/3.70GB
Epoch: 44 [300/391] Loss: 1.2298 | Acc: 65.28% | Time: 0.0215s | GPU Mem: 0.29GB/3.70GB

训练 - Loss: 1.1982, Acc: 65.16%
测试 - Loss: 1.6906, Acc: 54.45%
学习率: 0.100000, 时间: 19.43s
GPU内存使用:
  GPU 1 - 已分配: 0.29GB, 已保留: 3.70GB

============================================================
Epoch 46/100
============================================================
Epoch: 45 [0/391] Loss: 1.1988 | Acc: 63.28% | Time: 0.0316s | GPU Mem: 0.29GB/3.70GB
Epoch: 45 [100/391] Loss: 1.2013 | Acc: 67.40% | Time: 0.0292s | GPU Mem: 0.29GB/3.70GB
Epoch: 45 [200/391] Loss: 1.2257 | Acc: 66.37% | Time: 0.0227s | GPU Mem: 0.29GB/3.70GB
Epoch: 45 [300/391] Loss: 1.1738 | Acc: 65.53% | Time: 0.0215s | GPU Mem: 0.29GB/3.70GB

训练 - Loss: 1.1907, Acc: 65.51%
测试 - Loss: 1.7784, Acc: 53.71%
学习率: 0.100000, 时间: 19.47s
GPU内存使用:
  GPU 1 - 已分配: 0.29GB, 已保留: 3.70GB

============================================================
Epoch 47/100
============================================================
Epoch: 46 [0/391] Loss: 1.2342 | Acc: 71.09% | Time: 0.0381s | GPU Mem: 0.29GB/3.70GB
Epoch: 46 [100/391] Loss: 1.1829 | Acc: 66.30% | Time: 0.0307s | GPU Mem: 0.29GB/3.70GB
Epoch: 46 [200/391] Loss: 1.3859 | Acc: 65.50% | Time: 0.0263s | GPU Mem: 0.29GB/3.70GB
Epoch: 46 [300/391] Loss: 1.1932 | Acc: 65.62% | Time: 0.0297s | GPU Mem: 0.29GB/3.70GB

训练 - Loss: 1.1949, Acc: 65.37%
测试 - Loss: 1.6917, Acc: 54.32%
学习率: 0.100000, 时间: 19.53s
GPU内存使用:
  GPU 1 - 已分配: 0.29GB, 已保留: 3.70GB

============================================================
Epoch 48/100
============================================================
Epoch: 47 [0/391] Loss: 1.0011 | Acc: 70.31% | Time: 0.0301s | GPU Mem: 0.29GB/3.70GB
Epoch: 47 [100/391] Loss: 1.0653 | Acc: 67.19% | Time: 0.0239s | GPU Mem: 0.29GB/3.70GB
Epoch: 47 [200/391] Loss: 1.0353 | Acc: 66.46% | Time: 0.0291s | GPU Mem: 0.29GB/3.70GB
Epoch: 47 [300/391] Loss: 1.1888 | Acc: 65.60% | Time: 0.0315s | GPU Mem: 0.29GB/3.70GB

训练 - Loss: 1.1840, Acc: 65.45%
测试 - Loss: 1.8936, Acc: 52.54%
学习率: 0.100000, 时间: 19.50s
GPU内存使用:
  GPU 1 - 已分配: 0.29GB, 已保留: 3.70GB

============================================================
Epoch 49/100
============================================================
Epoch: 48 [0/391] Loss: 1.2507 | Acc: 65.62% | Time: 0.0300s | GPU Mem: 0.29GB/3.70GB
Epoch: 48 [100/391] Loss: 1.1210 | Acc: 67.63% | Time: 0.0247s | GPU Mem: 0.29GB/3.70GB
Epoch: 48 [200/391] Loss: 1.2130 | Acc: 66.93% | Time: 0.0236s | GPU Mem: 0.29GB/3.70GB
Epoch: 48 [300/391] Loss: 1.0630 | Acc: 66.21% | Time: 0.0220s | GPU Mem: 0.29GB/3.70GB

训练 - Loss: 1.1750, Acc: 65.90%
测试 - Loss: 1.9576, Acc: 50.38%
学习率: 0.100000, 时间: 19.49s
GPU内存使用:
  GPU 1 - 已分配: 0.29GB, 已保留: 3.70GB

============================================================
Epoch 50/100
============================================================
Epoch: 49 [0/391] Loss: 0.9456 | Acc: 70.31% | Time: 0.0244s | GPU Mem: 0.29GB/3.70GB
Epoch: 49 [100/391] Loss: 1.2199 | Acc: 67.01% | Time: 0.0312s | GPU Mem: 0.29GB/3.70GB
Epoch: 49 [200/391] Loss: 1.0275 | Acc: 66.26% | Time: 0.0268s | GPU Mem: 0.29GB/3.70GB
Epoch: 49 [300/391] Loss: 1.4204 | Acc: 65.89% | Time: 0.0294s | GPU Mem: 0.29GB/3.70GB

训练 - Loss: 1.1773, Acc: 65.45%
测试 - Loss: 1.7149, Acc: 54.23%
学习率: 0.010000, 时间: 19.48s
GPU内存使用:
  GPU 1 - 已分配: 0.29GB, 已保留: 3.70GB
保存checkpoint到: ./checkpoints/checkpoint_epoch_50.pth

============================================================
Epoch 51/100
============================================================
Epoch: 50 [0/391] Loss: 0.9410 | Acc: 69.53% | Time: 0.0328s | GPU Mem: 0.29GB/3.70GB
Epoch: 50 [100/391] Loss: 0.6560 | Acc: 75.29% | Time: 0.0252s | GPU Mem: 0.29GB/3.70GB
Epoch: 50 [200/391] Loss: 0.6767 | Acc: 76.64% | Time: 0.0215s | GPU Mem: 0.29GB/3.70GB
Epoch: 50 [300/391] Loss: 0.6207 | Acc: 77.89% | Time: 0.0256s | GPU Mem: 0.29GB/3.70GB

训练 - Loss: 0.7222, Acc: 78.59%
测试 - Loss: 0.9458, Acc: 72.62%
学习率: 0.010000, 时间: 19.41s
GPU内存使用:
  GPU 1 - 已分配: 0.29GB, 已保留: 3.70GB
最佳准确率更新: 56.29% -> 72.62%
保存最佳模型到: ./checkpoints/best_model.pth

============================================================
Epoch 52/100
============================================================
Epoch: 51 [0/391] Loss: 0.5141 | Acc: 86.72% | Time: 0.0438s | GPU Mem: 0.29GB/3.70GB
Epoch: 51 [100/391] Loss: 0.6579 | Acc: 83.22% | Time: 0.0314s | GPU Mem: 0.29GB/3.70GB
Epoch: 51 [200/391] Loss: 0.5545 | Acc: 83.08% | Time: 0.0296s | GPU Mem: 0.29GB/3.70GB
Epoch: 51 [300/391] Loss: 0.5688 | Acc: 82.94% | Time: 0.0251s | GPU Mem: 0.29GB/3.70GB

训练 - Loss: 0.5651, Acc: 83.05%
测试 - Loss: 0.9396, Acc: 73.10%
学习率: 0.010000, 时间: 19.58s
GPU内存使用:
  GPU 1 - 已分配: 0.29GB, 已保留: 3.70GB
最佳准确率更新: 72.62% -> 73.10%
保存最佳模型到: ./checkpoints/best_model.pth

============================================================
Epoch 53/100
============================================================
Epoch: 52 [0/391] Loss: 0.4275 | Acc: 89.06% | Time: 0.0336s | GPU Mem: 0.29GB/3.70GB
Epoch: 52 [100/391] Loss: 0.5755 | Acc: 84.85% | Time: 0.0282s | GPU Mem: 0.29GB/3.70GB
Epoch: 52 [200/391] Loss: 0.4445 | Acc: 84.78% | Time: 0.0206s | GPU Mem: 0.29GB/3.70GB
Epoch: 52 [300/391] Loss: 0.4334 | Acc: 84.81% | Time: 0.0218s | GPU Mem: 0.29GB/3.70GB

训练 - Loss: 0.5037, Acc: 84.68%
测试 - Loss: 0.9314, Acc: 73.79%
学习率: 0.010000, 时间: 19.41s
GPU内存使用:
  GPU 1 - 已分配: 0.29GB, 已保留: 3.70GB
最佳准确率更新: 73.10% -> 73.79%
保存最佳模型到: ./checkpoints/best_model.pth

============================================================
Epoch 54/100
============================================================
Epoch: 53 [0/391] Loss: 0.4811 | Acc: 87.50% | Time: 0.0345s | GPU Mem: 0.29GB/3.70GB
Epoch: 53 [100/391] Loss: 0.4814 | Acc: 86.29% | Time: 0.0207s | GPU Mem: 0.29GB/3.70GB
Epoch: 53 [200/391] Loss: 0.4489 | Acc: 86.62% | Time: 0.0280s | GPU Mem: 0.29GB/3.70GB
Epoch: 53 [300/391] Loss: 0.4497 | Acc: 86.59% | Time: 0.0202s | GPU Mem: 0.29GB/3.70GB

训练 - Loss: 0.4486, Acc: 86.46%
测试 - Loss: 0.9333, Acc: 73.24%
学习率: 0.010000, 时间: 19.38s
GPU内存使用:
  GPU 1 - 已分配: 0.29GB, 已保留: 3.70GB

============================================================
Epoch 55/100
============================================================
Epoch: 54 [0/391] Loss: 0.3981 | Acc: 87.50% | Time: 0.0279s | GPU Mem: 0.29GB/3.70GB
Epoch: 54 [100/391] Loss: 0.3740 | Acc: 88.47% | Time: 0.0290s | GPU Mem: 0.29GB/3.70GB
Epoch: 54 [200/391] Loss: 0.3267 | Acc: 87.90% | Time: 0.0280s | GPU Mem: 0.29GB/3.70GB
Epoch: 54 [300/391] Loss: 0.5184 | Acc: 87.80% | Time: 0.0294s | GPU Mem: 0.29GB/3.70GB

训练 - Loss: 0.4088, Acc: 87.62%
测试 - Loss: 0.9505, Acc: 73.52%
学习率: 0.010000, 时间: 19.41s
GPU内存使用:
  GPU 1 - 已分配: 0.29GB, 已保留: 3.70GB

============================================================
Epoch 56/100
============================================================
Epoch: 55 [0/391] Loss: 0.3089 | Acc: 93.75% | Time: 0.0303s | GPU Mem: 0.29GB/3.70GB
Epoch: 55 [100/391] Loss: 0.3841 | Acc: 89.44% | Time: 0.0224s | GPU Mem: 0.29GB/3.70GB
Epoch: 55 [200/391] Loss: 0.4015 | Acc: 89.04% | Time: 0.0218s | GPU Mem: 0.29GB/3.70GB
Epoch: 55 [300/391] Loss: 0.4068 | Acc: 88.85% | Time: 0.0203s | GPU Mem: 0.29GB/3.70GB

训练 - Loss: 0.3740, Acc: 88.62%
测试 - Loss: 0.9574, Acc: 73.73%
学习率: 0.010000, 时间: 19.32s
GPU内存使用:
  GPU 1 - 已分配: 0.29GB, 已保留: 3.70GB

============================================================
Epoch 57/100
============================================================
Epoch: 56 [0/391] Loss: 0.2140 | Acc: 95.31% | Time: 0.0375s | GPU Mem: 0.29GB/3.70GB
Epoch: 56 [100/391] Loss: 0.3250 | Acc: 90.43% | Time: 0.0217s | GPU Mem: 0.29GB/3.70GB
Epoch: 56 [200/391] Loss: 0.2667 | Acc: 90.22% | Time: 0.0254s | GPU Mem: 0.29GB/3.70GB
Epoch: 56 [300/391] Loss: 0.3938 | Acc: 89.99% | Time: 0.0257s | GPU Mem: 0.29GB/3.70GB

训练 - Loss: 0.3427, Acc: 89.72%
测试 - Loss: 0.9610, Acc: 73.43%
学习率: 0.010000, 时间: 19.48s
GPU内存使用:
  GPU 1 - 已分配: 0.29GB, 已保留: 3.70GB

============================================================
Epoch 58/100
============================================================
Epoch: 57 [0/391] Loss: 0.2435 | Acc: 93.75% | Time: 0.0367s | GPU Mem: 0.29GB/3.70GB
Epoch: 57 [100/391] Loss: 0.3703 | Acc: 91.40% | Time: 0.0260s | GPU Mem: 0.29GB/3.70GB
Epoch: 57 [200/391] Loss: 0.2407 | Acc: 90.93% | Time: 0.0260s | GPU Mem: 0.29GB/3.70GB
Epoch: 57 [300/391] Loss: 0.2518 | Acc: 90.70% | Time: 0.0270s | GPU Mem: 0.29GB/3.70GB

训练 - Loss: 0.3124, Acc: 90.50%
测试 - Loss: 0.9798, Acc: 73.73%
学习率: 0.010000, 时间: 19.56s
GPU内存使用:
  GPU 1 - 已分配: 0.29GB, 已保留: 3.70GB

============================================================
Epoch 59/100
============================================================
Epoch: 58 [0/391] Loss: 0.3544 | Acc: 86.72% | Time: 0.0367s | GPU Mem: 0.29GB/3.70GB
Epoch: 58 [100/391] Loss: 0.3525 | Acc: 91.68% | Time: 0.0225s | GPU Mem: 0.29GB/3.70GB
Epoch: 58 [200/391] Loss: 0.2946 | Acc: 91.57% | Time: 0.0216s | GPU Mem: 0.29GB/3.70GB
Epoch: 58 [300/391] Loss: 0.2777 | Acc: 91.36% | Time: 0.0311s | GPU Mem: 0.29GB/3.70GB

训练 - Loss: 0.2888, Acc: 91.14%
测试 - Loss: 1.0186, Acc: 73.27%
学习率: 0.010000, 时间: 19.42s
GPU内存使用:
  GPU 1 - 已分配: 0.29GB, 已保留: 3.70GB

============================================================
Epoch 60/100
============================================================
Epoch: 59 [0/391] Loss: 0.2676 | Acc: 93.75% | Time: 0.0305s | GPU Mem: 0.29GB/3.70GB
Epoch: 59 [100/391] Loss: 0.2078 | Acc: 92.81% | Time: 0.0250s | GPU Mem: 0.29GB/3.70GB
Epoch: 59 [200/391] Loss: 0.2470 | Acc: 92.44% | Time: 0.0284s | GPU Mem: 0.29GB/3.70GB
Epoch: 59 [300/391] Loss: 0.2700 | Acc: 92.22% | Time: 0.0278s | GPU Mem: 0.29GB/3.70GB

训练 - Loss: 0.2633, Acc: 92.04%
测试 - Loss: 1.0592, Acc: 73.03%
学习率: 0.010000, 时间: 19.53s
GPU内存使用:
  GPU 1 - 已分配: 0.29GB, 已保留: 3.70GB
保存checkpoint到: ./checkpoints/checkpoint_epoch_60.pth

============================================================
Epoch 61/100
============================================================
Epoch: 60 [0/391] Loss: 0.2812 | Acc: 90.62% | Time: 0.0327s | GPU Mem: 0.29GB/3.70GB
Epoch: 60 [100/391] Loss: 0.2650 | Acc: 93.54% | Time: 0.0266s | GPU Mem: 0.29GB/3.70GB
Epoch: 60 [200/391] Loss: 0.4271 | Acc: 92.98% | Time: 0.0273s | GPU Mem: 0.29GB/3.70GB
Epoch: 60 [300/391] Loss: 0.2199 | Acc: 92.86% | Time: 0.0259s | GPU Mem: 0.29GB/3.70GB

训练 - Loss: 0.2479, Acc: 92.64%
测试 - Loss: 1.0416, Acc: 73.56%
学习率: 0.010000, 时间: 19.43s
GPU内存使用:
  GPU 1 - 已分配: 0.29GB, 已保留: 3.70GB

============================================================
Epoch 62/100
============================================================
Epoch: 61 [0/391] Loss: 0.1831 | Acc: 94.53% | Time: 0.0281s | GPU Mem: 0.29GB/3.70GB
Epoch: 61 [100/391] Loss: 0.2494 | Acc: 94.22% | Time: 0.0250s | GPU Mem: 0.29GB/3.70GB
Epoch: 61 [200/391] Loss: 0.2922 | Acc: 93.56% | Time: 0.0253s | GPU Mem: 0.29GB/3.70GB
Epoch: 61 [300/391] Loss: 0.2182 | Acc: 93.37% | Time: 0.0211s | GPU Mem: 0.29GB/3.70GB

训练 - Loss: 0.2276, Acc: 93.21%
测试 - Loss: 1.0626, Acc: 73.64%
学习率: 0.010000, 时间: 19.40s
GPU内存使用:
  GPU 1 - 已分配: 0.29GB, 已保留: 3.70GB

============================================================
Epoch 63/100
============================================================
Epoch: 62 [0/391] Loss: 0.2378 | Acc: 91.41% | Time: 0.0340s | GPU Mem: 0.29GB/3.70GB
Epoch: 62 [100/391] Loss: 0.1280 | Acc: 94.04% | Time: 0.0281s | GPU Mem: 0.29GB/3.70GB
Epoch: 62 [200/391] Loss: 0.1978 | Acc: 93.86% | Time: 0.0205s | GPU Mem: 0.29GB/3.70GB
Epoch: 62 [300/391] Loss: 0.1738 | Acc: 93.64% | Time: 0.0248s | GPU Mem: 0.29GB/3.70GB

训练 - Loss: 0.2148, Acc: 93.51%
测试 - Loss: 1.0903, Acc: 72.84%
学习率: 0.010000, 时间: 19.32s
GPU内存使用:
  GPU 1 - 已分配: 0.29GB, 已保留: 3.70GB

============================================================
Epoch 64/100
============================================================
Epoch: 63 [0/391] Loss: 0.1452 | Acc: 96.09% | Time: 0.0323s | GPU Mem: 0.29GB/3.70GB
Epoch: 63 [100/391] Loss: 0.2605 | Acc: 94.86% | Time: 0.0286s | GPU Mem: 0.29GB/3.70GB
Epoch: 63 [200/391] Loss: 0.2301 | Acc: 94.48% | Time: 0.0213s | GPU Mem: 0.29GB/3.70GB
Epoch: 63 [300/391] Loss: 0.2971 | Acc: 94.30% | Time: 0.0207s | GPU Mem: 0.29GB/3.70GB

训练 - Loss: 0.2004, Acc: 94.04%
测试 - Loss: 1.1026, Acc: 72.72%
学习率: 0.010000, 时间: 19.37s
GPU内存使用:
  GPU 1 - 已分配: 0.29GB, 已保留: 3.70GB

============================================================
Epoch 65/100
============================================================
Epoch: 64 [0/391] Loss: 0.1472 | Acc: 94.53% | Time: 0.0248s | GPU Mem: 0.29GB/3.70GB
Epoch: 64 [100/391] Loss: 0.1939 | Acc: 95.31% | Time: 0.0249s | GPU Mem: 0.29GB/3.70GB
Epoch: 64 [200/391] Loss: 0.1610 | Acc: 94.80% | Time: 0.0392s | GPU Mem: 0.29GB/3.70GB
Epoch: 64 [300/391] Loss: 0.2034 | Acc: 94.48% | Time: 0.0260s | GPU Mem: 0.29GB/3.70GB

训练 - Loss: 0.1911, Acc: 94.23%
测试 - Loss: 1.1225, Acc: 72.48%
学习率: 0.010000, 时间: 19.47s
GPU内存使用:
  GPU 1 - 已分配: 0.29GB, 已保留: 3.70GB

============================================================
Epoch 66/100
============================================================
Epoch: 65 [0/391] Loss: 0.1527 | Acc: 96.09% | Time: 0.0285s | GPU Mem: 0.29GB/3.70GB
Epoch: 65 [100/391] Loss: 0.1672 | Acc: 95.28% | Time: 0.0225s | GPU Mem: 0.29GB/3.70GB
Epoch: 65 [200/391] Loss: 0.1823 | Acc: 95.02% | Time: 0.0225s | GPU Mem: 0.29GB/3.70GB
Epoch: 65 [300/391] Loss: 0.1850 | Acc: 94.76% | Time: 0.0186s | GPU Mem: 0.29GB/3.70GB

训练 - Loss: 0.1840, Acc: 94.61%
测试 - Loss: 1.1111, Acc: 72.54%
学习率: 0.010000, 时间: 19.36s
GPU内存使用:
  GPU 1 - 已分配: 0.29GB, 已保留: 3.70GB

============================================================
Epoch 67/100
============================================================
Epoch: 66 [0/391] Loss: 0.1424 | Acc: 94.53% | Time: 0.0310s | GPU Mem: 0.29GB/3.70GB
Epoch: 66 [100/391] Loss: 0.1918 | Acc: 95.61% | Time: 0.0256s | GPU Mem: 0.29GB/3.70GB
Epoch: 66 [200/391] Loss: 0.1065 | Acc: 95.50% | Time: 0.0250s | GPU Mem: 0.29GB/3.70GB
Epoch: 66 [300/391] Loss: 0.1422 | Acc: 95.28% | Time: 0.0212s | GPU Mem: 0.29GB/3.70GB

训练 - Loss: 0.1724, Acc: 95.01%
测试 - Loss: 1.1326, Acc: 72.31%
学习率: 0.010000, 时间: 19.42s
GPU内存使用:
  GPU 1 - 已分配: 0.29GB, 已保留: 3.70GB

============================================================
Epoch 68/100
============================================================
Epoch: 67 [0/391] Loss: 0.1372 | Acc: 95.31% | Time: 0.0298s | GPU Mem: 0.29GB/3.70GB
Epoch: 67 [100/391] Loss: 0.1679 | Acc: 95.44% | Time: 0.0250s | GPU Mem: 0.29GB/3.70GB
Epoch: 67 [200/391] Loss: 0.1115 | Acc: 95.32% | Time: 0.0246s | GPU Mem: 0.29GB/3.70GB
Epoch: 67 [300/391] Loss: 0.2162 | Acc: 95.22% | Time: 0.0246s | GPU Mem: 0.29GB/3.70GB

训练 - Loss: 0.1680, Acc: 95.07%
测试 - Loss: 1.1517, Acc: 72.87%
学习率: 0.010000, 时间: 19.51s
GPU内存使用:
  GPU 1 - 已分配: 0.29GB, 已保留: 3.70GB

============================================================
Epoch 69/100
============================================================
Epoch: 68 [0/391] Loss: 0.1532 | Acc: 93.75% | Time: 0.0327s | GPU Mem: 0.29GB/3.70GB
Epoch: 68 [100/391] Loss: 0.1246 | Acc: 95.71% | Time: 0.0268s | GPU Mem: 0.29GB/3.70GB
Epoch: 68 [200/391] Loss: 0.2434 | Acc: 95.73% | Time: 0.0329s | GPU Mem: 0.29GB/3.70GB
Epoch: 68 [300/391] Loss: 0.1676 | Acc: 95.54% | Time: 0.0315s | GPU Mem: 0.29GB/3.70GB

训练 - Loss: 0.1638, Acc: 95.30%
测试 - Loss: 1.1726, Acc: 72.24%
学习率: 0.010000, 时间: 19.61s
GPU内存使用:
  GPU 1 - 已分配: 0.29GB, 已保留: 3.70GB

============================================================
Epoch 70/100
============================================================
Epoch: 69 [0/391] Loss: 0.1281 | Acc: 96.09% | Time: 0.0304s | GPU Mem: 0.29GB/3.70GB
Epoch: 69 [100/391] Loss: 0.1186 | Acc: 96.23% | Time: 0.0251s | GPU Mem: 0.29GB/3.70GB
Epoch: 69 [200/391] Loss: 0.1291 | Acc: 96.06% | Time: 0.0219s | GPU Mem: 0.29GB/3.70GB
Epoch: 69 [300/391] Loss: 0.1852 | Acc: 95.74% | Time: 0.0205s | GPU Mem: 0.29GB/3.70GB

训练 - Loss: 0.1555, Acc: 95.50%
测试 - Loss: 1.1515, Acc: 72.46%
学习率: 0.010000, 时间: 19.42s
GPU内存使用:
  GPU 1 - 已分配: 0.29GB, 已保留: 3.70GB
保存checkpoint到: ./checkpoints/checkpoint_epoch_70.pth

============================================================
Epoch 71/100
============================================================
Epoch: 70 [0/391] Loss: 0.0897 | Acc: 98.44% | Time: 0.0329s | GPU Mem: 0.29GB/3.70GB
Epoch: 70 [100/391] Loss: 0.1164 | Acc: 95.77% | Time: 0.0346s | GPU Mem: 0.29GB/3.70GB
Epoch: 70 [200/391] Loss: 0.2656 | Acc: 95.71% | Time: 0.0254s | GPU Mem: 0.29GB/3.70GB
Epoch: 70 [300/391] Loss: 0.2087 | Acc: 95.60% | Time: 0.0298s | GPU Mem: 0.29GB/3.70GB

训练 - Loss: 0.1580, Acc: 95.35%
测试 - Loss: 1.1975, Acc: 71.59%
学习率: 0.010000, 时间: 19.55s
GPU内存使用:
  GPU 1 - 已分配: 0.29GB, 已保留: 3.70GB

============================================================
Epoch 72/100
============================================================
Epoch: 71 [0/391] Loss: 0.1889 | Acc: 96.09% | Time: 0.0373s | GPU Mem: 0.29GB/3.70GB
Epoch: 71 [100/391] Loss: 0.1274 | Acc: 95.65% | Time: 0.0251s | GPU Mem: 0.29GB/3.70GB
Epoch: 71 [200/391] Loss: 0.1562 | Acc: 95.48% | Time: 0.0251s | GPU Mem: 0.29GB/3.70GB
Epoch: 71 [300/391] Loss: 0.1194 | Acc: 95.32% | Time: 0.0272s | GPU Mem: 0.29GB/3.70GB

训练 - Loss: 0.1635, Acc: 95.23%
测试 - Loss: 1.2029, Acc: 71.15%
学习率: 0.010000, 时间: 19.56s
GPU内存使用:
  GPU 1 - 已分配: 0.29GB, 已保留: 3.70GB

============================================================
Epoch 73/100
============================================================
Epoch: 72 [0/391] Loss: 0.1520 | Acc: 95.31% | Time: 0.0325s | GPU Mem: 0.29GB/3.70GB
Epoch: 72 [100/391] Loss: 0.1221 | Acc: 96.19% | Time: 0.0248s | GPU Mem: 0.29GB/3.70GB
Epoch: 72 [200/391] Loss: 0.1685 | Acc: 95.95% | Time: 0.0244s | GPU Mem: 0.29GB/3.70GB
Epoch: 72 [300/391] Loss: 0.1613 | Acc: 95.65% | Time: 0.0267s | GPU Mem: 0.29GB/3.70GB

训练 - Loss: 0.1583, Acc: 95.41%
测试 - Loss: 1.2146, Acc: 71.63%
学习率: 0.010000, 时间: 19.52s
GPU内存使用:
  GPU 1 - 已分配: 0.29GB, 已保留: 3.70GB

============================================================
Epoch 74/100
============================================================
Epoch: 73 [0/391] Loss: 0.0994 | Acc: 96.88% | Time: 0.0362s | GPU Mem: 0.29GB/3.70GB
Epoch: 73 [100/391] Loss: 0.1134 | Acc: 95.90% | Time: 0.0205s | GPU Mem: 0.29GB/3.70GB
Epoch: 73 [200/391] Loss: 0.1326 | Acc: 95.65% | Time: 0.0266s | GPU Mem: 0.29GB/3.70GB
Epoch: 73 [300/391] Loss: 0.1379 | Acc: 95.46% | Time: 0.0273s | GPU Mem: 0.29GB/3.70GB

训练 - Loss: 0.1589, Acc: 95.22%
测试 - Loss: 1.2340, Acc: 71.30%
学习率: 0.010000, 时间: 19.50s
GPU内存使用:
  GPU 1 - 已分配: 0.29GB, 已保留: 3.70GB

============================================================
Epoch 75/100
============================================================
Epoch: 74 [0/391] Loss: 0.1739 | Acc: 93.75% | Time: 0.0380s | GPU Mem: 0.29GB/3.70GB
Epoch: 74 [100/391] Loss: 0.1170 | Acc: 96.50% | Time: 0.0262s | GPU Mem: 0.29GB/3.70GB
Epoch: 74 [200/391] Loss: 0.1562 | Acc: 96.17% | Time: 0.0207s | GPU Mem: 0.29GB/3.70GB
Epoch: 74 [300/391] Loss: 0.1708 | Acc: 95.85% | Time: 0.0224s | GPU Mem: 0.29GB/3.70GB

训练 - Loss: 0.1493, Acc: 95.59%
测试 - Loss: 1.2000, Acc: 71.36%
学习率: 0.010000, 时间: 19.38s
GPU内存使用:
  GPU 1 - 已分配: 0.29GB, 已保留: 3.70GB

============================================================
Epoch 76/100
============================================================
Epoch: 75 [0/391] Loss: 0.0962 | Acc: 98.44% | Time: 0.0277s | GPU Mem: 0.29GB/3.70GB
Epoch: 75 [100/391] Loss: 0.1139 | Acc: 96.15% | Time: 0.0314s | GPU Mem: 0.29GB/3.70GB
Epoch: 75 [200/391] Loss: 0.1442 | Acc: 95.99% | Time: 0.0272s | GPU Mem: 0.29GB/3.70GB
Epoch: 75 [300/391] Loss: 0.1260 | Acc: 95.77% | Time: 0.0248s | GPU Mem: 0.29GB/3.70GB

训练 - Loss: 0.1496, Acc: 95.63%
测试 - Loss: 1.1870, Acc: 71.92%
学习率: 0.010000, 时间: 19.48s
GPU内存使用:
  GPU 1 - 已分配: 0.29GB, 已保留: 3.70GB

============================================================
Epoch 77/100
============================================================
Epoch: 76 [0/391] Loss: 0.1358 | Acc: 96.09% | Time: 0.0319s | GPU Mem: 0.29GB/3.70GB
Epoch: 76 [100/391] Loss: 0.1436 | Acc: 96.05% | Time: 0.0205s | GPU Mem: 0.29GB/3.70GB
Epoch: 76 [200/391] Loss: 0.1274 | Acc: 95.97% | Time: 0.0228s | GPU Mem: 0.29GB/3.70GB
Epoch: 76 [300/391] Loss: 0.1913 | Acc: 95.76% | Time: 0.0263s | GPU Mem: 0.29GB/3.70GB

训练 - Loss: 0.1514, Acc: 95.48%
测试 - Loss: 1.2125, Acc: 71.33%
学习率: 0.010000, 时间: 19.46s
GPU内存使用:
  GPU 1 - 已分配: 0.29GB, 已保留: 3.70GB

============================================================
Epoch 78/100
============================================================
Epoch: 77 [0/391] Loss: 0.1417 | Acc: 94.53% | Time: 0.0363s | GPU Mem: 0.29GB/3.70GB
Epoch: 77 [100/391] Loss: 0.1395 | Acc: 95.66% | Time: 0.0221s | GPU Mem: 0.29GB/3.70GB
Epoch: 77 [200/391] Loss: 0.1908 | Acc: 95.39% | Time: 0.0239s | GPU Mem: 0.29GB/3.70GB
Epoch: 77 [300/391] Loss: 0.1509 | Acc: 95.33% | Time: 0.0234s | GPU Mem: 0.29GB/3.70GB

训练 - Loss: 0.1583, Acc: 95.15%
测试 - Loss: 1.2905, Acc: 70.88%
学习率: 0.010000, 时间: 19.41s
GPU内存使用:
  GPU 1 - 已分配: 0.29GB, 已保留: 3.70GB

============================================================
Epoch 79/100
============================================================
Epoch: 78 [0/391] Loss: 0.1244 | Acc: 96.88% | Time: 0.0289s | GPU Mem: 0.29GB/3.70GB
Epoch: 78 [100/391] Loss: 0.1760 | Acc: 95.80% | Time: 0.0209s | GPU Mem: 0.29GB/3.70GB
Epoch: 78 [200/391] Loss: 0.1687 | Acc: 95.91% | Time: 0.0297s | GPU Mem: 0.29GB/3.70GB
Epoch: 78 [300/391] Loss: 0.2069 | Acc: 95.71% | Time: 0.0378s | GPU Mem: 0.29GB/3.70GB

训练 - Loss: 0.1545, Acc: 95.53%
测试 - Loss: 1.2449, Acc: 71.38%
学习率: 0.010000, 时间: 19.40s
GPU内存使用:
  GPU 1 - 已分配: 0.29GB, 已保留: 3.70GB

============================================================
Epoch 80/100
============================================================
Epoch: 79 [0/391] Loss: 0.1312 | Acc: 96.88% | Time: 0.0326s | GPU Mem: 0.29GB/3.70GB
Epoch: 79 [100/391] Loss: 0.1995 | Acc: 96.64% | Time: 0.0318s | GPU Mem: 0.29GB/3.70GB
Epoch: 79 [200/391] Loss: 0.1160 | Acc: 96.12% | Time: 0.0203s | GPU Mem: 0.29GB/3.70GB
Epoch: 79 [300/391] Loss: 0.1711 | Acc: 95.84% | Time: 0.0225s | GPU Mem: 0.29GB/3.70GB

训练 - Loss: 0.1523, Acc: 95.65%
测试 - Loss: 1.2410, Acc: 71.28%
学习率: 0.010000, 时间: 19.43s
GPU内存使用:
  GPU 1 - 已分配: 0.29GB, 已保留: 3.70GB
保存checkpoint到: ./checkpoints/checkpoint_epoch_80.pth

============================================================
Epoch 81/100
============================================================
Epoch: 80 [0/391] Loss: 0.1370 | Acc: 96.88% | Time: 0.0338s | GPU Mem: 0.29GB/3.70GB
Epoch: 80 [100/391] Loss: 0.1014 | Acc: 96.24% | Time: 0.0292s | GPU Mem: 0.29GB/3.70GB
Epoch: 80 [200/391] Loss: 0.1607 | Acc: 96.28% | Time: 0.0246s | GPU Mem: 0.29GB/3.70GB
Epoch: 80 [300/391] Loss: 0.2416 | Acc: 96.02% | Time: 0.0316s | GPU Mem: 0.29GB/3.70GB

训练 - Loss: 0.1470, Acc: 95.70%
测试 - Loss: 1.2464, Acc: 70.47%
学习率: 0.010000, 时间: 19.55s
GPU内存使用:
  GPU 1 - 已分配: 0.29GB, 已保留: 3.70GB

============================================================
Epoch 82/100
============================================================
Epoch: 81 [0/391] Loss: 0.1187 | Acc: 96.09% | Time: 0.0308s | GPU Mem: 0.29GB/3.70GB
Epoch: 81 [100/391] Loss: 0.1071 | Acc: 96.00% | Time: 0.0278s | GPU Mem: 0.29GB/3.70GB
Epoch: 81 [200/391] Loss: 0.1515 | Acc: 95.88% | Time: 0.0208s | GPU Mem: 0.29GB/3.70GB
Epoch: 81 [300/391] Loss: 0.1353 | Acc: 95.55% | Time: 0.0208s | GPU Mem: 0.29GB/3.70GB

训练 - Loss: 0.1580, Acc: 95.31%
测试 - Loss: 1.2317, Acc: 71.18%
学习率: 0.010000, 时间: 19.40s
GPU内存使用:
  GPU 1 - 已分配: 0.29GB, 已保留: 3.70GB

============================================================
Epoch 83/100
============================================================
Epoch: 82 [0/391] Loss: 0.1226 | Acc: 98.44% | Time: 0.0345s | GPU Mem: 0.29GB/3.70GB
Epoch: 82 [100/391] Loss: 0.1078 | Acc: 95.81% | Time: 0.0212s | GPU Mem: 0.29GB/3.70GB
Epoch: 82 [200/391] Loss: 0.1030 | Acc: 95.47% | Time: 0.0280s | GPU Mem: 0.29GB/3.70GB
Epoch: 82 [300/391] Loss: 0.1916 | Acc: 95.22% | Time: 0.0305s | GPU Mem: 0.29GB/3.70GB

训练 - Loss: 0.1647, Acc: 94.98%
测试 - Loss: 1.2632, Acc: 70.39%
学习率: 0.010000, 时间: 19.57s
GPU内存使用:
  GPU 1 - 已分配: 0.29GB, 已保留: 3.70GB

============================================================
Epoch 84/100
============================================================
Epoch: 83 [0/391] Loss: 0.0611 | Acc: 100.00% | Time: 0.0315s | GPU Mem: 0.29GB/3.70GB
Epoch: 83 [100/391] Loss: 0.0904 | Acc: 96.17% | Time: 0.0273s | GPU Mem: 0.29GB/3.70GB
Epoch: 83 [200/391] Loss: 0.1587 | Acc: 95.83% | Time: 0.0253s | GPU Mem: 0.29GB/3.70GB
Epoch: 83 [300/391] Loss: 0.1826 | Acc: 95.44% | Time: 0.0301s | GPU Mem: 0.29GB/3.70GB

训练 - Loss: 0.1611, Acc: 95.21%
测试 - Loss: 1.2733, Acc: 70.23%
学习率: 0.010000, 时间: 19.59s
GPU内存使用:
  GPU 1 - 已分配: 0.29GB, 已保留: 3.70GB

============================================================
Epoch 85/100
============================================================
Epoch: 84 [0/391] Loss: 0.0786 | Acc: 99.22% | Time: 0.0464s | GPU Mem: 0.29GB/3.70GB
Epoch: 84 [100/391] Loss: 0.2383 | Acc: 95.55% | Time: 0.0304s | GPU Mem: 0.29GB/3.70GB
Epoch: 84 [200/391] Loss: 0.2031 | Acc: 95.49% | Time: 0.0246s | GPU Mem: 0.29GB/3.70GB
Epoch: 84 [300/391] Loss: 0.1664 | Acc: 95.20% | Time: 0.0257s | GPU Mem: 0.29GB/3.70GB

训练 - Loss: 0.1675, Acc: 94.98%
测试 - Loss: 1.2611, Acc: 70.75%
学习率: 0.010000, 时间: 19.51s
GPU内存使用:
  GPU 1 - 已分配: 0.29GB, 已保留: 3.70GB

============================================================
Epoch 86/100
============================================================
Epoch: 85 [0/391] Loss: 0.1391 | Acc: 96.09% | Time: 0.0395s | GPU Mem: 0.29GB/3.70GB
Epoch: 85 [100/391] Loss: 0.1461 | Acc: 96.31% | Time: 0.0294s | GPU Mem: 0.29GB/3.70GB
Epoch: 85 [200/391] Loss: 0.2039 | Acc: 95.83% | Time: 0.0245s | GPU Mem: 0.29GB/3.70GB
Epoch: 85 [300/391] Loss: 0.1608 | Acc: 95.72% | Time: 0.0269s | GPU Mem: 0.29GB/3.70GB

训练 - Loss: 0.1505, Acc: 95.51%
测试 - Loss: 1.2497, Acc: 71.08%
学习率: 0.010000, 时间: 19.52s
GPU内存使用:
  GPU 1 - 已分配: 0.29GB, 已保留: 3.70GB

============================================================
Epoch 87/100
============================================================
Epoch: 86 [0/391] Loss: 0.1196 | Acc: 96.88% | Time: 0.0298s | GPU Mem: 0.29GB/3.70GB
Epoch: 86 [100/391] Loss: 0.1315 | Acc: 95.94% | Time: 0.0252s | GPU Mem: 0.29GB/3.70GB
Epoch: 86 [200/391] Loss: 0.1445 | Acc: 95.82% | Time: 0.0204s | GPU Mem: 0.29GB/3.70GB
Epoch: 86 [300/391] Loss: 0.1408 | Acc: 95.47% | Time: 0.0203s | GPU Mem: 0.29GB/3.70GB

训练 - Loss: 0.1644, Acc: 95.14%
测试 - Loss: 1.2996, Acc: 69.95%
学习率: 0.010000, 时间: 19.35s
GPU内存使用:
  GPU 1 - 已分配: 0.29GB, 已保留: 3.70GB

============================================================
Epoch 88/100
============================================================
Epoch: 87 [0/391] Loss: 0.1613 | Acc: 96.09% | Time: 0.0331s | GPU Mem: 0.29GB/3.70GB
Epoch: 87 [100/391] Loss: 0.1812 | Acc: 95.66% | Time: 0.0248s | GPU Mem: 0.29GB/3.70GB
Epoch: 87 [200/391] Loss: 0.1614 | Acc: 95.56% | Time: 0.0270s | GPU Mem: 0.29GB/3.70GB
Epoch: 87 [300/391] Loss: 0.1714 | Acc: 95.30% | Time: 0.0258s | GPU Mem: 0.29GB/3.70GB

训练 - Loss: 0.1663, Acc: 95.02%
测试 - Loss: 1.3160, Acc: 69.07%
学习率: 0.010000, 时间: 19.53s
GPU内存使用:
  GPU 1 - 已分配: 0.29GB, 已保留: 3.70GB

============================================================
Epoch 89/100
============================================================
Epoch: 88 [0/391] Loss: 0.2259 | Acc: 92.97% | Time: 0.0296s | GPU Mem: 0.29GB/3.70GB
Epoch: 88 [100/391] Loss: 0.1205 | Acc: 96.00% | Time: 0.0249s | GPU Mem: 0.29GB/3.70GB
Epoch: 88 [200/391] Loss: 0.2511 | Acc: 95.79% | Time: 0.0244s | GPU Mem: 0.29GB/3.70GB
Epoch: 88 [300/391] Loss: 0.2600 | Acc: 95.59% | Time: 0.0200s | GPU Mem: 0.29GB/3.70GB

训练 - Loss: 0.1608, Acc: 95.33%
测试 - Loss: 1.3059, Acc: 69.88%
学习率: 0.010000, 时间: 19.41s
GPU内存使用:
  GPU 1 - 已分配: 0.29GB, 已保留: 3.70GB

============================================================
Epoch 90/100
============================================================
Epoch: 89 [0/391] Loss: 0.1652 | Acc: 93.75% | Time: 0.0285s | GPU Mem: 0.29GB/3.70GB
Epoch: 89 [100/391] Loss: 0.1099 | Acc: 95.57% | Time: 0.0268s | GPU Mem: 0.29GB/3.70GB
Epoch: 89 [200/391] Loss: 0.1649 | Acc: 95.72% | Time: 0.0320s | GPU Mem: 0.29GB/3.70GB
Epoch: 89 [300/391] Loss: 0.1609 | Acc: 95.51% | Time: 0.0250s | GPU Mem: 0.29GB/3.70GB

训练 - Loss: 0.1603, Acc: 95.23%
测试 - Loss: 1.2922, Acc: 70.35%
学习率: 0.010000, 时间: 19.52s
GPU内存使用:
  GPU 1 - 已分配: 0.29GB, 已保留: 3.70GB
保存checkpoint到: ./checkpoints/checkpoint_epoch_90.pth

============================================================
Epoch 91/100
============================================================
Epoch: 90 [0/391] Loss: 0.1593 | Acc: 94.53% | Time: 0.0348s | GPU Mem: 0.29GB/3.70GB
Epoch: 90 [100/391] Loss: 0.1517 | Acc: 95.73% | Time: 0.0259s | GPU Mem: 0.29GB/3.70GB
Epoch: 90 [200/391] Loss: 0.1595 | Acc: 95.84% | Time: 0.0261s | GPU Mem: 0.29GB/3.70GB
Epoch: 90 [300/391] Loss: 0.1558 | Acc: 95.76% | Time: 0.0253s | GPU Mem: 0.29GB/3.70GB

训练 - Loss: 0.1514, Acc: 95.65%
测试 - Loss: 1.2918, Acc: 70.36%
学习率: 0.010000, 时间: 19.51s
GPU内存使用:
  GPU 1 - 已分配: 0.29GB, 已保留: 3.70GB

============================================================
Epoch 92/100
============================================================
Epoch: 91 [0/391] Loss: 0.1172 | Acc: 96.88% | Time: 0.0359s | GPU Mem: 0.29GB/3.70GB
Epoch: 91 [100/391] Loss: 0.1430 | Acc: 95.72% | Time: 0.0270s | GPU Mem: 0.29GB/3.70GB
Epoch: 91 [200/391] Loss: 0.1722 | Acc: 95.69% | Time: 0.0254s | GPU Mem: 0.29GB/3.70GB
Epoch: 91 [300/391] Loss: 0.1905 | Acc: 95.39% | Time: 0.0186s | GPU Mem: 0.29GB/3.70GB

训练 - Loss: 0.1598, Acc: 95.25%
测试 - Loss: 1.2480, Acc: 70.89%
学习率: 0.010000, 时间: 19.45s
GPU内存使用:
  GPU 1 - 已分配: 0.29GB, 已保留: 3.70GB

============================================================
Epoch 93/100
============================================================
Epoch: 92 [0/391] Loss: 0.1316 | Acc: 96.88% | Time: 0.0349s | GPU Mem: 0.29GB/3.70GB
Epoch: 92 [100/391] Loss: 0.1623 | Acc: 96.03% | Time: 0.0265s | GPU Mem: 0.29GB/3.70GB
Epoch: 92 [200/391] Loss: 0.1787 | Acc: 96.01% | Time: 0.0288s | GPU Mem: 0.29GB/3.70GB
Epoch: 92 [300/391] Loss: 0.2401 | Acc: 95.75% | Time: 0.0246s | GPU Mem: 0.29GB/3.70GB

训练 - Loss: 0.1544, Acc: 95.53%
测试 - Loss: 1.3285, Acc: 69.62%
学习率: 0.010000, 时间: 19.45s
GPU内存使用:
  GPU 1 - 已分配: 0.29GB, 已保留: 3.70GB

============================================================
Epoch 94/100
============================================================
Epoch: 93 [0/391] Loss: 0.1270 | Acc: 95.31% | Time: 0.0332s | GPU Mem: 0.29GB/3.70GB
Epoch: 93 [100/391] Loss: 0.1886 | Acc: 95.87% | Time: 0.0267s | GPU Mem: 0.29GB/3.70GB
Epoch: 93 [200/391] Loss: 0.1629 | Acc: 95.64% | Time: 0.0237s | GPU Mem: 0.29GB/3.70GB
Epoch: 93 [300/391] Loss: 0.1660 | Acc: 95.48% | Time: 0.0238s | GPU Mem: 0.29GB/3.70GB

训练 - Loss: 0.1550, Acc: 95.33%
测试 - Loss: 1.2944, Acc: 70.73%
学习率: 0.010000, 时间: 19.46s
GPU内存使用:
  GPU 1 - 已分配: 0.29GB, 已保留: 3.70GB

============================================================
Epoch 95/100
============================================================
Epoch: 94 [0/391] Loss: 0.1463 | Acc: 96.09% | Time: 0.0367s | GPU Mem: 0.29GB/3.70GB
Epoch: 94 [100/391] Loss: 0.1460 | Acc: 96.23% | Time: 0.0313s | GPU Mem: 0.29GB/3.70GB
Epoch: 94 [200/391] Loss: 0.0841 | Acc: 95.90% | Time: 0.0283s | GPU Mem: 0.29GB/3.70GB
Epoch: 94 [300/391] Loss: 0.1854 | Acc: 95.82% | Time: 0.0337s | GPU Mem: 0.29GB/3.70GB

训练 - Loss: 0.1521, Acc: 95.66%
测试 - Loss: 1.2845, Acc: 70.57%
学习率: 0.010000, 时间: 19.48s
GPU内存使用:
  GPU 1 - 已分配: 0.29GB, 已保留: 3.70GB

============================================================
Epoch 96/100
============================================================
Epoch: 95 [0/391] Loss: 0.0911 | Acc: 97.66% | Time: 0.0300s | GPU Mem: 0.29GB/3.70GB
Epoch: 95 [100/391] Loss: 0.1201 | Acc: 96.01% | Time: 0.0264s | GPU Mem: 0.29GB/3.70GB
Epoch: 95 [200/391] Loss: 0.1163 | Acc: 95.95% | Time: 0.0253s | GPU Mem: 0.29GB/3.70GB
Epoch: 95 [300/391] Loss: 0.1707 | Acc: 95.68% | Time: 0.0257s | GPU Mem: 0.29GB/3.70GB

训练 - Loss: 0.1541, Acc: 95.50%
测试 - Loss: 1.3611, Acc: 69.07%
学习率: 0.010000, 时间: 19.48s
GPU内存使用:
  GPU 1 - 已分配: 0.29GB, 已保留: 3.70GB

============================================================
Epoch 97/100
============================================================
Epoch: 96 [0/391] Loss: 0.1944 | Acc: 93.75% | Time: 0.0227s | GPU Mem: 0.29GB/3.70GB
Epoch: 96 [100/391] Loss: 0.1683 | Acc: 95.88% | Time: 0.0244s | GPU Mem: 0.29GB/3.70GB
Epoch: 96 [200/391] Loss: 0.1277 | Acc: 95.86% | Time: 0.0248s | GPU Mem: 0.29GB/3.70GB
Epoch: 96 [300/391] Loss: 0.1910 | Acc: 95.59% | Time: 0.0250s | GPU Mem: 0.29GB/3.70GB

训练 - Loss: 0.1588, Acc: 95.28%
测试 - Loss: 1.3122, Acc: 69.92%
学习率: 0.010000, 时间: 19.39s
GPU内存使用:
  GPU 1 - 已分配: 0.29GB, 已保留: 3.70GB

============================================================
Epoch 98/100
============================================================
Epoch: 97 [0/391] Loss: 0.2577 | Acc: 92.19% | Time: 0.0342s | GPU Mem: 0.29GB/3.70GB
Epoch: 97 [100/391] Loss: 0.1519 | Acc: 95.57% | Time: 0.0327s | GPU Mem: 0.29GB/3.70GB
Epoch: 97 [200/391] Loss: 0.2176 | Acc: 95.80% | Time: 0.0252s | GPU Mem: 0.29GB/3.70GB
Epoch: 97 [300/391] Loss: 0.2330 | Acc: 95.51% | Time: 0.0241s | GPU Mem: 0.29GB/3.70GB

训练 - Loss: 0.1646, Acc: 95.23%
测试 - Loss: 1.3141, Acc: 69.77%
学习率: 0.010000, 时间: 19.47s
GPU内存使用:
  GPU 1 - 已分配: 0.29GB, 已保留: 3.70GB

============================================================
Epoch 99/100
============================================================
Epoch: 98 [0/391] Loss: 0.1216 | Acc: 97.66% | Time: 0.0344s | GPU Mem: 0.29GB/3.70GB
Epoch: 98 [100/391] Loss: 0.1724 | Acc: 95.40% | Time: 0.0257s | GPU Mem: 0.29GB/3.70GB
Epoch: 98 [200/391] Loss: 0.1372 | Acc: 95.52% | Time: 0.0272s | GPU Mem: 0.29GB/3.70GB
Epoch: 98 [300/391] Loss: 0.1713 | Acc: 95.46% | Time: 0.0280s | GPU Mem: 0.29GB/3.70GB

训练 - Loss: 0.1638, Acc: 95.13%
测试 - Loss: 1.3283, Acc: 69.51%
学习率: 0.010000, 时间: 19.54s
GPU内存使用:
  GPU 1 - 已分配: 0.29GB, 已保留: 3.70GB

============================================================
Epoch 100/100
============================================================
Epoch: 99 [0/391] Loss: 0.1602 | Acc: 95.31% | Time: 0.0349s | GPU Mem: 0.29GB/3.70GB
Epoch: 99 [100/391] Loss: 0.1197 | Acc: 95.60% | Time: 0.0254s | GPU Mem: 0.29GB/3.70GB
Epoch: 99 [200/391] Loss: 0.1571 | Acc: 95.73% | Time: 0.0262s | GPU Mem: 0.29GB/3.70GB
Epoch: 99 [300/391] Loss: 0.2855 | Acc: 95.47% | Time: 0.0213s | GPU Mem: 0.29GB/3.70GB

训练 - Loss: 0.1619, Acc: 95.23%
测试 - Loss: 1.2576, Acc: 70.08%
学习率: 0.001000, 时间: 19.44s
GPU内存使用:
  GPU 1 - 已分配: 0.29GB, 已保留: 3.70GB
保存checkpoint到: ./checkpoints/checkpoint_epoch_100.pth

============================================================
训练完成!
============================================================
总时间: 2151.32秒 (35.86分钟)
平均每epoch: 21.51秒
最佳测试准确率: 73.79%
保存最终模型到: ./experiments/group_1_training_mode_and_hardware_configuration_comparison/checkpoints/single_resnet50_bs128_gpu1_nw2_chunks0.pth

训练完成!
